dg jun 3 19:08:51 CEST 2018
    [1;34mTry max length:[0m 999999
    [1;34m    At iteration:[0m 0
        lingeling found a solution in .940 ms

       | W
     L | 0 1 2 3 
    ------------
     0 | 2 2 2 . 
     1 | 2 2 2 . 
     2 | 2 2 2 . 
     3 | . 1 1 1 
     4 | . 1 1 1 
     5 | . 1 1 1 
     6 | . 3 3 3 
     7 | . 3 3 3 
     8 | . 3 3 3 
     9 | . 4 4 4 
    10 | . 4 4 4 
    11 | . 4 4 4 
    12 | . 4 4 4 
    13 | . 4 4 4 
    14 | . 4 4 4 
    15 | . 4 4 4 
    16 | . 4 4 4 
    17 | . 4 4 4 
    18 | . 4 4 4 
    19 | 6 6 6 . 
    20 | 6 6 6 . 
    21 | 6 6 6 . 
    22 | 6 6 6 . 
    23 | 6 6 6 . 
    24 | 6 6 6 . 
    25 | 6 6 6 . 
    26 | 6 6 6 . 
    27 | 6 6 6 . 
    28 | 6 6 6 . 
    29 | . 7 7 7 
    30 | . 7 7 7 
    31 | . 7 7 7 
    32 | . 7 7 7 
    33 | . 7 7 7 
    34 | . 7 7 7 
    35 | . 7 7 7 
    36 | . 7 7 7 
    37 | . 7 7 7 
    38 | . 7 7 7 
    39 | 5 5 5 . 
    40 | 5 5 5 . 
    41 | 5 5 5 . 
    42 | 5 5 5 . 
    43 | 5 5 5 . 
    44 | 5 5 5 . 
    45 | 5 5 5 . 
    46 | 5 5 5 . 
    47 | 5 5 5 . 
    48 | 5 5 5 . 
    49 | 8 8 8 . 
    50 | 8 8 8 . 
    51 | 8 8 8 . 
    52 | 8 8 8 . 
    53 | 8 8 8 . 
    54 | 8 8 8 . 
    55 | 8 8 8 . 
    56 | 8 8 8 . 
    57 | 8 8 8 . 
    58 | 8 8 8 . 
    
    Boxes' corners:      (w,l)
        Box 1 is at 
            top left     (1,3)
            bottom right (3,5)
    
        Box 2 is at 
            top left     (0,0)
            bottom right (2,2)
    
        Box 3 is at 
            top left     (1,6)
            bottom right (3,8)
    
        Box 4 is at 
            top left     (1,9)
            bottom right (3,18)
    
        Box 5 is at 
            top left     (0,39)
            bottom right (2,48)
    
        Box 6 is at 
            top left     (0,19)
            bottom right (2,28)
    
        Box 7 is at 
            top left     (1,29)
            bottom right (3,38)
    
        Box 8 is at 
            top left     (0,49)
            bottom right (2,58)
    
        Roll length used: 59

    [1;34mTry max length:[0m 58
    [1;34m    At iteration:[0m 1
        [3;31mlingeling was timeout-terminated[0m
        [1;31mScript reached time limit[0m
