dg jun 3 19:45:05 CEST 2018
    [1;34mTry max length:[0m 999999
    [1;34m    At iteration:[0m 0
        lingeling found a solution in .677 ms

       | W
     L | 0 1 2 3 4 5 6 7 8 9 10 
    ----------------------------
     0 | . . . . . . . . 7 7  7 
     1 | . . . . . . . . . .  . 
     2 | . . . . . . . . . .  . 
     3 | . . . . . . . . . .  . 
     4 | . . . . . . . . . .  . 
     5 | 6 . . . . . . . . .  . 
     6 | 6 . . . . . . . . .  . 
     7 | 5 . . . . . . . . .  . 
     8 | 5 . . . . . . . . .  . 
     9 | 4 . . . . . . . . .  . 
    10 | 4 . . . . . . . . .  . 
    11 | 2 . . . . . . . . .  3 
    12 | 2 . . . . . . . . .  3 
    13 | 1 . . . . . . . . .  . 
    14 | 1 . . . . . . . . .  . 
    
    Boxes' corners:      (w,l)
        Box 1 is at 
            top left     (0,13)
            bottom right (0,14)
    
        Box 2 is at 
            top left     (0,11)
            bottom right (0,12)
    
        Box 3 is at 
            top left     (10,11)
            bottom right (10,12)
    
        Box 4 is at 
            top left     (0,9)
            bottom right (0,10)
    
        Box 5 is at 
            top left     (0,7)
            bottom right (0,8)
    
        Box 6 is at 
            top left     (0,5)
            bottom right (0,6)
    
        Box 7 is at 
            top left     (8,0)
            bottom right (10,0)
    
        Roll length used: 15

    [1;34mTry max length:[0m 14
    [1;34m    At iteration:[0m 1
        lingeling found a solution in .620 ms

       | W
     L | 0 1 2 3 4 5 6 7 8 9 10 
    ----------------------------
     0 | . . . . . . . . 7 7  7 
     1 | . . . . . . . . . .  . 
     2 | 6 . . . . . . . . .  . 
     3 | 6 . . . . . . . . .  . 
     4 | 5 . . . . . . . . .  . 
     5 | 5 . . . . . . . . .  . 
     6 | 4 . . . . . . . . .  . 
     7 | 4 . . . . . . . . .  . 
     8 | 3 . . . . . . . . .  . 
     9 | 3 . . . . . . . . .  . 
    10 | 2 . . . . . . . . .  . 
    11 | 2 . . . . . . . . .  . 
    12 | 1 . . . . . . . . .  . 
    13 | 1 . . . . . . . . .  . 
    
    Boxes' corners:      (w,l)
        Box 1 is at 
            top left     (0,12)
            bottom right (0,13)
    
        Box 2 is at 
            top left     (0,10)
            bottom right (0,11)
    
        Box 3 is at 
            top left     (0,8)
            bottom right (0,9)
    
        Box 4 is at 
            top left     (0,6)
            bottom right (0,7)
    
        Box 5 is at 
            top left     (0,4)
            bottom right (0,5)
    
        Box 6 is at 
            top left     (0,2)
            bottom right (0,3)
    
        Box 7 is at 
            top left     (8,0)
            bottom right (10,0)
    
        Roll length used: 14

    [1;34mTry max length:[0m 13
    [1;34m    At iteration:[0m 2
        lingeling found a solution in .571 ms

       | W
     L | 0 1 2 3 4 5 6 7 8 9 10 
    ----------------------------
     0 | 6 . . . . . . . 7 7  7 
     1 | 6 . . . . . . . . .  . 
     2 | . . . . . . . . . .  . 
     3 | 5 . . . . . . . . .  . 
     4 | 5 . . . . . . . . .  . 
     5 | 4 . . . . . . . . .  . 
     6 | 4 . . . . . . . . .  . 
     7 | 3 . . . . . . . . .  . 
     8 | 3 . . . . . . . . .  . 
     9 | 2 . . . . . . . . .  . 
    10 | 2 . . . . . . . . .  . 
    11 | 1 . . . . . . . . .  . 
    12 | 1 . . . . . . . . .  . 
    
    Boxes' corners:      (w,l)
        Box 1 is at 
            top left     (0,11)
            bottom right (0,12)
    
        Box 2 is at 
            top left     (0,9)
            bottom right (0,10)
    
        Box 3 is at 
            top left     (0,7)
            bottom right (0,8)
    
        Box 4 is at 
            top left     (0,5)
            bottom right (0,6)
    
        Box 5 is at 
            top left     (0,3)
            bottom right (0,4)
    
        Box 6 is at 
            top left     (0,0)
            bottom right (0,1)
    
        Box 7 is at 
            top left     (8,0)
            bottom right (10,0)
    
        Roll length used: 13

    [1;34mTry max length:[0m 12
    [1;34m    At iteration:[0m 3
        lingeling found a solution in .541 ms

       | W
     L | 0 1 2 3 4 5 6 7 8 9 10 
    ----------------------------
     0 | 6 . . . . 7 7 7 . .  . 
     1 | 6 . . . . . . . . .  . 
     2 | 5 . . . . . . . . .  . 
     3 | 5 . . . . . . . . .  . 
     4 | 4 . . . . . . . . .  . 
     5 | 4 . . . . . . . . .  . 
     6 | 3 . . . . . . . . .  . 
     7 | 3 . . . . . . . . .  . 
     8 | 2 . . . . . . . . .  . 
     9 | 2 . . . . . . . . .  . 
    10 | 1 . . . . . . . . .  . 
    11 | 1 . . . . . . . . .  . 
    
    Boxes' corners:      (w,l)
        Box 1 is at 
            top left     (0,10)
            bottom right (0,11)
    
        Box 2 is at 
            top left     (0,8)
            bottom right (0,9)
    
        Box 3 is at 
            top left     (0,6)
            bottom right (0,7)
    
        Box 4 is at 
            top left     (0,4)
            bottom right (0,5)
    
        Box 5 is at 
            top left     (0,2)
            bottom right (0,3)
    
        Box 6 is at 
            top left     (0,0)
            bottom right (0,1)
    
        Box 7 is at 
            top left     (5,0)
            bottom right (7,0)
    
        Roll length used: 12

    [1;34mTry max length:[0m 11
    [1;34m    At iteration:[0m 4
        lingeling found a solution in .482 ms

       | W
     L | 0 1 2 3 4 5 6 7 8 9 10 
    ----------------------------
     0 | . . . . . . . . . .  . 
     1 | . . . . . . . . . .  . 
     2 | . . . . . . . . . .  . 
     3 | 6 . . . . . . . . .  . 
     4 | 6 . . . . . . . . .  5 
     5 | 4 . . . . . . . . .  5 
     6 | 4 . . . . . . . . .  3 
     7 | 2 . . . . . . . . .  3 
     8 | 2 . . . . . . . . .  7 
     9 | 1 . . . . . . . . .  7 
    10 | 1 . . . . . . . . .  7 
    
    Boxes' corners:      (w,l)
        Box 1 is at 
            top left     (0,9)
            bottom right (0,10)
    
        Box 2 is at 
            top left     (0,7)
            bottom right (0,8)
    
        Box 3 is at 
            top left     (10,6)
            bottom right (10,7)
    
        Box 4 is at 
            top left     (0,5)
            bottom right (0,6)
    
        Box 5 is at 
            top left     (10,4)
            bottom right (10,5)
    
        Box 6 is at 
            top left     (0,3)
            bottom right (0,4)
    
        Box 7 is at 
            top left     (10,8)
            bottom right (10,10)
    
        Roll length used: 11

    [1;34mTry max length:[0m 10
    [1;34m    At iteration:[0m 5
        lingeling found a solution in .569 ms

       | W
     L | 0 1 2 3 4 5 6 7 8 9 10 
    ----------------------------
     0 | . . . . . . . . . .  . 
     1 | . . . . . . . . . .  . 
     2 | 6 . . . . . . . . .  . 
     3 | 6 . . . . . . . . .  5 
     4 | 4 . . . . . . . . .  5 
     5 | 4 . . . . . . . . .  3 
     6 | 2 . . . . . . . . .  3 
     7 | 2 . . . . . . . . .  7 
     8 | 1 . . . . . . . . .  7 
     9 | 1 . . . . . . . . .  7 
    
    Boxes' corners:      (w,l)
        Box 1 is at 
            top left     (0,8)
            bottom right (0,9)
    
        Box 2 is at 
            top left     (0,6)
            bottom right (0,7)
    
        Box 3 is at 
            top left     (10,5)
            bottom right (10,6)
    
        Box 4 is at 
            top left     (0,4)
            bottom right (0,5)
    
        Box 5 is at 
            top left     (10,3)
            bottom right (10,4)
    
        Box 6 is at 
            top left     (0,2)
            bottom right (0,3)
    
        Box 7 is at 
            top left     (10,7)
            bottom right (10,9)
    
        Roll length used: 10

    [1;34mTry max length:[0m 9
    [1;34m    At iteration:[0m 6
        lingeling found a solution in .506 ms

      | W
    L | 0 1 2 3 4 5 6 7 8 9 10 
    ----------------------------
    0 | . . . . . . . . . .  6 
    1 | . . . . . . . . . .  6 
    2 | . . . . . . . . . .  5 
    3 | 4 . . . . . . . . .  5 
    4 | 4 . . . . . . . . .  3 
    5 | 2 . . . . . . . . .  3 
    6 | 2 . . . . . . . . .  7 
    7 | 1 . . . . . . . . .  7 
    8 | 1 . . . . . . . . .  7 
    
    Boxes' corners:      (w,l)
        Box 1 is at 
            top left     (0,7)
            bottom right (0,8)
    
        Box 2 is at 
            top left     (0,5)
            bottom right (0,6)
    
        Box 3 is at 
            top left     (10,4)
            bottom right (10,5)
    
        Box 4 is at 
            top left     (0,3)
            bottom right (0,4)
    
        Box 5 is at 
            top left     (10,2)
            bottom right (10,3)
    
        Box 6 is at 
            top left     (10,0)
            bottom right (10,1)
    
        Box 7 is at 
            top left     (10,6)
            bottom right (10,8)
    
        Roll length used: 9

    [1;34mTry max length:[0m 8
    [1;34m    At iteration:[0m 7
        lingeling found a solution in .433 ms

      | W
    L | 0 1 2 3 4 5 6 7 8 9 10 
    ----------------------------
    0 | 6 . . . . . . . . .  5 
    1 | 6 . . . . . . . . .  5 
    2 | 4 . . . . . . . . .  . 
    3 | 4 . . . . . . . . .  3 
    4 | 2 . . . . . . . . .  3 
    5 | 2 . . . . . . . . .  7 
    6 | 1 . . . . . . . . .  7 
    7 | 1 . . . . . . . . .  7 
    
    Boxes' corners:      (w,l)
        Box 1 is at 
            top left     (0,6)
            bottom right (0,7)
    
        Box 2 is at 
            top left     (0,4)
            bottom right (0,5)
    
        Box 3 is at 
            top left     (10,3)
            bottom right (10,4)
    
        Box 4 is at 
            top left     (0,2)
            bottom right (0,3)
    
        Box 5 is at 
            top left     (10,0)
            bottom right (10,1)
    
        Box 6 is at 
            top left     (0,0)
            bottom right (0,1)
    
        Box 7 is at 
            top left     (10,5)
            bottom right (10,7)
    
        Roll length used: 8

    [1;34mTry max length:[0m 7
    [1;34m    At iteration:[0m 8
        lingeling found a solution in .365 ms

      | W
    L | 0 1 2 3 4 5 6 7 8 9 10 
    ----------------------------
    0 | 5 . . . . . . . . .  6 
    1 | 5 . . . . . . . . .  6 
    2 | 2 . . . . . . . . .  4 
    3 | 2 . . . . . . . . .  4 
    4 | . . . . . . . . . .  7 
    5 | 1 . . . . . . . . .  7 
    6 | 1 . . . 3 3 . . . .  7 
    
    Boxes' corners:      (w,l)
        Box 1 is at 
            top left     (0,5)
            bottom right (0,6)
    
        Box 2 is at 
            top left     (0,2)
            bottom right (0,3)
    
        Box 3 is at 
            top left     (4,6)
            bottom right (5,6)
    
        Box 4 is at 
            top left     (10,2)
            bottom right (10,3)
    
        Box 5 is at 
            top left     (0,0)
            bottom right (0,1)
    
        Box 6 is at 
            top left     (10,0)
            bottom right (10,1)
    
        Box 7 is at 
            top left     (10,4)
            bottom right (10,6)
    
        Roll length used: 7

    [1;34mTry max length:[0m 6
    [1;34m    At iteration:[0m 9
        lingeling found a solution in .240 ms

      | W
    L | 0 1 2 3 4 5 6 7 8 9 10 
    ----------------------------
    0 | 4 2 . . . . . . . .  3 
    1 | 4 2 . . . . . . . .  3 
    2 | 6 1 . . . . . . . .  5 
    3 | 6 1 . . . . . . . 7  5 
    4 | . . . . . . . . . 7  . 
    5 | . . . . . . . . . 7  . 
    
    Boxes' corners:      (w,l)
        Box 1 is at 
            top left     (1,2)
            bottom right (1,3)
    
        Box 2 is at 
            top left     (1,0)
            bottom right (1,1)
    
        Box 3 is at 
            top left     (10,0)
            bottom right (10,1)
    
        Box 4 is at 
            top left     (0,0)
            bottom right (0,1)
    
        Box 5 is at 
            top left     (10,2)
            bottom right (10,3)
    
        Box 6 is at 
            top left     (0,2)
            bottom right (0,3)
    
        Box 7 is at 
            top left     (9,3)
            bottom right (9,5)
    
        Roll length used: 6

    [1;34mTry max length:[0m 5
    [1;34m    At iteration:[0m 10
        lingeling found a solution in .198 ms

      | W
    L | 0 1 2 3 4 5 6 7 8 9 10 
    ----------------------------
    0 | 1 . . . . . . 4 . .  5 
    1 | 1 . . . . . . 4 . .  5 
    2 | . . . . . . . . . .  7 
    3 | 6 . . . . . . . . .  7 
    4 | 6 2 2 . 3 3 . . . .  7 
    
    Boxes' corners:      (w,l)
        Box 1 is at 
            top left     (0,0)
            bottom right (0,1)
    
        Box 2 is at 
            top left     (1,4)
            bottom right (2,4)
    
        Box 3 is at 
            top left     (4,4)
            bottom right (5,4)
    
        Box 4 is at 
            top left     (7,0)
            bottom right (7,1)
    
        Box 5 is at 
            top left     (10,0)
            bottom right (10,1)
    
        Box 6 is at 
            top left     (0,3)
            bottom right (0,4)
    
        Box 7 is at 
            top left     (10,2)
            bottom right (10,4)
    
        Roll length used: 5

    [1;34mTry max length:[0m 4
    [1;34m    At iteration:[0m 11
        lingeling found a solution in .155 ms

      | W
    L | 0 1 2 3 4 5 6 7 8 9 10 
    ----------------------------
    0 | 3 6 . . . . . . . 7  2 
    1 | 3 6 . . . . . . . 7  2 
    2 | 1 . . . . . . . . 7  5 
    3 | 1 . . . . . . 4 4 .  5 
    
    Boxes' corners:      (w,l)
        Box 1 is at 
            top left     (0,2)
            bottom right (0,3)
    
        Box 2 is at 
            top left     (10,0)
            bottom right (10,1)
    
        Box 3 is at 
            top left     (0,0)
            bottom right (0,1)
    
        Box 4 is at 
            top left     (7,3)
            bottom right (8,3)
    
        Box 5 is at 
            top left     (10,2)
            bottom right (10,3)
    
        Box 6 is at 
            top left     (1,0)
            bottom right (1,1)
    
        Box 7 is at 
            top left     (9,0)
            bottom right (9,2)
    
        Roll length used: 4

    [1;34mTry max length:[0m 3
    [1;34m    At iteration:[0m 12
        lingeling found a solution in .112 ms

      | W
    L | 0 1 2 3 4 5 6 7 8 9 10 
    ----------------------------
    0 | 2 . . . . . . 6 7 3  1 
    1 | 2 4 . . . 5 . 6 7 3  1 
    2 | . 4 . . . 5 . . 7 .  . 
    
    Boxes' corners:      (w,l)
        Box 1 is at 
            top left     (10,0)
            bottom right (10,1)
    
        Box 2 is at 
            top left     (0,0)
            bottom right (0,1)
    
        Box 3 is at 
            top left     (9,0)
            bottom right (9,1)
    
        Box 4 is at 
            top left     (1,1)
            bottom right (1,2)
    
        Box 5 is at 
            top left     (5,1)
            bottom right (5,2)
    
        Box 6 is at 
            top left     (7,0)
            bottom right (7,1)
    
        Box 7 is at 
            top left     (8,0)
            bottom right (8,2)
    
        Roll length used: 3

    [1;34mTry max length:[0m 2
    [1;34m    At iteration:[0m 13
        lingeling found a solution in .064 ms

      | W
    L | 0 1 2 3 4 5 6 7 8 9 10 
    ----------------------------
    0 | 6 6 . 5 5 3 3 2 2 1  1 
    1 | . . . . . . 4 4 7 7  7 
    
    Boxes' corners:      (w,l)
        Box 1 is at 
            top left     (9,0)
            bottom right (10,0)
    
        Box 2 is at 
            top left     (7,0)
            bottom right (8,0)
    
        Box 3 is at 
            top left     (5,0)
            bottom right (6,0)
    
        Box 4 is at 
            top left     (6,1)
            bottom right (7,1)
    
        Box 5 is at 
            top left     (3,0)
            bottom right (4,0)
    
        Box 6 is at 
            top left     (0,0)
            bottom right (1,0)
    
        Box 7 is at 
            top left     (8,1)
            bottom right (10,1)
    
        Roll length used: 2

    [1;34mTry max length:[0m 1
    [1;34m    At iteration:[0m 14
        [3;31mlingeling determined unsatisfiability of the Boolean formula[0m
        [1;32mOptimality reached![0m
