dg jun 3 19:46:15 CEST 2018
    [1;34mTry max length:[0m 999999
    [1;34m    At iteration:[0m 0
        lingeling found a solution in .781 ms

       | W
     L | 0 1 2 3 4 5 6 7 8 9 10 
    ----------------------------
     0 | . . . . . . . . . .  . 
     1 | . . . . . . . . . .  . 
     2 | . . . . . . . . . .  . 
     3 | . . . . . . . . . .  . 
     4 | . . . . . . . . . .  . 
     5 | . . . . . . . . . .  . 
     6 | . . . . . . . . . .  . 
     7 | . . . . . . . . . .  . 
     8 | . . . . . . . . . .  . 
     9 | . . . . . . . . . .  . 
    10 | . . . . . . . . 5 .  . 
    11 | . . . . . . . . . .  . 
    12 | 6 4 9 9 9 8 8 8 7 7  7 
    13 | 3 2 9 9 9 8 8 8 7 7  7 
    14 | . 1 9 9 9 8 8 8 7 7  7 
    
    Boxes' corners:      (w,l)
        Box 1 is at 
            top left     (1,14)
            bottom right (1,14)
    
        Box 2 is at 
            top left     (1,13)
            bottom right (1,13)
    
        Box 3 is at 
            top left     (0,13)
            bottom right (0,13)
    
        Box 4 is at 
            top left     (1,12)
            bottom right (1,12)
    
        Box 5 is at 
            top left     (8,10)
            bottom right (8,10)
    
        Box 6 is at 
            top left     (0,12)
            bottom right (0,12)
    
        Box 7 is at 
            top left     (8,12)
            bottom right (10,14)
    
        Box 8 is at 
            top left     (5,12)
            bottom right (7,14)
    
        Box 9 is at 
            top left     (2,12)
            bottom right (4,14)
    
        Roll length used: 15

    [1;34mTry max length:[0m 14
    [1;34m    At iteration:[0m 1
        lingeling found a solution in .714 ms

       | W
     L | 0 1 2 3 4 5 6 7 8 9 10 
    ----------------------------
     0 | . . . . . . . . . .  . 
     1 | . . . . . . . . . .  . 
     2 | . . . . . . . . . .  . 
     3 | . . . . . . . . . .  . 
     4 | . . . . . . . . . .  . 
     5 | . . . . . . . . . .  . 
     6 | . . . . . . . . . .  . 
     7 | . . . . . . . . . .  . 
     8 | . . . . . . . . . .  . 
     9 | . . . . . . . . . .  . 
    10 | . . . . . 5 . . . .  . 
    11 | 4 9 9 9 6 8 8 8 7 7  7 
    12 | 3 9 9 9 2 8 8 8 7 7  7 
    13 | . 9 9 9 1 8 8 8 7 7  7 
    
    Boxes' corners:      (w,l)
        Box 1 is at 
            top left     (4,13)
            bottom right (4,13)
    
        Box 2 is at 
            top left     (4,12)
            bottom right (4,12)
    
        Box 3 is at 
            top left     (0,12)
            bottom right (0,12)
    
        Box 4 is at 
            top left     (0,11)
            bottom right (0,11)
    
        Box 5 is at 
            top left     (5,10)
            bottom right (5,10)
    
        Box 6 is at 
            top left     (4,11)
            bottom right (4,11)
    
        Box 7 is at 
            top left     (8,11)
            bottom right (10,13)
    
        Box 8 is at 
            top left     (5,11)
            bottom right (7,13)
    
        Box 9 is at 
            top left     (1,11)
            bottom right (3,13)
    
        Roll length used: 14

    [1;34mTry max length:[0m 13
    [1;34m    At iteration:[0m 2
        lingeling found a solution in .630 ms

       | W
     L | 0 1 2 3 4 5 6 7 8 9 10 
    ----------------------------
     0 | . . . . . . . . . .  . 
     1 | . . . . . . . . . .  . 
     2 | . . . . . . . . . .  . 
     3 | . . . . . . . . . .  . 
     4 | . . . . . . . . . .  . 
     5 | . . . . . . . . . .  . 
     6 | . . . . . . . . . .  . 
     7 | . . . . . . . . . .  . 
     8 | . . . . . . . . . .  . 
     9 | . . . . . . . . . .  . 
    10 | 9 9 9 6 5 8 8 8 7 7  7 
    11 | 9 9 9 4 3 8 8 8 7 7  7 
    12 | 9 9 9 2 1 8 8 8 7 7  7 
    
    Boxes' corners:      (w,l)
        Box 1 is at 
            top left     (4,12)
            bottom right (4,12)
    
        Box 2 is at 
            top left     (3,12)
            bottom right (3,12)
    
        Box 3 is at 
            top left     (4,11)
            bottom right (4,11)
    
        Box 4 is at 
            top left     (3,11)
            bottom right (3,11)
    
        Box 5 is at 
            top left     (4,10)
            bottom right (4,10)
    
        Box 6 is at 
            top left     (3,10)
            bottom right (3,10)
    
        Box 7 is at 
            top left     (8,10)
            bottom right (10,12)
    
        Box 8 is at 
            top left     (5,10)
            bottom right (7,12)
    
        Box 9 is at 
            top left     (0,10)
            bottom right (2,12)
    
        Roll length used: 13

    [1;34mTry max length:[0m 12
    [1;34m    At iteration:[0m 3
        lingeling found a solution in .577 ms

       | W
     L | 0 1 2 3 4 5 6 7 8 9 10 
    ----------------------------
     0 | . . . . . . . . . .  . 
     1 | . . . . . . . . . .  . 
     2 | . . . . . . . . . .  . 
     3 | . . . . . . . . . .  . 
     4 | . . . . . . . . . .  . 
     5 | . . . . . . . . . .  . 
     6 | . . . . . . . . . .  . 
     7 | . . . . . . . . . .  . 
     8 | . . . . . . . . . 5  . 
     9 | 4 9 9 9 3 8 8 8 7 7  7 
    10 | 2 9 9 9 6 8 8 8 7 7  7 
    11 | . 9 9 9 1 8 8 8 7 7  7 
    
    Boxes' corners:      (w,l)
        Box 1 is at 
            top left     (4,11)
            bottom right (4,11)
    
        Box 2 is at 
            top left     (0,10)
            bottom right (0,10)
    
        Box 3 is at 
            top left     (4,9)
            bottom right (4,9)
    
        Box 4 is at 
            top left     (0,9)
            bottom right (0,9)
    
        Box 5 is at 
            top left     (9,8)
            bottom right (9,8)
    
        Box 6 is at 
            top left     (4,10)
            bottom right (4,10)
    
        Box 7 is at 
            top left     (8,9)
            bottom right (10,11)
    
        Box 8 is at 
            top left     (5,9)
            bottom right (7,11)
    
        Box 9 is at 
            top left     (1,9)
            bottom right (3,11)
    
        Roll length used: 12

    [1;34mTry max length:[0m 11
    [1;34m    At iteration:[0m 4
        lingeling found a solution in .460 ms

       | W
     L | 0 1 2 3 4 5 6 7 8 9 10 
    ----------------------------
     0 | . . . . . . . . . .  . 
     1 | . . . . . . . . . .  . 
     2 | . . . . . . . . . .  . 
     3 | . . . . . . . . . .  . 
     4 | . . . . . . . . . .  . 
     5 | . . . . . . . . . .  . 
     6 | . . . . . . . . . .  . 
     7 | . . . . . . . . 5 .  . 
     8 | 9 9 9 4 3 8 8 8 7 7  7 
     9 | 9 9 9 . 6 8 8 8 7 7  7 
    10 | 9 9 9 2 1 8 8 8 7 7  7 
    
    Boxes' corners:      (w,l)
        Box 1 is at 
            top left     (4,10)
            bottom right (4,10)
    
        Box 2 is at 
            top left     (3,10)
            bottom right (3,10)
    
        Box 3 is at 
            top left     (4,8)
            bottom right (4,8)
    
        Box 4 is at 
            top left     (3,8)
            bottom right (3,8)
    
        Box 5 is at 
            top left     (8,7)
            bottom right (8,7)
    
        Box 6 is at 
            top left     (4,9)
            bottom right (4,9)
    
        Box 7 is at 
            top left     (8,8)
            bottom right (10,10)
    
        Box 8 is at 
            top left     (5,8)
            bottom right (7,10)
    
        Box 9 is at 
            top left     (0,8)
            bottom right (2,10)
    
        Roll length used: 11

    [1;34mTry max length:[0m 10
    [1;34m    At iteration:[0m 5
        lingeling found a solution in .445 ms

       | W
     L | 0 1 2 3 4 5 6 7 8 9 10 
    ----------------------------
     0 | . . . . . . . . . .  . 
     1 | . . . . . . . . . .  . 
     2 | . . . . . . . . . .  . 
     3 | . . . . . . . . . .  . 
     4 | . . . . . . . . . .  . 
     5 | . . . . . . . . . .  . 
     6 | . . . . . . . . 5 .  . 
     7 | 6 9 9 9 4 8 8 8 7 7  7 
     8 | 3 9 9 9 2 8 8 8 7 7  7 
     9 | . 9 9 9 1 8 8 8 7 7  7 
    
    Boxes' corners:      (w,l)
        Box 1 is at 
            top left     (4,9)
            bottom right (4,9)
    
        Box 2 is at 
            top left     (4,8)
            bottom right (4,8)
    
        Box 3 is at 
            top left     (0,8)
            bottom right (0,8)
    
        Box 4 is at 
            top left     (4,7)
            bottom right (4,7)
    
        Box 5 is at 
            top left     (8,6)
            bottom right (8,6)
    
        Box 6 is at 
            top left     (0,7)
            bottom right (0,7)
    
        Box 7 is at 
            top left     (8,7)
            bottom right (10,9)
    
        Box 8 is at 
            top left     (5,7)
            bottom right (7,9)
    
        Box 9 is at 
            top left     (1,7)
            bottom right (3,9)
    
        Roll length used: 10

    [1;34mTry max length:[0m 9
    [1;34m    At iteration:[0m 6
        lingeling found a solution in .346 ms

      | W
    L | 0 1 2 3 4 5 6 7 8 9 10 
    ----------------------------
    0 | . . . . . . . . . .  . 
    1 | . . . . . . . . . .  . 
    2 | . . . . . . . . . .  . 
    3 | . . . . . . . . . .  . 
    4 | . . . . . . . . . .  . 
    5 | . . . . . . . . . .  5 
    6 | 4 6 9 9 9 8 8 8 7 7  7 
    7 | 3 2 9 9 9 8 8 8 7 7  7 
    8 | . 1 9 9 9 8 8 8 7 7  7 
    
    Boxes' corners:      (w,l)
        Box 1 is at 
            top left     (1,8)
            bottom right (1,8)
    
        Box 2 is at 
            top left     (1,7)
            bottom right (1,7)
    
        Box 3 is at 
            top left     (0,7)
            bottom right (0,7)
    
        Box 4 is at 
            top left     (0,6)
            bottom right (0,6)
    
        Box 5 is at 
            top left     (10,5)
            bottom right (10,5)
    
        Box 6 is at 
            top left     (1,6)
            bottom right (1,6)
    
        Box 7 is at 
            top left     (8,6)
            bottom right (10,8)
    
        Box 8 is at 
            top left     (5,6)
            bottom right (7,8)
    
        Box 9 is at 
            top left     (2,6)
            bottom right (4,8)
    
        Roll length used: 9

    [1;34mTry max length:[0m 8
    [1;34m    At iteration:[0m 7
        lingeling found a solution in .339 ms

      | W
    L | 0 1 2 3 4 5 6 7 8 9 10 
    ----------------------------
    0 | . . . 8 8 8 6 . 7 7  7 
    1 | 5 . . 8 8 8 2 3 7 7  7 
    2 | . . . 8 8 8 . . 7 7  7 
    3 | . . . . . . . . . .  . 
    4 | . . . . . . . . . .  . 
    5 | . . . . 9 9 9 . . .  . 
    6 | . . . . 9 9 9 . . .  1 
    7 | . . . . 9 9 9 . . .  4 
    
    Boxes' corners:      (w,l)
        Box 1 is at 
            top left     (10,6)
            bottom right (10,6)
    
        Box 2 is at 
            top left     (6,1)
            bottom right (6,1)
    
        Box 3 is at 
            top left     (7,1)
            bottom right (7,1)
    
        Box 4 is at 
            top left     (10,7)
            bottom right (10,7)
    
        Box 5 is at 
            top left     (0,1)
            bottom right (0,1)
    
        Box 6 is at 
            top left     (6,0)
            bottom right (6,0)
    
        Box 7 is at 
            top left     (8,0)
            bottom right (10,2)
    
        Box 8 is at 
            top left     (3,0)
            bottom right (5,2)
    
        Box 9 is at 
            top left     (4,5)
            bottom right (6,7)
    
        Roll length used: 8

    [1;34mTry max length:[0m 7
    [1;34m    At iteration:[0m 8
        lingeling found a solution in .263 ms

      | W
    L | 0 1 2 3 4 5 6 7 8 9 10 
    ----------------------------
    0 | . . . . . . . 2 . .  . 
    1 | . . . . . . . 5 6 3  . 
    2 | . . . 1 . . . . . .  4 
    3 | . . . . . . . . . .  . 
    4 | . . 9 9 9 8 8 8 7 7  7 
    5 | . . 9 9 9 8 8 8 7 7  7 
    6 | . . 9 9 9 8 8 8 7 7  7 
    
    Boxes' corners:      (w,l)
        Box 1 is at 
            top left     (3,2)
            bottom right (3,2)
    
        Box 2 is at 
            top left     (7,0)
            bottom right (7,0)
    
        Box 3 is at 
            top left     (9,1)
            bottom right (9,1)
    
        Box 4 is at 
            top left     (10,2)
            bottom right (10,2)
    
        Box 5 is at 
            top left     (7,1)
            bottom right (7,1)
    
        Box 6 is at 
            top left     (8,1)
            bottom right (8,1)
    
        Box 7 is at 
            top left     (8,4)
            bottom right (10,6)
    
        Box 8 is at 
            top left     (5,4)
            bottom right (7,6)
    
        Box 9 is at 
            top left     (2,4)
            bottom right (4,6)
    
        Roll length used: 7

    [1;34mTry max length:[0m 6
    [1;34m    At iteration:[0m 9
        lingeling found a solution in .214 ms

      | W
    L | 0 1 2 3 4 5 6 7 8 9 10 
    ----------------------------
    0 | . 5 . . . . . 1 . .  . 
    1 | . . . . . . . . . .  . 
    2 | . . . . 6 . . . . .  . 
    3 | . . 9 9 9 8 8 8 7 7  7 
    4 | 4 3 9 9 9 8 8 8 7 7  7 
    5 | . 2 9 9 9 8 8 8 7 7  7 
    
    Boxes' corners:      (w,l)
        Box 1 is at 
            top left     (7,0)
            bottom right (7,0)
    
        Box 2 is at 
            top left     (1,5)
            bottom right (1,5)
    
        Box 3 is at 
            top left     (1,4)
            bottom right (1,4)
    
        Box 4 is at 
            top left     (0,4)
            bottom right (0,4)
    
        Box 5 is at 
            top left     (1,0)
            bottom right (1,0)
    
        Box 6 is at 
            top left     (4,2)
            bottom right (4,2)
    
        Box 7 is at 
            top left     (8,3)
            bottom right (10,5)
    
        Box 8 is at 
            top left     (5,3)
            bottom right (7,5)
    
        Box 9 is at 
            top left     (2,3)
            bottom right (4,5)
    
        Roll length used: 6

    [1;34mTry max length:[0m 5
    [1;34m    At iteration:[0m 10
        lingeling found a solution in .160 ms

      | W
    L | 0 1 2 3 4 5 6 7 8 9 10 
    ----------------------------
    0 | 9 9 9 1 . 8 8 8 3 .  . 
    1 | 9 9 9 . . 8 8 8 . .  . 
    2 | 9 9 9 . . 8 8 8 7 7  7 
    3 | . . . 5 . . . . 7 7  7 
    4 | . . 2 . . . 6 4 7 7  7 
    
    Boxes' corners:      (w,l)
        Box 1 is at 
            top left     (3,0)
            bottom right (3,0)
    
        Box 2 is at 
            top left     (2,4)
            bottom right (2,4)
    
        Box 3 is at 
            top left     (8,0)
            bottom right (8,0)
    
        Box 4 is at 
            top left     (7,4)
            bottom right (7,4)
    
        Box 5 is at 
            top left     (3,3)
            bottom right (3,3)
    
        Box 6 is at 
            top left     (6,4)
            bottom right (6,4)
    
        Box 7 is at 
            top left     (8,2)
            bottom right (10,4)
    
        Box 8 is at 
            top left     (5,0)
            bottom right (7,2)
    
        Box 9 is at 
            top left     (0,0)
            bottom right (2,2)
    
        Roll length used: 5

    [1;34mTry max length:[0m 4
    [1;34m    At iteration:[0m 11
        lingeling found a solution in .112 ms

      | W
    L | 0 1 2 3 4 5 6 7 8 9 10 
    ----------------------------
    0 | . 5 . 8 8 8 . . . 2  . 
    1 | 9 9 9 8 8 8 7 7 7 .  . 
    2 | 9 9 9 8 8 8 7 7 7 .  . 
    3 | 9 9 9 . 6 1 7 7 7 4  3 
    
    Boxes' corners:      (w,l)
        Box 1 is at 
            top left     (5,3)
            bottom right (5,3)
    
        Box 2 is at 
            top left     (9,0)
            bottom right (9,0)
    
        Box 3 is at 
            top left     (10,3)
            bottom right (10,3)
    
        Box 4 is at 
            top left     (9,3)
            bottom right (9,3)
    
        Box 5 is at 
            top left     (1,0)
            bottom right (1,0)
    
        Box 6 is at 
            top left     (4,3)
            bottom right (4,3)
    
        Box 7 is at 
            top left     (6,1)
            bottom right (8,3)
    
        Box 8 is at 
            top left     (3,0)
            bottom right (5,2)
    
        Box 9 is at 
            top left     (0,1)
            bottom right (2,3)
    
        Roll length used: 4

    [1;34mTry max length:[0m 3
    [1;34m    At iteration:[0m 12
        lingeling found a solution in .095 ms

      | W
    L | 0 1 2 3 4 5 6 7 8 9 10 
    ----------------------------
    0 | 6 7 7 7 9 9 9 8 8 8  4 
    1 | 3 7 7 7 9 9 9 8 8 8  5 
    2 | 1 7 7 7 9 9 9 8 8 8  2 
    
    Boxes' corners:      (w,l)
        Box 1 is at 
            top left     (0,2)
            bottom right (0,2)
    
        Box 2 is at 
            top left     (10,2)
            bottom right (10,2)
    
        Box 3 is at 
            top left     (0,1)
            bottom right (0,1)
    
        Box 4 is at 
            top left     (10,0)
            bottom right (10,0)
    
        Box 5 is at 
            top left     (10,1)
            bottom right (10,1)
    
        Box 6 is at 
            top left     (0,0)
            bottom right (0,0)
    
        Box 7 is at 
            top left     (1,0)
            bottom right (3,2)
    
        Box 8 is at 
            top left     (7,0)
            bottom right (9,2)
    
        Box 9 is at 
            top left     (4,0)
            bottom right (6,2)
    
        Roll length used: 3

    [1;34mTry max length:[0m 2
    [1;34m    At iteration:[0m 13
        [3;31mlingeling determined unsatisfiability of the Boolean formula[0m
        [1;32mOptimality reached![0m
