dg jun 3 19:08:46 CEST 2018
    [1;34mTry max length:[0m 999999
    [1;34m    At iteration:[0m 0
        lingeling found a solution in .048 ms

      | W
    L | 0 1 2 3 
    ------------
    0 | . . . . 
    1 | . . . . 
    2 | . . . 4 
    3 | 1 1 . 5 
    4 | 1 1 . . 
    5 | 1 1 . . 
    6 | 1 1 . . 
    7 | 1 1 . . 
    8 | . 3 2 . 
    
    Boxes' corners:      (w,l)
        Box 1 is at 
            top left     (0,3)
            bottom right (1,7)
    
        Box 2 is at 
            top left     (2,8)
            bottom right (2,8)
    
        Box 3 is at 
            top left     (1,8)
            bottom right (1,8)
    
        Box 4 is at 
            top left     (3,2)
            bottom right (3,2)
    
        Box 5 is at 
            top left     (3,3)
            bottom right (3,3)
    
        Roll length used: 9

    [1;34mTry max length:[0m 8
    [1;34m    At iteration:[0m 1
        lingeling found a solution in .041 ms

      | W
    L | 0 1 2 3 
    ------------
    0 | . . . . 
    1 | 2 . . . 
    2 | . . 3 . 
    3 | . 4 1 1 
    4 | . 5 1 1 
    5 | . . 1 1 
    6 | . . 1 1 
    7 | . . 1 1 
    
    Boxes' corners:      (w,l)
        Box 1 is at 
            top left     (2,3)
            bottom right (3,7)
    
        Box 2 is at 
            top left     (0,1)
            bottom right (0,1)
    
        Box 3 is at 
            top left     (2,2)
            bottom right (2,2)
    
        Box 4 is at 
            top left     (1,3)
            bottom right (1,3)
    
        Box 5 is at 
            top left     (1,4)
            bottom right (1,4)
    
        Roll length used: 8

    [1;34mTry max length:[0m 7
    [1;34m    At iteration:[0m 2
        lingeling found a solution in .034 ms

      | W
    L | 0 1 2 3 
    ------------
    0 | . 1 1 . 
    1 | . 1 1 . 
    2 | . 1 1 . 
    3 | . 1 1 . 
    4 | . 1 1 2 
    5 | . . . 5 
    6 | . 3 . 4 
    
    Boxes' corners:      (w,l)
        Box 1 is at 
            top left     (1,0)
            bottom right (2,4)
    
        Box 2 is at 
            top left     (3,4)
            bottom right (3,4)
    
        Box 3 is at 
            top left     (1,6)
            bottom right (1,6)
    
        Box 4 is at 
            top left     (3,6)
            bottom right (3,6)
    
        Box 5 is at 
            top left     (3,5)
            bottom right (3,5)
    
        Roll length used: 7

    [1;34mTry max length:[0m 6
    [1;34m    At iteration:[0m 3
        lingeling found a solution in .027 ms

      | W
    L | 0 1 2 3 
    ------------
    0 | . . . 4 
    1 | . 1 1 . 
    2 | . 1 1 . 
    3 | . 1 1 . 
    4 | . 1 1 5 
    5 | 2 1 1 3 
    
    Boxes' corners:      (w,l)
        Box 1 is at 
            top left     (1,1)
            bottom right (2,5)
    
        Box 2 is at 
            top left     (0,5)
            bottom right (0,5)
    
        Box 3 is at 
            top left     (3,5)
            bottom right (3,5)
    
        Box 4 is at 
            top left     (3,0)
            bottom right (3,0)
    
        Box 5 is at 
            top left     (3,4)
            bottom right (3,4)
    
        Roll length used: 6

    [1;34mTry max length:[0m 5
    [1;34m    At iteration:[0m 4
        lingeling found a solution in .024 ms

      | W
    L | 0 1 2 3 
    ------------
    0 | 5 1 1 . 
    1 | 2 1 1 . 
    2 | . 1 1 4 
    3 | 3 1 1 . 
    4 | . 1 1 . 
    
    Boxes' corners:      (w,l)
        Box 1 is at 
            top left     (1,0)
            bottom right (2,4)
    
        Box 2 is at 
            top left     (0,1)
            bottom right (0,1)
    
        Box 3 is at 
            top left     (0,3)
            bottom right (0,3)
    
        Box 4 is at 
            top left     (3,2)
            bottom right (3,2)
    
        Box 5 is at 
            top left     (0,0)
            bottom right (0,0)
    
        Roll length used: 5

    [1;34mTry max length:[0m 4
    [1;34m    At iteration:[0m 5
        [3;31mlingeling determined unsatisfiability of the Boolean formula[0m
        [1;32mOptimality reached![0m
