dg jun 3 19:45:14 CEST 2018
    [1;34mTry max length:[0m 999999
    [1;34m    At iteration:[0m 0
        lingeling found a solution in 1.764 ms

       | W
     L | 0 1 2 3 4 5 6 7 8 9 10 
    ----------------------------
     0 | 2 2 2 2 . . . 4 4 4  4 
     1 | 2 2 2 2 . . . 4 4 4  4 
     2 | 2 2 2 2 . . . 4 4 4  4 
     3 | 2 2 2 2 . . . 4 4 4  4 
     4 | . . . . . . . . . .  . 
     5 | . . . . . . . . . .  . 
     6 | . . . . . . . . . .  . 
     7 | . . . . 7 7 7 7 . .  . 
     8 | 6 6 6 6 7 7 7 7 . .  . 
     9 | 6 6 6 6 7 7 7 7 . .  . 
    10 | 6 6 6 6 . . . . . .  . 
    11 | . . . . . . . . . .  . 
    12 | . . . . . . . . . .  . 
    13 | . . . . . . . . . .  . 
    14 | . . . . . . . . . .  . 
    15 | . . . . . . . . . .  . 
    16 | . . . . . . . . . .  . 
    17 | . . . . . . . . . .  . 
    18 | . . . . . . . . . .  . 
    19 | . . . . . . . . . .  . 
    20 | . . . . . . . . . .  . 
    21 | . . . . . 1 1 1 1 .  . 
    22 | . . . . . 1 1 1 1 .  . 
    23 | . . . . . 1 1 1 1 .  . 
    24 | 3 3 3 3 . 1 1 1 1 .  . 
    25 | 3 3 3 3 . . . . . .  . 
    26 | 3 3 3 3 . . . . . .  . 
    27 | 3 3 3 3 . . . . . .  . 
    28 | 5 5 5 5 . . . . . .  . 
    29 | 5 5 5 5 8 8 8 8 . .  . 
    30 | 5 5 5 5 8 8 8 8 . .  . 
    31 | 5 5 5 5 8 8 8 8 . .  . 
    
    Boxes' corners:      (w,l)
        Box 1 is at 
            top left     (5,21)
            bottom right (8,24)
    
        Box 2 is at 
            top left     (0,0)
            bottom right (3,3)
    
        Box 3 is at 
            top left     (0,24)
            bottom right (3,27)
    
        Box 4 is at 
            top left     (7,0)
            bottom right (10,3)
    
        Box 5 is at 
            top left     (0,28)
            bottom right (3,31)
    
        Box 6 is at 
            top left     (0,8)
            bottom right (3,10)
    
        Box 7 is at 
            top left     (4,7)
            bottom right (7,9)
    
        Box 8 is at 
            top left     (4,29)
            bottom right (7,31)
    
        Roll length used: 32

    [1;34mTry max length:[0m 31
    [1;34m    At iteration:[0m 1
        lingeling found a solution in 1.934 ms

       | W
     L | 0 1 2 3 4 5 6 7 8 9 10 
    ----------------------------
     0 | 7 7 7 7 . . 6 6 6 6  . 
     1 | 7 7 7 7 . . 6 6 6 6  . 
     2 | 7 7 7 7 . . 6 6 6 6  . 
     3 | . . . . . . . . . .  . 
     4 | . . . . . . . . . .  . 
     5 | . . . . . . . . . .  . 
     6 | . . . . . . . . . .  . 
     7 | . . . . . . . . . .  . 
     8 | . . . . . . . . . .  . 
     9 | . . 4 4 4 4 . . . .  . 
    10 | . . 4 4 4 4 . . . .  . 
    11 | . . 4 4 4 4 . . . .  . 
    12 | . . 4 4 4 4 . . . .  . 
    13 | . . . . . . . . . .  . 
    14 | . . . . . . . . . .  . 
    15 | . . . . . . . . . .  . 
    16 | . . . . . . . . . .  . 
    17 | . . . . . . . . . .  . 
    18 | . . . . . . . . . .  . 
    19 | . 1 1 1 1 . . . . .  . 
    20 | . 1 1 1 1 . . . . .  . 
    21 | . 1 1 1 1 . . . . .  . 
    22 | . 1 1 1 1 . . . . .  . 
    23 | . 3 3 3 3 2 2 2 2 .  . 
    24 | . 3 3 3 3 2 2 2 2 .  . 
    25 | . 3 3 3 3 2 2 2 2 .  . 
    26 | . 3 3 3 3 2 2 2 2 .  . 
    27 | . 5 5 5 5 . . . . .  . 
    28 | . 5 5 5 5 8 8 8 8 .  . 
    29 | . 5 5 5 5 8 8 8 8 .  . 
    30 | . 5 5 5 5 8 8 8 8 .  . 
    
    Boxes' corners:      (w,l)
        Box 1 is at 
            top left     (1,19)
            bottom right (4,22)
    
        Box 2 is at 
            top left     (5,23)
            bottom right (8,26)
    
        Box 3 is at 
            top left     (1,23)
            bottom right (4,26)
    
        Box 4 is at 
            top left     (2,9)
            bottom right (5,12)
    
        Box 5 is at 
            top left     (1,27)
            bottom right (4,30)
    
        Box 6 is at 
            top left     (6,0)
            bottom right (9,2)
    
        Box 7 is at 
            top left     (0,0)
            bottom right (3,2)
    
        Box 8 is at 
            top left     (5,28)
            bottom right (8,30)
    
        Roll length used: 31

    [1;34mTry max length:[0m 30
    [1;34m    At iteration:[0m 2
        lingeling found a solution in 1.703 ms

       | W
     L | 0 1 2 3 4 5 6 7 8 9 10 
    ----------------------------
     0 | 7 7 7 7 . . . . . .  . 
     1 | 7 7 7 7 . . . . . .  . 
     2 | 7 7 7 7 . . . 5 5 5  5 
     3 | . . . . . . . 5 5 5  5 
     4 | . . . . . . . 5 5 5  5 
     5 | . . . . . . . 5 5 5  5 
     6 | . . . . . . . . . .  . 
     7 | 6 6 6 . . . . . . .  . 
     8 | 6 6 6 . . . . . . .  . 
     9 | 6 6 6 . . . . 3 3 3  3 
    10 | 6 6 6 . . . . 3 3 3  3 
    11 | . . . . . . . 3 3 3  3 
    12 | . . . . . . . 3 3 3  3 
    13 | . . . . . . . . . .  . 
    14 | . . . . . . . . . .  . 
    15 | . . . . . . . . . .  . 
    16 | . . . . . . . . . .  . 
    17 | . . . . . . . . . .  . 
    18 | . . . . . . . 8 8 8  8 
    19 | . . . . . . . 8 8 8  8 
    20 | . . . . . . . 8 8 8  8 
    21 | . . . . . . . . . .  . 
    22 | . . . 1 1 1 1 . . .  . 
    23 | . . . 1 1 1 1 . . .  . 
    24 | . . . 1 1 1 1 . . .  . 
    25 | . . . 1 1 1 1 2 2 2  2 
    26 | . . . 4 4 4 4 2 2 2  2 
    27 | . . . 4 4 4 4 2 2 2  2 
    28 | . . . 4 4 4 4 2 2 2  2 
    29 | . . . 4 4 4 4 . . .  . 
    
    Boxes' corners:      (w,l)
        Box 1 is at 
            top left     (3,22)
            bottom right (6,25)
    
        Box 2 is at 
            top left     (7,25)
            bottom right (10,28)
    
        Box 3 is at 
            top left     (7,9)
            bottom right (10,12)
    
        Box 4 is at 
            top left     (3,26)
            bottom right (6,29)
    
        Box 5 is at 
            top left     (7,2)
            bottom right (10,5)
    
        Box 6 is at 
            top left     (0,7)
            bottom right (2,10)
    
        Box 7 is at 
            top left     (0,0)
            bottom right (3,2)
    
        Box 8 is at 
            top left     (7,18)
            bottom right (10,20)
    
        Roll length used: 30

    [1;34mTry max length:[0m 29
    [1;34m    At iteration:[0m 3
        lingeling found a solution in 1.758 ms

       | W
     L | 0 1 2 3 4 5 6 7 8 9 10 
    ----------------------------
     0 | . . 8 8 8 8 . 7 7 7  7 
     1 | . . 8 8 8 8 . 7 7 7  7 
     2 | . . 8 8 8 8 . 7 7 7  7 
     3 | . . . . . . . . . .  . 
     4 | . . . . . . . . . .  . 
     5 | . . . . . . . . . .  . 
     6 | . . . . . . . . . .  . 
     7 | . . . . . . . . . .  . 
     8 | . . . . . . . . . .  . 
     9 | . . . . . . . . . .  . 
    10 | . . . . . . . . . .  . 
    11 | . . . . . . . . . .  . 
    12 | . . . . . . . . . .  . 
    13 | . . . . . . . . . .  . 
    14 | . . . . . . . . . .  . 
    15 | . 1 1 1 1 . . . . .  . 
    16 | . 1 1 1 1 . . . . .  . 
    17 | . 1 1 1 1 . . . . .  . 
    18 | . 1 1 1 1 6 6 6 6 .  . 
    19 | . . . . . 6 6 6 6 .  . 
    20 | . . . . . 6 6 6 6 .  . 
    21 | . . 2 2 2 2 . 5 5 5  5 
    22 | . . 2 2 2 2 . 5 5 5  5 
    23 | . . 2 2 2 2 . 5 5 5  5 
    24 | . . 2 2 2 2 . 5 5 5  5 
    25 | . 3 3 3 3 . 4 4 4 4  . 
    26 | . 3 3 3 3 . 4 4 4 4  . 
    27 | . 3 3 3 3 . 4 4 4 4  . 
    28 | . 3 3 3 3 . 4 4 4 4  . 
    
    Boxes' corners:      (w,l)
        Box 1 is at 
            top left     (1,15)
            bottom right (4,18)
    
        Box 2 is at 
            top left     (2,21)
            bottom right (5,24)
    
        Box 3 is at 
            top left     (1,25)
            bottom right (4,28)
    
        Box 4 is at 
            top left     (6,25)
            bottom right (9,28)
    
        Box 5 is at 
            top left     (7,21)
            bottom right (10,24)
    
        Box 6 is at 
            top left     (5,18)
            bottom right (8,20)
    
        Box 7 is at 
            top left     (7,0)
            bottom right (10,2)
    
        Box 8 is at 
            top left     (2,0)
            bottom right (5,2)
    
        Roll length used: 29

    [1;34mTry max length:[0m 28
    [1;34m    At iteration:[0m 4
        lingeling found a solution in 2.485 ms

       | W
     L | 0 1 2 3 4 5 6 7 8 9 10 
    ----------------------------
     0 | . . . . . . . . . .  . 
     1 | . . . . . . . 2 2 2  2 
     2 | . . . . . . . 2 2 2  2 
     3 | . . . . . . . 2 2 2  2 
     4 | . . . . . . . 2 2 2  2 
     5 | . . 1 1 1 1 . . . .  . 
     6 | . . 1 1 1 1 . . . .  . 
     7 | . . 1 1 1 1 . . . .  . 
     8 | . . 1 1 1 1 . 7 7 7  7 
     9 | . . . . . . . 7 7 7  7 
    10 | . . . . . . . 7 7 7  7 
    11 | . . 8 8 8 8 . . . .  . 
    12 | . . 8 8 8 8 . . . .  . 
    13 | . . 8 8 8 8 . . . .  . 
    14 | . . . . . . . . . .  . 
    15 | . . . 5 5 5 5 . . .  . 
    16 | . . . 5 5 5 5 . . .  . 
    17 | . . . 5 5 5 5 . . .  . 
    18 | . . . 5 5 5 5 6 6 6  6 
    19 | . . . . . . . 6 6 6  6 
    20 | . . . . . . . 6 6 6  6 
    21 | . . . . . . . . . .  . 
    22 | . . . . . . . . . .  . 
    23 | . . . . . . . . . .  . 
    24 | . . 4 4 4 4 . 3 3 3  3 
    25 | . . 4 4 4 4 . 3 3 3  3 
    26 | . . 4 4 4 4 . 3 3 3  3 
    27 | . . 4 4 4 4 . 3 3 3  3 
    
    Boxes' corners:      (w,l)
        Box 1 is at 
            top left     (2,5)
            bottom right (5,8)
    
        Box 2 is at 
            top left     (7,1)
            bottom right (10,4)
    
        Box 3 is at 
            top left     (7,24)
            bottom right (10,27)
    
        Box 4 is at 
            top left     (2,24)
            bottom right (5,27)
    
        Box 5 is at 
            top left     (3,15)
            bottom right (6,18)
    
        Box 6 is at 
            top left     (7,18)
            bottom right (10,20)
    
        Box 7 is at 
            top left     (7,8)
            bottom right (10,10)
    
        Box 8 is at 
            top left     (2,11)
            bottom right (5,13)
    
        Roll length used: 28

    [1;34mTry max length:[0m 27
    [1;34m    At iteration:[0m 5
        lingeling found a solution in 1.554 ms

       | W
     L | 0 1 2 3 4 5 6 7 8 9 10 
    ----------------------------
     0 | . 6 6 6 6 8 8 8 8 .  . 
     1 | . 6 6 6 6 8 8 8 8 .  . 
     2 | . 6 6 6 6 8 8 8 8 .  . 
     3 | . . . . . . . . . .  . 
     4 | . 2 2 2 2 . . . . .  . 
     5 | . 2 2 2 2 . . . . .  . 
     6 | . 2 2 2 2 . . . . .  . 
     7 | . 2 2 2 2 . . . . .  . 
     8 | . . . . . . . . . .  . 
     9 | . . . . . . . . . .  . 
    10 | . . . . . . . . . .  . 
    11 | . . . . . . . . . .  . 
    12 | . . . . . . . . . .  . 
    13 | . . . . . . . . . .  . 
    14 | . . . . . . . . . .  . 
    15 | . . . . 1 1 1 1 . .  . 
    16 | . . . . 1 1 1 1 . .  . 
    17 | . . . . 1 1 1 1 . .  . 
    18 | . . . . 1 1 1 1 . .  . 
    19 | . . . 4 4 4 4 3 3 3  3 
    20 | . . . 4 4 4 4 3 3 3  3 
    21 | . . . 4 4 4 4 3 3 3  3 
    22 | . . . 4 4 4 4 3 3 3  3 
    23 | . . . . . . 5 5 5 5  . 
    24 | . 7 7 7 7 . 5 5 5 5  . 
    25 | . 7 7 7 7 . 5 5 5 5  . 
    26 | . 7 7 7 7 . 5 5 5 5  . 
    
    Boxes' corners:      (w,l)
        Box 1 is at 
            top left     (4,15)
            bottom right (7,18)
    
        Box 2 is at 
            top left     (1,4)
            bottom right (4,7)
    
        Box 3 is at 
            top left     (7,19)
            bottom right (10,22)
    
        Box 4 is at 
            top left     (3,19)
            bottom right (6,22)
    
        Box 5 is at 
            top left     (6,23)
            bottom right (9,26)
    
        Box 6 is at 
            top left     (1,0)
            bottom right (4,2)
    
        Box 7 is at 
            top left     (1,24)
            bottom right (4,26)
    
        Box 8 is at 
            top left     (5,0)
            bottom right (8,2)
    
        Roll length used: 27

    [1;34mTry max length:[0m 26
    [1;34m    At iteration:[0m 6
        lingeling found a solution in 1.569 ms

       | W
     L | 0 1 2 3 4 5 6 7 8 9 10 
    ----------------------------
     0 | . . . 7 7 7 7 . . .  . 
     1 | . . . 7 7 7 7 8 8 8  8 
     2 | . . . 7 7 7 7 8 8 8  8 
     3 | . . . . . . . 8 8 8  8 
     4 | . . . . . . . . . .  . 
     5 | . . . . . . . . . .  . 
     6 | . . . . . . . . . .  . 
     7 | 6 6 6 6 . . . . . .  . 
     8 | 6 6 6 6 . . . . . .  . 
     9 | 6 6 6 6 . . . . . .  . 
    10 | . . . . . . . . . .  . 
    11 | . . . . . . . . . .  . 
    12 | . . . . 1 1 1 1 . .  . 
    13 | . . . . 1 1 1 1 . .  . 
    14 | . . . . 1 1 1 1 . .  . 
    15 | . . . . 1 1 1 1 . .  . 
    16 | . . . . . . . . . .  . 
    17 | . . . . . . . . . .  . 
    18 | . 4 4 4 4 . 2 2 2 2  . 
    19 | . 4 4 4 4 . 2 2 2 2  . 
    20 | . 4 4 4 4 . 2 2 2 2  . 
    21 | . 4 4 4 4 . 2 2 2 2  . 
    22 | 3 3 3 3 . 5 5 5 5 .  . 
    23 | 3 3 3 3 . 5 5 5 5 .  . 
    24 | 3 3 3 3 . 5 5 5 5 .  . 
    25 | 3 3 3 3 . 5 5 5 5 .  . 
    
    Boxes' corners:      (w,l)
        Box 1 is at 
            top left     (4,12)
            bottom right (7,15)
    
        Box 2 is at 
            top left     (6,18)
            bottom right (9,21)
    
        Box 3 is at 
            top left     (0,22)
            bottom right (3,25)
    
        Box 4 is at 
            top left     (1,18)
            bottom right (4,21)
    
        Box 5 is at 
            top left     (5,22)
            bottom right (8,25)
    
        Box 6 is at 
            top left     (0,7)
            bottom right (3,9)
    
        Box 7 is at 
            top left     (3,0)
            bottom right (6,2)
    
        Box 8 is at 
            top left     (7,1)
            bottom right (10,3)
    
        Roll length used: 26

    [1;34mTry max length:[0m 25
    [1;34m    At iteration:[0m 7
        lingeling found a solution in 1.369 ms

       | W
     L | 0 1 2 3 4 5 6 7 8 9 10 
    ----------------------------
     0 | . 6 6 6 6 7 7 7 7 .  . 
     1 | . 6 6 6 6 7 7 7 7 .  . 
     2 | . 6 6 6 6 7 7 7 7 .  . 
     3 | . . . . . . . . . .  . 
     4 | . . . . . . . . . .  . 
     5 | . . . . . . . . . .  . 
     6 | . . . . . . . . . .  . 
     7 | . . . . . . . . . .  . 
     8 | 2 2 2 2 . . . . . .  . 
     9 | 2 2 2 2 . . . . . .  . 
    10 | 2 2 2 2 . . 1 1 1 1  . 
    11 | 2 2 2 2 . . 1 1 1 1  . 
    12 | . . . . . . 1 1 1 1  . 
    13 | . . . . . . 1 1 1 1  . 
    14 | . . . . . . . . . .  . 
    15 | . . . . . . . . . .  . 
    16 | . . . . . . . . . .  . 
    17 | . . . . . . . 4 4 4  4 
    18 | . . . 8 8 8 8 4 4 4  4 
    19 | . . . 8 8 8 8 4 4 4  4 
    20 | . . . 8 8 8 8 4 4 4  4 
    21 | 3 3 3 3 . . . 5 5 5  5 
    22 | 3 3 3 3 . . . 5 5 5  5 
    23 | 3 3 3 3 . . . 5 5 5  5 
    24 | 3 3 3 3 . . . 5 5 5  5 
    
    Boxes' corners:      (w,l)
        Box 1 is at 
            top left     (6,10)
            bottom right (9,13)
    
        Box 2 is at 
            top left     (0,8)
            bottom right (3,11)
    
        Box 3 is at 
            top left     (0,21)
            bottom right (3,24)
    
        Box 4 is at 
            top left     (7,17)
            bottom right (10,20)
    
        Box 5 is at 
            top left     (7,21)
            bottom right (10,24)
    
        Box 6 is at 
            top left     (1,0)
            bottom right (4,2)
    
        Box 7 is at 
            top left     (5,0)
            bottom right (8,2)
    
        Box 8 is at 
            top left     (3,18)
            bottom right (6,20)
    
        Roll length used: 25

    [1;34mTry max length:[0m 24
    [1;34m    At iteration:[0m 8
        lingeling found a solution in 1.567 ms

       | W
     L | 0 1 2 3 4 5 6 7 8 9 10 
    ----------------------------
     0 | 7 7 7 7 . . 8 8 8 8  . 
     1 | 7 7 7 7 . . 8 8 8 8  . 
     2 | 7 7 7 7 . . 8 8 8 8  . 
     3 | . . . . . . . . . .  . 
     4 | . . . 6 6 6 6 . . .  . 
     5 | . . . 6 6 6 6 . . .  . 
     6 | . . . 6 6 6 6 . . .  . 
     7 | . . . . . . . . . .  . 
     8 | . . . . . . . . . .  . 
     9 | . . . . . . . . . .  . 
    10 | . . 1 1 1 1 . . . .  . 
    11 | . . 1 1 1 1 . . . .  . 
    12 | . . 1 1 1 1 . . . .  . 
    13 | . . 1 1 1 1 . . . .  . 
    14 | . . . . . 4 4 4 4 .  . 
    15 | . . . . . 4 4 4 4 .  . 
    16 | 3 3 3 3 . 4 4 4 4 .  . 
    17 | 3 3 3 3 . 4 4 4 4 .  . 
    18 | 3 3 3 3 . . . . . .  . 
    19 | 3 3 3 3 . . . . . .  . 
    20 | 5 5 5 5 . 2 2 2 2 .  . 
    21 | 5 5 5 5 . 2 2 2 2 .  . 
    22 | 5 5 5 5 . 2 2 2 2 .  . 
    23 | 5 5 5 5 . 2 2 2 2 .  . 
    
    Boxes' corners:      (w,l)
        Box 1 is at 
            top left     (2,10)
            bottom right (5,13)
    
        Box 2 is at 
            top left     (5,20)
            bottom right (8,23)
    
        Box 3 is at 
            top left     (0,16)
            bottom right (3,19)
    
        Box 4 is at 
            top left     (5,14)
            bottom right (8,17)
    
        Box 5 is at 
            top left     (0,20)
            bottom right (3,23)
    
        Box 6 is at 
            top left     (3,4)
            bottom right (6,6)
    
        Box 7 is at 
            top left     (0,0)
            bottom right (3,2)
    
        Box 8 is at 
            top left     (6,0)
            bottom right (9,2)
    
        Roll length used: 24

    [1;34mTry max length:[0m 23
    [1;34m    At iteration:[0m 9
        lingeling found a solution in 1.235 ms

       | W
     L | 0 1 2 3 4 5 6 7 8 9 10 
    ----------------------------
     0 | . . 6 6 6 6 . 3 3 3  3 
     1 | . . 6 6 6 6 . 3 3 3  3 
     2 | . . 6 6 6 6 . 3 3 3  3 
     3 | . . . . . . . 3 3 3  3 
     4 | . . . . . . . . . .  . 
     5 | . . . . . . . . . .  . 
     6 | . . . . . . . . . .  . 
     7 | . . . . . 1 1 1 1 .  . 
     8 | . . . . . 1 1 1 1 .  . 
     9 | . . . . . 1 1 1 1 .  . 
    10 | . . . . . 1 1 1 1 .  . 
    11 | 7 7 7 7 . . . 8 8 8  8 
    12 | 7 7 7 7 . . . 8 8 8  8 
    13 | 7 7 7 7 . . . 8 8 8  8 
    14 | . . . . . . . . . .  . 
    15 | . . . . . . . 4 4 4  4 
    16 | . . . . . . . 4 4 4  4 
    17 | 5 5 5 5 . . . 4 4 4  4 
    18 | 5 5 5 5 . . . 4 4 4  4 
    19 | 5 5 5 5 . . . 2 2 2  2 
    20 | 5 5 5 5 . . . 2 2 2  2 
    21 | . . . . . . . 2 2 2  2 
    22 | . . . . . . . 2 2 2  2 
    
    Boxes' corners:      (w,l)
        Box 1 is at 
            top left     (5,7)
            bottom right (8,10)
    
        Box 2 is at 
            top left     (7,19)
            bottom right (10,22)
    
        Box 3 is at 
            top left     (7,0)
            bottom right (10,3)
    
        Box 4 is at 
            top left     (7,15)
            bottom right (10,18)
    
        Box 5 is at 
            top left     (0,17)
            bottom right (3,20)
    
        Box 6 is at 
            top left     (2,0)
            bottom right (5,2)
    
        Box 7 is at 
            top left     (0,11)
            bottom right (3,13)
    
        Box 8 is at 
            top left     (7,11)
            bottom right (10,13)
    
        Roll length used: 23

    [1;34mTry max length:[0m 22
    [1;34m    At iteration:[0m 10
        lingeling found a solution in 1.952 ms

       | W
     L | 0 1 2 3 4 5 6 7 8 9 10 
    ----------------------------
     0 | 8 8 8 8 . 6 6 6 6 .  . 
     1 | 8 8 8 8 . 6 6 6 6 .  . 
     2 | 8 8 8 8 . 6 6 6 6 .  . 
     3 | . . . . . . . . . .  . 
     4 | . . . . . . . . . .  . 
     5 | . . . . . . . . . .  . 
     6 | . . . 1 1 1 1 . . .  . 
     7 | . . . 1 1 1 1 . . .  . 
     8 | . . . 1 1 1 1 . . .  . 
     9 | . . . 1 1 1 1 5 5 5  5 
    10 | . . . . . . . 5 5 5  5 
    11 | . . . . . . . 5 5 5  5 
    12 | . . . . . . . 5 5 5  5 
    13 | . . . . . . . . . .  . 
    14 | . . . . . 3 3 3 3 .  . 
    15 | . 2 2 2 2 3 3 3 3 .  . 
    16 | . 2 2 2 2 3 3 3 3 .  . 
    17 | . 2 2 2 2 3 3 3 3 .  . 
    18 | . 2 2 2 2 . . 4 4 4  4 
    19 | . . . 7 7 7 7 4 4 4  4 
    20 | . . . 7 7 7 7 4 4 4  4 
    21 | . . . 7 7 7 7 4 4 4  4 
    
    Boxes' corners:      (w,l)
        Box 1 is at 
            top left     (3,6)
            bottom right (6,9)
    
        Box 2 is at 
            top left     (1,15)
            bottom right (4,18)
    
        Box 3 is at 
            top left     (5,14)
            bottom right (8,17)
    
        Box 4 is at 
            top left     (7,18)
            bottom right (10,21)
    
        Box 5 is at 
            top left     (7,9)
            bottom right (10,12)
    
        Box 6 is at 
            top left     (5,0)
            bottom right (8,2)
    
        Box 7 is at 
            top left     (3,19)
            bottom right (6,21)
    
        Box 8 is at 
            top left     (0,0)
            bottom right (3,2)
    
        Roll length used: 22

    [1;34mTry max length:[0m 21
    [1;34m    At iteration:[0m 11
        lingeling found a solution in 1.988 ms

       | W
     L | 0 1 2 3 4 5 6 7 8 9 10 
    ----------------------------
     0 | . . . 7 7 7 7 . . .  . 
     1 | . . . 7 7 7 7 3 3 3  3 
     2 | . . . 7 7 7 7 3 3 3  3 
     3 | . . . . . . . 3 3 3  3 
     4 | . . 8 8 8 8 . 3 3 3  3 
     5 | . . 8 8 8 8 . . . .  . 
     6 | . . 8 8 8 8 . . . .  . 
     7 | . . . . 1 1 1 1 . .  . 
     8 | . . . . 1 1 1 1 . .  . 
     9 | . . . . 1 1 1 1 . .  . 
    10 | . . . . 1 1 1 1 . .  . 
    11 | . . . . . . . . . .  . 
    12 | . . . . . . . . . .  . 
    13 | 4 4 4 4 . . . 6 6 6  6 
    14 | 4 4 4 4 . . . 6 6 6  6 
    15 | 4 4 4 4 . . . 6 6 6  6 
    16 | 4 4 4 4 . . . . . .  . 
    17 | 5 5 5 5 . . 2 2 2 2  . 
    18 | 5 5 5 5 . . 2 2 2 2  . 
    19 | 5 5 5 5 . . 2 2 2 2  . 
    20 | 5 5 5 5 . . 2 2 2 2  . 
    
    Boxes' corners:      (w,l)
        Box 1 is at 
            top left     (4,7)
            bottom right (7,10)
    
        Box 2 is at 
            top left     (6,17)
            bottom right (9,20)
    
        Box 3 is at 
            top left     (7,1)
            bottom right (10,4)
    
        Box 4 is at 
            top left     (0,13)
            bottom right (3,16)
    
        Box 5 is at 
            top left     (0,17)
            bottom right (3,20)
    
        Box 6 is at 
            top left     (7,13)
            bottom right (10,15)
    
        Box 7 is at 
            top left     (3,0)
            bottom right (6,2)
    
        Box 8 is at 
            top left     (2,4)
            bottom right (5,6)
    
        Roll length used: 21

    [1;34mTry max length:[0m 20
    [1;34m    At iteration:[0m 12
        lingeling found a solution in 1.725 ms

       | W
     L | 0 1 2 3 4 5 6 7 8 9 10 
    ----------------------------
     0 | . 4 4 4 4 . . 3 3 3  3 
     1 | . 4 4 4 4 . . 3 3 3  3 
     2 | . 4 4 4 4 . . 3 3 3  3 
     3 | . 4 4 4 4 . . 3 3 3  3 
     4 | . . 8 8 8 8 . . . .  . 
     5 | . . 8 8 8 8 . 7 7 7  7 
     6 | . . 8 8 8 8 . 7 7 7  7 
     7 | . . . . . . . 7 7 7  7 
     8 | . . . . . . . . . .  . 
     9 | . . . . . . . . . .  . 
    10 | . . . . . . . . . .  . 
    11 | . . . . . . 6 6 6 6  . 
    12 | 1 1 1 1 . . 6 6 6 6  . 
    13 | 1 1 1 1 . . 6 6 6 6  . 
    14 | 1 1 1 1 . . . . . .  . 
    15 | 1 1 1 1 . . . . . .  . 
    16 | 2 2 2 2 . . 5 5 5 5  . 
    17 | 2 2 2 2 . . 5 5 5 5  . 
    18 | 2 2 2 2 . . 5 5 5 5  . 
    19 | 2 2 2 2 . . 5 5 5 5  . 
    
    Boxes' corners:      (w,l)
        Box 1 is at 
            top left     (0,12)
            bottom right (3,15)
    
        Box 2 is at 
            top left     (0,16)
            bottom right (3,19)
    
        Box 3 is at 
            top left     (7,0)
            bottom right (10,3)
    
        Box 4 is at 
            top left     (1,0)
            bottom right (4,3)
    
        Box 5 is at 
            top left     (6,16)
            bottom right (9,19)
    
        Box 6 is at 
            top left     (6,11)
            bottom right (9,13)
    
        Box 7 is at 
            top left     (7,5)
            bottom right (10,7)
    
        Box 8 is at 
            top left     (2,4)
            bottom right (5,6)
    
        Roll length used: 20

    [1;34mTry max length:[0m 19
    [1;34m    At iteration:[0m 13
        lingeling found a solution in 1.031 ms

       | W
     L | 0 1 2 3 4 5 6 7 8 9 10 
    ----------------------------
     0 | 6 6 6 6 . . 7 7 7 7  . 
     1 | 6 6 6 6 . . 7 7 7 7  . 
     2 | 6 6 6 6 . . 7 7 7 7  . 
     3 | . . . . . . . . 8 8  8 
     4 | . . . . . . . . 8 8  8 
     5 | . . . . . . . . 8 8  8 
     6 | . . 1 1 1 1 . . 8 8  8 
     7 | . . 1 1 1 1 . . . .  . 
     8 | . . 1 1 1 1 . . . .  . 
     9 | . . 1 1 1 1 . . . .  . 
    10 | . . . . . . . . . .  . 
    11 | 3 3 3 3 . . . 2 2 2  2 
    12 | 3 3 3 3 . . . 2 2 2  2 
    13 | 3 3 3 3 . . . 2 2 2  2 
    14 | 3 3 3 3 . . . 2 2 2  2 
    15 | 5 5 5 5 . . 4 4 4 4  . 
    16 | 5 5 5 5 . . 4 4 4 4  . 
    17 | 5 5 5 5 . . 4 4 4 4  . 
    18 | 5 5 5 5 . . 4 4 4 4  . 
    
    Boxes' corners:      (w,l)
        Box 1 is at 
            top left     (2,6)
            bottom right (5,9)
    
        Box 2 is at 
            top left     (7,11)
            bottom right (10,14)
    
        Box 3 is at 
            top left     (0,11)
            bottom right (3,14)
    
        Box 4 is at 
            top left     (6,15)
            bottom right (9,18)
    
        Box 5 is at 
            top left     (0,15)
            bottom right (3,18)
    
        Box 6 is at 
            top left     (0,0)
            bottom right (3,2)
    
        Box 7 is at 
            top left     (6,0)
            bottom right (9,2)
    
        Box 8 is at 
            top left     (8,3)
            bottom right (10,6)
    
        Roll length used: 19

    [1;34mTry max length:[0m 18
    [1;34m    At iteration:[0m 14
        lingeling found a solution in 1.885 ms

       | W
     L | 0 1 2 3 4 5 6 7 8 9 10 
    ----------------------------
     0 | . 6 6 6 6 . 8 8 8 8  . 
     1 | . 6 6 6 6 . 8 8 8 8  . 
     2 | . 6 6 6 6 . 8 8 8 8  . 
     3 | . . . . . . . . . .  . 
     4 | 1 1 1 1 . . . . . .  . 
     5 | 1 1 1 1 . 2 2 2 2 .  . 
     6 | 1 1 1 1 . 2 2 2 2 .  . 
     7 | 1 1 1 1 . 2 2 2 2 .  . 
     8 | . . . . . 2 2 2 2 .  . 
     9 | . . . . . . . . . .  . 
    10 | . . . . . . . 5 5 5  5 
    11 | . 7 7 7 7 . . 5 5 5  5 
    12 | . 7 7 7 7 . . 5 5 5  5 
    13 | . 7 7 7 7 . . 5 5 5  5 
    14 | 3 3 3 3 4 4 4 4 . .  . 
    15 | 3 3 3 3 4 4 4 4 . .  . 
    16 | 3 3 3 3 4 4 4 4 . .  . 
    17 | 3 3 3 3 4 4 4 4 . .  . 
    
    Boxes' corners:      (w,l)
        Box 1 is at 
            top left     (0,4)
            bottom right (3,7)
    
        Box 2 is at 
            top left     (5,5)
            bottom right (8,8)
    
        Box 3 is at 
            top left     (0,14)
            bottom right (3,17)
    
        Box 4 is at 
            top left     (4,14)
            bottom right (7,17)
    
        Box 5 is at 
            top left     (7,10)
            bottom right (10,13)
    
        Box 6 is at 
            top left     (1,0)
            bottom right (4,2)
    
        Box 7 is at 
            top left     (1,11)
            bottom right (4,13)
    
        Box 8 is at 
            top left     (6,0)
            bottom right (9,2)
    
        Roll length used: 18

    [1;34mTry max length:[0m 17
    [1;34m    At iteration:[0m 15
        lingeling found a solution in .807 ms

       | W
     L | 0 1 2 3 4 5 6 7 8 9 10 
    ----------------------------
     0 | 6 6 6 6 . . 7 7 7 7  . 
     1 | 6 6 6 6 . . 7 7 7 7  . 
     2 | 6 6 6 6 . . 7 7 7 7  . 
     3 | . 1 1 1 1 . . . . .  . 
     4 | . 1 1 1 1 . . . . .  . 
     5 | . 1 1 1 1 8 8 8 8 .  . 
     6 | . 1 1 1 1 8 8 8 8 .  . 
     7 | . . . . . 8 8 8 8 .  . 
     8 | . . . . . . . . . .  . 
     9 | 4 4 4 4 . . . 3 3 3  3 
    10 | 4 4 4 4 . . . 3 3 3  3 
    11 | 4 4 4 4 . . . 3 3 3  3 
    12 | 4 4 4 4 . . . 3 3 3  3 
    13 | 2 2 2 2 . . . 5 5 5  5 
    14 | 2 2 2 2 . . . 5 5 5  5 
    15 | 2 2 2 2 . . . 5 5 5  5 
    16 | 2 2 2 2 . . . 5 5 5  5 
    
    Boxes' corners:      (w,l)
        Box 1 is at 
            top left     (1,3)
            bottom right (4,6)
    
        Box 2 is at 
            top left     (0,13)
            bottom right (3,16)
    
        Box 3 is at 
            top left     (7,9)
            bottom right (10,12)
    
        Box 4 is at 
            top left     (0,9)
            bottom right (3,12)
    
        Box 5 is at 
            top left     (7,13)
            bottom right (10,16)
    
        Box 6 is at 
            top left     (0,0)
            bottom right (3,2)
    
        Box 7 is at 
            top left     (6,0)
            bottom right (9,2)
    
        Box 8 is at 
            top left     (5,5)
            bottom right (8,7)
    
        Roll length used: 17

    [1;34mTry max length:[0m 16
    [1;34m    At iteration:[0m 16
        lingeling found a solution in 1.367 ms

       | W
     L | 0 1 2 3 4 5 6 7 8 9 10 
    ----------------------------
     0 | 6 6 6 6 . . 7 7 7 7  . 
     1 | 6 6 6 6 . . 7 7 7 7  . 
     2 | 6 6 6 6 . . 7 7 7 7  . 
     3 | . . . . . . . . . .  . 
     4 | 1 1 1 1 . . . 4 4 4  4 
     5 | 1 1 1 1 . . . 4 4 4  4 
     6 | 1 1 1 1 . . . 4 4 4  4 
     7 | 1 1 1 1 . . . 4 4 4  4 
     8 | . . . . . . . 3 3 3  3 
     9 | . . 8 8 8 8 . 3 3 3  3 
    10 | . . 8 8 8 8 . 3 3 3  3 
    11 | . . 8 8 8 8 . 3 3 3  3 
    12 | . 2 2 2 2 . 5 5 5 5  . 
    13 | . 2 2 2 2 . 5 5 5 5  . 
    14 | . 2 2 2 2 . 5 5 5 5  . 
    15 | . 2 2 2 2 . 5 5 5 5  . 
    
    Boxes' corners:      (w,l)
        Box 1 is at 
            top left     (0,4)
            bottom right (3,7)
    
        Box 2 is at 
            top left     (1,12)
            bottom right (4,15)
    
        Box 3 is at 
            top left     (7,8)
            bottom right (10,11)
    
        Box 4 is at 
            top left     (7,4)
            bottom right (10,7)
    
        Box 5 is at 
            top left     (6,12)
            bottom right (9,15)
    
        Box 6 is at 
            top left     (0,0)
            bottom right (3,2)
    
        Box 7 is at 
            top left     (6,0)
            bottom right (9,2)
    
        Box 8 is at 
            top left     (2,9)
            bottom right (5,11)
    
        Roll length used: 16

    [1;34mTry max length:[0m 15
    [1;34m    At iteration:[0m 17
        lingeling found a solution in 1.151 ms

       | W
     L | 0 1 2 3 4 5 6 7 8 9 10 
    ----------------------------
     0 | 8 8 8 8 . . . . . .  . 
     1 | 8 8 8 8 2 2 2 2 6 6  6 
     2 | 8 8 8 8 2 2 2 2 6 6  6 
     3 | 1 1 1 1 2 2 2 2 6 6  6 
     4 | 1 1 1 1 2 2 2 2 6 6  6 
     5 | 1 1 1 1 . . . . . .  . 
     6 | 1 1 1 1 . 5 5 5 5 .  . 
     7 | . 4 4 4 4 5 5 5 5 .  . 
     8 | . 4 4 4 4 5 5 5 5 .  . 
     9 | . 4 4 4 4 5 5 5 5 .  . 
    10 | . 4 4 4 4 . . . . .  . 
    11 | . . . . . . . 3 3 3  3 
    12 | 7 7 7 7 . . . 3 3 3  3 
    13 | 7 7 7 7 . . . 3 3 3  3 
    14 | 7 7 7 7 . . . 3 3 3  3 
    
    Boxes' corners:      (w,l)
        Box 1 is at 
            top left     (0,3)
            bottom right (3,6)
    
        Box 2 is at 
            top left     (4,1)
            bottom right (7,4)
    
        Box 3 is at 
            top left     (7,11)
            bottom right (10,14)
    
        Box 4 is at 
            top left     (1,7)
            bottom right (4,10)
    
        Box 5 is at 
            top left     (5,6)
            bottom right (8,9)
    
        Box 6 is at 
            top left     (8,1)
            bottom right (10,4)
    
        Box 7 is at 
            top left     (0,12)
            bottom right (3,14)
    
        Box 8 is at 
            top left     (0,0)
            bottom right (3,2)
    
        Roll length used: 15

    [1;34mTry max length:[0m 14
    [1;34m    At iteration:[0m 18
        lingeling found a solution in .695 ms

       | W
     L | 0 1 2 3 4 5 6 7 8 9 10 
    ----------------------------
     0 | . . . . 8 8 8 8 6 6  6 
     1 | 1 1 1 1 8 8 8 8 6 6  6 
     2 | 1 1 1 1 8 8 8 8 6 6  6 
     3 | 1 1 1 1 7 7 7 7 6 6  6 
     4 | 1 1 1 1 7 7 7 7 . .  . 
     5 | . . . . 7 7 7 7 . .  . 
     6 | 4 4 4 4 3 3 3 3 . .  . 
     7 | 4 4 4 4 3 3 3 3 . .  . 
     8 | 4 4 4 4 3 3 3 3 . .  . 
     9 | 4 4 4 4 3 3 3 3 . .  . 
    10 | . . 2 2 2 2 5 5 5 5  . 
    11 | . . 2 2 2 2 5 5 5 5  . 
    12 | . . 2 2 2 2 5 5 5 5  . 
    13 | . . 2 2 2 2 5 5 5 5  . 
    
    Boxes' corners:      (w,l)
        Box 1 is at 
            top left     (0,1)
            bottom right (3,4)
    
        Box 2 is at 
            top left     (2,10)
            bottom right (5,13)
    
        Box 3 is at 
            top left     (4,6)
            bottom right (7,9)
    
        Box 4 is at 
            top left     (0,6)
            bottom right (3,9)
    
        Box 5 is at 
            top left     (6,10)
            bottom right (9,13)
    
        Box 6 is at 
            top left     (8,0)
            bottom right (10,3)
    
        Box 7 is at 
            top left     (4,3)
            bottom right (7,5)
    
        Box 8 is at 
            top left     (4,0)
            bottom right (7,2)
    
        Roll length used: 14

    [1;34mTry max length:[0m 13
    [1;34m    At iteration:[0m 19
        lingeling found a solution in 1.002 ms

       | W
     L | 0 1 2 3 4 5 6 7 8 9 10 
    ----------------------------
     0 | 8 8 8 8 . . . . 7 7  7 
     1 | 8 8 8 8 1 1 1 1 7 7  7 
     2 | 8 8 8 8 1 1 1 1 7 7  7 
     3 | 5 5 5 5 1 1 1 1 7 7  7 
     4 | 5 5 5 5 1 1 1 1 . .  . 
     5 | 5 5 5 5 . . 3 3 3 3  . 
     6 | 5 5 5 5 . . 3 3 3 3  . 
     7 | . . . . . . 3 3 3 3  . 
     8 | . . . . . . 3 3 3 3  . 
     9 | 6 6 6 2 2 2 2 4 4 4  4 
    10 | 6 6 6 2 2 2 2 4 4 4  4 
    11 | 6 6 6 2 2 2 2 4 4 4  4 
    12 | 6 6 6 2 2 2 2 4 4 4  4 
    
    Boxes' corners:      (w,l)
        Box 1 is at 
            top left     (4,1)
            bottom right (7,4)
    
        Box 2 is at 
            top left     (3,9)
            bottom right (6,12)
    
        Box 3 is at 
            top left     (6,5)
            bottom right (9,8)
    
        Box 4 is at 
            top left     (7,9)
            bottom right (10,12)
    
        Box 5 is at 
            top left     (0,3)
            bottom right (3,6)
    
        Box 6 is at 
            top left     (0,9)
            bottom right (2,12)
    
        Box 7 is at 
            top left     (8,0)
            bottom right (10,3)
    
        Box 8 is at 
            top left     (0,0)
            bottom right (3,2)
    
        Roll length used: 13

    [1;34mTry max length:[0m 12
    [1;34m    At iteration:[0m 20
        lingeling found a solution in 1.403 ms

       | W
     L | 0 1 2 3 4 5 6 7 8 9 10 
    ----------------------------
     0 | 3 3 3 3 1 1 1 1 7 7  7 
     1 | 3 3 3 3 1 1 1 1 7 7  7 
     2 | 3 3 3 3 1 1 1 1 7 7  7 
     3 | 3 3 3 3 1 1 1 1 7 7  7 
     4 | . . . . 8 8 8 2 2 2  2 
     5 | 4 4 4 4 8 8 8 2 2 2  2 
     6 | 4 4 4 4 8 8 8 2 2 2  2 
     7 | 4 4 4 4 8 8 8 2 2 2  2 
     8 | 4 4 4 4 5 5 5 5 6 6  6 
     9 | . . . . 5 5 5 5 6 6  6 
    10 | . . . . 5 5 5 5 6 6  6 
    11 | . . . . 5 5 5 5 6 6  6 
    
    Boxes' corners:      (w,l)
        Box 1 is at 
            top left     (4,0)
            bottom right (7,3)
    
        Box 2 is at 
            top left     (7,4)
            bottom right (10,7)
    
        Box 3 is at 
            top left     (0,0)
            bottom right (3,3)
    
        Box 4 is at 
            top left     (0,5)
            bottom right (3,8)
    
        Box 5 is at 
            top left     (4,8)
            bottom right (7,11)
    
        Box 6 is at 
            top left     (8,8)
            bottom right (10,11)
    
        Box 7 is at 
            top left     (8,0)
            bottom right (10,3)
    
        Box 8 is at 
            top left     (4,4)
            bottom right (6,7)
    
        Roll length used: 12

    [1;34mTry max length:[0m 11
    [1;34m    At iteration:[0m 21
        [3;31mlingeling determined unsatisfiability of the Boolean formula[0m
        [1;32mOptimality reached![0m
