dg jun 3 19:35:17 CEST 2018
    [1;34mTry max length:[0m 999999
    [1;34m    At iteration:[0m 0
        lingeling found a solution in .400 ms

       | W
     L | 0 1 2 3 4 5 6 7 8 
    ----------------------
     0 | . . . . . . . . . 
     1 | . . . . . . . . . 
     2 | . . . . . . . . . 
     3 | . . . . . . . . . 
     4 | . . . . . . . . . 
     5 | . . . . . . . . . 
     6 | . . . . . . . . . 
     7 | . . . . . . . . . 
     8 | . . . . 4 4 4 . . 
     9 | . . . . 4 4 4 . . 
    10 | 3 . . . 4 4 4 . . 
    11 | 3 . . 5 5 5 6 6 6 
    12 | 2 . . 5 5 5 6 6 6 
    13 | 2 . 1 5 5 5 6 6 6 
    
    Boxes' corners:      (w,l)
        Box 1 is at 
            top left     (2,13)
            bottom right (2,13)
    
        Box 2 is at 
            top left     (0,12)
            bottom right (0,13)
    
        Box 3 is at 
            top left     (0,10)
            bottom right (0,11)
    
        Box 4 is at 
            top left     (4,8)
            bottom right (6,10)
    
        Box 5 is at 
            top left     (3,11)
            bottom right (5,13)
    
        Box 6 is at 
            top left     (6,11)
            bottom right (8,13)
    
        Roll length used: 14

    [1;34mTry max length:[0m 13
    [1;34m    At iteration:[0m 1
        lingeling found a solution in .356 ms

       | W
     L | 0 1 2 3 4 5 6 7 8 
    ----------------------
     0 | . . . . . . . . . 
     1 | . . . . . . . . . 
     2 | . . . . . . . . . 
     3 | . . . . . . . . . 
     4 | . . . . . . . . . 
     5 | . . . . . . . . . 
     6 | . . . . . . . . . 
     7 | . . . . 4 4 4 . . 
     8 | . . . . 4 4 4 . . 
     9 | 3 . . . 4 4 4 . . 
    10 | 3 . . 6 6 6 5 5 5 
    11 | 2 . . 6 6 6 5 5 5 
    12 | 2 . 1 6 6 6 5 5 5 
    
    Boxes' corners:      (w,l)
        Box 1 is at 
            top left     (2,12)
            bottom right (2,12)
    
        Box 2 is at 
            top left     (0,11)
            bottom right (0,12)
    
        Box 3 is at 
            top left     (0,9)
            bottom right (0,10)
    
        Box 4 is at 
            top left     (4,7)
            bottom right (6,9)
    
        Box 5 is at 
            top left     (6,10)
            bottom right (8,12)
    
        Box 6 is at 
            top left     (3,10)
            bottom right (5,12)
    
        Roll length used: 13

    [1;34mTry max length:[0m 12
    [1;34m    At iteration:[0m 2
        lingeling found a solution in .259 ms

       | W
     L | 0 1 2 3 4 5 6 7 8 
    ----------------------
     0 | . . . . . . . . . 
     1 | . . . . . . . . . 
     2 | . . . . . . . . . 
     3 | . . . . . . . . . 
     4 | . . . . . . . . . 
     5 | . . . . . . . . . 
     6 | . . . . 4 4 4 . . 
     7 | . . . . 4 4 4 . . 
     8 | 3 . . . 4 4 4 . . 
     9 | 3 . . 6 6 6 5 5 5 
    10 | 2 . . 6 6 6 5 5 5 
    11 | 2 . 1 6 6 6 5 5 5 
    
    Boxes' corners:      (w,l)
        Box 1 is at 
            top left     (2,11)
            bottom right (2,11)
    
        Box 2 is at 
            top left     (0,10)
            bottom right (0,11)
    
        Box 3 is at 
            top left     (0,8)
            bottom right (0,9)
    
        Box 4 is at 
            top left     (4,6)
            bottom right (6,8)
    
        Box 5 is at 
            top left     (6,9)
            bottom right (8,11)
    
        Box 6 is at 
            top left     (3,9)
            bottom right (5,11)
    
        Roll length used: 12

    [1;34mTry max length:[0m 11
    [1;34m    At iteration:[0m 3
        lingeling found a solution in .299 ms

       | W
     L | 0 1 2 3 4 5 6 7 8 
    ----------------------
     0 | . . . . . . . . . 
     1 | 6 6 6 . . . . . . 
     2 | 6 6 6 . . . . . . 
     3 | 6 6 6 . . . . . . 
     4 | . . . . . . . . . 
     5 | . . . . . . . . . 
     6 | . . . 4 4 4 . . . 
     7 | 3 . . 4 4 4 . . . 
     8 | 3 . . 4 4 4 5 5 5 
     9 | 2 . . . . . 5 5 5 
    10 | 2 . . . . 1 5 5 5 
    
    Boxes' corners:      (w,l)
        Box 1 is at 
            top left     (5,10)
            bottom right (5,10)
    
        Box 2 is at 
            top left     (0,9)
            bottom right (0,10)
    
        Box 3 is at 
            top left     (0,7)
            bottom right (0,8)
    
        Box 4 is at 
            top left     (3,6)
            bottom right (5,8)
    
        Box 5 is at 
            top left     (6,8)
            bottom right (8,10)
    
        Box 6 is at 
            top left     (0,1)
            bottom right (2,3)
    
        Roll length used: 11

    [1;34mTry max length:[0m 10
    [1;34m    At iteration:[0m 4
        lingeling found a solution in .275 ms

       | W
     L | 0 1 2 3 4 5 6 7 8 
    ----------------------
     0 | . . . . . . . . . 
     1 | . . . . . . . 1 . 
     2 | . . . . . . . . . 
     3 | . . . . . . . . . 
     4 | . . . . 4 4 4 . . 
     5 | . . . . 4 4 4 . . 
     6 | 3 . . . 4 4 4 . . 
     7 | 3 . . 6 6 6 5 5 5 
     8 | 2 . . 6 6 6 5 5 5 
     9 | 2 . . 6 6 6 5 5 5 
    
    Boxes' corners:      (w,l)
        Box 1 is at 
            top left     (7,1)
            bottom right (7,1)
    
        Box 2 is at 
            top left     (0,8)
            bottom right (0,9)
    
        Box 3 is at 
            top left     (0,6)
            bottom right (0,7)
    
        Box 4 is at 
            top left     (4,4)
            bottom right (6,6)
    
        Box 5 is at 
            top left     (6,7)
            bottom right (8,9)
    
        Box 6 is at 
            top left     (3,7)
            bottom right (5,9)
    
        Roll length used: 10

    [1;34mTry max length:[0m 9
    [1;34m    At iteration:[0m 5
        lingeling found a solution in .246 ms

      | W
    L | 0 1 2 3 4 5 6 7 8 
    ----------------------
    0 | . . . . . . . . . 
    1 | . . . . . . . . . 
    2 | . . . . . . . . . 
    3 | . . . . 4 4 4 . . 
    4 | . . . . 4 4 4 . . 
    5 | 3 . . . 4 4 4 . . 
    6 | 3 1 . 5 5 5 6 6 6 
    7 | 2 . . 5 5 5 6 6 6 
    8 | 2 . . 5 5 5 6 6 6 
    
    Boxes' corners:      (w,l)
        Box 1 is at 
            top left     (1,6)
            bottom right (1,6)
    
        Box 2 is at 
            top left     (0,7)
            bottom right (0,8)
    
        Box 3 is at 
            top left     (0,5)
            bottom right (0,6)
    
        Box 4 is at 
            top left     (4,3)
            bottom right (6,5)
    
        Box 5 is at 
            top left     (3,6)
            bottom right (5,8)
    
        Box 6 is at 
            top left     (6,6)
            bottom right (8,8)
    
        Roll length used: 9

    [1;34mTry max length:[0m 8
    [1;34m    At iteration:[0m 6
        lingeling found a solution in .220 ms

      | W
    L | 0 1 2 3 4 5 6 7 8 
    ----------------------
    0 | . . . . . . . . . 
    1 | . . . . . . . . . 
    2 | . . . . 4 4 4 . . 
    3 | . . . . 4 4 4 . . 
    4 | 3 . . . 4 4 4 . . 
    5 | 3 . . 5 5 5 6 6 6 
    6 | 2 . . 5 5 5 6 6 6 
    7 | 2 . 1 5 5 5 6 6 6 
    
    Boxes' corners:      (w,l)
        Box 1 is at 
            top left     (2,7)
            bottom right (2,7)
    
        Box 2 is at 
            top left     (0,6)
            bottom right (0,7)
    
        Box 3 is at 
            top left     (0,4)
            bottom right (0,5)
    
        Box 4 is at 
            top left     (4,2)
            bottom right (6,4)
    
        Box 5 is at 
            top left     (3,5)
            bottom right (5,7)
    
        Box 6 is at 
            top left     (6,5)
            bottom right (8,7)
    
        Roll length used: 8

    [1;34mTry max length:[0m 7
    [1;34m    At iteration:[0m 7
        lingeling found a solution in .200 ms

      | W
    L | 0 1 2 3 4 5 6 7 8 
    ----------------------
    0 | 6 6 6 . . . . . . 
    1 | 6 6 6 . . . . . . 
    2 | 6 6 6 4 4 4 . . . 
    3 | 3 . . 4 4 4 . . . 
    4 | 3 . . 4 4 4 5 5 5 
    5 | 2 . . . . . 5 5 5 
    6 | 2 . . . . 1 5 5 5 
    
    Boxes' corners:      (w,l)
        Box 1 is at 
            top left     (5,6)
            bottom right (5,6)
    
        Box 2 is at 
            top left     (0,5)
            bottom right (0,6)
    
        Box 3 is at 
            top left     (0,3)
            bottom right (0,4)
    
        Box 4 is at 
            top left     (3,2)
            bottom right (5,4)
    
        Box 5 is at 
            top left     (6,4)
            bottom right (8,6)
    
        Box 6 is at 
            top left     (0,0)
            bottom right (2,2)
    
        Roll length used: 7

    [1;34mTry max length:[0m 6
    [1;34m    At iteration:[0m 8
        lingeling found a solution in .169 ms

      | W
    L | 0 1 2 3 4 5 6 7 8 
    ----------------------
    0 | 2 . . . . . 6 6 6 
    1 | 2 . . 3 . . 6 6 6 
    2 | . . . 3 . . 6 6 6 
    3 | 4 4 4 . . . 5 5 5 
    4 | 4 4 4 . . . 5 5 5 
    5 | 4 4 4 . . 1 5 5 5 
    
    Boxes' corners:      (w,l)
        Box 1 is at 
            top left     (5,5)
            bottom right (5,5)
    
        Box 2 is at 
            top left     (0,0)
            bottom right (0,1)
    
        Box 3 is at 
            top left     (3,1)
            bottom right (3,2)
    
        Box 4 is at 
            top left     (0,3)
            bottom right (2,5)
    
        Box 5 is at 
            top left     (6,3)
            bottom right (8,5)
    
        Box 6 is at 
            top left     (6,0)
            bottom right (8,2)
    
        Roll length used: 6

    [1;34mTry max length:[0m 5
    [1;34m    At iteration:[0m 9
        lingeling found a solution in .152 ms

      | W
    L | 0 1 2 3 4 5 6 7 8 
    ----------------------
    0 | 3 . . 5 5 5 4 4 4 
    1 | 3 . . 5 5 5 4 4 4 
    2 | 6 6 6 5 5 5 4 4 4 
    3 | 6 6 6 . . . . . 2 
    4 | 6 6 6 . . . . 1 2 
    
    Boxes' corners:      (w,l)
        Box 1 is at 
            top left     (7,4)
            bottom right (7,4)
    
        Box 2 is at 
            top left     (8,3)
            bottom right (8,4)
    
        Box 3 is at 
            top left     (0,0)
            bottom right (0,1)
    
        Box 4 is at 
            top left     (6,0)
            bottom right (8,2)
    
        Box 5 is at 
            top left     (3,0)
            bottom right (5,2)
    
        Box 6 is at 
            top left     (0,2)
            bottom right (2,4)
    
        Roll length used: 5

    [1;34mTry max length:[0m 4
    [1;34m    At iteration:[0m 10
        lingeling found a solution in .109 ms

      | W
    L | 0 1 2 3 4 5 6 7 8 
    ----------------------
    0 | 2 2 . 4 4 4 6 6 6 
    1 | 5 5 5 4 4 4 6 6 6 
    2 | 5 5 5 4 4 4 6 6 6 
    3 | 5 5 5 1 . 3 3 . . 
    
    Boxes' corners:      (w,l)
        Box 1 is at 
            top left     (3,3)
            bottom right (3,3)
    
        Box 2 is at 
            top left     (0,0)
            bottom right (1,0)
    
        Box 3 is at 
            top left     (5,3)
            bottom right (6,3)
    
        Box 4 is at 
            top left     (3,0)
            bottom right (5,2)
    
        Box 5 is at 
            top left     (0,1)
            bottom right (2,3)
    
        Box 6 is at 
            top left     (6,0)
            bottom right (8,2)
    
        Roll length used: 4

    [1;34mTry max length:[0m 3
    [1;34m    At iteration:[0m 11
        [3;31mlingeling determined unsatisfiability of the Boolean formula[0m
        [1;32mOptimality reached![0m
