dg jun 3 19:04:31 CEST 2018
    [1;34mTry max length:[0m 999999
    [1;34m    At iteration:[0m 0
        lingeling found a solution in .395 ms

       | W
     L |  0  1 2 
    ------------
     0 |  .  . . 
     1 |  .  . . 
     2 |  .  . . 
     3 |  .  . . 
     4 |  3  . 2 
     5 |  3  . 2 
     6 |  9  9 9 
     7 |  9  9 9 
     8 |  9  9 9 
     9 |  9  9 9 
    10 |  8  8 8 
    11 |  8  8 8 
    12 |  8  8 8 
    13 |  8  8 8 
    14 |  7  7 7 
    15 |  7  7 7 
    16 |  7  7 7 
    17 |  7  7 7 
    18 |  6  6 6 
    19 |  6  6 6 
    20 |  6  6 6 
    21 |  6  6 6 
    22 |  5  5 5 
    23 |  5  5 5 
    24 |  5  5 5 
    25 |  5  5 5 
    26 |  4  4 4 
    27 |  4  4 4 
    28 |  4  4 4 
    29 |  4  4 4 
    30 | 11 11 . 
    31 | 11 11 1 
    32 | 10 10 1 
    33 | 10 10 . 
    
    Boxes' corners:       (w,l)
        Box  1 is at 
            top left     (2,31)
            bottom right (2,32)
    
        Box  2 is at 
            top left     (2,4)
            bottom right (2,5)
    
        Box  3 is at 
            top left     (0,4)
            bottom right (0,5)
    
        Box  4 is at 
            top left     (0,26)
            bottom right (2,29)
    
        Box  5 is at 
            top left     (0,22)
            bottom right (2,25)
    
        Box  6 is at 
            top left     (0,18)
            bottom right (2,21)
    
        Box  7 is at 
            top left     (0,14)
            bottom right (2,17)
    
        Box  8 is at 
            top left     (0,10)
            bottom right (2,13)
    
        Box  9 is at 
            top left     (0,6)
            bottom right (2,9)
    
        Box 10 is at 
            top left     (0,32)
            bottom right (1,33)
    
        Box 11 is at 
            top left     (0,30)
            bottom right (1,31)
    
        Roll length used: 34

    [1;34mTry max length:[0m 33
    [1;34m    At iteration:[0m 1
        lingeling found a solution in .376 ms

       | W
     L |  0  1 2 
    ------------
     0 |  .  . . 
     1 |  .  . . 
     2 |  .  . . 
     3 |  3  . 2 
     4 |  3  . 2 
     5 |  9  9 9 
     6 |  9  9 9 
     7 |  9  9 9 
     8 |  9  9 9 
     9 |  8  8 8 
    10 |  8  8 8 
    11 |  8  8 8 
    12 |  8  8 8 
    13 |  7  7 7 
    14 |  7  7 7 
    15 |  7  7 7 
    16 |  7  7 7 
    17 |  6  6 6 
    18 |  6  6 6 
    19 |  6  6 6 
    20 |  6  6 6 
    21 |  5  5 5 
    22 |  5  5 5 
    23 |  5  5 5 
    24 |  5  5 5 
    25 |  4  4 4 
    26 |  4  4 4 
    27 |  4  4 4 
    28 |  4  4 4 
    29 | 11 11 . 
    30 | 11 11 1 
    31 | 10 10 1 
    32 | 10 10 . 
    
    Boxes' corners:       (w,l)
        Box  1 is at 
            top left     (2,30)
            bottom right (2,31)
    
        Box  2 is at 
            top left     (2,3)
            bottom right (2,4)
    
        Box  3 is at 
            top left     (0,3)
            bottom right (0,4)
    
        Box  4 is at 
            top left     (0,25)
            bottom right (2,28)
    
        Box  5 is at 
            top left     (0,21)
            bottom right (2,24)
    
        Box  6 is at 
            top left     (0,17)
            bottom right (2,20)
    
        Box  7 is at 
            top left     (0,13)
            bottom right (2,16)
    
        Box  8 is at 
            top left     (0,9)
            bottom right (2,12)
    
        Box  9 is at 
            top left     (0,5)
            bottom right (2,8)
    
        Box 10 is at 
            top left     (0,31)
            bottom right (1,32)
    
        Box 11 is at 
            top left     (0,29)
            bottom right (1,30)
    
        Roll length used: 33

    [1;34mTry max length:[0m 32
    [1;34m    At iteration:[0m 2
        lingeling found a solution in .402 ms

       | W
     L |  0  1 2 
    ------------
     0 |  9  9 9 
     1 |  9  9 9 
     2 |  9  9 9 
     3 |  9  9 9 
     4 |  .  . . 
     5 |  .  . 3 
     6 |  .  . 3 
     7 |  8  8 8 
     8 |  8  8 8 
     9 |  8  8 8 
    10 |  8  8 8 
    11 |  7  7 7 
    12 |  7  7 7 
    13 |  7  7 7 
    14 |  7  7 7 
    15 |  6  6 6 
    16 |  6  6 6 
    17 |  6  6 6 
    18 |  6  6 6 
    19 |  5  5 5 
    20 |  5  5 5 
    21 |  5  5 5 
    22 |  5  5 5 
    23 |  4  4 4 
    24 |  4  4 4 
    25 |  4  4 4 
    26 |  4  4 4 
    27 |  .  . 2 
    28 | 11 11 2 
    29 | 11 11 1 
    30 | 10 10 1 
    31 | 10 10 . 
    
    Boxes' corners:       (w,l)
        Box  1 is at 
            top left     (2,29)
            bottom right (2,30)
    
        Box  2 is at 
            top left     (2,27)
            bottom right (2,28)
    
        Box  3 is at 
            top left     (2,5)
            bottom right (2,6)
    
        Box  4 is at 
            top left     (0,23)
            bottom right (2,26)
    
        Box  5 is at 
            top left     (0,19)
            bottom right (2,22)
    
        Box  6 is at 
            top left     (0,15)
            bottom right (2,18)
    
        Box  7 is at 
            top left     (0,11)
            bottom right (2,14)
    
        Box  8 is at 
            top left     (0,7)
            bottom right (2,10)
    
        Box  9 is at 
            top left     (0,0)
            bottom right (2,3)
    
        Box 10 is at 
            top left     (0,30)
            bottom right (1,31)
    
        Box 11 is at 
            top left     (0,28)
            bottom right (1,29)
    
        Roll length used: 32

    [1;34mTry max length:[0m 31
    [1;34m    At iteration:[0m 3
        lingeling found a solution in .352 ms

       | W
     L |  0  1 2 
    ------------
     0 |  9  9 9 
     1 |  9  9 9 
     2 |  9  9 9 
     3 |  9  9 9 
     4 |  .  . 2 
     5 |  .  . 2 
     6 |  7  7 7 
     7 |  7  7 7 
     8 |  7  7 7 
     9 |  7  7 7 
    10 |  8  8 8 
    11 |  8  8 8 
    12 |  8  8 8 
    13 |  8  8 8 
    14 |  .  . . 
    15 |  6  6 6 
    16 |  6  6 6 
    17 |  6  6 6 
    18 |  6  6 6 
    19 |  5  5 5 
    20 |  5  5 5 
    21 |  5  5 5 
    22 |  5  5 5 
    23 |  4  4 4 
    24 |  4  4 4 
    25 |  4  4 4 
    26 |  4  4 4 
    27 | 11 11 1 
    28 | 11 11 1 
    29 | 10 10 3 
    30 | 10 10 3 
    
    Boxes' corners:       (w,l)
        Box  1 is at 
            top left     (2,27)
            bottom right (2,28)
    
        Box  2 is at 
            top left     (2,4)
            bottom right (2,5)
    
        Box  3 is at 
            top left     (2,29)
            bottom right (2,30)
    
        Box  4 is at 
            top left     (0,23)
            bottom right (2,26)
    
        Box  5 is at 
            top left     (0,19)
            bottom right (2,22)
    
        Box  6 is at 
            top left     (0,15)
            bottom right (2,18)
    
        Box  7 is at 
            top left     (0,6)
            bottom right (2,9)
    
        Box  8 is at 
            top left     (0,10)
            bottom right (2,13)
    
        Box  9 is at 
            top left     (0,0)
            bottom right (2,3)
    
        Box 10 is at 
            top left     (0,29)
            bottom right (1,30)
    
        Box 11 is at 
            top left     (0,27)
            bottom right (1,28)
    
        Roll length used: 31

    [1;34mTry max length:[0m 30
    [1;34m    At iteration:[0m 4
        lingeling found a solution in .357 ms

       | W
     L |  0  1 2 
    ------------
     0 |  9  9 9 
     1 |  9  9 9 
     2 |  9  9 9 
     3 |  9  9 9 
     4 |  3  . 2 
     5 |  3  . 2 
     6 |  8  8 8 
     7 |  8  8 8 
     8 |  8  8 8 
     9 |  8  8 8 
    10 |  7  7 7 
    11 |  7  7 7 
    12 |  7  7 7 
    13 |  7  7 7 
    14 |  6  6 6 
    15 |  6  6 6 
    16 |  6  6 6 
    17 |  6  6 6 
    18 |  5  5 5 
    19 |  5  5 5 
    20 |  5  5 5 
    21 |  5  5 5 
    22 |  4  4 4 
    23 |  4  4 4 
    24 |  4  4 4 
    25 |  4  4 4 
    26 | 11 11 . 
    27 | 11 11 1 
    28 | 10 10 1 
    29 | 10 10 . 
    
    Boxes' corners:       (w,l)
        Box  1 is at 
            top left     (2,27)
            bottom right (2,28)
    
        Box  2 is at 
            top left     (2,4)
            bottom right (2,5)
    
        Box  3 is at 
            top left     (0,4)
            bottom right (0,5)
    
        Box  4 is at 
            top left     (0,22)
            bottom right (2,25)
    
        Box  5 is at 
            top left     (0,18)
            bottom right (2,21)
    
        Box  6 is at 
            top left     (0,14)
            bottom right (2,17)
    
        Box  7 is at 
            top left     (0,10)
            bottom right (2,13)
    
        Box  8 is at 
            top left     (0,6)
            bottom right (2,9)
    
        Box  9 is at 
            top left     (0,0)
            bottom right (2,3)
    
        Box 10 is at 
            top left     (0,28)
            bottom right (1,29)
    
        Box 11 is at 
            top left     (0,26)
            bottom right (1,27)
    
        Roll length used: 30

    [1;34mTry max length:[0m 29
    [1;34m    At iteration:[0m 5
        lingeling found a solution in 1.256 ms

       | W
     L |  0  1  2 
    -------------
     0 |  9  9  9 
     1 |  9  9  9 
     2 |  9  9  9 
     3 |  9  9  9 
     4 |  . 10 10 
     5 |  2 10 10 
     6 |  2  3  3 
     7 |  8  8  8 
     8 |  8  8  8 
     9 |  8  8  8 
    10 |  8  8  8 
    11 |  4  4  4 
    12 |  4  4  4 
    13 |  4  4  4 
    14 |  4  4  4 
    15 |  6  6  6 
    16 |  6  6  6 
    17 |  6  6  6 
    18 |  6  6  6 
    19 |  7  7  7 
    20 |  7  7  7 
    21 |  7  7  7 
    22 |  7  7  7 
    23 |  5  5  5 
    24 |  5  5  5 
    25 |  5  5  5 
    26 |  5  5  5 
    27 | 11 11  1 
    28 | 11 11  1 
    
    Boxes' corners:       (w,l)
        Box  1 is at 
            top left     (2,27)
            bottom right (2,28)
    
        Box  2 is at 
            top left     (0,5)
            bottom right (0,6)
    
        Box  3 is at 
            top left     (1,6)
            bottom right (2,6)
    
        Box  4 is at 
            top left     (0,11)
            bottom right (2,14)
    
        Box  5 is at 
            top left     (0,23)
            bottom right (2,26)
    
        Box  6 is at 
            top left     (0,15)
            bottom right (2,18)
    
        Box  7 is at 
            top left     (0,19)
            bottom right (2,22)
    
        Box  8 is at 
            top left     (0,7)
            bottom right (2,10)
    
        Box  9 is at 
            top left     (0,0)
            bottom right (2,3)
    
        Box 10 is at 
            top left     (1,4)
            bottom right (2,5)
    
        Box 11 is at 
            top left     (0,27)
            bottom right (1,28)
    
        Roll length used: 29

    [1;34mTry max length:[0m 28
    [1;34m    At iteration:[0m 6
        [3;31mlingeling was timeout-terminated[0m
        [1;31mScript reached time limit[0m
