dg jun 3 19:30:29 CEST 2018
    [1;34mTry max length:[0m 999999
    [1;34m    At iteration:[0m 0
        lingeling found a solution in 1.193 ms

       | W
     L | 0 1 2 3  4  5  6  7 
    ------------------------
     0 | 8 8 8 8 10 10 10 10 
     1 | 8 8 8 8 10 10 10 10 
     2 | 8 8 8 8 10 10 10 10 
     3 | . . . .  .  .  .  . 
     4 | . . . .  .  .  .  . 
     5 | . . . .  .  .  .  . 
     6 | . . . .  .  .  .  . 
     7 | . . 7 7  7  7  .  . 
     8 | . . 7 7  7  7  .  . 
     9 | . . 7 7  7  7  .  . 
    10 | . . . .  .  .  .  . 
    11 | . . . .  .  .  .  . 
    12 | . . . .  .  .  .  . 
    13 | . . . .  .  .  .  . 
    14 | . . . .  .  .  .  . 
    15 | . . . .  .  .  .  . 
    16 | . . . .  .  .  .  . 
    17 | . . . .  .  .  .  . 
    18 | . . . .  .  .  .  . 
    19 | . . . .  .  .  .  . 
    20 | . . . .  .  .  .  . 
    21 | . . . .  .  .  .  . 
    22 | . . . .  .  .  .  . 
    23 | . . . .  .  .  2  2 
    24 | 5 4 3 1  1  1  2  2 
    25 | 9 9 9 9  6  6  6  6 
    26 | 9 9 9 9  6  6  6  6 
    27 | 9 9 9 9  6  6  6  6 
    
    Boxes' corners:       (w,l)
        Box  1 is at 
            top left     (3,24)
            bottom right (5,24)
    
        Box  2 is at 
            top left     (6,23)
            bottom right (7,24)
    
        Box  3 is at 
            top left     (2,24)
            bottom right (2,24)
    
        Box  4 is at 
            top left     (1,24)
            bottom right (1,24)
    
        Box  5 is at 
            top left     (0,24)
            bottom right (0,24)
    
        Box  6 is at 
            top left     (4,25)
            bottom right (7,27)
    
        Box  7 is at 
            top left     (2,7)
            bottom right (5,9)
    
        Box  8 is at 
            top left     (0,0)
            bottom right (3,2)
    
        Box  9 is at 
            top left     (0,25)
            bottom right (3,27)
    
        Box 10 is at 
            top left     (4,0)
            bottom right (7,2)
    
        Roll length used: 28

    [1;34mTry max length:[0m 27
    [1;34m    At iteration:[0m 1
        lingeling found a solution in 1.224 ms

       | W
     L | 0 1 2 3  4  5  6  7 
    ------------------------
     0 | 8 8 8 8  6  6  6  6 
     1 | 8 8 8 8  6  6  6  6 
     2 | 8 8 8 8  6  6  6  6 
     3 | . . . .  .  .  .  . 
     4 | . . . .  .  .  .  . 
     5 | . . . .  .  .  .  . 
     6 | . . . .  .  .  .  . 
     7 | . . . .  .  .  .  . 
     8 | . . . .  .  .  .  . 
     9 | . . . .  .  .  .  . 
    10 | . . . .  .  .  .  . 
    11 | . . . .  .  .  .  . 
    12 | . . . .  .  .  .  . 
    13 | . . . .  .  .  .  . 
    14 | . . . .  .  .  .  . 
    15 | . . . .  .  .  .  . 
    16 | . . . .  .  .  .  . 
    17 | . . . .  .  .  .  . 
    18 | . . . .  .  .  .  . 
    19 | . . . .  .  .  .  . 
    20 | . . . .  .  1  1  1 
    21 | 2 2 5 4 10 10 10 10 
    22 | 2 2 3 . 10 10 10 10 
    23 | . . . . 10 10 10 10 
    24 | 7 7 7 7  9  9  9  9 
    25 | 7 7 7 7  9  9  9  9 
    26 | 7 7 7 7  9  9  9  9 
    
    Boxes' corners:       (w,l)
        Box  1 is at 
            top left     (5,20)
            bottom right (7,20)
    
        Box  2 is at 
            top left     (0,21)
            bottom right (1,22)
    
        Box  3 is at 
            top left     (2,22)
            bottom right (2,22)
    
        Box  4 is at 
            top left     (3,21)
            bottom right (3,21)
    
        Box  5 is at 
            top left     (2,21)
            bottom right (2,21)
    
        Box  6 is at 
            top left     (4,0)
            bottom right (7,2)
    
        Box  7 is at 
            top left     (0,24)
            bottom right (3,26)
    
        Box  8 is at 
            top left     (0,0)
            bottom right (3,2)
    
        Box  9 is at 
            top left     (4,24)
            bottom right (7,26)
    
        Box 10 is at 
            top left     (4,21)
            bottom right (7,23)
    
        Roll length used: 27

    [1;34mTry max length:[0m 26
    [1;34m    At iteration:[0m 2
        lingeling found a solution in 1.133 ms

       | W
     L |  0  1  2  3 4 5 6 7 
    ------------------------
     0 |  7  7  7  7 9 9 9 9 
     1 |  7  7  7  7 9 9 9 9 
     2 |  7  7  7  7 9 9 9 9 
     3 |  .  .  .  . . . . . 
     4 |  .  .  .  . . . . . 
     5 |  .  .  .  . . . . . 
     6 |  .  .  .  . . . . . 
     7 |  .  .  .  . . . . . 
     8 |  .  .  .  . . . . . 
     9 |  .  .  .  . . . . . 
    10 |  .  .  .  . . . . . 
    11 |  8  8  8  8 . . . . 
    12 |  8  8  8  8 . . . . 
    13 |  8  8  8  8 . . . . 
    14 |  .  .  .  . . . . . 
    15 |  .  .  .  . . . . . 
    16 |  .  .  .  . . . . . 
    17 |  .  .  .  . . . . . 
    18 |  .  .  .  . . . . . 
    19 |  .  .  .  . . . . . 
    20 |  .  .  .  . . . . . 
    21 |  .  .  .  . . . 2 2 
    22 |  5  4  3  1 1 1 2 2 
    23 | 10 10 10 10 6 6 6 6 
    24 | 10 10 10 10 6 6 6 6 
    25 | 10 10 10 10 6 6 6 6 
    
    Boxes' corners:       (w,l)
        Box  1 is at 
            top left     (3,22)
            bottom right (5,22)
    
        Box  2 is at 
            top left     (6,21)
            bottom right (7,22)
    
        Box  3 is at 
            top left     (2,22)
            bottom right (2,22)
    
        Box  4 is at 
            top left     (1,22)
            bottom right (1,22)
    
        Box  5 is at 
            top left     (0,22)
            bottom right (0,22)
    
        Box  6 is at 
            top left     (4,23)
            bottom right (7,25)
    
        Box  7 is at 
            top left     (0,0)
            bottom right (3,2)
    
        Box  8 is at 
            top left     (0,11)
            bottom right (3,13)
    
        Box  9 is at 
            top left     (4,0)
            bottom right (7,2)
    
        Box 10 is at 
            top left     (0,23)
            bottom right (3,25)
    
        Roll length used: 26

    [1;34mTry max length:[0m 25
    [1;34m    At iteration:[0m 3
        lingeling found a solution in 1.091 ms

       | W
     L | 0 1 2 3  4  5  6  7 
    ------------------------
     0 | 9 9 9 9  8  8  8  8 
     1 | 9 9 9 9  8  8  8  8 
     2 | 9 9 9 9  8  8  8  8 
     3 | . . . .  .  .  .  . 
     4 | . . . .  .  .  .  . 
     5 | . . . .  .  .  .  . 
     6 | . . . .  .  .  .  . 
     7 | . . . .  .  .  .  . 
     8 | . . . .  .  .  .  . 
     9 | . . . .  .  .  .  . 
    10 | . . . .  .  .  .  . 
    11 | . . . .  .  .  .  . 
    12 | . . . .  .  .  .  . 
    13 | . . . . 10 10 10 10 
    14 | . . . . 10 10 10 10 
    15 | . . . . 10 10 10 10 
    16 | . . . .  .  .  .  . 
    17 | . . . .  .  .  .  . 
    18 | . . . .  .  .  .  . 
    19 | . . . .  .  .  .  . 
    20 | . . 5 1  1  1  2  2 
    21 | . . . .  4  3  2  2 
    22 | 7 7 7 7  6  6  6  6 
    23 | 7 7 7 7  6  6  6  6 
    24 | 7 7 7 7  6  6  6  6 
    
    Boxes' corners:       (w,l)
        Box  1 is at 
            top left     (3,20)
            bottom right (5,20)
    
        Box  2 is at 
            top left     (6,20)
            bottom right (7,21)
    
        Box  3 is at 
            top left     (5,21)
            bottom right (5,21)
    
        Box  4 is at 
            top left     (4,21)
            bottom right (4,21)
    
        Box  5 is at 
            top left     (2,20)
            bottom right (2,20)
    
        Box  6 is at 
            top left     (4,22)
            bottom right (7,24)
    
        Box  7 is at 
            top left     (0,22)
            bottom right (3,24)
    
        Box  8 is at 
            top left     (4,0)
            bottom right (7,2)
    
        Box  9 is at 
            top left     (0,0)
            bottom right (3,2)
    
        Box 10 is at 
            top left     (4,13)
            bottom right (7,15)
    
        Roll length used: 25

    [1;34mTry max length:[0m 24
    [1;34m    At iteration:[0m 4
        lingeling found a solution in 1.022 ms

       | W
     L | 0 1 2 3  4  5  6  7 
    ------------------------
     0 | 9 9 9 9  7  7  7  7 
     1 | 9 9 9 9  7  7  7  7 
     2 | 9 9 9 9  7  7  7  7 
     3 | . . . .  .  .  .  . 
     4 | . . . .  .  .  .  . 
     5 | . . . .  .  .  .  . 
     6 | . . . .  .  .  .  . 
     7 | . . . .  .  .  .  . 
     8 | . . . .  .  .  .  . 
     9 | . . . .  .  .  .  . 
    10 | . . . .  .  .  .  . 
    11 | . . . .  .  .  .  . 
    12 | . . . .  .  .  .  . 
    13 | . . . .  .  .  .  . 
    14 | . . . .  .  .  .  . 
    15 | . . . .  .  .  .  . 
    16 | . . . .  .  .  .  . 
    17 | . . . .  .  .  .  . 
    18 | 1 1 1 . 10 10 10 10 
    19 | . 5 2 2 10 10 10 10 
    20 | 4 3 2 2 10 10 10 10 
    21 | 8 8 8 8  6  6  6  6 
    22 | 8 8 8 8  6  6  6  6 
    23 | 8 8 8 8  6  6  6  6 
    
    Boxes' corners:       (w,l)
        Box  1 is at 
            top left     (0,18)
            bottom right (2,18)
    
        Box  2 is at 
            top left     (2,19)
            bottom right (3,20)
    
        Box  3 is at 
            top left     (1,20)
            bottom right (1,20)
    
        Box  4 is at 
            top left     (0,20)
            bottom right (0,20)
    
        Box  5 is at 
            top left     (1,19)
            bottom right (1,19)
    
        Box  6 is at 
            top left     (4,21)
            bottom right (7,23)
    
        Box  7 is at 
            top left     (4,0)
            bottom right (7,2)
    
        Box  8 is at 
            top left     (0,21)
            bottom right (3,23)
    
        Box  9 is at 
            top left     (0,0)
            bottom right (3,2)
    
        Box 10 is at 
            top left     (4,18)
            bottom right (7,20)
    
        Roll length used: 24

    [1;34mTry max length:[0m 23
    [1;34m    At iteration:[0m 5
        lingeling found a solution in .948 ms

       | W
     L |  0  1  2  3 4 5 6 7 
    ------------------------
     0 |  7  7  7  7 6 6 6 6 
     1 |  7  7  7  7 6 6 6 6 
     2 |  7  7  7  7 6 6 6 6 
     3 |  .  .  .  . . . . . 
     4 |  .  .  .  . . . . . 
     5 |  .  .  .  . . . . . 
     6 |  .  .  .  . . . . . 
     7 |  .  .  .  . . . . . 
     8 |  .  .  .  . . . . . 
     9 |  .  .  .  . . . . . 
    10 |  .  .  .  . . . . . 
    11 |  .  .  .  . . . . . 
    12 |  .  .  .  . . . . . 
    13 |  .  .  .  . . . . . 
    14 |  .  .  .  . . . . . 
    15 |  .  .  .  . . . . . 
    16 | 10 10 10 10 . . . . 
    17 | 10 10 10 10 . 5 2 2 
    18 | 10 10 10 10 4 3 2 2 
    19 |  1  1  1  . . . . . 
    20 |  8  8  8  8 9 9 9 9 
    21 |  8  8  8  8 9 9 9 9 
    22 |  8  8  8  8 9 9 9 9 
    
    Boxes' corners:       (w,l)
        Box  1 is at 
            top left     (0,19)
            bottom right (2,19)
    
        Box  2 is at 
            top left     (6,17)
            bottom right (7,18)
    
        Box  3 is at 
            top left     (5,18)
            bottom right (5,18)
    
        Box  4 is at 
            top left     (4,18)
            bottom right (4,18)
    
        Box  5 is at 
            top left     (5,17)
            bottom right (5,17)
    
        Box  6 is at 
            top left     (4,0)
            bottom right (7,2)
    
        Box  7 is at 
            top left     (0,0)
            bottom right (3,2)
    
        Box  8 is at 
            top left     (0,20)
            bottom right (3,22)
    
        Box  9 is at 
            top left     (4,20)
            bottom right (7,22)
    
        Box 10 is at 
            top left     (0,16)
            bottom right (3,18)
    
        Roll length used: 23

    [1;34mTry max length:[0m 22
    [1;34m    At iteration:[0m 6
        lingeling found a solution in .910 ms

       | W
     L | 0 1 2  3  4  5  6 7 
    ------------------------
     0 | 6 6 6  6  7  7  7 7 
     1 | 6 6 6  6  7  7  7 7 
     2 | 6 6 6  6  7  7  7 7 
     3 | . . .  .  .  .  . . 
     4 | . . .  .  .  .  . . 
     5 | . . .  .  .  .  . . 
     6 | . . .  .  .  .  . . 
     7 | . . .  .  .  .  . . 
     8 | . . .  .  .  .  . . 
     9 | . . .  .  .  .  . . 
    10 | . . . 10 10 10 10 . 
    11 | . . . 10 10 10 10 . 
    12 | . . . 10 10 10 10 . 
    13 | 9 9 9  9  .  .  . . 
    14 | 9 9 9  9  .  .  . . 
    15 | 9 9 9  9  .  .  . . 
    16 | . . .  .  8  8  8 8 
    17 | . . .  .  8  8  8 8 
    18 | . . .  .  8  8  8 8 
    19 | . . .  .  .  .  . . 
    20 | . . .  .  .  .  2 2 
    21 | 1 1 1  5  4  3  2 2 
    
    Boxes' corners:       (w,l)
        Box  1 is at 
            top left     (0,21)
            bottom right (2,21)
    
        Box  2 is at 
            top left     (6,20)
            bottom right (7,21)
    
        Box  3 is at 
            top left     (5,21)
            bottom right (5,21)
    
        Box  4 is at 
            top left     (4,21)
            bottom right (4,21)
    
        Box  5 is at 
            top left     (3,21)
            bottom right (3,21)
    
        Box  6 is at 
            top left     (0,0)
            bottom right (3,2)
    
        Box  7 is at 
            top left     (4,0)
            bottom right (7,2)
    
        Box  8 is at 
            top left     (4,16)
            bottom right (7,18)
    
        Box  9 is at 
            top left     (0,13)
            bottom right (3,15)
    
        Box 10 is at 
            top left     (3,10)
            bottom right (6,12)
    
        Roll length used: 22

    [1;34mTry max length:[0m 21
    [1;34m    At iteration:[0m 7
        lingeling found a solution in .812 ms

       | W
     L |  0  1  2  3 4 5 6 7 
    ------------------------
     0 |  6  6  6  6 9 9 9 9 
     1 |  6  6  6  6 9 9 9 9 
     2 |  6  6  6  6 9 9 9 9 
     3 |  .  .  .  . . . . . 
     4 |  .  .  .  . . . . . 
     5 |  .  .  .  . . . . . 
     6 |  .  .  .  . . . . . 
     7 |  .  .  .  . . . . . 
     8 |  .  .  .  . . . . . 
     9 |  .  .  .  . . . . . 
    10 |  .  .  .  . . . . . 
    11 |  .  .  .  . . . . . 
    12 |  .  .  .  . . . . . 
    13 |  .  .  .  . . . . . 
    14 |  7  7  7  7 . . . . 
    15 |  7  7  7  7 . . . . 
    16 |  7  7  7  7 . . 2 2 
    17 |  5  4  3  1 1 1 2 2 
    18 | 10 10 10 10 8 8 8 8 
    19 | 10 10 10 10 8 8 8 8 
    20 | 10 10 10 10 8 8 8 8 
    
    Boxes' corners:       (w,l)
        Box  1 is at 
            top left     (3,17)
            bottom right (5,17)
    
        Box  2 is at 
            top left     (6,16)
            bottom right (7,17)
    
        Box  3 is at 
            top left     (2,17)
            bottom right (2,17)
    
        Box  4 is at 
            top left     (1,17)
            bottom right (1,17)
    
        Box  5 is at 
            top left     (0,17)
            bottom right (0,17)
    
        Box  6 is at 
            top left     (0,0)
            bottom right (3,2)
    
        Box  7 is at 
            top left     (0,14)
            bottom right (3,16)
    
        Box  8 is at 
            top left     (4,18)
            bottom right (7,20)
    
        Box  9 is at 
            top left     (4,0)
            bottom right (7,2)
    
        Box 10 is at 
            top left     (0,18)
            bottom right (3,20)
    
        Roll length used: 21

    [1;34mTry max length:[0m 20
    [1;34m    At iteration:[0m 8
        lingeling found a solution in .768 ms

       | W
     L | 0 1 2  3  4  5  6 7 
    ------------------------
     0 | . . 7  7  7  7  . . 
     1 | . . 7  7  7  7  . . 
     2 | . . 7  7  7  7  . . 
     3 | . . . 10 10 10 10 . 
     4 | . . . 10 10 10 10 . 
     5 | . . . 10 10 10 10 . 
     6 | . . .  .  .  .  . . 
     7 | . . .  .  .  .  . . 
     8 | . . .  .  .  .  . . 
     9 | . . .  .  .  .  . . 
    10 | . . .  .  .  .  . . 
    11 | . . .  .  .  .  . . 
    12 | . . .  .  .  .  . . 
    13 | . . .  .  .  .  . . 
    14 | 1 1 1  .  9  9  9 9 
    15 | . 5 2  2  9  9  9 9 
    16 | 4 3 2  2  9  9  9 9 
    17 | 8 8 8  8  6  6  6 6 
    18 | 8 8 8  8  6  6  6 6 
    19 | 8 8 8  8  6  6  6 6 
    
    Boxes' corners:       (w,l)
        Box  1 is at 
            top left     (0,14)
            bottom right (2,14)
    
        Box  2 is at 
            top left     (2,15)
            bottom right (3,16)
    
        Box  3 is at 
            top left     (1,16)
            bottom right (1,16)
    
        Box  4 is at 
            top left     (0,16)
            bottom right (0,16)
    
        Box  5 is at 
            top left     (1,15)
            bottom right (1,15)
    
        Box  6 is at 
            top left     (4,17)
            bottom right (7,19)
    
        Box  7 is at 
            top left     (2,0)
            bottom right (5,2)
    
        Box  8 is at 
            top left     (0,17)
            bottom right (3,19)
    
        Box  9 is at 
            top left     (4,14)
            bottom right (7,16)
    
        Box 10 is at 
            top left     (3,3)
            bottom right (6,5)
    
        Roll length used: 20

    [1;34mTry max length:[0m 19
    [1;34m    At iteration:[0m 9
        lingeling found a solution in .704 ms

       | W
     L | 0 1 2 3  4  5  6  7 
    ------------------------
     0 | 9 9 9 9  6  6  6  6 
     1 | 9 9 9 9  6  6  6  6 
     2 | 9 9 9 9  6  6  6  6 
     3 | . . . .  .  .  .  . 
     4 | . . . .  .  .  .  . 
     5 | . . . .  .  .  .  . 
     6 | . . 8 8  8  8  .  . 
     7 | . . 8 8  8  8  .  . 
     8 | . . 8 8  8  8  .  . 
     9 | . . . .  .  .  .  . 
    10 | . . . .  .  .  .  . 
    11 | . . . .  .  .  .  . 
    12 | . . . .  .  .  .  . 
    13 | . . . .  .  .  .  . 
    14 | . . . .  .  .  2  2 
    15 | 5 4 3 1  1  1  2  2 
    16 | 7 7 7 7 10 10 10 10 
    17 | 7 7 7 7 10 10 10 10 
    18 | 7 7 7 7 10 10 10 10 
    
    Boxes' corners:       (w,l)
        Box  1 is at 
            top left     (3,15)
            bottom right (5,15)
    
        Box  2 is at 
            top left     (6,14)
            bottom right (7,15)
    
        Box  3 is at 
            top left     (2,15)
            bottom right (2,15)
    
        Box  4 is at 
            top left     (1,15)
            bottom right (1,15)
    
        Box  5 is at 
            top left     (0,15)
            bottom right (0,15)
    
        Box  6 is at 
            top left     (4,0)
            bottom right (7,2)
    
        Box  7 is at 
            top left     (0,16)
            bottom right (3,18)
    
        Box  8 is at 
            top left     (2,6)
            bottom right (5,8)
    
        Box  9 is at 
            top left     (0,0)
            bottom right (3,2)
    
        Box 10 is at 
            top left     (4,16)
            bottom right (7,18)
    
        Roll length used: 19

    [1;34mTry max length:[0m 18
    [1;34m    At iteration:[0m 10
        lingeling found a solution in .598 ms

       | W
     L | 0  1  2  3  4 5 6 7 
    ------------------------
     0 | 9  9  9  9  7 7 7 7 
     1 | 9  9  9  9  7 7 7 7 
     2 | 9  9  9  9  7 7 7 7 
     3 | .  .  .  .  . . . . 
     4 | . 10 10 10 10 . . . 
     5 | . 10 10 10 10 . . . 
     6 | . 10 10 10 10 . . . 
     7 | .  .  .  .  . . . . 
     8 | .  .  .  .  . . . . 
     9 | .  .  .  .  . . . . 
    10 | .  .  .  .  . . . . 
    11 | .  .  .  .  . . . . 
    12 | .  .  .  .  . . . . 
    13 | .  .  .  .  . . 2 2 
    14 | 5  4  3  1  1 1 2 2 
    15 | 8  8  8  8  6 6 6 6 
    16 | 8  8  8  8  6 6 6 6 
    17 | 8  8  8  8  6 6 6 6 
    
    Boxes' corners:       (w,l)
        Box  1 is at 
            top left     (3,14)
            bottom right (5,14)
    
        Box  2 is at 
            top left     (6,13)
            bottom right (7,14)
    
        Box  3 is at 
            top left     (2,14)
            bottom right (2,14)
    
        Box  4 is at 
            top left     (1,14)
            bottom right (1,14)
    
        Box  5 is at 
            top left     (0,14)
            bottom right (0,14)
    
        Box  6 is at 
            top left     (4,15)
            bottom right (7,17)
    
        Box  7 is at 
            top left     (4,0)
            bottom right (7,2)
    
        Box  8 is at 
            top left     (0,15)
            bottom right (3,17)
    
        Box  9 is at 
            top left     (0,0)
            bottom right (3,2)
    
        Box 10 is at 
            top left     (1,4)
            bottom right (4,6)
    
        Roll length used: 18

    [1;34mTry max length:[0m 17
    [1;34m    At iteration:[0m 11
        lingeling found a solution in .629 ms

       | W
     L |  0  1  2  3 4 5 6 7 
    ------------------------
     0 |  9  9  9  9 7 7 7 7 
     1 |  9  9  9  9 7 7 7 7 
     2 |  9  9  9  9 7 7 7 7 
     3 |  .  .  .  . . . . . 
     4 |  .  .  .  . . . . . 
     5 |  .  .  .  . . . . . 
     6 |  .  .  .  . . . . . 
     7 |  .  .  .  . . . . . 
     8 |  .  .  .  . . . . . 
     9 |  .  .  .  . . . . . 
    10 | 10 10 10 10 . . . . 
    11 | 10 10 10 10 . . . . 
    12 | 10 10 10 10 . . 2 2 
    13 |  5  4  3  1 1 1 2 2 
    14 |  6  6  6  6 8 8 8 8 
    15 |  6  6  6  6 8 8 8 8 
    16 |  6  6  6  6 8 8 8 8 
    
    Boxes' corners:       (w,l)
        Box  1 is at 
            top left     (3,13)
            bottom right (5,13)
    
        Box  2 is at 
            top left     (6,12)
            bottom right (7,13)
    
        Box  3 is at 
            top left     (2,13)
            bottom right (2,13)
    
        Box  4 is at 
            top left     (1,13)
            bottom right (1,13)
    
        Box  5 is at 
            top left     (0,13)
            bottom right (0,13)
    
        Box  6 is at 
            top left     (0,14)
            bottom right (3,16)
    
        Box  7 is at 
            top left     (4,0)
            bottom right (7,2)
    
        Box  8 is at 
            top left     (4,14)
            bottom right (7,16)
    
        Box  9 is at 
            top left     (0,0)
            bottom right (3,2)
    
        Box 10 is at 
            top left     (0,10)
            bottom right (3,12)
    
        Roll length used: 17

    [1;34mTry max length:[0m 16
    [1;34m    At iteration:[0m 12
        lingeling found a solution in .574 ms

       | W
     L |  0  1  2  3 4 5 6 7 
    ------------------------
     0 | 10 10 10 10 . . . . 
     1 | 10 10 10 10 . . . . 
     2 | 10 10 10 10 . . . . 
     3 |  .  .  .  . . . . . 
     4 |  .  .  .  . . . . . 
     5 |  .  1  1  1 . . . . 
     6 |  .  7  7  7 7 . . . 
     7 |  .  7  7  7 7 . . . 
     8 |  .  7  7  7 7 . . . 
     9 |  8  8  8  . . . . . 
    10 |  8  8  8  . . . . . 
    11 |  8  8  8  2 2 . . . 
    12 |  8  8  8  2 2 5 4 3 
    13 |  6  6  6  6 9 9 9 9 
    14 |  6  6  6  6 9 9 9 9 
    15 |  6  6  6  6 9 9 9 9 
    
    Boxes' corners:       (w,l)
        Box  1 is at 
            top left     (1,5)
            bottom right (3,5)
    
        Box  2 is at 
            top left     (3,11)
            bottom right (4,12)
    
        Box  3 is at 
            top left     (7,12)
            bottom right (7,12)
    
        Box  4 is at 
            top left     (6,12)
            bottom right (6,12)
    
        Box  5 is at 
            top left     (5,12)
            bottom right (5,12)
    
        Box  6 is at 
            top left     (0,13)
            bottom right (3,15)
    
        Box  7 is at 
            top left     (1,6)
            bottom right (4,8)
    
        Box  8 is at 
            top left     (0,9)
            bottom right (2,12)
    
        Box  9 is at 
            top left     (4,13)
            bottom right (7,15)
    
        Box 10 is at 
            top left     (0,0)
            bottom right (3,2)
    
        Roll length used: 16

    [1;34mTry max length:[0m 15
    [1;34m    At iteration:[0m 13
        lingeling found a solution in .558 ms

       | W
     L | 0  1  2  3  4 5 6 7 
    ------------------------
     0 | 9  9  9  9  6 6 6 6 
     1 | 9  9  9  9  6 6 6 6 
     2 | 9  9  9  9  6 6 6 6 
     3 | . 10 10 10 10 . . . 
     4 | . 10 10 10 10 . . . 
     5 | . 10 10 10 10 . . . 
     6 | .  .  .  .  . . . . 
     7 | .  .  .  .  . . . . 
     8 | .  .  .  .  . . . . 
     9 | .  .  .  .  . . . . 
    10 | 2  2  .  .  . . . . 
    11 | 2  2  5  4  1 1 1 3 
    12 | 8  8  8  8  7 7 7 7 
    13 | 8  8  8  8  7 7 7 7 
    14 | 8  8  8  8  7 7 7 7 
    
    Boxes' corners:       (w,l)
        Box  1 is at 
            top left     (4,11)
            bottom right (6,11)
    
        Box  2 is at 
            top left     (0,10)
            bottom right (1,11)
    
        Box  3 is at 
            top left     (7,11)
            bottom right (7,11)
    
        Box  4 is at 
            top left     (3,11)
            bottom right (3,11)
    
        Box  5 is at 
            top left     (2,11)
            bottom right (2,11)
    
        Box  6 is at 
            top left     (4,0)
            bottom right (7,2)
    
        Box  7 is at 
            top left     (4,12)
            bottom right (7,14)
    
        Box  8 is at 
            top left     (0,12)
            bottom right (3,14)
    
        Box  9 is at 
            top left     (0,0)
            bottom right (3,2)
    
        Box 10 is at 
            top left     (1,3)
            bottom right (4,5)
    
        Roll length used: 15

    [1;34mTry max length:[0m 14
    [1;34m    At iteration:[0m 14
        lingeling found a solution in .437 ms

       | W
     L | 0 1 2 3  4  5  6  7 
    ------------------------
     0 | . . . . 10 10 10 10 
     1 | 9 9 9 9 10 10 10 10 
     2 | 9 9 9 9 10 10 10 10 
     3 | 9 9 9 9  .  .  .  . 
     4 | . . . .  7  7  7  7 
     5 | 6 6 6 6  7  7  7  7 
     6 | 6 6 6 6  7  7  7  7 
     7 | 6 6 6 6  .  .  .  . 
     8 | 2 2 . .  .  .  .  . 
     9 | 2 2 . .  .  1  1  1 
    10 | . . . .  .  .  .  . 
    11 | . . 8 8  8  8  .  . 
    12 | . . 8 8  8  8  5  . 
    13 | 4 3 8 8  8  8  .  . 
    
    Boxes' corners:       (w,l)
        Box  1 is at 
            top left     (5,9)
            bottom right (7,9)
    
        Box  2 is at 
            top left     (0,8)
            bottom right (1,9)
    
        Box  3 is at 
            top left     (1,13)
            bottom right (1,13)
    
        Box  4 is at 
            top left     (0,13)
            bottom right (0,13)
    
        Box  5 is at 
            top left     (6,12)
            bottom right (6,12)
    
        Box  6 is at 
            top left     (0,5)
            bottom right (3,7)
    
        Box  7 is at 
            top left     (4,4)
            bottom right (7,6)
    
        Box  8 is at 
            top left     (2,11)
            bottom right (5,13)
    
        Box  9 is at 
            top left     (0,1)
            bottom right (3,3)
    
        Box 10 is at 
            top left     (4,0)
            bottom right (7,2)
    
        Roll length used: 14

    [1;34mTry max length:[0m 13
    [1;34m    At iteration:[0m 15
        lingeling found a solution in .450 ms

       | W
     L |  0  1  2  3 4 5 6 7 
    ------------------------
     0 | 10 10 10 10 7 7 7 7 
     1 | 10 10 10 10 7 7 7 7 
     2 | 10 10 10 10 7 7 7 7 
     3 |  8  8  8  8 . . . . 
     4 |  8  8  8  8 . . . . 
     5 |  8  8  8  8 . . . . 
     6 |  .  .  .  . . . . . 
     7 |  .  .  .  2 2 . . . 
     8 |  1  1  1  2 2 . . . 
     9 |  .  .  .  . . 5 4 3 
    10 |  9  9  9  9 6 6 6 6 
    11 |  9  9  9  9 6 6 6 6 
    12 |  9  9  9  9 6 6 6 6 
    
    Boxes' corners:       (w,l)
        Box  1 is at 
            top left     (0,8)
            bottom right (2,8)
    
        Box  2 is at 
            top left     (3,7)
            bottom right (4,8)
    
        Box  3 is at 
            top left     (7,9)
            bottom right (7,9)
    
        Box  4 is at 
            top left     (6,9)
            bottom right (6,9)
    
        Box  5 is at 
            top left     (5,9)
            bottom right (5,9)
    
        Box  6 is at 
            top left     (4,10)
            bottom right (7,12)
    
        Box  7 is at 
            top left     (4,0)
            bottom right (7,2)
    
        Box  8 is at 
            top left     (0,3)
            bottom right (3,5)
    
        Box  9 is at 
            top left     (0,10)
            bottom right (3,12)
    
        Box 10 is at 
            top left     (0,0)
            bottom right (3,2)
    
        Roll length used: 13

    [1;34mTry max length:[0m 12
    [1;34m    At iteration:[0m 16
        lingeling found a solution in .383 ms

       | W
     L | 0 1 2 3  4  5  6  7 
    ------------------------
     0 | 8 8 8 8 10 10 10 10 
     1 | 8 8 8 8 10 10 10 10 
     2 | 8 8 8 8 10 10 10 10 
     3 | . . . .  .  .  .  . 
     4 | . . . .  .  .  .  . 
     5 | . . 7 7  7  7  2  2 
     6 | . . 7 7  7  7  2  2 
     7 | . . 7 7  7  7  .  . 
     8 | . 5 1 1  1  .  4  3 
     9 | 6 6 6 6  9  9  9  9 
    10 | 6 6 6 6  9  9  9  9 
    11 | 6 6 6 6  9  9  9  9 
    
    Boxes' corners:       (w,l)
        Box  1 is at 
            top left     (2,8)
            bottom right (4,8)
    
        Box  2 is at 
            top left     (6,5)
            bottom right (7,6)
    
        Box  3 is at 
            top left     (7,8)
            bottom right (7,8)
    
        Box  4 is at 
            top left     (6,8)
            bottom right (6,8)
    
        Box  5 is at 
            top left     (1,8)
            bottom right (1,8)
    
        Box  6 is at 
            top left     (0,9)
            bottom right (3,11)
    
        Box  7 is at 
            top left     (2,5)
            bottom right (5,7)
    
        Box  8 is at 
            top left     (0,0)
            bottom right (3,2)
    
        Box  9 is at 
            top left     (4,9)
            bottom right (7,11)
    
        Box 10 is at 
            top left     (4,0)
            bottom right (7,2)
    
        Roll length used: 12

    [1;34mTry max length:[0m 11
    [1;34m    At iteration:[0m 17
        lingeling found a solution in .382 ms

       | W
     L |  0  1  2  3 4 5 6 7 
    ------------------------
     0 |  7  7  7  7 8 8 8 8 
     1 |  7  7  7  7 8 8 8 8 
     2 |  7  7  7  7 8 8 8 8 
     3 |  .  .  .  . . . . . 
     4 |  .  .  .  . . 1 1 1 
     5 |  .  .  .  6 6 6 6 . 
     6 |  2  2  .  6 6 6 6 5 
     7 |  2  2  4  6 6 6 6 3 
     8 | 10 10 10 10 9 9 9 9 
     9 | 10 10 10 10 9 9 9 9 
    10 | 10 10 10 10 9 9 9 9 
    
    Boxes' corners:       (w,l)
        Box  1 is at 
            top left     (5,4)
            bottom right (7,4)
    
        Box  2 is at 
            top left     (0,6)
            bottom right (1,7)
    
        Box  3 is at 
            top left     (7,7)
            bottom right (7,7)
    
        Box  4 is at 
            top left     (2,7)
            bottom right (2,7)
    
        Box  5 is at 
            top left     (7,6)
            bottom right (7,6)
    
        Box  6 is at 
            top left     (3,5)
            bottom right (6,7)
    
        Box  7 is at 
            top left     (0,0)
            bottom right (3,2)
    
        Box  8 is at 
            top left     (4,0)
            bottom right (7,2)
    
        Box  9 is at 
            top left     (4,8)
            bottom right (7,10)
    
        Box 10 is at 
            top left     (0,8)
            bottom right (3,10)
    
        Roll length used: 11

    [1;34mTry max length:[0m 10
    [1;34m    At iteration:[0m 18
        lingeling found a solution in .349 ms

       | W
     L |  0  1  2 3 4 5 6 7 
    -----------------------
     0 |  8  8  8 8 6 6 6 . 
     1 |  8  8  8 8 6 6 6 4 
     2 |  8  8  8 8 6 6 6 . 
     3 | 10 10 10 . 6 6 6 . 
     4 | 10 10 10 7 7 7 7 . 
     5 | 10 10 10 7 7 7 7 . 
     6 | 10 10 10 7 7 7 7 . 
     7 |  .  9  9 9 9 1 2 2 
     8 |  .  9  9 9 9 1 2 2 
     9 |  .  9  9 9 9 1 3 5 
    
    Boxes' corners:       (w,l)
        Box  1 is at 
            top left     (5,7)
            bottom right (5,9)
    
        Box  2 is at 
            top left     (6,7)
            bottom right (7,8)
    
        Box  3 is at 
            top left     (6,9)
            bottom right (6,9)
    
        Box  4 is at 
            top left     (7,1)
            bottom right (7,1)
    
        Box  5 is at 
            top left     (7,9)
            bottom right (7,9)
    
        Box  6 is at 
            top left     (4,0)
            bottom right (6,3)
    
        Box  7 is at 
            top left     (3,4)
            bottom right (6,6)
    
        Box  8 is at 
            top left     (0,0)
            bottom right (3,2)
    
        Box  9 is at 
            top left     (1,7)
            bottom right (4,9)
    
        Box 10 is at 
            top left     (0,3)
            bottom right (2,6)
    
        Roll length used: 10

    [1;34mTry max length:[0m 9
    [1;34m    At iteration:[0m 19
        lingeling found a solution in .283 ms

      | W
    L | 0 1 2 3  4  5  6  7 
    ------------------------
    0 | 9 9 9 9 10 10 10 10 
    1 | 9 9 9 9 10 10 10 10 
    2 | 9 9 9 9 10 10 10 10 
    3 | . 1 6 6  6  6  2  2 
    4 | . 1 6 6  6  6  2  2 
    5 | 5 1 6 6  6  6  4  3 
    6 | 8 8 8 8  7  7  7  7 
    7 | 8 8 8 8  7  7  7  7 
    8 | 8 8 8 8  7  7  7  7 
    
    Boxes' corners:       (w,l)
        Box  1 is at 
            top left     (1,3)
            bottom right (1,5)
    
        Box  2 is at 
            top left     (6,3)
            bottom right (7,4)
    
        Box  3 is at 
            top left     (7,5)
            bottom right (7,5)
    
        Box  4 is at 
            top left     (6,5)
            bottom right (6,5)
    
        Box  5 is at 
            top left     (0,5)
            bottom right (0,5)
    
        Box  6 is at 
            top left     (2,3)
            bottom right (5,5)
    
        Box  7 is at 
            top left     (4,6)
            bottom right (7,8)
    
        Box  8 is at 
            top left     (0,6)
            bottom right (3,8)
    
        Box  9 is at 
            top left     (0,0)
            bottom right (3,2)
    
        Box 10 is at 
            top left     (4,0)
            bottom right (7,2)
    
        Roll length used: 9

    [1;34mTry max length:[0m 8
    [1;34m    At iteration:[0m 20
        [3;31mlingeling determined unsatisfiability of the Boolean formula[0m
        [1;32mOptimality reached![0m
