ds mai 19 17:21:16 CEST 2018
Increasing area preprocessing
    W=5
    sum lengths=   47
    sum max sides= 47
    box 1: 1 1
    box 2: 1 1
    box 3: 1 1
    box 4: 1 1
    box 5: 1 1
    box 6: 4 7
    box 7: 4 7
    box 8: 4 7
    box 9: 4 7
    box 10: 4 7
    box 11: 4 7

1)
   | W
 L |  0  1  2  3 4 
------------------
 0 |  1  2  3  4 5 
 1 |  6  6  6  6 . 
 2 |  6  6  6  6 . 
 3 |  6  6  6  6 . 
 4 |  6  6  6  6 . 
 5 |  6  6  6  6 . 
 6 |  6  6  6  6 . 
 7 |  6  6  6  6 . 
 8 |  7  7  7  7 . 
 9 |  7  7  7  7 . 
10 |  7  7  7  7 . 
11 |  7  7  7  7 . 
12 |  7  7  7  7 . 
13 |  7  7  7  7 . 
14 |  7  7  7  7 . 
15 |  8  8  8  8 . 
16 |  8  8  8  8 . 
17 |  8  8  8  8 . 
18 |  8  8  8  8 . 
19 |  8  8  8  8 . 
20 |  8  8  8  8 . 
21 |  8  8  8  8 . 
22 |  9  9  9  9 . 
23 |  9  9  9  9 . 
24 |  9  9  9  9 . 
25 |  9  9  9  9 . 
26 |  9  9  9  9 . 
27 |  9  9  9  9 . 
28 |  9  9  9  9 . 
29 | 10 10 10 10 . 
30 | 10 10 10 10 . 
31 | 10 10 10 10 . 
32 | 10 10 10 10 . 
33 | 10 10 10 10 . 
34 | 10 10 10 10 . 
35 | 10 10 10 10 . 
36 | 11 11 11 11 . 
37 | 11 11 11 11 . 
38 | 11 11 11 11 . 
39 | 11 11 11 11 . 
40 | 11 11 11 11 . 
41 | 11 11 11 11 . 
42 | 11 11 11 11 . 
43 |  .  .  .  . . 
44 |  .  .  .  . . 
45 |  .  .  .  . . 
46 |  .  .  .  . . 

Boxes' corners:       (w,l)
    Box  1 is at 
        top left     (0,0)
        bottom right (0,0)

    Box  2 is at 
        top left     (1,0)
        bottom right (1,0)

    Box  3 is at 
        top left     (2,0)
        bottom right (2,0)

    Box  4 is at 
        top left     (3,0)
        bottom right (3,0)

    Box  5 is at 
        top left     (4,0)
        bottom right (4,0)

    Box  6 is at 
        top left     (0,1)
        bottom right (3,7)

    Box  7 is at 
        top left     (0,8)
        bottom right (3,14)

    Box  8 is at 
        top left     (0,15)
        bottom right (3,21)

    Box  9 is at 
        top left     (0,22)
        bottom right (3,28)

    Box 10 is at 
        top left     (0,29)
        bottom right (3,35)

    Box 11 is at 
        top left     (0,36)
        bottom right (3,42)

    Roll length used: 43

Increasing width preprocessing
    W=5
    sum lengths=   47
    sum max sides= 47
    box 1: 1 1
    box 2: 1 1
    box 3: 1 1
    box 4: 1 1
    box 5: 1 1
    box 6: 4 7
    box 7: 4 7
    box 8: 4 7
    box 9: 4 7
    box 10: 4 7
    box 11: 4 7

Decreasing area preprocessing
    W=5
    sum lengths=   47
    sum max sides= 47
    box 1: 4 7
    box 2: 4 7
    box 3: 4 7
    box 4: 4 7
    box 5: 4 7
    box 6: 4 7
    box 7: 1 1
    box 8: 1 1
    box 9: 1 1
    box 10: 1 1
    box 11: 1 1

1)
   | W
 L | 0 1 2 3  4 
---------------
 0 | 1 1 1 1  7 
 1 | 1 1 1 1  8 
 2 | 1 1 1 1  9 
 3 | 1 1 1 1 10 
 4 | 1 1 1 1 11 
 5 | 1 1 1 1  . 
 6 | 1 1 1 1  . 
 7 | 2 2 2 2  . 
 8 | 2 2 2 2  . 
 9 | 2 2 2 2  . 
10 | 2 2 2 2  . 
11 | 2 2 2 2  . 
12 | 2 2 2 2  . 
13 | 2 2 2 2  . 
14 | 3 3 3 3  . 
15 | 3 3 3 3  . 
16 | 3 3 3 3  . 
17 | 3 3 3 3  . 
18 | 3 3 3 3  . 
19 | 3 3 3 3  . 
20 | 3 3 3 3  . 
21 | 4 4 4 4  . 
22 | 4 4 4 4  . 
23 | 4 4 4 4  . 
24 | 4 4 4 4  . 
25 | 4 4 4 4  . 
26 | 4 4 4 4  . 
27 | 4 4 4 4  . 
28 | 5 5 5 5  . 
29 | 5 5 5 5  . 
30 | 5 5 5 5  . 
31 | 5 5 5 5  . 
32 | 5 5 5 5  . 
33 | 5 5 5 5  . 
34 | 5 5 5 5  . 
35 | 6 6 6 6  . 
36 | 6 6 6 6  . 
37 | 6 6 6 6  . 
38 | 6 6 6 6  . 
39 | 6 6 6 6  . 
40 | 6 6 6 6  . 
41 | 6 6 6 6  . 

Boxes' corners:       (w,l)
    Box  1 is at 
        top left     (0,0)
        bottom right (3,6)

    Box  2 is at 
        top left     (0,7)
        bottom right (3,13)

    Box  3 is at 
        top left     (0,14)
        bottom right (3,20)

    Box  4 is at 
        top left     (0,21)
        bottom right (3,27)

    Box  5 is at 
        top left     (0,28)
        bottom right (3,34)

    Box  6 is at 
        top left     (0,35)
        bottom right (3,41)

    Box  7 is at 
        top left     (4,0)
        bottom right (4,0)

    Box  8 is at 
        top left     (4,1)
        bottom right (4,1)

    Box  9 is at 
        top left     (4,2)
        bottom right (4,2)

    Box 10 is at 
        top left     (4,3)
        bottom right (4,3)

    Box 11 is at 
        top left     (4,4)
        bottom right (4,4)

    Roll length used: 42

Decreasing width preprocessing
    W=5
    sum lengths=   47
    sum max sides= 47
    box 1: 4 7
    box 2: 4 7
    box 3: 4 7
    box 4: 4 7
    box 5: 4 7
    box 6: 4 7
    box 7: 1 1
    box 8: 1 1
    box 9: 1 1
    box 10: 1 1
    box 11: 1 1

----------------------------
Random preprocessing 1)
    W=5
    sum lengths=   47
    sum max sides= 47
    box 1: 4 7
    box 2: 4 7
    box 3: 1 1
    box 4: 4 7
    box 5: 1 1
    box 6: 1 1
    box 7: 1 1
    box 8: 4 7
    box 9: 1 1
    box 10: 4 7
    box 11: 4 7

----------------------------
Random preprocessing 2)
    W=5
    sum lengths=   47
    sum max sides= 47
    box 1: 4 7
    box 2: 1 1
    box 3: 4 7
    box 4: 4 7
    box 5: 1 1
    box 6: 4 7
    box 7: 1 1
    box 8: 4 7
    box 9: 4 7
    box 10: 1 1
    box 11: 1 1

----------------------------
Random preprocessing 3)
    W=5
    sum lengths=   47
    sum max sides= 47
    box 1: 4 7
    box 2: 1 1
    box 3: 4 7
    box 4: 1 1
    box 5: 1 1
    box 6: 4 7
    box 7: 4 7
    box 8: 4 7
    box 9: 1 1
    box 10: 1 1
    box 11: 4 7

----------------------------
Random preprocessing 4)
    W=5
    sum lengths=   47
    sum max sides= 47
    box 1: 1 1
    box 2: 1 1
    box 3: 1 1
    box 4: 4 7
    box 5: 1 1
    box 6: 1 1
    box 7: 4 7
    box 8: 4 7
    box 9: 4 7
    box 10: 4 7
    box 11: 4 7

----------------------------
Random preprocessing 5)
    W=5
    sum lengths=   47
    sum max sides= 47
    box 1: 4 7
    box 2: 1 1
    box 3: 1 1
    box 4: 4 7
    box 5: 1 1
    box 6: 4 7
    box 7: 4 7
    box 8: 4 7
    box 9: 4 7
    box 10: 1 1
    box 11: 1 1

In 44.7868 seconds (average)
--------------------
1)
   | W
 L | 0 1 2 3  4 
---------------
 0 | 1 1 1 1  7 
 1 | 1 1 1 1  8 
 2 | 1 1 1 1  9 
 3 | 1 1 1 1 10 
 4 | 1 1 1 1 11 
 5 | 1 1 1 1  . 
 6 | 1 1 1 1  . 
 7 | 2 2 2 2  . 
 8 | 2 2 2 2  . 
 9 | 2 2 2 2  . 
10 | 2 2 2 2  . 
11 | 2 2 2 2  . 
12 | 2 2 2 2  . 
13 | 2 2 2 2  . 
14 | 3 3 3 3  . 
15 | 3 3 3 3  . 
16 | 3 3 3 3  . 
17 | 3 3 3 3  . 
18 | 3 3 3 3  . 
19 | 3 3 3 3  . 
20 | 3 3 3 3  . 
21 | 4 4 4 4  . 
22 | 4 4 4 4  . 
23 | 4 4 4 4  . 
24 | 4 4 4 4  . 
25 | 4 4 4 4  . 
26 | 4 4 4 4  . 
27 | 4 4 4 4  . 
28 | 5 5 5 5  . 
29 | 5 5 5 5  . 
30 | 5 5 5 5  . 
31 | 5 5 5 5  . 
32 | 5 5 5 5  . 
33 | 5 5 5 5  . 
34 | 5 5 5 5  . 
35 | 6 6 6 6  . 
36 | 6 6 6 6  . 
37 | 6 6 6 6  . 
38 | 6 6 6 6  . 
39 | 6 6 6 6  . 
40 | 6 6 6 6  . 
41 | 6 6 6 6  . 

Boxes' corners:       (w,l)
    Box  1 is at 
        top left     (0,0)
        bottom right (3,6)

    Box  2 is at 
        top left     (0,7)
        bottom right (3,13)

    Box  3 is at 
        top left     (0,14)
        bottom right (3,20)

    Box  4 is at 
        top left     (0,21)
        bottom right (3,27)

    Box  5 is at 
        top left     (0,28)
        bottom right (3,34)

    Box  6 is at 
        top left     (0,35)
        bottom right (3,41)

    Box  7 is at 
        top left     (4,0)
        bottom right (4,0)

    Box  8 is at 
        top left     (4,1)
        bottom right (4,1)

    Box  9 is at 
        top left     (4,2)
        bottom right (4,2)

    Box 10 is at 
        top left     (4,3)
        bottom right (4,3)

    Box 11 is at 
        top left     (4,4)
        bottom right (4,4)

    Roll length used: 42
--------------------
   | W
 L | 0 1 2 3  4 
---------------
 0 | 1 1 1 1  7 
 1 | 1 1 1 1  8 
 2 | 1 1 1 1  9 
 3 | 1 1 1 1 10 
 4 | 1 1 1 1 11 
 5 | 1 1 1 1  . 
 6 | 1 1 1 1  . 
 7 | 2 2 2 2  . 
 8 | 2 2 2 2  . 
 9 | 2 2 2 2  . 
10 | 2 2 2 2  . 
11 | 2 2 2 2  . 
12 | 2 2 2 2  . 
13 | 2 2 2 2  . 
14 | 3 3 3 3  . 
15 | 3 3 3 3  . 
16 | 3 3 3 3  . 
17 | 3 3 3 3  . 
18 | 3 3 3 3  . 
19 | 3 3 3 3  . 
20 | 3 3 3 3  . 
21 | 4 4 4 4  . 
22 | 4 4 4 4  . 
23 | 4 4 4 4  . 
24 | 4 4 4 4  . 
25 | 4 4 4 4  . 
26 | 4 4 4 4  . 
27 | 4 4 4 4  . 
28 | 5 5 5 5  . 
29 | 5 5 5 5  . 
30 | 5 5 5 5  . 
31 | 5 5 5 5  . 
32 | 5 5 5 5  . 
33 | 5 5 5 5  . 
34 | 5 5 5 5  . 
35 | 6 6 6 6  . 
36 | 6 6 6 6  . 
37 | 6 6 6 6  . 
38 | 6 6 6 6  . 
39 | 6 6 6 6  . 
40 | 6 6 6 6  . 
41 | 6 6 6 6  . 

Boxes' corners:       (w,l)
    Box  1 is at 
        top left     (0,0)
        bottom right (3,6)

    Box  2 is at 
        top left     (0,7)
        bottom right (3,13)

    Box  3 is at 
        top left     (0,14)
        bottom right (3,20)

    Box  4 is at 
        top left     (0,21)
        bottom right (3,27)

    Box  5 is at 
        top left     (0,28)
        bottom right (3,34)

    Box  6 is at 
        top left     (0,35)
        bottom right (3,41)

    Box  7 is at 
        top left     (4,0)
        bottom right (4,0)

    Box  8 is at 
        top left     (4,1)
        bottom right (4,1)

    Box  9 is at 
        top left     (4,2)
        bottom right (4,2)

    Box 10 is at 
        top left     (4,3)
        bottom right (4,3)

    Box 11 is at 
        top left     (4,4)
        bottom right (4,4)

    Roll length used: 42
