Sat 19 May 17:22:13 CEST 2018
Increasing area preprocessing
    W=4
    sum lengths=   15
    sum max sides= 15
    box 1: 1 1
    box 2: 1 1
    box 3: 1 1
    box 4: 1 2
    box 5: 1 2
    box 6: 2 2
    box 7: 2 2
    box 8: 2 2
    box 9: 2 2

1)
   | W
 L | 0 1 2 3 
------------
 0 | 1 2 3 . 
 1 | 4 4 5 5 
 2 | 6 6 7 7 
 3 | 6 6 7 7 
 4 | 8 8 9 9 
 5 | 8 8 9 9 
 6 | . . . . 
 7 | . . . . 
 8 | . . . . 
 9 | . . . . 
10 | . . . . 
11 | . . . . 
12 | . . . . 
13 | . . . . 
14 | . . . . 

Boxes' corners:      (w,l)
    Box 1 is at 
        top left     (0,0)
        bottom right (0,0)

    Box 2 is at 
        top left     (1,0)
        bottom right (1,0)

    Box 3 is at 
        top left     (2,0)
        bottom right (2,0)

    Box 4 is at 
        top left     (0,1)
        bottom right (1,1)

    Box 5 is at 
        top left     (2,1)
        bottom right (3,1)

    Box 6 is at 
        top left     (0,2)
        bottom right (1,3)

    Box 7 is at 
        top left     (2,2)
        bottom right (3,3)

    Box 8 is at 
        top left     (0,4)
        bottom right (1,5)

    Box 9 is at 
        top left     (2,4)
        bottom right (3,5)

    Roll length used: 6

Increasing width preprocessing
    W=4
    sum lengths=   15
    sum max sides= 15
    box 1: 1 1
    box 2: 1 1
    box 3: 1 1
    box 4: 1 2
    box 5: 1 2
    box 6: 2 2
    box 7: 2 2
    box 8: 2 2
    box 9: 2 2

Decreasing area preprocessing
    W=4
    sum lengths=   15
    sum max sides= 15
    box 1: 2 2
    box 2: 2 2
    box 3: 2 2
    box 4: 2 2
    box 5: 1 2
    box 6: 1 2
    box 7: 1 1
    box 8: 1 1
    box 9: 1 1

Decreasing width preprocessing
    W=4
    sum lengths=   15
    sum max sides= 15
    box 1: 2 2
    box 2: 2 2
    box 3: 2 2
    box 4: 2 2
    box 5: 1 2
    box 6: 1 2
    box 7: 1 1
    box 8: 1 1
    box 9: 1 1

----------------------------
Random preprocessing 1)
    W=4
    sum lengths=   15
    sum max sides= 15
    box 1: 1 1
    box 2: 2 2
    box 3: 1 1
    box 4: 2 2
    box 5: 1 2
    box 6: 1 2
    box 7: 1 1
    box 8: 2 2
    box 9: 2 2

----------------------------
Random preprocessing 2)
    W=4
    sum lengths=   15
    sum max sides= 15
    box 1: 2 2
    box 2: 2 2
    box 3: 2 2
    box 4: 1 1
    box 5: 1 1
    box 6: 1 2
    box 7: 1 2
    box 8: 2 2
    box 9: 1 1

----------------------------
Random preprocessing 3)
    W=4
    sum lengths=   15
    sum max sides= 15
    box 1: 2 2
    box 2: 1 1
    box 3: 1 2
    box 4: 1 1
    box 5: 2 2
    box 6: 2 2
    box 7: 2 2
    box 8: 1 2
    box 9: 1 1

----------------------------
Random preprocessing 4)
    W=4
    sum lengths=   15
    sum max sides= 15
    box 1: 2 2
    box 2: 1 1
    box 3: 1 1
    box 4: 2 2
    box 5: 1 2
    box 6: 1 2
    box 7: 1 1
    box 8: 2 2
    box 9: 2 2

----------------------------
Random preprocessing 5)
    W=4
    sum lengths=   15
    sum max sides= 15
    box 1: 2 2
    box 2: 1 1
    box 3: 1 1
    box 4: 2 2
    box 5: 1 1
    box 6: 2 2
    box 7: 2 2
    box 8: 1 2
    box 9: 1 2

In 26.4617 seconds (average)
--------------------
1)
   | W
 L | 0 1 2 3 
------------
 0 | 1 2 3 . 
 1 | 4 4 5 5 
 2 | 6 6 7 7 
 3 | 6 6 7 7 
 4 | 8 8 9 9 
 5 | 8 8 9 9 
 6 | . . . . 
 7 | . . . . 
 8 | . . . . 
 9 | . . . . 
10 | . . . . 
11 | . . . . 
12 | . . . . 
13 | . . . . 
14 | . . . . 

Boxes' corners:      (w,l)
    Box 1 is at 
        top left     (0,0)
        bottom right (0,0)

    Box 2 is at 
        top left     (1,0)
        bottom right (1,0)

    Box 3 is at 
        top left     (2,0)
        bottom right (2,0)

    Box 4 is at 
        top left     (0,1)
        bottom right (1,1)

    Box 5 is at 
        top left     (2,1)
        bottom right (3,1)

    Box 6 is at 
        top left     (0,2)
        bottom right (1,3)

    Box 7 is at 
        top left     (2,2)
        bottom right (3,3)

    Box 8 is at 
        top left     (0,4)
        bottom right (1,5)

    Box 9 is at 
        top left     (2,4)
        bottom right (3,5)

    Roll length used: 6
--------------------
   | W
 L | 0 1 2 3 
------------
 0 | 1 2 3 . 
 1 | 4 4 5 5 
 2 | 6 6 7 7 
 3 | 6 6 7 7 
 4 | 8 8 9 9 
 5 | 8 8 9 9 
 6 | . . . . 
 7 | . . . . 
 8 | . . . . 
 9 | . . . . 
10 | . . . . 
11 | . . . . 
12 | . . . . 
13 | . . . . 
14 | . . . . 

Boxes' corners:      (w,l)
    Box 1 is at 
        top left     (0,0)
        bottom right (0,0)

    Box 2 is at 
        top left     (1,0)
        bottom right (1,0)

    Box 3 is at 
        top left     (2,0)
        bottom right (2,0)

    Box 4 is at 
        top left     (0,1)
        bottom right (1,1)

    Box 5 is at 
        top left     (2,1)
        bottom right (3,1)

    Box 6 is at 
        top left     (0,2)
        bottom right (1,3)

    Box 7 is at 
        top left     (2,2)
        bottom right (3,3)

    Box 8 is at 
        top left     (0,4)
        bottom right (1,5)

    Box 9 is at 
        top left     (2,4)
        bottom right (3,5)

    Roll length used: 6
