Sat 19 May 18:12:24 CEST 2018
Increasing area preprocessing
    W=3
    sum lengths=   35
    sum max sides= 35
    box 1: 1 1
    box 2: 1 2
    box 3: 1 3
    box 4: 2 2
    box 5: 1 8
    box 6: 1 8
    box 7: 1 8
    box 8: 3 3

1)
   | W
 L | 0 1 2 
----------
 0 | 1 2 2 
 1 | 3 3 3 
 2 | 4 4 5 
 3 | 4 4 5 
 4 | 6 7 5 
 5 | 6 7 5 
 6 | 6 7 5 
 7 | 6 7 5 
 8 | 6 7 5 
 9 | 6 7 5 
10 | 6 7 . 
11 | 6 7 . 
12 | 8 8 8 
13 | 8 8 8 
14 | 8 8 8 
15 | . . . 
16 | . . . 
17 | . . . 
18 | . . . 
19 | . . . 
20 | . . . 
21 | . . . 
22 | . . . 
23 | . . . 
24 | . . . 
25 | . . . 
26 | . . . 
27 | . . . 
28 | . . . 
29 | . . . 
30 | . . . 
31 | . . . 
32 | . . . 
33 | . . . 
34 | . . . 

Boxes' corners:      (w,l)
    Box 1 is at 
        top left     (0,0)
        bottom right (0,0)

    Box 2 is at 
        top left     (1,0)
        bottom right (2,0)

    Box 3 is at 
        top left     (0,1)
        bottom right (2,1)

    Box 4 is at 
        top left     (0,2)
        bottom right (1,3)

    Box 5 is at 
        top left     (2,2)
        bottom right (2,9)

    Box 6 is at 
        top left     (0,4)
        bottom right (0,11)

    Box 7 is at 
        top left     (1,4)
        bottom right (1,11)

    Box 8 is at 
        top left     (0,12)
        bottom right (2,14)

    Roll length used: 15

Increasing width preprocessing
    W=3
    sum lengths=   35
    sum max sides= 35
    box 1: 1 1
    box 2: 1 2
    box 3: 1 3
    box 4: 1 8
    box 5: 1 8
    box 6: 1 8
    box 7: 2 2
    box 8: 3 3

Decreasing area preprocessing
    W=3
    sum lengths=   35
    sum max sides= 35
    box 1: 3 3
    box 2: 1 8
    box 3: 1 8
    box 4: 1 8
    box 5: 2 2
    box 6: 1 3
    box 7: 1 2
    box 8: 1 1

Decreasing width preprocessing
    W=3
    sum lengths=   35
    sum max sides= 35
    box 1: 3 3
    box 2: 2 2
    box 3: 1 8
    box 4: 1 8
    box 5: 1 8
    box 6: 1 3
    box 7: 1 2
    box 8: 1 1

----------------------------
Random preprocessing 1)
    W=3
    sum lengths=   35
    sum max sides= 35
    box 1: 3 3
    box 2: 1 1
    box 3: 1 8
    box 4: 1 3
    box 5: 1 8
    box 6: 1 2
    box 7: 2 2
    box 8: 1 8

----------------------------
Random preprocessing 2)
    W=3
    sum lengths=   35
    sum max sides= 35
    box 1: 3 3
    box 2: 1 1
    box 3: 2 2
    box 4: 1 3
    box 5: 1 8
    box 6: 1 2
    box 7: 1 8
    box 8: 1 8

----------------------------
Random preprocessing 3)
    W=3
    sum lengths=   35
    sum max sides= 35
    box 1: 2 2
    box 2: 1 8
    box 3: 1 1
    box 4: 1 3
    box 5: 3 3
    box 6: 1 8
    box 7: 1 8
    box 8: 1 2

----------------------------
Random preprocessing 4)
    W=3
    sum lengths=   35
    sum max sides= 35
    box 1: 1 3
    box 2: 2 2
    box 3: 1 8
    box 4: 3 3
    box 5: 1 1
    box 6: 1 8
    box 7: 1 8
    box 8: 1 2

----------------------------
Random preprocessing 5)
    W=3
    sum lengths=   35
    sum max sides= 35
    box 1: 1 8
    box 2: 2 2
    box 3: 3 3
    box 4: 1 3
    box 5: 1 2
    box 6: 1 1
    box 7: 1 8
    box 8: 1 8

In 23.3821 seconds (average)
--------------------
1)
   | W
 L | 0 1 2 
----------
 0 | 1 2 2 
 1 | 3 3 3 
 2 | 4 4 5 
 3 | 4 4 5 
 4 | 6 7 5 
 5 | 6 7 5 
 6 | 6 7 5 
 7 | 6 7 5 
 8 | 6 7 5 
 9 | 6 7 5 
10 | 6 7 . 
11 | 6 7 . 
12 | 8 8 8 
13 | 8 8 8 
14 | 8 8 8 
15 | . . . 
16 | . . . 
17 | . . . 
18 | . . . 
19 | . . . 
20 | . . . 
21 | . . . 
22 | . . . 
23 | . . . 
24 | . . . 
25 | . . . 
26 | . . . 
27 | . . . 
28 | . . . 
29 | . . . 
30 | . . . 
31 | . . . 
32 | . . . 
33 | . . . 
34 | . . . 

Boxes' corners:      (w,l)
    Box 1 is at 
        top left     (0,0)
        bottom right (0,0)

    Box 2 is at 
        top left     (1,0)
        bottom right (2,0)

    Box 3 is at 
        top left     (0,1)
        bottom right (2,1)

    Box 4 is at 
        top left     (0,2)
        bottom right (1,3)

    Box 5 is at 
        top left     (2,2)
        bottom right (2,9)

    Box 6 is at 
        top left     (0,4)
        bottom right (0,11)

    Box 7 is at 
        top left     (1,4)
        bottom right (1,11)

    Box 8 is at 
        top left     (0,12)
        bottom right (2,14)

    Roll length used: 15
--------------------
   | W
 L | 0 1 2 
----------
 0 | 1 2 2 
 1 | 3 3 3 
 2 | 4 4 5 
 3 | 4 4 5 
 4 | 6 7 5 
 5 | 6 7 5 
 6 | 6 7 5 
 7 | 6 7 5 
 8 | 6 7 5 
 9 | 6 7 5 
10 | 6 7 . 
11 | 6 7 . 
12 | 8 8 8 
13 | 8 8 8 
14 | 8 8 8 
15 | . . . 
16 | . . . 
17 | . . . 
18 | . . . 
19 | . . . 
20 | . . . 
21 | . . . 
22 | . . . 
23 | . . . 
24 | . . . 
25 | . . . 
26 | . . . 
27 | . . . 
28 | . . . 
29 | . . . 
30 | . . . 
31 | . . . 
32 | . . . 
33 | . . . 
34 | . . . 

Boxes' corners:      (w,l)
    Box 1 is at 
        top left     (0,0)
        bottom right (0,0)

    Box 2 is at 
        top left     (1,0)
        bottom right (2,0)

    Box 3 is at 
        top left     (0,1)
        bottom right (2,1)

    Box 4 is at 
        top left     (0,2)
        bottom right (1,3)

    Box 5 is at 
        top left     (2,2)
        bottom right (2,9)

    Box 6 is at 
        top left     (0,4)
        bottom right (0,11)

    Box 7 is at 
        top left     (1,4)
        bottom right (1,11)

    Box 8 is at 
        top left     (0,12)
        bottom right (2,14)

    Roll length used: 15
