Sat 19 May 19:32:21 CEST 2018
CPXPARAM_TimeLimit                               45
CPXPARAM_Threads                                 1
CPXPARAM_MIP_Strategy_CallbackReducedLP          0
Tried aggregator 13 times.
MIP Presolve eliminated 19986 rows and 12995 columns.
MIP Presolve modified 12796 coefficients.
Aggregator did 23622 substitutions.
Reduced MIP has 32026 rows, 24414 columns, and 79688 nonzeros.
Reduced MIP has 23660 binaries, 14 generals, 0 SOSs, and 3606 indicators.
Presolve time = 0.73 sec. (1864.34 ticks)
Probing time = 0.17 sec. (161.39 ticks)
Tried aggregator 6 times.
Aggregator did 16216 substitutions.
Reduced MIP has 15810 rows, 8198 columns, and 47256 nonzeros.
Reduced MIP has 7444 binaries, 754 generals, 0 SOSs, and 3606 indicators.
Presolve time = 0.12 sec. (183.45 ticks)
Probing time = 0.10 sec. (128.99 ticks)
Tried aggregator 1 time.
Reduced MIP has 15810 rows, 8198 columns, and 47256 nonzeros.
Reduced MIP has 7444 binaries, 754 generals, 0 SOSs, and 3606 indicators.
Presolve time = 0.04 sec. (45.89 ticks)
Probing time = 0.01 sec. (10.12 ticks)
Clique table members: 472047.
MIP emphasis: balance optimality and feasibility.
MIP search method: dynamic search.
Parallel mode: none, using 1 thread.
Root relaxation solution time = 0.25 sec. (287.34 ticks)

        Nodes                                         Cuts/
   Node  Left     Objective  IInf  Best Integer    Best Bound    ItCnt     Gap

      0     0        0.0000  3683                      0.0000     1185         
      0     0        0.0000  1116               Cliques: 4052     5608         
      0     0        0.0000   892               Cliques: 4052     6610         

Clique cuts applied:  9418
Implied bound cuts applied:  48

Root node processing (before b&c):
  Real time             =   45.17 sec. (54564.41 ticks)
Sequential b&c:
  Real time             =    0.00 sec. (0.00 ticks)
                          ------------
Total (root+branch&cut) =   45.17 sec. (54564.41 ticks)
