Sat 19 May 18:29:16 CEST 2018
Increasing area preprocessing
    W=7
    sum lengths=   36
    sum max sides= 36
    box 1: 1 1
    box 2: 1 1
    box 3: 2 3
    box 4: 2 3
    box 5: 2 3
    box 6: 2 3
    box 7: 3 3
    box 8: 3 3
    box 9: 3 3
    box 10: 3 3
    box 11: 3 3
    box 12: 3 3
    box 13: 3 4

1)
   | W
 L |  0  1  2  3  4  5  6 
-------------------------
 0 |  1  2  3  3  3  .  . 
 1 |  .  .  3  3  3  .  . 
 2 |  4  4  4  5  5  5  . 
 3 |  4  4  4  5  5  5  . 
 4 |  6  6  6  7  7  7  . 
 5 |  6  6  6  7  7  7  . 
 6 |  8  8  8  7  7  7  . 
 7 |  8  8  8  9  9  9  . 
 8 |  8  8  8  9  9  9  . 
 9 | 10 10 10  9  9  9  . 
10 | 10 10 10 11 11 11  . 
11 | 10 10 10 11 11 11  . 
12 | 12 12 12 11 11 11  . 
13 | 12 12 12 13 13 13 13 
14 | 12 12 12 13 13 13 13 
15 |  .  .  . 13 13 13 13 
16 |  .  .  .  .  .  .  . 
17 |  .  .  .  .  .  .  . 
18 |  .  .  .  .  .  .  . 
19 |  .  .  .  .  .  .  . 
20 |  .  .  .  .  .  .  . 
21 |  .  .  .  .  .  .  . 
22 |  .  .  .  .  .  .  . 
23 |  .  .  .  .  .  .  . 
24 |  .  .  .  .  .  .  . 
25 |  .  .  .  .  .  .  . 
26 |  .  .  .  .  .  .  . 
27 |  .  .  .  .  .  .  . 
28 |  .  .  .  .  .  .  . 
29 |  .  .  .  .  .  .  . 
30 |  .  .  .  .  .  .  . 
31 |  .  .  .  .  .  .  . 
32 |  .  .  .  .  .  .  . 
33 |  .  .  .  .  .  .  . 
34 |  .  .  .  .  .  .  . 
35 |  .  .  .  .  .  .  . 

Boxes' corners:       (w,l)
    Box  1 is at 
        top left     (0,0)
        bottom right (0,0)

    Box  2 is at 
        top left     (1,0)
        bottom right (1,0)

    Box  3 is at 
        top left     (2,0)
        bottom right (4,1)

    Box  4 is at 
        top left     (0,2)
        bottom right (2,3)

    Box  5 is at 
        top left     (3,2)
        bottom right (5,3)

    Box  6 is at 
        top left     (0,4)
        bottom right (2,5)

    Box  7 is at 
        top left     (3,4)
        bottom right (5,6)

    Box  8 is at 
        top left     (0,6)
        bottom right (2,8)

    Box  9 is at 
        top left     (3,7)
        bottom right (5,9)

    Box 10 is at 
        top left     (0,9)
        bottom right (2,11)

    Box 11 is at 
        top left     (3,10)
        bottom right (5,12)

    Box 12 is at 
        top left     (0,12)
        bottom right (2,14)

    Box 13 is at 
        top left     (3,13)
        bottom right (6,15)

    Roll length used: 16

Increasing width preprocessing
    W=7
    sum lengths=   36
    sum max sides= 36
    box 1: 1 1
    box 2: 1 1
    box 3: 2 3
    box 4: 2 3
    box 5: 2 3
    box 6: 2 3
    box 7: 3 3
    box 8: 3 3
    box 9: 3 3
    box 10: 3 3
    box 11: 3 3
    box 12: 3 3
    box 13: 3 4

Decreasing area preprocessing
    W=7
    sum lengths=   36
    sum max sides= 36
    box 1: 3 4
    box 2: 3 3
    box 3: 3 3
    box 4: 3 3
    box 5: 3 3
    box 6: 3 3
    box 7: 3 3
    box 8: 2 3
    box 9: 2 3
    box 10: 2 3
    box 11: 2 3
    box 12: 1 1
    box 13: 1 1

1)
   | W
 L |  0  1  2  3  4  5  6 
-------------------------
 0 |  1  1  1  1  2  2  2 
 1 |  1  1  1  1  2  2  2 
 2 |  1  1  1  1  2  2  2 
 3 |  3  3  3  4  4  4 12 
 4 |  3  3  3  4  4  4 13 
 5 |  3  3  3  4  4  4  . 
 6 |  5  5  5  6  6  6  . 
 7 |  5  5  5  6  6  6  . 
 8 |  5  5  5  6  6  6  . 
 9 |  7  7  7  8  8  8  . 
10 |  7  7  7  8  8  8  . 
11 |  7  7  7  9  9  9  . 
12 | 10 10 10  9  9  9  . 
13 | 10 10 10 11 11 11  . 
14 |  .  .  . 11 11 11  . 

Boxes' corners:       (w,l)
    Box  1 is at 
        top left     (0,0)
        bottom right (3,2)

    Box  2 is at 
        top left     (4,0)
        bottom right (6,2)

    Box  3 is at 
        top left     (0,3)
        bottom right (2,5)

    Box  4 is at 
        top left     (3,3)
        bottom right (5,5)

    Box  5 is at 
        top left     (0,6)
        bottom right (2,8)

    Box  6 is at 
        top left     (3,6)
        bottom right (5,8)

    Box  7 is at 
        top left     (0,9)
        bottom right (2,11)

    Box  8 is at 
        top left     (3,9)
        bottom right (5,10)

    Box  9 is at 
        top left     (3,11)
        bottom right (5,12)

    Box 10 is at 
        top left     (0,12)
        bottom right (2,13)

    Box 11 is at 
        top left     (3,13)
        bottom right (5,14)

    Box 12 is at 
        top left     (6,3)
        bottom right (6,3)

    Box 13 is at 
        top left     (6,4)
        bottom right (6,4)

    Roll length used: 15

Decreasing width preprocessing
    W=7
    sum lengths=   36
    sum max sides= 36
    box 1: 3 4
    box 2: 3 3
    box 3: 3 3
    box 4: 3 3
    box 5: 3 3
    box 6: 3 3
    box 7: 3 3
    box 8: 2 3
    box 9: 2 3
    box 10: 2 3
    box 11: 2 3
    box 12: 1 1
    box 13: 1 1

----------------------------
Random preprocessing 1)
    W=7
    sum lengths=   36
    sum max sides= 36
    box 1: 2 3
    box 2: 2 3
    box 3: 3 3
    box 4: 1 1
    box 5: 1 1
    box 6: 3 3
    box 7: 3 3
    box 8: 3 3
    box 9: 3 3
    box 10: 2 3
    box 11: 3 3
    box 12: 3 4
    box 13: 2 3

----------------------------
Random preprocessing 2)
    W=7
    sum lengths=   36
    sum max sides= 36
    box 1: 1 1
    box 2: 3 4
    box 3: 2 3
    box 4: 2 3
    box 5: 3 3
    box 6: 3 3
    box 7: 1 1
    box 8: 2 3
    box 9: 3 3
    box 10: 2 3
    box 11: 3 3
    box 12: 3 3
    box 13: 3 3

----------------------------
Random preprocessing 3)
    W=7
    sum lengths=   36
    sum max sides= 36
    box 1: 1 1
    box 2: 3 3
    box 3: 2 3
    box 4: 3 3
    box 5: 1 1
    box 6: 2 3
    box 7: 2 3
    box 8: 3 3
    box 9: 3 3
    box 10: 3 4
    box 11: 3 3
    box 12: 3 3
    box 13: 2 3

----------------------------
Random preprocessing 4)
    W=7
    sum lengths=   36
    sum max sides= 36
    box 1: 3 3
    box 2: 3 4
    box 3: 1 1
    box 4: 2 3
    box 5: 2 3
    box 6: 2 3
    box 7: 1 1
    box 8: 3 3
    box 9: 3 3
    box 10: 3 3
    box 11: 3 3
    box 12: 2 3
    box 13: 3 3

----------------------------
Random preprocessing 5)
    W=7
    sum lengths=   36
    sum max sides= 36
    box 1: 3 4
    box 2: 2 3
    box 3: 3 3
    box 4: 3 3
    box 5: 3 3
    box 6: 3 3
    box 7: 1 1
    box 8: 2 3
    box 9: 2 3
    box 10: 3 3
    box 11: 3 3
    box 12: 2 3
    box 13: 1 1

In 42.8241 seconds (average)
--------------------
1)
   | W
 L |  0  1  2  3  4  5  6 
-------------------------
 0 |  1  1  1  1  2  2  2 
 1 |  1  1  1  1  2  2  2 
 2 |  1  1  1  1  2  2  2 
 3 |  3  3  3  4  4  4 12 
 4 |  3  3  3  4  4  4 13 
 5 |  3  3  3  4  4  4  . 
 6 |  5  5  5  6  6  6  . 
 7 |  5  5  5  6  6  6  . 
 8 |  5  5  5  6  6  6  . 
 9 |  7  7  7  8  8  8  . 
10 |  7  7  7  8  8  8  . 
11 |  7  7  7  9  9  9  . 
12 | 10 10 10  9  9  9  . 
13 | 10 10 10 11 11 11  . 
14 |  .  .  . 11 11 11  . 

Boxes' corners:       (w,l)
    Box  1 is at 
        top left     (0,0)
        bottom right (3,2)

    Box  2 is at 
        top left     (4,0)
        bottom right (6,2)

    Box  3 is at 
        top left     (0,3)
        bottom right (2,5)

    Box  4 is at 
        top left     (3,3)
        bottom right (5,5)

    Box  5 is at 
        top left     (0,6)
        bottom right (2,8)

    Box  6 is at 
        top left     (3,6)
        bottom right (5,8)

    Box  7 is at 
        top left     (0,9)
        bottom right (2,11)

    Box  8 is at 
        top left     (3,9)
        bottom right (5,10)

    Box  9 is at 
        top left     (3,11)
        bottom right (5,12)

    Box 10 is at 
        top left     (0,12)
        bottom right (2,13)

    Box 11 is at 
        top left     (3,13)
        bottom right (5,14)

    Box 12 is at 
        top left     (6,3)
        bottom right (6,3)

    Box 13 is at 
        top left     (6,4)
        bottom right (6,4)

    Roll length used: 15
--------------------
   | W
 L |  0  1  2  3  4  5  6 
-------------------------
 0 |  1  1  1  1  2  2  2 
 1 |  1  1  1  1  2  2  2 
 2 |  1  1  1  1  2  2  2 
 3 |  3  3  3  4  4  4 12 
 4 |  3  3  3  4  4  4 13 
 5 |  3  3  3  4  4  4  . 
 6 |  5  5  5  6  6  6  . 
 7 |  5  5  5  6  6  6  . 
 8 |  5  5  5  6  6  6  . 
 9 |  7  7  7  8  8  8  . 
10 |  7  7  7  8  8  8  . 
11 |  7  7  7  9  9  9  . 
12 | 10 10 10  9  9  9  . 
13 | 10 10 10 11 11 11  . 
14 |  .  .  . 11 11 11  . 

Boxes' corners:       (w,l)
    Box  1 is at 
        top left     (0,0)
        bottom right (3,2)

    Box  2 is at 
        top left     (4,0)
        bottom right (6,2)

    Box  3 is at 
        top left     (0,3)
        bottom right (2,5)

    Box  4 is at 
        top left     (3,3)
        bottom right (5,5)

    Box  5 is at 
        top left     (0,6)
        bottom right (2,8)

    Box  6 is at 
        top left     (3,6)
        bottom right (5,8)

    Box  7 is at 
        top left     (0,9)
        bottom right (2,11)

    Box  8 is at 
        top left     (3,9)
        bottom right (5,10)

    Box  9 is at 
        top left     (3,11)
        bottom right (5,12)

    Box 10 is at 
        top left     (0,12)
        bottom right (2,13)

    Box 11 is at 
        top left     (3,13)
        bottom right (5,14)

    Box 12 is at 
        top left     (6,3)
        bottom right (6,3)

    Box 13 is at 
        top left     (6,4)
        bottom right (6,4)

    Roll length used: 15
