Sat 19 May 18:12:50 CEST 2018
Increasing area preprocessing
    W=3
    sum lengths=   39
    sum max sides= 39
    box 1: 1 1
    box 2: 1 2
    box 3: 1 2
    box 4: 1 4
    box 5: 3 6
    box 6: 3 6
    box 7: 3 6
    box 8: 3 6
    box 9: 3 6

1)
   | W
 L | 0 1 2 
----------
 0 | 1 2 2 
 1 | 3 3 4 
 2 | . . 4 
 3 | . . 4 
 4 | . . 4 
 5 | 5 5 5 
 6 | 5 5 5 
 7 | 5 5 5 
 8 | 5 5 5 
 9 | 5 5 5 
10 | 5 5 5 
11 | 6 6 6 
12 | 6 6 6 
13 | 6 6 6 
14 | 6 6 6 
15 | 6 6 6 
16 | 6 6 6 
17 | 7 7 7 
18 | 7 7 7 
19 | 7 7 7 
20 | 7 7 7 
21 | 7 7 7 
22 | 7 7 7 
23 | 8 8 8 
24 | 8 8 8 
25 | 8 8 8 
26 | 8 8 8 
27 | 8 8 8 
28 | 8 8 8 
29 | 9 9 9 
30 | 9 9 9 
31 | 9 9 9 
32 | 9 9 9 
33 | 9 9 9 
34 | 9 9 9 
35 | . . . 
36 | . . . 
37 | . . . 
38 | . . . 

Boxes' corners:      (w,l)
    Box 1 is at 
        top left     (0,0)
        bottom right (0,0)

    Box 2 is at 
        top left     (1,0)
        bottom right (2,0)

    Box 3 is at 
        top left     (0,1)
        bottom right (1,1)

    Box 4 is at 
        top left     (2,1)
        bottom right (2,4)

    Box 5 is at 
        top left     (0,5)
        bottom right (2,10)

    Box 6 is at 
        top left     (0,11)
        bottom right (2,16)

    Box 7 is at 
        top left     (0,17)
        bottom right (2,22)

    Box 8 is at 
        top left     (0,23)
        bottom right (2,28)

    Box 9 is at 
        top left     (0,29)
        bottom right (2,34)

    Roll length used: 35

2)
   | W
 L | 0 1 2 
----------
 0 | . 1 4 
 1 | 2 2 4 
 2 | 3 3 4 
 3 | . . 4 
 4 | 5 5 5 
 5 | 5 5 5 
 6 | 5 5 5 
 7 | 5 5 5 
 8 | 5 5 5 
 9 | 5 5 5 
10 | 6 6 6 
11 | 6 6 6 
12 | 6 6 6 
13 | 6 6 6 
14 | 6 6 6 
15 | 6 6 6 
16 | 7 7 7 
17 | 7 7 7 
18 | 7 7 7 
19 | 7 7 7 
20 | 7 7 7 
21 | 7 7 7 
22 | 8 8 8 
23 | 8 8 8 
24 | 8 8 8 
25 | 8 8 8 
26 | 8 8 8 
27 | 8 8 8 
28 | 9 9 9 
29 | 9 9 9 
30 | 9 9 9 
31 | 9 9 9 
32 | 9 9 9 
33 | 9 9 9 
34 | . . . 
35 | . . . 
36 | . . . 
37 | . . . 
38 | . . . 

Boxes' corners:      (w,l)
    Box 1 is at 
        top left     (1,0)
        bottom right (1,0)

    Box 2 is at 
        top left     (0,1)
        bottom right (1,1)

    Box 3 is at 
        top left     (0,2)
        bottom right (1,2)

    Box 4 is at 
        top left     (2,0)
        bottom right (2,3)

    Box 5 is at 
        top left     (0,4)
        bottom right (2,9)

    Box 6 is at 
        top left     (0,10)
        bottom right (2,15)

    Box 7 is at 
        top left     (0,16)
        bottom right (2,21)

    Box 8 is at 
        top left     (0,22)
        bottom right (2,27)

    Box 9 is at 
        top left     (0,28)
        bottom right (2,33)

    Roll length used: 34

Increasing width preprocessing
    W=3
    sum lengths=   39
    sum max sides= 39
    box 1: 1 1
    box 2: 1 2
    box 3: 1 2
    box 4: 1 4
    box 5: 3 6
    box 6: 3 6
    box 7: 3 6
    box 8: 3 6
    box 9: 3 6

Decreasing area preprocessing
    W=3
    sum lengths=   39
    sum max sides= 39
    box 1: 3 6
    box 2: 3 6
    box 3: 3 6
    box 4: 3 6
    box 5: 3 6
    box 6: 1 4
    box 7: 1 2
    box 8: 1 2
    box 9: 1 1

Decreasing width preprocessing
    W=3
    sum lengths=   39
    sum max sides= 39
    box 1: 3 6
    box 2: 3 6
    box 3: 3 6
    box 4: 3 6
    box 5: 3 6
    box 6: 1 4
    box 7: 1 2
    box 8: 1 2
    box 9: 1 1

----------------------------
Random preprocessing 1)
    W=3
    sum lengths=   39
    sum max sides= 39
    box 1: 1 2
    box 2: 3 6
    box 3: 1 1
    box 4: 3 6
    box 5: 1 4
    box 6: 3 6
    box 7: 1 2
    box 8: 3 6
    box 9: 3 6

----------------------------
Random preprocessing 2)
    W=3
    sum lengths=   39
    sum max sides= 39
    box 1: 1 2
    box 2: 3 6
    box 3: 1 1
    box 4: 3 6
    box 5: 3 6
    box 6: 3 6
    box 7: 3 6
    box 8: 1 2
    box 9: 1 4

----------------------------
Random preprocessing 3)
    W=3
    sum lengths=   39
    sum max sides= 39
    box 1: 3 6
    box 2: 3 6
    box 3: 1 2
    box 4: 1 2
    box 5: 3 6
    box 6: 1 4
    box 7: 3 6
    box 8: 1 1
    box 9: 3 6

----------------------------
Random preprocessing 4)
    W=3
    sum lengths=   39
    sum max sides= 39
    box 1: 3 6
    box 2: 1 2
    box 3: 3 6
    box 4: 1 4
    box 5: 1 1
    box 6: 3 6
    box 7: 1 2
    box 8: 3 6
    box 9: 3 6

----------------------------
Random preprocessing 5)
    W=3
    sum lengths=   39
    sum max sides= 39
    box 1: 3 6
    box 2: 3 6
    box 3: 3 6
    box 4: 1 4
    box 5: 1 1
    box 6: 1 2
    box 7: 3 6
    box 8: 1 2
    box 9: 3 6

In 37.7565 seconds (average)
--------------------
1)
   | W
 L | 0 1 2 
----------
 0 | . 1 4 
 1 | 2 2 4 
 2 | 3 3 4 
 3 | . . 4 
 4 | 5 5 5 
 5 | 5 5 5 
 6 | 5 5 5 
 7 | 5 5 5 
 8 | 5 5 5 
 9 | 5 5 5 
10 | 6 6 6 
11 | 6 6 6 
12 | 6 6 6 
13 | 6 6 6 
14 | 6 6 6 
15 | 6 6 6 
16 | 7 7 7 
17 | 7 7 7 
18 | 7 7 7 
19 | 7 7 7 
20 | 7 7 7 
21 | 7 7 7 
22 | 8 8 8 
23 | 8 8 8 
24 | 8 8 8 
25 | 8 8 8 
26 | 8 8 8 
27 | 8 8 8 
28 | 9 9 9 
29 | 9 9 9 
30 | 9 9 9 
31 | 9 9 9 
32 | 9 9 9 
33 | 9 9 9 
34 | . . . 
35 | . . . 
36 | . . . 
37 | . . . 
38 | . . . 

Boxes' corners:      (w,l)
    Box 1 is at 
        top left     (1,0)
        bottom right (1,0)

    Box 2 is at 
        top left     (0,1)
        bottom right (1,1)

    Box 3 is at 
        top left     (0,2)
        bottom right (1,2)

    Box 4 is at 
        top left     (2,0)
        bottom right (2,3)

    Box 5 is at 
        top left     (0,4)
        bottom right (2,9)

    Box 6 is at 
        top left     (0,10)
        bottom right (2,15)

    Box 7 is at 
        top left     (0,16)
        bottom right (2,21)

    Box 8 is at 
        top left     (0,22)
        bottom right (2,27)

    Box 9 is at 
        top left     (0,28)
        bottom right (2,33)

    Roll length used: 34
--------------------
   | W
 L | 0 1 2 
----------
 0 | . 1 4 
 1 | 2 2 4 
 2 | 3 3 4 
 3 | . . 4 
 4 | 5 5 5 
 5 | 5 5 5 
 6 | 5 5 5 
 7 | 5 5 5 
 8 | 5 5 5 
 9 | 5 5 5 
10 | 6 6 6 
11 | 6 6 6 
12 | 6 6 6 
13 | 6 6 6 
14 | 6 6 6 
15 | 6 6 6 
16 | 7 7 7 
17 | 7 7 7 
18 | 7 7 7 
19 | 7 7 7 
20 | 7 7 7 
21 | 7 7 7 
22 | 8 8 8 
23 | 8 8 8 
24 | 8 8 8 
25 | 8 8 8 
26 | 8 8 8 
27 | 8 8 8 
28 | 9 9 9 
29 | 9 9 9 
30 | 9 9 9 
31 | 9 9 9 
32 | 9 9 9 
33 | 9 9 9 
34 | . . . 
35 | . . . 
36 | . . . 
37 | . . . 
38 | . . . 

Boxes' corners:      (w,l)
    Box 1 is at 
        top left     (1,0)
        bottom right (1,0)

    Box 2 is at 
        top left     (0,1)
        bottom right (1,1)

    Box 3 is at 
        top left     (0,2)
        bottom right (1,2)

    Box 4 is at 
        top left     (2,0)
        bottom right (2,3)

    Box 5 is at 
        top left     (0,4)
        bottom right (2,9)

    Box 6 is at 
        top left     (0,10)
        bottom right (2,15)

    Box 7 is at 
        top left     (0,16)
        bottom right (2,21)

    Box 8 is at 
        top left     (0,22)
        bottom right (2,27)

    Box 9 is at 
        top left     (0,28)
        bottom right (2,33)

    Roll length used: 34
