ds mai 19 17:23:27 CEST 2018
Increasing area preprocessing
    W=6
    sum lengths=   8
    sum max sides= 8
    box 1: 1 2
    box 2: 2 3
    box 3: 2 3

1)
  | W
L | 0 1 2 3 4 5 
----------------
0 | 1 1 2 2 2 . 
1 | . . 2 2 2 . 
2 | 3 3 3 . . . 
3 | 3 3 3 . . . 
4 | . . . . . . 
5 | . . . . . . 
6 | . . . . . . 
7 | . . . . . . 

Boxes' corners:      (w,l)
    Box 1 is at 
        top left     (0,0)
        bottom right (1,0)

    Box 2 is at 
        top left     (2,0)
        bottom right (4,1)

    Box 3 is at 
        top left     (0,2)
        bottom right (2,3)

    Roll length used: 4

2)
  | W
L | 0 1 2 3 4 5 
----------------
0 | 1 1 . 2 2 2 
1 | 3 3 3 2 2 2 
2 | 3 3 3 . . . 
3 | . . . . . . 
4 | . . . . . . 
5 | . . . . . . 
6 | . . . . . . 
7 | . . . . . . 

Boxes' corners:      (w,l)
    Box 1 is at 
        top left     (0,0)
        bottom right (1,0)

    Box 2 is at 
        top left     (3,0)
        bottom right (5,1)

    Box 3 is at 
        top left     (0,1)
        bottom right (2,2)

    Roll length used: 3

Increasing width preprocessing
    W=6
    sum lengths=   8
    sum max sides= 8
    box 1: 1 2
    box 2: 2 3
    box 3: 2 3

Decreasing area preprocessing
    W=6
    sum lengths=   8
    sum max sides= 8
    box 1: 2 3
    box 2: 2 3
    box 3: 1 2

Decreasing width preprocessing
    W=6
    sum lengths=   8
    sum max sides= 8
    box 1: 2 3
    box 2: 2 3
    box 3: 1 2

----------------------------
Random preprocessing 1)
    W=6
    sum lengths=   8
    sum max sides= 8
    box 1: 2 3
    box 2: 1 2
    box 3: 2 3

----------------------------
Random preprocessing 2)
    W=6
    sum lengths=   8
    sum max sides= 8
    box 1: 2 3
    box 2: 1 2
    box 3: 2 3

----------------------------
Random preprocessing 3)
    W=6
    sum lengths=   8
    sum max sides= 8
    box 1: 2 3
    box 2: 2 3
    box 3: 1 2

----------------------------
Random preprocessing 4)
    W=6
    sum lengths=   8
    sum max sides= 8
    box 1: 2 3
    box 2: 1 2
    box 3: 2 3

----------------------------
Random preprocessing 5)
    W=6
    sum lengths=   8
    sum max sides= 8
    box 1: 1 2
    box 2: 2 3
    box 3: 2 3

In 0.020001 seconds (average)
--------------------
1)
  | W
L | 0 1 2 3 4 5 
----------------
0 | 1 1 . 2 2 2 
1 | 3 3 3 2 2 2 
2 | 3 3 3 . . . 
3 | . . . . . . 
4 | . . . . . . 
5 | . . . . . . 
6 | . . . . . . 
7 | . . . . . . 

Boxes' corners:      (w,l)
    Box 1 is at 
        top left     (0,0)
        bottom right (1,0)

    Box 2 is at 
        top left     (3,0)
        bottom right (5,1)

    Box 3 is at 
        top left     (0,1)
        bottom right (2,2)

    Roll length used: 3
--------------------
  | W
L | 0 1 2 3 4 5 
----------------
0 | 1 1 . 2 2 2 
1 | 3 3 3 2 2 2 
2 | 3 3 3 . . . 
3 | . . . . . . 
4 | . . . . . . 
5 | . . . . . . 
6 | . . . . . . 
7 | . . . . . . 

Boxes' corners:      (w,l)
    Box 1 is at 
        top left     (0,0)
        bottom right (1,0)

    Box 2 is at 
        top left     (3,0)
        bottom right (5,1)

    Box 3 is at 
        top left     (0,1)
        bottom right (2,2)

    Roll length used: 3
