Sat 19 May 18:12:06 CEST 2018
Increasing area preprocessing
    W=3
    sum lengths=   15
    sum max sides= 15
    box 1: 1 3
    box 2: 2 2
    box 3: 2 2
    box 4: 2 2
    box 5: 2 2
    box 6: 2 2
    box 7: 2 2

1)
   | W
 L | 0 1 2 
----------
 0 | 1 1 1 
 1 | 2 2 . 
 2 | 2 2 . 
 3 | 3 3 . 
 4 | 3 3 . 
 5 | 4 4 . 
 6 | 4 4 . 
 7 | 5 5 . 
 8 | 5 5 . 
 9 | 6 6 . 
10 | 6 6 . 
11 | 7 7 . 
12 | 7 7 . 
13 | . . . 
14 | . . . 

Boxes' corners:      (w,l)
    Box 1 is at 
        top left     (0,0)
        bottom right (2,0)

    Box 2 is at 
        top left     (0,1)
        bottom right (1,2)

    Box 3 is at 
        top left     (0,3)
        bottom right (1,4)

    Box 4 is at 
        top left     (0,5)
        bottom right (1,6)

    Box 5 is at 
        top left     (0,7)
        bottom right (1,8)

    Box 6 is at 
        top left     (0,9)
        bottom right (1,10)

    Box 7 is at 
        top left     (0,11)
        bottom right (1,12)

    Roll length used: 13

2)
   | W
 L | 0 1 2 
----------
 0 | 1 2 2 
 1 | 1 2 2 
 2 | 1 3 3 
 3 | . 3 3 
 4 | 4 4 . 
 5 | 4 4 . 
 6 | 5 5 . 
 7 | 5 5 . 
 8 | 6 6 . 
 9 | 6 6 . 
10 | 7 7 . 
11 | 7 7 . 
12 | . . . 
13 | . . . 
14 | . . . 

Boxes' corners:      (w,l)
    Box 1 is at 
        top left     (0,0)
        bottom right (0,2)

    Box 2 is at 
        top left     (1,0)
        bottom right (2,1)

    Box 3 is at 
        top left     (1,2)
        bottom right (2,3)

    Box 4 is at 
        top left     (0,4)
        bottom right (1,5)

    Box 5 is at 
        top left     (0,6)
        bottom right (1,7)

    Box 6 is at 
        top left     (0,8)
        bottom right (1,9)

    Box 7 is at 
        top left     (0,10)
        bottom right (1,11)

    Roll length used: 12

Increasing width preprocessing
    W=3
    sum lengths=   15
    sum max sides= 15
    box 1: 1 3
    box 2: 2 2
    box 3: 2 2
    box 4: 2 2
    box 5: 2 2
    box 6: 2 2
    box 7: 2 2

Decreasing area preprocessing
    W=3
    sum lengths=   15
    sum max sides= 15
    box 1: 2 2
    box 2: 2 2
    box 3: 2 2
    box 4: 2 2
    box 5: 2 2
    box 6: 2 2
    box 7: 1 3

Decreasing width preprocessing
    W=3
    sum lengths=   15
    sum max sides= 15
    box 1: 2 2
    box 2: 2 2
    box 3: 2 2
    box 4: 2 2
    box 5: 2 2
    box 6: 2 2
    box 7: 1 3

----------------------------
Random preprocessing 1)
    W=3
    sum lengths=   15
    sum max sides= 15
    box 1: 2 2
    box 2: 2 2
    box 3: 2 2
    box 4: 2 2
    box 5: 2 2
    box 6: 2 2
    box 7: 1 3

----------------------------
Random preprocessing 2)
    W=3
    sum lengths=   15
    sum max sides= 15
    box 1: 2 2
    box 2: 1 3
    box 3: 2 2
    box 4: 2 2
    box 5: 2 2
    box 6: 2 2
    box 7: 2 2

----------------------------
Random preprocessing 3)
    W=3
    sum lengths=   15
    sum max sides= 15
    box 1: 2 2
    box 2: 1 3
    box 3: 2 2
    box 4: 2 2
    box 5: 2 2
    box 6: 2 2
    box 7: 2 2

----------------------------
Random preprocessing 4)
    W=3
    sum lengths=   15
    sum max sides= 15
    box 1: 2 2
    box 2: 1 3
    box 3: 2 2
    box 4: 2 2
    box 5: 2 2
    box 6: 2 2
    box 7: 2 2

----------------------------
Random preprocessing 5)
    W=3
    sum lengths=   15
    sum max sides= 15
    box 1: 2 2
    box 2: 2 2
    box 3: 2 2
    box 4: 2 2
    box 5: 1 3
    box 6: 2 2
    box 7: 2 2

In 12.1899 seconds (average)
--------------------
1)
   | W
 L | 0 1 2 
----------
 0 | 1 2 2 
 1 | 1 2 2 
 2 | 1 3 3 
 3 | . 3 3 
 4 | 4 4 . 
 5 | 4 4 . 
 6 | 5 5 . 
 7 | 5 5 . 
 8 | 6 6 . 
 9 | 6 6 . 
10 | 7 7 . 
11 | 7 7 . 
12 | . . . 
13 | . . . 
14 | . . . 

Boxes' corners:      (w,l)
    Box 1 is at 
        top left     (0,0)
        bottom right (0,2)

    Box 2 is at 
        top left     (1,0)
        bottom right (2,1)

    Box 3 is at 
        top left     (1,2)
        bottom right (2,3)

    Box 4 is at 
        top left     (0,4)
        bottom right (1,5)

    Box 5 is at 
        top left     (0,6)
        bottom right (1,7)

    Box 6 is at 
        top left     (0,8)
        bottom right (1,9)

    Box 7 is at 
        top left     (0,10)
        bottom right (1,11)

    Roll length used: 12
--------------------
   | W
 L | 0 1 2 
----------
 0 | 1 2 2 
 1 | 1 2 2 
 2 | 1 3 3 
 3 | . 3 3 
 4 | 4 4 . 
 5 | 4 4 . 
 6 | 5 5 . 
 7 | 5 5 . 
 8 | 6 6 . 
 9 | 6 6 . 
10 | 7 7 . 
11 | 7 7 . 
12 | . . . 
13 | . . . 
14 | . . . 

Boxes' corners:      (w,l)
    Box 1 is at 
        top left     (0,0)
        bottom right (0,2)

    Box 2 is at 
        top left     (1,0)
        bottom right (2,1)

    Box 3 is at 
        top left     (1,2)
        bottom right (2,3)

    Box 4 is at 
        top left     (0,4)
        bottom right (1,5)

    Box 5 is at 
        top left     (0,6)
        bottom right (1,7)

    Box 6 is at 
        top left     (0,8)
        bottom right (1,9)

    Box 7 is at 
        top left     (0,10)
        bottom right (1,11)

    Roll length used: 12
