Sat 19 May 18:30:01 CEST 2018
Increasing area preprocessing
    W=8
    sum lengths=   15
    sum max sides= 15
    box 1: 3 3
    box 2: 3 3
    box 3: 3 3
    box 4: 3 3
    box 5: 3 3

1)
   | W
 L | 0 1 2 3 4 5 6 7 
--------------------
 0 | 1 1 1 2 2 2 . . 
 1 | 1 1 1 2 2 2 . . 
 2 | 1 1 1 2 2 2 . . 
 3 | 3 3 3 4 4 4 . . 
 4 | 3 3 3 4 4 4 . . 
 5 | 3 3 3 4 4 4 . . 
 6 | 5 5 5 . . . . . 
 7 | 5 5 5 . . . . . 
 8 | 5 5 5 . . . . . 
 9 | . . . . . . . . 
10 | . . . . . . . . 
11 | . . . . . . . . 
12 | . . . . . . . . 
13 | . . . . . . . . 
14 | . . . . . . . . 

Boxes' corners:      (w,l)
    Box 1 is at 
        top left     (0,0)
        bottom right (2,2)

    Box 2 is at 
        top left     (3,0)
        bottom right (5,2)

    Box 3 is at 
        top left     (0,3)
        bottom right (2,5)

    Box 4 is at 
        top left     (3,3)
        bottom right (5,5)

    Box 5 is at 
        top left     (0,6)
        bottom right (2,8)

    Roll length used: 9

Increasing width preprocessing
    W=8
    sum lengths=   15
    sum max sides= 15
    box 1: 3 3
    box 2: 3 3
    box 3: 3 3
    box 4: 3 3
    box 5: 3 3

Decreasing area preprocessing
    W=8
    sum lengths=   15
    sum max sides= 15
    box 1: 3 3
    box 2: 3 3
    box 3: 3 3
    box 4: 3 3
    box 5: 3 3

Decreasing width preprocessing
    W=8
    sum lengths=   15
    sum max sides= 15
    box 1: 3 3
    box 2: 3 3
    box 3: 3 3
    box 4: 3 3
    box 5: 3 3

----------------------------
Random preprocessing 1)
    W=8
    sum lengths=   15
    sum max sides= 15
    box 1: 3 3
    box 2: 3 3
    box 3: 3 3
    box 4: 3 3
    box 5: 3 3

----------------------------
Random preprocessing 2)
    W=8
    sum lengths=   15
    sum max sides= 15
    box 1: 3 3
    box 2: 3 3
    box 3: 3 3
    box 4: 3 3
    box 5: 3 3

----------------------------
Random preprocessing 3)
    W=8
    sum lengths=   15
    sum max sides= 15
    box 1: 3 3
    box 2: 3 3
    box 3: 3 3
    box 4: 3 3
    box 5: 3 3

----------------------------
Random preprocessing 4)
    W=8
    sum lengths=   15
    sum max sides= 15
    box 1: 3 3
    box 2: 3 3
    box 3: 3 3
    box 4: 3 3
    box 5: 3 3

----------------------------
Random preprocessing 5)
    W=8
    sum lengths=   15
    sum max sides= 15
    box 1: 3 3
    box 2: 3 3
    box 3: 3 3
    box 4: 3 3
    box 5: 3 3

In 7.99649 seconds (average)
--------------------
1)
   | W
 L | 0 1 2 3 4 5 6 7 
--------------------
 0 | 1 1 1 2 2 2 . . 
 1 | 1 1 1 2 2 2 . . 
 2 | 1 1 1 2 2 2 . . 
 3 | 3 3 3 4 4 4 . . 
 4 | 3 3 3 4 4 4 . . 
 5 | 3 3 3 4 4 4 . . 
 6 | 5 5 5 . . . . . 
 7 | 5 5 5 . . . . . 
 8 | 5 5 5 . . . . . 
 9 | . . . . . . . . 
10 | . . . . . . . . 
11 | . . . . . . . . 
12 | . . . . . . . . 
13 | . . . . . . . . 
14 | . . . . . . . . 

Boxes' corners:      (w,l)
    Box 1 is at 
        top left     (0,0)
        bottom right (2,2)

    Box 2 is at 
        top left     (3,0)
        bottom right (5,2)

    Box 3 is at 
        top left     (0,3)
        bottom right (2,5)

    Box 4 is at 
        top left     (3,3)
        bottom right (5,5)

    Box 5 is at 
        top left     (0,6)
        bottom right (2,8)

    Roll length used: 9
--------------------
   | W
 L | 0 1 2 3 4 5 6 7 
--------------------
 0 | 1 1 1 2 2 2 . . 
 1 | 1 1 1 2 2 2 . . 
 2 | 1 1 1 2 2 2 . . 
 3 | 3 3 3 4 4 4 . . 
 4 | 3 3 3 4 4 4 . . 
 5 | 3 3 3 4 4 4 . . 
 6 | 5 5 5 . . . . . 
 7 | 5 5 5 . . . . . 
 8 | 5 5 5 . . . . . 
 9 | . . . . . . . . 
10 | . . . . . . . . 
11 | . . . . . . . . 
12 | . . . . . . . . 
13 | . . . . . . . . 
14 | . . . . . . . . 

Boxes' corners:      (w,l)
    Box 1 is at 
        top left     (0,0)
        bottom right (2,2)

    Box 2 is at 
        top left     (3,0)
        bottom right (5,2)

    Box 3 is at 
        top left     (0,3)
        bottom right (2,5)

    Box 4 is at 
        top left     (3,3)
        bottom right (5,5)

    Box 5 is at 
        top left     (0,6)
        bottom right (2,8)

    Roll length used: 9
