ds mai 19 17:39:38 CEST 2018
Increasing area preprocessing
    W=10
    sum lengths=   14
    sum max sides= 14
    box 1: 1 1
    box 2: 1 1
    box 3: 1 2
    box 4: 1 2
    box 5: 1 2
    box 6: 1 2
    box 7: 1 2
    box 8: 1 2

1)
   | W
 L | 0 1 2 3 4 5 6 7 8 9 
-------------------------
 0 | 1 2 3 3 4 4 5 5 6 6 
 1 | 7 7 8 8 . . . . . . 
 2 | . . . . . . . . . . 
 3 | . . . . . . . . . . 
 4 | . . . . . . . . . . 
 5 | . . . . . . . . . . 
 6 | . . . . . . . . . . 
 7 | . . . . . . . . . . 
 8 | . . . . . . . . . . 
 9 | . . . . . . . . . . 
10 | . . . . . . . . . . 
11 | . . . . . . . . . . 
12 | . . . . . . . . . . 
13 | . . . . . . . . . . 

Boxes' corners:      (w,l)
    Box 1 is at 
        top left     (0,0)
        bottom right (0,0)

    Box 2 is at 
        top left     (1,0)
        bottom right (1,0)

    Box 3 is at 
        top left     (2,0)
        bottom right (3,0)

    Box 4 is at 
        top left     (4,0)
        bottom right (5,0)

    Box 5 is at 
        top left     (6,0)
        bottom right (7,0)

    Box 6 is at 
        top left     (8,0)
        bottom right (9,0)

    Box 7 is at 
        top left     (0,1)
        bottom right (1,1)

    Box 8 is at 
        top left     (2,1)
        bottom right (3,1)

    Roll length used: 2

Increasing width preprocessing
    W=10
    sum lengths=   14
    sum max sides= 14
    box 1: 1 1
    box 2: 1 1
    box 3: 1 2
    box 4: 1 2
    box 5: 1 2
    box 6: 1 2
    box 7: 1 2
    box 8: 1 2

Decreasing area preprocessing
    W=10
    sum lengths=   14
    sum max sides= 14
    box 1: 1 2
    box 2: 1 2
    box 3: 1 2
    box 4: 1 2
    box 5: 1 2
    box 6: 1 2
    box 7: 1 1
    box 8: 1 1

Decreasing width preprocessing
    W=10
    sum lengths=   14
    sum max sides= 14
    box 1: 1 2
    box 2: 1 2
    box 3: 1 2
    box 4: 1 2
    box 5: 1 2
    box 6: 1 2
    box 7: 1 1
    box 8: 1 1

----------------------------
Random preprocessing 1)
    W=10
    sum lengths=   14
    sum max sides= 14
    box 1: 1 1
    box 2: 1 1
    box 3: 1 2
    box 4: 1 2
    box 5: 1 2
    box 6: 1 2
    box 7: 1 2
    box 8: 1 2

----------------------------
Random preprocessing 2)
    W=10
    sum lengths=   14
    sum max sides= 14
    box 1: 1 1
    box 2: 1 2
    box 3: 1 2
    box 4: 1 2
    box 5: 1 2
    box 6: 1 2
    box 7: 1 2
    box 8: 1 1

----------------------------
Random preprocessing 3)
    W=10
    sum lengths=   14
    sum max sides= 14
    box 1: 1 2
    box 2: 1 1
    box 3: 1 2
    box 4: 1 2
    box 5: 1 2
    box 6: 1 2
    box 7: 1 1
    box 8: 1 2

----------------------------
Random preprocessing 4)
    W=10
    sum lengths=   14
    sum max sides= 14
    box 1: 1 2
    box 2: 1 2
    box 3: 1 2
    box 4: 1 1
    box 5: 1 2
    box 6: 1 2
    box 7: 1 2
    box 8: 1 1

----------------------------
Random preprocessing 5)
    W=10
    sum lengths=   14
    sum max sides= 14
    box 1: 1 2
    box 2: 1 1
    box 3: 1 2
    box 4: 1 2
    box 5: 1 2
    box 6: 1 2
    box 7: 1 1
    box 8: 1 2

In 0.80805 seconds (average)
--------------------
1)
   | W
 L | 0 1 2 3 4 5 6 7 8 9 
-------------------------
 0 | 1 2 3 3 4 4 5 5 6 6 
 1 | 7 7 8 8 . . . . . . 
 2 | . . . . . . . . . . 
 3 | . . . . . . . . . . 
 4 | . . . . . . . . . . 
 5 | . . . . . . . . . . 
 6 | . . . . . . . . . . 
 7 | . . . . . . . . . . 
 8 | . . . . . . . . . . 
 9 | . . . . . . . . . . 
10 | . . . . . . . . . . 
11 | . . . . . . . . . . 
12 | . . . . . . . . . . 
13 | . . . . . . . . . . 

Boxes' corners:      (w,l)
    Box 1 is at 
        top left     (0,0)
        bottom right (0,0)

    Box 2 is at 
        top left     (1,0)
        bottom right (1,0)

    Box 3 is at 
        top left     (2,0)
        bottom right (3,0)

    Box 4 is at 
        top left     (4,0)
        bottom right (5,0)

    Box 5 is at 
        top left     (6,0)
        bottom right (7,0)

    Box 6 is at 
        top left     (8,0)
        bottom right (9,0)

    Box 7 is at 
        top left     (0,1)
        bottom right (1,1)

    Box 8 is at 
        top left     (2,1)
        bottom right (3,1)

    Roll length used: 2
--------------------
   | W
 L | 0 1 2 3 4 5 6 7 8 9 
-------------------------
 0 | 1 2 3 3 4 4 5 5 6 6 
 1 | 7 7 8 8 . . . . . . 
 2 | . . . . . . . . . . 
 3 | . . . . . . . . . . 
 4 | . . . . . . . . . . 
 5 | . . . . . . . . . . 
 6 | . . . . . . . . . . 
 7 | . . . . . . . . . . 
 8 | . . . . . . . . . . 
 9 | . . . . . . . . . . 
10 | . . . . . . . . . . 
11 | . . . . . . . . . . 
12 | . . . . . . . . . . 
13 | . . . . . . . . . . 

Boxes' corners:      (w,l)
    Box 1 is at 
        top left     (0,0)
        bottom right (0,0)

    Box 2 is at 
        top left     (1,0)
        bottom right (1,0)

    Box 3 is at 
        top left     (2,0)
        bottom right (3,0)

    Box 4 is at 
        top left     (4,0)
        bottom right (5,0)

    Box 5 is at 
        top left     (6,0)
        bottom right (7,0)

    Box 6 is at 
        top left     (8,0)
        bottom right (9,0)

    Box 7 is at 
        top left     (0,1)
        bottom right (1,1)

    Box 8 is at 
        top left     (2,1)
        bottom right (3,1)

    Roll length used: 2
