Sat 19 May 18:40:16 CEST 2018
Increasing area preprocessing
    W=11
    sum lengths=   15
    sum max sides= 15
    box 1: 1 2
    box 2: 1 2
    box 3: 1 2
    box 4: 1 2
    box 5: 1 2
    box 6: 1 2
    box 7: 1 3

1)
   | W
 L | 0 1 2 3 4 5 6 7 8 9 10 
----------------------------
 0 | 1 1 2 2 3 3 4 4 5 5  . 
 1 | 6 6 7 7 7 . . . . .  . 
 2 | . . . . . . . . . .  . 
 3 | . . . . . . . . . .  . 
 4 | . . . . . . . . . .  . 
 5 | . . . . . . . . . .  . 
 6 | . . . . . . . . . .  . 
 7 | . . . . . . . . . .  . 
 8 | . . . . . . . . . .  . 
 9 | . . . . . . . . . .  . 
10 | . . . . . . . . . .  . 
11 | . . . . . . . . . .  . 
12 | . . . . . . . . . .  . 
13 | . . . . . . . . . .  . 
14 | . . . . . . . . . .  . 

Boxes' corners:      (w,l)
    Box 1 is at 
        top left     (0,0)
        bottom right (1,0)

    Box 2 is at 
        top left     (2,0)
        bottom right (3,0)

    Box 3 is at 
        top left     (4,0)
        bottom right (5,0)

    Box 4 is at 
        top left     (6,0)
        bottom right (7,0)

    Box 5 is at 
        top left     (8,0)
        bottom right (9,0)

    Box 6 is at 
        top left     (0,1)
        bottom right (1,1)

    Box 7 is at 
        top left     (2,1)
        bottom right (4,1)

    Roll length used: 2

Increasing width preprocessing
    W=11
    sum lengths=   15
    sum max sides= 15
    box 1: 1 2
    box 2: 1 2
    box 3: 1 2
    box 4: 1 2
    box 5: 1 2
    box 6: 1 2
    box 7: 1 3

Decreasing area preprocessing
    W=11
    sum lengths=   15
    sum max sides= 15
    box 1: 1 3
    box 2: 1 2
    box 3: 1 2
    box 4: 1 2
    box 5: 1 2
    box 6: 1 2
    box 7: 1 2

Decreasing width preprocessing
    W=11
    sum lengths=   15
    sum max sides= 15
    box 1: 1 3
    box 2: 1 2
    box 3: 1 2
    box 4: 1 2
    box 5: 1 2
    box 6: 1 2
    box 7: 1 2

----------------------------
Random preprocessing 1)
    W=11
    sum lengths=   15
    sum max sides= 15
    box 1: 1 2
    box 2: 1 2
    box 3: 1 3
    box 4: 1 2
    box 5: 1 2
    box 6: 1 2
    box 7: 1 2

----------------------------
Random preprocessing 2)
    W=11
    sum lengths=   15
    sum max sides= 15
    box 1: 1 2
    box 2: 1 3
    box 3: 1 2
    box 4: 1 2
    box 5: 1 2
    box 6: 1 2
    box 7: 1 2

----------------------------
Random preprocessing 3)
    W=11
    sum lengths=   15
    sum max sides= 15
    box 1: 1 2
    box 2: 1 2
    box 3: 1 3
    box 4: 1 2
    box 5: 1 2
    box 6: 1 2
    box 7: 1 2

----------------------------
Random preprocessing 4)
    W=11
    sum lengths=   15
    sum max sides= 15
    box 1: 1 3
    box 2: 1 2
    box 3: 1 2
    box 4: 1 2
    box 5: 1 2
    box 6: 1 2
    box 7: 1 2

----------------------------
Random preprocessing 5)
    W=11
    sum lengths=   15
    sum max sides= 15
    box 1: 1 2
    box 2: 1 2
    box 3: 1 2
    box 4: 1 2
    box 5: 1 2
    box 6: 1 3
    box 7: 1 2

In 0.0240818 seconds (average)
--------------------
1)
   | W
 L | 0 1 2 3 4 5 6 7 8 9 10 
----------------------------
 0 | 1 1 2 2 3 3 4 4 5 5  . 
 1 | 6 6 7 7 7 . . . . .  . 
 2 | . . . . . . . . . .  . 
 3 | . . . . . . . . . .  . 
 4 | . . . . . . . . . .  . 
 5 | . . . . . . . . . .  . 
 6 | . . . . . . . . . .  . 
 7 | . . . . . . . . . .  . 
 8 | . . . . . . . . . .  . 
 9 | . . . . . . . . . .  . 
10 | . . . . . . . . . .  . 
11 | . . . . . . . . . .  . 
12 | . . . . . . . . . .  . 
13 | . . . . . . . . . .  . 
14 | . . . . . . . . . .  . 

Boxes' corners:      (w,l)
    Box 1 is at 
        top left     (0,0)
        bottom right (1,0)

    Box 2 is at 
        top left     (2,0)
        bottom right (3,0)

    Box 3 is at 
        top left     (4,0)
        bottom right (5,0)

    Box 4 is at 
        top left     (6,0)
        bottom right (7,0)

    Box 5 is at 
        top left     (8,0)
        bottom right (9,0)

    Box 6 is at 
        top left     (0,1)
        bottom right (1,1)

    Box 7 is at 
        top left     (2,1)
        bottom right (4,1)

    Roll length used: 2
--------------------
   | W
 L | 0 1 2 3 4 5 6 7 8 9 10 
----------------------------
 0 | 1 1 2 2 3 3 4 4 5 5  . 
 1 | 6 6 7 7 7 . . . . .  . 
 2 | . . . . . . . . . .  . 
 3 | . . . . . . . . . .  . 
 4 | . . . . . . . . . .  . 
 5 | . . . . . . . . . .  . 
 6 | . . . . . . . . . .  . 
 7 | . . . . . . . . . .  . 
 8 | . . . . . . . . . .  . 
 9 | . . . . . . . . . .  . 
10 | . . . . . . . . . .  . 
11 | . . . . . . . . . .  . 
12 | . . . . . . . . . .  . 
13 | . . . . . . . . . .  . 
14 | . . . . . . . . . .  . 

Boxes' corners:      (w,l)
    Box 1 is at 
        top left     (0,0)
        bottom right (1,0)

    Box 2 is at 
        top left     (2,0)
        bottom right (3,0)

    Box 3 is at 
        top left     (4,0)
        bottom right (5,0)

    Box 4 is at 
        top left     (6,0)
        bottom right (7,0)

    Box 5 is at 
        top left     (8,0)
        bottom right (9,0)

    Box 6 is at 
        top left     (0,1)
        bottom right (1,1)

    Box 7 is at 
        top left     (2,1)
        bottom right (4,1)

    Roll length used: 2
