Sat 19 May 17:39:55 CEST 2018
Increasing area preprocessing
    W=9
    sum lengths=   14
    sum max sides= 14
    box 1: 1 1
    box 2: 1 2
    box 3: 1 2
    box 4: 3 3
    box 5: 3 3
    box 6: 3 3

1)
   | W
 L | 0 1 2 3 4 5 6 7 8 
----------------------
 0 | 1 2 2 3 3 4 4 4 . 
 1 | 5 5 5 . . 4 4 4 . 
 2 | 5 5 5 . . 4 4 4 . 
 3 | 5 5 5 6 6 6 . . . 
 4 | . . . 6 6 6 . . . 
 5 | . . . 6 6 6 . . . 
 6 | . . . . . . . . . 
 7 | . . . . . . . . . 
 8 | . . . . . . . . . 
 9 | . . . . . . . . . 
10 | . . . . . . . . . 
11 | . . . . . . . . . 
12 | . . . . . . . . . 
13 | . . . . . . . . . 

Boxes' corners:      (w,l)
    Box 1 is at 
        top left     (0,0)
        bottom right (0,0)

    Box 2 is at 
        top left     (1,0)
        bottom right (2,0)

    Box 3 is at 
        top left     (3,0)
        bottom right (4,0)

    Box 4 is at 
        top left     (5,0)
        bottom right (7,2)

    Box 5 is at 
        top left     (0,1)
        bottom right (2,3)

    Box 6 is at 
        top left     (3,3)
        bottom right (5,5)

    Roll length used: 6

2)
   | W
 L | 0 1 2 3 4 5 6 7 8 
----------------------
 0 | 1 2 2 3 3 . 4 4 4 
 1 | 5 5 5 6 6 6 4 4 4 
 2 | 5 5 5 6 6 6 4 4 4 
 3 | 5 5 5 6 6 6 . . . 
 4 | . . . . . . . . . 
 5 | . . . . . . . . . 
 6 | . . . . . . . . . 
 7 | . . . . . . . . . 
 8 | . . . . . . . . . 
 9 | . . . . . . . . . 
10 | . . . . . . . . . 
11 | . . . . . . . . . 
12 | . . . . . . . . . 
13 | . . . . . . . . . 

Boxes' corners:      (w,l)
    Box 1 is at 
        top left     (0,0)
        bottom right (0,0)

    Box 2 is at 
        top left     (1,0)
        bottom right (2,0)

    Box 3 is at 
        top left     (3,0)
        bottom right (4,0)

    Box 4 is at 
        top left     (6,0)
        bottom right (8,2)

    Box 5 is at 
        top left     (0,1)
        bottom right (2,3)

    Box 6 is at 
        top left     (3,1)
        bottom right (5,3)

    Roll length used: 4

Increasing width preprocessing
    W=9
    sum lengths=   14
    sum max sides= 14
    box 1: 1 1
    box 2: 1 2
    box 3: 1 2
    box 4: 3 3
    box 5: 3 3
    box 6: 3 3

Decreasing area preprocessing
    W=9
    sum lengths=   14
    sum max sides= 14
    box 1: 3 3
    box 2: 3 3
    box 3: 3 3
    box 4: 1 2
    box 5: 1 2
    box 6: 1 1

Decreasing width preprocessing
    W=9
    sum lengths=   14
    sum max sides= 14
    box 1: 3 3
    box 2: 3 3
    box 3: 3 3
    box 4: 1 2
    box 5: 1 2
    box 6: 1 1

----------------------------
Random preprocessing 1)
    W=9
    sum lengths=   14
    sum max sides= 14
    box 1: 1 2
    box 2: 1 2
    box 3: 3 3
    box 4: 3 3
    box 5: 3 3
    box 6: 1 1

----------------------------
Random preprocessing 2)
    W=9
    sum lengths=   14
    sum max sides= 14
    box 1: 1 1
    box 2: 3 3
    box 3: 3 3
    box 4: 1 2
    box 5: 3 3
    box 6: 1 2

----------------------------
Random preprocessing 3)
    W=9
    sum lengths=   14
    sum max sides= 14
    box 1: 1 2
    box 2: 3 3
    box 3: 1 2
    box 4: 1 1
    box 5: 3 3
    box 6: 3 3

----------------------------
Random preprocessing 4)
    W=9
    sum lengths=   14
    sum max sides= 14
    box 1: 1 1
    box 2: 3 3
    box 3: 1 2
    box 4: 1 2
    box 5: 3 3
    box 6: 3 3

----------------------------
Random preprocessing 5)
    W=9
    sum lengths=   14
    sum max sides= 14
    box 1: 3 3
    box 2: 3 3
    box 3: 1 2
    box 4: 1 1
    box 5: 3 3
    box 6: 1 2

In 3.85289 seconds (average)
--------------------
1)
   | W
 L | 0 1 2 3 4 5 6 7 8 
----------------------
 0 | 1 2 2 3 3 . 4 4 4 
 1 | 5 5 5 6 6 6 4 4 4 
 2 | 5 5 5 6 6 6 4 4 4 
 3 | 5 5 5 6 6 6 . . . 
 4 | . . . . . . . . . 
 5 | . . . . . . . . . 
 6 | . . . . . . . . . 
 7 | . . . . . . . . . 
 8 | . . . . . . . . . 
 9 | . . . . . . . . . 
10 | . . . . . . . . . 
11 | . . . . . . . . . 
12 | . . . . . . . . . 
13 | . . . . . . . . . 

Boxes' corners:      (w,l)
    Box 1 is at 
        top left     (0,0)
        bottom right (0,0)

    Box 2 is at 
        top left     (1,0)
        bottom right (2,0)

    Box 3 is at 
        top left     (3,0)
        bottom right (4,0)

    Box 4 is at 
        top left     (6,0)
        bottom right (8,2)

    Box 5 is at 
        top left     (0,1)
        bottom right (2,3)

    Box 6 is at 
        top left     (3,1)
        bottom right (5,3)

    Roll length used: 4
--------------------
   | W
 L | 0 1 2 3 4 5 6 7 8 
----------------------
 0 | 1 2 2 3 3 . 4 4 4 
 1 | 5 5 5 6 6 6 4 4 4 
 2 | 5 5 5 6 6 6 4 4 4 
 3 | 5 5 5 6 6 6 . . . 
 4 | . . . . . . . . . 
 5 | . . . . . . . . . 
 6 | . . . . . . . . . 
 7 | . . . . . . . . . 
 8 | . . . . . . . . . 
 9 | . . . . . . . . . 
10 | . . . . . . . . . 
11 | . . . . . . . . . 
12 | . . . . . . . . . 
13 | . . . . . . . . . 

Boxes' corners:      (w,l)
    Box 1 is at 
        top left     (0,0)
        bottom right (0,0)

    Box 2 is at 
        top left     (1,0)
        bottom right (2,0)

    Box 3 is at 
        top left     (3,0)
        bottom right (4,0)

    Box 4 is at 
        top left     (6,0)
        bottom right (8,2)

    Box 5 is at 
        top left     (0,1)
        bottom right (2,3)

    Box 6 is at 
        top left     (3,1)
        bottom right (5,3)

    Roll length used: 4
