ds mai 19 17:26:44 CEST 2018
Increasing area preprocessing
    W=7
    sum lengths=   8
    sum max sides= 8
    box 1: 1 1
    box 2: 1 1
    box 3: 3 3
    box 4: 3 3

1)
  | W
L | 0 1 2 3 4 5 6 
------------------
0 | 1 2 3 3 3 . . 
1 | . . 3 3 3 . . 
2 | . . 3 3 3 . . 
3 | 4 4 4 . . . . 
4 | 4 4 4 . . . . 
5 | 4 4 4 . . . . 
6 | . . . . . . . 
7 | . . . . . . . 

Boxes' corners:      (w,l)
    Box 1 is at 
        top left     (0,0)
        bottom right (0,0)

    Box 2 is at 
        top left     (1,0)
        bottom right (1,0)

    Box 3 is at 
        top left     (2,0)
        bottom right (4,2)

    Box 4 is at 
        top left     (0,3)
        bottom right (2,5)

    Roll length used: 6

2)
  | W
L | 0 1 2 3 4 5 6 
------------------
0 | 1 2 . 3 3 3 . 
1 | 4 4 4 3 3 3 . 
2 | 4 4 4 3 3 3 . 
3 | 4 4 4 . . . . 
4 | . . . . . . . 
5 | . . . . . . . 
6 | . . . . . . . 
7 | . . . . . . . 

Boxes' corners:      (w,l)
    Box 1 is at 
        top left     (0,0)
        bottom right (0,0)

    Box 2 is at 
        top left     (1,0)
        bottom right (1,0)

    Box 3 is at 
        top left     (3,0)
        bottom right (5,2)

    Box 4 is at 
        top left     (0,1)
        bottom right (2,3)

    Roll length used: 4

3)
  | W
L | 0 1 2 3 4 5 6 
------------------
0 | 1 3 3 3 4 4 4 
1 | 2 3 3 3 4 4 4 
2 | . 3 3 3 4 4 4 
3 | . . . . . . . 
4 | . . . . . . . 
5 | . . . . . . . 
6 | . . . . . . . 
7 | . . . . . . . 

Boxes' corners:      (w,l)
    Box 1 is at 
        top left     (0,0)
        bottom right (0,0)

    Box 2 is at 
        top left     (0,1)
        bottom right (0,1)

    Box 3 is at 
        top left     (1,0)
        bottom right (3,2)

    Box 4 is at 
        top left     (4,0)
        bottom right (6,2)

    Roll length used: 3

Increasing width preprocessing
    W=7
    sum lengths=   8
    sum max sides= 8
    box 1: 1 1
    box 2: 1 1
    box 3: 3 3
    box 4: 3 3

Decreasing area preprocessing
    W=7
    sum lengths=   8
    sum max sides= 8
    box 1: 3 3
    box 2: 3 3
    box 3: 1 1
    box 4: 1 1

Decreasing width preprocessing
    W=7
    sum lengths=   8
    sum max sides= 8
    box 1: 3 3
    box 2: 3 3
    box 3: 1 1
    box 4: 1 1

----------------------------
Random preprocessing 1)
    W=7
    sum lengths=   8
    sum max sides= 8
    box 1: 1 1
    box 2: 3 3
    box 3: 1 1
    box 4: 3 3

----------------------------
Random preprocessing 2)
    W=7
    sum lengths=   8
    sum max sides= 8
    box 1: 3 3
    box 2: 3 3
    box 3: 1 1
    box 4: 1 1

----------------------------
Random preprocessing 3)
    W=7
    sum lengths=   8
    sum max sides= 8
    box 1: 1 1
    box 2: 1 1
    box 3: 3 3
    box 4: 3 3

----------------------------
Random preprocessing 4)
    W=7
    sum lengths=   8
    sum max sides= 8
    box 1: 3 3
    box 2: 1 1
    box 3: 1 1
    box 4: 3 3

----------------------------
Random preprocessing 5)
    W=7
    sum lengths=   8
    sum max sides= 8
    box 1: 1 1
    box 2: 1 1
    box 3: 3 3
    box 4: 3 3

In 0.008 seconds (average)
--------------------
1)
  | W
L | 0 1 2 3 4 5 6 
------------------
0 | 1 3 3 3 4 4 4 
1 | 2 3 3 3 4 4 4 
2 | . 3 3 3 4 4 4 
3 | . . . . . . . 
4 | . . . . . . . 
5 | . . . . . . . 
6 | . . . . . . . 
7 | . . . . . . . 

Boxes' corners:      (w,l)
    Box 1 is at 
        top left     (0,0)
        bottom right (0,0)

    Box 2 is at 
        top left     (0,1)
        bottom right (0,1)

    Box 3 is at 
        top left     (1,0)
        bottom right (3,2)

    Box 4 is at 
        top left     (4,0)
        bottom right (6,2)

    Roll length used: 3
--------------------
  | W
L | 0 1 2 3 4 5 6 
------------------
0 | 1 3 3 3 4 4 4 
1 | 2 3 3 3 4 4 4 
2 | . 3 3 3 4 4 4 
3 | . . . . . . . 
4 | . . . . . . . 
5 | . . . . . . . 
6 | . . . . . . . 
7 | . . . . . . . 

Boxes' corners:      (w,l)
    Box 1 is at 
        top left     (0,0)
        bottom right (0,0)

    Box 2 is at 
        top left     (0,1)
        bottom right (0,1)

    Box 3 is at 
        top left     (1,0)
        bottom right (3,2)

    Box 4 is at 
        top left     (4,0)
        bottom right (6,2)

    Roll length used: 3
