Sat 19 May 18:30:01 CEST 2018
Increasing area preprocessing
    W=8
    sum lengths=   5
    sum max sides= 5
    box 1: 1 1
    box 2: 1 1
    box 3: 1 1
    box 4: 2 2

1)
  | W
L | 0 1 2 3 4 5 6 7 
--------------------
0 | 1 2 3 4 4 . . . 
1 | . . . 4 4 . . . 
2 | . . . . . . . . 
3 | . . . . . . . . 
4 | . . . . . . . . 

Boxes' corners:      (w,l)
    Box 1 is at 
        top left     (0,0)
        bottom right (0,0)

    Box 2 is at 
        top left     (1,0)
        bottom right (1,0)

    Box 3 is at 
        top left     (2,0)
        bottom right (2,0)

    Box 4 is at 
        top left     (3,0)
        bottom right (4,1)

    Roll length used: 2

Increasing width preprocessing
    W=8
    sum lengths=   5
    sum max sides= 5
    box 1: 1 1
    box 2: 1 1
    box 3: 1 1
    box 4: 2 2

Decreasing area preprocessing
    W=8
    sum lengths=   5
    sum max sides= 5
    box 1: 2 2
    box 2: 1 1
    box 3: 1 1
    box 4: 1 1

Decreasing width preprocessing
    W=8
    sum lengths=   5
    sum max sides= 5
    box 1: 2 2
    box 2: 1 1
    box 3: 1 1
    box 4: 1 1

----------------------------
Random preprocessing 1)
    W=8
    sum lengths=   5
    sum max sides= 5
    box 1: 1 1
    box 2: 2 2
    box 3: 1 1
    box 4: 1 1

----------------------------
Random preprocessing 2)
    W=8
    sum lengths=   5
    sum max sides= 5
    box 1: 1 1
    box 2: 1 1
    box 3: 1 1
    box 4: 2 2

----------------------------
Random preprocessing 3)
    W=8
    sum lengths=   5
    sum max sides= 5
    box 1: 1 1
    box 2: 2 2
    box 3: 1 1
    box 4: 1 1

----------------------------
Random preprocessing 4)
    W=8
    sum lengths=   5
    sum max sides= 5
    box 1: 1 1
    box 2: 1 1
    box 3: 2 2
    box 4: 1 1

----------------------------
Random preprocessing 5)
    W=8
    sum lengths=   5
    sum max sides= 5
    box 1: 1 1
    box 2: 1 1
    box 3: 1 1
    box 4: 2 2

In 0.0144435 seconds (average)
--------------------
1)
  | W
L | 0 1 2 3 4 5 6 7 
--------------------
0 | 1 2 3 4 4 . . . 
1 | . . . 4 4 . . . 
2 | . . . . . . . . 
3 | . . . . . . . . 
4 | . . . . . . . . 

Boxes' corners:      (w,l)
    Box 1 is at 
        top left     (0,0)
        bottom right (0,0)

    Box 2 is at 
        top left     (1,0)
        bottom right (1,0)

    Box 3 is at 
        top left     (2,0)
        bottom right (2,0)

    Box 4 is at 
        top left     (3,0)
        bottom right (4,1)

    Roll length used: 2
--------------------
  | W
L | 0 1 2 3 4 5 6 7 
--------------------
0 | 1 2 3 4 4 . . . 
1 | . . . 4 4 . . . 
2 | . . . . . . . . 
3 | . . . . . . . . 
4 | . . . . . . . . 

Boxes' corners:      (w,l)
    Box 1 is at 
        top left     (0,0)
        bottom right (0,0)

    Box 2 is at 
        top left     (1,0)
        bottom right (1,0)

    Box 3 is at 
        top left     (2,0)
        bottom right (2,0)

    Box 4 is at 
        top left     (3,0)
        bottom right (4,1)

    Roll length used: 2
