Sat 19 May 19:15:47 CEST 2018
CPXPARAM_TimeLimit                               45
CPXPARAM_Threads                                 1
CPXPARAM_MIP_Strategy_CallbackReducedLP          0
Tried aggregator 3 times.
MIP Presolve eliminated 60 rows and 62 columns.
Aggregator did 40 substitutions.
Reduced MIP has 64 rows, 63 columns, and 144 nonzeros.
Reduced MIP has 60 binaries, 3 generals, 0 SOSs, and 10 indicators.
Presolve time = 0.00 sec. (0.27 ticks)
Found incumbent of value 2.000000 after 0.00 sec. (0.55 ticks)
Probing time = 0.00 sec. (0.12 ticks)
Cover probing fixed 0 vars, tightened 3 bounds.
Tried aggregator 3 times.
MIP Presolve modified 20 coefficients.
Aggregator did 30 substitutions.
Reduced MIP has 44 rows, 33 columns, and 104 nonzeros.
Reduced MIP has 30 binaries, 3 generals, 0 SOSs, and 0 indicators.
Presolve time = 0.00 sec. (0.16 ticks)
Probing time = 0.00 sec. (0.04 ticks)
Tried aggregator 2 times.
Aggregator did 10 substitutions.
Reduced MIP has 34 rows, 23 columns, and 84 nonzeros.
Reduced MIP has 20 binaries, 3 generals, 0 SOSs, and 0 indicators.
Presolve time = 0.00 sec. (0.09 ticks)
Probing time = 0.00 sec. (0.02 ticks)
Tried aggregator 1 time.
Reduced MIP has 34 rows, 23 columns, and 84 nonzeros.
Reduced MIP has 20 binaries, 3 generals, 0 SOSs, and 0 indicators.
Presolve time = 0.00 sec. (0.07 ticks)
Probing time = 0.00 sec. (0.02 ticks)
Clique table members: 12.
MIP emphasis: balance optimality and feasibility.
MIP search method: dynamic search.
Parallel mode: none, using 1 thread.
Root relaxation solution time = 0.00 sec. (0.04 ticks)

        Nodes                                         Cuts/
   Node  Left     Objective  IInf  Best Integer    Best Bound    ItCnt     Gap

*     0+    0                            2.0000        1.0000            50.00%
*     0     0      integral     0        1.0000        1.0000       11    0.00%
Elapsed time = 0.00 sec. (1.25 ticks, tree = 0.00 MB, solutions = 2)

Root node processing (before b&c):
  Real time             =    0.00 sec. (1.25 ticks)
Sequential b&c:
  Real time             =    0.00 sec. (0.00 ticks)
                          ------------
Total (root+branch&cut) =    0.00 sec. (1.25 ticks)
  | W
L | 0 1 2 3 4 
--------------
0 | 1 2 . . . 
1 | . . . . . 

Boxes' corners:      (w,l)
    Box 1 is at 
        top left     (0,0)
        bottom right (0,0)

    Box 2 is at 
        top left     (1,0)
        bottom right (1,0)

    Roll length used: 1
In 0 seconds
