ds mai 19 17:17:15 CEST 2018
Increasing area preprocessing
    W=4
    sum lengths=   25
    sum max sides= 25
    box 1: 1 1
    box 2: 1 2
    box 3: 1 2
    box 4: 1 2
    box 5: 1 2
    box 6: 2 2
    box 7: 2 2
    box 8: 2 3
    box 9: 2 3
    box 10: 2 3
    box 11: 2 3

1)
   | W
 L |  0  1  2 3 
---------------
 0 |  1  2  2 . 
 1 |  3  3  4 4 
 2 |  5  5  6 6 
 3 |  7  7  6 6 
 4 |  7  7  . . 
 5 |  8  8  8 . 
 6 |  8  8  8 . 
 7 |  9  9  9 . 
 8 |  9  9  9 . 
 9 | 10 10 10 . 
10 | 10 10 10 . 
11 | 11 11 11 . 
12 | 11 11 11 . 
13 |  .  .  . . 
14 |  .  .  . . 
15 |  .  .  . . 
16 |  .  .  . . 
17 |  .  .  . . 
18 |  .  .  . . 
19 |  .  .  . . 
20 |  .  .  . . 
21 |  .  .  . . 
22 |  .  .  . . 
23 |  .  .  . . 
24 |  .  .  . . 

Boxes' corners:       (w,l)
    Box  1 is at 
        top left     (0,0)
        bottom right (0,0)

    Box  2 is at 
        top left     (1,0)
        bottom right (2,0)

    Box  3 is at 
        top left     (0,1)
        bottom right (1,1)

    Box  4 is at 
        top left     (2,1)
        bottom right (3,1)

    Box  5 is at 
        top left     (0,2)
        bottom right (1,2)

    Box  6 is at 
        top left     (2,2)
        bottom right (3,3)

    Box  7 is at 
        top left     (0,3)
        bottom right (1,4)

    Box  8 is at 
        top left     (0,5)
        bottom right (2,6)

    Box  9 is at 
        top left     (0,7)
        bottom right (2,8)

    Box 10 is at 
        top left     (0,9)
        bottom right (2,10)

    Box 11 is at 
        top left     (0,11)
        bottom right (2,12)

    Roll length used: 13

Increasing width preprocessing
    W=4
    sum lengths=   25
    sum max sides= 25
    box 1: 1 1
    box 2: 1 2
    box 3: 1 2
    box 4: 1 2
    box 5: 1 2
    box 6: 2 2
    box 7: 2 2
    box 8: 2 3
    box 9: 2 3
    box 10: 2 3
    box 11: 2 3

Decreasing area preprocessing
    W=4
    sum lengths=   25
    sum max sides= 25
    box 1: 2 3
    box 2: 2 3
    box 3: 2 3
    box 4: 2 3
    box 5: 2 2
    box 6: 2 2
    box 7: 1 2
    box 8: 1 2
    box 9: 1 2
    box 10: 1 2
    box 11: 1 1

1)
   | W
 L | 0 1  2  3 
--------------
 0 | 1 1  1 11 
 1 | 1 1  1  . 
 2 | 2 2  2  . 
 3 | 2 2  2  . 
 4 | 3 3  3  . 
 5 | 3 3  3  . 
 6 | 4 4  4  . 
 7 | 4 4  4  . 
 8 | 5 5  6  6 
 9 | 5 5  6  6 
10 | 7 7  8  8 
11 | 9 9 10 10 

Boxes' corners:       (w,l)
    Box  1 is at 
        top left     (0,0)
        bottom right (2,1)

    Box  2 is at 
        top left     (0,2)
        bottom right (2,3)

    Box  3 is at 
        top left     (0,4)
        bottom right (2,5)

    Box  4 is at 
        top left     (0,6)
        bottom right (2,7)

    Box  5 is at 
        top left     (0,8)
        bottom right (1,9)

    Box  6 is at 
        top left     (2,8)
        bottom right (3,9)

    Box  7 is at 
        top left     (0,10)
        bottom right (1,10)

    Box  8 is at 
        top left     (2,10)
        bottom right (3,10)

    Box  9 is at 
        top left     (0,11)
        bottom right (1,11)

    Box 10 is at 
        top left     (2,11)
        bottom right (3,11)

    Box 11 is at 
        top left     (3,0)
        bottom right (3,0)

    Roll length used: 12

Decreasing width preprocessing
    W=4
    sum lengths=   25
    sum max sides= 25
    box 1: 2 3
    box 2: 2 3
    box 3: 2 3
    box 4: 2 3
    box 5: 2 2
    box 6: 2 2
    box 7: 1 2
    box 8: 1 2
    box 9: 1 2
    box 10: 1 2
    box 11: 1 1

----------------------------
Random preprocessing 1)
    W=4
    sum lengths=   25
    sum max sides= 25
    box 1: 2 3
    box 2: 1 2
    box 3: 1 2
    box 4: 2 2
    box 5: 1 2
    box 6: 2 3
    box 7: 2 3
    box 8: 1 2
    box 9: 2 2
    box 10: 1 1
    box 11: 2 3

----------------------------
Random preprocessing 2)
    W=4
    sum lengths=   25
    sum max sides= 25
    box 1: 2 3
    box 2: 2 2
    box 3: 2 3
    box 4: 2 2
    box 5: 1 2
    box 6: 1 1
    box 7: 1 2
    box 8: 2 3
    box 9: 2 3
    box 10: 1 2
    box 11: 1 2

----------------------------
Random preprocessing 3)
    W=4
    sum lengths=   25
    sum max sides= 25
    box 1: 2 3
    box 2: 1 2
    box 3: 2 3
    box 4: 1 2
    box 5: 2 2
    box 6: 2 3
    box 7: 1 1
    box 8: 1 2
    box 9: 2 3
    box 10: 1 2
    box 11: 2 2

----------------------------
Random preprocessing 4)
    W=4
    sum lengths=   25
    sum max sides= 25
    box 1: 1 2
    box 2: 2 3
    box 3: 2 3
    box 4: 2 2
    box 5: 2 3
    box 6: 1 2
    box 7: 2 2
    box 8: 1 2
    box 9: 2 3
    box 10: 1 1
    box 11: 1 2

----------------------------
Random preprocessing 5)
    W=4
    sum lengths=   25
    sum max sides= 25
    box 1: 2 3
    box 2: 2 3
    box 3: 1 2
    box 4: 1 2
    box 5: 2 3
    box 6: 1 1
    box 7: 2 2
    box 8: 2 2
    box 9: 1 2
    box 10: 2 3
    box 11: 1 2

In 44.7188 seconds (average)
--------------------
1)
   | W
 L | 0 1  2  3 
--------------
 0 | 1 1  1 11 
 1 | 1 1  1  . 
 2 | 2 2  2  . 
 3 | 2 2  2  . 
 4 | 3 3  3  . 
 5 | 3 3  3  . 
 6 | 4 4  4  . 
 7 | 4 4  4  . 
 8 | 5 5  6  6 
 9 | 5 5  6  6 
10 | 7 7  8  8 
11 | 9 9 10 10 

Boxes' corners:       (w,l)
    Box  1 is at 
        top left     (0,0)
        bottom right (2,1)

    Box  2 is at 
        top left     (0,2)
        bottom right (2,3)

    Box  3 is at 
        top left     (0,4)
        bottom right (2,5)

    Box  4 is at 
        top left     (0,6)
        bottom right (2,7)

    Box  5 is at 
        top left     (0,8)
        bottom right (1,9)

    Box  6 is at 
        top left     (2,8)
        bottom right (3,9)

    Box  7 is at 
        top left     (0,10)
        bottom right (1,10)

    Box  8 is at 
        top left     (2,10)
        bottom right (3,10)

    Box  9 is at 
        top left     (0,11)
        bottom right (1,11)

    Box 10 is at 
        top left     (2,11)
        bottom right (3,11)

    Box 11 is at 
        top left     (3,0)
        bottom right (3,0)

    Roll length used: 12
--------------------
   | W
 L | 0 1  2  3 
--------------
 0 | 1 1  1 11 
 1 | 1 1  1  . 
 2 | 2 2  2  . 
 3 | 2 2  2  . 
 4 | 3 3  3  . 
 5 | 3 3  3  . 
 6 | 4 4  4  . 
 7 | 4 4  4  . 
 8 | 5 5  6  6 
 9 | 5 5  6  6 
10 | 7 7  8  8 
11 | 9 9 10 10 

Boxes' corners:       (w,l)
    Box  1 is at 
        top left     (0,0)
        bottom right (2,1)

    Box  2 is at 
        top left     (0,2)
        bottom right (2,3)

    Box  3 is at 
        top left     (0,4)
        bottom right (2,5)

    Box  4 is at 
        top left     (0,6)
        bottom right (2,7)

    Box  5 is at 
        top left     (0,8)
        bottom right (1,9)

    Box  6 is at 
        top left     (2,8)
        bottom right (3,9)

    Box  7 is at 
        top left     (0,10)
        bottom right (1,10)

    Box  8 is at 
        top left     (2,10)
        bottom right (3,10)

    Box  9 is at 
        top left     (0,11)
        bottom right (1,11)

    Box 10 is at 
        top left     (2,11)
        bottom right (3,11)

    Box 11 is at 
        top left     (3,0)
        bottom right (3,0)

    Roll length used: 12
