Sat 19 May 19:25:53 CEST 2018
CPXPARAM_TimeLimit                               45
CPXPARAM_Threads                                 1
CPXPARAM_MIP_Strategy_CallbackReducedLP          0
Tried aggregator 3 times.
MIP Presolve eliminated 4254 rows and 2762 columns.
MIP Presolve modified 12274 coefficients.
Aggregator did 21164 substitutions.
Reduced MIP has 33021 rows, 24210 columns, and 74091 nonzeros.
Reduced MIP has 21385 binaries, 10 generals, 0 SOSs, and 2935 indicators.
Presolve time = 0.42 sec. (1232.54 ticks)
Found incumbent of value 25.000000 after 0.64 sec. (1451.14 ticks)
Probing time = 0.28 sec. (148.90 ticks)
Tried aggregator 3 times.
Aggregator did 15022 substitutions.
Reduced MIP has 17999 rows, 9188 columns, and 44047 nonzeros.
Reduced MIP has 6363 binaries, 2825 generals, 0 SOSs, and 2935 indicators.
Presolve time = 0.08 sec. (103.03 ticks)
Probing time = 0.15 sec. (113.52 ticks)
Tried aggregator 1 time.
Reduced MIP has 17999 rows, 9188 columns, and 44047 nonzeros.
Reduced MIP has 6363 binaries, 2825 generals, 0 SOSs, and 2935 indicators.
Presolve time = 0.04 sec. (40.20 ticks)
Probing time = 0.01 sec. (7.65 ticks)
Clique table members: 463441.
MIP emphasis: balance optimality and feasibility.
MIP search method: dynamic search.
Parallel mode: none, using 1 thread.
Root relaxation solution time = 0.12 sec. (127.13 ticks)

        Nodes                                         Cuts/
   Node  Left     Objective  IInf  Best Integer    Best Bound    ItCnt     Gap

*     0+    0                           25.0000        0.0000           100.00%
      0     0        0.0000  4055       25.0000        0.0000     1051  100.00%
      0     0        0.0000  2442       25.0000 Cliques: 4599     4150  100.00%
      0     0        0.0000  2215       25.0000 Cliques: 4599     4400  100.00%
      0     0        0.0000  2116       25.0000 Cliques: 4599     4548  100.00%
      0     0        0.0000  2120       25.0000     Cuts: 120     5009  100.00%

Clique cuts applied:  11899
Implied bound cuts applied:  106
Zero-half cuts applied:  1
Gomory fractional cuts applied:  4

Root node processing (before b&c):
  Real time             =   45.01 sec. (52128.68 ticks)
Sequential b&c:
  Real time             =    0.00 sec. (0.00 ticks)
                          ------------
Total (root+branch&cut) =   45.01 sec. (52128.68 ticks)
   | W
 L | 0 1 2 3 4 5 6 7 
--------------------
 0 | . . . . . . . . 
 1 | . . . . . . . . 
 2 | . . . . . . . 4 
 3 | . . . . . . . 4 
 4 | . . . . . 1 1 1 
 5 | . . . . . 1 1 1 
 6 | 9 9 9 9 . 1 1 1 
 7 | 9 9 9 9 . 1 1 1 
 8 | 9 9 9 9 . . . . 
 9 | 9 9 9 9 . 2 2 2 
10 | . . . . . 2 2 2 
11 | . . . . . 2 2 2 
12 | . . . . . 2 2 2 
13 | . . . . . . . . 
14 | . . . . . . . 5 
15 | . . . . 8 . . 5 
16 | . . . . 8 . . 6 
17 | . . . . 8 . . 6 
18 | . . . . 8 . . . 
19 | . . . . 8 . . . 
20 | . . . . . . . . 
21 | . . . . . . . 7 
22 | . . . . . . . 7 
23 | . . . . . . . 3 
24 | . . . . . . . 3 
25 | . . . . . . . . 
26 | . . . . . . . . 

Boxes' corners:      (w,l)
    Box 1 is at 
        top left     (5,4)
        bottom right (7,7)

    Box 2 is at 
        top left     (5,9)
        bottom right (7,12)

    Box 3 is at 
        top left     (7,23)
        bottom right (7,24)

    Box 4 is at 
        top left     (7,2)
        bottom right (7,3)

    Box 5 is at 
        top left     (7,14)
        bottom right (7,15)

    Box 6 is at 
        top left     (7,16)
        bottom right (7,17)

    Box 7 is at 
        top left     (7,21)
        bottom right (7,22)

    Box 8 is at 
        top left     (4,15)
        bottom right (4,19)

    Box 9 is at 
        top left     (0,6)
        bottom right (3,9)

    Roll length used: 25
In 45.42 seconds
