Sat 19 May 19:41:12 CEST 2018
CPXPARAM_TimeLimit                               45
CPXPARAM_Threads                                 1
CPXPARAM_MIP_Strategy_CallbackReducedLP          0
Tried aggregator 3 times.
MIP Presolve eliminated 2688 rows and 2637 columns.
MIP Presolve modified 14914 coefficients.
Aggregator did 25615 substitutions.
Reduced MIP has 35829 rows, 23376 columns, and 76205 nonzeros.
Reduced MIP has 21521 binaries, 7 generals, 0 SOSs, and 2101 indicators.
Presolve time = 0.51 sec. (1516.06 ticks)
Found incumbent of value 23.000000 after 0.64 sec. (1606.73 ticks)
Probing time = 0.29 sec. (153.77 ticks)
Tried aggregator 3 times.
Aggregator did 16808 substitutions.
Reduced MIP has 19021 rows, 6568 columns, and 42589 nonzeros.
Reduced MIP has 4713 binaries, 1855 generals, 0 SOSs, and 2101 indicators.
Presolve time = 0.09 sec. (82.06 ticks)
Probing time = 0.14 sec. (115.61 ticks)
Tried aggregator 1 time.
Reduced MIP has 19021 rows, 6568 columns, and 42589 nonzeros.
Reduced MIP has 4713 binaries, 1855 generals, 0 SOSs, and 2101 indicators.
Presolve time = 0.04 sec. (35.36 ticks)
Probing time = 0.01 sec. (7.39 ticks)
Clique table members: 343954.
MIP emphasis: balance optimality and feasibility.
MIP search method: dynamic search.
Parallel mode: none, using 1 thread.
Root relaxation solution time = 0.16 sec. (208.76 ticks)

        Nodes                                         Cuts/
   Node  Left     Objective  IInf  Best Integer    Best Bound    ItCnt     Gap

*     0+    0                           23.0000        0.0000           100.00%
      0     0        0.0000  3385       23.0000        0.0000     2754  100.00%
      0     0        0.0000  3407       23.0000 Cliques: 4855     3201  100.00%
      0     0        0.0000   649       23.0000      Cuts: 41     3233  100.00%
      0     0        0.0000  1486       23.0000      Cuts: 99     3356  100.00%
*     0+    0                           17.0000        0.0000           100.00%
*     0+    0                           16.0000        0.0000           100.00%
*     0+    0                           15.0000        0.0000           100.00%
      0     2        0.0000    75       15.0000        0.0000     3435  100.00%
Elapsed time = 28.24 sec. (34631.93 ticks, tree = 0.01 MB, solutions = 4)
     11    13        0.0000   411       15.0000        0.0000     4009  100.00%
     13    15        0.0000   757       15.0000        0.0000     5001  100.00%
     14    16        0.0000  1656       15.0000        0.0000     5899  100.00%
     41    43        0.0000   611       15.0000        0.0000     6270  100.00%
     62    64        0.0000   412       15.0000        0.0000     6471  100.00%
     83    85        7.0000    83       15.0000        0.0000     6762  100.00%
    108   110        0.0000   845       15.0000        0.0000     7475  100.00%
    140   142        0.0000   700       15.0000        0.0000     7554  100.00%
    174   176        6.0000   156       15.0000        0.0000     7660  100.00%
    280   282        0.0000   187       15.0000        0.0000     8746  100.00%
Elapsed time = 31.16 sec. (38035.09 ticks, tree = 2.28 MB, solutions = 4)
    376   378        7.0000   265       15.0000        0.0000    10258  100.00%
*   493+  490                           14.0000        0.0000           100.00%
*   494+  485                           13.0000        0.0000           100.00%
    494   487        1.0000   755       13.0000        0.0000    10909  100.00%
*   495+  409                            6.0000        0.0000           100.00%
*   497+  409                            5.0000        0.0000           100.00%
    516   425        1.0000   749        5.0000        0.0000    15506  100.00%
    581   476        1.0000   401        5.0000        0.0000    20514  100.00%
    607   502        2.0000   233        5.0000        2.0000    24293   60.00%
*   652   275      integral     0        4.0000        2.0211    25546   49.47%

GUB cover cuts applied:  1
Clique cuts applied:  17
Cover cuts applied:  1
Implied bound cuts applied:  5
Mixed integer rounding cuts applied:  16
Zero-half cuts applied:  18

Root node processing (before b&c):
  Real time             =   28.21 sec. (34605.11 ticks)
Sequential b&c:
  Real time             =    8.12 sec. (10717.29 ticks)
                          ------------
Total (root+branch&cut) =   36.33 sec. (45322.40 ticks)
   | W
 L | 0 1 2 3 4 5 6 7 8 9 10 
----------------------------
 0 | 5 5 5 5 5 1 2 2 2 2  2 
 1 | 5 5 5 5 5 1 2 2 2 2  2 
 2 | 4 4 4 4 4 3 3 3 3 3  6 
 3 | 4 4 4 4 4 3 3 3 3 3  . 
 4 | . . . . . . . . . .  . 
 5 | . . . . . . . . . .  . 
 6 | . . . . . . . . . .  . 
 7 | . . . . . . . . . .  . 
 8 | . . . . . . . . . .  . 
 9 | . . . . . . . . . .  . 
10 | . . . . . . . . . .  . 
11 | . . . . . . . . . .  . 
12 | . . . . . . . . . .  . 
13 | . . . . . . . . . .  . 
14 | . . . . . . . . . .  . 
15 | . . . . . . . . . .  . 
16 | . . . . . . . . . .  . 
17 | . . . . . . . . . .  . 
18 | . . . . . . . . . .  . 
19 | . . . . . . . . . .  . 
20 | . . . . . . . . . .  . 
21 | . . . . . . . . . .  . 
22 | . . . . . . . . . .  . 

Boxes' corners:      (w,l)
    Box 1 is at 
        top left     (5,0)
        bottom right (5,1)

    Box 2 is at 
        top left     (6,0)
        bottom right (10,1)

    Box 3 is at 
        top left     (5,2)
        bottom right (9,3)

    Box 4 is at 
        top left     (0,2)
        bottom right (4,3)

    Box 5 is at 
        top left     (0,0)
        bottom right (4,1)

    Box 6 is at 
        top left     (10,2)
        bottom right (10,2)

    Roll length used: 4
In 36.75 seconds
