Sat 19 May 18:14:12 CEST 2018
Increasing area preprocessing
    W=3
    sum lengths=   34
    sum max sides= 34
    box 1: 1 2
    box 2: 1 2
    box 3: 1 2
    box 4: 2 2
    box 5: 2 2
    box 6: 3 4
    box 7: 3 4
    box 8: 3 4
    box 9: 3 4
    box 10: 3 4
    box 11: 3 4

1)
   | W
 L |  0  1  2 
-------------
 0 |  1  1  . 
 1 |  2  2  . 
 2 |  3  3  . 
 3 |  4  4  . 
 4 |  4  4  . 
 5 |  5  5  . 
 6 |  5  5  . 
 7 |  6  6  6 
 8 |  6  6  6 
 9 |  6  6  6 
10 |  6  6  6 
11 |  7  7  7 
12 |  7  7  7 
13 |  7  7  7 
14 |  7  7  7 
15 |  8  8  8 
16 |  8  8  8 
17 |  8  8  8 
18 |  8  8  8 
19 |  9  9  9 
20 |  9  9  9 
21 |  9  9  9 
22 |  9  9  9 
23 | 10 10 10 
24 | 10 10 10 
25 | 10 10 10 
26 | 10 10 10 
27 | 11 11 11 
28 | 11 11 11 
29 | 11 11 11 
30 | 11 11 11 
31 |  .  .  . 
32 |  .  .  . 
33 |  .  .  . 

Boxes' corners:       (w,l)
    Box  1 is at 
        top left     (0,0)
        bottom right (1,0)

    Box  2 is at 
        top left     (0,1)
        bottom right (1,1)

    Box  3 is at 
        top left     (0,2)
        bottom right (1,2)

    Box  4 is at 
        top left     (0,3)
        bottom right (1,4)

    Box  5 is at 
        top left     (0,5)
        bottom right (1,6)

    Box  6 is at 
        top left     (0,7)
        bottom right (2,10)

    Box  7 is at 
        top left     (0,11)
        bottom right (2,14)

    Box  8 is at 
        top left     (0,15)
        bottom right (2,18)

    Box  9 is at 
        top left     (0,19)
        bottom right (2,22)

    Box 10 is at 
        top left     (0,23)
        bottom right (2,26)

    Box 11 is at 
        top left     (0,27)
        bottom right (2,30)

    Roll length used: 31

Increasing width preprocessing
    W=3
    sum lengths=   34
    sum max sides= 34
    box 1: 1 2
    box 2: 1 2
    box 3: 1 2
    box 4: 2 2
    box 5: 2 2
    box 6: 3 4
    box 7: 3 4
    box 8: 3 4
    box 9: 3 4
    box 10: 3 4
    box 11: 3 4

1)
   | W
 L |  0  1  2 
-------------
 0 |  1  2  2 
 1 |  1  3  3 
 2 |  4  4  . 
 3 |  4  4  . 
 4 |  5  5  . 
 5 |  5  5  . 
 6 |  6  6  6 
 7 |  6  6  6 
 8 |  6  6  6 
 9 |  6  6  6 
10 |  7  7  7 
11 |  7  7  7 
12 |  7  7  7 
13 |  7  7  7 
14 |  8  8  8 
15 |  8  8  8 
16 |  8  8  8 
17 |  8  8  8 
18 |  9  9  9 
19 |  9  9  9 
20 |  9  9  9 
21 |  9  9  9 
22 | 10 10 10 
23 | 10 10 10 
24 | 10 10 10 
25 | 10 10 10 
26 | 11 11 11 
27 | 11 11 11 
28 | 11 11 11 
29 | 11 11 11 

Boxes' corners:       (w,l)
    Box  1 is at 
        top left     (0,0)
        bottom right (0,1)

    Box  2 is at 
        top left     (1,0)
        bottom right (2,0)

    Box  3 is at 
        top left     (1,1)
        bottom right (2,1)

    Box  4 is at 
        top left     (0,2)
        bottom right (1,3)

    Box  5 is at 
        top left     (0,4)
        bottom right (1,5)

    Box  6 is at 
        top left     (0,6)
        bottom right (2,9)

    Box  7 is at 
        top left     (0,10)
        bottom right (2,13)

    Box  8 is at 
        top left     (0,14)
        bottom right (2,17)

    Box  9 is at 
        top left     (0,18)
        bottom right (2,21)

    Box 10 is at 
        top left     (0,22)
        bottom right (2,25)

    Box 11 is at 
        top left     (0,26)
        bottom right (2,29)

    Roll length used: 30

Decreasing area preprocessing
    W=3
    sum lengths=   34
    sum max sides= 34
    box 1: 3 4
    box 2: 3 4
    box 3: 3 4
    box 4: 3 4
    box 5: 3 4
    box 6: 3 4
    box 7: 2 2
    box 8: 2 2
    box 9: 1 2
    box 10: 1 2
    box 11: 1 2

Decreasing width preprocessing
    W=3
    sum lengths=   34
    sum max sides= 34
    box 1: 3 4
    box 2: 3 4
    box 3: 3 4
    box 4: 3 4
    box 5: 3 4
    box 6: 3 4
    box 7: 2 2
    box 8: 2 2
    box 9: 1 2
    box 10: 1 2
    box 11: 1 2

----------------------------
Random preprocessing 1)
    W=3
    sum lengths=   34
    sum max sides= 34
    box 1: 3 4
    box 2: 2 2
    box 3: 1 2
    box 4: 1 2
    box 5: 3 4
    box 6: 3 4
    box 7: 3 4
    box 8: 1 2
    box 9: 2 2
    box 10: 3 4
    box 11: 3 4

----------------------------
Random preprocessing 2)
    W=3
    sum lengths=   34
    sum max sides= 34
    box 1: 1 2
    box 2: 2 2
    box 3: 2 2
    box 4: 3 4
    box 5: 1 2
    box 6: 3 4
    box 7: 3 4
    box 8: 3 4
    box 9: 3 4
    box 10: 3 4
    box 11: 1 2

----------------------------
Random preprocessing 3)
    W=3
    sum lengths=   34
    sum max sides= 34
    box 1: 3 4
    box 2: 1 2
    box 3: 2 2
    box 4: 1 2
    box 5: 2 2
    box 6: 3 4
    box 7: 3 4
    box 8: 3 4
    box 9: 3 4
    box 10: 1 2
    box 11: 3 4

----------------------------
Random preprocessing 4)
    W=3
    sum lengths=   34
    sum max sides= 34
    box 1: 1 2
    box 2: 3 4
    box 3: 3 4
    box 4: 2 2
    box 5: 2 2
    box 6: 1 2
    box 7: 1 2
    box 8: 3 4
    box 9: 3 4
    box 10: 3 4
    box 11: 3 4

----------------------------
Random preprocessing 5)
    W=3
    sum lengths=   34
    sum max sides= 34
    box 1: 3 4
    box 2: 1 2
    box 3: 1 2
    box 4: 3 4
    box 5: 3 4
    box 6: 2 2
    box 7: 3 4
    box 8: 3 4
    box 9: 3 4
    box 10: 2 2
    box 11: 1 2

In 44.0172 seconds (average)
--------------------
1)
   | W
 L |  0  1  2 
-------------
 0 |  1  2  2 
 1 |  1  3  3 
 2 |  4  4  . 
 3 |  4  4  . 
 4 |  5  5  . 
 5 |  5  5  . 
 6 |  6  6  6 
 7 |  6  6  6 
 8 |  6  6  6 
 9 |  6  6  6 
10 |  7  7  7 
11 |  7  7  7 
12 |  7  7  7 
13 |  7  7  7 
14 |  8  8  8 
15 |  8  8  8 
16 |  8  8  8 
17 |  8  8  8 
18 |  9  9  9 
19 |  9  9  9 
20 |  9  9  9 
21 |  9  9  9 
22 | 10 10 10 
23 | 10 10 10 
24 | 10 10 10 
25 | 10 10 10 
26 | 11 11 11 
27 | 11 11 11 
28 | 11 11 11 
29 | 11 11 11 

Boxes' corners:       (w,l)
    Box  1 is at 
        top left     (0,0)
        bottom right (0,1)

    Box  2 is at 
        top left     (1,0)
        bottom right (2,0)

    Box  3 is at 
        top left     (1,1)
        bottom right (2,1)

    Box  4 is at 
        top left     (0,2)
        bottom right (1,3)

    Box  5 is at 
        top left     (0,4)
        bottom right (1,5)

    Box  6 is at 
        top left     (0,6)
        bottom right (2,9)

    Box  7 is at 
        top left     (0,10)
        bottom right (2,13)

    Box  8 is at 
        top left     (0,14)
        bottom right (2,17)

    Box  9 is at 
        top left     (0,18)
        bottom right (2,21)

    Box 10 is at 
        top left     (0,22)
        bottom right (2,25)

    Box 11 is at 
        top left     (0,26)
        bottom right (2,29)

    Roll length used: 30
--------------------
   | W
 L |  0  1  2 
-------------
 0 |  1  2  2 
 1 |  1  3  3 
 2 |  4  4  . 
 3 |  4  4  . 
 4 |  5  5  . 
 5 |  5  5  . 
 6 |  6  6  6 
 7 |  6  6  6 
 8 |  6  6  6 
 9 |  6  6  6 
10 |  7  7  7 
11 |  7  7  7 
12 |  7  7  7 
13 |  7  7  7 
14 |  8  8  8 
15 |  8  8  8 
16 |  8  8  8 
17 |  8  8  8 
18 |  9  9  9 
19 |  9  9  9 
20 |  9  9  9 
21 |  9  9  9 
22 | 10 10 10 
23 | 10 10 10 
24 | 10 10 10 
25 | 10 10 10 
26 | 11 11 11 
27 | 11 11 11 
28 | 11 11 11 
29 | 11 11 11 

Boxes' corners:       (w,l)
    Box  1 is at 
        top left     (0,0)
        bottom right (0,1)

    Box  2 is at 
        top left     (1,0)
        bottom right (2,0)

    Box  3 is at 
        top left     (1,1)
        bottom right (2,1)

    Box  4 is at 
        top left     (0,2)
        bottom right (1,3)

    Box  5 is at 
        top left     (0,4)
        bottom right (1,5)

    Box  6 is at 
        top left     (0,6)
        bottom right (2,9)

    Box  7 is at 
        top left     (0,10)
        bottom right (2,13)

    Box  8 is at 
        top left     (0,14)
        bottom right (2,17)

    Box  9 is at 
        top left     (0,18)
        bottom right (2,21)

    Box 10 is at 
        top left     (0,22)
        bottom right (2,25)

    Box 11 is at 
        top left     (0,26)
        bottom right (2,29)

    Roll length used: 30
