Sat 19 May 19:44:25 CEST 2018
CPXPARAM_TimeLimit                               45
CPXPARAM_Threads                                 1
CPXPARAM_MIP_Strategy_CallbackReducedLP          0
Tried aggregator 7 times.
MIP Presolve eliminated 19160 rows and 10537 columns.
MIP Presolve modified 6947 coefficients.
Aggregator did 13364 substitutions.
Reduced MIP has 22624 rows, 21189 columns, and 63093 nonzeros.
Reduced MIP has 19542 binaries, 13 generals, 0 SOSs, and 4125 indicators.
Presolve time = 0.37 sec. (872.37 ticks)
Probing time = 0.24 sec. (148.16 ticks)
Tried aggregator 6 times.
Aggregator did 11113 substitutions.
Reduced MIP has 11511 rows, 10076 columns, and 40867 nonzeros.
Reduced MIP has 8429 binaries, 1647 generals, 0 SOSs, and 4125 indicators.
Presolve time = 0.11 sec. (174.41 ticks)
Probing time = 0.14 sec. (119.64 ticks)
Tried aggregator 1 time.
Reduced MIP has 11511 rows, 10076 columns, and 40867 nonzeros.
Reduced MIP has 8429 binaries, 1647 generals, 0 SOSs, and 4125 indicators.
Presolve time = 0.03 sec. (37.29 ticks)
Probing time = 0.01 sec. (9.01 ticks)
Clique table members: 721328.
MIP emphasis: balance optimality and feasibility.
MIP search method: dynamic search.
Parallel mode: none, using 1 thread.
Root relaxation solution time = 0.14 sec. (249.25 ticks)

        Nodes                                         Cuts/
   Node  Left     Objective  IInf  Best Integer    Best Bound    ItCnt     Gap

      0     0        0.0000  4496                      0.0000     1769         
      0     0        0.0000  2705               Cliques: 2977     3614         
      0     0        0.0000  2870               Cliques: 2977     4724         
      0     0        0.0000  1989               Cliques: 2977     5067         
      0     0        0.0000  1657               Cliques: 2977     5346         

Clique cuts applied:  8088

Root node processing (before b&c):
  Real time             =   49.43 sec. (56283.94 ticks)
Sequential b&c:
  Real time             =    0.00 sec. (0.00 ticks)
                          ------------
Total (root+branch&cut) =   49.43 sec. (56283.94 ticks)
