ds mai 19 17:31:46 CEST 2018
Increasing area preprocessing
    W=8
    sum lengths=   30
    sum max sides= 30
    box 1: 2 3
    box 2: 2 3
    box 3: 1 7
    box 4: 1 7
    box 5: 1 7
    box 6: 3 3

1)
   | W
 L | 0 1 2 3 4 5 6 7 
--------------------
 0 | 1 1 1 2 2 2 . . 
 1 | 1 1 1 2 2 2 . . 
 2 | 3 3 3 3 3 3 3 . 
 3 | 4 4 4 4 4 4 4 . 
 4 | 5 5 5 5 5 5 5 . 
 5 | 6 6 6 . . . . . 
 6 | 6 6 6 . . . . . 
 7 | 6 6 6 . . . . . 
 8 | . . . . . . . . 
 9 | . . . . . . . . 
10 | . . . . . . . . 
11 | . . . . . . . . 
12 | . . . . . . . . 
13 | . . . . . . . . 
14 | . . . . . . . . 
15 | . . . . . . . . 
16 | . . . . . . . . 
17 | . . . . . . . . 
18 | . . . . . . . . 
19 | . . . . . . . . 
20 | . . . . . . . . 
21 | . . . . . . . . 
22 | . . . . . . . . 
23 | . . . . . . . . 
24 | . . . . . . . . 
25 | . . . . . . . . 
26 | . . . . . . . . 
27 | . . . . . . . . 
28 | . . . . . . . . 
29 | . . . . . . . . 

Boxes' corners:      (w,l)
    Box 1 is at 
        top left     (0,0)
        bottom right (2,1)

    Box 2 is at 
        top left     (3,0)
        bottom right (5,1)

    Box 3 is at 
        top left     (0,2)
        bottom right (6,2)

    Box 4 is at 
        top left     (0,3)
        bottom right (6,3)

    Box 5 is at 
        top left     (0,4)
        bottom right (6,4)

    Box 6 is at 
        top left     (0,5)
        bottom right (2,7)

    Roll length used: 8

2)
   | W
 L | 0 1 2 3 4 5 6 7 
--------------------
 0 | 1 1 1 6 6 6 . . 
 1 | 1 1 1 6 6 6 . . 
 2 | 2 2 2 6 6 6 . . 
 3 | 2 2 2 . . . . . 
 4 | 3 3 3 3 3 3 3 . 
 5 | 4 4 4 4 4 4 4 . 
 6 | 5 5 5 5 5 5 5 . 
 7 | . . . . . . . . 
 8 | . . . . . . . . 
 9 | . . . . . . . . 
10 | . . . . . . . . 
11 | . . . . . . . . 
12 | . . . . . . . . 
13 | . . . . . . . . 
14 | . . . . . . . . 
15 | . . . . . . . . 
16 | . . . . . . . . 
17 | . . . . . . . . 
18 | . . . . . . . . 
19 | . . . . . . . . 
20 | . . . . . . . . 
21 | . . . . . . . . 
22 | . . . . . . . . 
23 | . . . . . . . . 
24 | . . . . . . . . 
25 | . . . . . . . . 
26 | . . . . . . . . 
27 | . . . . . . . . 
28 | . . . . . . . . 
29 | . . . . . . . . 

Boxes' corners:      (w,l)
    Box 1 is at 
        top left     (0,0)
        bottom right (2,1)

    Box 2 is at 
        top left     (0,2)
        bottom right (2,3)

    Box 3 is at 
        top left     (0,4)
        bottom right (6,4)

    Box 4 is at 
        top left     (0,5)
        bottom right (6,5)

    Box 5 is at 
        top left     (0,6)
        bottom right (6,6)

    Box 6 is at 
        top left     (3,0)
        bottom right (5,2)

    Roll length used: 7

3)
   | W
 L | 0 1 2 3 4 5 6 7 
--------------------
 0 | 1 1 1 2 2 6 6 6 
 1 | 1 1 1 2 2 6 6 6 
 2 | . . . 2 2 6 6 6 
 3 | 3 3 3 3 3 3 3 . 
 4 | 4 4 4 4 4 4 4 . 
 5 | 5 5 5 5 5 5 5 . 
 6 | . . . . . . . . 
 7 | . . . . . . . . 
 8 | . . . . . . . . 
 9 | . . . . . . . . 
10 | . . . . . . . . 
11 | . . . . . . . . 
12 | . . . . . . . . 
13 | . . . . . . . . 
14 | . . . . . . . . 
15 | . . . . . . . . 
16 | . . . . . . . . 
17 | . . . . . . . . 
18 | . . . . . . . . 
19 | . . . . . . . . 
20 | . . . . . . . . 
21 | . . . . . . . . 
22 | . . . . . . . . 
23 | . . . . . . . . 
24 | . . . . . . . . 
25 | . . . . . . . . 
26 | . . . . . . . . 
27 | . . . . . . . . 
28 | . . . . . . . . 
29 | . . . . . . . . 

Boxes' corners:      (w,l)
    Box 1 is at 
        top left     (0,0)
        bottom right (2,1)

    Box 2 is at 
        top left     (3,0)
        bottom right (4,2)

    Box 3 is at 
        top left     (0,3)
        bottom right (6,3)

    Box 4 is at 
        top left     (0,4)
        bottom right (6,4)

    Box 5 is at 
        top left     (0,5)
        bottom right (6,5)

    Box 6 is at 
        top left     (5,0)
        bottom right (7,2)

    Roll length used: 6

Increasing width preprocessing
    W=8
    sum lengths=   30
    sum max sides= 30
    box 1: 1 7
    box 2: 1 7
    box 3: 1 7
    box 4: 2 3
    box 5: 2 3
    box 6: 3 3

Decreasing area preprocessing
    W=8
    sum lengths=   30
    sum max sides= 30
    box 1: 3 3
    box 2: 1 7
    box 3: 1 7
    box 4: 1 7
    box 5: 2 3
    box 6: 2 3

Decreasing width preprocessing
    W=8
    sum lengths=   30
    sum max sides= 30
    box 1: 3 3
    box 2: 2 3
    box 3: 2 3
    box 4: 1 7
    box 5: 1 7
    box 6: 1 7

----------------------------
Random preprocessing 1)
    W=8
    sum lengths=   30
    sum max sides= 30
    box 1: 1 7
    box 2: 2 3
    box 3: 1 7
    box 4: 1 7
    box 5: 3 3
    box 6: 2 3

----------------------------
Random preprocessing 2)
    W=8
    sum lengths=   30
    sum max sides= 30
    box 1: 2 3
    box 2: 1 7
    box 3: 1 7
    box 4: 3 3
    box 5: 1 7
    box 6: 2 3

----------------------------
Random preprocessing 3)
    W=8
    sum lengths=   30
    sum max sides= 30
    box 1: 1 7
    box 2: 2 3
    box 3: 3 3
    box 4: 2 3
    box 5: 1 7
    box 6: 1 7

----------------------------
Random preprocessing 4)
    W=8
    sum lengths=   30
    sum max sides= 30
    box 1: 1 7
    box 2: 2 3
    box 3: 1 7
    box 4: 1 7
    box 5: 3 3
    box 6: 2 3

----------------------------
Random preprocessing 5)
    W=8
    sum lengths=   30
    sum max sides= 30
    box 1: 1 7
    box 2: 1 7
    box 3: 2 3
    box 4: 2 3
    box 5: 3 3
    box 6: 1 7

In 5.73636 seconds (average)
--------------------
1)
   | W
 L | 0 1 2 3 4 5 6 7 
--------------------
 0 | 1 1 1 2 2 6 6 6 
 1 | 1 1 1 2 2 6 6 6 
 2 | . . . 2 2 6 6 6 
 3 | 3 3 3 3 3 3 3 . 
 4 | 4 4 4 4 4 4 4 . 
 5 | 5 5 5 5 5 5 5 . 
 6 | . . . . . . . . 
 7 | . . . . . . . . 
 8 | . . . . . . . . 
 9 | . . . . . . . . 
10 | . . . . . . . . 
11 | . . . . . . . . 
12 | . . . . . . . . 
13 | . . . . . . . . 
14 | . . . . . . . . 
15 | . . . . . . . . 
16 | . . . . . . . . 
17 | . . . . . . . . 
18 | . . . . . . . . 
19 | . . . . . . . . 
20 | . . . . . . . . 
21 | . . . . . . . . 
22 | . . . . . . . . 
23 | . . . . . . . . 
24 | . . . . . . . . 
25 | . . . . . . . . 
26 | . . . . . . . . 
27 | . . . . . . . . 
28 | . . . . . . . . 
29 | . . . . . . . . 

Boxes' corners:      (w,l)
    Box 1 is at 
        top left     (0,0)
        bottom right (2,1)

    Box 2 is at 
        top left     (3,0)
        bottom right (4,2)

    Box 3 is at 
        top left     (0,3)
        bottom right (6,3)

    Box 4 is at 
        top left     (0,4)
        bottom right (6,4)

    Box 5 is at 
        top left     (0,5)
        bottom right (6,5)

    Box 6 is at 
        top left     (5,0)
        bottom right (7,2)

    Roll length used: 6
--------------------
   | W
 L | 0 1 2 3 4 5 6 7 
--------------------
 0 | 1 1 1 2 2 6 6 6 
 1 | 1 1 1 2 2 6 6 6 
 2 | . . . 2 2 6 6 6 
 3 | 3 3 3 3 3 3 3 . 
 4 | 4 4 4 4 4 4 4 . 
 5 | 5 5 5 5 5 5 5 . 
 6 | . . . . . . . . 
 7 | . . . . . . . . 
 8 | . . . . . . . . 
 9 | . . . . . . . . 
10 | . . . . . . . . 
11 | . . . . . . . . 
12 | . . . . . . . . 
13 | . . . . . . . . 
14 | . . . . . . . . 
15 | . . . . . . . . 
16 | . . . . . . . . 
17 | . . . . . . . . 
18 | . . . . . . . . 
19 | . . . . . . . . 
20 | . . . . . . . . 
21 | . . . . . . . . 
22 | . . . . . . . . 
23 | . . . . . . . . 
24 | . . . . . . . . 
25 | . . . . . . . . 
26 | . . . . . . . . 
27 | . . . . . . . . 
28 | . . . . . . . . 
29 | . . . . . . . . 

Boxes' corners:      (w,l)
    Box 1 is at 
        top left     (0,0)
        bottom right (2,1)

    Box 2 is at 
        top left     (3,0)
        bottom right (4,2)

    Box 3 is at 
        top left     (0,3)
        bottom right (6,3)

    Box 4 is at 
        top left     (0,4)
        bottom right (6,4)

    Box 5 is at 
        top left     (0,5)
        bottom right (6,5)

    Box 6 is at 
        top left     (5,0)
        bottom right (7,2)

    Roll length used: 6
