Sat 19 May 17:21:14 CEST 2018
Increasing area preprocessing
    W=4
    sum lengths=   15
    sum max sides= 15
    box 1: 1 1
    box 2: 1 1
    box 3: 1 2
    box 4: 1 2
    box 5: 2 3
    box 6: 2 3
    box 7: 2 3

1)
   | W
 L | 0 1 2 3 
------------
 0 | 1 2 3 3 
 1 | 4 4 . . 
 2 | 5 5 5 . 
 3 | 5 5 5 . 
 4 | 6 6 6 . 
 5 | 6 6 6 . 
 6 | 7 7 7 . 
 7 | 7 7 7 . 
 8 | . . . . 
 9 | . . . . 
10 | . . . . 
11 | . . . . 
12 | . . . . 
13 | . . . . 
14 | . . . . 

Boxes' corners:      (w,l)
    Box 1 is at 
        top left     (0,0)
        bottom right (0,0)

    Box 2 is at 
        top left     (1,0)
        bottom right (1,0)

    Box 3 is at 
        top left     (2,0)
        bottom right (3,0)

    Box 4 is at 
        top left     (0,1)
        bottom right (1,1)

    Box 5 is at 
        top left     (0,2)
        bottom right (2,3)

    Box 6 is at 
        top left     (0,4)
        bottom right (2,5)

    Box 7 is at 
        top left     (0,6)
        bottom right (2,7)

    Roll length used: 8

2)
   | W
 L | 0 1 2 3 
------------
 0 | 1 5 5 5 
 1 | 2 5 5 5 
 2 | 3 3 4 4 
 3 | 6 6 6 . 
 4 | 6 6 6 . 
 5 | 7 7 7 . 
 6 | 7 7 7 . 
 7 | . . . . 
 8 | . . . . 
 9 | . . . . 
10 | . . . . 
11 | . . . . 
12 | . . . . 
13 | . . . . 
14 | . . . . 

Boxes' corners:      (w,l)
    Box 1 is at 
        top left     (0,0)
        bottom right (0,0)

    Box 2 is at 
        top left     (0,1)
        bottom right (0,1)

    Box 3 is at 
        top left     (0,2)
        bottom right (1,2)

    Box 4 is at 
        top left     (2,2)
        bottom right (3,2)

    Box 5 is at 
        top left     (1,0)
        bottom right (3,1)

    Box 6 is at 
        top left     (0,3)
        bottom right (2,4)

    Box 7 is at 
        top left     (0,5)
        bottom right (2,6)

    Roll length used: 7

Increasing width preprocessing
    W=4
    sum lengths=   15
    sum max sides= 15
    box 1: 1 1
    box 2: 1 1
    box 3: 1 2
    box 4: 1 2
    box 5: 2 3
    box 6: 2 3
    box 7: 2 3

Decreasing area preprocessing
    W=4
    sum lengths=   15
    sum max sides= 15
    box 1: 2 3
    box 2: 2 3
    box 3: 2 3
    box 4: 1 2
    box 5: 1 2
    box 6: 1 1
    box 7: 1 1

1)
  | W
L | 0 1 2 3 
------------
0 | 1 1 1 4 
1 | 1 1 1 4 
2 | 2 2 2 5 
3 | 2 2 2 5 
4 | 3 3 3 6 
5 | 3 3 3 7 

Boxes' corners:      (w,l)
    Box 1 is at 
        top left     (0,0)
        bottom right (2,1)

    Box 2 is at 
        top left     (0,2)
        bottom right (2,3)

    Box 3 is at 
        top left     (0,4)
        bottom right (2,5)

    Box 4 is at 
        top left     (3,0)
        bottom right (3,1)

    Box 5 is at 
        top left     (3,2)
        bottom right (3,3)

    Box 6 is at 
        top left     (3,4)
        bottom right (3,4)

    Box 7 is at 
        top left     (3,5)
        bottom right (3,5)

    Roll length used: 6

Decreasing width preprocessing
    W=4
    sum lengths=   15
    sum max sides= 15
    box 1: 2 3
    box 2: 2 3
    box 3: 2 3
    box 4: 1 2
    box 5: 1 2
    box 6: 1 1
    box 7: 1 1

----------------------------
Random preprocessing 1)
    W=4
    sum lengths=   15
    sum max sides= 15
    box 1: 1 2
    box 2: 2 3
    box 3: 1 2
    box 4: 1 1
    box 5: 2 3
    box 6: 2 3
    box 7: 1 1

----------------------------
Random preprocessing 2)
    W=4
    sum lengths=   15
    sum max sides= 15
    box 1: 2 3
    box 2: 1 1
    box 3: 2 3
    box 4: 1 2
    box 5: 2 3
    box 6: 1 1
    box 7: 1 2

----------------------------
Random preprocessing 3)
    W=4
    sum lengths=   15
    sum max sides= 15
    box 1: 1 1
    box 2: 2 3
    box 3: 1 2
    box 4: 2 3
    box 5: 1 1
    box 6: 1 2
    box 7: 2 3

----------------------------
Random preprocessing 4)
    W=4
    sum lengths=   15
    sum max sides= 15
    box 1: 1 1
    box 2: 1 1
    box 3: 2 3
    box 4: 2 3
    box 5: 1 2
    box 6: 2 3
    box 7: 1 2

----------------------------
Random preprocessing 5)
    W=4
    sum lengths=   15
    sum max sides= 15
    box 1: 2 3
    box 2: 2 3
    box 3: 1 1
    box 4: 2 3
    box 5: 1 1
    box 6: 1 2
    box 7: 1 2

In 13.5075 seconds (average)
--------------------
1)
  | W
L | 0 1 2 3 
------------
0 | 1 1 1 4 
1 | 1 1 1 4 
2 | 2 2 2 5 
3 | 2 2 2 5 
4 | 3 3 3 6 
5 | 3 3 3 7 

Boxes' corners:      (w,l)
    Box 1 is at 
        top left     (0,0)
        bottom right (2,1)

    Box 2 is at 
        top left     (0,2)
        bottom right (2,3)

    Box 3 is at 
        top left     (0,4)
        bottom right (2,5)

    Box 4 is at 
        top left     (3,0)
        bottom right (3,1)

    Box 5 is at 
        top left     (3,2)
        bottom right (3,3)

    Box 6 is at 
        top left     (3,4)
        bottom right (3,4)

    Box 7 is at 
        top left     (3,5)
        bottom right (3,5)

    Roll length used: 6
--------------------
  | W
L | 0 1 2 3 
------------
0 | 1 1 1 4 
1 | 1 1 1 4 
2 | 2 2 2 5 
3 | 2 2 2 5 
4 | 3 3 3 6 
5 | 3 3 3 7 

Boxes' corners:      (w,l)
    Box 1 is at 
        top left     (0,0)
        bottom right (2,1)

    Box 2 is at 
        top left     (0,2)
        bottom right (2,3)

    Box 3 is at 
        top left     (0,4)
        bottom right (2,5)

    Box 4 is at 
        top left     (3,0)
        bottom right (3,1)

    Box 5 is at 
        top left     (3,2)
        bottom right (3,3)

    Box 6 is at 
        top left     (3,4)
        bottom right (3,4)

    Box 7 is at 
        top left     (3,5)
        bottom right (3,5)

    Roll length used: 6
