Sat 19 May 18:41:10 CEST 2018
Increasing area preprocessing
    W=11
    sum lengths=   30
    sum max sides= 30
    box 1: 1 1
    box 2: 1 1
    box 3: 1 1
    box 4: 1 1
    box 5: 1 3
    box 6: 1 3
    box 7: 2 5
    box 8: 2 5
    box 9: 2 5
    box 10: 2 5

1)
   | W
 L | 0 1 2 3 4  5  6  7  8  9 10 
---------------------------------
 0 | 1 2 3 4 5  5  5  6  6  6  . 
 1 | 7 7 7 7 7  8  8  8  8  8  . 
 2 | 7 7 7 7 7  8  8  8  8  8  . 
 3 | 9 9 9 9 9 10 10 10 10 10  . 
 4 | 9 9 9 9 9 10 10 10 10 10  . 
 5 | . . . . .  .  .  .  .  .  . 
 6 | . . . . .  .  .  .  .  .  . 
 7 | . . . . .  .  .  .  .  .  . 
 8 | . . . . .  .  .  .  .  .  . 
 9 | . . . . .  .  .  .  .  .  . 
10 | . . . . .  .  .  .  .  .  . 
11 | . . . . .  .  .  .  .  .  . 
12 | . . . . .  .  .  .  .  .  . 
13 | . . . . .  .  .  .  .  .  . 
14 | . . . . .  .  .  .  .  .  . 
15 | . . . . .  .  .  .  .  .  . 
16 | . . . . .  .  .  .  .  .  . 
17 | . . . . .  .  .  .  .  .  . 
18 | . . . . .  .  .  .  .  .  . 
19 | . . . . .  .  .  .  .  .  . 
20 | . . . . .  .  .  .  .  .  . 
21 | . . . . .  .  .  .  .  .  . 
22 | . . . . .  .  .  .  .  .  . 
23 | . . . . .  .  .  .  .  .  . 
24 | . . . . .  .  .  .  .  .  . 
25 | . . . . .  .  .  .  .  .  . 
26 | . . . . .  .  .  .  .  .  . 
27 | . . . . .  .  .  .  .  .  . 
28 | . . . . .  .  .  .  .  .  . 
29 | . . . . .  .  .  .  .  .  . 

Boxes' corners:       (w,l)
    Box  1 is at 
        top left     (0,0)
        bottom right (0,0)

    Box  2 is at 
        top left     (1,0)
        bottom right (1,0)

    Box  3 is at 
        top left     (2,0)
        bottom right (2,0)

    Box  4 is at 
        top left     (3,0)
        bottom right (3,0)

    Box  5 is at 
        top left     (4,0)
        bottom right (6,0)

    Box  6 is at 
        top left     (7,0)
        bottom right (9,0)

    Box  7 is at 
        top left     (0,1)
        bottom right (4,2)

    Box  8 is at 
        top left     (5,1)
        bottom right (9,2)

    Box  9 is at 
        top left     (0,3)
        bottom right (4,4)

    Box 10 is at 
        top left     (5,3)
        bottom right (9,4)

    Roll length used: 5

Increasing width preprocessing
    W=11
    sum lengths=   30
    sum max sides= 30
    box 1: 1 1
    box 2: 1 1
    box 3: 1 1
    box 4: 1 1
    box 5: 1 3
    box 6: 1 3
    box 7: 2 5
    box 8: 2 5
    box 9: 2 5
    box 10: 2 5

Decreasing area preprocessing
    W=11
    sum lengths=   30
    sum max sides= 30
    box 1: 2 5
    box 2: 2 5
    box 3: 2 5
    box 4: 2 5
    box 5: 1 3
    box 6: 1 3
    box 7: 1 1
    box 8: 1 1
    box 9: 1 1
    box 10: 1 1

Decreasing width preprocessing
    W=11
    sum lengths=   30
    sum max sides= 30
    box 1: 2 5
    box 2: 2 5
    box 3: 2 5
    box 4: 2 5
    box 5: 1 3
    box 6: 1 3
    box 7: 1 1
    box 8: 1 1
    box 9: 1 1
    box 10: 1 1

----------------------------
Random preprocessing 1)
    W=11
    sum lengths=   30
    sum max sides= 30
    box 1: 1 3
    box 2: 1 3
    box 3: 2 5
    box 4: 1 1
    box 5: 1 1
    box 6: 1 1
    box 7: 2 5
    box 8: 2 5
    box 9: 2 5
    box 10: 1 1

----------------------------
Random preprocessing 2)
    W=11
    sum lengths=   30
    sum max sides= 30
    box 1: 1 3
    box 2: 1 1
    box 3: 2 5
    box 4: 2 5
    box 5: 1 1
    box 6: 1 3
    box 7: 2 5
    box 8: 2 5
    box 9: 1 1
    box 10: 1 1

----------------------------
Random preprocessing 3)
    W=11
    sum lengths=   30
    sum max sides= 30
    box 1: 2 5
    box 2: 1 3
    box 3: 1 1
    box 4: 1 1
    box 5: 2 5
    box 6: 2 5
    box 7: 1 3
    box 8: 1 1
    box 9: 1 1
    box 10: 2 5

----------------------------
Random preprocessing 4)
    W=11
    sum lengths=   30
    sum max sides= 30
    box 1: 1 1
    box 2: 1 3
    box 3: 2 5
    box 4: 1 3
    box 5: 1 1
    box 6: 1 1
    box 7: 2 5
    box 8: 2 5
    box 9: 2 5
    box 10: 1 1

----------------------------
Random preprocessing 5)
    W=11
    sum lengths=   30
    sum max sides= 30
    box 1: 1 3
    box 2: 1 1
    box 3: 1 1
    box 4: 1 1
    box 5: 2 5
    box 6: 2 5
    box 7: 1 1
    box 8: 2 5
    box 9: 1 3
    box 10: 2 5

In 33.5309 seconds (average)
--------------------
1)
   | W
 L | 0 1 2 3 4  5  6  7  8  9 10 
---------------------------------
 0 | 1 2 3 4 5  5  5  6  6  6  . 
 1 | 7 7 7 7 7  8  8  8  8  8  . 
 2 | 7 7 7 7 7  8  8  8  8  8  . 
 3 | 9 9 9 9 9 10 10 10 10 10  . 
 4 | 9 9 9 9 9 10 10 10 10 10  . 
 5 | . . . . .  .  .  .  .  .  . 
 6 | . . . . .  .  .  .  .  .  . 
 7 | . . . . .  .  .  .  .  .  . 
 8 | . . . . .  .  .  .  .  .  . 
 9 | . . . . .  .  .  .  .  .  . 
10 | . . . . .  .  .  .  .  .  . 
11 | . . . . .  .  .  .  .  .  . 
12 | . . . . .  .  .  .  .  .  . 
13 | . . . . .  .  .  .  .  .  . 
14 | . . . . .  .  .  .  .  .  . 
15 | . . . . .  .  .  .  .  .  . 
16 | . . . . .  .  .  .  .  .  . 
17 | . . . . .  .  .  .  .  .  . 
18 | . . . . .  .  .  .  .  .  . 
19 | . . . . .  .  .  .  .  .  . 
20 | . . . . .  .  .  .  .  .  . 
21 | . . . . .  .  .  .  .  .  . 
22 | . . . . .  .  .  .  .  .  . 
23 | . . . . .  .  .  .  .  .  . 
24 | . . . . .  .  .  .  .  .  . 
25 | . . . . .  .  .  .  .  .  . 
26 | . . . . .  .  .  .  .  .  . 
27 | . . . . .  .  .  .  .  .  . 
28 | . . . . .  .  .  .  .  .  . 
29 | . . . . .  .  .  .  .  .  . 

Boxes' corners:       (w,l)
    Box  1 is at 
        top left     (0,0)
        bottom right (0,0)

    Box  2 is at 
        top left     (1,0)
        bottom right (1,0)

    Box  3 is at 
        top left     (2,0)
        bottom right (2,0)

    Box  4 is at 
        top left     (3,0)
        bottom right (3,0)

    Box  5 is at 
        top left     (4,0)
        bottom right (6,0)

    Box  6 is at 
        top left     (7,0)
        bottom right (9,0)

    Box  7 is at 
        top left     (0,1)
        bottom right (4,2)

    Box  8 is at 
        top left     (5,1)
        bottom right (9,2)

    Box  9 is at 
        top left     (0,3)
        bottom right (4,4)

    Box 10 is at 
        top left     (5,3)
        bottom right (9,4)

    Roll length used: 5
--------------------
   | W
 L | 0 1 2 3 4  5  6  7  8  9 10 
---------------------------------
 0 | 1 2 3 4 5  5  5  6  6  6  . 
 1 | 7 7 7 7 7  8  8  8  8  8  . 
 2 | 7 7 7 7 7  8  8  8  8  8  . 
 3 | 9 9 9 9 9 10 10 10 10 10  . 
 4 | 9 9 9 9 9 10 10 10 10 10  . 
 5 | . . . . .  .  .  .  .  .  . 
 6 | . . . . .  .  .  .  .  .  . 
 7 | . . . . .  .  .  .  .  .  . 
 8 | . . . . .  .  .  .  .  .  . 
 9 | . . . . .  .  .  .  .  .  . 
10 | . . . . .  .  .  .  .  .  . 
11 | . . . . .  .  .  .  .  .  . 
12 | . . . . .  .  .  .  .  .  . 
13 | . . . . .  .  .  .  .  .  . 
14 | . . . . .  .  .  .  .  .  . 
15 | . . . . .  .  .  .  .  .  . 
16 | . . . . .  .  .  .  .  .  . 
17 | . . . . .  .  .  .  .  .  . 
18 | . . . . .  .  .  .  .  .  . 
19 | . . . . .  .  .  .  .  .  . 
20 | . . . . .  .  .  .  .  .  . 
21 | . . . . .  .  .  .  .  .  . 
22 | . . . . .  .  .  .  .  .  . 
23 | . . . . .  .  .  .  .  .  . 
24 | . . . . .  .  .  .  .  .  . 
25 | . . . . .  .  .  .  .  .  . 
26 | . . . . .  .  .  .  .  .  . 
27 | . . . . .  .  .  .  .  .  . 
28 | . . . . .  .  .  .  .  .  . 
29 | . . . . .  .  .  .  .  .  . 

Boxes' corners:       (w,l)
    Box  1 is at 
        top left     (0,0)
        bottom right (0,0)

    Box  2 is at 
        top left     (1,0)
        bottom right (1,0)

    Box  3 is at 
        top left     (2,0)
        bottom right (2,0)

    Box  4 is at 
        top left     (3,0)
        bottom right (3,0)

    Box  5 is at 
        top left     (4,0)
        bottom right (6,0)

    Box  6 is at 
        top left     (7,0)
        bottom right (9,0)

    Box  7 is at 
        top left     (0,1)
        bottom right (4,2)

    Box  8 is at 
        top left     (5,1)
        bottom right (9,2)

    Box  9 is at 
        top left     (0,3)
        bottom right (4,4)

    Box 10 is at 
        top left     (5,3)
        bottom right (9,4)

    Roll length used: 5
