Sat 19 May 18:33:55 CEST 2018
Increasing area preprocessing
    W=9
    sum lengths=   7
    sum max sides= 7
    box 1: 1 1
    box 2: 1 1
    box 3: 4 5

1)
  | W
L | 0 1 2 3 4 5 6 7 8 
----------------------
0 | 1 2 3 3 3 3 3 . . 
1 | . . 3 3 3 3 3 . . 
2 | . . 3 3 3 3 3 . . 
3 | . . 3 3 3 3 3 . . 
4 | . . . . . . . . . 
5 | . . . . . . . . . 
6 | . . . . . . . . . 

Boxes' corners:      (w,l)
    Box 1 is at 
        top left     (0,0)
        bottom right (0,0)

    Box 2 is at 
        top left     (1,0)
        bottom right (1,0)

    Box 3 is at 
        top left     (2,0)
        bottom right (6,3)

    Roll length used: 4

Increasing width preprocessing
    W=9
    sum lengths=   7
    sum max sides= 7
    box 1: 1 1
    box 2: 1 1
    box 3: 4 5

Decreasing area preprocessing
    W=9
    sum lengths=   7
    sum max sides= 7
    box 1: 4 5
    box 2: 1 1
    box 3: 1 1

Decreasing width preprocessing
    W=9
    sum lengths=   7
    sum max sides= 7
    box 1: 4 5
    box 2: 1 1
    box 3: 1 1

----------------------------
Random preprocessing 1)
    W=9
    sum lengths=   7
    sum max sides= 7
    box 1: 4 5
    box 2: 1 1
    box 3: 1 1

----------------------------
Random preprocessing 2)
    W=9
    sum lengths=   7
    sum max sides= 7
    box 1: 4 5
    box 2: 1 1
    box 3: 1 1

----------------------------
Random preprocessing 3)
    W=9
    sum lengths=   7
    sum max sides= 7
    box 1: 4 5
    box 2: 1 1
    box 3: 1 1

----------------------------
Random preprocessing 4)
    W=9
    sum lengths=   7
    sum max sides= 7
    box 1: 1 1
    box 2: 4 5
    box 3: 1 1

----------------------------
Random preprocessing 5)
    W=9
    sum lengths=   7
    sum max sides= 7
    box 1: 1 1
    box 2: 4 5
    box 3: 1 1

In 0.0141912 seconds (average)
--------------------
1)
  | W
L | 0 1 2 3 4 5 6 7 8 
----------------------
0 | 1 2 3 3 3 3 3 . . 
1 | . . 3 3 3 3 3 . . 
2 | . . 3 3 3 3 3 . . 
3 | . . 3 3 3 3 3 . . 
4 | . . . . . . . . . 
5 | . . . . . . . . . 
6 | . . . . . . . . . 

Boxes' corners:      (w,l)
    Box 1 is at 
        top left     (0,0)
        bottom right (0,0)

    Box 2 is at 
        top left     (1,0)
        bottom right (1,0)

    Box 3 is at 
        top left     (2,0)
        bottom right (6,3)

    Roll length used: 4
--------------------
  | W
L | 0 1 2 3 4 5 6 7 8 
----------------------
0 | 1 2 3 3 3 3 3 . . 
1 | . . 3 3 3 3 3 . . 
2 | . . 3 3 3 3 3 . . 
3 | . . 3 3 3 3 3 . . 
4 | . . . . . . . . . 
5 | . . . . . . . . . 
6 | . . . . . . . . . 

Boxes' corners:      (w,l)
    Box 1 is at 
        top left     (0,0)
        bottom right (0,0)

    Box 2 is at 
        top left     (1,0)
        bottom right (1,0)

    Box 3 is at 
        top left     (2,0)
        bottom right (6,3)

    Roll length used: 4
