Sat 19 May 19:15:47 CEST 2018
CPXPARAM_TimeLimit                               45
CPXPARAM_Threads                                 1
CPXPARAM_MIP_Strategy_CallbackReducedLP          0
Tried aggregator 3 times.
MIP Presolve eliminated 513 rows and 520 columns.
MIP Presolve modified 1113 coefficients.
Aggregator did 2069 substitutions.
Reduced MIP has 2841 rows, 2002 columns, and 6141 nonzeros.
Reduced MIP has 1820 binaries, 5 generals, 0 SOSs, and 227 indicators.
Presolve time = 0.02 sec. (23.21 ticks)
Found incumbent of value 9.000000 after 0.03 sec. (30.17 ticks)
Probing time = 0.03 sec. (27.30 ticks)
Cover probing fixed 0 vars, tightened 97 bounds.
Tried aggregator 2 times.
MIP Presolve eliminated 305 rows and 96 columns.
Aggregator did 1176 substitutions.
Reduced MIP has 1391 rows, 649 columns, and 3189 nonzeros.
Reduced MIP has 488 binaries, 161 generals, 0 SOSs, and 170 indicators.
Presolve time = 0.00 sec. (4.97 ticks)
Probing time = 0.01 sec. (6.03 ticks)
Tried aggregator 2 times.
Aggregator did 10 substitutions.
Reduced MIP has 1381 rows, 639 columns, and 3169 nonzeros.
Reduced MIP has 478 binaries, 161 generals, 0 SOSs, and 170 indicators.
Presolve time = 0.00 sec. (3.39 ticks)
Probing time = 0.00 sec. (2.91 ticks)
Clique table members: 2758.
MIP emphasis: balance optimality and feasibility.
MIP search method: dynamic search.
Parallel mode: none, using 1 thread.
Root relaxation solution time = 0.00 sec. (6.31 ticks)

        Nodes                                         Cuts/
   Node  Left     Objective  IInf  Best Integer    Best Bound    ItCnt     Gap

*     0+    0                            9.0000        1.0000            88.89%
      0     0        1.0000   291        9.0000        1.0000      174   88.89%
      0     0        1.0000   138        9.0000  Cliques: 445      351   88.89%
      0     0        1.0000   146        9.0000     Cuts: 151      440   88.89%
      0     2        1.0000    43        9.0000        1.0000      440   88.89%
Elapsed time = 0.20 sec. (217.37 ticks, tree = 0.01 MB, solutions = 1)
*    20+   20                            8.0000        1.0000            87.50%
*    63    54      integral     0        7.0000        1.0000     1047   85.71%
*    90+   69                            6.0000        1.0000            83.33%
*   100+   74                            5.0000        1.0000            80.00%
*   140+   76                            4.0000        1.0000            75.00%
    204    67        2.0000   147        4.0000        2.0000     5597   50.00%

Clique cuts applied:  24
Implied bound cuts applied:  79
Zero-half cuts applied:  1

Root node processing (before b&c):
  Real time             =    0.20 sec. (217.55 ticks)
Sequential b&c:
  Real time             =    0.33 sec. (426.65 ticks)
                          ------------
Total (root+branch&cut) =    0.54 sec. (644.21 ticks)
   | W
 L | 0 1 2 3 4 
--------------
 0 | 3 3 2 2 2 
 1 | 3 3 2 2 2 
 2 | 3 3 1 1 1 
 3 | . 4 1 1 1 
 4 | . . . . . 
 5 | . . . . . 
 6 | . . . . . 
 7 | . . . . . 
 8 | . . . . . 
 9 | . . . . . 

Boxes' corners:      (w,l)
    Box 1 is at 
        top left     (2,2)
        bottom right (4,3)

    Box 2 is at 
        top left     (2,0)
        bottom right (4,1)

    Box 3 is at 
        top left     (0,0)
        bottom right (1,2)

    Box 4 is at 
        top left     (1,3)
        bottom right (1,3)

    Roll length used: 4
In 0.55 seconds
