ds mai 19 17:37:26 CEST 2018
Increasing area preprocessing
    W=9
    sum lengths=   30
    sum max sides= 30
    box 1: 1 1
    box 2: 1 1
    box 3: 1 2
    box 4: 1 2
    box 5: 1 2
    box 6: 1 2
    box 7: 1 2
    box 8: 2 2
    box 9: 2 6
    box 10: 2 6
    box 11: 3 4

1)
   | W
 L |  0  1  2  3  4  5 6 7 8 
----------------------------
 0 |  1  2  3  3  4  4 5 5 . 
 1 |  6  6  7  7  8  8 . . . 
 2 |  .  .  .  .  8  8 . . . 
 3 |  9  9  9  9  9  9 . . . 
 4 |  9  9  9  9  9  9 . . . 
 5 | 10 10 10 10 10 10 . . . 
 6 | 10 10 10 10 10 10 . . . 
 7 | 11 11 11 11  .  . . . . 
 8 | 11 11 11 11  .  . . . . 
 9 | 11 11 11 11  .  . . . . 
10 |  .  .  .  .  .  . . . . 
11 |  .  .  .  .  .  . . . . 
12 |  .  .  .  .  .  . . . . 
13 |  .  .  .  .  .  . . . . 
14 |  .  .  .  .  .  . . . . 
15 |  .  .  .  .  .  . . . . 
16 |  .  .  .  .  .  . . . . 
17 |  .  .  .  .  .  . . . . 
18 |  .  .  .  .  .  . . . . 
19 |  .  .  .  .  .  . . . . 
20 |  .  .  .  .  .  . . . . 
21 |  .  .  .  .  .  . . . . 
22 |  .  .  .  .  .  . . . . 
23 |  .  .  .  .  .  . . . . 
24 |  .  .  .  .  .  . . . . 
25 |  .  .  .  .  .  . . . . 
26 |  .  .  .  .  .  . . . . 
27 |  .  .  .  .  .  . . . . 
28 |  .  .  .  .  .  . . . . 
29 |  .  .  .  .  .  . . . . 

Boxes' corners:       (w,l)
    Box  1 is at 
        top left     (0,0)
        bottom right (0,0)

    Box  2 is at 
        top left     (1,0)
        bottom right (1,0)

    Box  3 is at 
        top left     (2,0)
        bottom right (3,0)

    Box  4 is at 
        top left     (4,0)
        bottom right (5,0)

    Box  5 is at 
        top left     (6,0)
        bottom right (7,0)

    Box  6 is at 
        top left     (0,1)
        bottom right (1,1)

    Box  7 is at 
        top left     (2,1)
        bottom right (3,1)

    Box  8 is at 
        top left     (4,1)
        bottom right (5,2)

    Box  9 is at 
        top left     (0,3)
        bottom right (5,4)

    Box 10 is at 
        top left     (0,5)
        bottom right (5,6)

    Box 11 is at 
        top left     (0,7)
        bottom right (3,9)

    Roll length used: 10

2)
   | W
 L |  0  1  2  3  4  5 6 7 8 
----------------------------
 0 |  1  2  3  3  4  4 5 5 . 
 1 |  6  6  7  7  8  8 . . . 
 2 | 11 11 11 11  8  8 . . . 
 3 | 11 11 11 11  .  . . . . 
 4 | 11 11 11 11  .  . . . . 
 5 |  9  9  9  9  9  9 . . . 
 6 |  9  9  9  9  9  9 . . . 
 7 | 10 10 10 10 10 10 . . . 
 8 | 10 10 10 10 10 10 . . . 
 9 |  .  .  .  .  .  . . . . 
10 |  .  .  .  .  .  . . . . 
11 |  .  .  .  .  .  . . . . 
12 |  .  .  .  .  .  . . . . 
13 |  .  .  .  .  .  . . . . 
14 |  .  .  .  .  .  . . . . 
15 |  .  .  .  .  .  . . . . 
16 |  .  .  .  .  .  . . . . 
17 |  .  .  .  .  .  . . . . 
18 |  .  .  .  .  .  . . . . 
19 |  .  .  .  .  .  . . . . 
20 |  .  .  .  .  .  . . . . 
21 |  .  .  .  .  .  . . . . 
22 |  .  .  .  .  .  . . . . 
23 |  .  .  .  .  .  . . . . 
24 |  .  .  .  .  .  . . . . 
25 |  .  .  .  .  .  . . . . 
26 |  .  .  .  .  .  . . . . 
27 |  .  .  .  .  .  . . . . 
28 |  .  .  .  .  .  . . . . 
29 |  .  .  .  .  .  . . . . 

Boxes' corners:       (w,l)
    Box  1 is at 
        top left     (0,0)
        bottom right (0,0)

    Box  2 is at 
        top left     (1,0)
        bottom right (1,0)

    Box  3 is at 
        top left     (2,0)
        bottom right (3,0)

    Box  4 is at 
        top left     (4,0)
        bottom right (5,0)

    Box  5 is at 
        top left     (6,0)
        bottom right (7,0)

    Box  6 is at 
        top left     (0,1)
        bottom right (1,1)

    Box  7 is at 
        top left     (2,1)
        bottom right (3,1)

    Box  8 is at 
        top left     (4,1)
        bottom right (5,2)

    Box  9 is at 
        top left     (0,5)
        bottom right (5,6)

    Box 10 is at 
        top left     (0,7)
        bottom right (5,8)

    Box 11 is at 
        top left     (0,2)
        bottom right (3,4)

    Roll length used: 9

3)
   | W
 L |  0  1  2  3  4  5  6  7 8 
------------------------------
 0 |  1  2  3  3  4  4  5  5 . 
 1 |  6  6  7  7 11 11 11 11 . 
 2 |  8  8  .  . 11 11 11 11 . 
 3 |  8  8  .  . 11 11 11 11 . 
 4 |  9  9  9  9  9  9  .  . . 
 5 |  9  9  9  9  9  9  .  . . 
 6 | 10 10 10 10 10 10  .  . . 
 7 | 10 10 10 10 10 10  .  . . 
 8 |  .  .  .  .  .  .  .  . . 
 9 |  .  .  .  .  .  .  .  . . 
10 |  .  .  .  .  .  .  .  . . 
11 |  .  .  .  .  .  .  .  . . 
12 |  .  .  .  .  .  .  .  . . 
13 |  .  .  .  .  .  .  .  . . 
14 |  .  .  .  .  .  .  .  . . 
15 |  .  .  .  .  .  .  .  . . 
16 |  .  .  .  .  .  .  .  . . 
17 |  .  .  .  .  .  .  .  . . 
18 |  .  .  .  .  .  .  .  . . 
19 |  .  .  .  .  .  .  .  . . 
20 |  .  .  .  .  .  .  .  . . 
21 |  .  .  .  .  .  .  .  . . 
22 |  .  .  .  .  .  .  .  . . 
23 |  .  .  .  .  .  .  .  . . 
24 |  .  .  .  .  .  .  .  . . 
25 |  .  .  .  .  .  .  .  . . 
26 |  .  .  .  .  .  .  .  . . 
27 |  .  .  .  .  .  .  .  . . 
28 |  .  .  .  .  .  .  .  . . 
29 |  .  .  .  .  .  .  .  . . 

Boxes' corners:       (w,l)
    Box  1 is at 
        top left     (0,0)
        bottom right (0,0)

    Box  2 is at 
        top left     (1,0)
        bottom right (1,0)

    Box  3 is at 
        top left     (2,0)
        bottom right (3,0)

    Box  4 is at 
        top left     (4,0)
        bottom right (5,0)

    Box  5 is at 
        top left     (6,0)
        bottom right (7,0)

    Box  6 is at 
        top left     (0,1)
        bottom right (1,1)

    Box  7 is at 
        top left     (2,1)
        bottom right (3,1)

    Box  8 is at 
        top left     (0,2)
        bottom right (1,3)

    Box  9 is at 
        top left     (0,4)
        bottom right (5,5)

    Box 10 is at 
        top left     (0,6)
        bottom right (5,7)

    Box 11 is at 
        top left     (4,1)
        bottom right (7,3)

    Roll length used: 8

Increasing width preprocessing
    W=9
    sum lengths=   30
    sum max sides= 30
    box 1: 1 1
    box 2: 1 1
    box 3: 1 2
    box 4: 1 2
    box 5: 1 2
    box 6: 1 2
    box 7: 1 2
    box 8: 2 2
    box 9: 2 6
    box 10: 2 6
    box 11: 3 4

Decreasing area preprocessing
    W=9
    sum lengths=   30
    sum max sides= 30
    box 1: 2 6
    box 2: 2 6
    box 3: 3 4
    box 4: 2 2
    box 5: 1 2
    box 6: 1 2
    box 7: 1 2
    box 8: 1 2
    box 9: 1 2
    box 10: 1 1
    box 11: 1 1

1)
  | W
L | 0 1 2 3 4 5 6 7  8 
-----------------------
0 | 1 1 1 1 1 1 4 4 10 
1 | 1 1 1 1 1 1 4 4 11 
2 | 2 2 2 2 2 2 5 5  . 
3 | 2 2 2 2 2 2 6 6  . 
4 | 3 3 3 3 7 7 8 8  . 
5 | 3 3 3 3 9 9 . .  . 
6 | 3 3 3 3 . . . .  . 

Boxes' corners:       (w,l)
    Box  1 is at 
        top left     (0,0)
        bottom right (5,1)

    Box  2 is at 
        top left     (0,2)
        bottom right (5,3)

    Box  3 is at 
        top left     (0,4)
        bottom right (3,6)

    Box  4 is at 
        top left     (6,0)
        bottom right (7,1)

    Box  5 is at 
        top left     (6,2)
        bottom right (7,2)

    Box  6 is at 
        top left     (6,3)
        bottom right (7,3)

    Box  7 is at 
        top left     (4,4)
        bottom right (5,4)

    Box  8 is at 
        top left     (6,4)
        bottom right (7,4)

    Box  9 is at 
        top left     (4,5)
        bottom right (5,5)

    Box 10 is at 
        top left     (8,0)
        bottom right (8,0)

    Box 11 is at 
        top left     (8,1)
        bottom right (8,1)

    Roll length used: 7

Decreasing width preprocessing
    W=9
    sum lengths=   30
    sum max sides= 30
    box 1: 3 4
    box 2: 2 6
    box 3: 2 6
    box 4: 2 2
    box 5: 1 2
    box 6: 1 2
    box 7: 1 2
    box 8: 1 2
    box 9: 1 2
    box 10: 1 1
    box 11: 1 1

----------------------------
Random preprocessing 1)
    W=9
    sum lengths=   30
    sum max sides= 30
    box 1: 2 6
    box 2: 1 1
    box 3: 1 2
    box 4: 3 4
    box 5: 2 6
    box 6: 1 2
    box 7: 1 2
    box 8: 1 2
    box 9: 2 2
    box 10: 1 1
    box 11: 1 2

----------------------------
Random preprocessing 2)
    W=9
    sum lengths=   30
    sum max sides= 30
    box 1: 1 2
    box 2: 1 1
    box 3: 2 2
    box 4: 2 6
    box 5: 1 2
    box 6: 3 4
    box 7: 2 6
    box 8: 1 1
    box 9: 1 2
    box 10: 1 2
    box 11: 1 2

----------------------------
Random preprocessing 3)
    W=9
    sum lengths=   30
    sum max sides= 30
    box 1: 3 4
    box 2: 1 2
    box 3: 1 2
    box 4: 1 1
    box 5: 2 6
    box 6: 2 2
    box 7: 1 1
    box 8: 1 2
    box 9: 2 6
    box 10: 1 2
    box 11: 1 2

----------------------------
Random preprocessing 4)
    W=9
    sum lengths=   30
    sum max sides= 30
    box 1: 2 2
    box 2: 2 6
    box 3: 1 2
    box 4: 1 2
    box 5: 1 1
    box 6: 1 1
    box 7: 1 2
    box 8: 3 4
    box 9: 1 2
    box 10: 2 6
    box 11: 1 2

----------------------------
Random preprocessing 5)
    W=9
    sum lengths=   30
    sum max sides= 30
    box 1: 1 2
    box 2: 1 1
    box 3: 1 1
    box 4: 2 2
    box 5: 1 2
    box 6: 2 6
    box 7: 1 2
    box 8: 3 4
    box 9: 1 2
    box 10: 2 6
    box 11: 1 2

In 40.6465 seconds (average)
--------------------
1)
  | W
L | 0 1 2 3 4 5 6 7  8 
-----------------------
0 | 1 1 1 1 1 1 4 4 10 
1 | 1 1 1 1 1 1 4 4 11 
2 | 2 2 2 2 2 2 5 5  . 
3 | 2 2 2 2 2 2 6 6  . 
4 | 3 3 3 3 7 7 8 8  . 
5 | 3 3 3 3 9 9 . .  . 
6 | 3 3 3 3 . . . .  . 

Boxes' corners:       (w,l)
    Box  1 is at 
        top left     (0,0)
        bottom right (5,1)

    Box  2 is at 
        top left     (0,2)
        bottom right (5,3)

    Box  3 is at 
        top left     (0,4)
        bottom right (3,6)

    Box  4 is at 
        top left     (6,0)
        bottom right (7,1)

    Box  5 is at 
        top left     (6,2)
        bottom right (7,2)

    Box  6 is at 
        top left     (6,3)
        bottom right (7,3)

    Box  7 is at 
        top left     (4,4)
        bottom right (5,4)

    Box  8 is at 
        top left     (6,4)
        bottom right (7,4)

    Box  9 is at 
        top left     (4,5)
        bottom right (5,5)

    Box 10 is at 
        top left     (8,0)
        bottom right (8,0)

    Box 11 is at 
        top left     (8,1)
        bottom right (8,1)

    Roll length used: 7
--------------------
  | W
L | 0 1 2 3 4 5 6 7  8 
-----------------------
0 | 1 1 1 1 1 1 4 4 10 
1 | 1 1 1 1 1 1 4 4 11 
2 | 2 2 2 2 2 2 5 5  . 
3 | 2 2 2 2 2 2 6 6  . 
4 | 3 3 3 3 7 7 8 8  . 
5 | 3 3 3 3 9 9 . .  . 
6 | 3 3 3 3 . . . .  . 

Boxes' corners:       (w,l)
    Box  1 is at 
        top left     (0,0)
        bottom right (5,1)

    Box  2 is at 
        top left     (0,2)
        bottom right (5,3)

    Box  3 is at 
        top left     (0,4)
        bottom right (3,6)

    Box  4 is at 
        top left     (6,0)
        bottom right (7,1)

    Box  5 is at 
        top left     (6,2)
        bottom right (7,2)

    Box  6 is at 
        top left     (6,3)
        bottom right (7,3)

    Box  7 is at 
        top left     (4,4)
        bottom right (5,4)

    Box  8 is at 
        top left     (6,4)
        bottom right (7,4)

    Box  9 is at 
        top left     (4,5)
        bottom right (5,5)

    Box 10 is at 
        top left     (8,0)
        bottom right (8,0)

    Box 11 is at 
        top left     (8,1)
        bottom right (8,1)

    Roll length used: 7
