Sat 19 May 18:16:22 CEST 2018
Increasing area preprocessing
    W=4
    sum lengths=   7
    sum max sides= 7
    box 1: 1 1
    box 2: 2 2
    box 3: 2 2
    box 4: 2 2

1)
  | W
L | 0 1 2 3 
------------
0 | 1 2 2 . 
1 | . 2 2 . 
2 | 3 3 4 4 
3 | 3 3 4 4 
4 | . . . . 
5 | . . . . 
6 | . . . . 

Boxes' corners:      (w,l)
    Box 1 is at 
        top left     (0,0)
        bottom right (0,0)

    Box 2 is at 
        top left     (1,0)
        bottom right (2,1)

    Box 3 is at 
        top left     (0,2)
        bottom right (1,3)

    Box 4 is at 
        top left     (2,2)
        bottom right (3,3)

    Roll length used: 4

Increasing width preprocessing
    W=4
    sum lengths=   7
    sum max sides= 7
    box 1: 1 1
    box 2: 2 2
    box 3: 2 2
    box 4: 2 2

Decreasing area preprocessing
    W=4
    sum lengths=   7
    sum max sides= 7
    box 1: 2 2
    box 2: 2 2
    box 3: 2 2
    box 4: 1 1

Decreasing width preprocessing
    W=4
    sum lengths=   7
    sum max sides= 7
    box 1: 2 2
    box 2: 2 2
    box 3: 2 2
    box 4: 1 1

----------------------------
Random preprocessing 1)
    W=4
    sum lengths=   7
    sum max sides= 7
    box 1: 2 2
    box 2: 2 2
    box 3: 2 2
    box 4: 1 1

----------------------------
Random preprocessing 2)
    W=4
    sum lengths=   7
    sum max sides= 7
    box 1: 2 2
    box 2: 2 2
    box 3: 1 1
    box 4: 2 2

----------------------------
Random preprocessing 3)
    W=4
    sum lengths=   7
    sum max sides= 7
    box 1: 2 2
    box 2: 1 1
    box 3: 2 2
    box 4: 2 2

----------------------------
Random preprocessing 4)
    W=4
    sum lengths=   7
    sum max sides= 7
    box 1: 2 2
    box 2: 2 2
    box 3: 1 1
    box 4: 2 2

----------------------------
Random preprocessing 5)
    W=4
    sum lengths=   7
    sum max sides= 7
    box 1: 2 2
    box 2: 2 2
    box 3: 1 1
    box 4: 2 2

In 0.013612 seconds (average)
--------------------
1)
  | W
L | 0 1 2 3 
------------
0 | 1 2 2 . 
1 | . 2 2 . 
2 | 3 3 4 4 
3 | 3 3 4 4 
4 | . . . . 
5 | . . . . 
6 | . . . . 

Boxes' corners:      (w,l)
    Box 1 is at 
        top left     (0,0)
        bottom right (0,0)

    Box 2 is at 
        top left     (1,0)
        bottom right (2,1)

    Box 3 is at 
        top left     (0,2)
        bottom right (1,3)

    Box 4 is at 
        top left     (2,2)
        bottom right (3,3)

    Roll length used: 4
--------------------
  | W
L | 0 1 2 3 
------------
0 | 1 2 2 . 
1 | . 2 2 . 
2 | 3 3 4 4 
3 | 3 3 4 4 
4 | . . . . 
5 | . . . . 
6 | . . . . 

Boxes' corners:      (w,l)
    Box 1 is at 
        top left     (0,0)
        bottom right (0,0)

    Box 2 is at 
        top left     (1,0)
        bottom right (2,1)

    Box 3 is at 
        top left     (0,2)
        bottom right (1,3)

    Box 4 is at 
        top left     (2,2)
        bottom right (3,3)

    Roll length used: 4
