Sat 19 May 17:39:54 CEST 2018
Increasing area preprocessing
    W=9
    sum lengths=   9
    sum max sides= 9
    box 1: 1 1
    box 2: 1 2
    box 3: 3 3
    box 4: 3 3

1)
  | W
L | 0 1 2 3 4 5 6 7 8 
----------------------
0 | 1 2 2 3 3 3 4 4 4 
1 | . . . 3 3 3 4 4 4 
2 | . . . 3 3 3 4 4 4 
3 | . . . . . . . . . 
4 | . . . . . . . . . 
5 | . . . . . . . . . 
6 | . . . . . . . . . 
7 | . . . . . . . . . 
8 | . . . . . . . . . 

Boxes' corners:      (w,l)
    Box 1 is at 
        top left     (0,0)
        bottom right (0,0)

    Box 2 is at 
        top left     (1,0)
        bottom right (2,0)

    Box 3 is at 
        top left     (3,0)
        bottom right (5,2)

    Box 4 is at 
        top left     (6,0)
        bottom right (8,2)

    Roll length used: 3

Increasing width preprocessing
    W=9
    sum lengths=   9
    sum max sides= 9
    box 1: 1 1
    box 2: 1 2
    box 3: 3 3
    box 4: 3 3

Decreasing area preprocessing
    W=9
    sum lengths=   9
    sum max sides= 9
    box 1: 3 3
    box 2: 3 3
    box 3: 1 2
    box 4: 1 1

Decreasing width preprocessing
    W=9
    sum lengths=   9
    sum max sides= 9
    box 1: 3 3
    box 2: 3 3
    box 3: 1 2
    box 4: 1 1

----------------------------
Random preprocessing 1)
    W=9
    sum lengths=   9
    sum max sides= 9
    box 1: 1 1
    box 2: 1 2
    box 3: 3 3
    box 4: 3 3

----------------------------
Random preprocessing 2)
    W=9
    sum lengths=   9
    sum max sides= 9
    box 1: 3 3
    box 2: 3 3
    box 3: 1 1
    box 4: 1 2

----------------------------
Random preprocessing 3)
    W=9
    sum lengths=   9
    sum max sides= 9
    box 1: 1 1
    box 2: 3 3
    box 3: 3 3
    box 4: 1 2

----------------------------
Random preprocessing 4)
    W=9
    sum lengths=   9
    sum max sides= 9
    box 1: 1 1
    box 2: 3 3
    box 3: 3 3
    box 4: 1 2

----------------------------
Random preprocessing 5)
    W=9
    sum lengths=   9
    sum max sides= 9
    box 1: 1 1
    box 2: 1 2
    box 3: 3 3
    box 4: 3 3

In 0.007105 seconds (average)
--------------------
1)
  | W
L | 0 1 2 3 4 5 6 7 8 
----------------------
0 | 1 2 2 3 3 3 4 4 4 
1 | . . . 3 3 3 4 4 4 
2 | . . . 3 3 3 4 4 4 
3 | . . . . . . . . . 
4 | . . . . . . . . . 
5 | . . . . . . . . . 
6 | . . . . . . . . . 
7 | . . . . . . . . . 
8 | . . . . . . . . . 

Boxes' corners:      (w,l)
    Box 1 is at 
        top left     (0,0)
        bottom right (0,0)

    Box 2 is at 
        top left     (1,0)
        bottom right (2,0)

    Box 3 is at 
        top left     (3,0)
        bottom right (5,2)

    Box 4 is at 
        top left     (6,0)
        bottom right (8,2)

    Roll length used: 3
--------------------
  | W
L | 0 1 2 3 4 5 6 7 8 
----------------------
0 | 1 2 2 3 3 3 4 4 4 
1 | . . . 3 3 3 4 4 4 
2 | . . . 3 3 3 4 4 4 
3 | . . . . . . . . . 
4 | . . . . . . . . . 
5 | . . . . . . . . . 
6 | . . . . . . . . . 
7 | . . . . . . . . . 
8 | . . . . . . . . . 

Boxes' corners:      (w,l)
    Box 1 is at 
        top left     (0,0)
        bottom right (0,0)

    Box 2 is at 
        top left     (1,0)
        bottom right (2,0)

    Box 3 is at 
        top left     (3,0)
        bottom right (5,2)

    Box 4 is at 
        top left     (6,0)
        bottom right (8,2)

    Roll length used: 3
