ds mai 19 17:20:00 CEST 2018
Increasing area preprocessing
    W=5
    sum lengths=   15
    sum max sides= 15
    box 1: 1 1
    box 2: 1 1
    box 3: 1 1
    box 4: 2 2
    box 5: 2 2
    box 6: 2 2
    box 7: 2 2
    box 8: 2 2
    box 9: 2 2

1)
   | W
 L | 0 1 2 3 4 
--------------
 0 | 1 2 3 4 4 
 1 | 5 5 . 4 4 
 2 | 5 5 6 6 . 
 3 | 7 7 6 6 . 
 4 | 7 7 8 8 . 
 5 | 9 9 8 8 . 
 6 | 9 9 . . . 
 7 | . . . . . 
 8 | . . . . . 
 9 | . . . . . 
10 | . . . . . 
11 | . . . . . 
12 | . . . . . 
13 | . . . . . 
14 | . . . . . 

Boxes' corners:      (w,l)
    Box 1 is at 
        top left     (0,0)
        bottom right (0,0)

    Box 2 is at 
        top left     (1,0)
        bottom right (1,0)

    Box 3 is at 
        top left     (2,0)
        bottom right (2,0)

    Box 4 is at 
        top left     (3,0)
        bottom right (4,1)

    Box 5 is at 
        top left     (0,1)
        bottom right (1,2)

    Box 6 is at 
        top left     (2,2)
        bottom right (3,3)

    Box 7 is at 
        top left     (0,3)
        bottom right (1,4)

    Box 8 is at 
        top left     (2,4)
        bottom right (3,5)

    Box 9 is at 
        top left     (0,5)
        bottom right (1,6)

    Roll length used: 7

Increasing width preprocessing
    W=5
    sum lengths=   15
    sum max sides= 15
    box 1: 1 1
    box 2: 1 1
    box 3: 1 1
    box 4: 2 2
    box 5: 2 2
    box 6: 2 2
    box 7: 2 2
    box 8: 2 2
    box 9: 2 2

Decreasing area preprocessing
    W=5
    sum lengths=   15
    sum max sides= 15
    box 1: 2 2
    box 2: 2 2
    box 3: 2 2
    box 4: 2 2
    box 5: 2 2
    box 6: 2 2
    box 7: 1 1
    box 8: 1 1
    box 9: 1 1

1)
  | W
L | 0 1 2 3 4 
--------------
0 | 1 1 2 2 7 
1 | 1 1 2 2 8 
2 | 3 3 4 4 9 
3 | 3 3 4 4 . 
4 | 5 5 6 6 . 
5 | 5 5 6 6 . 

Boxes' corners:      (w,l)
    Box 1 is at 
        top left     (0,0)
        bottom right (1,1)

    Box 2 is at 
        top left     (2,0)
        bottom right (3,1)

    Box 3 is at 
        top left     (0,2)
        bottom right (1,3)

    Box 4 is at 
        top left     (2,2)
        bottom right (3,3)

    Box 5 is at 
        top left     (0,4)
        bottom right (1,5)

    Box 6 is at 
        top left     (2,4)
        bottom right (3,5)

    Box 7 is at 
        top left     (4,0)
        bottom right (4,0)

    Box 8 is at 
        top left     (4,1)
        bottom right (4,1)

    Box 9 is at 
        top left     (4,2)
        bottom right (4,2)

    Roll length used: 6

Decreasing width preprocessing
    W=5
    sum lengths=   15
    sum max sides= 15
    box 1: 2 2
    box 2: 2 2
    box 3: 2 2
    box 4: 2 2
    box 5: 2 2
    box 6: 2 2
    box 7: 1 1
    box 8: 1 1
    box 9: 1 1

----------------------------
Random preprocessing 1)
    W=5
    sum lengths=   15
    sum max sides= 15
    box 1: 2 2
    box 2: 1 1
    box 3: 2 2
    box 4: 1 1
    box 5: 2 2
    box 6: 2 2
    box 7: 2 2
    box 8: 1 1
    box 9: 2 2

----------------------------
Random preprocessing 2)
    W=5
    sum lengths=   15
    sum max sides= 15
    box 1: 2 2
    box 2: 1 1
    box 3: 2 2
    box 4: 1 1
    box 5: 1 1
    box 6: 2 2
    box 7: 2 2
    box 8: 2 2
    box 9: 2 2

----------------------------
Random preprocessing 3)
    W=5
    sum lengths=   15
    sum max sides= 15
    box 1: 2 2
    box 2: 2 2
    box 3: 2 2
    box 4: 2 2
    box 5: 2 2
    box 6: 2 2
    box 7: 1 1
    box 8: 1 1
    box 9: 1 1

----------------------------
Random preprocessing 4)
    W=5
    sum lengths=   15
    sum max sides= 15
    box 1: 1 1
    box 2: 1 1
    box 3: 2 2
    box 4: 2 2
    box 5: 2 2
    box 6: 1 1
    box 7: 2 2
    box 8: 2 2
    box 9: 2 2

----------------------------
Random preprocessing 5)
    W=5
    sum lengths=   15
    sum max sides= 15
    box 1: 2 2
    box 2: 1 1
    box 3: 1 1
    box 4: 2 2
    box 5: 2 2
    box 6: 2 2
    box 7: 1 1
    box 8: 2 2
    box 9: 2 2

In 30.5459 seconds (average)
--------------------
1)
  | W
L | 0 1 2 3 4 
--------------
0 | 1 1 2 2 7 
1 | 1 1 2 2 8 
2 | 3 3 4 4 9 
3 | 3 3 4 4 . 
4 | 5 5 6 6 . 
5 | 5 5 6 6 . 

Boxes' corners:      (w,l)
    Box 1 is at 
        top left     (0,0)
        bottom right (1,1)

    Box 2 is at 
        top left     (2,0)
        bottom right (3,1)

    Box 3 is at 
        top left     (0,2)
        bottom right (1,3)

    Box 4 is at 
        top left     (2,2)
        bottom right (3,3)

    Box 5 is at 
        top left     (0,4)
        bottom right (1,5)

    Box 6 is at 
        top left     (2,4)
        bottom right (3,5)

    Box 7 is at 
        top left     (4,0)
        bottom right (4,0)

    Box 8 is at 
        top left     (4,1)
        bottom right (4,1)

    Box 9 is at 
        top left     (4,2)
        bottom right (4,2)

    Roll length used: 6
--------------------
  | W
L | 0 1 2 3 4 
--------------
0 | 1 1 2 2 7 
1 | 1 1 2 2 8 
2 | 3 3 4 4 9 
3 | 3 3 4 4 . 
4 | 5 5 6 6 . 
5 | 5 5 6 6 . 

Boxes' corners:      (w,l)
    Box 1 is at 
        top left     (0,0)
        bottom right (1,1)

    Box 2 is at 
        top left     (2,0)
        bottom right (3,1)

    Box 3 is at 
        top left     (0,2)
        bottom right (1,3)

    Box 4 is at 
        top left     (2,2)
        bottom right (3,3)

    Box 5 is at 
        top left     (0,4)
        bottom right (1,5)

    Box 6 is at 
        top left     (2,4)
        bottom right (3,5)

    Box 7 is at 
        top left     (4,0)
        bottom right (4,0)

    Box 8 is at 
        top left     (4,1)
        bottom right (4,1)

    Box 9 is at 
        top left     (4,2)
        bottom right (4,2)

    Roll length used: 6
