ds mai 19 17:23:28 CEST 2018
Increasing area preprocessing
    W=6
    sum lengths=   16
    sum max sides= 16
    box 1: 1 2
    box 2: 1 2
    box 3: 1 2
    box 4: 1 2
    box 5: 2 2
    box 6: 2 2
    box 7: 2 2
    box 8: 2 2

1)
   | W
 L | 0 1 2 3 4 5 
----------------
 0 | 1 1 2 2 3 3 
 1 | 4 4 5 5 6 6 
 2 | 7 7 5 5 6 6 
 3 | 7 7 8 8 . . 
 4 | . . 8 8 . . 
 5 | . . . . . . 
 6 | . . . . . . 
 7 | . . . . . . 
 8 | . . . . . . 
 9 | . . . . . . 
10 | . . . . . . 
11 | . . . . . . 
12 | . . . . . . 
13 | . . . . . . 
14 | . . . . . . 
15 | . . . . . . 

Boxes' corners:      (w,l)
    Box 1 is at 
        top left     (0,0)
        bottom right (1,0)

    Box 2 is at 
        top left     (2,0)
        bottom right (3,0)

    Box 3 is at 
        top left     (4,0)
        bottom right (5,0)

    Box 4 is at 
        top left     (0,1)
        bottom right (1,1)

    Box 5 is at 
        top left     (2,1)
        bottom right (3,2)

    Box 6 is at 
        top left     (4,1)
        bottom right (5,2)

    Box 7 is at 
        top left     (0,2)
        bottom right (1,3)

    Box 8 is at 
        top left     (2,3)
        bottom right (3,4)

    Roll length used: 5

2)
   | W
 L | 0 1 2 3 4 5 
----------------
 0 | 1 1 2 2 5 5 
 1 | 3 3 4 4 5 5 
 2 | 6 6 7 7 8 8 
 3 | 6 6 7 7 8 8 
 4 | . . . . . . 
 5 | . . . . . . 
 6 | . . . . . . 
 7 | . . . . . . 
 8 | . . . . . . 
 9 | . . . . . . 
10 | . . . . . . 
11 | . . . . . . 
12 | . . . . . . 
13 | . . . . . . 
14 | . . . . . . 
15 | . . . . . . 

Boxes' corners:      (w,l)
    Box 1 is at 
        top left     (0,0)
        bottom right (1,0)

    Box 2 is at 
        top left     (2,0)
        bottom right (3,0)

    Box 3 is at 
        top left     (0,1)
        bottom right (1,1)

    Box 4 is at 
        top left     (2,1)
        bottom right (3,1)

    Box 5 is at 
        top left     (4,0)
        bottom right (5,1)

    Box 6 is at 
        top left     (0,2)
        bottom right (1,3)

    Box 7 is at 
        top left     (2,2)
        bottom right (3,3)

    Box 8 is at 
        top left     (4,2)
        bottom right (5,3)

    Roll length used: 4

Increasing width preprocessing
    W=6
    sum lengths=   16
    sum max sides= 16
    box 1: 1 2
    box 2: 1 2
    box 3: 1 2
    box 4: 1 2
    box 5: 2 2
    box 6: 2 2
    box 7: 2 2
    box 8: 2 2

Decreasing area preprocessing
    W=6
    sum lengths=   16
    sum max sides= 16
    box 1: 2 2
    box 2: 2 2
    box 3: 2 2
    box 4: 2 2
    box 5: 1 2
    box 6: 1 2
    box 7: 1 2
    box 8: 1 2

Decreasing width preprocessing
    W=6
    sum lengths=   16
    sum max sides= 16
    box 1: 2 2
    box 2: 2 2
    box 3: 2 2
    box 4: 2 2
    box 5: 1 2
    box 6: 1 2
    box 7: 1 2
    box 8: 1 2

----------------------------
Random preprocessing 1)
    W=6
    sum lengths=   16
    sum max sides= 16
    box 1: 1 2
    box 2: 1 2
    box 3: 2 2
    box 4: 2 2
    box 5: 2 2
    box 6: 1 2
    box 7: 2 2
    box 8: 1 2

----------------------------
Random preprocessing 2)
    W=6
    sum lengths=   16
    sum max sides= 16
    box 1: 2 2
    box 2: 1 2
    box 3: 2 2
    box 4: 1 2
    box 5: 1 2
    box 6: 2 2
    box 7: 1 2
    box 8: 2 2

----------------------------
Random preprocessing 3)
    W=6
    sum lengths=   16
    sum max sides= 16
    box 1: 2 2
    box 2: 2 2
    box 3: 1 2
    box 4: 1 2
    box 5: 1 2
    box 6: 2 2
    box 7: 1 2
    box 8: 2 2

----------------------------
Random preprocessing 4)
    W=6
    sum lengths=   16
    sum max sides= 16
    box 1: 1 2
    box 2: 2 2
    box 3: 1 2
    box 4: 1 2
    box 5: 2 2
    box 6: 1 2
    box 7: 2 2
    box 8: 2 2

----------------------------
Random preprocessing 5)
    W=6
    sum lengths=   16
    sum max sides= 16
    box 1: 1 2
    box 2: 2 2
    box 3: 1 2
    box 4: 1 2
    box 5: 1 2
    box 6: 2 2
    box 7: 2 2
    box 8: 2 2

In 20.3853 seconds (average)
--------------------
1)
   | W
 L | 0 1 2 3 4 5 
----------------
 0 | 1 1 2 2 5 5 
 1 | 3 3 4 4 5 5 
 2 | 6 6 7 7 8 8 
 3 | 6 6 7 7 8 8 
 4 | . . . . . . 
 5 | . . . . . . 
 6 | . . . . . . 
 7 | . . . . . . 
 8 | . . . . . . 
 9 | . . . . . . 
10 | . . . . . . 
11 | . . . . . . 
12 | . . . . . . 
13 | . . . . . . 
14 | . . . . . . 
15 | . . . . . . 

Boxes' corners:      (w,l)
    Box 1 is at 
        top left     (0,0)
        bottom right (1,0)

    Box 2 is at 
        top left     (2,0)
        bottom right (3,0)

    Box 3 is at 
        top left     (0,1)
        bottom right (1,1)

    Box 4 is at 
        top left     (2,1)
        bottom right (3,1)

    Box 5 is at 
        top left     (4,0)
        bottom right (5,1)

    Box 6 is at 
        top left     (0,2)
        bottom right (1,3)

    Box 7 is at 
        top left     (2,2)
        bottom right (3,3)

    Box 8 is at 
        top left     (4,2)
        bottom right (5,3)

    Roll length used: 4
--------------------
   | W
 L | 0 1 2 3 4 5 
----------------
 0 | 1 1 2 2 5 5 
 1 | 3 3 4 4 5 5 
 2 | 6 6 7 7 8 8 
 3 | 6 6 7 7 8 8 
 4 | . . . . . . 
 5 | . . . . . . 
 6 | . . . . . . 
 7 | . . . . . . 
 8 | . . . . . . 
 9 | . . . . . . 
10 | . . . . . . 
11 | . . . . . . 
12 | . . . . . . 
13 | . . . . . . 
14 | . . . . . . 
15 | . . . . . . 

Boxes' corners:      (w,l)
    Box 1 is at 
        top left     (0,0)
        bottom right (1,0)

    Box 2 is at 
        top left     (2,0)
        bottom right (3,0)

    Box 3 is at 
        top left     (0,1)
        bottom right (1,1)

    Box 4 is at 
        top left     (2,1)
        bottom right (3,1)

    Box 5 is at 
        top left     (4,0)
        bottom right (5,1)

    Box 6 is at 
        top left     (0,2)
        bottom right (1,3)

    Box 7 is at 
        top left     (2,2)
        bottom right (3,3)

    Box 8 is at 
        top left     (4,2)
        bottom right (5,3)

    Roll length used: 4
