ds mai 19 17:27:20 CEST 2018
Increasing area preprocessing
    W=7
    sum lengths=   21
    sum max sides= 21
    box 1: 1 1
    box 2: 1 1
    box 3: 1 1
    box 4: 2 3
    box 5: 2 3
    box 6: 2 3
    box 7: 2 3
    box 8: 2 3
    box 9: 2 3

1)
   | W
 L | 0 1 2 3 4 5 6 
------------------
 0 | 1 2 3 4 4 4 . 
 1 | 5 5 5 4 4 4 . 
 2 | 5 5 5 6 6 6 . 
 3 | 7 7 7 6 6 6 . 
 4 | 7 7 7 8 8 8 . 
 5 | 9 9 9 8 8 8 . 
 6 | 9 9 9 . . . . 
 7 | . . . . . . . 
 8 | . . . . . . . 
 9 | . . . . . . . 
10 | . . . . . . . 
11 | . . . . . . . 
12 | . . . . . . . 
13 | . . . . . . . 
14 | . . . . . . . 
15 | . . . . . . . 
16 | . . . . . . . 
17 | . . . . . . . 
18 | . . . . . . . 
19 | . . . . . . . 
20 | . . . . . . . 

Boxes' corners:      (w,l)
    Box 1 is at 
        top left     (0,0)
        bottom right (0,0)

    Box 2 is at 
        top left     (1,0)
        bottom right (1,0)

    Box 3 is at 
        top left     (2,0)
        bottom right (2,0)

    Box 4 is at 
        top left     (3,0)
        bottom right (5,1)

    Box 5 is at 
        top left     (0,1)
        bottom right (2,2)

    Box 6 is at 
        top left     (3,2)
        bottom right (5,3)

    Box 7 is at 
        top left     (0,3)
        bottom right (2,4)

    Box 8 is at 
        top left     (3,4)
        bottom right (5,5)

    Box 9 is at 
        top left     (0,5)
        bottom right (2,6)

    Roll length used: 7

Increasing width preprocessing
    W=7
    sum lengths=   21
    sum max sides= 21
    box 1: 1 1
    box 2: 1 1
    box 3: 1 1
    box 4: 2 3
    box 5: 2 3
    box 6: 2 3
    box 7: 2 3
    box 8: 2 3
    box 9: 2 3

Decreasing area preprocessing
    W=7
    sum lengths=   21
    sum max sides= 21
    box 1: 2 3
    box 2: 2 3
    box 3: 2 3
    box 4: 2 3
    box 5: 2 3
    box 6: 2 3
    box 7: 1 1
    box 8: 1 1
    box 9: 1 1

1)
  | W
L | 0 1 2 3 4 5 6 
------------------
0 | 1 1 1 2 2 2 7 
1 | 1 1 1 2 2 2 8 
2 | 3 3 3 4 4 4 9 
3 | 3 3 3 4 4 4 . 
4 | 5 5 5 6 6 6 . 
5 | 5 5 5 6 6 6 . 

Boxes' corners:      (w,l)
    Box 1 is at 
        top left     (0,0)
        bottom right (2,1)

    Box 2 is at 
        top left     (3,0)
        bottom right (5,1)

    Box 3 is at 
        top left     (0,2)
        bottom right (2,3)

    Box 4 is at 
        top left     (3,2)
        bottom right (5,3)

    Box 5 is at 
        top left     (0,4)
        bottom right (2,5)

    Box 6 is at 
        top left     (3,4)
        bottom right (5,5)

    Box 7 is at 
        top left     (6,0)
        bottom right (6,0)

    Box 8 is at 
        top left     (6,1)
        bottom right (6,1)

    Box 9 is at 
        top left     (6,2)
        bottom right (6,2)

    Roll length used: 6

Decreasing width preprocessing
    W=7
    sum lengths=   21
    sum max sides= 21
    box 1: 2 3
    box 2: 2 3
    box 3: 2 3
    box 4: 2 3
    box 5: 2 3
    box 6: 2 3
    box 7: 1 1
    box 8: 1 1
    box 9: 1 1

----------------------------
Random preprocessing 1)
    W=7
    sum lengths=   21
    sum max sides= 21
    box 1: 1 1
    box 2: 2 3
    box 3: 2 3
    box 4: 2 3
    box 5: 2 3
    box 6: 2 3
    box 7: 1 1
    box 8: 2 3
    box 9: 1 1

----------------------------
Random preprocessing 2)
    W=7
    sum lengths=   21
    sum max sides= 21
    box 1: 1 1
    box 2: 2 3
    box 3: 2 3
    box 4: 1 1
    box 5: 1 1
    box 6: 2 3
    box 7: 2 3
    box 8: 2 3
    box 9: 2 3

----------------------------
Random preprocessing 3)
    W=7
    sum lengths=   21
    sum max sides= 21
    box 1: 1 1
    box 2: 2 3
    box 3: 2 3
    box 4: 1 1
    box 5: 1 1
    box 6: 2 3
    box 7: 2 3
    box 8: 2 3
    box 9: 2 3

----------------------------
Random preprocessing 4)
    W=7
    sum lengths=   21
    sum max sides= 21
    box 1: 1 1
    box 2: 2 3
    box 3: 1 1
    box 4: 1 1
    box 5: 2 3
    box 6: 2 3
    box 7: 2 3
    box 8: 2 3
    box 9: 2 3

----------------------------
Random preprocessing 5)
    W=7
    sum lengths=   21
    sum max sides= 21
    box 1: 2 3
    box 2: 2 3
    box 3: 1 1
    box 4: 2 3
    box 5: 2 3
    box 6: 1 1
    box 7: 2 3
    box 8: 1 1
    box 9: 2 3

In 44.7068 seconds (average)
--------------------
1)
  | W
L | 0 1 2 3 4 5 6 
------------------
0 | 1 1 1 2 2 2 7 
1 | 1 1 1 2 2 2 8 
2 | 3 3 3 4 4 4 9 
3 | 3 3 3 4 4 4 . 
4 | 5 5 5 6 6 6 . 
5 | 5 5 5 6 6 6 . 

Boxes' corners:      (w,l)
    Box 1 is at 
        top left     (0,0)
        bottom right (2,1)

    Box 2 is at 
        top left     (3,0)
        bottom right (5,1)

    Box 3 is at 
        top left     (0,2)
        bottom right (2,3)

    Box 4 is at 
        top left     (3,2)
        bottom right (5,3)

    Box 5 is at 
        top left     (0,4)
        bottom right (2,5)

    Box 6 is at 
        top left     (3,4)
        bottom right (5,5)

    Box 7 is at 
        top left     (6,0)
        bottom right (6,0)

    Box 8 is at 
        top left     (6,1)
        bottom right (6,1)

    Box 9 is at 
        top left     (6,2)
        bottom right (6,2)

    Roll length used: 6
--------------------
  | W
L | 0 1 2 3 4 5 6 
------------------
0 | 1 1 1 2 2 2 7 
1 | 1 1 1 2 2 2 8 
2 | 3 3 3 4 4 4 9 
3 | 3 3 3 4 4 4 . 
4 | 5 5 5 6 6 6 . 
5 | 5 5 5 6 6 6 . 

Boxes' corners:      (w,l)
    Box 1 is at 
        top left     (0,0)
        bottom right (2,1)

    Box 2 is at 
        top left     (3,0)
        bottom right (5,1)

    Box 3 is at 
        top left     (0,2)
        bottom right (2,3)

    Box 4 is at 
        top left     (3,2)
        bottom right (5,3)

    Box 5 is at 
        top left     (0,4)
        bottom right (2,5)

    Box 6 is at 
        top left     (3,4)
        bottom right (5,5)

    Box 7 is at 
        top left     (6,0)
        bottom right (6,0)

    Box 8 is at 
        top left     (6,1)
        bottom right (6,1)

    Box 9 is at 
        top left     (6,2)
        bottom right (6,2)

    Roll length used: 6
