Sat 19 May 18:36:44 CEST 2018
Increasing area preprocessing
    W=10
    sum lengths=   7
    sum max sides= 7
    box 1: 1 1
    box 2: 1 3
    box 3: 1 3

1)
  | W
L | 0 1 2 3 4 5 6 7 8 9 
-------------------------
0 | 1 2 2 2 3 3 3 . . . 
1 | . . . . . . . . . . 
2 | . . . . . . . . . . 
3 | . . . . . . . . . . 
4 | . . . . . . . . . . 
5 | . . . . . . . . . . 
6 | . . . . . . . . . . 

Boxes' corners:      (w,l)
    Box 1 is at 
        top left     (0,0)
        bottom right (0,0)

    Box 2 is at 
        top left     (1,0)
        bottom right (3,0)

    Box 3 is at 
        top left     (4,0)
        bottom right (6,0)

    Roll length used: 1

Increasing width preprocessing
    W=10
    sum lengths=   7
    sum max sides= 7
    box 1: 1 1
    box 2: 1 3
    box 3: 1 3

Decreasing area preprocessing
    W=10
    sum lengths=   7
    sum max sides= 7
    box 1: 1 3
    box 2: 1 3
    box 3: 1 1

Decreasing width preprocessing
    W=10
    sum lengths=   7
    sum max sides= 7
    box 1: 1 3
    box 2: 1 3
    box 3: 1 1

----------------------------
Random preprocessing 1)
    W=10
    sum lengths=   7
    sum max sides= 7
    box 1: 1 1
    box 2: 1 3
    box 3: 1 3

----------------------------
Random preprocessing 2)
    W=10
    sum lengths=   7
    sum max sides= 7
    box 1: 1 3
    box 2: 1 3
    box 3: 1 1

----------------------------
Random preprocessing 3)
    W=10
    sum lengths=   7
    sum max sides= 7
    box 1: 1 3
    box 2: 1 1
    box 3: 1 3

----------------------------
Random preprocessing 4)
    W=10
    sum lengths=   7
    sum max sides= 7
    box 1: 1 1
    box 2: 1 3
    box 3: 1 3

----------------------------
Random preprocessing 5)
    W=10
    sum lengths=   7
    sum max sides= 7
    box 1: 1 3
    box 2: 1 3
    box 3: 1 1

In 0.0118262 seconds (average)
--------------------
1)
  | W
L | 0 1 2 3 4 5 6 7 8 9 
-------------------------
0 | 1 2 2 2 3 3 3 . . . 
1 | . . . . . . . . . . 
2 | . . . . . . . . . . 
3 | . . . . . . . . . . 
4 | . . . . . . . . . . 
5 | . . . . . . . . . . 
6 | . . . . . . . . . . 

Boxes' corners:      (w,l)
    Box 1 is at 
        top left     (0,0)
        bottom right (0,0)

    Box 2 is at 
        top left     (1,0)
        bottom right (3,0)

    Box 3 is at 
        top left     (4,0)
        bottom right (6,0)

    Roll length used: 1
--------------------
  | W
L | 0 1 2 3 4 5 6 7 8 9 
-------------------------
0 | 1 2 2 2 3 3 3 . . . 
1 | . . . . . . . . . . 
2 | . . . . . . . . . . 
3 | . . . . . . . . . . 
4 | . . . . . . . . . . 
5 | . . . . . . . . . . 
6 | . . . . . . . . . . 

Boxes' corners:      (w,l)
    Box 1 is at 
        top left     (0,0)
        bottom right (0,0)

    Box 2 is at 
        top left     (1,0)
        bottom right (3,0)

    Box 3 is at 
        top left     (4,0)
        bottom right (6,0)

    Roll length used: 1
