Sat 19 May 19:33:11 CEST 2018
CPXPARAM_TimeLimit                               45
CPXPARAM_Threads                                 1
CPXPARAM_MIP_Strategy_CallbackReducedLP          0
Tried aggregator 4 times.
MIP Presolve eliminated 2344 rows and 1971 columns.
MIP Presolve modified 555 coefficients.
Aggregator did 1676 substitutions.
Reduced MIP has 2733 rows, 2950 columns, and 7277 nonzeros.
Reduced MIP has 2762 binaries, 8 generals, 0 SOSs, and 742 indicators.
Presolve time = 0.02 sec. (29.20 ticks)
Probing time = 0.08 sec. (65.00 ticks)
Cover probing fixed 0 vars, tightened 7 bounds.
Tried aggregator 3 times.
MIP Presolve modified 116 coefficients.
Aggregator did 1312 substitutions.
Reduced MIP has 1479 rows, 1638 columns, and 4769 nonzeros.
Reduced MIP has 1450 binaries, 188 generals, 0 SOSs, and 684 indicators.
Presolve time = 0.01 sec. (10.99 ticks)
Probing time = 0.03 sec. (26.34 ticks)
Tried aggregator 2 times.
Aggregator did 58 substitutions.
Reduced MIP has 1421 rows, 1580 columns, and 4653 nonzeros.
Reduced MIP has 1392 binaries, 188 generals, 0 SOSs, and 684 indicators.
Presolve time = 0.01 sec. (6.51 ticks)
Probing time = 0.00 sec. (3.98 ticks)
Clique table members: 32005.
MIP emphasis: balance optimality and feasibility.
MIP search method: dynamic search.
Parallel mode: none, using 1 thread.
Root relaxation solution time = 0.00 sec. (4.04 ticks)

        Nodes                                         Cuts/
   Node  Left     Objective  IInf  Best Integer    Best Bound    ItCnt     Gap

      0     0        2.0000   588                      2.0000       80         
      0     0        2.0000   448                Cliques: 455      286         
      0     0        2.0000   308                Cliques: 455      510         
      0     0        2.0000   170                Cliques: 455      776         
      0     0        2.0000    50                Cliques: 455     1112         
      0     0        2.0000    36                    Cuts: 46     1245         
      0     0        2.0000    29                    Cuts: 19     1294         
      0     0        2.0000    36                   Cuts: 146     1488         
      0     0        2.0000    78                 Impl Bds: 3     1599         
*     0+    0                            9.0000        2.0000            77.78%
*     0+    0                            2.0000        2.0000             0.00%
      0     0        cutoff              2.0000        2.0000     1599    0.00%
Elapsed time = 1.00 sec. (1236.71 ticks, tree = 0.01 MB, solutions = 2)

Clique cuts applied:  135
Implied bound cuts applied:  57
Zero-half cuts applied:  1

Root node processing (before b&c):
  Real time             =    1.00 sec. (1236.98 ticks)
Sequential b&c:
  Real time             =    0.00 sec. (0.00 ticks)
                          ------------
Total (root+branch&cut) =    1.00 sec. (1236.98 ticks)
   | W
 L | 0 1 2 3 4 5 6 7 8 9 
-------------------------
 0 | 5 4 2 1 3 6 6 7 7 . 
 1 | 5 . . . . 6 6 7 7 . 
 2 | . . . . . . . . . . 
 3 | . . . . . . . . . . 
 4 | . . . . . . . . . . 
 5 | . . . . . . . . . . 
 6 | . . . . . . . . . . 
 7 | . . . . . . . . . . 
 8 | . . . . . . . . . . 
 9 | . . . . . . . . . . 

Boxes' corners:      (w,l)
    Box 1 is at 
        top left     (3,0)
        bottom right (3,0)

    Box 2 is at 
        top left     (2,0)
        bottom right (2,0)

    Box 3 is at 
        top left     (4,0)
        bottom right (4,0)

    Box 4 is at 
        top left     (1,0)
        bottom right (1,0)

    Box 5 is at 
        top left     (0,0)
        bottom right (0,1)

    Box 6 is at 
        top left     (5,0)
        bottom right (6,1)

    Box 7 is at 
        top left     (7,0)
        bottom right (8,1)

    Roll length used: 2
In 1.02 seconds
