ds mai 19 17:26:45 CEST 2018
Increasing area preprocessing
    W=7
    sum lengths=   17
    sum max sides= 17
    box 1: 1 1
    box 2: 1 1
    box 3: 1 2
    box 4: 1 2
    box 5: 2 2
    box 6: 3 3
    box 7: 3 3
    box 8: 3 3

1)
   | W
 L | 0 1 2 3 4 5 6 
------------------
 0 | 1 2 3 3 4 4 . 
 1 | 5 5 6 6 6 . . 
 2 | 5 5 6 6 6 . . 
 3 | . . 6 6 6 . . 
 4 | 7 7 7 8 8 8 . 
 5 | 7 7 7 8 8 8 . 
 6 | 7 7 7 8 8 8 . 
 7 | . . . . . . . 
 8 | . . . . . . . 
 9 | . . . . . . . 
10 | . . . . . . . 
11 | . . . . . . . 
12 | . . . . . . . 
13 | . . . . . . . 
14 | . . . . . . . 
15 | . . . . . . . 
16 | . . . . . . . 

Boxes' corners:      (w,l)
    Box 1 is at 
        top left     (0,0)
        bottom right (0,0)

    Box 2 is at 
        top left     (1,0)
        bottom right (1,0)

    Box 3 is at 
        top left     (2,0)
        bottom right (3,0)

    Box 4 is at 
        top left     (4,0)
        bottom right (5,0)

    Box 5 is at 
        top left     (0,1)
        bottom right (1,2)

    Box 6 is at 
        top left     (2,1)
        bottom right (4,3)

    Box 7 is at 
        top left     (0,4)
        bottom right (2,6)

    Box 8 is at 
        top left     (3,4)
        bottom right (5,6)

    Roll length used: 7

2)
   | W
 L | 0 1 2 3 4 5 6 
------------------
 0 | 1 2 3 3 6 6 6 
 1 | 4 4 5 5 6 6 6 
 2 | . . 5 5 6 6 6 
 3 | 7 7 7 8 8 8 . 
 4 | 7 7 7 8 8 8 . 
 5 | 7 7 7 8 8 8 . 
 6 | . . . . . . . 
 7 | . . . . . . . 
 8 | . . . . . . . 
 9 | . . . . . . . 
10 | . . . . . . . 
11 | . . . . . . . 
12 | . . . . . . . 
13 | . . . . . . . 
14 | . . . . . . . 
15 | . . . . . . . 
16 | . . . . . . . 

Boxes' corners:      (w,l)
    Box 1 is at 
        top left     (0,0)
        bottom right (0,0)

    Box 2 is at 
        top left     (1,0)
        bottom right (1,0)

    Box 3 is at 
        top left     (2,0)
        bottom right (3,0)

    Box 4 is at 
        top left     (0,1)
        bottom right (1,1)

    Box 5 is at 
        top left     (2,1)
        bottom right (3,2)

    Box 6 is at 
        top left     (4,0)
        bottom right (6,2)

    Box 7 is at 
        top left     (0,3)
        bottom right (2,5)

    Box 8 is at 
        top left     (3,3)
        bottom right (5,5)

    Roll length used: 6

Increasing width preprocessing
    W=7
    sum lengths=   17
    sum max sides= 17
    box 1: 1 1
    box 2: 1 1
    box 3: 1 2
    box 4: 1 2
    box 5: 2 2
    box 6: 3 3
    box 7: 3 3
    box 8: 3 3

Decreasing area preprocessing
    W=7
    sum lengths=   17
    sum max sides= 17
    box 1: 3 3
    box 2: 3 3
    box 3: 3 3
    box 4: 2 2
    box 5: 1 2
    box 6: 1 2
    box 7: 1 1
    box 8: 1 1

Decreasing width preprocessing
    W=7
    sum lengths=   17
    sum max sides= 17
    box 1: 3 3
    box 2: 3 3
    box 3: 3 3
    box 4: 2 2
    box 5: 1 2
    box 6: 1 2
    box 7: 1 1
    box 8: 1 1

----------------------------
Random preprocessing 1)
    W=7
    sum lengths=   17
    sum max sides= 17
    box 1: 1 2
    box 2: 3 3
    box 3: 1 1
    box 4: 3 3
    box 5: 1 2
    box 6: 3 3
    box 7: 2 2
    box 8: 1 1

----------------------------
Random preprocessing 2)
    W=7
    sum lengths=   17
    sum max sides= 17
    box 1: 1 1
    box 2: 1 2
    box 3: 3 3
    box 4: 2 2
    box 5: 3 3
    box 6: 3 3
    box 7: 1 1
    box 8: 1 2

----------------------------
Random preprocessing 3)
    W=7
    sum lengths=   17
    sum max sides= 17
    box 1: 1 1
    box 2: 3 3
    box 3: 1 1
    box 4: 3 3
    box 5: 1 2
    box 6: 1 2
    box 7: 3 3
    box 8: 2 2

----------------------------
Random preprocessing 4)
    W=7
    sum lengths=   17
    sum max sides= 17
    box 1: 1 1
    box 2: 1 1
    box 3: 2 2
    box 4: 3 3
    box 5: 3 3
    box 6: 3 3
    box 7: 1 2
    box 8: 1 2

----------------------------
Random preprocessing 5)
    W=7
    sum lengths=   17
    sum max sides= 17
    box 1: 1 1
    box 2: 3 3
    box 3: 1 2
    box 4: 1 2
    box 5: 3 3
    box 6: 3 3
    box 7: 1 1
    box 8: 2 2

In 34.9702 seconds (average)
--------------------
1)
   | W
 L | 0 1 2 3 4 5 6 
------------------
 0 | 1 2 3 3 6 6 6 
 1 | 4 4 5 5 6 6 6 
 2 | . . 5 5 6 6 6 
 3 | 7 7 7 8 8 8 . 
 4 | 7 7 7 8 8 8 . 
 5 | 7 7 7 8 8 8 . 
 6 | . . . . . . . 
 7 | . . . . . . . 
 8 | . . . . . . . 
 9 | . . . . . . . 
10 | . . . . . . . 
11 | . . . . . . . 
12 | . . . . . . . 
13 | . . . . . . . 
14 | . . . . . . . 
15 | . . . . . . . 
16 | . . . . . . . 

Boxes' corners:      (w,l)
    Box 1 is at 
        top left     (0,0)
        bottom right (0,0)

    Box 2 is at 
        top left     (1,0)
        bottom right (1,0)

    Box 3 is at 
        top left     (2,0)
        bottom right (3,0)

    Box 4 is at 
        top left     (0,1)
        bottom right (1,1)

    Box 5 is at 
        top left     (2,1)
        bottom right (3,2)

    Box 6 is at 
        top left     (4,0)
        bottom right (6,2)

    Box 7 is at 
        top left     (0,3)
        bottom right (2,5)

    Box 8 is at 
        top left     (3,3)
        bottom right (5,5)

    Roll length used: 6
--------------------
   | W
 L | 0 1 2 3 4 5 6 
------------------
 0 | 1 2 3 3 6 6 6 
 1 | 4 4 5 5 6 6 6 
 2 | . . 5 5 6 6 6 
 3 | 7 7 7 8 8 8 . 
 4 | 7 7 7 8 8 8 . 
 5 | 7 7 7 8 8 8 . 
 6 | . . . . . . . 
 7 | . . . . . . . 
 8 | . . . . . . . 
 9 | . . . . . . . 
10 | . . . . . . . 
11 | . . . . . . . 
12 | . . . . . . . 
13 | . . . . . . . 
14 | . . . . . . . 
15 | . . . . . . . 
16 | . . . . . . . 

Boxes' corners:      (w,l)
    Box 1 is at 
        top left     (0,0)
        bottom right (0,0)

    Box 2 is at 
        top left     (1,0)
        bottom right (1,0)

    Box 3 is at 
        top left     (2,0)
        bottom right (3,0)

    Box 4 is at 
        top left     (0,1)
        bottom right (1,1)

    Box 5 is at 
        top left     (2,1)
        bottom right (3,2)

    Box 6 is at 
        top left     (4,0)
        bottom right (6,2)

    Box 7 is at 
        top left     (0,3)
        bottom right (2,5)

    Box 8 is at 
        top left     (3,3)
        bottom right (5,5)

    Roll length used: 6
