ds mai 19 17:14:49 CEST 2018
Increasing area preprocessing
    W=4
    sum lengths=   9
    sum max sides= 9
    box 1: 1 1
    box 2: 1 1
    box 3: 1 1
    box 4: 1 1
    box 5: 2 5

1)
  | W
L | 0 1 2 3 
------------
0 | 1 2 3 4 
1 | 5 5 . . 
2 | 5 5 . . 
3 | 5 5 . . 
4 | 5 5 . . 
5 | 5 5 . . 
6 | . . . . 
7 | . . . . 
8 | . . . . 

Boxes' corners:      (w,l)
    Box 1 is at 
        top left     (0,0)
        bottom right (0,0)

    Box 2 is at 
        top left     (1,0)
        bottom right (1,0)

    Box 3 is at 
        top left     (2,0)
        bottom right (2,0)

    Box 4 is at 
        top left     (3,0)
        bottom right (3,0)

    Box 5 is at 
        top left     (0,1)
        bottom right (1,5)

    Roll length used: 6

2)
  | W
L | 0 1 2 3 
------------
0 | 1 2 5 5 
1 | 3 4 5 5 
2 | . . 5 5 
3 | . . 5 5 
4 | . . 5 5 
5 | . . . . 
6 | . . . . 
7 | . . . . 
8 | . . . . 

Boxes' corners:      (w,l)
    Box 1 is at 
        top left     (0,0)
        bottom right (0,0)

    Box 2 is at 
        top left     (1,0)
        bottom right (1,0)

    Box 3 is at 
        top left     (0,1)
        bottom right (0,1)

    Box 4 is at 
        top left     (1,1)
        bottom right (1,1)

    Box 5 is at 
        top left     (2,0)
        bottom right (3,4)

    Roll length used: 5

Increasing width preprocessing
    W=4
    sum lengths=   9
    sum max sides= 9
    box 1: 1 1
    box 2: 1 1
    box 3: 1 1
    box 4: 1 1
    box 5: 2 5

Decreasing area preprocessing
    W=4
    sum lengths=   9
    sum max sides= 9
    box 1: 2 5
    box 2: 1 1
    box 3: 1 1
    box 4: 1 1
    box 5: 1 1

Decreasing width preprocessing
    W=4
    sum lengths=   9
    sum max sides= 9
    box 1: 2 5
    box 2: 1 1
    box 3: 1 1
    box 4: 1 1
    box 5: 1 1

----------------------------
Random preprocessing 1)
    W=4
    sum lengths=   9
    sum max sides= 9
    box 1: 1 1
    box 2: 1 1
    box 3: 2 5
    box 4: 1 1
    box 5: 1 1

----------------------------
Random preprocessing 2)
    W=4
    sum lengths=   9
    sum max sides= 9
    box 1: 1 1
    box 2: 2 5
    box 3: 1 1
    box 4: 1 1
    box 5: 1 1

----------------------------
Random preprocessing 3)
    W=4
    sum lengths=   9
    sum max sides= 9
    box 1: 1 1
    box 2: 2 5
    box 3: 1 1
    box 4: 1 1
    box 5: 1 1

----------------------------
Random preprocessing 4)
    W=4
    sum lengths=   9
    sum max sides= 9
    box 1: 1 1
    box 2: 2 5
    box 3: 1 1
    box 4: 1 1
    box 5: 1 1

----------------------------
Random preprocessing 5)
    W=4
    sum lengths=   9
    sum max sides= 9
    box 1: 1 1
    box 2: 1 1
    box 3: 1 1
    box 4: 2 5
    box 5: 1 1

In 0.012 seconds (average)
--------------------
1)
  | W
L | 0 1 2 3 
------------
0 | 1 2 5 5 
1 | 3 4 5 5 
2 | . . 5 5 
3 | . . 5 5 
4 | . . 5 5 
5 | . . . . 
6 | . . . . 
7 | . . . . 
8 | . . . . 

Boxes' corners:      (w,l)
    Box 1 is at 
        top left     (0,0)
        bottom right (0,0)

    Box 2 is at 
        top left     (1,0)
        bottom right (1,0)

    Box 3 is at 
        top left     (0,1)
        bottom right (0,1)

    Box 4 is at 
        top left     (1,1)
        bottom right (1,1)

    Box 5 is at 
        top left     (2,0)
        bottom right (3,4)

    Roll length used: 5
--------------------
  | W
L | 0 1 2 3 
------------
0 | 1 2 5 5 
1 | 3 4 5 5 
2 | . . 5 5 
3 | . . 5 5 
4 | . . 5 5 
5 | . . . . 
6 | . . . . 
7 | . . . . 
8 | . . . . 

Boxes' corners:      (w,l)
    Box 1 is at 
        top left     (0,0)
        bottom right (0,0)

    Box 2 is at 
        top left     (1,0)
        bottom right (1,0)

    Box 3 is at 
        top left     (0,1)
        bottom right (0,1)

    Box 4 is at 
        top left     (1,1)
        bottom right (1,1)

    Box 5 is at 
        top left     (2,0)
        bottom right (3,4)

    Roll length used: 5
