Sun 3 Jun 21:02:46 CEST 2018
    [1;34mTry max length:[0m 999999
    [1;34m    At iteration:[0m 0
        lingeling found a solution in .215 ms

       | W
     L |  0  1  2  3 4 5 6 7 8 
    --------------------------
     0 | 10 10 10 10 . 9 9 9 9 
     1 | 10 10 10 10 . 9 9 9 9 
     2 |  .  .  .  . . . . . . 
     3 |  .  .  .  . . . . . . 
     4 |  .  .  .  . . . . . . 
     5 |  .  .  .  . . . . . . 
     6 |  .  .  .  . . . . . . 
     7 |  .  .  .  . . . . . . 
     8 |  .  .  .  . . . . . . 
     9 |  .  .  .  . . . . . . 
    10 |  .  .  .  . . . . . . 
    11 |  .  .  .  . . . . . . 
    12 |  .  .  .  . . . . . . 
    13 |  5  .  .  . . . . . . 
    14 |  5  .  .  . . . . . . 
    15 |  3  .  .  . . . . . . 
    16 |  3  .  .  . . . . . . 
    17 |  2  .  .  . . . . . 4 
    18 |  2  .  .  . . . . . 4 
    19 |  1  .  .  . . . . . . 
    20 |  1  .  .  . . . 8 7 6 
    
    Boxes' corners:       (w,l)
        Box  1 is at 
            top left     (0,19)
            bottom right (0,20)
    
        Box  2 is at 
            top left     (0,17)
            bottom right (0,18)
    
        Box  3 is at 
            top left     (0,15)
            bottom right (0,16)
    
        Box  4 is at 
            top left     (8,17)
            bottom right (8,18)
    
        Box  5 is at 
            top left     (0,13)
            bottom right (0,14)
    
        Box  6 is at 
            top left     (8,20)
            bottom right (8,20)
    
        Box  7 is at 
            top left     (7,20)
            bottom right (7,20)
    
        Box  8 is at 
            top left     (6,20)
            bottom right (6,20)
    
        Box  9 is at 
            top left     (5,0)
            bottom right (8,1)
    
        Box 10 is at 
            top left     (0,0)
            bottom right (3,1)
    
        Roll length used: 21

    [1;34mTry max length:[0m 20
    [1;34m    At iteration:[0m 1
        lingeling found a solution in .200 ms

       | W
     L |  0  1  2  3 4 5 6 7 8 
    --------------------------
     0 | 10 10 10 10 . 9 9 9 9 
     1 | 10 10 10 10 . 9 9 9 9 
     2 |  .  .  .  . . . . . . 
     3 |  .  .  .  . . . . . . 
     4 |  .  .  .  . . . . . . 
     5 |  .  .  .  . . . . . . 
     6 |  .  .  .  . . . . . . 
     7 |  .  .  .  . . . . . . 
     8 |  .  .  .  . . . . . . 
     9 |  .  .  .  . . . . . . 
    10 |  .  .  .  . . . . . . 
    11 |  .  .  .  . . . . . . 
    12 |  4  .  .  . . . . . . 
    13 |  4  .  .  . . . . . . 
    14 |  3  .  .  . . . . . . 
    15 |  3  .  .  . . . . . . 
    16 |  2  .  .  . . . . . . 
    17 |  2  .  .  . . . . . . 
    18 |  1  .  .  . . . . . 5 
    19 |  1  .  .  . . 8 7 6 5 
    
    Boxes' corners:       (w,l)
        Box  1 is at 
            top left     (0,18)
            bottom right (0,19)
    
        Box  2 is at 
            top left     (0,16)
            bottom right (0,17)
    
        Box  3 is at 
            top left     (0,14)
            bottom right (0,15)
    
        Box  4 is at 
            top left     (0,12)
            bottom right (0,13)
    
        Box  5 is at 
            top left     (8,18)
            bottom right (8,19)
    
        Box  6 is at 
            top left     (7,19)
            bottom right (7,19)
    
        Box  7 is at 
            top left     (6,19)
            bottom right (6,19)
    
        Box  8 is at 
            top left     (5,19)
            bottom right (5,19)
    
        Box  9 is at 
            top left     (5,0)
            bottom right (8,1)
    
        Box 10 is at 
            top left     (0,0)
            bottom right (3,1)
    
        Roll length used: 20

    [1;34mTry max length:[0m 19
    [1;34m    At iteration:[0m 2
        lingeling found a solution in .182 ms

       | W
     L |  0  1  2  3 4 5 6 7 8 
    --------------------------
     0 | 10 10 10 10 . 9 9 9 9 
     1 | 10 10 10 10 . 9 9 9 9 
     2 |  .  .  .  . . . . . . 
     3 |  .  .  .  . . . . . . 
     4 |  .  .  .  . . . . . . 
     5 |  .  .  .  . . . . . . 
     6 |  .  .  .  . . . . . . 
     7 |  .  .  .  . . . . . . 
     8 |  .  .  .  . . . . . . 
     9 |  .  .  .  . . . . . . 
    10 |  .  .  .  . . . . . . 
    11 |  4  .  .  . . . . . . 
    12 |  4  .  .  . . . . . . 
    13 |  3  .  .  . . . . . . 
    14 |  3  .  .  . . . . . . 
    15 |  2  .  .  . . . . . . 
    16 |  2  .  .  . . . . . . 
    17 |  1  .  .  . . . . . 5 
    18 |  1  .  .  . . 8 7 6 5 
    
    Boxes' corners:       (w,l)
        Box  1 is at 
            top left     (0,17)
            bottom right (0,18)
    
        Box  2 is at 
            top left     (0,15)
            bottom right (0,16)
    
        Box  3 is at 
            top left     (0,13)
            bottom right (0,14)
    
        Box  4 is at 
            top left     (0,11)
            bottom right (0,12)
    
        Box  5 is at 
            top left     (8,17)
            bottom right (8,18)
    
        Box  6 is at 
            top left     (7,18)
            bottom right (7,18)
    
        Box  7 is at 
            top left     (6,18)
            bottom right (6,18)
    
        Box  8 is at 
            top left     (5,18)
            bottom right (5,18)
    
        Box  9 is at 
            top left     (5,0)
            bottom right (8,1)
    
        Box 10 is at 
            top left     (0,0)
            bottom right (3,1)
    
        Roll length used: 19

    [1;34mTry max length:[0m 18
    [1;34m    At iteration:[0m 3
        lingeling found a solution in .171 ms

       | W
     L |  0  1  2  3 4 5 6 7 8 
    --------------------------
     0 | 10 10 10 10 . 9 9 9 9 
     1 | 10 10 10 10 . 9 9 9 9 
     2 |  .  .  .  . . . . . . 
     3 |  .  .  .  . . . . . . 
     4 |  .  .  .  . . . . . . 
     5 |  .  .  .  . . . . . . 
     6 |  .  .  .  . . . . . . 
     7 |  .  .  .  . . . . . . 
     8 |  .  .  .  . . . . . . 
     9 |  .  .  .  . . . . . . 
    10 |  5  .  .  . . . . . . 
    11 |  5  .  .  . . . . . . 
    12 |  4  .  .  . . . . . . 
    13 |  4  .  .  . . . . . . 
    14 |  3  .  .  . . . . . . 
    15 |  3  .  .  . . . . . . 
    16 |  1  .  .  . . . . . 2 
    17 |  1  .  .  . . 8 7 6 2 
    
    Boxes' corners:       (w,l)
        Box  1 is at 
            top left     (0,16)
            bottom right (0,17)
    
        Box  2 is at 
            top left     (8,16)
            bottom right (8,17)
    
        Box  3 is at 
            top left     (0,14)
            bottom right (0,15)
    
        Box  4 is at 
            top left     (0,12)
            bottom right (0,13)
    
        Box  5 is at 
            top left     (0,10)
            bottom right (0,11)
    
        Box  6 is at 
            top left     (7,17)
            bottom right (7,17)
    
        Box  7 is at 
            top left     (6,17)
            bottom right (6,17)
    
        Box  8 is at 
            top left     (5,17)
            bottom right (5,17)
    
        Box  9 is at 
            top left     (5,0)
            bottom right (8,1)
    
        Box 10 is at 
            top left     (0,0)
            bottom right (3,1)
    
        Roll length used: 18

    [1;34mTry max length:[0m 17
    [1;34m    At iteration:[0m 4
        lingeling found a solution in .168 ms

       | W
     L |  0  1  2  3 4 5 6 7 8 
    --------------------------
     0 | 10 10 10 10 . 9 9 9 9 
     1 | 10 10 10 10 . 9 9 9 9 
     2 |  .  .  .  . . . . . . 
     3 |  .  .  .  . . . . . . 
     4 |  .  .  .  . . . . . . 
     5 |  .  .  .  . . . . . . 
     6 |  .  .  .  . . . . . . 
     7 |  .  .  .  . . . . . . 
     8 |  .  .  .  . . . . . . 
     9 |  .  .  .  . . . . . . 
    10 |  .  .  .  . . . . . . 
    11 |  .  .  .  . . . . . 5 
    12 |  .  .  .  . . . . . 5 
    13 |  3  .  .  . . . . . 4 
    14 |  3  .  .  . . . . . 4 
    15 |  2  .  .  . . . . . 1 
    16 |  2  .  .  . . 8 7 6 1 
    
    Boxes' corners:       (w,l)
        Box  1 is at 
            top left     (8,15)
            bottom right (8,16)
    
        Box  2 is at 
            top left     (0,15)
            bottom right (0,16)
    
        Box  3 is at 
            top left     (0,13)
            bottom right (0,14)
    
        Box  4 is at 
            top left     (8,13)
            bottom right (8,14)
    
        Box  5 is at 
            top left     (8,11)
            bottom right (8,12)
    
        Box  6 is at 
            top left     (7,16)
            bottom right (7,16)
    
        Box  7 is at 
            top left     (6,16)
            bottom right (6,16)
    
        Box  8 is at 
            top left     (5,16)
            bottom right (5,16)
    
        Box  9 is at 
            top left     (5,0)
            bottom right (8,1)
    
        Box 10 is at 
            top left     (0,0)
            bottom right (3,1)
    
        Roll length used: 17

    [1;34mTry max length:[0m 16
    [1;34m    At iteration:[0m 5
        lingeling found a solution in .150 ms

       | W
     L |  0  1  2  3 4 5 6 7 8 
    --------------------------
     0 |  .  .  .  . . . . . . 
     1 |  .  .  .  . . . . . . 
     2 |  .  .  .  . . . . . . 
     3 |  .  .  .  . . . . . . 
     4 |  .  .  .  . . . . . . 
     5 |  .  .  .  . . . . . . 
     6 |  .  .  .  . . . . . . 
     7 |  .  .  .  . . . . . . 
     8 |  .  .  .  . . . . . 5 
     9 |  .  .  .  . . . . . 5 
    10 |  4  .  .  . . . . . 3 
    11 |  4  .  .  . . . . . 3 
    12 |  2  .  .  . . . . . 1 
    13 |  2  .  .  . . . 7 . 1 
    14 | 10 10 10 10 8 9 9 9 9 
    15 | 10 10 10 10 6 9 9 9 9 
    
    Boxes' corners:       (w,l)
        Box  1 is at 
            top left     (8,12)
            bottom right (8,13)
    
        Box  2 is at 
            top left     (0,12)
            bottom right (0,13)
    
        Box  3 is at 
            top left     (8,10)
            bottom right (8,11)
    
        Box  4 is at 
            top left     (0,10)
            bottom right (0,11)
    
        Box  5 is at 
            top left     (8,8)
            bottom right (8,9)
    
        Box  6 is at 
            top left     (4,15)
            bottom right (4,15)
    
        Box  7 is at 
            top left     (6,13)
            bottom right (6,13)
    
        Box  8 is at 
            top left     (4,14)
            bottom right (4,14)
    
        Box  9 is at 
            top left     (5,14)
            bottom right (8,15)
    
        Box 10 is at 
            top left     (0,14)
            bottom right (3,15)
    
        Roll length used: 16

    [1;34mTry max length:[0m 15
    [1;34m    At iteration:[0m 6
        lingeling found a solution in .144 ms

       | W
     L |  0  1  2  3 4 5 6 7 8 
    --------------------------
     0 |  .  .  .  . . . . . . 
     1 |  .  .  .  . . . . . . 
     2 |  .  .  .  . . . . . . 
     3 |  .  .  .  . . . . . . 
     4 |  .  .  .  . . . . . . 
     5 |  .  .  .  . . . . . . 
     6 |  .  .  .  . . . . . . 
     7 |  .  .  .  . . . . . 5 
     8 |  .  .  .  . . . . . 5 
     9 |  4  .  .  . . . . . 3 
    10 |  4  .  .  . . . . . 3 
    11 |  2  .  .  . . . . . 1 
    12 |  2  .  .  . . 8 . . 1 
    13 | 10 10 10 10 7 9 9 9 9 
    14 | 10 10 10 10 6 9 9 9 9 
    
    Boxes' corners:       (w,l)
        Box  1 is at 
            top left     (8,11)
            bottom right (8,12)
    
        Box  2 is at 
            top left     (0,11)
            bottom right (0,12)
    
        Box  3 is at 
            top left     (8,9)
            bottom right (8,10)
    
        Box  4 is at 
            top left     (0,9)
            bottom right (0,10)
    
        Box  5 is at 
            top left     (8,7)
            bottom right (8,8)
    
        Box  6 is at 
            top left     (4,14)
            bottom right (4,14)
    
        Box  7 is at 
            top left     (4,13)
            bottom right (4,13)
    
        Box  8 is at 
            top left     (5,12)
            bottom right (5,12)
    
        Box  9 is at 
            top left     (5,13)
            bottom right (8,14)
    
        Box 10 is at 
            top left     (0,13)
            bottom right (3,14)
    
        Roll length used: 15

    [1;34mTry max length:[0m 14
    [1;34m    At iteration:[0m 7
        lingeling found a solution in .135 ms

       | W
     L |  0  1  2  3 4 5 6 7 8 
    --------------------------
     0 |  .  .  .  . . . . . . 
     1 |  .  .  .  . . . . . . 
     2 |  .  .  .  . . . . . . 
     3 |  .  .  .  . . . . . . 
     4 |  .  .  .  . . . . . . 
     5 |  .  .  .  . . . . . . 
     6 |  .  .  .  . . . . . 5 
     7 |  .  .  .  . . . . . 5 
     8 |  4  .  .  . . . . . 3 
     9 |  4  .  .  . . . . . 3 
    10 |  2  .  .  . . . . . 1 
    11 |  2  .  .  . . 8 . . 1 
    12 | 10 10 10 10 7 9 9 9 9 
    13 | 10 10 10 10 6 9 9 9 9 
    
    Boxes' corners:       (w,l)
        Box  1 is at 
            top left     (8,10)
            bottom right (8,11)
    
        Box  2 is at 
            top left     (0,10)
            bottom right (0,11)
    
        Box  3 is at 
            top left     (8,8)
            bottom right (8,9)
    
        Box  4 is at 
            top left     (0,8)
            bottom right (0,9)
    
        Box  5 is at 
            top left     (8,6)
            bottom right (8,7)
    
        Box  6 is at 
            top left     (4,13)
            bottom right (4,13)
    
        Box  7 is at 
            top left     (4,12)
            bottom right (4,12)
    
        Box  8 is at 
            top left     (5,11)
            bottom right (5,11)
    
        Box  9 is at 
            top left     (5,12)
            bottom right (8,13)
    
        Box 10 is at 
            top left     (0,12)
            bottom right (3,13)
    
        Roll length used: 14

    [1;34mTry max length:[0m 13
    [1;34m    At iteration:[0m 8
        lingeling found a solution in .118 ms

       | W
     L | 0  1  2  3  4 5 6 7 8 
    --------------------------
     0 | .  .  .  .  . . . . . 
     1 | .  .  .  .  . . . . . 
     2 | .  .  .  .  . . . . . 
     3 | .  .  .  .  . . . . . 
     4 | .  .  .  .  . . . . . 
     5 | .  .  .  .  . . . . . 
     6 | .  .  .  .  . . . . . 
     7 | 5  .  .  .  . . . . 4 
     8 | 5  .  .  .  . . . . 4 
     9 | 3  .  .  .  . . . . 2 
    10 | 3  .  .  .  . 8 7 6 2 
    11 | 1 10 10 10 10 9 9 9 9 
    12 | 1 10 10 10 10 9 9 9 9 
    
    Boxes' corners:       (w,l)
        Box  1 is at 
            top left     (0,11)
            bottom right (0,12)
    
        Box  2 is at 
            top left     (8,9)
            bottom right (8,10)
    
        Box  3 is at 
            top left     (0,9)
            bottom right (0,10)
    
        Box  4 is at 
            top left     (8,7)
            bottom right (8,8)
    
        Box  5 is at 
            top left     (0,7)
            bottom right (0,8)
    
        Box  6 is at 
            top left     (7,10)
            bottom right (7,10)
    
        Box  7 is at 
            top left     (6,10)
            bottom right (6,10)
    
        Box  8 is at 
            top left     (5,10)
            bottom right (5,10)
    
        Box  9 is at 
            top left     (5,11)
            bottom right (8,12)
    
        Box 10 is at 
            top left     (1,11)
            bottom right (4,12)
    
        Roll length used: 13

    [1;34mTry max length:[0m 12
    [1;34m    At iteration:[0m 9
        lingeling found a solution in .118 ms

       | W
     L |  0  1  2  3 4 5 6 7 8 
    --------------------------
     0 |  .  .  .  . . . . . . 
     1 |  .  .  .  . . . . . . 
     2 |  .  .  .  . . . . . . 
     3 |  .  .  .  . . . . . . 
     4 |  .  .  .  . . . . . 5 
     5 |  .  .  .  . . . . . 5 
     6 |  4  .  .  . . . . . 3 
     7 |  4  .  .  . . . . . 3 
     8 |  2  .  .  . . . . . 1 
     9 |  2  .  .  . . 8 . . 1 
    10 | 10 10 10 10 7 9 9 9 9 
    11 | 10 10 10 10 6 9 9 9 9 
    
    Boxes' corners:       (w,l)
        Box  1 is at 
            top left     (8,8)
            bottom right (8,9)
    
        Box  2 is at 
            top left     (0,8)
            bottom right (0,9)
    
        Box  3 is at 
            top left     (8,6)
            bottom right (8,7)
    
        Box  4 is at 
            top left     (0,6)
            bottom right (0,7)
    
        Box  5 is at 
            top left     (8,4)
            bottom right (8,5)
    
        Box  6 is at 
            top left     (4,11)
            bottom right (4,11)
    
        Box  7 is at 
            top left     (4,10)
            bottom right (4,10)
    
        Box  8 is at 
            top left     (5,9)
            bottom right (5,9)
    
        Box  9 is at 
            top left     (5,10)
            bottom right (8,11)
    
        Box 10 is at 
            top left     (0,10)
            bottom right (3,11)
    
        Roll length used: 12

    [1;34mTry max length:[0m 11
    [1;34m    At iteration:[0m 10
        lingeling found a solution in .105 ms

       | W
     L |  0  1  2  3 4 5 6 7 8 
    --------------------------
     0 |  .  .  .  . . . . . . 
     1 |  .  .  .  . . . . . . 
     2 |  .  .  .  . . . . . . 
     3 |  .  .  .  . . . . . 5 
     4 |  .  .  .  . . . . . 5 
     5 |  4  .  .  . . . . . 3 
     6 |  4  .  .  . . . . . 3 
     7 |  2  .  .  . . . . . 1 
     8 |  2  .  .  . . . 7 . 1 
     9 | 10 10 10 10 8 9 9 9 9 
    10 | 10 10 10 10 6 9 9 9 9 
    
    Boxes' corners:       (w,l)
        Box  1 is at 
            top left     (8,7)
            bottom right (8,8)
    
        Box  2 is at 
            top left     (0,7)
            bottom right (0,8)
    
        Box  3 is at 
            top left     (8,5)
            bottom right (8,6)
    
        Box  4 is at 
            top left     (0,5)
            bottom right (0,6)
    
        Box  5 is at 
            top left     (8,3)
            bottom right (8,4)
    
        Box  6 is at 
            top left     (4,10)
            bottom right (4,10)
    
        Box  7 is at 
            top left     (6,8)
            bottom right (6,8)
    
        Box  8 is at 
            top left     (4,9)
            bottom right (4,9)
    
        Box  9 is at 
            top left     (5,9)
            bottom right (8,10)
    
        Box 10 is at 
            top left     (0,9)
            bottom right (3,10)
    
        Roll length used: 11

    [1;34mTry max length:[0m 10
    [1;34m    At iteration:[0m 11
        lingeling found a solution in .093 ms

       | W
     L | 0  1  2  3  4 5 6 7 8 
    --------------------------
     0 | .  .  .  .  . . . . . 
     1 | .  .  .  .  . . . . 7 
     2 | .  .  .  .  . . . . . 
     3 | .  .  .  .  . . . . 6 
     4 | 5  .  .  .  . . . . 4 
     5 | 5  .  8  .  . . . . 4 
     6 | 3  .  .  .  . . . . 2 
     7 | 3  .  .  .  . . . . 2 
     8 | 1 10 10 10 10 9 9 9 9 
     9 | 1 10 10 10 10 9 9 9 9 
    
    Boxes' corners:       (w,l)
        Box  1 is at 
            top left     (0,8)
            bottom right (0,9)
    
        Box  2 is at 
            top left     (8,6)
            bottom right (8,7)
    
        Box  3 is at 
            top left     (0,6)
            bottom right (0,7)
    
        Box  4 is at 
            top left     (8,4)
            bottom right (8,5)
    
        Box  5 is at 
            top left     (0,4)
            bottom right (0,5)
    
        Box  6 is at 
            top left     (8,3)
            bottom right (8,3)
    
        Box  7 is at 
            top left     (8,1)
            bottom right (8,1)
    
        Box  8 is at 
            top left     (2,5)
            bottom right (2,5)
    
        Box  9 is at 
            top left     (5,8)
            bottom right (8,9)
    
        Box 10 is at 
            top left     (1,8)
            bottom right (4,9)
    
        Roll length used: 10

    [1;34mTry max length:[0m 9
    [1;34m    At iteration:[0m 12
        lingeling found a solution in .082 ms

      | W
    L |  0  1 2 3 4 5 6 7 8 
    ------------------------
    0 |  3  . . . . . . . 5 
    1 |  3  . . . . . . 8 5 
    2 |  4  . . . . . . . . 
    3 |  4  . . . . . . 6 1 
    4 |  .  . . . 7 . . . 1 
    5 | 10 10 . . . . . . . 
    6 | 10 10 . . . . . . 2 
    7 | 10 10 . . 9 9 9 9 2 
    8 | 10 10 . . 9 9 9 9 . 
    
    Boxes' corners:       (w,l)
        Box  1 is at 
            top left     (8,3)
            bottom right (8,4)
    
        Box  2 is at 
            top left     (8,6)
            bottom right (8,7)
    
        Box  3 is at 
            top left     (0,0)
            bottom right (0,1)
    
        Box  4 is at 
            top left     (0,2)
            bottom right (0,3)
    
        Box  5 is at 
            top left     (8,0)
            bottom right (8,1)
    
        Box  6 is at 
            top left     (7,3)
            bottom right (7,3)
    
        Box  7 is at 
            top left     (4,4)
            bottom right (4,4)
    
        Box  8 is at 
            top left     (7,1)
            bottom right (7,1)
    
        Box  9 is at 
            top left     (4,7)
            bottom right (7,8)
    
        Box 10 is at 
            top left     (0,5)
            bottom right (1,8)
    
        Roll length used: 9

    [1;34mTry max length:[0m 8
    [1;34m    At iteration:[0m 13
        lingeling found a solution in .074 ms

      | W
    L |  0  1 2 3 4 5 6 7 8 
    ------------------------
    0 |  4  . . . . . . . . 
    1 |  4  . . 5 . . . . 3 
    2 |  2  . . 5 . . . . 3 
    3 |  2  . . . . . . . . 
    4 | 10 10 . . . . . 9 9 
    5 | 10 10 . . . . . 9 9 
    6 | 10 10 6 . 8 . . 9 9 
    7 | 10 10 . 7 1 1 . 9 9 
    
    Boxes' corners:       (w,l)
        Box  1 is at 
            top left     (4,7)
            bottom right (5,7)
    
        Box  2 is at 
            top left     (0,2)
            bottom right (0,3)
    
        Box  3 is at 
            top left     (8,1)
            bottom right (8,2)
    
        Box  4 is at 
            top left     (0,0)
            bottom right (0,1)
    
        Box  5 is at 
            top left     (3,1)
            bottom right (3,2)
    
        Box  6 is at 
            top left     (2,6)
            bottom right (2,6)
    
        Box  7 is at 
            top left     (3,7)
            bottom right (3,7)
    
        Box  8 is at 
            top left     (4,6)
            bottom right (4,6)
    
        Box  9 is at 
            top left     (7,4)
            bottom right (8,7)
    
        Box 10 is at 
            top left     (0,4)
            bottom right (1,7)
    
        Roll length used: 8

    [1;34mTry max length:[0m 7
    [1;34m    At iteration:[0m 14
        lingeling found a solution in .064 ms

      | W
    L |  0  1 2 3 4 5 6 7 8 
    ------------------------
    0 | 10 10 . . . . . . 1 
    1 | 10 10 . . . . . . 1 
    2 | 10 10 . 7 4 . . 9 9 
    3 | 10 10 5 . 4 . . 9 9 
    4 |  2  . 5 . . . . 9 9 
    5 |  2  . . . . 8 3 9 9 
    6 |  .  . . . . . 3 . 6 
    
    Boxes' corners:       (w,l)
        Box  1 is at 
            top left     (8,0)
            bottom right (8,1)
    
        Box  2 is at 
            top left     (0,4)
            bottom right (0,5)
    
        Box  3 is at 
            top left     (6,5)
            bottom right (6,6)
    
        Box  4 is at 
            top left     (4,2)
            bottom right (4,3)
    
        Box  5 is at 
            top left     (2,3)
            bottom right (2,4)
    
        Box  6 is at 
            top left     (8,6)
            bottom right (8,6)
    
        Box  7 is at 
            top left     (3,2)
            bottom right (3,2)
    
        Box  8 is at 
            top left     (5,5)
            bottom right (5,5)
    
        Box  9 is at 
            top left     (7,2)
            bottom right (8,5)
    
        Box 10 is at 
            top left     (0,0)
            bottom right (1,3)
    
        Roll length used: 7

    [1;34mTry max length:[0m 6
    [1;34m    At iteration:[0m 15
        lingeling found a solution in .054 ms

      | W
    L |  0  1 2 3 4 5 6 7 8 
    ------------------------
    0 | 10 10 . . . . . . . 
    1 | 10 10 . . . 6 . 9 9 
    2 | 10 10 . . 7 . . 9 9 
    3 | 10 10 . . . . . 9 9 
    4 |  1  . . 5 4 3 2 9 9 
    5 |  1  . . 5 4 3 2 8 . 
    
    Boxes' corners:       (w,l)
        Box  1 is at 
            top left     (0,4)
            bottom right (0,5)
    
        Box  2 is at 
            top left     (6,4)
            bottom right (6,5)
    
        Box  3 is at 
            top left     (5,4)
            bottom right (5,5)
    
        Box  4 is at 
            top left     (4,4)
            bottom right (4,5)
    
        Box  5 is at 
            top left     (3,4)
            bottom right (3,5)
    
        Box  6 is at 
            top left     (5,1)
            bottom right (5,1)
    
        Box  7 is at 
            top left     (4,2)
            bottom right (4,2)
    
        Box  8 is at 
            top left     (7,5)
            bottom right (7,5)
    
        Box  9 is at 
            top left     (7,1)
            bottom right (8,4)
    
        Box 10 is at 
            top left     (0,0)
            bottom right (1,3)
    
        Roll length used: 6

    [1;34mTry max length:[0m 5
    [1;34m    At iteration:[0m 16
        lingeling found a solution in .047 ms

      | W
    L | 0 1 2 3 4 5 6  7  8 
    ------------------------
    0 | 9 9 . 7 . . .  .  . 
    1 | 9 9 . . . . . 10 10 
    2 | 9 9 . . . . . 10 10 
    3 | 9 9 5 4 3 2 1 10 10 
    4 | 6 8 5 4 3 2 1 10 10 
    
    Boxes' corners:       (w,l)
        Box  1 is at 
            top left     (6,3)
            bottom right (6,4)
    
        Box  2 is at 
            top left     (5,3)
            bottom right (5,4)
    
        Box  3 is at 
            top left     (4,3)
            bottom right (4,4)
    
        Box  4 is at 
            top left     (3,3)
            bottom right (3,4)
    
        Box  5 is at 
            top left     (2,3)
            bottom right (2,4)
    
        Box  6 is at 
            top left     (0,4)
            bottom right (0,4)
    
        Box  7 is at 
            top left     (3,0)
            bottom right (3,0)
    
        Box  8 is at 
            top left     (1,4)
            bottom right (1,4)
    
        Box  9 is at 
            top left     (0,0)
            bottom right (1,3)
    
        Box 10 is at 
            top left     (7,1)
            bottom right (8,4)
    
        Roll length used: 5

    [1;34mTry max length:[0m 4
    [1;34m    At iteration:[0m 17
        lingeling found a solution in .039 ms

      | W
    L | 0 1 2 3 4 5 6  7  8 
    ------------------------
    0 | 9 9 . . . . . 10 10 
    1 | 9 9 . . 8 7 6 10 10 
    2 | 9 9 5 3 4 2 1 10 10 
    3 | 9 9 5 3 4 2 1 10 10 
    
    Boxes' corners:       (w,l)
        Box  1 is at 
            top left     (6,2)
            bottom right (6,3)
    
        Box  2 is at 
            top left     (5,2)
            bottom right (5,3)
    
        Box  3 is at 
            top left     (3,2)
            bottom right (3,3)
    
        Box  4 is at 
            top left     (4,2)
            bottom right (4,3)
    
        Box  5 is at 
            top left     (2,2)
            bottom right (2,3)
    
        Box  6 is at 
            top left     (6,1)
            bottom right (6,1)
    
        Box  7 is at 
            top left     (5,1)
            bottom right (5,1)
    
        Box  8 is at 
            top left     (4,1)
            bottom right (4,1)
    
        Box  9 is at 
            top left     (0,0)
            bottom right (1,3)
    
        Box 10 is at 
            top left     (7,0)
            bottom right (8,3)
    
        Roll length used: 4

    [1;34mTry max length:[0m 3
    [1;34m    At iteration:[0m 18
        [3;31mlingeling determined unsatisfiability of the Boolean formula[0m
        [1;32mOptimality reached![0m
