Sun 3 Jun 21:05:13 CEST 2018
    [1;34mTry max length:[0m 999999
    [1;34m    At iteration:[0m 0
        lingeling found a solution in .082 ms

       | W
     L | 0 1 2 3 4 5 6 7 8 9 
    -------------------------
     0 | . . . . . . . . . . 
     1 | . . . . . . . . . . 
     2 | . . . . . . . . . . 
     3 | . . . . . . . . . . 
     4 | . . . . . . . . . . 
     5 | . . . . . . . . . . 
     6 | . . . . . . . . . . 
     7 | . . . . . 2 2 2 . 5 
     8 | . . . . . 2 2 2 . 5 
     9 | 4 . . . . . . 3 3 3 
    10 | 4 . . . . . 1 3 3 3 
    
    Boxes' corners:      (w,l)
        Box 1 is at 
            top left     (6,10)
            bottom right (6,10)
    
        Box 2 is at 
            top left     (5,7)
            bottom right (7,8)
    
        Box 3 is at 
            top left     (7,9)
            bottom right (9,10)
    
        Box 4 is at 
            top left     (0,9)
            bottom right (0,10)
    
        Box 5 is at 
            top left     (9,7)
            bottom right (9,8)
    
        Roll length used: 11

    [1;34mTry max length:[0m 10
    [1;34m    At iteration:[0m 1
        lingeling found a solution in .075 ms

       | W
     L | 0 1 2 3 4 5 6 7 8 9 
    -------------------------
     0 | . . . . . . . . . . 
     1 | . . . . . . . . . . 
     2 | . . . . . . . . . . 
     3 | . . . . . . . . . . 
     4 | . . . . . . . . . . 
     5 | . . . . . . 2 2 . . 
     6 | 5 . . . . . 2 2 . . 
     7 | 5 . . . . . 2 2 3 3 
     8 | 4 . . . . . . . 3 3 
     9 | 4 . . . . . . 1 3 3 
    
    Boxes' corners:      (w,l)
        Box 1 is at 
            top left     (7,9)
            bottom right (7,9)
    
        Box 2 is at 
            top left     (6,5)
            bottom right (7,7)
    
        Box 3 is at 
            top left     (8,7)
            bottom right (9,9)
    
        Box 4 is at 
            top left     (0,8)
            bottom right (0,9)
    
        Box 5 is at 
            top left     (0,6)
            bottom right (0,7)
    
        Roll length used: 10

    [1;34mTry max length:[0m 9
    [1;34m    At iteration:[0m 2
        lingeling found a solution in .070 ms

      | W
    L | 0 1 2 3 4 5 6 7 8 9 
    -------------------------
    0 | . . . . . . . . . . 
    1 | . . . . . . . . . . 
    2 | . 1 . . . . . . . . 
    3 | . . . . . . . . . . 
    4 | . . . . . . 2 2 . . 
    5 | 5 . . . . . 2 2 . . 
    6 | 5 . . . . . 2 2 3 3 
    7 | 4 . . . . . . . 3 3 
    8 | 4 . . . . . . . 3 3 
    
    Boxes' corners:      (w,l)
        Box 1 is at 
            top left     (1,2)
            bottom right (1,2)
    
        Box 2 is at 
            top left     (6,4)
            bottom right (7,6)
    
        Box 3 is at 
            top left     (8,6)
            bottom right (9,8)
    
        Box 4 is at 
            top left     (0,7)
            bottom right (0,8)
    
        Box 5 is at 
            top left     (0,5)
            bottom right (0,6)
    
        Roll length used: 9

    [1;34mTry max length:[0m 8
    [1;34m    At iteration:[0m 3
        lingeling found a solution in .065 ms

      | W
    L | 0 1 2 3 4 5 6 7 8 9 
    -------------------------
    0 | . . . . . . . . . . 
    1 | . . . . . . . . . . 
    2 | . . . . . . . . . . 
    3 | . . . . . . 2 2 . . 
    4 | 5 . . . . . 2 2 . . 
    5 | 5 . . . . . 2 2 3 3 
    6 | 4 . . . . . . . 3 3 
    7 | 4 . 1 . . . . . 3 3 
    
    Boxes' corners:      (w,l)
        Box 1 is at 
            top left     (2,7)
            bottom right (2,7)
    
        Box 2 is at 
            top left     (6,3)
            bottom right (7,5)
    
        Box 3 is at 
            top left     (8,5)
            bottom right (9,7)
    
        Box 4 is at 
            top left     (0,6)
            bottom right (0,7)
    
        Box 5 is at 
            top left     (0,4)
            bottom right (0,5)
    
        Roll length used: 8

    [1;34mTry max length:[0m 7
    [1;34m    At iteration:[0m 4
        lingeling found a solution in .056 ms

      | W
    L | 0 1 2 3 4 5 6 7 8 9 
    -------------------------
    0 | . . . . . . . . . . 
    1 | . . . . . . . . . 1 
    2 | . . . . . . 2 2 . . 
    3 | 5 . . . . . 2 2 . . 
    4 | 5 . . . . . 2 2 3 3 
    5 | 4 . . . . . . . 3 3 
    6 | 4 . . . . . . . 3 3 
    
    Boxes' corners:      (w,l)
        Box 1 is at 
            top left     (9,1)
            bottom right (9,1)
    
        Box 2 is at 
            top left     (6,2)
            bottom right (7,4)
    
        Box 3 is at 
            top left     (8,4)
            bottom right (9,6)
    
        Box 4 is at 
            top left     (0,5)
            bottom right (0,6)
    
        Box 5 is at 
            top left     (0,3)
            bottom right (0,4)
    
        Roll length used: 7

    [1;34mTry max length:[0m 6
    [1;34m    At iteration:[0m 5
        lingeling found a solution in .050 ms

      | W
    L | 0 1 2 3 4 5 6 7 8 9 
    -------------------------
    0 | . . . . . . . . . . 
    1 | . . . . . . . . . . 
    2 | 5 . . . . . 2 2 . . 
    3 | 5 . . . . . 2 2 3 3 
    4 | 4 . . . . . 2 2 3 3 
    5 | 4 . . . . . . 1 3 3 
    
    Boxes' corners:      (w,l)
        Box 1 is at 
            top left     (7,5)
            bottom right (7,5)
    
        Box 2 is at 
            top left     (6,2)
            bottom right (7,4)
    
        Box 3 is at 
            top left     (8,3)
            bottom right (9,5)
    
        Box 4 is at 
            top left     (0,4)
            bottom right (0,5)
    
        Box 5 is at 
            top left     (0,2)
            bottom right (0,3)
    
        Roll length used: 6

    [1;34mTry max length:[0m 5
    [1;34m    At iteration:[0m 6
        lingeling found a solution in .042 ms

      | W
    L | 0 1 2 3 4 5 6 7 8 9 
    -------------------------
    0 | . . . . . 1 . . . . 
    1 | . . . . . . . . 3 3 
    2 | 4 . . . . . 2 2 3 3 
    3 | 4 . . . . 5 2 2 3 3 
    4 | . . . . . 5 2 2 . . 
    
    Boxes' corners:      (w,l)
        Box 1 is at 
            top left     (5,0)
            bottom right (5,0)
    
        Box 2 is at 
            top left     (6,2)
            bottom right (7,4)
    
        Box 3 is at 
            top left     (8,1)
            bottom right (9,3)
    
        Box 4 is at 
            top left     (0,2)
            bottom right (0,3)
    
        Box 5 is at 
            top left     (5,3)
            bottom right (5,4)
    
        Roll length used: 5

    [1;34mTry max length:[0m 4
    [1;34m    At iteration:[0m 7
        lingeling found a solution in .035 ms

      | W
    L | 0 1 2 3 4 5 6 7 8 9 
    -------------------------
    0 | 2 2 . . . . . . 3 3 
    1 | 2 2 . . . . 1 . 3 3 
    2 | 2 2 . . . . 5 4 3 3 
    3 | . . . . . . 5 4 . . 
    
    Boxes' corners:      (w,l)
        Box 1 is at 
            top left     (6,1)
            bottom right (6,1)
    
        Box 2 is at 
            top left     (0,0)
            bottom right (1,2)
    
        Box 3 is at 
            top left     (8,0)
            bottom right (9,2)
    
        Box 4 is at 
            top left     (7,2)
            bottom right (7,3)
    
        Box 5 is at 
            top left     (6,2)
            bottom right (6,3)
    
        Roll length used: 4

    [1;34mTry max length:[0m 3
    [1;34m    At iteration:[0m 8
        lingeling found a solution in .019 ms

      | W
    L | 0 1 2 3 4 5 6 7 8 9 
    -------------------------
    0 | 2 2 . . . 5 4 . 3 3 
    1 | 2 2 . 1 . 5 4 . 3 3 
    2 | 2 2 . . . . . . 3 3 
    
    Boxes' corners:      (w,l)
        Box 1 is at 
            top left     (3,1)
            bottom right (3,1)
    
        Box 2 is at 
            top left     (0,0)
            bottom right (1,2)
    
        Box 3 is at 
            top left     (8,0)
            bottom right (9,2)
    
        Box 4 is at 
            top left     (6,0)
            bottom right (6,1)
    
        Box 5 is at 
            top left     (5,0)
            bottom right (5,1)
    
        Roll length used: 3

    [1;34mTry max length:[0m 2
    [1;34m    At iteration:[0m 9
        lingeling found a solution in .011 ms

      | W
    L | 0 1 2 3 4 5 6 7 8 9 
    -------------------------
    0 | . . 2 2 2 5 5 3 3 3 
    1 | . 1 2 2 2 4 4 3 3 3 
    
    Boxes' corners:      (w,l)
        Box 1 is at 
            top left     (1,1)
            bottom right (1,1)
    
        Box 2 is at 
            top left     (2,0)
            bottom right (4,1)
    
        Box 3 is at 
            top left     (7,0)
            bottom right (9,1)
    
        Box 4 is at 
            top left     (5,1)
            bottom right (6,1)
    
        Box 5 is at 
            top left     (5,0)
            bottom right (6,0)
    
        Roll length used: 2

    [1;34mTry max length:[0m 1
    [1;34m    At iteration:[0m 10
        [3;31mlingeling determined unsatisfiability of the Boolean formula[0m
        [1;32mOptimality reached![0m
