Sun 3 Jun 21:06:17 CEST 2018
    [1;34mTry max length:[0m 999999
    [1;34m    At iteration:[0m 0
        lingeling found a solution in .365 ms

       | W
     L | 0 1 2 3 4 5 6 7 8 9 
    -------------------------
     0 | . . . . 4 4 4 4 . . 
     1 | . . . . 4 4 4 4 . . 
     2 | . . . . . . . . . . 
     3 | . . . . . . . . . . 
     4 | . . . . . . . 2 2 . 
     5 | . . . . . . . 2 2 . 
     6 | . . . . . . . 2 2 . 
     7 | . . . . . . . 2 2 . 
     8 | . . . . . . . . . . 
     9 | . . . . . . . . . . 
    10 | . . . . . . 1 1 1 1 
    11 | . . . . . . 1 1 1 1 
    12 | . . . . . . 3 3 3 3 
    13 | . . . . . . 3 3 3 3 
    14 | . . . . . . . . . . 
    15 | . . . . . . . . . . 
    16 | . . . . . . . . . . 
    17 | . . . . . . . . . . 
    18 | . . . . . . . . . . 
    19 | . . . . . . . . . . 
    20 | . . . . . . . . . . 
    21 | . . . . . . . . . . 
    22 | . . . . . . . . . . 
    23 | . . . . . . . . . . 
    24 | 9 8 5 5 5 5 6 6 6 6 
    25 | . . 5 5 5 5 6 6 6 6 
    26 | . . . . . . . . . 7 
    
    Boxes' corners:      (w,l)
        Box 1 is at 
            top left     (6,10)
            bottom right (9,11)
    
        Box 2 is at 
            top left     (7,4)
            bottom right (8,7)
    
        Box 3 is at 
            top left     (6,12)
            bottom right (9,13)
    
        Box 4 is at 
            top left     (4,0)
            bottom right (7,1)
    
        Box 5 is at 
            top left     (2,24)
            bottom right (5,25)
    
        Box 6 is at 
            top left     (6,24)
            bottom right (9,25)
    
        Box 7 is at 
            top left     (9,26)
            bottom right (9,26)
    
        Box 8 is at 
            top left     (1,24)
            bottom right (1,24)
    
        Box 9 is at 
            top left     (0,24)
            bottom right (0,24)
    
        Roll length used: 27

    [1;34mTry max length:[0m 26
    [1;34m    At iteration:[0m 1
        lingeling found a solution in .357 ms

       | W
     L | 0 1 2 3 4 5 6 7 8 9 
    -------------------------
     0 | . . 1 1 1 1 6 6 6 6 
     1 | . . 1 1 1 1 6 6 6 6 
     2 | . . . . . . . . . . 
     3 | . . . . . . . . . . 
     4 | . . . . . . . . . . 
     5 | . . . . . . . . . . 
     6 | . . . . . . . . . . 
     7 | . . . . . . . . . . 
     8 | . . . . . . 3 3 3 3 
     9 | . . . . . . 3 3 3 3 
    10 | . . . . . . . . . . 
    11 | . . . . . . . . . . 
    12 | . . . . . . 4 4 4 4 
    13 | . . . . . . 4 4 4 4 
    14 | . . . . . . . . . . 
    15 | . . . . . . . . . . 
    16 | . . . . . . . . . . 
    17 | . . . . . . . . . . 
    18 | . . . . . . . . . . 
    19 | . . . . . . . . . . 
    20 | . . . . . . . . . . 
    21 | 2 2 2 2 . . . . . . 
    22 | 2 2 2 2 . . . . . . 
    23 | . . . . . . . . . . 
    24 | . . . . . 9 5 5 5 5 
    25 | . . . . 8 7 5 5 5 5 
    
    Boxes' corners:      (w,l)
        Box 1 is at 
            top left     (2,0)
            bottom right (5,1)
    
        Box 2 is at 
            top left     (0,21)
            bottom right (3,22)
    
        Box 3 is at 
            top left     (6,8)
            bottom right (9,9)
    
        Box 4 is at 
            top left     (6,12)
            bottom right (9,13)
    
        Box 5 is at 
            top left     (6,24)
            bottom right (9,25)
    
        Box 6 is at 
            top left     (6,0)
            bottom right (9,1)
    
        Box 7 is at 
            top left     (5,25)
            bottom right (5,25)
    
        Box 8 is at 
            top left     (4,25)
            bottom right (4,25)
    
        Box 9 is at 
            top left     (5,24)
            bottom right (5,24)
    
        Roll length used: 26

    [1;34mTry max length:[0m 25
    [1;34m    At iteration:[0m 2
        lingeling found a solution in .329 ms

       | W
     L | 0 1 2 3 4 5 6 7 8 9 
    -------------------------
     0 | . . 1 1 1 1 6 6 6 6 
     1 | . . 1 1 1 1 6 6 6 6 
     2 | . . . . . . . . . . 
     3 | . . . . . . . . . . 
     4 | . . . . . . . . . . 
     5 | . . . . . . . . . . 
     6 | 2 2 2 2 . . . . . . 
     7 | 2 2 2 2 . . . . . . 
     8 | . . . . . . . . . . 
     9 | . . . . . . . . . . 
    10 | . . . . . . . . . . 
    11 | . . . . . . . . . . 
    12 | . . . . . . . . . . 
    13 | . . . . . . . . . . 
    14 | . . . . . . . . . . 
    15 | . . . . . . . . . . 
    16 | . . . . . 3 3 . . . 
    17 | . . . . . 3 3 . . . 
    18 | . . . . . 3 3 . . . 
    19 | . . . . . 3 3 . . . 
    20 | . . . . . . . . . . 
    21 | . . . . . . . . . . 
    22 | . . . . . . . . . 9 
    23 | 5 5 5 5 4 4 4 4 8 7 
    24 | 5 5 5 5 4 4 4 4 . . 
    
    Boxes' corners:      (w,l)
        Box 1 is at 
            top left     (2,0)
            bottom right (5,1)
    
        Box 2 is at 
            top left     (0,6)
            bottom right (3,7)
    
        Box 3 is at 
            top left     (5,16)
            bottom right (6,19)
    
        Box 4 is at 
            top left     (4,23)
            bottom right (7,24)
    
        Box 5 is at 
            top left     (0,23)
            bottom right (3,24)
    
        Box 6 is at 
            top left     (6,0)
            bottom right (9,1)
    
        Box 7 is at 
            top left     (9,23)
            bottom right (9,23)
    
        Box 8 is at 
            top left     (8,23)
            bottom right (8,23)
    
        Box 9 is at 
            top left     (9,22)
            bottom right (9,22)
    
        Roll length used: 25

    [1;34mTry max length:[0m 24
    [1;34m    At iteration:[0m 3
        lingeling found a solution in .284 ms

       | W
     L | 0 1 2 3 4 5 6 7 8 9 
    -------------------------
     0 | 4 4 4 4 5 5 5 5 . . 
     1 | 4 4 4 4 5 5 5 5 . . 
     2 | . . . . . . . . . . 
     3 | . . . . . . . . . . 
     4 | . . . . . . . . . . 
     5 | 3 3 3 3 . . . . . . 
     6 | 3 3 3 3 . . . . . . 
     7 | . . . . . . . . . . 
     8 | . . . . . . . . . . 
     9 | . . . . . . . . . . 
    10 | . . . . . . . . . . 
    11 | . . . . . . . . . . 
    12 | . . . . . . . . . . 
    13 | . . . . . . . . . . 
    14 | . . . . . . . . . . 
    15 | . . . . . . . . . . 
    16 | . . . . . . . . . . 
    17 | . . . . . . . . . . 
    18 | . . . . . 6 6 6 6 . 
    19 | . . . . . 6 6 6 6 . 
    20 | . . . . . . . . . . 
    21 | . . . . . . . . . 9 
    22 | 1 1 1 1 . 8 2 2 2 2 
    23 | 1 1 1 1 . 7 2 2 2 2 
    
    Boxes' corners:      (w,l)
        Box 1 is at 
            top left     (0,22)
            bottom right (3,23)
    
        Box 2 is at 
            top left     (6,22)
            bottom right (9,23)
    
        Box 3 is at 
            top left     (0,5)
            bottom right (3,6)
    
        Box 4 is at 
            top left     (0,0)
            bottom right (3,1)
    
        Box 5 is at 
            top left     (4,0)
            bottom right (7,1)
    
        Box 6 is at 
            top left     (5,18)
            bottom right (8,19)
    
        Box 7 is at 
            top left     (5,23)
            bottom right (5,23)
    
        Box 8 is at 
            top left     (5,22)
            bottom right (5,22)
    
        Box 9 is at 
            top left     (9,21)
            bottom right (9,21)
    
        Roll length used: 24

    [1;34mTry max length:[0m 23
    [1;34m    At iteration:[0m 4
        lingeling found a solution in .289 ms

       | W
     L | 0 1 2 3 4 5 6 7 8 9 
    -------------------------
     0 | 4 4 4 4 . 6 6 6 6 . 
     1 | 4 4 4 4 . 6 6 6 6 . 
     2 | . . . . . . . . . . 
     3 | . . . . . . . . . . 
     4 | . . . . . . . . . . 
     5 | . . . . . . . . . . 
     6 | . . . . . . 1 1 1 1 
     7 | . . 3 3 3 3 1 1 1 1 
     8 | . . 3 3 3 3 . . . . 
     9 | . . . . . . . . . . 
    10 | . . . . . . . . . . 
    11 | . . . . . . . . . . 
    12 | . . . . . . . . . . 
    13 | . . . . . . . . . . 
    14 | . . . . . . . . . . 
    15 | . . . . . . . . . . 
    16 | . . . . . . . . . . 
    17 | . . . . 5 5 5 5 . . 
    18 | . . . . 5 5 5 5 . . 
    19 | . . . . . . . . . . 
    20 | . . . . . . . . . . 
    21 | 2 2 2 2 . . . . . . 
    22 | 2 2 2 2 . . . 9 8 7 
    
    Boxes' corners:      (w,l)
        Box 1 is at 
            top left     (6,6)
            bottom right (9,7)
    
        Box 2 is at 
            top left     (0,21)
            bottom right (3,22)
    
        Box 3 is at 
            top left     (2,7)
            bottom right (5,8)
    
        Box 4 is at 
            top left     (0,0)
            bottom right (3,1)
    
        Box 5 is at 
            top left     (4,17)
            bottom right (7,18)
    
        Box 6 is at 
            top left     (5,0)
            bottom right (8,1)
    
        Box 7 is at 
            top left     (9,22)
            bottom right (9,22)
    
        Box 8 is at 
            top left     (8,22)
            bottom right (8,22)
    
        Box 9 is at 
            top left     (7,22)
            bottom right (7,22)
    
        Roll length used: 23

    [1;34mTry max length:[0m 22
    [1;34m    At iteration:[0m 5
        lingeling found a solution in .251 ms

       | W
     L | 0 1 2 3 4 5 6 7 8 9 
    -------------------------
     0 | . 5 5 5 5 6 6 6 6 . 
     1 | . 5 5 5 5 6 6 6 6 . 
     2 | . . . . . . . . . . 
     3 | . . . . . . . . . . 
     4 | . . . . . . . . . . 
     5 | . . . . . . . . . . 
     6 | . . . . . . . . . . 
     7 | . . . . . . . . . . 
     8 | . . . . . . . . . . 
     9 | . . . . . . . . . . 
    10 | . . . . . . . . . . 
    11 | . . . . . . . . . . 
    12 | . . . . . . . . . . 
    13 | . . . . 2 2 2 2 . . 
    14 | . . . . 2 2 2 2 . . 
    15 | . . . . . . . . . . 
    16 | . . 3 3 3 3 . . . . 
    17 | . . 3 3 3 3 . . . . 
    18 | . . . . 4 4 4 4 . . 
    19 | 1 1 1 1 4 4 4 4 . . 
    20 | 1 1 1 1 . . . . . . 
    21 | . . . . . . . 9 8 7 
    
    Boxes' corners:      (w,l)
        Box 1 is at 
            top left     (0,19)
            bottom right (3,20)
    
        Box 2 is at 
            top left     (4,13)
            bottom right (7,14)
    
        Box 3 is at 
            top left     (2,16)
            bottom right (5,17)
    
        Box 4 is at 
            top left     (4,18)
            bottom right (7,19)
    
        Box 5 is at 
            top left     (1,0)
            bottom right (4,1)
    
        Box 6 is at 
            top left     (5,0)
            bottom right (8,1)
    
        Box 7 is at 
            top left     (9,21)
            bottom right (9,21)
    
        Box 8 is at 
            top left     (8,21)
            bottom right (8,21)
    
        Box 9 is at 
            top left     (7,21)
            bottom right (7,21)
    
        Roll length used: 22

    [1;34mTry max length:[0m 21
    [1;34m    At iteration:[0m 6
        lingeling found a solution in .238 ms

       | W
     L | 0 1 2 3 4 5 6 7 8 9 
    -------------------------
     0 | . . 6 6 6 6 2 2 2 2 
     1 | . . 6 6 6 6 2 2 2 2 
     2 | . . . . . . . . . . 
     3 | . . . . . . . . . . 
     4 | . . . . . . . . . . 
     5 | . . . . . . 5 5 5 5 
     6 | . . . . . . 5 5 5 5 
     7 | . . . . . . . . . . 
     8 | . . . . . . . . . . 
     9 | . . . . . . . . . . 
    10 | . . . . . . . . . . 
    11 | . . . . . . . . . . 
    12 | . . . . . . . . . . 
    13 | . . . . . . . . . . 
    14 | . . . . . . 1 1 1 1 
    15 | . . . . . . 1 1 1 1 
    16 | . . . . . . . . . . 
    17 | . . . . . . . . . . 
    18 | . . . 9 8 7 3 3 3 3 
    19 | . . 4 4 4 4 3 3 3 3 
    20 | . . 4 4 4 4 . . . . 
    
    Boxes' corners:      (w,l)
        Box 1 is at 
            top left     (6,14)
            bottom right (9,15)
    
        Box 2 is at 
            top left     (6,0)
            bottom right (9,1)
    
        Box 3 is at 
            top left     (6,18)
            bottom right (9,19)
    
        Box 4 is at 
            top left     (2,19)
            bottom right (5,20)
    
        Box 5 is at 
            top left     (6,5)
            bottom right (9,6)
    
        Box 6 is at 
            top left     (2,0)
            bottom right (5,1)
    
        Box 7 is at 
            top left     (5,18)
            bottom right (5,18)
    
        Box 8 is at 
            top left     (4,18)
            bottom right (4,18)
    
        Box 9 is at 
            top left     (3,18)
            bottom right (3,18)
    
        Roll length used: 21

    [1;34mTry max length:[0m 20
    [1;34m    At iteration:[0m 7
        lingeling found a solution in .220 ms

       | W
     L | 0 1 2 3 4 5 6 7 8 9 
    -------------------------
     0 | . 3 3 3 3 4 4 4 4 . 
     1 | . 3 3 3 3 4 4 4 4 . 
     2 | . . . . . . . . . . 
     3 | 2 2 2 2 . . . . . . 
     4 | 2 2 2 2 . . . . . . 
     5 | . . 5 5 5 5 . . . . 
     6 | . . 5 5 5 5 . . . . 
     7 | . . . . . . . . . . 
     8 | . . . . . . . . . . 
     9 | . . . . . . . . . . 
    10 | . . . . . . . . . . 
    11 | . . . . . . 6 6 6 6 
    12 | . . . . . . 6 6 6 6 
    13 | . . . . . . . . . . 
    14 | . . . . . . . . . . 
    15 | . . . . . . . . . . 
    16 | . . . . . . . . . . 
    17 | . . . . . . . . . . 
    18 | 1 1 1 1 . . . . . 9 
    19 | 1 1 1 1 . . . . 8 7 
    
    Boxes' corners:      (w,l)
        Box 1 is at 
            top left     (0,18)
            bottom right (3,19)
    
        Box 2 is at 
            top left     (0,3)
            bottom right (3,4)
    
        Box 3 is at 
            top left     (1,0)
            bottom right (4,1)
    
        Box 4 is at 
            top left     (5,0)
            bottom right (8,1)
    
        Box 5 is at 
            top left     (2,5)
            bottom right (5,6)
    
        Box 6 is at 
            top left     (6,11)
            bottom right (9,12)
    
        Box 7 is at 
            top left     (9,19)
            bottom right (9,19)
    
        Box 8 is at 
            top left     (8,19)
            bottom right (8,19)
    
        Box 9 is at 
            top left     (9,18)
            bottom right (9,18)
    
        Roll length used: 20

    [1;34mTry max length:[0m 19
    [1;34m    At iteration:[0m 8
        lingeling found a solution in .204 ms

       | W
     L | 0 1 2 3 4 5 6 7 8 9 
    -------------------------
     0 | 3 3 3 3 4 4 4 4 . . 
     1 | 3 3 3 3 4 4 4 4 . . 
     2 | . . . . . . . . . . 
     3 | 6 6 6 6 . . . . . . 
     4 | 6 6 6 6 . . . . . . 
     5 | . . . . . . . . . . 
     6 | . . . . . . . . . . 
     7 | . . . . . . . . . . 
     8 | . . . . . . . . . . 
     9 | . . . . . . . . . . 
    10 | . . . . . . . . . . 
    11 | . . . . . . . . . . 
    12 | . . . . . . . . . . 
    13 | . . . 2 2 2 2 . . . 
    14 | . . . 2 2 2 2 . . . 
    15 | . . . . . . . . . . 
    16 | . . . . . . . . . . 
    17 | 5 5 5 5 1 1 1 1 . 9 
    18 | 5 5 5 5 1 1 1 1 8 7 
    
    Boxes' corners:      (w,l)
        Box 1 is at 
            top left     (4,17)
            bottom right (7,18)
    
        Box 2 is at 
            top left     (3,13)
            bottom right (6,14)
    
        Box 3 is at 
            top left     (0,0)
            bottom right (3,1)
    
        Box 4 is at 
            top left     (4,0)
            bottom right (7,1)
    
        Box 5 is at 
            top left     (0,17)
            bottom right (3,18)
    
        Box 6 is at 
            top left     (0,3)
            bottom right (3,4)
    
        Box 7 is at 
            top left     (9,18)
            bottom right (9,18)
    
        Box 8 is at 
            top left     (8,18)
            bottom right (8,18)
    
        Box 9 is at 
            top left     (9,17)
            bottom right (9,17)
    
        Roll length used: 19

    [1;34mTry max length:[0m 18
    [1;34m    At iteration:[0m 9
        lingeling found a solution in .186 ms

       | W
     L | 0 1 2 3 4 5 6 7 8 9 
    -------------------------
     0 | 3 3 3 3 4 4 4 4 . . 
     1 | 3 3 3 3 4 4 4 4 . . 
     2 | . . . 5 5 5 5 . . . 
     3 | . . . 5 5 5 5 . . . 
     4 | . 6 6 6 6 . . . . . 
     5 | . 6 6 6 6 1 1 1 1 . 
     6 | . . . . . 1 1 1 1 . 
     7 | . . . . . . . . . . 
     8 | . . . . . . . . . . 
     9 | . . . . . . . . . . 
    10 | . . . . . . . . . . 
    11 | . . . . . . . . . . 
    12 | . . . . . . . . . . 
    13 | . . . . . . . . . . 
    14 | . . . . . . . . . . 
    15 | . . . . . . . . . . 
    16 | . . . . . . 2 2 2 2 
    17 | . . . 9 8 7 2 2 2 2 
    
    Boxes' corners:      (w,l)
        Box 1 is at 
            top left     (5,5)
            bottom right (8,6)
    
        Box 2 is at 
            top left     (6,16)
            bottom right (9,17)
    
        Box 3 is at 
            top left     (0,0)
            bottom right (3,1)
    
        Box 4 is at 
            top left     (4,0)
            bottom right (7,1)
    
        Box 5 is at 
            top left     (3,2)
            bottom right (6,3)
    
        Box 6 is at 
            top left     (1,4)
            bottom right (4,5)
    
        Box 7 is at 
            top left     (5,17)
            bottom right (5,17)
    
        Box 8 is at 
            top left     (4,17)
            bottom right (4,17)
    
        Box 9 is at 
            top left     (3,17)
            bottom right (3,17)
    
        Roll length used: 18

    [1;34mTry max length:[0m 17
    [1;34m    At iteration:[0m 10
        lingeling found a solution in .172 ms

       | W
     L | 0 1 2 3 4 5 6 7 8 9 
    -------------------------
     0 | 4 4 4 4 . 5 5 5 5 . 
     1 | 4 4 4 4 . 5 5 5 5 . 
     2 | . . . . . . . . . . 
     3 | . . . . . . . . . . 
     4 | . . . . 1 1 1 1 . . 
     5 | . . . . 1 1 1 1 . . 
     6 | . . . . . . . . . . 
     7 | . . . . . . . . . . 
     8 | . . 6 6 6 6 . . . . 
     9 | . . 6 6 6 6 . . . . 
    10 | . . . . . . . . . . 
    11 | . . . . . . . . . . 
    12 | . . . . . . . . . . 
    13 | . . . . . . . . . . 
    14 | . . . . . . . 9 8 7 
    15 | 3 3 3 3 . 2 2 2 2 . 
    16 | 3 3 3 3 . 2 2 2 2 . 
    
    Boxes' corners:      (w,l)
        Box 1 is at 
            top left     (4,4)
            bottom right (7,5)
    
        Box 2 is at 
            top left     (5,15)
            bottom right (8,16)
    
        Box 3 is at 
            top left     (0,15)
            bottom right (3,16)
    
        Box 4 is at 
            top left     (0,0)
            bottom right (3,1)
    
        Box 5 is at 
            top left     (5,0)
            bottom right (8,1)
    
        Box 6 is at 
            top left     (2,8)
            bottom right (5,9)
    
        Box 7 is at 
            top left     (9,14)
            bottom right (9,14)
    
        Box 8 is at 
            top left     (8,14)
            bottom right (8,14)
    
        Box 9 is at 
            top left     (7,14)
            bottom right (7,14)
    
        Roll length used: 17

    [1;34mTry max length:[0m 16
    [1;34m    At iteration:[0m 11
        lingeling found a solution in .160 ms

       | W
     L | 0 1 2 3 4 5 6 7 8 9 
    -------------------------
     0 | . . 4 4 4 4 . . . . 
     1 | . . 4 4 4 4 . . . . 
     2 | . . . . . . . . . . 
     3 | . . . . . . . . . . 
     4 | . . . 6 6 6 6 . . . 
     5 | . . . 6 6 6 6 . . . 
     6 | 1 1 1 1 . . . . . . 
     7 | 1 1 1 1 . . . . . . 
     8 | . . . . . . 2 2 . . 
     9 | . . . . . . 2 2 . . 
    10 | . . . . . . 2 2 . . 
    11 | 3 3 3 3 . . 2 2 . . 
    12 | 3 3 3 3 . . . . . . 
    13 | . . . . . . . . . . 
    14 | . . . . . . 5 5 5 5 
    15 | . . . 9 8 7 5 5 5 5 
    
    Boxes' corners:      (w,l)
        Box 1 is at 
            top left     (0,6)
            bottom right (3,7)
    
        Box 2 is at 
            top left     (6,8)
            bottom right (7,11)
    
        Box 3 is at 
            top left     (0,11)
            bottom right (3,12)
    
        Box 4 is at 
            top left     (2,0)
            bottom right (5,1)
    
        Box 5 is at 
            top left     (6,14)
            bottom right (9,15)
    
        Box 6 is at 
            top left     (3,4)
            bottom right (6,5)
    
        Box 7 is at 
            top left     (5,15)
            bottom right (5,15)
    
        Box 8 is at 
            top left     (4,15)
            bottom right (4,15)
    
        Box 9 is at 
            top left     (3,15)
            bottom right (3,15)
    
        Roll length used: 16

    [1;34mTry max length:[0m 15
    [1;34m    At iteration:[0m 12
        lingeling found a solution in .142 ms

       | W
     L | 0 1 2 3 4 5 6 7 8 9 
    -------------------------
     0 | 2 2 2 2 . . 1 1 1 1 
     1 | 2 2 2 2 . . 1 1 1 1 
     2 | . . . . . . . . . . 
     3 | . . . . . . . . . . 
     4 | . . . . . . . . . . 
     5 | . . . 4 4 4 4 . . . 
     6 | . . . 4 4 4 4 . . . 
     7 | 3 3 3 3 . . . . . . 
     8 | 3 3 3 3 . . . . . . 
     9 | . . . . . . . . . . 
    10 | . . 6 6 6 6 . . . . 
    11 | . . 6 6 6 6 . . . . 
    12 | . . . . . 5 5 5 5 . 
    13 | . . . . . 5 5 5 5 . 
    14 | . . . . . . . 9 8 7 
    
    Boxes' corners:      (w,l)
        Box 1 is at 
            top left     (6,0)
            bottom right (9,1)
    
        Box 2 is at 
            top left     (0,0)
            bottom right (3,1)
    
        Box 3 is at 
            top left     (0,7)
            bottom right (3,8)
    
        Box 4 is at 
            top left     (3,5)
            bottom right (6,6)
    
        Box 5 is at 
            top left     (5,12)
            bottom right (8,13)
    
        Box 6 is at 
            top left     (2,10)
            bottom right (5,11)
    
        Box 7 is at 
            top left     (9,14)
            bottom right (9,14)
    
        Box 8 is at 
            top left     (8,14)
            bottom right (8,14)
    
        Box 9 is at 
            top left     (7,14)
            bottom right (7,14)
    
        Roll length used: 15

    [1;34mTry max length:[0m 14
    [1;34m    At iteration:[0m 13
        lingeling found a solution in .139 ms

       | W
     L | 0 1 2 3 4 5 6 7 8 9 
    -------------------------
     0 | 2 2 2 2 . 5 5 5 5 . 
     1 | 2 2 2 2 . 5 5 5 5 . 
     2 | . . . . . . . . . . 
     3 | . . . . . . . . . . 
     4 | . . . . . . . . . . 
     5 | . . . . . . . . . . 
     6 | . . . . . . . . . . 
     7 | . . . . . . . . . . 
     8 | . . . 6 6 6 6 4 4 . 
     9 | . . . 6 6 6 6 4 4 . 
    10 | . . . . . . . 4 4 . 
    11 | . . . . . . . 4 4 . 
    12 | . 1 1 1 1 9 3 3 3 3 
    13 | 8 1 1 1 1 7 3 3 3 3 
    
    Boxes' corners:      (w,l)
        Box 1 is at 
            top left     (1,12)
            bottom right (4,13)
    
        Box 2 is at 
            top left     (0,0)
            bottom right (3,1)
    
        Box 3 is at 
            top left     (6,12)
            bottom right (9,13)
    
        Box 4 is at 
            top left     (7,8)
            bottom right (8,11)
    
        Box 5 is at 
            top left     (5,0)
            bottom right (8,1)
    
        Box 6 is at 
            top left     (3,8)
            bottom right (6,9)
    
        Box 7 is at 
            top left     (5,13)
            bottom right (5,13)
    
        Box 8 is at 
            top left     (0,13)
            bottom right (0,13)
    
        Box 9 is at 
            top left     (5,12)
            bottom right (5,12)
    
        Roll length used: 14

    [1;34mTry max length:[0m 13
    [1;34m    At iteration:[0m 14
        lingeling found a solution in .125 ms

       | W
     L | 0 1 2 3 4 5 6 7 8 9 
    -------------------------
     0 | 6 6 6 6 . . 5 5 5 5 
     1 | 6 6 6 6 . . 5 5 5 5 
     2 | . . . . . . . . . . 
     3 | . . . 2 2 2 2 . . . 
     4 | . . . 2 2 2 2 . . . 
     5 | 4 4 4 4 . . . . . . 
     6 | 4 4 4 4 . . 3 3 3 3 
     7 | . . . . . . 3 3 3 3 
     8 | . . . . . . . . . . 
     9 | . . . . . . . . . . 
    10 | . . . . . . 1 1 1 1 
    11 | . . . . . . 1 1 1 1 
    12 | . . . . . . . 9 8 7 
    
    Boxes' corners:      (w,l)
        Box 1 is at 
            top left     (6,10)
            bottom right (9,11)
    
        Box 2 is at 
            top left     (3,3)
            bottom right (6,4)
    
        Box 3 is at 
            top left     (6,6)
            bottom right (9,7)
    
        Box 4 is at 
            top left     (0,5)
            bottom right (3,6)
    
        Box 5 is at 
            top left     (6,0)
            bottom right (9,1)
    
        Box 6 is at 
            top left     (0,0)
            bottom right (3,1)
    
        Box 7 is at 
            top left     (9,12)
            bottom right (9,12)
    
        Box 8 is at 
            top left     (8,12)
            bottom right (8,12)
    
        Box 9 is at 
            top left     (7,12)
            bottom right (7,12)
    
        Roll length used: 13

    [1;34mTry max length:[0m 12
    [1;34m    At iteration:[0m 15
        lingeling found a solution in .109 ms

       | W
     L | 0 1 2 3 4 5 6 7 8 9 
    -------------------------
     0 | 6 6 6 6 . 4 4 4 4 . 
     1 | 6 6 6 6 . 4 4 4 4 . 
     2 | . . . . . . . . . . 
     3 | . . . . . . . . . . 
     4 | . . . . . . . . . . 
     5 | . . . . . . . . . . 
     6 | . . . . 2 2 2 2 . . 
     7 | . . . . 2 2 2 2 . . 
     8 | . . . 5 5 5 5 . . . 
     9 | . . . 5 5 5 5 . 9 8 
    10 | . 3 3 3 3 7 1 1 1 1 
    11 | . 3 3 3 3 . 1 1 1 1 
    
    Boxes' corners:      (w,l)
        Box 1 is at 
            top left     (6,10)
            bottom right (9,11)
    
        Box 2 is at 
            top left     (4,6)
            bottom right (7,7)
    
        Box 3 is at 
            top left     (1,10)
            bottom right (4,11)
    
        Box 4 is at 
            top left     (5,0)
            bottom right (8,1)
    
        Box 5 is at 
            top left     (3,8)
            bottom right (6,9)
    
        Box 6 is at 
            top left     (0,0)
            bottom right (3,1)
    
        Box 7 is at 
            top left     (5,10)
            bottom right (5,10)
    
        Box 8 is at 
            top left     (9,9)
            bottom right (9,9)
    
        Box 9 is at 
            top left     (8,9)
            bottom right (8,9)
    
        Roll length used: 12

    [1;34mTry max length:[0m 11
    [1;34m    At iteration:[0m 16
        lingeling found a solution in .094 ms

       | W
     L | 0 1 2 3 4 5 6 7 8 9 
    -------------------------
     0 | 5 5 5 5 . . 4 4 4 4 
     1 | 5 5 5 5 . . 4 4 4 4 
     2 | . . . 1 1 . . . . . 
     3 | . . . 1 1 . . . . . 
     4 | . . . 1 1 . . . . . 
     5 | . . . 1 1 2 2 2 2 . 
     6 | . 6 6 6 6 2 2 2 2 . 
     7 | . 6 6 6 6 . . . . . 
     8 | . . . . 3 3 3 3 . . 
     9 | . . . . 3 3 3 3 . . 
    10 | . . . . . . . 8 9 7 
    
    Boxes' corners:      (w,l)
        Box 1 is at 
            top left     (3,2)
            bottom right (4,5)
    
        Box 2 is at 
            top left     (5,5)
            bottom right (8,6)
    
        Box 3 is at 
            top left     (4,8)
            bottom right (7,9)
    
        Box 4 is at 
            top left     (6,0)
            bottom right (9,1)
    
        Box 5 is at 
            top left     (0,0)
            bottom right (3,1)
    
        Box 6 is at 
            top left     (1,6)
            bottom right (4,7)
    
        Box 7 is at 
            top left     (9,10)
            bottom right (9,10)
    
        Box 8 is at 
            top left     (7,10)
            bottom right (7,10)
    
        Box 9 is at 
            top left     (8,10)
            bottom right (8,10)
    
        Roll length used: 11

    [1;34mTry max length:[0m 10
    [1;34m    At iteration:[0m 17
        lingeling found a solution in .087 ms

       | W
     L | 0 1 2 3 4 5 6 7 8 9 
    -------------------------
     0 | . . . . . . . . . . 
     1 | 6 6 2 2 . . . . . . 
     2 | 6 6 2 2 . . . . 4 4 
     3 | 6 6 2 2 . . . . 4 4 
     4 | 6 6 2 2 . . . . 4 4 
     5 | . . . . . . . . 4 4 
     6 | 3 3 . . . 5 5 . 1 1 
     7 | 3 3 . . . 5 5 . 1 1 
     8 | 3 3 . 9 . 5 5 . 1 1 
     9 | 3 3 . . 8 5 5 7 1 1 
    
    Boxes' corners:      (w,l)
        Box 1 is at 
            top left     (8,6)
            bottom right (9,9)
    
        Box 2 is at 
            top left     (2,1)
            bottom right (3,4)
    
        Box 3 is at 
            top left     (0,6)
            bottom right (1,9)
    
        Box 4 is at 
            top left     (8,2)
            bottom right (9,5)
    
        Box 5 is at 
            top left     (5,6)
            bottom right (6,9)
    
        Box 6 is at 
            top left     (0,1)
            bottom right (1,4)
    
        Box 7 is at 
            top left     (7,9)
            bottom right (7,9)
    
        Box 8 is at 
            top left     (4,9)
            bottom right (4,9)
    
        Box 9 is at 
            top left     (3,8)
            bottom right (3,8)
    
        Roll length used: 10

    [1;34mTry max length:[0m 9
    [1;34m    At iteration:[0m 18
        lingeling found a solution in .084 ms

      | W
    L | 0 1 2 3 4 5 6 7 8 9 
    -------------------------
    0 | 6 6 . . . . . . . . 
    1 | 6 6 . 8 . . . . 4 4 
    2 | 6 6 . . 1 1 . . 4 4 
    3 | 6 6 . . 1 1 . . 4 4 
    4 | 2 2 . . 1 1 . . 4 4 
    5 | 2 2 . . 1 1 . . . . 
    6 | 2 2 3 3 3 3 5 5 5 5 
    7 | 2 2 3 3 3 3 5 5 5 5 
    8 | . . . . . . 9 7 . . 
    
    Boxes' corners:      (w,l)
        Box 1 is at 
            top left     (4,2)
            bottom right (5,5)
    
        Box 2 is at 
            top left     (0,4)
            bottom right (1,7)
    
        Box 3 is at 
            top left     (2,6)
            bottom right (5,7)
    
        Box 4 is at 
            top left     (8,1)
            bottom right (9,4)
    
        Box 5 is at 
            top left     (6,6)
            bottom right (9,7)
    
        Box 6 is at 
            top left     (0,0)
            bottom right (1,3)
    
        Box 7 is at 
            top left     (7,8)
            bottom right (7,8)
    
        Box 8 is at 
            top left     (3,1)
            bottom right (3,1)
    
        Box 9 is at 
            top left     (6,8)
            bottom right (6,8)
    
        Roll length used: 9

    [1;34mTry max length:[0m 8
    [1;34m    At iteration:[0m 19
        lingeling found a solution in .074 ms

      | W
    L | 0 1 2 3 4 5 6 7 8 9 
    -------------------------
    0 | 6 6 . . . . . . 5 5 
    1 | 6 6 . . . . . . 5 5 
    2 | 6 6 . . . . . . 5 5 
    3 | 6 6 . 1 1 2 2 . 5 5 
    4 | 3 3 . 1 1 2 2 4 4 . 
    5 | 3 3 . 1 1 2 2 4 4 . 
    6 | 3 3 9 1 1 2 2 4 4 . 
    7 | 3 3 . . . 8 7 4 4 . 
    
    Boxes' corners:      (w,l)
        Box 1 is at 
            top left     (3,3)
            bottom right (4,6)
    
        Box 2 is at 
            top left     (5,3)
            bottom right (6,6)
    
        Box 3 is at 
            top left     (0,4)
            bottom right (1,7)
    
        Box 4 is at 
            top left     (7,4)
            bottom right (8,7)
    
        Box 5 is at 
            top left     (8,0)
            bottom right (9,3)
    
        Box 6 is at 
            top left     (0,0)
            bottom right (1,3)
    
        Box 7 is at 
            top left     (6,7)
            bottom right (6,7)
    
        Box 8 is at 
            top left     (5,7)
            bottom right (5,7)
    
        Box 9 is at 
            top left     (2,6)
            bottom right (2,6)
    
        Roll length used: 8

    [1;34mTry max length:[0m 7
    [1;34m    At iteration:[0m 20
        lingeling found a solution in .072 ms

      | W
    L | 0 1 2 3 4 5 6 7 8 9 
    -------------------------
    0 | 8 . 1 1 2 2 . . . 7 
    1 | 4 4 1 1 2 2 . . 3 3 
    2 | 4 4 1 1 2 2 . . 3 3 
    3 | 4 4 1 1 2 2 5 5 3 3 
    4 | 4 4 . . . . 5 5 3 3 
    5 | . 6 6 6 6 . 5 5 . . 
    6 | 9 6 6 6 6 . 5 5 . . 
    
    Boxes' corners:      (w,l)
        Box 1 is at 
            top left     (2,0)
            bottom right (3,3)
    
        Box 2 is at 
            top left     (4,0)
            bottom right (5,3)
    
        Box 3 is at 
            top left     (8,1)
            bottom right (9,4)
    
        Box 4 is at 
            top left     (0,1)
            bottom right (1,4)
    
        Box 5 is at 
            top left     (6,3)
            bottom right (7,6)
    
        Box 6 is at 
            top left     (1,5)
            bottom right (4,6)
    
        Box 7 is at 
            top left     (9,0)
            bottom right (9,0)
    
        Box 8 is at 
            top left     (0,0)
            bottom right (0,0)
    
        Box 9 is at 
            top left     (0,6)
            bottom right (0,6)
    
        Roll length used: 7

    [1;34mTry max length:[0m 6
    [1;34m    At iteration:[0m 21
        lingeling found a solution in .070 ms

      | W
    L | 0 1 2 3 4 5 6 7 8 9 
    -------------------------
    0 | 5 5 1 1 . . 4 4 8 7 
    1 | 5 5 1 1 2 2 4 4 3 3 
    2 | 5 5 1 1 2 2 4 4 3 3 
    3 | 5 5 1 1 2 2 4 4 3 3 
    4 | 6 6 6 6 2 2 . . 3 3 
    5 | 6 6 6 6 9 . . . . . 
    
    Boxes' corners:      (w,l)
        Box 1 is at 
            top left     (2,0)
            bottom right (3,3)
    
        Box 2 is at 
            top left     (4,1)
            bottom right (5,4)
    
        Box 3 is at 
            top left     (8,1)
            bottom right (9,4)
    
        Box 4 is at 
            top left     (6,0)
            bottom right (7,3)
    
        Box 5 is at 
            top left     (0,0)
            bottom right (1,3)
    
        Box 6 is at 
            top left     (0,4)
            bottom right (3,5)
    
        Box 7 is at 
            top left     (9,0)
            bottom right (9,0)
    
        Box 8 is at 
            top left     (8,0)
            bottom right (8,0)
    
        Box 9 is at 
            top left     (4,5)
            bottom right (4,5)
    
        Roll length used: 6

    [1;34mTry max length:[0m 5
    [1;34m    At iteration:[0m 22
        [3;31mlingeling determined unsatisfiability of the Boolean formula[0m
        [1;32mOptimality reached![0m
