Sun 3 Jun 20:48:52 CEST 2018
    [1;34mTry max length:[0m 999999
    [1;34m    At iteration:[0m 0
        lingeling found a solution in .055 ms

      | W
    L | 0 1 2 3 4 5 6 
    ------------------
    0 | . . . . . . . 
    1 | . . . . . . . 
    2 | . . 3 . . . . 
    3 | . . . . . . . 
    4 | . . . . . 2 . 
    5 | . . . . . . . 
    6 | 1 5 . . . . . 
    7 | 6 . . . . 7 7 
    8 | 6 . 4 . . 7 7 
    
    Boxes' corners:      (w,l)
        Box 1 is at 
            top left     (0,6)
            bottom right (0,6)
    
        Box 2 is at 
            top left     (5,4)
            bottom right (5,4)
    
        Box 3 is at 
            top left     (2,2)
            bottom right (2,2)
    
        Box 4 is at 
            top left     (2,8)
            bottom right (2,8)
    
        Box 5 is at 
            top left     (1,6)
            bottom right (1,6)
    
        Box 6 is at 
            top left     (0,7)
            bottom right (0,8)
    
        Box 7 is at 
            top left     (5,7)
            bottom right (6,8)
    
        Roll length used: 9

    [1;34mTry max length:[0m 8
    [1;34m    At iteration:[0m 1
        lingeling found a solution in .037 ms

      | W
    L | 0 1 2 3 4 5 6 
    ------------------
    0 | . . . . . . . 
    1 | 1 . . . . . . 
    2 | . . . . . . . 
    3 | . . 5 . . . . 
    4 | . . . . . . . 
    5 | . . . . . . . 
    6 | 6 3 . . 2 7 7 
    7 | 6 . . . 4 7 7 
    
    Boxes' corners:      (w,l)
        Box 1 is at 
            top left     (0,1)
            bottom right (0,1)
    
        Box 2 is at 
            top left     (4,6)
            bottom right (4,6)
    
        Box 3 is at 
            top left     (1,6)
            bottom right (1,6)
    
        Box 4 is at 
            top left     (4,7)
            bottom right (4,7)
    
        Box 5 is at 
            top left     (2,3)
            bottom right (2,3)
    
        Box 6 is at 
            top left     (0,6)
            bottom right (0,7)
    
        Box 7 is at 
            top left     (5,6)
            bottom right (6,7)
    
        Roll length used: 8

    [1;34mTry max length:[0m 7
    [1;34m    At iteration:[0m 2
        lingeling found a solution in .030 ms

      | W
    L | 0 1 2 3 4 5 6 
    ------------------
    0 | . . 5 . . . . 
    1 | . . . . . . . 
    2 | . . . . . . . 
    3 | . . . . . 4 . 
    4 | . . . . 3 . . 
    5 | 6 . 2 . . 7 7 
    6 | 6 . . . 1 7 7 
    
    Boxes' corners:      (w,l)
        Box 1 is at 
            top left     (4,6)
            bottom right (4,6)
    
        Box 2 is at 
            top left     (2,5)
            bottom right (2,5)
    
        Box 3 is at 
            top left     (4,4)
            bottom right (4,4)
    
        Box 4 is at 
            top left     (5,3)
            bottom right (5,3)
    
        Box 5 is at 
            top left     (2,0)
            bottom right (2,0)
    
        Box 6 is at 
            top left     (0,5)
            bottom right (0,6)
    
        Box 7 is at 
            top left     (5,5)
            bottom right (6,6)
    
        Roll length used: 7

    [1;34mTry max length:[0m 6
    [1;34m    At iteration:[0m 3
        lingeling found a solution in .026 ms

      | W
    L | 0 1 2 3 4 5 6 
    ------------------
    0 | . . . . . . 4 
    1 | . . . . . . . 
    2 | . . . . . . . 
    3 | . . . . . . . 
    4 | . 2 7 7 . 5 6 
    5 | . . 7 7 3 1 6 
    
    Boxes' corners:      (w,l)
        Box 1 is at 
            top left     (5,5)
            bottom right (5,5)
    
        Box 2 is at 
            top left     (1,4)
            bottom right (1,4)
    
        Box 3 is at 
            top left     (4,5)
            bottom right (4,5)
    
        Box 4 is at 
            top left     (6,0)
            bottom right (6,0)
    
        Box 5 is at 
            top left     (5,4)
            bottom right (5,4)
    
        Box 6 is at 
            top left     (6,4)
            bottom right (6,5)
    
        Box 7 is at 
            top left     (2,4)
            bottom right (3,5)
    
        Roll length used: 6

    [1;34mTry max length:[0m 5
    [1;34m    At iteration:[0m 4
        lingeling found a solution in .022 ms

      | W
    L | 0 1 2 3 4 5 6 
    ------------------
    0 | . . 5 . 3 . 6 
    1 | . . . . 2 . 6 
    2 | . . . . . . . 
    3 | 7 7 1 . . . . 
    4 | 7 7 . 4 . . . 
    
    Boxes' corners:      (w,l)
        Box 1 is at 
            top left     (2,3)
            bottom right (2,3)
    
        Box 2 is at 
            top left     (4,1)
            bottom right (4,1)
    
        Box 3 is at 
            top left     (4,0)
            bottom right (4,0)
    
        Box 4 is at 
            top left     (3,4)
            bottom right (3,4)
    
        Box 5 is at 
            top left     (2,0)
            bottom right (2,0)
    
        Box 6 is at 
            top left     (6,0)
            bottom right (6,1)
    
        Box 7 is at 
            top left     (0,3)
            bottom right (1,4)
    
        Roll length used: 5

    [1;34mTry max length:[0m 4
    [1;34m    At iteration:[0m 5
        lingeling found a solution in .016 ms

      | W
    L | 0 1 2 3 4 5 6 
    ------------------
    0 | . 4 3 5 . . . 
    1 | . . 1 2 . . . 
    2 | 6 . . . . 7 7 
    3 | 6 . . . . 7 7 
    
    Boxes' corners:      (w,l)
        Box 1 is at 
            top left     (2,1)
            bottom right (2,1)
    
        Box 2 is at 
            top left     (3,1)
            bottom right (3,1)
    
        Box 3 is at 
            top left     (2,0)
            bottom right (2,0)
    
        Box 4 is at 
            top left     (1,0)
            bottom right (1,0)
    
        Box 5 is at 
            top left     (3,0)
            bottom right (3,0)
    
        Box 6 is at 
            top left     (0,2)
            bottom right (0,3)
    
        Box 7 is at 
            top left     (5,2)
            bottom right (6,3)
    
        Roll length used: 4

    [1;34mTry max length:[0m 3
    [1;34m    At iteration:[0m 6
        lingeling found a solution in .014 ms

      | W
    L | 0 1 2 3 4 5 6 
    ------------------
    0 | 6 . 3 . 1 7 7 
    1 | 6 . . . . 7 7 
    2 | 5 . . 4 . 2 . 
    
    Boxes' corners:      (w,l)
        Box 1 is at 
            top left     (4,0)
            bottom right (4,0)
    
        Box 2 is at 
            top left     (5,2)
            bottom right (5,2)
    
        Box 3 is at 
            top left     (2,0)
            bottom right (2,0)
    
        Box 4 is at 
            top left     (3,2)
            bottom right (3,2)
    
        Box 5 is at 
            top left     (0,2)
            bottom right (0,2)
    
        Box 6 is at 
            top left     (0,0)
            bottom right (0,1)
    
        Box 7 is at 
            top left     (5,0)
            bottom right (6,1)
    
        Roll length used: 3

    [1;34mTry max length:[0m 2
    [1;34m    At iteration:[0m 7
        lingeling found a solution in .010 ms

      | W
    L | 0 1 2 3 4 5 6 
    ------------------
    0 | 1 7 7 4 2 3 . 
    1 | . 7 7 . 5 6 6 
    
    Boxes' corners:      (w,l)
        Box 1 is at 
            top left     (0,0)
            bottom right (0,0)
    
        Box 2 is at 
            top left     (4,0)
            bottom right (4,0)
    
        Box 3 is at 
            top left     (5,0)
            bottom right (5,0)
    
        Box 4 is at 
            top left     (3,0)
            bottom right (3,0)
    
        Box 5 is at 
            top left     (4,1)
            bottom right (4,1)
    
        Box 6 is at 
            top left     (5,1)
            bottom right (6,1)
    
        Box 7 is at 
            top left     (1,0)
            bottom right (2,1)
    
        Roll length used: 2

    [1;34mTry max length:[0m 1
    [1;34m    At iteration:[0m 8
        [3;31mlingeling determined unsatisfiability of the Boolean formula[0m
        [1;32mOptimality reached![0m
