Sun 3 Jun 21:01:55 CEST 2018
    [1;34mTry max length:[0m 999999
    [1;34m    At iteration:[0m 0
        lingeling found a solution in .229 ms

       | W
     L | 0 1 2 3 4 5 6 7 8 
    ----------------------
     0 | 1 1 1 5 5 5 4 4 4 
     1 | . . . . 6 6 6 . . 
     2 | . . . . . . . . . 
     3 | . . . . . . . . . 
     4 | . . . . . . . . . 
     5 | . . . . . . . . . 
     6 | . . . . . . . . . 
     7 | . . . . . . . . . 
     8 | . . . . . . . . . 
     9 | . . . . . . . . . 
    10 | . . . . . . . . . 
    11 | . . . . . . . . . 
    12 | . . . . . . . . . 
    13 | . . . . 3 3 3 . . 
    14 | . . . . . . . . . 
    15 | . . . . . . . . . 
    16 | . . . . . . . . . 
    17 | . . . . . . . . . 
    18 | . . . . . 7 2 2 2 
    
    Boxes' corners:      (w,l)
        Box 1 is at 
            top left     (0,0)
            bottom right (2,0)
    
        Box 2 is at 
            top left     (6,18)
            bottom right (8,18)
    
        Box 3 is at 
            top left     (4,13)
            bottom right (6,13)
    
        Box 4 is at 
            top left     (6,0)
            bottom right (8,0)
    
        Box 5 is at 
            top left     (3,0)
            bottom right (5,0)
    
        Box 6 is at 
            top left     (4,1)
            bottom right (6,1)
    
        Box 7 is at 
            top left     (5,18)
            bottom right (5,18)
    
        Roll length used: 19

    [1;34mTry max length:[0m 18
    [1;34m    At iteration:[0m 1
        lingeling found a solution in .216 ms

       | W
     L | 0 1 2 3 4 5 6 7 8 
    ----------------------
     0 | 1 1 1 2 2 2 6 6 6 
     1 | . . . . . . 3 3 3 
     2 | . . . . . . . . . 
     3 | . . . . . . . . . 
     4 | . . . . . . 4 4 4 
     5 | . . . . . . . . . 
     6 | . . . . . . . . . 
     7 | . . . . . . . . . 
     8 | . . . . . . . . . 
     9 | . . . . . . . . . 
    10 | . . . . . . . . . 
    11 | . . . . . . . . . 
    12 | . . . . . . . . . 
    13 | . . . 5 5 5 . . . 
    14 | . . . . . . . . . 
    15 | . . . . . . . . . 
    16 | . . . . . . . . . 
    17 | . . . . . . . 7 . 
    
    Boxes' corners:      (w,l)
        Box 1 is at 
            top left     (0,0)
            bottom right (2,0)
    
        Box 2 is at 
            top left     (3,0)
            bottom right (5,0)
    
        Box 3 is at 
            top left     (6,1)
            bottom right (8,1)
    
        Box 4 is at 
            top left     (6,4)
            bottom right (8,4)
    
        Box 5 is at 
            top left     (3,13)
            bottom right (5,13)
    
        Box 6 is at 
            top left     (6,0)
            bottom right (8,0)
    
        Box 7 is at 
            top left     (7,17)
            bottom right (7,17)
    
        Roll length used: 18

    [1;34mTry max length:[0m 17
    [1;34m    At iteration:[0m 2
        lingeling found a solution in .195 ms

       | W
     L | 0 1 2 3 4 5 6 7 8 
    ----------------------
     0 | 6 6 6 5 5 5 4 4 4 
     1 | . . . . . . . . . 
     2 | . . . . . . . . . 
     3 | . . . . . . . . . 
     4 | . . . . . . . . . 
     5 | . . . . . . . . . 
     6 | . . . . . . . . . 
     7 | . . . . . . . . . 
     8 | . . . . . . . . . 
     9 | . . . . . . . . . 
    10 | . . . . . . . . . 
    11 | . . . . . . . . . 
    12 | . . . . . . . . . 
    13 | . . . . . . . . . 
    14 | . . . . . . . . . 
    15 | . . . . . . . . 7 
    16 | 3 3 3 2 2 2 1 1 1 
    
    Boxes' corners:      (w,l)
        Box 1 is at 
            top left     (6,16)
            bottom right (8,16)
    
        Box 2 is at 
            top left     (3,16)
            bottom right (5,16)
    
        Box 3 is at 
            top left     (0,16)
            bottom right (2,16)
    
        Box 4 is at 
            top left     (6,0)
            bottom right (8,0)
    
        Box 5 is at 
            top left     (3,0)
            bottom right (5,0)
    
        Box 6 is at 
            top left     (0,0)
            bottom right (2,0)
    
        Box 7 is at 
            top left     (8,15)
            bottom right (8,15)
    
        Roll length used: 17

    [1;34mTry max length:[0m 16
    [1;34m    At iteration:[0m 3
        lingeling found a solution in .180 ms

       | W
     L | 0 1 2 3 4 5 6 7 8 
    ----------------------
     0 | 6 6 6 5 5 5 4 4 4 
     1 | . . . . . . . . . 
     2 | . . . . . . . . . 
     3 | . . . . . . . . . 
     4 | . . . . . . . . . 
     5 | . . . . . . . . . 
     6 | . . . . . . . . . 
     7 | . . . . . . . . . 
     8 | . . . . . . . . . 
     9 | . . . . . . . . . 
    10 | . . . . . . . . . 
    11 | . . . . . . . . . 
    12 | . . . . . . . . . 
    13 | . . . . . . . . . 
    14 | . . . . . . . . 7 
    15 | 3 3 3 2 2 2 1 1 1 
    
    Boxes' corners:      (w,l)
        Box 1 is at 
            top left     (6,15)
            bottom right (8,15)
    
        Box 2 is at 
            top left     (3,15)
            bottom right (5,15)
    
        Box 3 is at 
            top left     (0,15)
            bottom right (2,15)
    
        Box 4 is at 
            top left     (6,0)
            bottom right (8,0)
    
        Box 5 is at 
            top left     (3,0)
            bottom right (5,0)
    
        Box 6 is at 
            top left     (0,0)
            bottom right (2,0)
    
        Box 7 is at 
            top left     (8,14)
            bottom right (8,14)
    
        Roll length used: 16

    [1;34mTry max length:[0m 15
    [1;34m    At iteration:[0m 4
        lingeling found a solution in .176 ms

       | W
     L | 0 1 2 3 4 5 6 7 8 
    ----------------------
     0 | 2 2 2 . . 6 6 6 . 
     1 | . . . . 4 4 4 . . 
     2 | . . . . . . . . . 
     3 | . . . . 1 1 1 . . 
     4 | . . . . . . . . . 
     5 | . . 5 5 5 . . . . 
     6 | . . . . . . . . . 
     7 | . . . . . . . . . 
     8 | . . . . . . . . . 
     9 | . . . . . . . . . 
    10 | . 3 3 3 . . . . . 
    11 | . . . . . . . . . 
    12 | . . . . . . . . . 
    13 | . . . . . . . . . 
    14 | . . . . . . . 7 . 
    
    Boxes' corners:      (w,l)
        Box 1 is at 
            top left     (4,3)
            bottom right (6,3)
    
        Box 2 is at 
            top left     (0,0)
            bottom right (2,0)
    
        Box 3 is at 
            top left     (1,10)
            bottom right (3,10)
    
        Box 4 is at 
            top left     (4,1)
            bottom right (6,1)
    
        Box 5 is at 
            top left     (2,5)
            bottom right (4,5)
    
        Box 6 is at 
            top left     (5,0)
            bottom right (7,0)
    
        Box 7 is at 
            top left     (7,14)
            bottom right (7,14)
    
        Roll length used: 15

    [1;34mTry max length:[0m 14
    [1;34m    At iteration:[0m 5
        lingeling found a solution in .160 ms

       | W
     L | 0 1 2 3 4 5 6 7 8 
    ----------------------
     0 | 6 6 6 5 5 5 4 4 4 
     1 | . . . . . . . . . 
     2 | . . . . . . . . . 
     3 | . . . . . . . . . 
     4 | . . . . . . . . . 
     5 | . . . . . . . . . 
     6 | . . . . . . . . . 
     7 | . . . . . . . . . 
     8 | . . . . . . . . . 
     9 | . . . . . . . . . 
    10 | . . . . . . . . . 
    11 | . . . . . . . . . 
    12 | . . . . . . . . 7 
    13 | 3 3 3 2 2 2 1 1 1 
    
    Boxes' corners:      (w,l)
        Box 1 is at 
            top left     (6,13)
            bottom right (8,13)
    
        Box 2 is at 
            top left     (3,13)
            bottom right (5,13)
    
        Box 3 is at 
            top left     (0,13)
            bottom right (2,13)
    
        Box 4 is at 
            top left     (6,0)
            bottom right (8,0)
    
        Box 5 is at 
            top left     (3,0)
            bottom right (5,0)
    
        Box 6 is at 
            top left     (0,0)
            bottom right (2,0)
    
        Box 7 is at 
            top left     (8,12)
            bottom right (8,12)
    
        Roll length used: 14

    [1;34mTry max length:[0m 13
    [1;34m    At iteration:[0m 6
        lingeling found a solution in .113 ms

       | W
     L | 0 1 2 3 4 5 6 7 8 
    ----------------------
     0 | 6 6 6 5 5 5 4 4 4 
     1 | . . . . . . . . . 
     2 | . . . . . . . . . 
     3 | . . . . . . . . . 
     4 | . . . . . . . . . 
     5 | . . . . . . . . . 
     6 | . . . . . . . . . 
     7 | . . . . . . . . . 
     8 | . . . . . . . . . 
     9 | . . . . . . . . . 
    10 | . . . . . . . . . 
    11 | . . . . . . . . 7 
    12 | 3 3 3 2 2 2 1 1 1 
    
    Boxes' corners:      (w,l)
        Box 1 is at 
            top left     (6,12)
            bottom right (8,12)
    
        Box 2 is at 
            top left     (3,12)
            bottom right (5,12)
    
        Box 3 is at 
            top left     (0,12)
            bottom right (2,12)
    
        Box 4 is at 
            top left     (6,0)
            bottom right (8,0)
    
        Box 5 is at 
            top left     (3,0)
            bottom right (5,0)
    
        Box 6 is at 
            top left     (0,0)
            bottom right (2,0)
    
        Box 7 is at 
            top left     (8,11)
            bottom right (8,11)
    
        Roll length used: 13

    [1;34mTry max length:[0m 12
    [1;34m    At iteration:[0m 7
        lingeling found a solution in .135 ms

       | W
     L | 0 1 2 3 4 5 6 7 8 
    ----------------------
     0 | 6 6 6 5 5 5 4 4 4 
     1 | . . . . . . . . . 
     2 | . . . . . . . . . 
     3 | . . . . . . . . . 
     4 | . . . . . . . . . 
     5 | . . . . . . . . . 
     6 | . . . . . . . . . 
     7 | . . . . . . . . . 
     8 | . . . . . . . . . 
     9 | . . . . . . . . . 
    10 | . . . . . . . . 7 
    11 | 3 3 3 2 2 2 1 1 1 
    
    Boxes' corners:      (w,l)
        Box 1 is at 
            top left     (6,11)
            bottom right (8,11)
    
        Box 2 is at 
            top left     (3,11)
            bottom right (5,11)
    
        Box 3 is at 
            top left     (0,11)
            bottom right (2,11)
    
        Box 4 is at 
            top left     (6,0)
            bottom right (8,0)
    
        Box 5 is at 
            top left     (3,0)
            bottom right (5,0)
    
        Box 6 is at 
            top left     (0,0)
            bottom right (2,0)
    
        Box 7 is at 
            top left     (8,10)
            bottom right (8,10)
    
        Roll length used: 12

    [1;34mTry max length:[0m 11
    [1;34m    At iteration:[0m 8
        lingeling found a solution in .121 ms

       | W
     L | 0 1 2 3 4 5 6 7 8 
    ----------------------
     0 | 6 6 6 5 5 5 4 4 4 
     1 | . . . . . . . . . 
     2 | . . . . . . . . . 
     3 | . . . . . . . . . 
     4 | . . . . . . . . . 
     5 | . . . . . . . . . 
     6 | . . . . . . . . . 
     7 | . . . . . . . . . 
     8 | . . . . . . . . . 
     9 | . . . . . . . . 7 
    10 | 3 3 3 2 2 2 1 1 1 
    
    Boxes' corners:      (w,l)
        Box 1 is at 
            top left     (6,10)
            bottom right (8,10)
    
        Box 2 is at 
            top left     (3,10)
            bottom right (5,10)
    
        Box 3 is at 
            top left     (0,10)
            bottom right (2,10)
    
        Box 4 is at 
            top left     (6,0)
            bottom right (8,0)
    
        Box 5 is at 
            top left     (3,0)
            bottom right (5,0)
    
        Box 6 is at 
            top left     (0,0)
            bottom right (2,0)
    
        Box 7 is at 
            top left     (8,9)
            bottom right (8,9)
    
        Roll length used: 11

    [1;34mTry max length:[0m 10
    [1;34m    At iteration:[0m 9
        lingeling found a solution in .110 ms

       | W
     L | 0 1 2 3 4 5 6 7 8 
    ----------------------
     0 | 4 4 4 1 1 1 2 2 2 
     1 | . . . . . . . . . 
     2 | . . . . . . . . . 
     3 | 5 5 5 . . . . . . 
     4 | . . . . . 3 3 3 . 
     5 | . . . . . . . . . 
     6 | . . . . . . . . . 
     7 | . . . . . . . . . 
     8 | . . . . . . . . . 
     9 | . . . . . 7 6 6 6 
    
    Boxes' corners:      (w,l)
        Box 1 is at 
            top left     (3,0)
            bottom right (5,0)
    
        Box 2 is at 
            top left     (6,0)
            bottom right (8,0)
    
        Box 3 is at 
            top left     (5,4)
            bottom right (7,4)
    
        Box 4 is at 
            top left     (0,0)
            bottom right (2,0)
    
        Box 5 is at 
            top left     (0,3)
            bottom right (2,3)
    
        Box 6 is at 
            top left     (6,9)
            bottom right (8,9)
    
        Box 7 is at 
            top left     (5,9)
            bottom right (5,9)
    
        Roll length used: 10

    [1;34mTry max length:[0m 9
    [1;34m    At iteration:[0m 10
        lingeling found a solution in .097 ms

      | W
    L | 0 1 2 3 4 5 6 7 8 
    ----------------------
    0 | 6 . . . . . . . 5 
    1 | 6 . . . . . . . 5 
    2 | 6 . . . . . . . 5 
    3 | 4 . . . . . . . 3 
    4 | 4 . . . . . . . 3 
    5 | 4 . . . . . . . 3 
    6 | 2 . . . . . . . 1 
    7 | 2 . . . . . . . 1 
    8 | 2 . . . . . . 7 1 
    
    Boxes' corners:      (w,l)
        Box 1 is at 
            top left     (8,6)
            bottom right (8,8)
    
        Box 2 is at 
            top left     (0,6)
            bottom right (0,8)
    
        Box 3 is at 
            top left     (8,3)
            bottom right (8,5)
    
        Box 4 is at 
            top left     (0,3)
            bottom right (0,5)
    
        Box 5 is at 
            top left     (8,0)
            bottom right (8,2)
    
        Box 6 is at 
            top left     (0,0)
            bottom right (0,2)
    
        Box 7 is at 
            top left     (7,8)
            bottom right (7,8)
    
        Roll length used: 9

    [1;34mTry max length:[0m 8
    [1;34m    At iteration:[0m 11
        lingeling found a solution in .084 ms

      | W
    L | 0 1 2 3 4 5 6 7 8 
    ----------------------
    0 | . 6 . . . . . . . 
    1 | 4 6 . . . . 2 . 5 
    2 | 4 6 . . . . 2 . 5 
    3 | 4 . . 7 . . 2 . 5 
    4 | . . . . . . . . . 
    5 | 3 . . . . . . . 1 
    6 | 3 . . . . . . . 1 
    7 | 3 . . . . . . . 1 
    
    Boxes' corners:      (w,l)
        Box 1 is at 
            top left     (8,5)
            bottom right (8,7)
    
        Box 2 is at 
            top left     (6,1)
            bottom right (6,3)
    
        Box 3 is at 
            top left     (0,5)
            bottom right (0,7)
    
        Box 4 is at 
            top left     (0,1)
            bottom right (0,3)
    
        Box 5 is at 
            top left     (8,1)
            bottom right (8,3)
    
        Box 6 is at 
            top left     (1,0)
            bottom right (1,2)
    
        Box 7 is at 
            top left     (3,3)
            bottom right (3,3)
    
        Roll length used: 8

    [1;34mTry max length:[0m 7
    [1;34m    At iteration:[0m 12
        lingeling found a solution in .070 ms

      | W
    L | 0 1 2 3 4 5 6 7 8 
    ----------------------
    0 | . . . . . . . . . 
    1 | 5 . . . . . . . 6 
    2 | 5 . 7 2 . . . . 6 
    3 | 5 . . 2 . . . . 6 
    4 | 4 . . 2 . . . . 1 
    5 | 4 . . . . . . . 1 
    6 | 4 . 3 3 3 . . . 1 
    
    Boxes' corners:      (w,l)
        Box 1 is at 
            top left     (8,4)
            bottom right (8,6)
    
        Box 2 is at 
            top left     (3,2)
            bottom right (3,4)
    
        Box 3 is at 
            top left     (2,6)
            bottom right (4,6)
    
        Box 4 is at 
            top left     (0,4)
            bottom right (0,6)
    
        Box 5 is at 
            top left     (0,1)
            bottom right (0,3)
    
        Box 6 is at 
            top left     (8,1)
            bottom right (8,3)
    
        Box 7 is at 
            top left     (2,2)
            bottom right (2,2)
    
        Roll length used: 7

    [1;34mTry max length:[0m 6
    [1;34m    At iteration:[0m 13
        lingeling found a solution in .061 ms

      | W
    L | 0 1 2 3 4 5 6 7 8 
    ----------------------
    0 | 5 . . . . . . 3 1 
    1 | 5 . . . . . . 3 1 
    2 | 5 . . . . 6 . 3 1 
    3 | 4 . . . . 6 . 7 2 
    4 | 4 . . . . 6 . . 2 
    5 | 4 . . . . . . . 2 
    
    Boxes' corners:      (w,l)
        Box 1 is at 
            top left     (8,0)
            bottom right (8,2)
    
        Box 2 is at 
            top left     (8,3)
            bottom right (8,5)
    
        Box 3 is at 
            top left     (7,0)
            bottom right (7,2)
    
        Box 4 is at 
            top left     (0,3)
            bottom right (0,5)
    
        Box 5 is at 
            top left     (0,0)
            bottom right (0,2)
    
        Box 6 is at 
            top left     (5,2)
            bottom right (5,4)
    
        Box 7 is at 
            top left     (7,3)
            bottom right (7,3)
    
        Roll length used: 6

    [1;34mTry max length:[0m 5
    [1;34m    At iteration:[0m 14
        lingeling found a solution in .050 ms

      | W
    L | 0 1 2 3 4 5 6 7 8 
    ----------------------
    0 | . . . . 5 . . . 1 
    1 | 2 6 . . 5 . . . 1 
    2 | 2 6 3 . 5 . . . 1 
    3 | 2 6 3 7 . . 4 4 4 
    4 | . . 3 . . . . . . 
    
    Boxes' corners:      (w,l)
        Box 1 is at 
            top left     (8,0)
            bottom right (8,2)
    
        Box 2 is at 
            top left     (0,1)
            bottom right (0,3)
    
        Box 3 is at 
            top left     (2,2)
            bottom right (2,4)
    
        Box 4 is at 
            top left     (6,3)
            bottom right (8,3)
    
        Box 5 is at 
            top left     (4,0)
            bottom right (4,2)
    
        Box 6 is at 
            top left     (1,1)
            bottom right (1,3)
    
        Box 7 is at 
            top left     (3,3)
            bottom right (3,3)
    
        Roll length used: 5

    [1;34mTry max length:[0m 4
    [1;34m    At iteration:[0m 15
        lingeling found a solution in .039 ms

      | W
    L | 0 1 2 3 4 5 6 7 8 
    ----------------------
    0 | 2 2 2 1 . . . . . 
    1 | 4 . . 1 3 6 . . 5 
    2 | 4 . . 1 3 6 . . 5 
    3 | 4 . . . 3 6 7 . 5 
    
    Boxes' corners:      (w,l)
        Box 1 is at 
            top left     (3,0)
            bottom right (3,2)
    
        Box 2 is at 
            top left     (0,0)
            bottom right (2,0)
    
        Box 3 is at 
            top left     (4,1)
            bottom right (4,3)
    
        Box 4 is at 
            top left     (0,1)
            bottom right (0,3)
    
        Box 5 is at 
            top left     (8,1)
            bottom right (8,3)
    
        Box 6 is at 
            top left     (5,1)
            bottom right (5,3)
    
        Box 7 is at 
            top left     (6,3)
            bottom right (6,3)
    
        Roll length used: 4

    [1;34mTry max length:[0m 3
    [1;34m    At iteration:[0m 16
        lingeling found a solution in .022 ms

      | W
    L | 0 1 2 3 4 5 6 7 8 
    ----------------------
    0 | 3 6 1 . . . 5 . 2 
    1 | 3 6 1 . . 7 5 . 2 
    2 | 3 6 1 4 4 4 5 . 2 
    
    Boxes' corners:      (w,l)
        Box 1 is at 
            top left     (2,0)
            bottom right (2,2)
    
        Box 2 is at 
            top left     (8,0)
            bottom right (8,2)
    
        Box 3 is at 
            top left     (0,0)
            bottom right (0,2)
    
        Box 4 is at 
            top left     (3,2)
            bottom right (5,2)
    
        Box 5 is at 
            top left     (6,0)
            bottom right (6,2)
    
        Box 6 is at 
            top left     (1,0)
            bottom right (1,2)
    
        Box 7 is at 
            top left     (5,1)
            bottom right (5,1)
    
        Roll length used: 3

    [1;34mTry max length:[0m 2
    [1;34m    At iteration:[0m 17
        [3;31mlingeling determined unsatisfiability of the Boolean formula[0m
        [1;32mOptimality reached![0m
