Sat 19 May 17:47:02 CEST 2018
Increasing area preprocessing
    W=11
    sum lengths=   15
    sum max sides= 15
    box 1: 1 1
    box 2: 1 1
    box 3: 1 1
    box 4: 1 1
    box 5: 1 1
    box 6: 1 1
    box 7: 3 3
    box 8: 3 3
    box 9: 3 3

1)
   | W
 L | 0 1 2 3 4 5 6 7 8 9 10 
----------------------------
 0 | 1 2 3 4 5 6 7 7 7 .  . 
 1 | 8 8 8 9 9 9 7 7 7 .  . 
 2 | 8 8 8 9 9 9 7 7 7 .  . 
 3 | 8 8 8 9 9 9 . . . .  . 
 4 | . . . . . . . . . .  . 
 5 | . . . . . . . . . .  . 
 6 | . . . . . . . . . .  . 
 7 | . . . . . . . . . .  . 
 8 | . . . . . . . . . .  . 
 9 | . . . . . . . . . .  . 
10 | . . . . . . . . . .  . 
11 | . . . . . . . . . .  . 
12 | . . . . . . . . . .  . 
13 | . . . . . . . . . .  . 
14 | . . . . . . . . . .  . 

Boxes' corners:      (w,l)
    Box 1 is at 
        top left     (0,0)
        bottom right (0,0)

    Box 2 is at 
        top left     (1,0)
        bottom right (1,0)

    Box 3 is at 
        top left     (2,0)
        bottom right (2,0)

    Box 4 is at 
        top left     (3,0)
        bottom right (3,0)

    Box 5 is at 
        top left     (4,0)
        bottom right (4,0)

    Box 6 is at 
        top left     (5,0)
        bottom right (5,0)

    Box 7 is at 
        top left     (6,0)
        bottom right (8,2)

    Box 8 is at 
        top left     (0,1)
        bottom right (2,3)

    Box 9 is at 
        top left     (3,1)
        bottom right (5,3)

    Roll length used: 4

Increasing width preprocessing
    W=11
    sum lengths=   15
    sum max sides= 15
    box 1: 1 1
    box 2: 1 1
    box 3: 1 1
    box 4: 1 1
    box 5: 1 1
    box 6: 1 1
    box 7: 3 3
    box 8: 3 3
    box 9: 3 3

Decreasing area preprocessing
    W=11
    sum lengths=   15
    sum max sides= 15
    box 1: 3 3
    box 2: 3 3
    box 3: 3 3
    box 4: 1 1
    box 5: 1 1
    box 6: 1 1
    box 7: 1 1
    box 8: 1 1
    box 9: 1 1

1)
  | W
L | 0 1 2 3 4 5 6 7 8 9 10 
----------------------------
0 | 1 1 1 2 2 2 3 3 3 4  5 
1 | 1 1 1 2 2 2 3 3 3 6  7 
2 | 1 1 1 2 2 2 3 3 3 8  9 

Boxes' corners:      (w,l)
    Box 1 is at 
        top left     (0,0)
        bottom right (2,2)

    Box 2 is at 
        top left     (3,0)
        bottom right (5,2)

    Box 3 is at 
        top left     (6,0)
        bottom right (8,2)

    Box 4 is at 
        top left     (9,0)
        bottom right (9,0)

    Box 5 is at 
        top left     (10,0)
        bottom right (10,0)

    Box 6 is at 
        top left     (9,1)
        bottom right (9,1)

    Box 7 is at 
        top left     (10,1)
        bottom right (10,1)

    Box 8 is at 
        top left     (9,2)
        bottom right (9,2)

    Box 9 is at 
        top left     (10,2)
        bottom right (10,2)

    Roll length used: 3

Decreasing width preprocessing
    W=11
    sum lengths=   15
    sum max sides= 15
    box 1: 3 3
    box 2: 3 3
    box 3: 3 3
    box 4: 1 1
    box 5: 1 1
    box 6: 1 1
    box 7: 1 1
    box 8: 1 1
    box 9: 1 1

----------------------------
Random preprocessing 1)
    W=11
    sum lengths=   15
    sum max sides= 15
    box 1: 3 3
    box 2: 1 1
    box 3: 1 1
    box 4: 3 3
    box 5: 1 1
    box 6: 1 1
    box 7: 1 1
    box 8: 1 1
    box 9: 3 3

----------------------------
Random preprocessing 2)
    W=11
    sum lengths=   15
    sum max sides= 15
    box 1: 3 3
    box 2: 1 1
    box 3: 1 1
    box 4: 1 1
    box 5: 3 3
    box 6: 1 1
    box 7: 1 1
    box 8: 1 1
    box 9: 3 3

----------------------------
Random preprocessing 3)
    W=11
    sum lengths=   15
    sum max sides= 15
    box 1: 1 1
    box 2: 1 1
    box 3: 1 1
    box 4: 1 1
    box 5: 1 1
    box 6: 3 3
    box 7: 1 1
    box 8: 3 3
    box 9: 3 3

----------------------------
Random preprocessing 4)
    W=11
    sum lengths=   15
    sum max sides= 15
    box 1: 3 3
    box 2: 1 1
    box 3: 3 3
    box 4: 1 1
    box 5: 3 3
    box 6: 1 1
    box 7: 1 1
    box 8: 1 1
    box 9: 1 1

----------------------------
Random preprocessing 5)
    W=11
    sum lengths=   15
    sum max sides= 15
    box 1: 1 1
    box 2: 1 1
    box 3: 1 1
    box 4: 1 1
    box 5: 3 3
    box 6: 3 3
    box 7: 1 1
    box 8: 1 1
    box 9: 3 3

In 9.99791 seconds (average)
--------------------
1)
  | W
L | 0 1 2 3 4 5 6 7 8 9 10 
----------------------------
0 | 1 1 1 2 2 2 3 3 3 4  5 
1 | 1 1 1 2 2 2 3 3 3 6  7 
2 | 1 1 1 2 2 2 3 3 3 8  9 

Boxes' corners:      (w,l)
    Box 1 is at 
        top left     (0,0)
        bottom right (2,2)

    Box 2 is at 
        top left     (3,0)
        bottom right (5,2)

    Box 3 is at 
        top left     (6,0)
        bottom right (8,2)

    Box 4 is at 
        top left     (9,0)
        bottom right (9,0)

    Box 5 is at 
        top left     (10,0)
        bottom right (10,0)

    Box 6 is at 
        top left     (9,1)
        bottom right (9,1)

    Box 7 is at 
        top left     (10,1)
        bottom right (10,1)

    Box 8 is at 
        top left     (9,2)
        bottom right (9,2)

    Box 9 is at 
        top left     (10,2)
        bottom right (10,2)

    Roll length used: 3
--------------------
  | W
L | 0 1 2 3 4 5 6 7 8 9 10 
----------------------------
0 | 1 1 1 2 2 2 3 3 3 4  5 
1 | 1 1 1 2 2 2 3 3 3 6  7 
2 | 1 1 1 2 2 2 3 3 3 8  9 

Boxes' corners:      (w,l)
    Box 1 is at 
        top left     (0,0)
        bottom right (2,2)

    Box 2 is at 
        top left     (3,0)
        bottom right (5,2)

    Box 3 is at 
        top left     (6,0)
        bottom right (8,2)

    Box 4 is at 
        top left     (9,0)
        bottom right (9,0)

    Box 5 is at 
        top left     (10,0)
        bottom right (10,0)

    Box 6 is at 
        top left     (9,1)
        bottom right (9,1)

    Box 7 is at 
        top left     (10,1)
        bottom right (10,1)

    Box 8 is at 
        top left     (9,2)
        bottom right (9,2)

    Box 9 is at 
        top left     (10,2)
        bottom right (10,2)

    Roll length used: 3
