Sat 19 May 17:42:47 CEST 2018
Increasing area preprocessing
    W=10
    sum lengths=   10
    sum max sides= 10
    box 1: 1 1
    box 2: 3 3
    box 3: 3 3
    box 4: 3 3

1)
   | W
 L | 0 1 2 3 4 5 6 7 8 9 
-------------------------
 0 | 1 2 2 2 3 3 3 4 4 4 
 1 | . 2 2 2 3 3 3 4 4 4 
 2 | . 2 2 2 3 3 3 4 4 4 
 3 | . . . . . . . . . . 
 4 | . . . . . . . . . . 
 5 | . . . . . . . . . . 
 6 | . . . . . . . . . . 
 7 | . . . . . . . . . . 
 8 | . . . . . . . . . . 
 9 | . . . . . . . . . . 

Boxes' corners:      (w,l)
    Box 1 is at 
        top left     (0,0)
        bottom right (0,0)

    Box 2 is at 
        top left     (1,0)
        bottom right (3,2)

    Box 3 is at 
        top left     (4,0)
        bottom right (6,2)

    Box 4 is at 
        top left     (7,0)
        bottom right (9,2)

    Roll length used: 3

Increasing width preprocessing
    W=10
    sum lengths=   10
    sum max sides= 10
    box 1: 1 1
    box 2: 3 3
    box 3: 3 3
    box 4: 3 3

Decreasing area preprocessing
    W=10
    sum lengths=   10
    sum max sides= 10
    box 1: 3 3
    box 2: 3 3
    box 3: 3 3
    box 4: 1 1

Decreasing width preprocessing
    W=10
    sum lengths=   10
    sum max sides= 10
    box 1: 3 3
    box 2: 3 3
    box 3: 3 3
    box 4: 1 1

----------------------------
Random preprocessing 1)
    W=10
    sum lengths=   10
    sum max sides= 10
    box 1: 3 3
    box 2: 3 3
    box 3: 1 1
    box 4: 3 3

----------------------------
Random preprocessing 2)
    W=10
    sum lengths=   10
    sum max sides= 10
    box 1: 1 1
    box 2: 3 3
    box 3: 3 3
    box 4: 3 3

----------------------------
Random preprocessing 3)
    W=10
    sum lengths=   10
    sum max sides= 10
    box 1: 1 1
    box 2: 3 3
    box 3: 3 3
    box 4: 3 3

----------------------------
Random preprocessing 4)
    W=10
    sum lengths=   10
    sum max sides= 10
    box 1: 1 1
    box 2: 3 3
    box 3: 3 3
    box 4: 3 3

----------------------------
Random preprocessing 5)
    W=10
    sum lengths=   10
    sum max sides= 10
    box 1: 3 3
    box 2: 3 3
    box 3: 1 1
    box 4: 3 3

In 0.008059 seconds (average)
--------------------
1)
   | W
 L | 0 1 2 3 4 5 6 7 8 9 
-------------------------
 0 | 1 2 2 2 3 3 3 4 4 4 
 1 | . 2 2 2 3 3 3 4 4 4 
 2 | . 2 2 2 3 3 3 4 4 4 
 3 | . . . . . . . . . . 
 4 | . . . . . . . . . . 
 5 | . . . . . . . . . . 
 6 | . . . . . . . . . . 
 7 | . . . . . . . . . . 
 8 | . . . . . . . . . . 
 9 | . . . . . . . . . . 

Boxes' corners:      (w,l)
    Box 1 is at 
        top left     (0,0)
        bottom right (0,0)

    Box 2 is at 
        top left     (1,0)
        bottom right (3,2)

    Box 3 is at 
        top left     (4,0)
        bottom right (6,2)

    Box 4 is at 
        top left     (7,0)
        bottom right (9,2)

    Roll length used: 3
--------------------
   | W
 L | 0 1 2 3 4 5 6 7 8 9 
-------------------------
 0 | 1 2 2 2 3 3 3 4 4 4 
 1 | . 2 2 2 3 3 3 4 4 4 
 2 | . 2 2 2 3 3 3 4 4 4 
 3 | . . . . . . . . . . 
 4 | . . . . . . . . . . 
 5 | . . . . . . . . . . 
 6 | . . . . . . . . . . 
 7 | . . . . . . . . . . 
 8 | . . . . . . . . . . 
 9 | . . . . . . . . . . 

Boxes' corners:      (w,l)
    Box 1 is at 
        top left     (0,0)
        bottom right (0,0)

    Box 2 is at 
        top left     (1,0)
        bottom right (3,2)

    Box 3 is at 
        top left     (4,0)
        bottom right (6,2)

    Box 4 is at 
        top left     (7,0)
        bottom right (9,2)

    Roll length used: 3
