Sat 19 May 17:36:24 CEST 2018
Increasing area preprocessing
    W=8
    sum lengths=   27
    sum max sides= 27
    box 1: 1 2
    box 2: 1 2
    box 3: 1 2
    box 4: 1 2
    box 5: 1 2
    box 6: 1 5
    box 7: 3 4
    box 8: 3 4
    box 9: 4 4

1)
   | W
 L | 0 1 2 3 4 5 6 7 
--------------------
 0 | 1 1 2 2 3 3 4 4 
 1 | 5 5 6 6 6 6 6 . 
 2 | 7 7 7 7 8 8 8 8 
 3 | 7 7 7 7 8 8 8 8 
 4 | 7 7 7 7 8 8 8 8 
 5 | 9 9 9 9 . . . . 
 6 | 9 9 9 9 . . . . 
 7 | 9 9 9 9 . . . . 
 8 | 9 9 9 9 . . . . 
 9 | . . . . . . . . 
10 | . . . . . . . . 
11 | . . . . . . . . 
12 | . . . . . . . . 
13 | . . . . . . . . 
14 | . . . . . . . . 
15 | . . . . . . . . 
16 | . . . . . . . . 
17 | . . . . . . . . 
18 | . . . . . . . . 
19 | . . . . . . . . 
20 | . . . . . . . . 
21 | . . . . . . . . 
22 | . . . . . . . . 
23 | . . . . . . . . 
24 | . . . . . . . . 
25 | . . . . . . . . 
26 | . . . . . . . . 

Boxes' corners:      (w,l)
    Box 1 is at 
        top left     (0,0)
        bottom right (1,0)

    Box 2 is at 
        top left     (2,0)
        bottom right (3,0)

    Box 3 is at 
        top left     (4,0)
        bottom right (5,0)

    Box 4 is at 
        top left     (6,0)
        bottom right (7,0)

    Box 5 is at 
        top left     (0,1)
        bottom right (1,1)

    Box 6 is at 
        top left     (2,1)
        bottom right (6,1)

    Box 7 is at 
        top left     (0,2)
        bottom right (3,4)

    Box 8 is at 
        top left     (4,2)
        bottom right (7,4)

    Box 9 is at 
        top left     (0,5)
        bottom right (3,8)

    Roll length used: 9

2)
   | W
 L | 0 1 2 3 4 5 6 7 
--------------------
 0 | 1 1 2 2 3 3 4 4 
 1 | 5 5 6 6 6 6 6 . 
 2 | 7 7 7 7 9 9 9 9 
 3 | 7 7 7 7 9 9 9 9 
 4 | 7 7 7 7 9 9 9 9 
 5 | 8 8 8 8 9 9 9 9 
 6 | 8 8 8 8 . . . . 
 7 | 8 8 8 8 . . . . 
 8 | . . . . . . . . 
 9 | . . . . . . . . 
10 | . . . . . . . . 
11 | . . . . . . . . 
12 | . . . . . . . . 
13 | . . . . . . . . 
14 | . . . . . . . . 
15 | . . . . . . . . 
16 | . . . . . . . . 
17 | . . . . . . . . 
18 | . . . . . . . . 
19 | . . . . . . . . 
20 | . . . . . . . . 
21 | . . . . . . . . 
22 | . . . . . . . . 
23 | . . . . . . . . 
24 | . . . . . . . . 
25 | . . . . . . . . 
26 | . . . . . . . . 

Boxes' corners:      (w,l)
    Box 1 is at 
        top left     (0,0)
        bottom right (1,0)

    Box 2 is at 
        top left     (2,0)
        bottom right (3,0)

    Box 3 is at 
        top left     (4,0)
        bottom right (5,0)

    Box 4 is at 
        top left     (6,0)
        bottom right (7,0)

    Box 5 is at 
        top left     (0,1)
        bottom right (1,1)

    Box 6 is at 
        top left     (2,1)
        bottom right (6,1)

    Box 7 is at 
        top left     (0,2)
        bottom right (3,4)

    Box 8 is at 
        top left     (0,5)
        bottom right (3,7)

    Box 9 is at 
        top left     (4,2)
        bottom right (7,5)

    Roll length used: 8

Increasing width preprocessing
    W=8
    sum lengths=   27
    sum max sides= 27
    box 1: 1 2
    box 2: 1 2
    box 3: 1 2
    box 4: 1 2
    box 5: 1 2
    box 6: 1 5
    box 7: 3 4
    box 8: 3 4
    box 9: 4 4

Decreasing area preprocessing
    W=8
    sum lengths=   27
    sum max sides= 27
    box 1: 4 4
    box 2: 3 4
    box 3: 3 4
    box 4: 1 5
    box 5: 1 2
    box 6: 1 2
    box 7: 1 2
    box 8: 1 2
    box 9: 1 2

1)
  | W
L | 0 1 2 3 4 5 6 7 
--------------------
0 | 1 1 1 1 2 2 2 2 
1 | 1 1 1 1 2 2 2 2 
2 | 1 1 1 1 2 2 2 2 
3 | 1 1 1 1 3 3 3 3 
4 | 5 5 6 6 3 3 3 3 
5 | 7 7 8 8 3 3 3 3 
6 | 4 4 4 4 4 9 9 . 

Boxes' corners:      (w,l)
    Box 1 is at 
        top left     (0,0)
        bottom right (3,3)

    Box 2 is at 
        top left     (4,0)
        bottom right (7,2)

    Box 3 is at 
        top left     (4,3)
        bottom right (7,5)

    Box 4 is at 
        top left     (0,6)
        bottom right (4,6)

    Box 5 is at 
        top left     (0,4)
        bottom right (1,4)

    Box 6 is at 
        top left     (2,4)
        bottom right (3,4)

    Box 7 is at 
        top left     (0,5)
        bottom right (1,5)

    Box 8 is at 
        top left     (2,5)
        bottom right (3,5)

    Box 9 is at 
        top left     (5,6)
        bottom right (6,6)

    Roll length used: 7

Decreasing width preprocessing
    W=8
    sum lengths=   27
    sum max sides= 27
    box 1: 4 4
    box 2: 3 4
    box 3: 3 4
    box 4: 1 5
    box 5: 1 2
    box 6: 1 2
    box 7: 1 2
    box 8: 1 2
    box 9: 1 2

----------------------------
Random preprocessing 1)
    W=8
    sum lengths=   27
    sum max sides= 27
    box 1: 1 2
    box 2: 4 4
    box 3: 1 5
    box 4: 3 4
    box 5: 1 2
    box 6: 1 2
    box 7: 1 2
    box 8: 1 2
    box 9: 3 4

----------------------------
Random preprocessing 2)
    W=8
    sum lengths=   27
    sum max sides= 27
    box 1: 1 2
    box 2: 1 2
    box 3: 1 2
    box 4: 3 4
    box 5: 1 2
    box 6: 1 5
    box 7: 3 4
    box 8: 4 4
    box 9: 1 2

----------------------------
Random preprocessing 3)
    W=8
    sum lengths=   27
    sum max sides= 27
    box 1: 1 2
    box 2: 3 4
    box 3: 4 4
    box 4: 1 5
    box 5: 1 2
    box 6: 1 2
    box 7: 1 2
    box 8: 3 4
    box 9: 1 2

----------------------------
Random preprocessing 4)
    W=8
    sum lengths=   27
    sum max sides= 27
    box 1: 4 4
    box 2: 1 2
    box 3: 1 5
    box 4: 3 4
    box 5: 3 4
    box 6: 1 2
    box 7: 1 2
    box 8: 1 2
    box 9: 1 2

----------------------------
Random preprocessing 5)
    W=8
    sum lengths=   27
    sum max sides= 27
    box 1: 1 2
    box 2: 4 4
    box 3: 3 4
    box 4: 3 4
    box 5: 1 2
    box 6: 1 2
    box 7: 1 2
    box 8: 1 5
    box 9: 1 2

In 40.9289 seconds (average)
--------------------
1)
  | W
L | 0 1 2 3 4 5 6 7 
--------------------
0 | 1 1 1 1 2 2 2 2 
1 | 1 1 1 1 2 2 2 2 
2 | 1 1 1 1 2 2 2 2 
3 | 1 1 1 1 3 3 3 3 
4 | 5 5 6 6 3 3 3 3 
5 | 7 7 8 8 3 3 3 3 
6 | 4 4 4 4 4 9 9 . 

Boxes' corners:      (w,l)
    Box 1 is at 
        top left     (0,0)
        bottom right (3,3)

    Box 2 is at 
        top left     (4,0)
        bottom right (7,2)

    Box 3 is at 
        top left     (4,3)
        bottom right (7,5)

    Box 4 is at 
        top left     (0,6)
        bottom right (4,6)

    Box 5 is at 
        top left     (0,4)
        bottom right (1,4)

    Box 6 is at 
        top left     (2,4)
        bottom right (3,4)

    Box 7 is at 
        top left     (0,5)
        bottom right (1,5)

    Box 8 is at 
        top left     (2,5)
        bottom right (3,5)

    Box 9 is at 
        top left     (5,6)
        bottom right (6,6)

    Roll length used: 7
--------------------
  | W
L | 0 1 2 3 4 5 6 7 
--------------------
0 | 1 1 1 1 2 2 2 2 
1 | 1 1 1 1 2 2 2 2 
2 | 1 1 1 1 2 2 2 2 
3 | 1 1 1 1 3 3 3 3 
4 | 5 5 6 6 3 3 3 3 
5 | 7 7 8 8 3 3 3 3 
6 | 4 4 4 4 4 9 9 . 

Boxes' corners:      (w,l)
    Box 1 is at 
        top left     (0,0)
        bottom right (3,3)

    Box 2 is at 
        top left     (4,0)
        bottom right (7,2)

    Box 3 is at 
        top left     (4,3)
        bottom right (7,5)

    Box 4 is at 
        top left     (0,6)
        bottom right (4,6)

    Box 5 is at 
        top left     (0,4)
        bottom right (1,4)

    Box 6 is at 
        top left     (2,4)
        bottom right (3,4)

    Box 7 is at 
        top left     (0,5)
        bottom right (1,5)

    Box 8 is at 
        top left     (2,5)
        bottom right (3,5)

    Box 9 is at 
        top left     (5,6)
        bottom right (6,6)

    Roll length used: 7
