Sat 19 May 17:37:05 CEST 2018
Increasing area preprocessing
    W=8
    sum lengths=   28
    sum max sides= 28
    box 1: 1 1
    box 2: 1 1
    box 3: 1 1
    box 4: 1 3
    box 5: 2 2
    box 6: 3 4
    box 7: 3 4
    box 8: 3 4
    box 9: 3 4
    box 10: 3 4

1)
   | W
 L |  0  1  2  3 4 5 6 7 
------------------------
 0 |  1  2  3  4 4 4 5 5 
 1 |  6  6  6  6 . . 5 5 
 2 |  6  6  6  6 7 7 7 7 
 3 |  6  6  6  6 7 7 7 7 
 4 |  8  8  8  8 7 7 7 7 
 5 |  8  8  8  8 9 9 9 9 
 6 |  8  8  8  8 9 9 9 9 
 7 | 10 10 10 10 9 9 9 9 
 8 | 10 10 10 10 . . . . 
 9 | 10 10 10 10 . . . . 
10 |  .  .  .  . . . . . 
11 |  .  .  .  . . . . . 
12 |  .  .  .  . . . . . 
13 |  .  .  .  . . . . . 
14 |  .  .  .  . . . . . 
15 |  .  .  .  . . . . . 
16 |  .  .  .  . . . . . 
17 |  .  .  .  . . . . . 
18 |  .  .  .  . . . . . 
19 |  .  .  .  . . . . . 
20 |  .  .  .  . . . . . 
21 |  .  .  .  . . . . . 
22 |  .  .  .  . . . . . 
23 |  .  .  .  . . . . . 
24 |  .  .  .  . . . . . 
25 |  .  .  .  . . . . . 
26 |  .  .  .  . . . . . 
27 |  .  .  .  . . . . . 

Boxes' corners:       (w,l)
    Box  1 is at 
        top left     (0,0)
        bottom right (0,0)

    Box  2 is at 
        top left     (1,0)
        bottom right (1,0)

    Box  3 is at 
        top left     (2,0)
        bottom right (2,0)

    Box  4 is at 
        top left     (3,0)
        bottom right (5,0)

    Box  5 is at 
        top left     (6,0)
        bottom right (7,1)

    Box  6 is at 
        top left     (0,1)
        bottom right (3,3)

    Box  7 is at 
        top left     (4,2)
        bottom right (7,4)

    Box  8 is at 
        top left     (0,4)
        bottom right (3,6)

    Box  9 is at 
        top left     (4,5)
        bottom right (7,7)

    Box 10 is at 
        top left     (0,7)
        bottom right (3,9)

    Roll length used: 10

Increasing width preprocessing
    W=8
    sum lengths=   28
    sum max sides= 28
    box 1: 1 1
    box 2: 1 1
    box 3: 1 1
    box 4: 1 3
    box 5: 2 2
    box 6: 3 4
    box 7: 3 4
    box 8: 3 4
    box 9: 3 4
    box 10: 3 4

Decreasing area preprocessing
    W=8
    sum lengths=   28
    sum max sides= 28
    box 1: 3 4
    box 2: 3 4
    box 3: 3 4
    box 4: 3 4
    box 5: 3 4
    box 6: 2 2
    box 7: 1 3
    box 8: 1 1
    box 9: 1 1
    box 10: 1 1

1)
  | W
L | 0 1 2 3 4 5  6 7 
---------------------
0 | 1 1 1 1 2 2  2 2 
1 | 1 1 1 1 2 2  2 2 
2 | 1 1 1 1 2 2  2 2 
3 | 3 3 3 3 4 4  4 4 
4 | 3 3 3 3 4 4  4 4 
5 | 3 3 3 3 4 4  4 4 
6 | 5 5 5 5 6 6  8 9 
7 | 5 5 5 5 6 6 10 . 
8 | 5 5 5 5 7 7  7 . 

Boxes' corners:       (w,l)
    Box  1 is at 
        top left     (0,0)
        bottom right (3,2)

    Box  2 is at 
        top left     (4,0)
        bottom right (7,2)

    Box  3 is at 
        top left     (0,3)
        bottom right (3,5)

    Box  4 is at 
        top left     (4,3)
        bottom right (7,5)

    Box  5 is at 
        top left     (0,6)
        bottom right (3,8)

    Box  6 is at 
        top left     (4,6)
        bottom right (5,7)

    Box  7 is at 
        top left     (4,8)
        bottom right (6,8)

    Box  8 is at 
        top left     (6,6)
        bottom right (6,6)

    Box  9 is at 
        top left     (7,6)
        bottom right (7,6)

    Box 10 is at 
        top left     (6,7)
        bottom right (6,7)

    Roll length used: 9

Decreasing width preprocessing
    W=8
    sum lengths=   28
    sum max sides= 28
    box 1: 3 4
    box 2: 3 4
    box 3: 3 4
    box 4: 3 4
    box 5: 3 4
    box 6: 2 2
    box 7: 1 3
    box 8: 1 1
    box 9: 1 1
    box 10: 1 1

----------------------------
Random preprocessing 1)
    W=8
    sum lengths=   28
    sum max sides= 28
    box 1: 3 4
    box 2: 1 1
    box 3: 1 3
    box 4: 2 2
    box 5: 1 1
    box 6: 3 4
    box 7: 1 1
    box 8: 3 4
    box 9: 3 4
    box 10: 3 4

----------------------------
Random preprocessing 2)
    W=8
    sum lengths=   28
    sum max sides= 28
    box 1: 1 3
    box 2: 2 2
    box 3: 3 4
    box 4: 3 4
    box 5: 1 1
    box 6: 3 4
    box 7: 3 4
    box 8: 3 4
    box 9: 1 1
    box 10: 1 1

----------------------------
Random preprocessing 3)
    W=8
    sum lengths=   28
    sum max sides= 28
    box 1: 3 4
    box 2: 1 3
    box 3: 3 4
    box 4: 3 4
    box 5: 3 4
    box 6: 3 4
    box 7: 1 1
    box 8: 1 1
    box 9: 2 2
    box 10: 1 1

----------------------------
Random preprocessing 4)
    W=8
    sum lengths=   28
    sum max sides= 28
    box 1: 3 4
    box 2: 3 4
    box 3: 3 4
    box 4: 1 3
    box 5: 2 2
    box 6: 3 4
    box 7: 3 4
    box 8: 1 1
    box 9: 1 1
    box 10: 1 1

----------------------------
Random preprocessing 5)
    W=8
    sum lengths=   28
    sum max sides= 28
    box 1: 3 4
    box 2: 1 1
    box 3: 1 1
    box 4: 3 4
    box 5: 2 2
    box 6: 3 4
    box 7: 1 1
    box 8: 3 4
    box 9: 3 4
    box 10: 1 3

In 44.9931 seconds (average)
--------------------
1)
  | W
L | 0 1 2 3 4 5  6 7 
---------------------
0 | 1 1 1 1 2 2  2 2 
1 | 1 1 1 1 2 2  2 2 
2 | 1 1 1 1 2 2  2 2 
3 | 3 3 3 3 4 4  4 4 
4 | 3 3 3 3 4 4  4 4 
5 | 3 3 3 3 4 4  4 4 
6 | 5 5 5 5 6 6  8 9 
7 | 5 5 5 5 6 6 10 . 
8 | 5 5 5 5 7 7  7 . 

Boxes' corners:       (w,l)
    Box  1 is at 
        top left     (0,0)
        bottom right (3,2)

    Box  2 is at 
        top left     (4,0)
        bottom right (7,2)

    Box  3 is at 
        top left     (0,3)
        bottom right (3,5)

    Box  4 is at 
        top left     (4,3)
        bottom right (7,5)

    Box  5 is at 
        top left     (0,6)
        bottom right (3,8)

    Box  6 is at 
        top left     (4,6)
        bottom right (5,7)

    Box  7 is at 
        top left     (4,8)
        bottom right (6,8)

    Box  8 is at 
        top left     (6,6)
        bottom right (6,6)

    Box  9 is at 
        top left     (7,6)
        bottom right (7,6)

    Box 10 is at 
        top left     (6,7)
        bottom right (6,7)

    Roll length used: 9
--------------------
  | W
L | 0 1 2 3 4 5  6 7 
---------------------
0 | 1 1 1 1 2 2  2 2 
1 | 1 1 1 1 2 2  2 2 
2 | 1 1 1 1 2 2  2 2 
3 | 3 3 3 3 4 4  4 4 
4 | 3 3 3 3 4 4  4 4 
5 | 3 3 3 3 4 4  4 4 
6 | 5 5 5 5 6 6  8 9 
7 | 5 5 5 5 6 6 10 . 
8 | 5 5 5 5 7 7  7 . 

Boxes' corners:       (w,l)
    Box  1 is at 
        top left     (0,0)
        bottom right (3,2)

    Box  2 is at 
        top left     (4,0)
        bottom right (7,2)

    Box  3 is at 
        top left     (0,3)
        bottom right (3,5)

    Box  4 is at 
        top left     (4,3)
        bottom right (7,5)

    Box  5 is at 
        top left     (0,6)
        bottom right (3,8)

    Box  6 is at 
        top left     (4,6)
        bottom right (5,7)

    Box  7 is at 
        top left     (4,8)
        bottom right (6,8)

    Box  8 is at 
        top left     (6,6)
        bottom right (6,6)

    Box  9 is at 
        top left     (7,6)
        bottom right (7,6)

    Box 10 is at 
        top left     (6,7)
        bottom right (6,7)

    Roll length used: 9
