Sat 19 May 18:41:46 CEST 2018
Increasing area preprocessing
    W=11
    sum lengths=   29
    sum max sides= 29
    box 1: 1 1
    box 2: 1 1
    box 3: 1 1
    box 4: 1 1
    box 5: 1 2
    box 6: 1 4
    box 7: 1 4
    box 8: 3 3
    box 9: 3 3
    box 10: 3 3
    box 11: 3 3
    box 12: 3 3

1)
   | W
 L |  0  1  2  3  4  5  6  7  8 9 10 
-------------------------------------
 0 |  1  2  3  4  5  6  6  6  6 .  . 
 1 |  7  7  7  7  5  8  8  8  9 9  9 
 2 | 10 10 10  .  .  8  8  8  9 9  9 
 3 | 10 10 10  .  .  8  8  8  9 9  9 
 4 | 10 10 10 11 11 11 12 12 12 .  . 
 5 |  .  .  . 11 11 11 12 12 12 .  . 
 6 |  .  .  . 11 11 11 12 12 12 .  . 
 7 |  .  .  .  .  .  .  .  .  . .  . 
 8 |  .  .  .  .  .  .  .  .  . .  . 
 9 |  .  .  .  .  .  .  .  .  . .  . 
10 |  .  .  .  .  .  .  .  .  . .  . 
11 |  .  .  .  .  .  .  .  .  . .  . 
12 |  .  .  .  .  .  .  .  .  . .  . 
13 |  .  .  .  .  .  .  .  .  . .  . 
14 |  .  .  .  .  .  .  .  .  . .  . 
15 |  .  .  .  .  .  .  .  .  . .  . 
16 |  .  .  .  .  .  .  .  .  . .  . 
17 |  .  .  .  .  .  .  .  .  . .  . 
18 |  .  .  .  .  .  .  .  .  . .  . 
19 |  .  .  .  .  .  .  .  .  . .  . 
20 |  .  .  .  .  .  .  .  .  . .  . 
21 |  .  .  .  .  .  .  .  .  . .  . 
22 |  .  .  .  .  .  .  .  .  . .  . 
23 |  .  .  .  .  .  .  .  .  . .  . 
24 |  .  .  .  .  .  .  .  .  . .  . 
25 |  .  .  .  .  .  .  .  .  . .  . 
26 |  .  .  .  .  .  .  .  .  . .  . 
27 |  .  .  .  .  .  .  .  .  . .  . 
28 |  .  .  .  .  .  .  .  .  . .  . 

Boxes' corners:       (w,l)
    Box  1 is at 
        top left     (0,0)
        bottom right (0,0)

    Box  2 is at 
        top left     (1,0)
        bottom right (1,0)

    Box  3 is at 
        top left     (2,0)
        bottom right (2,0)

    Box  4 is at 
        top left     (3,0)
        bottom right (3,0)

    Box  5 is at 
        top left     (4,0)
        bottom right (4,1)

    Box  6 is at 
        top left     (5,0)
        bottom right (8,0)

    Box  7 is at 
        top left     (0,1)
        bottom right (3,1)

    Box  8 is at 
        top left     (5,1)
        bottom right (7,3)

    Box  9 is at 
        top left     (8,1)
        bottom right (10,3)

    Box 10 is at 
        top left     (0,2)
        bottom right (2,4)

    Box 11 is at 
        top left     (3,4)
        bottom right (5,6)

    Box 12 is at 
        top left     (6,4)
        bottom right (8,6)

    Roll length used: 7

Increasing width preprocessing
    W=11
    sum lengths=   29
    sum max sides= 29
    box 1: 1 1
    box 2: 1 1
    box 3: 1 1
    box 4: 1 1
    box 5: 1 2
    box 6: 1 4
    box 7: 1 4
    box 8: 3 3
    box 9: 3 3
    box 10: 3 3
    box 11: 3 3
    box 12: 3 3

Decreasing area preprocessing
    W=11
    sum lengths=   29
    sum max sides= 29
    box 1: 3 3
    box 2: 3 3
    box 3: 3 3
    box 4: 3 3
    box 5: 3 3
    box 6: 1 4
    box 7: 1 4
    box 8: 1 2
    box 9: 1 1
    box 10: 1 1
    box 11: 1 1
    box 12: 1 1

1)
  | W
L | 0 1 2 3 4 5 6 7 8  9 10 
-----------------------------
0 | 1 1 1 2 2 2 3 3 3  8  8 
1 | 1 1 1 2 2 2 3 3 3  9 10 
2 | 1 1 1 2 2 2 3 3 3 11 12 
3 | 4 4 4 5 5 5 6 6 6  6  . 
4 | 4 4 4 5 5 5 7 7 7  7  . 
5 | 4 4 4 5 5 5 . . .  .  . 

Boxes' corners:       (w,l)
    Box  1 is at 
        top left     (0,0)
        bottom right (2,2)

    Box  2 is at 
        top left     (3,0)
        bottom right (5,2)

    Box  3 is at 
        top left     (6,0)
        bottom right (8,2)

    Box  4 is at 
        top left     (0,3)
        bottom right (2,5)

    Box  5 is at 
        top left     (3,3)
        bottom right (5,5)

    Box  6 is at 
        top left     (6,3)
        bottom right (9,3)

    Box  7 is at 
        top left     (6,4)
        bottom right (9,4)

    Box  8 is at 
        top left     (9,0)
        bottom right (10,0)

    Box  9 is at 
        top left     (9,1)
        bottom right (9,1)

    Box 10 is at 
        top left     (10,1)
        bottom right (10,1)

    Box 11 is at 
        top left     (9,2)
        bottom right (9,2)

    Box 12 is at 
        top left     (10,2)
        bottom right (10,2)

    Roll length used: 6

Decreasing width preprocessing
    W=11
    sum lengths=   29
    sum max sides= 29
    box 1: 3 3
    box 2: 3 3
    box 3: 3 3
    box 4: 3 3
    box 5: 3 3
    box 6: 1 4
    box 7: 1 4
    box 8: 1 2
    box 9: 1 1
    box 10: 1 1
    box 11: 1 1
    box 12: 1 1

----------------------------
Random preprocessing 1)
    W=11
    sum lengths=   29
    sum max sides= 29
    box 1: 3 3
    box 2: 3 3
    box 3: 1 1
    box 4: 1 4
    box 5: 1 4
    box 6: 1 2
    box 7: 1 1
    box 8: 3 3
    box 9: 1 1
    box 10: 3 3
    box 11: 1 1
    box 12: 3 3

----------------------------
Random preprocessing 2)
    W=11
    sum lengths=   29
    sum max sides= 29
    box 1: 1 1
    box 2: 3 3
    box 3: 3 3
    box 4: 1 4
    box 5: 1 1
    box 6: 3 3
    box 7: 3 3
    box 8: 1 2
    box 9: 1 1
    box 10: 1 4
    box 11: 3 3
    box 12: 1 1

----------------------------
Random preprocessing 3)
    W=11
    sum lengths=   29
    sum max sides= 29
    box 1: 3 3
    box 2: 1 1
    box 3: 1 2
    box 4: 1 1
    box 5: 3 3
    box 6: 1 1
    box 7: 1 4
    box 8: 1 1
    box 9: 3 3
    box 10: 1 4
    box 11: 3 3
    box 12: 3 3

----------------------------
Random preprocessing 4)
    W=11
    sum lengths=   29
    sum max sides= 29
    box 1: 1 1
    box 2: 3 3
    box 3: 3 3
    box 4: 3 3
    box 5: 1 2
    box 6: 1 1
    box 7: 1 4
    box 8: 1 1
    box 9: 3 3
    box 10: 3 3
    box 11: 1 4
    box 12: 1 1

----------------------------
Random preprocessing 5)
    W=11
    sum lengths=   29
    sum max sides= 29
    box 1: 1 2
    box 2: 3 3
    box 3: 1 4
    box 4: 1 1
    box 5: 1 1
    box 6: 3 3
    box 7: 1 4
    box 8: 3 3
    box 9: 1 1
    box 10: 3 3
    box 11: 3 3
    box 12: 1 1

In 35.7238 seconds (average)
--------------------
1)
  | W
L | 0 1 2 3 4 5 6 7 8  9 10 
-----------------------------
0 | 1 1 1 2 2 2 3 3 3  8  8 
1 | 1 1 1 2 2 2 3 3 3  9 10 
2 | 1 1 1 2 2 2 3 3 3 11 12 
3 | 4 4 4 5 5 5 6 6 6  6  . 
4 | 4 4 4 5 5 5 7 7 7  7  . 
5 | 4 4 4 5 5 5 . . .  .  . 

Boxes' corners:       (w,l)
    Box  1 is at 
        top left     (0,0)
        bottom right (2,2)

    Box  2 is at 
        top left     (3,0)
        bottom right (5,2)

    Box  3 is at 
        top left     (6,0)
        bottom right (8,2)

    Box  4 is at 
        top left     (0,3)
        bottom right (2,5)

    Box  5 is at 
        top left     (3,3)
        bottom right (5,5)

    Box  6 is at 
        top left     (6,3)
        bottom right (9,3)

    Box  7 is at 
        top left     (6,4)
        bottom right (9,4)

    Box  8 is at 
        top left     (9,0)
        bottom right (10,0)

    Box  9 is at 
        top left     (9,1)
        bottom right (9,1)

    Box 10 is at 
        top left     (10,1)
        bottom right (10,1)

    Box 11 is at 
        top left     (9,2)
        bottom right (9,2)

    Box 12 is at 
        top left     (10,2)
        bottom right (10,2)

    Roll length used: 6
--------------------
  | W
L | 0 1 2 3 4 5 6 7 8  9 10 
-----------------------------
0 | 1 1 1 2 2 2 3 3 3  8  8 
1 | 1 1 1 2 2 2 3 3 3  9 10 
2 | 1 1 1 2 2 2 3 3 3 11 12 
3 | 4 4 4 5 5 5 6 6 6  6  . 
4 | 4 4 4 5 5 5 7 7 7  7  . 
5 | 4 4 4 5 5 5 . . .  .  . 

Boxes' corners:       (w,l)
    Box  1 is at 
        top left     (0,0)
        bottom right (2,2)

    Box  2 is at 
        top left     (3,0)
        bottom right (5,2)

    Box  3 is at 
        top left     (6,0)
        bottom right (8,2)

    Box  4 is at 
        top left     (0,3)
        bottom right (2,5)

    Box  5 is at 
        top left     (3,3)
        bottom right (5,5)

    Box  6 is at 
        top left     (6,3)
        bottom right (9,3)

    Box  7 is at 
        top left     (6,4)
        bottom right (9,4)

    Box  8 is at 
        top left     (9,0)
        bottom right (10,0)

    Box  9 is at 
        top left     (9,1)
        bottom right (9,1)

    Box 10 is at 
        top left     (10,1)
        bottom right (10,1)

    Box 11 is at 
        top left     (9,2)
        bottom right (9,2)

    Box 12 is at 
        top left     (10,2)
        bottom right (10,2)

    Roll length used: 6
