Sat 19 May 18:27:53 CEST 2018
Increasing area preprocessing
    W=7
    sum lengths=   20
    sum max sides= 20
    box 1: 1 1
    box 2: 1 1
    box 3: 1 2
    box 4: 1 2
    box 5: 1 2
    box 6: 1 2
    box 7: 2 2
    box 8: 2 2
    box 9: 2 2
    box 10: 2 2
    box 11: 2 2

1)
   | W
 L |  0  1 2 3  4  5 6 
----------------------
 0 |  1  2 3 3  4  4 . 
 1 |  5  5 6 6  7  7 . 
 2 |  8  8 9 9  7  7 . 
 3 |  8  8 9 9 10 10 . 
 4 | 11 11 . . 10 10 . 
 5 | 11 11 . .  .  . . 
 6 |  .  . . .  .  . . 
 7 |  .  . . .  .  . . 
 8 |  .  . . .  .  . . 
 9 |  .  . . .  .  . . 
10 |  .  . . .  .  . . 
11 |  .  . . .  .  . . 
12 |  .  . . .  .  . . 
13 |  .  . . .  .  . . 
14 |  .  . . .  .  . . 
15 |  .  . . .  .  . . 
16 |  .  . . .  .  . . 
17 |  .  . . .  .  . . 
18 |  .  . . .  .  . . 
19 |  .  . . .  .  . . 

Boxes' corners:       (w,l)
    Box  1 is at 
        top left     (0,0)
        bottom right (0,0)

    Box  2 is at 
        top left     (1,0)
        bottom right (1,0)

    Box  3 is at 
        top left     (2,0)
        bottom right (3,0)

    Box  4 is at 
        top left     (4,0)
        bottom right (5,0)

    Box  5 is at 
        top left     (0,1)
        bottom right (1,1)

    Box  6 is at 
        top left     (2,1)
        bottom right (3,1)

    Box  7 is at 
        top left     (4,1)
        bottom right (5,2)

    Box  8 is at 
        top left     (0,2)
        bottom right (1,3)

    Box  9 is at 
        top left     (2,2)
        bottom right (3,3)

    Box 10 is at 
        top left     (4,3)
        bottom right (5,4)

    Box 11 is at 
        top left     (0,4)
        bottom right (1,5)

    Roll length used: 6

2)
   | W
 L | 0 1  2  3  4  5 6 
----------------------
 0 | 1 2  3  3  4  4 . 
 1 | 5 5  7  7  8  8 . 
 2 | 6 6  7  7  8  8 . 
 3 | 9 9 10 10 11 11 . 
 4 | 9 9 10 10 11 11 . 
 5 | . .  .  .  .  . . 
 6 | . .  .  .  .  . . 
 7 | . .  .  .  .  . . 
 8 | . .  .  .  .  . . 
 9 | . .  .  .  .  . . 
10 | . .  .  .  .  . . 
11 | . .  .  .  .  . . 
12 | . .  .  .  .  . . 
13 | . .  .  .  .  . . 
14 | . .  .  .  .  . . 
15 | . .  .  .  .  . . 
16 | . .  .  .  .  . . 
17 | . .  .  .  .  . . 
18 | . .  .  .  .  . . 
19 | . .  .  .  .  . . 

Boxes' corners:       (w,l)
    Box  1 is at 
        top left     (0,0)
        bottom right (0,0)

    Box  2 is at 
        top left     (1,0)
        bottom right (1,0)

    Box  3 is at 
        top left     (2,0)
        bottom right (3,0)

    Box  4 is at 
        top left     (4,0)
        bottom right (5,0)

    Box  5 is at 
        top left     (0,1)
        bottom right (1,1)

    Box  6 is at 
        top left     (0,2)
        bottom right (1,2)

    Box  7 is at 
        top left     (2,1)
        bottom right (3,2)

    Box  8 is at 
        top left     (4,1)
        bottom right (5,2)

    Box  9 is at 
        top left     (0,3)
        bottom right (1,4)

    Box 10 is at 
        top left     (2,3)
        bottom right (3,4)

    Box 11 is at 
        top left     (4,3)
        bottom right (5,4)

    Roll length used: 5

Increasing width preprocessing
    W=7
    sum lengths=   20
    sum max sides= 20
    box 1: 1 1
    box 2: 1 1
    box 3: 1 2
    box 4: 1 2
    box 5: 1 2
    box 6: 1 2
    box 7: 2 2
    box 8: 2 2
    box 9: 2 2
    box 10: 2 2
    box 11: 2 2

Decreasing area preprocessing
    W=7
    sum lengths=   20
    sum max sides= 20
    box 1: 2 2
    box 2: 2 2
    box 3: 2 2
    box 4: 2 2
    box 5: 2 2
    box 6: 1 2
    box 7: 1 2
    box 8: 1 2
    box 9: 1 2
    box 10: 1 1
    box 11: 1 1

Decreasing width preprocessing
    W=7
    sum lengths=   20
    sum max sides= 20
    box 1: 2 2
    box 2: 2 2
    box 3: 2 2
    box 4: 2 2
    box 5: 2 2
    box 6: 1 2
    box 7: 1 2
    box 8: 1 2
    box 9: 1 2
    box 10: 1 1
    box 11: 1 1

----------------------------
Random preprocessing 1)
    W=7
    sum lengths=   20
    sum max sides= 20
    box 1: 2 2
    box 2: 1 1
    box 3: 2 2
    box 4: 1 2
    box 5: 1 1
    box 6: 1 2
    box 7: 2 2
    box 8: 1 2
    box 9: 1 2
    box 10: 2 2
    box 11: 2 2

----------------------------
Random preprocessing 2)
    W=7
    sum lengths=   20
    sum max sides= 20
    box 1: 2 2
    box 2: 2 2
    box 3: 2 2
    box 4: 1 2
    box 5: 1 2
    box 6: 1 2
    box 7: 1 2
    box 8: 1 1
    box 9: 2 2
    box 10: 2 2
    box 11: 1 1

----------------------------
Random preprocessing 3)
    W=7
    sum lengths=   20
    sum max sides= 20
    box 1: 1 1
    box 2: 2 2
    box 3: 1 2
    box 4: 1 2
    box 5: 1 1
    box 6: 2 2
    box 7: 1 2
    box 8: 1 2
    box 9: 2 2
    box 10: 2 2
    box 11: 2 2

----------------------------
Random preprocessing 4)
    W=7
    sum lengths=   20
    sum max sides= 20
    box 1: 2 2
    box 2: 1 2
    box 3: 1 1
    box 4: 1 2
    box 5: 2 2
    box 6: 2 2
    box 7: 2 2
    box 8: 1 2
    box 9: 2 2
    box 10: 1 2
    box 11: 1 1

----------------------------
Random preprocessing 5)
    W=7
    sum lengths=   20
    sum max sides= 20
    box 1: 2 2
    box 2: 2 2
    box 3: 1 2
    box 4: 2 2
    box 5: 1 1
    box 6: 2 2
    box 7: 1 2
    box 8: 1 2
    box 9: 1 2
    box 10: 1 1
    box 11: 2 2

In 43.543 seconds (average)
--------------------
1)
   | W
 L | 0 1  2  3  4  5 6 
----------------------
 0 | 1 2  3  3  4  4 . 
 1 | 5 5  7  7  8  8 . 
 2 | 6 6  7  7  8  8 . 
 3 | 9 9 10 10 11 11 . 
 4 | 9 9 10 10 11 11 . 
 5 | . .  .  .  .  . . 
 6 | . .  .  .  .  . . 
 7 | . .  .  .  .  . . 
 8 | . .  .  .  .  . . 
 9 | . .  .  .  .  . . 
10 | . .  .  .  .  . . 
11 | . .  .  .  .  . . 
12 | . .  .  .  .  . . 
13 | . .  .  .  .  . . 
14 | . .  .  .  .  . . 
15 | . .  .  .  .  . . 
16 | . .  .  .  .  . . 
17 | . .  .  .  .  . . 
18 | . .  .  .  .  . . 
19 | . .  .  .  .  . . 

Boxes' corners:       (w,l)
    Box  1 is at 
        top left     (0,0)
        bottom right (0,0)

    Box  2 is at 
        top left     (1,0)
        bottom right (1,0)

    Box  3 is at 
        top left     (2,0)
        bottom right (3,0)

    Box  4 is at 
        top left     (4,0)
        bottom right (5,0)

    Box  5 is at 
        top left     (0,1)
        bottom right (1,1)

    Box  6 is at 
        top left     (0,2)
        bottom right (1,2)

    Box  7 is at 
        top left     (2,1)
        bottom right (3,2)

    Box  8 is at 
        top left     (4,1)
        bottom right (5,2)

    Box  9 is at 
        top left     (0,3)
        bottom right (1,4)

    Box 10 is at 
        top left     (2,3)
        bottom right (3,4)

    Box 11 is at 
        top left     (4,3)
        bottom right (5,4)

    Roll length used: 5
--------------------
   | W
 L | 0 1  2  3  4  5 6 
----------------------
 0 | 1 2  3  3  4  4 . 
 1 | 5 5  7  7  8  8 . 
 2 | 6 6  7  7  8  8 . 
 3 | 9 9 10 10 11 11 . 
 4 | 9 9 10 10 11 11 . 
 5 | . .  .  .  .  . . 
 6 | . .  .  .  .  . . 
 7 | . .  .  .  .  . . 
 8 | . .  .  .  .  . . 
 9 | . .  .  .  .  . . 
10 | . .  .  .  .  . . 
11 | . .  .  .  .  . . 
12 | . .  .  .  .  . . 
13 | . .  .  .  .  . . 
14 | . .  .  .  .  . . 
15 | . .  .  .  .  . . 
16 | . .  .  .  .  . . 
17 | . .  .  .  .  . . 
18 | . .  .  .  .  . . 
19 | . .  .  .  .  . . 

Boxes' corners:       (w,l)
    Box  1 is at 
        top left     (0,0)
        bottom right (0,0)

    Box  2 is at 
        top left     (1,0)
        bottom right (1,0)

    Box  3 is at 
        top left     (2,0)
        bottom right (3,0)

    Box  4 is at 
        top left     (4,0)
        bottom right (5,0)

    Box  5 is at 
        top left     (0,1)
        bottom right (1,1)

    Box  6 is at 
        top left     (0,2)
        bottom right (1,2)

    Box  7 is at 
        top left     (2,1)
        bottom right (3,2)

    Box  8 is at 
        top left     (4,1)
        bottom right (5,2)

    Box  9 is at 
        top left     (0,3)
        bottom right (1,4)

    Box 10 is at 
        top left     (2,3)
        bottom right (3,4)

    Box 11 is at 
        top left     (4,3)
        bottom right (5,4)

    Roll length used: 5
