Sat 19 May 18:33:58 CEST 2018
Increasing area preprocessing
    W=9
    sum lengths=   14
    sum max sides= 14
    box 1: 1 1
    box 2: 1 1
    box 3: 1 1
    box 4: 1 1
    box 5: 1 2
    box 6: 1 2
    box 7: 2 2
    box 8: 2 2
    box 9: 2 2

1)
   | W
 L | 0 1 2 3 4 5 6 7 8 
----------------------
 0 | 1 2 3 4 5 5 6 6 . 
 1 | 7 7 8 8 9 9 . . . 
 2 | 7 7 8 8 9 9 . . . 
 3 | . . . . . . . . . 
 4 | . . . . . . . . . 
 5 | . . . . . . . . . 
 6 | . . . . . . . . . 
 7 | . . . . . . . . . 
 8 | . . . . . . . . . 
 9 | . . . . . . . . . 
10 | . . . . . . . . . 
11 | . . . . . . . . . 
12 | . . . . . . . . . 
13 | . . . . . . . . . 

Boxes' corners:      (w,l)
    Box 1 is at 
        top left     (0,0)
        bottom right (0,0)

    Box 2 is at 
        top left     (1,0)
        bottom right (1,0)

    Box 3 is at 
        top left     (2,0)
        bottom right (2,0)

    Box 4 is at 
        top left     (3,0)
        bottom right (3,0)

    Box 5 is at 
        top left     (4,0)
        bottom right (5,0)

    Box 6 is at 
        top left     (6,0)
        bottom right (7,0)

    Box 7 is at 
        top left     (0,1)
        bottom right (1,2)

    Box 8 is at 
        top left     (2,1)
        bottom right (3,2)

    Box 9 is at 
        top left     (4,1)
        bottom right (5,2)

    Roll length used: 3

Increasing width preprocessing
    W=9
    sum lengths=   14
    sum max sides= 14
    box 1: 1 1
    box 2: 1 1
    box 3: 1 1
    box 4: 1 1
    box 5: 1 2
    box 6: 1 2
    box 7: 2 2
    box 8: 2 2
    box 9: 2 2

Decreasing area preprocessing
    W=9
    sum lengths=   14
    sum max sides= 14
    box 1: 2 2
    box 2: 2 2
    box 3: 2 2
    box 4: 1 2
    box 5: 1 2
    box 6: 1 1
    box 7: 1 1
    box 8: 1 1
    box 9: 1 1

Decreasing width preprocessing
    W=9
    sum lengths=   14
    sum max sides= 14
    box 1: 2 2
    box 2: 2 2
    box 3: 2 2
    box 4: 1 2
    box 5: 1 2
    box 6: 1 1
    box 7: 1 1
    box 8: 1 1
    box 9: 1 1

----------------------------
Random preprocessing 1)
    W=9
    sum lengths=   14
    sum max sides= 14
    box 1: 1 1
    box 2: 1 1
    box 3: 1 2
    box 4: 1 1
    box 5: 2 2
    box 6: 2 2
    box 7: 2 2
    box 8: 1 1
    box 9: 1 2

----------------------------
Random preprocessing 2)
    W=9
    sum lengths=   14
    sum max sides= 14
    box 1: 2 2
    box 2: 1 1
    box 3: 2 2
    box 4: 1 2
    box 5: 2 2
    box 6: 1 2
    box 7: 1 1
    box 8: 1 1
    box 9: 1 1

----------------------------
Random preprocessing 3)
    W=9
    sum lengths=   14
    sum max sides= 14
    box 1: 1 1
    box 2: 1 1
    box 3: 1 1
    box 4: 1 1
    box 5: 1 2
    box 6: 1 2
    box 7: 2 2
    box 8: 2 2
    box 9: 2 2

----------------------------
Random preprocessing 4)
    W=9
    sum lengths=   14
    sum max sides= 14
    box 1: 2 2
    box 2: 1 1
    box 3: 1 1
    box 4: 1 2
    box 5: 2 2
    box 6: 1 2
    box 7: 2 2
    box 8: 1 1
    box 9: 1 1

----------------------------
Random preprocessing 5)
    W=9
    sum lengths=   14
    sum max sides= 14
    box 1: 2 2
    box 2: 1 1
    box 3: 1 2
    box 4: 2 2
    box 5: 1 1
    box 6: 2 2
    box 7: 1 1
    box 8: 1 2
    box 9: 1 1

In 17.9783 seconds (average)
--------------------
1)
   | W
 L | 0 1 2 3 4 5 6 7 8 
----------------------
 0 | 1 2 3 4 5 5 6 6 . 
 1 | 7 7 8 8 9 9 . . . 
 2 | 7 7 8 8 9 9 . . . 
 3 | . . . . . . . . . 
 4 | . . . . . . . . . 
 5 | . . . . . . . . . 
 6 | . . . . . . . . . 
 7 | . . . . . . . . . 
 8 | . . . . . . . . . 
 9 | . . . . . . . . . 
10 | . . . . . . . . . 
11 | . . . . . . . . . 
12 | . . . . . . . . . 
13 | . . . . . . . . . 

Boxes' corners:      (w,l)
    Box 1 is at 
        top left     (0,0)
        bottom right (0,0)

    Box 2 is at 
        top left     (1,0)
        bottom right (1,0)

    Box 3 is at 
        top left     (2,0)
        bottom right (2,0)

    Box 4 is at 
        top left     (3,0)
        bottom right (3,0)

    Box 5 is at 
        top left     (4,0)
        bottom right (5,0)

    Box 6 is at 
        top left     (6,0)
        bottom right (7,0)

    Box 7 is at 
        top left     (0,1)
        bottom right (1,2)

    Box 8 is at 
        top left     (2,1)
        bottom right (3,2)

    Box 9 is at 
        top left     (4,1)
        bottom right (5,2)

    Roll length used: 3
--------------------
   | W
 L | 0 1 2 3 4 5 6 7 8 
----------------------
 0 | 1 2 3 4 5 5 6 6 . 
 1 | 7 7 8 8 9 9 . . . 
 2 | 7 7 8 8 9 9 . . . 
 3 | . . . . . . . . . 
 4 | . . . . . . . . . 
 5 | . . . . . . . . . 
 6 | . . . . . . . . . 
 7 | . . . . . . . . . 
 8 | . . . . . . . . . 
 9 | . . . . . . . . . 
10 | . . . . . . . . . 
11 | . . . . . . . . . 
12 | . . . . . . . . . 
13 | . . . . . . . . . 

Boxes' corners:      (w,l)
    Box 1 is at 
        top left     (0,0)
        bottom right (0,0)

    Box 2 is at 
        top left     (1,0)
        bottom right (1,0)

    Box 3 is at 
        top left     (2,0)
        bottom right (2,0)

    Box 4 is at 
        top left     (3,0)
        bottom right (3,0)

    Box 5 is at 
        top left     (4,0)
        bottom right (5,0)

    Box 6 is at 
        top left     (6,0)
        bottom right (7,0)

    Box 7 is at 
        top left     (0,1)
        bottom right (1,2)

    Box 8 is at 
        top left     (2,1)
        bottom right (3,2)

    Box 9 is at 
        top left     (4,1)
        bottom right (5,2)

    Roll length used: 3
