Sat 19 May 18:31:56 CEST 2018
Increasing area preprocessing
    W=8
    sum lengths=   19
    sum max sides= 19
    box 1: 1 1
    box 2: 1 1
    box 3: 1 1
    box 4: 1 2
    box 5: 1 2
    box 6: 1 2
    box 7: 2 2
    box 8: 2 2
    box 9: 2 2
    box 10: 2 2
    box 11: 2 2

1)
   | W
 L |  0  1  2  3 4 5 6 7 
------------------------
 0 |  1  2  3  4 4 5 5 . 
 1 |  6  6  7  7 8 8 9 9 
 2 | 10 10  7  7 8 8 9 9 
 3 | 10 10 11 11 . . . . 
 4 |  .  . 11 11 . . . . 
 5 |  .  .  .  . . . . . 
 6 |  .  .  .  . . . . . 
 7 |  .  .  .  . . . . . 
 8 |  .  .  .  . . . . . 
 9 |  .  .  .  . . . . . 
10 |  .  .  .  . . . . . 
11 |  .  .  .  . . . . . 
12 |  .  .  .  . . . . . 
13 |  .  .  .  . . . . . 
14 |  .  .  .  . . . . . 
15 |  .  .  .  . . . . . 
16 |  .  .  .  . . . . . 
17 |  .  .  .  . . . . . 
18 |  .  .  .  . . . . . 

Boxes' corners:       (w,l)
    Box  1 is at 
        top left     (0,0)
        bottom right (0,0)

    Box  2 is at 
        top left     (1,0)
        bottom right (1,0)

    Box  3 is at 
        top left     (2,0)
        bottom right (2,0)

    Box  4 is at 
        top left     (3,0)
        bottom right (4,0)

    Box  5 is at 
        top left     (5,0)
        bottom right (6,0)

    Box  6 is at 
        top left     (0,1)
        bottom right (1,1)

    Box  7 is at 
        top left     (2,1)
        bottom right (3,2)

    Box  8 is at 
        top left     (4,1)
        bottom right (5,2)

    Box  9 is at 
        top left     (6,1)
        bottom right (7,2)

    Box 10 is at 
        top left     (0,2)
        bottom right (1,3)

    Box 11 is at 
        top left     (2,3)
        bottom right (3,4)

    Roll length used: 5

2)
   | W
 L | 0 1  2  3 4 5  6  7 
------------------------
 0 | 1 2  .  3 4 4  7  7 
 1 | 5 5  6  6 8 8  7  7 
 2 | 9 9 10 10 8 8 11 11 
 3 | 9 9 10 10 . . 11 11 
 4 | . .  .  . . .  .  . 
 5 | . .  .  . . .  .  . 
 6 | . .  .  . . .  .  . 
 7 | . .  .  . . .  .  . 
 8 | . .  .  . . .  .  . 
 9 | . .  .  . . .  .  . 
10 | . .  .  . . .  .  . 
11 | . .  .  . . .  .  . 
12 | . .  .  . . .  .  . 
13 | . .  .  . . .  .  . 
14 | . .  .  . . .  .  . 
15 | . .  .  . . .  .  . 
16 | . .  .  . . .  .  . 
17 | . .  .  . . .  .  . 
18 | . .  .  . . .  .  . 

Boxes' corners:       (w,l)
    Box  1 is at 
        top left     (0,0)
        bottom right (0,0)

    Box  2 is at 
        top left     (1,0)
        bottom right (1,0)

    Box  3 is at 
        top left     (3,0)
        bottom right (3,0)

    Box  4 is at 
        top left     (4,0)
        bottom right (5,0)

    Box  5 is at 
        top left     (0,1)
        bottom right (1,1)

    Box  6 is at 
        top left     (2,1)
        bottom right (3,1)

    Box  7 is at 
        top left     (6,0)
        bottom right (7,1)

    Box  8 is at 
        top left     (4,1)
        bottom right (5,2)

    Box  9 is at 
        top left     (0,2)
        bottom right (1,3)

    Box 10 is at 
        top left     (2,2)
        bottom right (3,3)

    Box 11 is at 
        top left     (6,2)
        bottom right (7,3)

    Roll length used: 4

Increasing width preprocessing
    W=8
    sum lengths=   19
    sum max sides= 19
    box 1: 1 1
    box 2: 1 1
    box 3: 1 1
    box 4: 1 2
    box 5: 1 2
    box 6: 1 2
    box 7: 2 2
    box 8: 2 2
    box 9: 2 2
    box 10: 2 2
    box 11: 2 2

Decreasing area preprocessing
    W=8
    sum lengths=   19
    sum max sides= 19
    box 1: 2 2
    box 2: 2 2
    box 3: 2 2
    box 4: 2 2
    box 5: 2 2
    box 6: 1 2
    box 7: 1 2
    box 8: 1 2
    box 9: 1 1
    box 10: 1 1
    box 11: 1 1

Decreasing width preprocessing
    W=8
    sum lengths=   19
    sum max sides= 19
    box 1: 2 2
    box 2: 2 2
    box 3: 2 2
    box 4: 2 2
    box 5: 2 2
    box 6: 1 2
    box 7: 1 2
    box 8: 1 2
    box 9: 1 1
    box 10: 1 1
    box 11: 1 1

----------------------------
Random preprocessing 1)
    W=8
    sum lengths=   19
    sum max sides= 19
    box 1: 2 2
    box 2: 1 1
    box 3: 2 2
    box 4: 1 2
    box 5: 2 2
    box 6: 1 1
    box 7: 1 2
    box 8: 1 2
    box 9: 1 1
    box 10: 2 2
    box 11: 2 2

----------------------------
Random preprocessing 2)
    W=8
    sum lengths=   19
    sum max sides= 19
    box 1: 1 1
    box 2: 2 2
    box 3: 1 2
    box 4: 2 2
    box 5: 2 2
    box 6: 1 1
    box 7: 1 2
    box 8: 1 1
    box 9: 1 2
    box 10: 2 2
    box 11: 2 2

----------------------------
Random preprocessing 3)
    W=8
    sum lengths=   19
    sum max sides= 19
    box 1: 2 2
    box 2: 2 2
    box 3: 1 1
    box 4: 2 2
    box 5: 1 2
    box 6: 2 2
    box 7: 1 2
    box 8: 1 1
    box 9: 1 2
    box 10: 2 2
    box 11: 1 1

----------------------------
Random preprocessing 4)
    W=8
    sum lengths=   19
    sum max sides= 19
    box 1: 1 1
    box 2: 2 2
    box 3: 1 2
    box 4: 2 2
    box 5: 1 1
    box 6: 1 2
    box 7: 1 2
    box 8: 2 2
    box 9: 1 1
    box 10: 2 2
    box 11: 2 2

----------------------------
Random preprocessing 5)
    W=8
    sum lengths=   19
    sum max sides= 19
    box 1: 1 2
    box 2: 2 2
    box 3: 1 1
    box 4: 1 1
    box 5: 1 2
    box 6: 2 2
    box 7: 2 2
    box 8: 1 1
    box 9: 2 2
    box 10: 1 2
    box 11: 2 2

In 30.0573 seconds (average)
--------------------
1)
   | W
 L | 0 1  2  3 4 5  6  7 
------------------------
 0 | 1 2  .  3 4 4  7  7 
 1 | 5 5  6  6 8 8  7  7 
 2 | 9 9 10 10 8 8 11 11 
 3 | 9 9 10 10 . . 11 11 
 4 | . .  .  . . .  .  . 
 5 | . .  .  . . .  .  . 
 6 | . .  .  . . .  .  . 
 7 | . .  .  . . .  .  . 
 8 | . .  .  . . .  .  . 
 9 | . .  .  . . .  .  . 
10 | . .  .  . . .  .  . 
11 | . .  .  . . .  .  . 
12 | . .  .  . . .  .  . 
13 | . .  .  . . .  .  . 
14 | . .  .  . . .  .  . 
15 | . .  .  . . .  .  . 
16 | . .  .  . . .  .  . 
17 | . .  .  . . .  .  . 
18 | . .  .  . . .  .  . 

Boxes' corners:       (w,l)
    Box  1 is at 
        top left     (0,0)
        bottom right (0,0)

    Box  2 is at 
        top left     (1,0)
        bottom right (1,0)

    Box  3 is at 
        top left     (3,0)
        bottom right (3,0)

    Box  4 is at 
        top left     (4,0)
        bottom right (5,0)

    Box  5 is at 
        top left     (0,1)
        bottom right (1,1)

    Box  6 is at 
        top left     (2,1)
        bottom right (3,1)

    Box  7 is at 
        top left     (6,0)
        bottom right (7,1)

    Box  8 is at 
        top left     (4,1)
        bottom right (5,2)

    Box  9 is at 
        top left     (0,2)
        bottom right (1,3)

    Box 10 is at 
        top left     (2,2)
        bottom right (3,3)

    Box 11 is at 
        top left     (6,2)
        bottom right (7,3)

    Roll length used: 4
--------------------
   | W
 L | 0 1  2  3 4 5  6  7 
------------------------
 0 | 1 2  .  3 4 4  7  7 
 1 | 5 5  6  6 8 8  7  7 
 2 | 9 9 10 10 8 8 11 11 
 3 | 9 9 10 10 . . 11 11 
 4 | . .  .  . . .  .  . 
 5 | . .  .  . . .  .  . 
 6 | . .  .  . . .  .  . 
 7 | . .  .  . . .  .  . 
 8 | . .  .  . . .  .  . 
 9 | . .  .  . . .  .  . 
10 | . .  .  . . .  .  . 
11 | . .  .  . . .  .  . 
12 | . .  .  . . .  .  . 
13 | . .  .  . . .  .  . 
14 | . .  .  . . .  .  . 
15 | . .  .  . . .  .  . 
16 | . .  .  . . .  .  . 
17 | . .  .  . . .  .  . 
18 | . .  .  . . .  .  . 

Boxes' corners:       (w,l)
    Box  1 is at 
        top left     (0,0)
        bottom right (0,0)

    Box  2 is at 
        top left     (1,0)
        bottom right (1,0)

    Box  3 is at 
        top left     (3,0)
        bottom right (3,0)

    Box  4 is at 
        top left     (4,0)
        bottom right (5,0)

    Box  5 is at 
        top left     (0,1)
        bottom right (1,1)

    Box  6 is at 
        top left     (2,1)
        bottom right (3,1)

    Box  7 is at 
        top left     (6,0)
        bottom right (7,1)

    Box  8 is at 
        top left     (4,1)
        bottom right (5,2)

    Box  9 is at 
        top left     (0,2)
        bottom right (1,3)

    Box 10 is at 
        top left     (2,2)
        bottom right (3,3)

    Box 11 is at 
        top left     (6,2)
        bottom right (7,3)

    Roll length used: 4
