Sat 19 May 18:20:26 CEST 2018
Increasing area preprocessing
    W=5
    sum lengths=   25
    sum max sides= 25
    box 1: 2 5
    box 2: 2 5
    box 3: 2 5
    box 4: 2 5
    box 5: 2 5

1)
   | W
 L | 0 1 2 3 4 
--------------
 0 | 1 1 1 1 1 
 1 | 1 1 1 1 1 
 2 | 2 2 2 2 2 
 3 | 2 2 2 2 2 
 4 | 3 3 3 3 3 
 5 | 3 3 3 3 3 
 6 | 4 4 4 4 4 
 7 | 4 4 4 4 4 
 8 | 5 5 5 5 5 
 9 | 5 5 5 5 5 
10 | . . . . . 
11 | . . . . . 
12 | . . . . . 
13 | . . . . . 
14 | . . . . . 
15 | . . . . . 
16 | . . . . . 
17 | . . . . . 
18 | . . . . . 
19 | . . . . . 
20 | . . . . . 
21 | . . . . . 
22 | . . . . . 
23 | . . . . . 
24 | . . . . . 

Boxes' corners:      (w,l)
    Box 1 is at 
        top left     (0,0)
        bottom right (4,1)

    Box 2 is at 
        top left     (0,2)
        bottom right (4,3)

    Box 3 is at 
        top left     (0,4)
        bottom right (4,5)

    Box 4 is at 
        top left     (0,6)
        bottom right (4,7)

    Box 5 is at 
        top left     (0,8)
        bottom right (4,9)

    Roll length used: 10

Increasing width preprocessing
    W=5
    sum lengths=   25
    sum max sides= 25
    box 1: 2 5
    box 2: 2 5
    box 3: 2 5
    box 4: 2 5
    box 5: 2 5

Decreasing area preprocessing
    W=5
    sum lengths=   25
    sum max sides= 25
    box 1: 2 5
    box 2: 2 5
    box 3: 2 5
    box 4: 2 5
    box 5: 2 5

Decreasing width preprocessing
    W=5
    sum lengths=   25
    sum max sides= 25
    box 1: 2 5
    box 2: 2 5
    box 3: 2 5
    box 4: 2 5
    box 5: 2 5

----------------------------
Random preprocessing 1)
    W=5
    sum lengths=   25
    sum max sides= 25
    box 1: 2 5
    box 2: 2 5
    box 3: 2 5
    box 4: 2 5
    box 5: 2 5

----------------------------
Random preprocessing 2)
    W=5
    sum lengths=   25
    sum max sides= 25
    box 1: 2 5
    box 2: 2 5
    box 3: 2 5
    box 4: 2 5
    box 5: 2 5

----------------------------
Random preprocessing 3)
    W=5
    sum lengths=   25
    sum max sides= 25
    box 1: 2 5
    box 2: 2 5
    box 3: 2 5
    box 4: 2 5
    box 5: 2 5

----------------------------
Random preprocessing 4)
    W=5
    sum lengths=   25
    sum max sides= 25
    box 1: 2 5
    box 2: 2 5
    box 3: 2 5
    box 4: 2 5
    box 5: 2 5

----------------------------
Random preprocessing 5)
    W=5
    sum lengths=   25
    sum max sides= 25
    box 1: 2 5
    box 2: 2 5
    box 3: 2 5
    box 4: 2 5
    box 5: 2 5

In 1.37482 seconds (average)
--------------------
1)
   | W
 L | 0 1 2 3 4 
--------------
 0 | 1 1 1 1 1 
 1 | 1 1 1 1 1 
 2 | 2 2 2 2 2 
 3 | 2 2 2 2 2 
 4 | 3 3 3 3 3 
 5 | 3 3 3 3 3 
 6 | 4 4 4 4 4 
 7 | 4 4 4 4 4 
 8 | 5 5 5 5 5 
 9 | 5 5 5 5 5 
10 | . . . . . 
11 | . . . . . 
12 | . . . . . 
13 | . . . . . 
14 | . . . . . 
15 | . . . . . 
16 | . . . . . 
17 | . . . . . 
18 | . . . . . 
19 | . . . . . 
20 | . . . . . 
21 | . . . . . 
22 | . . . . . 
23 | . . . . . 
24 | . . . . . 

Boxes' corners:      (w,l)
    Box 1 is at 
        top left     (0,0)
        bottom right (4,1)

    Box 2 is at 
        top left     (0,2)
        bottom right (4,3)

    Box 3 is at 
        top left     (0,4)
        bottom right (4,5)

    Box 4 is at 
        top left     (0,6)
        bottom right (4,7)

    Box 5 is at 
        top left     (0,8)
        bottom right (4,9)

    Roll length used: 10
--------------------
   | W
 L | 0 1 2 3 4 
--------------
 0 | 1 1 1 1 1 
 1 | 1 1 1 1 1 
 2 | 2 2 2 2 2 
 3 | 2 2 2 2 2 
 4 | 3 3 3 3 3 
 5 | 3 3 3 3 3 
 6 | 4 4 4 4 4 
 7 | 4 4 4 4 4 
 8 | 5 5 5 5 5 
 9 | 5 5 5 5 5 
10 | . . . . . 
11 | . . . . . 
12 | . . . . . 
13 | . . . . . 
14 | . . . . . 
15 | . . . . . 
16 | . . . . . 
17 | . . . . . 
18 | . . . . . 
19 | . . . . . 
20 | . . . . . 
21 | . . . . . 
22 | . . . . . 
23 | . . . . . 
24 | . . . . . 

Boxes' corners:      (w,l)
    Box 1 is at 
        top left     (0,0)
        bottom right (4,1)

    Box 2 is at 
        top left     (0,2)
        bottom right (4,3)

    Box 3 is at 
        top left     (0,4)
        bottom right (4,5)

    Box 4 is at 
        top left     (0,6)
        bottom right (4,7)

    Box 5 is at 
        top left     (0,8)
        bottom right (4,9)

    Roll length used: 10
