Sat 19 May 18:40:14 CEST 2018
Increasing area preprocessing
    W=11
    sum lengths=   20
    sum max sides= 20
    box 1: 1 4
    box 2: 1 4
    box 3: 1 4
    box 4: 1 4
    box 5: 1 4

1)
   | W
 L | 0 1 2 3 4 5 6 7 8 9 10 
----------------------------
 0 | 1 1 1 1 2 2 2 2 . .  . 
 1 | 3 3 3 3 4 4 4 4 . .  . 
 2 | 5 5 5 5 . . . . . .  . 
 3 | . . . . . . . . . .  . 
 4 | . . . . . . . . . .  . 
 5 | . . . . . . . . . .  . 
 6 | . . . . . . . . . .  . 
 7 | . . . . . . . . . .  . 
 8 | . . . . . . . . . .  . 
 9 | . . . . . . . . . .  . 
10 | . . . . . . . . . .  . 
11 | . . . . . . . . . .  . 
12 | . . . . . . . . . .  . 
13 | . . . . . . . . . .  . 
14 | . . . . . . . . . .  . 
15 | . . . . . . . . . .  . 
16 | . . . . . . . . . .  . 
17 | . . . . . . . . . .  . 
18 | . . . . . . . . . .  . 
19 | . . . . . . . . . .  . 

Boxes' corners:      (w,l)
    Box 1 is at 
        top left     (0,0)
        bottom right (3,0)

    Box 2 is at 
        top left     (4,0)
        bottom right (7,0)

    Box 3 is at 
        top left     (0,1)
        bottom right (3,1)

    Box 4 is at 
        top left     (4,1)
        bottom right (7,1)

    Box 5 is at 
        top left     (0,2)
        bottom right (3,2)

    Roll length used: 3

Increasing width preprocessing
    W=11
    sum lengths=   20
    sum max sides= 20
    box 1: 1 4
    box 2: 1 4
    box 3: 1 4
    box 4: 1 4
    box 5: 1 4

Decreasing area preprocessing
    W=11
    sum lengths=   20
    sum max sides= 20
    box 1: 1 4
    box 2: 1 4
    box 3: 1 4
    box 4: 1 4
    box 5: 1 4

Decreasing width preprocessing
    W=11
    sum lengths=   20
    sum max sides= 20
    box 1: 1 4
    box 2: 1 4
    box 3: 1 4
    box 4: 1 4
    box 5: 1 4

----------------------------
Random preprocessing 1)
    W=11
    sum lengths=   20
    sum max sides= 20
    box 1: 1 4
    box 2: 1 4
    box 3: 1 4
    box 4: 1 4
    box 5: 1 4

----------------------------
Random preprocessing 2)
    W=11
    sum lengths=   20
    sum max sides= 20
    box 1: 1 4
    box 2: 1 4
    box 3: 1 4
    box 4: 1 4
    box 5: 1 4

----------------------------
Random preprocessing 3)
    W=11
    sum lengths=   20
    sum max sides= 20
    box 1: 1 4
    box 2: 1 4
    box 3: 1 4
    box 4: 1 4
    box 5: 1 4

----------------------------
Random preprocessing 4)
    W=11
    sum lengths=   20
    sum max sides= 20
    box 1: 1 4
    box 2: 1 4
    box 3: 1 4
    box 4: 1 4
    box 5: 1 4

----------------------------
Random preprocessing 5)
    W=11
    sum lengths=   20
    sum max sides= 20
    box 1: 1 4
    box 2: 1 4
    box 3: 1 4
    box 4: 1 4
    box 5: 1 4

In 0.208644 seconds (average)
--------------------
1)
   | W
 L | 0 1 2 3 4 5 6 7 8 9 10 
----------------------------
 0 | 1 1 1 1 2 2 2 2 . .  . 
 1 | 3 3 3 3 4 4 4 4 . .  . 
 2 | 5 5 5 5 . . . . . .  . 
 3 | . . . . . . . . . .  . 
 4 | . . . . . . . . . .  . 
 5 | . . . . . . . . . .  . 
 6 | . . . . . . . . . .  . 
 7 | . . . . . . . . . .  . 
 8 | . . . . . . . . . .  . 
 9 | . . . . . . . . . .  . 
10 | . . . . . . . . . .  . 
11 | . . . . . . . . . .  . 
12 | . . . . . . . . . .  . 
13 | . . . . . . . . . .  . 
14 | . . . . . . . . . .  . 
15 | . . . . . . . . . .  . 
16 | . . . . . . . . . .  . 
17 | . . . . . . . . . .  . 
18 | . . . . . . . . . .  . 
19 | . . . . . . . . . .  . 

Boxes' corners:      (w,l)
    Box 1 is at 
        top left     (0,0)
        bottom right (3,0)

    Box 2 is at 
        top left     (4,0)
        bottom right (7,0)

    Box 3 is at 
        top left     (0,1)
        bottom right (3,1)

    Box 4 is at 
        top left     (4,1)
        bottom right (7,1)

    Box 5 is at 
        top left     (0,2)
        bottom right (3,2)

    Roll length used: 3
--------------------
   | W
 L | 0 1 2 3 4 5 6 7 8 9 10 
----------------------------
 0 | 1 1 1 1 2 2 2 2 . .  . 
 1 | 3 3 3 3 4 4 4 4 . .  . 
 2 | 5 5 5 5 . . . . . .  . 
 3 | . . . . . . . . . .  . 
 4 | . . . . . . . . . .  . 
 5 | . . . . . . . . . .  . 
 6 | . . . . . . . . . .  . 
 7 | . . . . . . . . . .  . 
 8 | . . . . . . . . . .  . 
 9 | . . . . . . . . . .  . 
10 | . . . . . . . . . .  . 
11 | . . . . . . . . . .  . 
12 | . . . . . . . . . .  . 
13 | . . . . . . . . . .  . 
14 | . . . . . . . . . .  . 
15 | . . . . . . . . . .  . 
16 | . . . . . . . . . .  . 
17 | . . . . . . . . . .  . 
18 | . . . . . . . . . .  . 
19 | . . . . . . . . . .  . 

Boxes' corners:      (w,l)
    Box 1 is at 
        top left     (0,0)
        bottom right (3,0)

    Box 2 is at 
        top left     (4,0)
        bottom right (7,0)

    Box 3 is at 
        top left     (0,1)
        bottom right (3,1)

    Box 4 is at 
        top left     (4,1)
        bottom right (7,1)

    Box 5 is at 
        top left     (0,2)
        bottom right (3,2)

    Roll length used: 3
