Sat 19 May 18:23:40 CEST 2018
Increasing area preprocessing
    W=6
    sum lengths=   18
    sum max sides= 18
    box 1: 1 1
    box 2: 2 2
    box 3: 2 2
    box 4: 2 2
    box 5: 2 2
    box 6: 2 2
    box 7: 2 7

1)
   | W
 L | 0 1 2 3 4 5 
----------------
 0 | 1 2 2 3 3 . 
 1 | . 2 2 3 3 . 
 2 | 4 4 5 5 6 6 
 3 | 4 4 5 5 6 6 
 4 | 7 7 . . . . 
 5 | 7 7 . . . . 
 6 | 7 7 . . . . 
 7 | 7 7 . . . . 
 8 | 7 7 . . . . 
 9 | 7 7 . . . . 
10 | 7 7 . . . . 
11 | . . . . . . 
12 | . . . . . . 
13 | . . . . . . 
14 | . . . . . . 
15 | . . . . . . 
16 | . . . . . . 
17 | . . . . . . 

Boxes' corners:      (w,l)
    Box 1 is at 
        top left     (0,0)
        bottom right (0,0)

    Box 2 is at 
        top left     (1,0)
        bottom right (2,1)

    Box 3 is at 
        top left     (3,0)
        bottom right (4,1)

    Box 4 is at 
        top left     (0,2)
        bottom right (1,3)

    Box 5 is at 
        top left     (2,2)
        bottom right (3,3)

    Box 6 is at 
        top left     (4,2)
        bottom right (5,3)

    Box 7 is at 
        top left     (0,4)
        bottom right (1,10)

    Roll length used: 11

2)
   | W
 L | 0 1 2 3 4 5 
----------------
 0 | 1 2 2 3 3 . 
 1 | . 2 2 3 3 . 
 2 | 4 4 5 5 7 7 
 3 | 4 4 5 5 7 7 
 4 | 6 6 . . 7 7 
 5 | 6 6 . . 7 7 
 6 | . . . . 7 7 
 7 | . . . . 7 7 
 8 | . . . . 7 7 
 9 | . . . . . . 
10 | . . . . . . 
11 | . . . . . . 
12 | . . . . . . 
13 | . . . . . . 
14 | . . . . . . 
15 | . . . . . . 
16 | . . . . . . 
17 | . . . . . . 

Boxes' corners:      (w,l)
    Box 1 is at 
        top left     (0,0)
        bottom right (0,0)

    Box 2 is at 
        top left     (1,0)
        bottom right (2,1)

    Box 3 is at 
        top left     (3,0)
        bottom right (4,1)

    Box 4 is at 
        top left     (0,2)
        bottom right (1,3)

    Box 5 is at 
        top left     (2,2)
        bottom right (3,3)

    Box 6 is at 
        top left     (0,4)
        bottom right (1,5)

    Box 7 is at 
        top left     (4,2)
        bottom right (5,8)

    Roll length used: 9

3)
   | W
 L | 0 1 2 3 4 5 
----------------
 0 | 1 2 2 . 7 7 
 1 | . 2 2 . 7 7 
 2 | 3 3 4 4 7 7 
 3 | 3 3 4 4 7 7 
 4 | 5 5 6 6 7 7 
 5 | 5 5 6 6 7 7 
 6 | . . . . 7 7 
 7 | . . . . . . 
 8 | . . . . . . 
 9 | . . . . . . 
10 | . . . . . . 
11 | . . . . . . 
12 | . . . . . . 
13 | . . . . . . 
14 | . . . . . . 
15 | . . . . . . 
16 | . . . . . . 
17 | . . . . . . 

Boxes' corners:      (w,l)
    Box 1 is at 
        top left     (0,0)
        bottom right (0,0)

    Box 2 is at 
        top left     (1,0)
        bottom right (2,1)

    Box 3 is at 
        top left     (0,2)
        bottom right (1,3)

    Box 4 is at 
        top left     (2,2)
        bottom right (3,3)

    Box 5 is at 
        top left     (0,4)
        bottom right (1,5)

    Box 6 is at 
        top left     (2,4)
        bottom right (3,5)

    Box 7 is at 
        top left     (4,0)
        bottom right (5,6)

    Roll length used: 7

Increasing width preprocessing
    W=6
    sum lengths=   18
    sum max sides= 18
    box 1: 1 1
    box 2: 2 2
    box 3: 2 2
    box 4: 2 2
    box 5: 2 2
    box 6: 2 2
    box 7: 2 7

Decreasing area preprocessing
    W=6
    sum lengths=   18
    sum max sides= 18
    box 1: 2 7
    box 2: 2 2
    box 3: 2 2
    box 4: 2 2
    box 5: 2 2
    box 6: 2 2
    box 7: 1 1

Decreasing width preprocessing
    W=6
    sum lengths=   18
    sum max sides= 18
    box 1: 2 7
    box 2: 2 2
    box 3: 2 2
    box 4: 2 2
    box 5: 2 2
    box 6: 2 2
    box 7: 1 1

----------------------------
Random preprocessing 1)
    W=6
    sum lengths=   18
    sum max sides= 18
    box 1: 2 2
    box 2: 2 2
    box 3: 2 2
    box 4: 1 1
    box 5: 2 2
    box 6: 2 7
    box 7: 2 2

----------------------------
Random preprocessing 2)
    W=6
    sum lengths=   18
    sum max sides= 18
    box 1: 2 2
    box 2: 1 1
    box 3: 2 2
    box 4: 2 7
    box 5: 2 2
    box 6: 2 2
    box 7: 2 2

----------------------------
Random preprocessing 3)
    W=6
    sum lengths=   18
    sum max sides= 18
    box 1: 2 2
    box 2: 2 2
    box 3: 1 1
    box 4: 2 2
    box 5: 2 2
    box 6: 2 2
    box 7: 2 7

----------------------------
Random preprocessing 4)
    W=6
    sum lengths=   18
    sum max sides= 18
    box 1: 1 1
    box 2: 2 2
    box 3: 2 2
    box 4: 2 7
    box 5: 2 2
    box 6: 2 2
    box 7: 2 2

----------------------------
Random preprocessing 5)
    W=6
    sum lengths=   18
    sum max sides= 18
    box 1: 2 2
    box 2: 2 2
    box 3: 1 1
    box 4: 2 2
    box 5: 2 7
    box 6: 2 2
    box 7: 2 2

In 0.0181347 seconds (average)
--------------------
1)
   | W
 L | 0 1 2 3 4 5 
----------------
 0 | 1 2 2 . 7 7 
 1 | . 2 2 . 7 7 
 2 | 3 3 4 4 7 7 
 3 | 3 3 4 4 7 7 
 4 | 5 5 6 6 7 7 
 5 | 5 5 6 6 7 7 
 6 | . . . . 7 7 
 7 | . . . . . . 
 8 | . . . . . . 
 9 | . . . . . . 
10 | . . . . . . 
11 | . . . . . . 
12 | . . . . . . 
13 | . . . . . . 
14 | . . . . . . 
15 | . . . . . . 
16 | . . . . . . 
17 | . . . . . . 

Boxes' corners:      (w,l)
    Box 1 is at 
        top left     (0,0)
        bottom right (0,0)

    Box 2 is at 
        top left     (1,0)
        bottom right (2,1)

    Box 3 is at 
        top left     (0,2)
        bottom right (1,3)

    Box 4 is at 
        top left     (2,2)
        bottom right (3,3)

    Box 5 is at 
        top left     (0,4)
        bottom right (1,5)

    Box 6 is at 
        top left     (2,4)
        bottom right (3,5)

    Box 7 is at 
        top left     (4,0)
        bottom right (5,6)

    Roll length used: 7
--------------------
   | W
 L | 0 1 2 3 4 5 
----------------
 0 | 1 2 2 . 7 7 
 1 | . 2 2 . 7 7 
 2 | 3 3 4 4 7 7 
 3 | 3 3 4 4 7 7 
 4 | 5 5 6 6 7 7 
 5 | 5 5 6 6 7 7 
 6 | . . . . 7 7 
 7 | . . . . . . 
 8 | . . . . . . 
 9 | . . . . . . 
10 | . . . . . . 
11 | . . . . . . 
12 | . . . . . . 
13 | . . . . . . 
14 | . . . . . . 
15 | . . . . . . 
16 | . . . . . . 
17 | . . . . . . 

Boxes' corners:      (w,l)
    Box 1 is at 
        top left     (0,0)
        bottom right (0,0)

    Box 2 is at 
        top left     (1,0)
        bottom right (2,1)

    Box 3 is at 
        top left     (0,2)
        bottom right (1,3)

    Box 4 is at 
        top left     (2,2)
        bottom right (3,3)

    Box 5 is at 
        top left     (0,4)
        bottom right (1,5)

    Box 6 is at 
        top left     (2,4)
        bottom right (3,5)

    Box 7 is at 
        top left     (4,0)
        bottom right (5,6)

    Roll length used: 7
