Sat 19 May 18:38:04 CEST 2018
Increasing area preprocessing
    W=10
    sum lengths=   26
    sum max sides= 26
    box 1: 1 1
    box 2: 1 1
    box 3: 1 1
    box 4: 1 1
    box 5: 1 1
    box 6: 2 3
    box 7: 2 3
    box 8: 2 3
    box 9: 2 4
    box 10: 2 4
    box 11: 2 4

1)
   | W
 L |  0  1  2  3  4  5  6  7 8 9 
---------------------------------
 0 |  1  2  3  4  5  6  6  6 . . 
 1 |  7  7  7  .  .  6  6  6 . . 
 2 |  7  7  7  8  8  8  9  9 9 9 
 3 |  .  .  .  8  8  8  9  9 9 9 
 4 | 10 10 10 10 11 11 11 11 . . 
 5 | 10 10 10 10 11 11 11 11 . . 
 6 |  .  .  .  .  .  .  .  . . . 
 7 |  .  .  .  .  .  .  .  . . . 
 8 |  .  .  .  .  .  .  .  . . . 
 9 |  .  .  .  .  .  .  .  . . . 
10 |  .  .  .  .  .  .  .  . . . 
11 |  .  .  .  .  .  .  .  . . . 
12 |  .  .  .  .  .  .  .  . . . 
13 |  .  .  .  .  .  .  .  . . . 
14 |  .  .  .  .  .  .  .  . . . 
15 |  .  .  .  .  .  .  .  . . . 
16 |  .  .  .  .  .  .  .  . . . 
17 |  .  .  .  .  .  .  .  . . . 
18 |  .  .  .  .  .  .  .  . . . 
19 |  .  .  .  .  .  .  .  . . . 
20 |  .  .  .  .  .  .  .  . . . 
21 |  .  .  .  .  .  .  .  . . . 
22 |  .  .  .  .  .  .  .  . . . 
23 |  .  .  .  .  .  .  .  . . . 
24 |  .  .  .  .  .  .  .  . . . 
25 |  .  .  .  .  .  .  .  . . . 

Boxes' corners:       (w,l)
    Box  1 is at 
        top left     (0,0)
        bottom right (0,0)

    Box  2 is at 
        top left     (1,0)
        bottom right (1,0)

    Box  3 is at 
        top left     (2,0)
        bottom right (2,0)

    Box  4 is at 
        top left     (3,0)
        bottom right (3,0)

    Box  5 is at 
        top left     (4,0)
        bottom right (4,0)

    Box  6 is at 
        top left     (5,0)
        bottom right (7,1)

    Box  7 is at 
        top left     (0,1)
        bottom right (2,2)

    Box  8 is at 
        top left     (3,2)
        bottom right (5,3)

    Box  9 is at 
        top left     (6,2)
        bottom right (9,3)

    Box 10 is at 
        top left     (0,4)
        bottom right (3,5)

    Box 11 is at 
        top left     (4,4)
        bottom right (7,5)

    Roll length used: 6

Increasing width preprocessing
    W=10
    sum lengths=   26
    sum max sides= 26
    box 1: 1 1
    box 2: 1 1
    box 3: 1 1
    box 4: 1 1
    box 5: 1 1
    box 6: 2 3
    box 7: 2 3
    box 8: 2 3
    box 9: 2 4
    box 10: 2 4
    box 11: 2 4

Decreasing area preprocessing
    W=10
    sum lengths=   26
    sum max sides= 26
    box 1: 2 4
    box 2: 2 4
    box 3: 2 4
    box 4: 2 3
    box 5: 2 3
    box 6: 2 3
    box 7: 1 1
    box 8: 1 1
    box 9: 1 1
    box 10: 1 1
    box 11: 1 1

1)
  | W
L | 0 1  2  3 4 5 6 7 8 9 
---------------------------
0 | 1 1  1  1 2 2 2 2 5 5 
1 | 1 1  1  1 2 2 2 2 5 5 
2 | 3 3  3  3 4 4 4 7 5 5 
3 | 3 3  3  3 4 4 4 6 6 6 
4 | 8 9 10 11 . . . 6 6 6 

Boxes' corners:       (w,l)
    Box  1 is at 
        top left     (0,0)
        bottom right (3,1)

    Box  2 is at 
        top left     (4,0)
        bottom right (7,1)

    Box  3 is at 
        top left     (0,2)
        bottom right (3,3)

    Box  4 is at 
        top left     (4,2)
        bottom right (6,3)

    Box  5 is at 
        top left     (8,0)
        bottom right (9,2)

    Box  6 is at 
        top left     (7,3)
        bottom right (9,4)

    Box  7 is at 
        top left     (7,2)
        bottom right (7,2)

    Box  8 is at 
        top left     (0,4)
        bottom right (0,4)

    Box  9 is at 
        top left     (1,4)
        bottom right (1,4)

    Box 10 is at 
        top left     (2,4)
        bottom right (2,4)

    Box 11 is at 
        top left     (3,4)
        bottom right (3,4)

    Roll length used: 5

Decreasing width preprocessing
    W=10
    sum lengths=   26
    sum max sides= 26
    box 1: 2 4
    box 2: 2 4
    box 3: 2 4
    box 4: 2 3
    box 5: 2 3
    box 6: 2 3
    box 7: 1 1
    box 8: 1 1
    box 9: 1 1
    box 10: 1 1
    box 11: 1 1

----------------------------
Random preprocessing 1)
    W=10
    sum lengths=   26
    sum max sides= 26
    box 1: 1 1
    box 2: 2 4
    box 3: 1 1
    box 4: 2 3
    box 5: 1 1
    box 6: 1 1
    box 7: 2 4
    box 8: 2 3
    box 9: 1 1
    box 10: 2 3
    box 11: 2 4

----------------------------
Random preprocessing 2)
    W=10
    sum lengths=   26
    sum max sides= 26
    box 1: 1 1
    box 2: 1 1
    box 3: 2 4
    box 4: 1 1
    box 5: 2 4
    box 6: 2 3
    box 7: 2 3
    box 8: 1 1
    box 9: 1 1
    box 10: 2 4
    box 11: 2 3

----------------------------
Random preprocessing 3)
    W=10
    sum lengths=   26
    sum max sides= 26
    box 1: 1 1
    box 2: 2 3
    box 3: 1 1
    box 4: 2 3
    box 5: 1 1
    box 6: 2 4
    box 7: 2 3
    box 8: 1 1
    box 9: 1 1
    box 10: 2 4
    box 11: 2 4

----------------------------
Random preprocessing 4)
    W=10
    sum lengths=   26
    sum max sides= 26
    box 1: 1 1
    box 2: 1 1
    box 3: 1 1
    box 4: 1 1
    box 5: 2 3
    box 6: 2 3
    box 7: 2 4
    box 8: 1 1
    box 9: 2 4
    box 10: 2 4
    box 11: 2 3

----------------------------
Random preprocessing 5)
    W=10
    sum lengths=   26
    sum max sides= 26
    box 1: 1 1
    box 2: 2 4
    box 3: 2 3
    box 4: 1 1
    box 5: 1 1
    box 6: 2 3
    box 7: 2 3
    box 8: 1 1
    box 9: 2 4
    box 10: 2 4
    box 11: 1 1

In 37.0788 seconds (average)
--------------------
1)
  | W
L | 0 1  2  3 4 5 6 7 8 9 
---------------------------
0 | 1 1  1  1 2 2 2 2 5 5 
1 | 1 1  1  1 2 2 2 2 5 5 
2 | 3 3  3  3 4 4 4 7 5 5 
3 | 3 3  3  3 4 4 4 6 6 6 
4 | 8 9 10 11 . . . 6 6 6 

Boxes' corners:       (w,l)
    Box  1 is at 
        top left     (0,0)
        bottom right (3,1)

    Box  2 is at 
        top left     (4,0)
        bottom right (7,1)

    Box  3 is at 
        top left     (0,2)
        bottom right (3,3)

    Box  4 is at 
        top left     (4,2)
        bottom right (6,3)

    Box  5 is at 
        top left     (8,0)
        bottom right (9,2)

    Box  6 is at 
        top left     (7,3)
        bottom right (9,4)

    Box  7 is at 
        top left     (7,2)
        bottom right (7,2)

    Box  8 is at 
        top left     (0,4)
        bottom right (0,4)

    Box  9 is at 
        top left     (1,4)
        bottom right (1,4)

    Box 10 is at 
        top left     (2,4)
        bottom right (2,4)

    Box 11 is at 
        top left     (3,4)
        bottom right (3,4)

    Roll length used: 5
--------------------
  | W
L | 0 1  2  3 4 5 6 7 8 9 
---------------------------
0 | 1 1  1  1 2 2 2 2 5 5 
1 | 1 1  1  1 2 2 2 2 5 5 
2 | 3 3  3  3 4 4 4 7 5 5 
3 | 3 3  3  3 4 4 4 6 6 6 
4 | 8 9 10 11 . . . 6 6 6 

Boxes' corners:       (w,l)
    Box  1 is at 
        top left     (0,0)
        bottom right (3,1)

    Box  2 is at 
        top left     (4,0)
        bottom right (7,1)

    Box  3 is at 
        top left     (0,2)
        bottom right (3,3)

    Box  4 is at 
        top left     (4,2)
        bottom right (6,3)

    Box  5 is at 
        top left     (8,0)
        bottom right (9,2)

    Box  6 is at 
        top left     (7,3)
        bottom right (9,4)

    Box  7 is at 
        top left     (7,2)
        bottom right (7,2)

    Box  8 is at 
        top left     (0,4)
        bottom right (0,4)

    Box  9 is at 
        top left     (1,4)
        bottom right (1,4)

    Box 10 is at 
        top left     (2,4)
        bottom right (2,4)

    Box 11 is at 
        top left     (3,4)
        bottom right (3,4)

    Roll length used: 5
