Sat 19 May 18:20:44 CEST 2018
Increasing area preprocessing
    W=5
    sum lengths=   28
    sum max sides= 28
    box 1: 1 1
    box 2: 1 1
    box 3: 1 1
    box 4: 1 1
    box 5: 2 4
    box 6: 2 4
    box 7: 2 4
    box 8: 2 4
    box 9: 2 4
    box 10: 4 4

1)
   | W
 L |  0  1  2  3 4 
------------------
 0 |  1  2  3  4 . 
 1 |  5  5  5  5 . 
 2 |  5  5  5  5 . 
 3 |  6  6  6  6 . 
 4 |  6  6  6  6 . 
 5 |  7  7  7  7 . 
 6 |  7  7  7  7 . 
 7 |  8  8  8  8 . 
 8 |  8  8  8  8 . 
 9 |  9  9  9  9 . 
10 |  9  9  9  9 . 
11 | 10 10 10 10 . 
12 | 10 10 10 10 . 
13 | 10 10 10 10 . 
14 | 10 10 10 10 . 
15 |  .  .  .  . . 
16 |  .  .  .  . . 
17 |  .  .  .  . . 
18 |  .  .  .  . . 
19 |  .  .  .  . . 
20 |  .  .  .  . . 
21 |  .  .  .  . . 
22 |  .  .  .  . . 
23 |  .  .  .  . . 
24 |  .  .  .  . . 
25 |  .  .  .  . . 
26 |  .  .  .  . . 
27 |  .  .  .  . . 

Boxes' corners:       (w,l)
    Box  1 is at 
        top left     (0,0)
        bottom right (0,0)

    Box  2 is at 
        top left     (1,0)
        bottom right (1,0)

    Box  3 is at 
        top left     (2,0)
        bottom right (2,0)

    Box  4 is at 
        top left     (3,0)
        bottom right (3,0)

    Box  5 is at 
        top left     (0,1)
        bottom right (3,2)

    Box  6 is at 
        top left     (0,3)
        bottom right (3,4)

    Box  7 is at 
        top left     (0,5)
        bottom right (3,6)

    Box  8 is at 
        top left     (0,7)
        bottom right (3,8)

    Box  9 is at 
        top left     (0,9)
        bottom right (3,10)

    Box 10 is at 
        top left     (0,11)
        bottom right (3,14)

    Roll length used: 15

Increasing width preprocessing
    W=5
    sum lengths=   28
    sum max sides= 28
    box 1: 1 1
    box 2: 1 1
    box 3: 1 1
    box 4: 1 1
    box 5: 2 4
    box 6: 2 4
    box 7: 2 4
    box 8: 2 4
    box 9: 2 4
    box 10: 4 4

Decreasing area preprocessing
    W=5
    sum lengths=   28
    sum max sides= 28
    box 1: 4 4
    box 2: 2 4
    box 3: 2 4
    box 4: 2 4
    box 5: 2 4
    box 6: 2 4
    box 7: 1 1
    box 8: 1 1
    box 9: 1 1
    box 10: 1 1

1)
   | W
 L | 0 1 2 3  4 
---------------
 0 | 1 1 1 1  7 
 1 | 1 1 1 1  8 
 2 | 1 1 1 1  9 
 3 | 1 1 1 1 10 
 4 | 2 2 2 2  . 
 5 | 2 2 2 2  . 
 6 | 3 3 3 3  . 
 7 | 3 3 3 3  . 
 8 | 4 4 4 4  . 
 9 | 4 4 4 4  . 
10 | 5 5 5 5  . 
11 | 5 5 5 5  . 
12 | 6 6 6 6  . 
13 | 6 6 6 6  . 

Boxes' corners:       (w,l)
    Box  1 is at 
        top left     (0,0)
        bottom right (3,3)

    Box  2 is at 
        top left     (0,4)
        bottom right (3,5)

    Box  3 is at 
        top left     (0,6)
        bottom right (3,7)

    Box  4 is at 
        top left     (0,8)
        bottom right (3,9)

    Box  5 is at 
        top left     (0,10)
        bottom right (3,11)

    Box  6 is at 
        top left     (0,12)
        bottom right (3,13)

    Box  7 is at 
        top left     (4,0)
        bottom right (4,0)

    Box  8 is at 
        top left     (4,1)
        bottom right (4,1)

    Box  9 is at 
        top left     (4,2)
        bottom right (4,2)

    Box 10 is at 
        top left     (4,3)
        bottom right (4,3)

    Roll length used: 14

Decreasing width preprocessing
    W=5
    sum lengths=   28
    sum max sides= 28
    box 1: 4 4
    box 2: 2 4
    box 3: 2 4
    box 4: 2 4
    box 5: 2 4
    box 6: 2 4
    box 7: 1 1
    box 8: 1 1
    box 9: 1 1
    box 10: 1 1

----------------------------
Random preprocessing 1)
    W=5
    sum lengths=   28
    sum max sides= 28
    box 1: 1 1
    box 2: 1 1
    box 3: 2 4
    box 4: 4 4
    box 5: 2 4
    box 6: 1 1
    box 7: 2 4
    box 8: 1 1
    box 9: 2 4
    box 10: 2 4

----------------------------
Random preprocessing 2)
    W=5
    sum lengths=   28
    sum max sides= 28
    box 1: 1 1
    box 2: 2 4
    box 3: 4 4
    box 4: 1 1
    box 5: 2 4
    box 6: 2 4
    box 7: 2 4
    box 8: 1 1
    box 9: 2 4
    box 10: 1 1

----------------------------
Random preprocessing 3)
    W=5
    sum lengths=   28
    sum max sides= 28
    box 1: 2 4
    box 2: 1 1
    box 3: 1 1
    box 4: 2 4
    box 5: 4 4
    box 6: 1 1
    box 7: 2 4
    box 8: 2 4
    box 9: 1 1
    box 10: 2 4

----------------------------
Random preprocessing 4)
    W=5
    sum lengths=   28
    sum max sides= 28
    box 1: 4 4
    box 2: 1 1
    box 3: 1 1
    box 4: 2 4
    box 5: 2 4
    box 6: 2 4
    box 7: 2 4
    box 8: 1 1
    box 9: 2 4
    box 10: 1 1

----------------------------
Random preprocessing 5)
    W=5
    sum lengths=   28
    sum max sides= 28
    box 1: 1 1
    box 2: 2 4
    box 3: 1 1
    box 4: 1 1
    box 5: 2 4
    box 6: 2 4
    box 7: 4 4
    box 8: 1 1
    box 9: 2 4
    box 10: 2 4

In 43.3066 seconds (average)
--------------------
1)
   | W
 L | 0 1 2 3  4 
---------------
 0 | 1 1 1 1  7 
 1 | 1 1 1 1  8 
 2 | 1 1 1 1  9 
 3 | 1 1 1 1 10 
 4 | 2 2 2 2  . 
 5 | 2 2 2 2  . 
 6 | 3 3 3 3  . 
 7 | 3 3 3 3  . 
 8 | 4 4 4 4  . 
 9 | 4 4 4 4  . 
10 | 5 5 5 5  . 
11 | 5 5 5 5  . 
12 | 6 6 6 6  . 
13 | 6 6 6 6  . 

Boxes' corners:       (w,l)
    Box  1 is at 
        top left     (0,0)
        bottom right (3,3)

    Box  2 is at 
        top left     (0,4)
        bottom right (3,5)

    Box  3 is at 
        top left     (0,6)
        bottom right (3,7)

    Box  4 is at 
        top left     (0,8)
        bottom right (3,9)

    Box  5 is at 
        top left     (0,10)
        bottom right (3,11)

    Box  6 is at 
        top left     (0,12)
        bottom right (3,13)

    Box  7 is at 
        top left     (4,0)
        bottom right (4,0)

    Box  8 is at 
        top left     (4,1)
        bottom right (4,1)

    Box  9 is at 
        top left     (4,2)
        bottom right (4,2)

    Box 10 is at 
        top left     (4,3)
        bottom right (4,3)

    Roll length used: 14
--------------------
   | W
 L | 0 1 2 3  4 
---------------
 0 | 1 1 1 1  7 
 1 | 1 1 1 1  8 
 2 | 1 1 1 1  9 
 3 | 1 1 1 1 10 
 4 | 2 2 2 2  . 
 5 | 2 2 2 2  . 
 6 | 3 3 3 3  . 
 7 | 3 3 3 3  . 
 8 | 4 4 4 4  . 
 9 | 4 4 4 4  . 
10 | 5 5 5 5  . 
11 | 5 5 5 5  . 
12 | 6 6 6 6  . 
13 | 6 6 6 6  . 

Boxes' corners:       (w,l)
    Box  1 is at 
        top left     (0,0)
        bottom right (3,3)

    Box  2 is at 
        top left     (0,4)
        bottom right (3,5)

    Box  3 is at 
        top left     (0,6)
        bottom right (3,7)

    Box  4 is at 
        top left     (0,8)
        bottom right (3,9)

    Box  5 is at 
        top left     (0,10)
        bottom right (3,11)

    Box  6 is at 
        top left     (0,12)
        bottom right (3,13)

    Box  7 is at 
        top left     (4,0)
        bottom right (4,0)

    Box  8 is at 
        top left     (4,1)
        bottom right (4,1)

    Box  9 is at 
        top left     (4,2)
        bottom right (4,2)

    Box 10 is at 
        top left     (4,3)
        bottom right (4,3)

    Roll length used: 14
