Sat 19 May 18:24:13 CEST 2018
Increasing area preprocessing
    W=6
    sum lengths=   31
    sum max sides= 31
    box 1: 1 1
    box 2: 1 2
    box 3: 1 2
    box 4: 1 2
    box 5: 1 2
    box 6: 1 3
    box 7: 1 3
    box 8: 2 3
    box 9: 2 3
    box 10: 5 5
    box 11: 5 5

1)
   | W
 L |  0  1  2  3  4 5 
---------------------
 0 |  1  2  2  3  3 . 
 1 |  4  4  5  5  . . 
 2 |  6  6  6  7  7 7 
 3 |  8  8  8  9  9 9 
 4 |  8  8  8  9  9 9 
 5 | 10 10 10 10 10 . 
 6 | 10 10 10 10 10 . 
 7 | 10 10 10 10 10 . 
 8 | 10 10 10 10 10 . 
 9 | 10 10 10 10 10 . 
10 | 11 11 11 11 11 . 
11 | 11 11 11 11 11 . 
12 | 11 11 11 11 11 . 
13 | 11 11 11 11 11 . 
14 | 11 11 11 11 11 . 
15 |  .  .  .  .  . . 
16 |  .  .  .  .  . . 
17 |  .  .  .  .  . . 
18 |  .  .  .  .  . . 
19 |  .  .  .  .  . . 
20 |  .  .  .  .  . . 
21 |  .  .  .  .  . . 
22 |  .  .  .  .  . . 
23 |  .  .  .  .  . . 
24 |  .  .  .  .  . . 
25 |  .  .  .  .  . . 
26 |  .  .  .  .  . . 
27 |  .  .  .  .  . . 
28 |  .  .  .  .  . . 
29 |  .  .  .  .  . . 
30 |  .  .  .  .  . . 

Boxes' corners:       (w,l)
    Box  1 is at 
        top left     (0,0)
        bottom right (0,0)

    Box  2 is at 
        top left     (1,0)
        bottom right (2,0)

    Box  3 is at 
        top left     (3,0)
        bottom right (4,0)

    Box  4 is at 
        top left     (0,1)
        bottom right (1,1)

    Box  5 is at 
        top left     (2,1)
        bottom right (3,1)

    Box  6 is at 
        top left     (0,2)
        bottom right (2,2)

    Box  7 is at 
        top left     (3,2)
        bottom right (5,2)

    Box  8 is at 
        top left     (0,3)
        bottom right (2,4)

    Box  9 is at 
        top left     (3,3)
        bottom right (5,4)

    Box 10 is at 
        top left     (0,5)
        bottom right (4,9)

    Box 11 is at 
        top left     (0,10)
        bottom right (4,14)

    Roll length used: 15

Increasing width preprocessing
    W=6
    sum lengths=   31
    sum max sides= 31
    box 1: 1 1
    box 2: 1 2
    box 3: 1 2
    box 4: 1 2
    box 5: 1 2
    box 6: 1 3
    box 7: 1 3
    box 8: 2 3
    box 9: 2 3
    box 10: 5 5
    box 11: 5 5

Decreasing area preprocessing
    W=6
    sum lengths=   31
    sum max sides= 31
    box 1: 5 5
    box 2: 5 5
    box 3: 2 3
    box 4: 2 3
    box 5: 1 3
    box 6: 1 3
    box 7: 1 2
    box 8: 1 2
    box 9: 1 2
    box 10: 1 2
    box 11: 1 1

1)
   | W
 L | 0 1 2 3 4  5 
-----------------
 0 | 1 1 1 1 1 10 
 1 | 1 1 1 1 1 10 
 2 | 1 1 1 1 1 11 
 3 | 1 1 1 1 1  . 
 4 | 1 1 1 1 1  . 
 5 | 2 2 2 2 2  . 
 6 | 2 2 2 2 2  . 
 7 | 2 2 2 2 2  . 
 8 | 2 2 2 2 2  . 
 9 | 2 2 2 2 2  . 
10 | 3 3 3 4 4  4 
11 | 3 3 3 4 4  4 
12 | 5 5 5 6 6  6 
13 | 7 7 8 8 9  9 

Boxes' corners:       (w,l)
    Box  1 is at 
        top left     (0,0)
        bottom right (4,4)

    Box  2 is at 
        top left     (0,5)
        bottom right (4,9)

    Box  3 is at 
        top left     (0,10)
        bottom right (2,11)

    Box  4 is at 
        top left     (3,10)
        bottom right (5,11)

    Box  5 is at 
        top left     (0,12)
        bottom right (2,12)

    Box  6 is at 
        top left     (3,12)
        bottom right (5,12)

    Box  7 is at 
        top left     (0,13)
        bottom right (1,13)

    Box  8 is at 
        top left     (2,13)
        bottom right (3,13)

    Box  9 is at 
        top left     (4,13)
        bottom right (5,13)

    Box 10 is at 
        top left     (5,0)
        bottom right (5,1)

    Box 11 is at 
        top left     (5,2)
        bottom right (5,2)

    Roll length used: 14

2)
   | W
 L | 0 1 2 3 4  5 
-----------------
 0 | 1 1 1 1 1  7 
 1 | 1 1 1 1 1  7 
 2 | 1 1 1 1 1  8 
 3 | 1 1 1 1 1  8 
 4 | 1 1 1 1 1  9 
 5 | 2 2 2 2 2  9 
 6 | 2 2 2 2 2 10 
 7 | 2 2 2 2 2 10 
 8 | 2 2 2 2 2 11 
 9 | 2 2 2 2 2  . 
10 | 3 3 3 4 4  4 
11 | 3 3 3 4 4  4 
12 | 5 5 5 6 6  6 
13 | . . . . .  . 

Boxes' corners:       (w,l)
    Box  1 is at 
        top left     (0,0)
        bottom right (4,4)

    Box  2 is at 
        top left     (0,5)
        bottom right (4,9)

    Box  3 is at 
        top left     (0,10)
        bottom right (2,11)

    Box  4 is at 
        top left     (3,10)
        bottom right (5,11)

    Box  5 is at 
        top left     (0,12)
        bottom right (2,12)

    Box  6 is at 
        top left     (3,12)
        bottom right (5,12)

    Box  7 is at 
        top left     (5,0)
        bottom right (5,1)

    Box  8 is at 
        top left     (5,2)
        bottom right (5,3)

    Box  9 is at 
        top left     (5,4)
        bottom right (5,5)

    Box 10 is at 
        top left     (5,6)
        bottom right (5,7)

    Box 11 is at 
        top left     (5,8)
        bottom right (5,8)

    Roll length used: 13

Decreasing width preprocessing
    W=6
    sum lengths=   31
    sum max sides= 31
    box 1: 5 5
    box 2: 5 5
    box 3: 2 3
    box 4: 2 3
    box 5: 1 3
    box 6: 1 3
    box 7: 1 2
    box 8: 1 2
    box 9: 1 2
    box 10: 1 2
    box 11: 1 1

----------------------------
Random preprocessing 1)
    W=6
    sum lengths=   31
    sum max sides= 31
    box 1: 1 2
    box 2: 2 3
    box 3: 5 5
    box 4: 1 2
    box 5: 1 2
    box 6: 2 3
    box 7: 1 1
    box 8: 1 3
    box 9: 5 5
    box 10: 1 2
    box 11: 1 3

----------------------------
Random preprocessing 2)
    W=6
    sum lengths=   31
    sum max sides= 31
    box 1: 2 3
    box 2: 1 3
    box 3: 5 5
    box 4: 2 3
    box 5: 1 1
    box 6: 5 5
    box 7: 1 2
    box 8: 1 2
    box 9: 1 3
    box 10: 1 2
    box 11: 1 2

----------------------------
Random preprocessing 3)
    W=6
    sum lengths=   31
    sum max sides= 31
    box 1: 1 3
    box 2: 1 2
    box 3: 5 5
    box 4: 1 3
    box 5: 1 2
    box 6: 2 3
    box 7: 2 3
    box 8: 1 2
    box 9: 5 5
    box 10: 1 2
    box 11: 1 1

----------------------------
Random preprocessing 4)
    W=6
    sum lengths=   31
    sum max sides= 31
    box 1: 1 3
    box 2: 5 5
    box 3: 1 3
    box 4: 5 5
    box 5: 2 3
    box 6: 1 2
    box 7: 1 2
    box 8: 1 2
    box 9: 1 1
    box 10: 2 3
    box 11: 1 2

----------------------------
Random preprocessing 5)
    W=6
    sum lengths=   31
    sum max sides= 31
    box 1: 1 2
    box 2: 1 1
    box 3: 5 5
    box 4: 1 2
    box 5: 1 2
    box 6: 2 3
    box 7: 1 3
    box 8: 1 2
    box 9: 5 5
    box 10: 1 3
    box 11: 2 3

In 41.1519 seconds (average)
--------------------
1)
   | W
 L | 0 1 2 3 4  5 
-----------------
 0 | 1 1 1 1 1  7 
 1 | 1 1 1 1 1  7 
 2 | 1 1 1 1 1  8 
 3 | 1 1 1 1 1  8 
 4 | 1 1 1 1 1  9 
 5 | 2 2 2 2 2  9 
 6 | 2 2 2 2 2 10 
 7 | 2 2 2 2 2 10 
 8 | 2 2 2 2 2 11 
 9 | 2 2 2 2 2  . 
10 | 3 3 3 4 4  4 
11 | 3 3 3 4 4  4 
12 | 5 5 5 6 6  6 
13 | . . . . .  . 

Boxes' corners:       (w,l)
    Box  1 is at 
        top left     (0,0)
        bottom right (4,4)

    Box  2 is at 
        top left     (0,5)
        bottom right (4,9)

    Box  3 is at 
        top left     (0,10)
        bottom right (2,11)

    Box  4 is at 
        top left     (3,10)
        bottom right (5,11)

    Box  5 is at 
        top left     (0,12)
        bottom right (2,12)

    Box  6 is at 
        top left     (3,12)
        bottom right (5,12)

    Box  7 is at 
        top left     (5,0)
        bottom right (5,1)

    Box  8 is at 
        top left     (5,2)
        bottom right (5,3)

    Box  9 is at 
        top left     (5,4)
        bottom right (5,5)

    Box 10 is at 
        top left     (5,6)
        bottom right (5,7)

    Box 11 is at 
        top left     (5,8)
        bottom right (5,8)

    Roll length used: 13
--------------------
   | W
 L | 0 1 2 3 4  5 
-----------------
 0 | 1 1 1 1 1  7 
 1 | 1 1 1 1 1  7 
 2 | 1 1 1 1 1  8 
 3 | 1 1 1 1 1  8 
 4 | 1 1 1 1 1  9 
 5 | 2 2 2 2 2  9 
 6 | 2 2 2 2 2 10 
 7 | 2 2 2 2 2 10 
 8 | 2 2 2 2 2 11 
 9 | 2 2 2 2 2  . 
10 | 3 3 3 4 4  4 
11 | 3 3 3 4 4  4 
12 | 5 5 5 6 6  6 
13 | . . . . .  . 

Boxes' corners:       (w,l)
    Box  1 is at 
        top left     (0,0)
        bottom right (4,4)

    Box  2 is at 
        top left     (0,5)
        bottom right (4,9)

    Box  3 is at 
        top left     (0,10)
        bottom right (2,11)

    Box  4 is at 
        top left     (3,10)
        bottom right (5,11)

    Box  5 is at 
        top left     (0,12)
        bottom right (2,12)

    Box  6 is at 
        top left     (3,12)
        bottom right (5,12)

    Box  7 is at 
        top left     (5,0)
        bottom right (5,1)

    Box  8 is at 
        top left     (5,2)
        bottom right (5,3)

    Box  9 is at 
        top left     (5,4)
        bottom right (5,5)

    Box 10 is at 
        top left     (5,6)
        bottom right (5,7)

    Box 11 is at 
        top left     (5,8)
        bottom right (5,8)

    Roll length used: 13
