Sat 19 May 18:20:28 CEST 2018
Increasing area preprocessing
    W=5
    sum lengths=   10
    sum max sides= 10
    box 1: 1 1
    box 2: 1 1
    box 3: 1 1
    box 4: 1 1
    box 5: 2 2
    box 6: 2 2
    box 7: 2 2

1)
   | W
 L | 0 1 2 3 4 
--------------
 0 | 1 2 3 4 . 
 1 | 5 5 6 6 . 
 2 | 5 5 6 6 . 
 3 | 7 7 . . . 
 4 | 7 7 . . . 
 5 | . . . . . 
 6 | . . . . . 
 7 | . . . . . 
 8 | . . . . . 
 9 | . . . . . 

Boxes' corners:      (w,l)
    Box 1 is at 
        top left     (0,0)
        bottom right (0,0)

    Box 2 is at 
        top left     (1,0)
        bottom right (1,0)

    Box 3 is at 
        top left     (2,0)
        bottom right (2,0)

    Box 4 is at 
        top left     (3,0)
        bottom right (3,0)

    Box 5 is at 
        top left     (0,1)
        bottom right (1,2)

    Box 6 is at 
        top left     (2,1)
        bottom right (3,2)

    Box 7 is at 
        top left     (0,3)
        bottom right (1,4)

    Roll length used: 5

2)
   | W
 L | 0 1 2 3 4 
--------------
 0 | 1 2 3 5 5 
 1 | 4 6 6 5 5 
 2 | . 6 6 7 7 
 3 | . . . 7 7 
 4 | . . . . . 
 5 | . . . . . 
 6 | . . . . . 
 7 | . . . . . 
 8 | . . . . . 
 9 | . . . . . 

Boxes' corners:      (w,l)
    Box 1 is at 
        top left     (0,0)
        bottom right (0,0)

    Box 2 is at 
        top left     (1,0)
        bottom right (1,0)

    Box 3 is at 
        top left     (2,0)
        bottom right (2,0)

    Box 4 is at 
        top left     (0,1)
        bottom right (0,1)

    Box 5 is at 
        top left     (3,0)
        bottom right (4,1)

    Box 6 is at 
        top left     (1,1)
        bottom right (2,2)

    Box 7 is at 
        top left     (3,2)
        bottom right (4,3)

    Roll length used: 4

Increasing width preprocessing
    W=5
    sum lengths=   10
    sum max sides= 10
    box 1: 1 1
    box 2: 1 1
    box 3: 1 1
    box 4: 1 1
    box 5: 2 2
    box 6: 2 2
    box 7: 2 2

Decreasing area preprocessing
    W=5
    sum lengths=   10
    sum max sides= 10
    box 1: 2 2
    box 2: 2 2
    box 3: 2 2
    box 4: 1 1
    box 5: 1 1
    box 6: 1 1
    box 7: 1 1

Decreasing width preprocessing
    W=5
    sum lengths=   10
    sum max sides= 10
    box 1: 2 2
    box 2: 2 2
    box 3: 2 2
    box 4: 1 1
    box 5: 1 1
    box 6: 1 1
    box 7: 1 1

----------------------------
Random preprocessing 1)
    W=5
    sum lengths=   10
    sum max sides= 10
    box 1: 2 2
    box 2: 2 2
    box 3: 1 1
    box 4: 1 1
    box 5: 2 2
    box 6: 1 1
    box 7: 1 1

----------------------------
Random preprocessing 2)
    W=5
    sum lengths=   10
    sum max sides= 10
    box 1: 2 2
    box 2: 1 1
    box 3: 1 1
    box 4: 2 2
    box 5: 1 1
    box 6: 2 2
    box 7: 1 1

----------------------------
Random preprocessing 3)
    W=5
    sum lengths=   10
    sum max sides= 10
    box 1: 2 2
    box 2: 1 1
    box 3: 2 2
    box 4: 1 1
    box 5: 1 1
    box 6: 1 1
    box 7: 2 2

----------------------------
Random preprocessing 4)
    W=5
    sum lengths=   10
    sum max sides= 10
    box 1: 2 2
    box 2: 2 2
    box 3: 1 1
    box 4: 2 2
    box 5: 1 1
    box 6: 1 1
    box 7: 1 1

----------------------------
Random preprocessing 5)
    W=5
    sum lengths=   10
    sum max sides= 10
    box 1: 2 2
    box 2: 1 1
    box 3: 1 1
    box 4: 1 1
    box 5: 2 2
    box 6: 2 2
    box 7: 1 1

In 0.644171 seconds (average)
--------------------
1)
   | W
 L | 0 1 2 3 4 
--------------
 0 | 1 2 3 5 5 
 1 | 4 6 6 5 5 
 2 | . 6 6 7 7 
 3 | . . . 7 7 
 4 | . . . . . 
 5 | . . . . . 
 6 | . . . . . 
 7 | . . . . . 
 8 | . . . . . 
 9 | . . . . . 

Boxes' corners:      (w,l)
    Box 1 is at 
        top left     (0,0)
        bottom right (0,0)

    Box 2 is at 
        top left     (1,0)
        bottom right (1,0)

    Box 3 is at 
        top left     (2,0)
        bottom right (2,0)

    Box 4 is at 
        top left     (0,1)
        bottom right (0,1)

    Box 5 is at 
        top left     (3,0)
        bottom right (4,1)

    Box 6 is at 
        top left     (1,1)
        bottom right (2,2)

    Box 7 is at 
        top left     (3,2)
        bottom right (4,3)

    Roll length used: 4
--------------------
   | W
 L | 0 1 2 3 4 
--------------
 0 | 1 2 3 5 5 
 1 | 4 6 6 5 5 
 2 | . 6 6 7 7 
 3 | . . . 7 7 
 4 | . . . . . 
 5 | . . . . . 
 6 | . . . . . 
 7 | . . . . . 
 8 | . . . . . 
 9 | . . . . . 

Boxes' corners:      (w,l)
    Box 1 is at 
        top left     (0,0)
        bottom right (0,0)

    Box 2 is at 
        top left     (1,0)
        bottom right (1,0)

    Box 3 is at 
        top left     (2,0)
        bottom right (2,0)

    Box 4 is at 
        top left     (0,1)
        bottom right (0,1)

    Box 5 is at 
        top left     (3,0)
        bottom right (4,1)

    Box 6 is at 
        top left     (1,1)
        bottom right (2,2)

    Box 7 is at 
        top left     (3,2)
        bottom right (4,3)

    Roll length used: 4
