Sat 19 May 18:40:14 CEST 2018
Increasing area preprocessing
    W=11
    sum lengths=   23
    sum max sides= 23
    box 1: 1 1
    box 2: 1 2
    box 3: 2 5
    box 4: 2 5
    box 5: 2 5
    box 6: 2 5

1)
   | W
 L | 0 1 2 3 4 5 6 7 8 9 10 
----------------------------
 0 | 1 2 2 3 3 3 3 3 . .  . 
 1 | . . . 3 3 3 3 3 . .  . 
 2 | 4 4 4 4 4 5 5 5 5 5  . 
 3 | 4 4 4 4 4 5 5 5 5 5  . 
 4 | 6 6 6 6 6 . . . . .  . 
 5 | 6 6 6 6 6 . . . . .  . 
 6 | . . . . . . . . . .  . 
 7 | . . . . . . . . . .  . 
 8 | . . . . . . . . . .  . 
 9 | . . . . . . . . . .  . 
10 | . . . . . . . . . .  . 
11 | . . . . . . . . . .  . 
12 | . . . . . . . . . .  . 
13 | . . . . . . . . . .  . 
14 | . . . . . . . . . .  . 
15 | . . . . . . . . . .  . 
16 | . . . . . . . . . .  . 
17 | . . . . . . . . . .  . 
18 | . . . . . . . . . .  . 
19 | . . . . . . . . . .  . 
20 | . . . . . . . . . .  . 
21 | . . . . . . . . . .  . 
22 | . . . . . . . . . .  . 

Boxes' corners:      (w,l)
    Box 1 is at 
        top left     (0,0)
        bottom right (0,0)

    Box 2 is at 
        top left     (1,0)
        bottom right (2,0)

    Box 3 is at 
        top left     (3,0)
        bottom right (7,1)

    Box 4 is at 
        top left     (0,2)
        bottom right (4,3)

    Box 5 is at 
        top left     (5,2)
        bottom right (9,3)

    Box 6 is at 
        top left     (0,4)
        bottom right (4,5)

    Roll length used: 6

2)
   | W
 L | 0 1 2 3 4 5 6 7 8 9 10 
----------------------------
 0 | 1 . 2 2 . 3 3 3 3 3  . 
 1 | 4 4 4 4 4 3 3 3 3 3  . 
 2 | 4 4 4 4 4 5 5 5 5 5  . 
 3 | 6 6 6 6 6 5 5 5 5 5  . 
 4 | 6 6 6 6 6 . . . . .  . 
 5 | . . . . . . . . . .  . 
 6 | . . . . . . . . . .  . 
 7 | . . . . . . . . . .  . 
 8 | . . . . . . . . . .  . 
 9 | . . . . . . . . . .  . 
10 | . . . . . . . . . .  . 
11 | . . . . . . . . . .  . 
12 | . . . . . . . . . .  . 
13 | . . . . . . . . . .  . 
14 | . . . . . . . . . .  . 
15 | . . . . . . . . . .  . 
16 | . . . . . . . . . .  . 
17 | . . . . . . . . . .  . 
18 | . . . . . . . . . .  . 
19 | . . . . . . . . . .  . 
20 | . . . . . . . . . .  . 
21 | . . . . . . . . . .  . 
22 | . . . . . . . . . .  . 

Boxes' corners:      (w,l)
    Box 1 is at 
        top left     (0,0)
        bottom right (0,0)

    Box 2 is at 
        top left     (2,0)
        bottom right (3,0)

    Box 3 is at 
        top left     (5,0)
        bottom right (9,1)

    Box 4 is at 
        top left     (0,1)
        bottom right (4,2)

    Box 5 is at 
        top left     (5,2)
        bottom right (9,3)

    Box 6 is at 
        top left     (0,3)
        bottom right (4,4)

    Roll length used: 5

3)
   | W
 L | 0 1 2 3 4 5 6 7 8 9 10 
----------------------------
 0 | 1 3 3 3 3 3 4 4 4 4  4 
 1 | 2 3 3 3 3 3 4 4 4 4  4 
 2 | 2 5 5 5 5 5 6 6 6 6  6 
 3 | . 5 5 5 5 5 6 6 6 6  6 
 4 | . . . . . . . . . .  . 
 5 | . . . . . . . . . .  . 
 6 | . . . . . . . . . .  . 
 7 | . . . . . . . . . .  . 
 8 | . . . . . . . . . .  . 
 9 | . . . . . . . . . .  . 
10 | . . . . . . . . . .  . 
11 | . . . . . . . . . .  . 
12 | . . . . . . . . . .  . 
13 | . . . . . . . . . .  . 
14 | . . . . . . . . . .  . 
15 | . . . . . . . . . .  . 
16 | . . . . . . . . . .  . 
17 | . . . . . . . . . .  . 
18 | . . . . . . . . . .  . 
19 | . . . . . . . . . .  . 
20 | . . . . . . . . . .  . 
21 | . . . . . . . . . .  . 
22 | . . . . . . . . . .  . 

Boxes' corners:      (w,l)
    Box 1 is at 
        top left     (0,0)
        bottom right (0,0)

    Box 2 is at 
        top left     (0,1)
        bottom right (0,2)

    Box 3 is at 
        top left     (1,0)
        bottom right (5,1)

    Box 4 is at 
        top left     (6,0)
        bottom right (10,1)

    Box 5 is at 
        top left     (1,2)
        bottom right (5,3)

    Box 6 is at 
        top left     (6,2)
        bottom right (10,3)

    Roll length used: 4

Increasing width preprocessing
    W=11
    sum lengths=   23
    sum max sides= 23
    box 1: 1 1
    box 2: 1 2
    box 3: 2 5
    box 4: 2 5
    box 5: 2 5
    box 6: 2 5

Decreasing area preprocessing
    W=11
    sum lengths=   23
    sum max sides= 23
    box 1: 2 5
    box 2: 2 5
    box 3: 2 5
    box 4: 2 5
    box 5: 1 2
    box 6: 1 1

Decreasing width preprocessing
    W=11
    sum lengths=   23
    sum max sides= 23
    box 1: 2 5
    box 2: 2 5
    box 3: 2 5
    box 4: 2 5
    box 5: 1 2
    box 6: 1 1

----------------------------
Random preprocessing 1)
    W=11
    sum lengths=   23
    sum max sides= 23
    box 1: 2 5
    box 2: 1 1
    box 3: 2 5
    box 4: 2 5
    box 5: 1 2
    box 6: 2 5

----------------------------
Random preprocessing 2)
    W=11
    sum lengths=   23
    sum max sides= 23
    box 1: 1 2
    box 2: 2 5
    box 3: 2 5
    box 4: 2 5
    box 5: 2 5
    box 6: 1 1

----------------------------
Random preprocessing 3)
    W=11
    sum lengths=   23
    sum max sides= 23
    box 1: 2 5
    box 2: 1 1
    box 3: 2 5
    box 4: 2 5
    box 5: 1 2
    box 6: 2 5

----------------------------
Random preprocessing 4)
    W=11
    sum lengths=   23
    sum max sides= 23
    box 1: 1 2
    box 2: 1 1
    box 3: 2 5
    box 4: 2 5
    box 5: 2 5
    box 6: 2 5

----------------------------
Random preprocessing 5)
    W=11
    sum lengths=   23
    sum max sides= 23
    box 1: 2 5
    box 2: 2 5
    box 3: 1 1
    box 4: 2 5
    box 5: 1 2
    box 6: 2 5

In 0.953814 seconds (average)
--------------------
1)
   | W
 L | 0 1 2 3 4 5 6 7 8 9 10 
----------------------------
 0 | 1 3 3 3 3 3 4 4 4 4  4 
 1 | 2 3 3 3 3 3 4 4 4 4  4 
 2 | 2 5 5 5 5 5 6 6 6 6  6 
 3 | . 5 5 5 5 5 6 6 6 6  6 
 4 | . . . . . . . . . .  . 
 5 | . . . . . . . . . .  . 
 6 | . . . . . . . . . .  . 
 7 | . . . . . . . . . .  . 
 8 | . . . . . . . . . .  . 
 9 | . . . . . . . . . .  . 
10 | . . . . . . . . . .  . 
11 | . . . . . . . . . .  . 
12 | . . . . . . . . . .  . 
13 | . . . . . . . . . .  . 
14 | . . . . . . . . . .  . 
15 | . . . . . . . . . .  . 
16 | . . . . . . . . . .  . 
17 | . . . . . . . . . .  . 
18 | . . . . . . . . . .  . 
19 | . . . . . . . . . .  . 
20 | . . . . . . . . . .  . 
21 | . . . . . . . . . .  . 
22 | . . . . . . . . . .  . 

Boxes' corners:      (w,l)
    Box 1 is at 
        top left     (0,0)
        bottom right (0,0)

    Box 2 is at 
        top left     (0,1)
        bottom right (0,2)

    Box 3 is at 
        top left     (1,0)
        bottom right (5,1)

    Box 4 is at 
        top left     (6,0)
        bottom right (10,1)

    Box 5 is at 
        top left     (1,2)
        bottom right (5,3)

    Box 6 is at 
        top left     (6,2)
        bottom right (10,3)

    Roll length used: 4
--------------------
   | W
 L | 0 1 2 3 4 5 6 7 8 9 10 
----------------------------
 0 | 1 3 3 3 3 3 4 4 4 4  4 
 1 | 2 3 3 3 3 3 4 4 4 4  4 
 2 | 2 5 5 5 5 5 6 6 6 6  6 
 3 | . 5 5 5 5 5 6 6 6 6  6 
 4 | . . . . . . . . . .  . 
 5 | . . . . . . . . . .  . 
 6 | . . . . . . . . . .  . 
 7 | . . . . . . . . . .  . 
 8 | . . . . . . . . . .  . 
 9 | . . . . . . . . . .  . 
10 | . . . . . . . . . .  . 
11 | . . . . . . . . . .  . 
12 | . . . . . . . . . .  . 
13 | . . . . . . . . . .  . 
14 | . . . . . . . . . .  . 
15 | . . . . . . . . . .  . 
16 | . . . . . . . . . .  . 
17 | . . . . . . . . . .  . 
18 | . . . . . . . . . .  . 
19 | . . . . . . . . . .  . 
20 | . . . . . . . . . .  . 
21 | . . . . . . . . . .  . 
22 | . . . . . . . . . .  . 

Boxes' corners:      (w,l)
    Box 1 is at 
        top left     (0,0)
        bottom right (0,0)

    Box 2 is at 
        top left     (0,1)
        bottom right (0,2)

    Box 3 is at 
        top left     (1,0)
        bottom right (5,1)

    Box 4 is at 
        top left     (6,0)
        bottom right (10,1)

    Box 5 is at 
        top left     (1,2)
        bottom right (5,3)

    Box 6 is at 
        top left     (6,2)
        bottom right (10,3)

    Roll length used: 4
