Sat 19 May 18:16:22 CEST 2018
Increasing area preprocessing
    W=4
    sum lengths=   15
    sum max sides= 15
    box 1: 4 5
    box 2: 4 5
    box 3: 4 5

1)
   | W
 L | 0 1 2 3 
------------
 0 | 1 1 1 1 
 1 | 1 1 1 1 
 2 | 1 1 1 1 
 3 | 1 1 1 1 
 4 | 1 1 1 1 
 5 | 2 2 2 2 
 6 | 2 2 2 2 
 7 | 2 2 2 2 
 8 | 2 2 2 2 
 9 | 2 2 2 2 
10 | 3 3 3 3 
11 | 3 3 3 3 
12 | 3 3 3 3 
13 | 3 3 3 3 
14 | 3 3 3 3 

Boxes' corners:      (w,l)
    Box 1 is at 
        top left     (0,0)
        bottom right (3,4)

    Box 2 is at 
        top left     (0,5)
        bottom right (3,9)

    Box 3 is at 
        top left     (0,10)
        bottom right (3,14)

    Roll length used: 15

Increasing width preprocessing
    W=4
    sum lengths=   15
    sum max sides= 15
    box 1: 4 5
    box 2: 4 5
    box 3: 4 5

Decreasing area preprocessing
    W=4
    sum lengths=   15
    sum max sides= 15
    box 1: 4 5
    box 2: 4 5
    box 3: 4 5

Decreasing width preprocessing
    W=4
    sum lengths=   15
    sum max sides= 15
    box 1: 4 5
    box 2: 4 5
    box 3: 4 5

----------------------------
Random preprocessing 1)
    W=4
    sum lengths=   15
    sum max sides= 15
    box 1: 4 5
    box 2: 4 5
    box 3: 4 5

----------------------------
Random preprocessing 2)
    W=4
    sum lengths=   15
    sum max sides= 15
    box 1: 4 5
    box 2: 4 5
    box 3: 4 5

----------------------------
Random preprocessing 3)
    W=4
    sum lengths=   15
    sum max sides= 15
    box 1: 4 5
    box 2: 4 5
    box 3: 4 5

----------------------------
Random preprocessing 4)
    W=4
    sum lengths=   15
    sum max sides= 15
    box 1: 4 5
    box 2: 4 5
    box 3: 4 5

----------------------------
Random preprocessing 5)
    W=4
    sum lengths=   15
    sum max sides= 15
    box 1: 4 5
    box 2: 4 5
    box 3: 4 5

In 0.0255553 seconds (average)
--------------------
1)
   | W
 L | 0 1 2 3 
------------
 0 | 1 1 1 1 
 1 | 1 1 1 1 
 2 | 1 1 1 1 
 3 | 1 1 1 1 
 4 | 1 1 1 1 
 5 | 2 2 2 2 
 6 | 2 2 2 2 
 7 | 2 2 2 2 
 8 | 2 2 2 2 
 9 | 2 2 2 2 
10 | 3 3 3 3 
11 | 3 3 3 3 
12 | 3 3 3 3 
13 | 3 3 3 3 
14 | 3 3 3 3 

Boxes' corners:      (w,l)
    Box 1 is at 
        top left     (0,0)
        bottom right (3,4)

    Box 2 is at 
        top left     (0,5)
        bottom right (3,9)

    Box 3 is at 
        top left     (0,10)
        bottom right (3,14)

    Roll length used: 15
--------------------
   | W
 L | 0 1 2 3 
------------
 0 | 1 1 1 1 
 1 | 1 1 1 1 
 2 | 1 1 1 1 
 3 | 1 1 1 1 
 4 | 1 1 1 1 
 5 | 2 2 2 2 
 6 | 2 2 2 2 
 7 | 2 2 2 2 
 8 | 2 2 2 2 
 9 | 2 2 2 2 
10 | 3 3 3 3 
11 | 3 3 3 3 
12 | 3 3 3 3 
13 | 3 3 3 3 
14 | 3 3 3 3 

Boxes' corners:      (w,l)
    Box 1 is at 
        top left     (0,0)
        bottom right (3,4)

    Box 2 is at 
        top left     (0,5)
        bottom right (3,9)

    Box 3 is at 
        top left     (0,10)
        bottom right (3,14)

    Roll length used: 15
