dt jun 5 19:28:41 CEST 2018
    [1;34mTry max length:[0m 999999
    [1;34m    At iteration:[0m 0
        lingeling found a solution in 1.430 ms

       | W
     L | 0 1 2 3 4 5 6 7 8 9 
    -------------------------
     0 | 1 1 1 1 . 2 2 2 2 . 
     1 | 1 1 1 1 . 2 2 2 2 . 
     2 | . . . . . . . . . . 
     3 | . . . . . . . . . . 
     4 | . . . . . . . . . . 
     5 | . . . . . . . . . . 
     6 | . . . . . . . . . . 
     7 | . . . . . . . . . . 
     8 | . . . . . . . . . . 
     9 | . . . . . . . . . . 
    10 | . . . . . . . . . . 
    11 | . . . . . . . . . . 
    12 | . . . . . . . . . . 
    13 | . . . . . . . . . . 
    14 | . . . . . . . . . . 
    15 | . . . . . . . . . . 
    16 | . . . . . . . . . . 
    17 | . . . . . . . . . . 
    18 | . . . . . . . . . . 
    19 | . . . . . . . . . . 
    20 | . . . . . 5 5 5 5 . 
    21 | . . . . . 5 5 5 5 . 
    22 | . . 6 6 6 6 4 4 4 4 
    23 | . . 6 6 6 6 4 4 4 4 
    24 | . . . . . . . . . . 
    25 | 3 3 3 3 . . . . . . 
    26 | 3 3 3 3 . . . 9 8 7 
    
    Boxes' corners:      (w,l)
        Box 1 is at 
            top left     (0,0)
            bottom right (3,1)
    
        Box 2 is at 
            top left     (5,0)
            bottom right (8,1)
    
        Box 3 is at 
            top left     (0,25)
            bottom right (3,26)
    
        Box 4 is at 
            top left     (6,22)
            bottom right (9,23)
    
        Box 5 is at 
            top left     (5,20)
            bottom right (8,21)
    
        Box 6 is at 
            top left     (2,22)
            bottom right (5,23)
    
        Box 7 is at 
            top left     (9,26)
            bottom right (9,26)
    
        Box 8 is at 
            top left     (8,26)
            bottom right (8,26)
    
        Box 9 is at 
            top left     (7,26)
            bottom right (7,26)
    
        Roll length used: 27

    [1;34mTry max length:[0m 26
    [1;34m    At iteration:[0m 1
        lingeling found a solution in 1.398 ms

       | W
     L | 0 1 2 3 4 5 6 7 8 9 
    -------------------------
     0 | . . 1 1 1 1 2 2 2 2 
     1 | . . 1 1 1 1 2 2 2 2 
     2 | . . . . . . . . . . 
     3 | . . . . . . . . . . 
     4 | . . . . . . . . . . 
     5 | . . . . . . . . . . 
     6 | . . . . . . . . . . 
     7 | . . . . . . . . . . 
     8 | . . . . . . . . . . 
     9 | . . . . . . . . . . 
    10 | . . . . . . . . . . 
    11 | . . . . . . . . . . 
    12 | . . . . . 3 3 3 3 . 
    13 | . . . . . 3 3 3 3 . 
    14 | . . . . . . . . . . 
    15 | . . . . . . . . . . 
    16 | . . . . . . . . . . 
    17 | . . . . . . . . . . 
    18 | . . . . . . . . . . 
    19 | . . . . . . . . . . 
    20 | . . . . . . . . . . 
    21 | . . . . . . 6 6 6 6 
    22 | . . . . . . 6 6 6 6 
    23 | . . . . . . . . . . 
    24 | 4 4 4 4 9 5 5 5 5 8 
    25 | 4 4 4 4 7 5 5 5 5 . 
    
    Boxes' corners:      (w,l)
        Box 1 is at 
            top left     (2,0)
            bottom right (5,1)
    
        Box 2 is at 
            top left     (6,0)
            bottom right (9,1)
    
        Box 3 is at 
            top left     (5,12)
            bottom right (8,13)
    
        Box 4 is at 
            top left     (0,24)
            bottom right (3,25)
    
        Box 5 is at 
            top left     (5,24)
            bottom right (8,25)
    
        Box 6 is at 
            top left     (6,21)
            bottom right (9,22)
    
        Box 7 is at 
            top left     (4,25)
            bottom right (4,25)
    
        Box 8 is at 
            top left     (9,24)
            bottom right (9,24)
    
        Box 9 is at 
            top left     (4,24)
            bottom right (4,24)
    
        Roll length used: 26

    [1;34mTry max length:[0m 25
    [1;34m    At iteration:[0m 2
        lingeling found a solution in 1.291 ms

       | W
     L | 0 1 2 3 4 5 6 7 8 9 
    -------------------------
     0 | 1 1 1 1 4 4 4 4 . . 
     1 | 1 1 1 1 4 4 4 4 . . 
     2 | . . . . . . . . . . 
     3 | . . . . . . . . . . 
     4 | . . . . . . . . . . 
     5 | . . . . . . . . . . 
     6 | . . . . . . . . . . 
     7 | . . . . . . . . . . 
     8 | . . . . . . . . . . 
     9 | . . . . . . . . . . 
    10 | . . . . . . . . . . 
    11 | . . . . . . . . . . 
    12 | . . . . . . . . . . 
    13 | . . . . . . . . . . 
    14 | . . . . . . . . . . 
    15 | . . . . . . . . . . 
    16 | . . 3 3 3 3 . . . . 
    17 | . . 3 3 3 3 . . . . 
    18 | . . . . . . . . . . 
    19 | . . . . . 6 6 6 6 . 
    20 | . . . . . 6 6 6 6 . 
    21 | . . . . . . . . . . 
    22 | 5 5 5 5 . . 2 2 2 2 
    23 | 5 5 5 5 . . 2 2 2 2 
    24 | . . . . 9 8 7 . . . 
    
    Boxes' corners:      (w,l)
        Box 1 is at 
            top left     (0,0)
            bottom right (3,1)
    
        Box 2 is at 
            top left     (6,22)
            bottom right (9,23)
    
        Box 3 is at 
            top left     (2,16)
            bottom right (5,17)
    
        Box 4 is at 
            top left     (4,0)
            bottom right (7,1)
    
        Box 5 is at 
            top left     (0,22)
            bottom right (3,23)
    
        Box 6 is at 
            top left     (5,19)
            bottom right (8,20)
    
        Box 7 is at 
            top left     (6,24)
            bottom right (6,24)
    
        Box 8 is at 
            top left     (5,24)
            bottom right (5,24)
    
        Box 9 is at 
            top left     (4,24)
            bottom right (4,24)
    
        Roll length used: 25

    [1;34mTry max length:[0m 24
    [1;34m    At iteration:[0m 3
        lingeling found a solution in 1.157 ms

       | W
     L | 0 1 2 3 4 5 6 7 8 9 
    -------------------------
     0 | 1 1 1 1 2 2 2 2 . . 
     1 | 1 1 1 1 2 2 2 2 . . 
     2 | . 4 4 4 4 . . . . . 
     3 | . 4 4 4 4 . . . . . 
     4 | . . . . . . . . . . 
     5 | . . . . . . . . . . 
     6 | . . . . . . . . . . 
     7 | . . . . . . . . . . 
     8 | . . . . . . . . . . 
     9 | . . . . . . . . . . 
    10 | . . . . . . . . . . 
    11 | . . . . . . . . . . 
    12 | . . . . . . . . . . 
    13 | . . . . . . . . . . 
    14 | . . . . . . . . . . 
    15 | . . . . . . . . . . 
    16 | . . . . . . . . . . 
    17 | . . . . . . . . . . 
    18 | . . . . . . . . . . 
    19 | . . . . . . . . . . 
    20 | . . . . . 6 6 6 6 . 
    21 | . . . 9 8 6 6 6 6 7 
    22 | 3 3 3 3 . . 5 5 5 5 
    23 | 3 3 3 3 . . 5 5 5 5 
    
    Boxes' corners:      (w,l)
        Box 1 is at 
            top left     (0,0)
            bottom right (3,1)
    
        Box 2 is at 
            top left     (4,0)
            bottom right (7,1)
    
        Box 3 is at 
            top left     (0,22)
            bottom right (3,23)
    
        Box 4 is at 
            top left     (1,2)
            bottom right (4,3)
    
        Box 5 is at 
            top left     (6,22)
            bottom right (9,23)
    
        Box 6 is at 
            top left     (5,20)
            bottom right (8,21)
    
        Box 7 is at 
            top left     (9,21)
            bottom right (9,21)
    
        Box 8 is at 
            top left     (4,21)
            bottom right (4,21)
    
        Box 9 is at 
            top left     (3,21)
            bottom right (3,21)
    
        Roll length used: 24

    [1;34mTry max length:[0m 23
    [1;34m    At iteration:[0m 4
        lingeling found a solution in 1.125 ms

       | W
     L | 0 1 2 3 4 5 6 7 8 9 
    -------------------------
     0 | . 1 1 1 1 2 2 2 2 . 
     1 | . 1 1 1 1 2 2 2 2 . 
     2 | . . . . . . . . . . 
     3 | . . . . . . . . . . 
     4 | . . . . . . . . . . 
     5 | . . . . . . . . . . 
     6 | . . . . . . . . . . 
     7 | . . . . . . . . . . 
     8 | . . . . . . . . . . 
     9 | . . . . . . . . . . 
    10 | . . . . . . . . . . 
    11 | . . . . . . . . . . 
    12 | . . . . . . . . . . 
    13 | . . . . . . . . . . 
    14 | . . . . . . . . . . 
    15 | . . . . . . . . . . 
    16 | . . . . 6 6 6 6 . . 
    17 | . . . . 6 6 6 6 . . 
    18 | . . 5 5 5 5 . . . . 
    19 | . . 5 5 5 5 4 4 4 4 
    20 | . . . . . . 4 4 4 4 
    21 | 3 3 3 3 . . . . . . 
    22 | 3 3 3 3 . . . 9 8 7 
    
    Boxes' corners:      (w,l)
        Box 1 is at 
            top left     (1,0)
            bottom right (4,1)
    
        Box 2 is at 
            top left     (5,0)
            bottom right (8,1)
    
        Box 3 is at 
            top left     (0,21)
            bottom right (3,22)
    
        Box 4 is at 
            top left     (6,19)
            bottom right (9,20)
    
        Box 5 is at 
            top left     (2,18)
            bottom right (5,19)
    
        Box 6 is at 
            top left     (4,16)
            bottom right (7,17)
    
        Box 7 is at 
            top left     (9,22)
            bottom right (9,22)
    
        Box 8 is at 
            top left     (8,22)
            bottom right (8,22)
    
        Box 9 is at 
            top left     (7,22)
            bottom right (7,22)
    
        Roll length used: 23

    [1;34mTry max length:[0m 22
    [1;34m    At iteration:[0m 5
        lingeling found a solution in 1.014 ms

       | W
     L | 0 1 2 3 4 5 6 7 8 9 
    -------------------------
     0 | . . 4 4 4 4 2 2 2 2 
     1 | . . 4 4 4 4 2 2 2 2 
     2 | . . . . . . . . . . 
     3 | . . . . . . . . . . 
     4 | . . . . . . . . . . 
     5 | . . . . . . . . . . 
     6 | . . . . . . . . . . 
     7 | . . . . . . . . . . 
     8 | . . . . . . . . . . 
     9 | . . . . . . . . . . 
    10 | . . . . . . . . . . 
    11 | . 1 1 1 1 . . . . . 
    12 | . 1 1 1 1 . . . . . 
    13 | . . . . . . . . . . 
    14 | . . . . . . . . . . 
    15 | . . . . . . . . . . 
    16 | . . . . . . . . . . 
    17 | . . . . . . 5 5 5 5 
    18 | . 6 6 6 6 . 5 5 5 5 
    19 | . 6 6 6 6 . . . . . 
    20 | . 3 3 3 3 . . . . . 
    21 | . 3 3 3 3 . . 9 8 7 
    
    Boxes' corners:      (w,l)
        Box 1 is at 
            top left     (1,11)
            bottom right (4,12)
    
        Box 2 is at 
            top left     (6,0)
            bottom right (9,1)
    
        Box 3 is at 
            top left     (1,20)
            bottom right (4,21)
    
        Box 4 is at 
            top left     (2,0)
            bottom right (5,1)
    
        Box 5 is at 
            top left     (6,17)
            bottom right (9,18)
    
        Box 6 is at 
            top left     (1,18)
            bottom right (4,19)
    
        Box 7 is at 
            top left     (9,21)
            bottom right (9,21)
    
        Box 8 is at 
            top left     (8,21)
            bottom right (8,21)
    
        Box 9 is at 
            top left     (7,21)
            bottom right (7,21)
    
        Roll length used: 22

    [1;34mTry max length:[0m 21
    [1;34m    At iteration:[0m 6
        lingeling found a solution in .982 ms

       | W
     L | 0 1 2 3 4 5 6 7 8 9 
    -------------------------
     0 | . 6 6 6 6 1 1 1 1 . 
     1 | . 6 6 6 6 1 1 1 1 . 
     2 | . . . . . . . . . . 
     3 | . . . . . . . . . . 
     4 | . 4 4 4 4 . . . . . 
     5 | . 4 4 4 4 . 2 2 2 2 
     6 | . . . . . . 2 2 2 2 
     7 | . . . . . . . . . . 
     8 | . . . . . . . . . . 
     9 | . . . . . . . . . . 
    10 | . . . . . . . . . . 
    11 | . . . . . . . . . . 
    12 | . . . . . . . . . . 
    13 | . . . . . . . . . . 
    14 | . . . . . 3 3 3 3 . 
    15 | . . . . . 3 3 3 3 . 
    16 | . . . . . . . . . . 
    17 | . . . . . . . . . . 
    18 | . . . 9 8 5 5 5 5 7 
    19 | . . . . . 5 5 5 5 . 
    20 | . . . . . . . . . . 
    
    Boxes' corners:      (w,l)
        Box 1 is at 
            top left     (5,0)
            bottom right (8,1)
    
        Box 2 is at 
            top left     (6,5)
            bottom right (9,6)
    
        Box 3 is at 
            top left     (5,14)
            bottom right (8,15)
    
        Box 4 is at 
            top left     (1,4)
            bottom right (4,5)
    
        Box 5 is at 
            top left     (5,18)
            bottom right (8,19)
    
        Box 6 is at 
            top left     (1,0)
            bottom right (4,1)
    
        Box 7 is at 
            top left     (9,18)
            bottom right (9,18)
    
        Box 8 is at 
            top left     (4,18)
            bottom right (4,18)
    
        Box 9 is at 
            top left     (3,18)
            bottom right (3,18)
    
        Roll length used: 20

    [1;34mTry max length:[0m 19
    [1;34m    At iteration:[0m 7
        lingeling found a solution in .842 ms

       | W
     L | 0 1 2 3 4 5 6 7 8 9 
    -------------------------
     0 | . 1 1 1 1 2 2 2 2 . 
     1 | . 1 1 1 1 2 2 2 2 . 
     2 | . . . . . . . . . . 
     3 | . . . . . . . . . . 
     4 | . . . 6 6 6 6 . . . 
     5 | . . . 6 6 6 6 . . . 
     6 | . . . . . . . . . . 
     7 | . . . . . . . . . . 
     8 | . . . . . . . . . . 
     9 | . . . . . . . . . . 
    10 | . . . . . . . . . . 
    11 | . . . . . . . . . . 
    12 | . . . . . . . . . . 
    13 | 4 4 4 4 . . . . . . 
    14 | 4 4 4 4 . . . . . . 
    15 | . . . . . . . . . . 
    16 | . . . . . . . . . . 
    17 | 3 3 3 3 . 9 5 5 5 5 
    18 | 3 3 3 3 8 7 5 5 5 5 
    
    Boxes' corners:      (w,l)
        Box 1 is at 
            top left     (1,0)
            bottom right (4,1)
    
        Box 2 is at 
            top left     (5,0)
            bottom right (8,1)
    
        Box 3 is at 
            top left     (0,17)
            bottom right (3,18)
    
        Box 4 is at 
            top left     (0,13)
            bottom right (3,14)
    
        Box 5 is at 
            top left     (6,17)
            bottom right (9,18)
    
        Box 6 is at 
            top left     (3,4)
            bottom right (6,5)
    
        Box 7 is at 
            top left     (5,18)
            bottom right (5,18)
    
        Box 8 is at 
            top left     (4,18)
            bottom right (4,18)
    
        Box 9 is at 
            top left     (5,17)
            bottom right (5,17)
    
        Roll length used: 19

    [1;34mTry max length:[0m 18
    [1;34m    At iteration:[0m 8
        lingeling found a solution in .770 ms

       | W
     L | 0 1 2 3 4 5 6 7 8 9 
    -------------------------
     0 | . . . . . . 2 2 2 2 
     1 | 1 1 1 1 . . 2 2 2 2 
     2 | 1 1 1 1 . . . . . . 
     3 | . . . . . . . . . . 
     4 | . . . . . . . . . . 
     5 | . . . . . . . . . . 
     6 | . . . . . . . . . . 
     7 | . . . . . . . . . . 
     8 | . . . . . . . . . . 
     9 | . . . . . . . . . . 
    10 | . . 3 3 3 3 . . . . 
    11 | . . 3 3 3 3 . . . . 
    12 | . . . . . . . . . . 
    13 | 4 4 4 4 . . . . . . 
    14 | 4 4 4 4 . 5 5 5 5 . 
    15 | . . . . . 5 5 5 5 . 
    16 | . . . . . . 6 6 6 6 
    17 | . . . 9 8 7 6 6 6 6 
    
    Boxes' corners:      (w,l)
        Box 1 is at 
            top left     (0,1)
            bottom right (3,2)
    
        Box 2 is at 
            top left     (6,0)
            bottom right (9,1)
    
        Box 3 is at 
            top left     (2,10)
            bottom right (5,11)
    
        Box 4 is at 
            top left     (0,13)
            bottom right (3,14)
    
        Box 5 is at 
            top left     (5,14)
            bottom right (8,15)
    
        Box 6 is at 
            top left     (6,16)
            bottom right (9,17)
    
        Box 7 is at 
            top left     (5,17)
            bottom right (5,17)
    
        Box 8 is at 
            top left     (4,17)
            bottom right (4,17)
    
        Box 9 is at 
            top left     (3,17)
            bottom right (3,17)
    
        Roll length used: 18

    [1;34mTry max length:[0m 17
    [1;34m    At iteration:[0m 9
        lingeling found a solution in .659 ms

       | W
     L | 0 1 2 3 4 5 6 7 8 9 
    -------------------------
     0 | 4 4 4 4 1 1 1 1 . . 
     1 | 4 4 4 4 1 1 1 1 . . 
     2 | . . . . . . . 3 3 . 
     3 | . . . . . . . 3 3 . 
     4 | . . . . . . . 3 3 . 
     5 | . . . . . . . 3 3 . 
     6 | . . . . . . . . . . 
     7 | . . 2 2 2 2 . . . . 
     8 | . . 2 2 2 2 . . . . 
     9 | . . . . . . . . . . 
    10 | . . . . . . . . . . 
    11 | . . . . . . . . . . 
    12 | . . . . . . . . . . 
    13 | . . 6 6 6 6 . . . . 
    14 | . . 6 6 6 6 . . 9 8 
    15 | . 5 5 5 5 . . 7 . . 
    16 | . 5 5 5 5 . . . . . 
    
    Boxes' corners:      (w,l)
        Box 1 is at 
            top left     (4,0)
            bottom right (7,1)
    
        Box 2 is at 
            top left     (2,7)
            bottom right (5,8)
    
        Box 3 is at 
            top left     (7,2)
            bottom right (8,5)
    
        Box 4 is at 
            top left     (0,0)
            bottom right (3,1)
    
        Box 5 is at 
            top left     (1,15)
            bottom right (4,16)
    
        Box 6 is at 
            top left     (2,13)
            bottom right (5,14)
    
        Box 7 is at 
            top left     (7,15)
            bottom right (7,15)
    
        Box 8 is at 
            top left     (9,14)
            bottom right (9,14)
    
        Box 9 is at 
            top left     (8,14)
            bottom right (8,14)
    
        Roll length used: 17

    [1;34mTry max length:[0m 16
    [1;34m    At iteration:[0m 10
        lingeling found a solution in .631 ms

       | W
     L | 0 1 2 3 4 5 6 7 8 9 
    -------------------------
     0 | . . . . . 6 6 6 6 . 
     1 | 1 1 1 1 . 6 6 6 6 . 
     2 | 1 1 1 1 . . . . . . 
     3 | . . . . . . . . . . 
     4 | . . . . 4 4 4 4 . . 
     5 | . . . . 4 4 4 4 . . 
     6 | . . . . . . . . . . 
     7 | . . . . . . . . . . 
     8 | . . . . . . . . . . 
     9 | . . . . 3 3 3 3 . . 
    10 | . . . . 3 3 3 3 . . 
    11 | 2 2 2 2 . . . . . . 
    12 | 2 2 2 2 . . . . . . 
    13 | . . . 5 5 5 5 . . . 
    14 | . . . 5 5 5 5 . . . 
    15 | . . . . . . . 9 8 7 
    
    Boxes' corners:      (w,l)
        Box 1 is at 
            top left     (0,1)
            bottom right (3,2)
    
        Box 2 is at 
            top left     (0,11)
            bottom right (3,12)
    
        Box 3 is at 
            top left     (4,9)
            bottom right (7,10)
    
        Box 4 is at 
            top left     (4,4)
            bottom right (7,5)
    
        Box 5 is at 
            top left     (3,13)
            bottom right (6,14)
    
        Box 6 is at 
            top left     (5,0)
            bottom right (8,1)
    
        Box 7 is at 
            top left     (9,15)
            bottom right (9,15)
    
        Box 8 is at 
            top left     (8,15)
            bottom right (8,15)
    
        Box 9 is at 
            top left     (7,15)
            bottom right (7,15)
    
        Roll length used: 16

    [1;34mTry max length:[0m 15
    [1;34m    At iteration:[0m 11
        lingeling found a solution in .572 ms

       | W
     L | 0 1 2 3 4 5 6 7 8 9 
    -------------------------
     0 | 4 4 4 4 . 3 3 3 3 . 
     1 | 4 4 4 4 . 3 3 3 3 . 
     2 | . . . . . . . . . . 
     3 | . . . . . . . . . . 
     4 | . . . . . . . . . . 
     5 | . . . . . . . . . . 
     6 | . . . . . . . . . . 
     7 | . . . . 1 1 1 1 . . 
     8 | . . . . 1 1 1 1 . . 
     9 | . . . . . . . . . . 
    10 | . . . . . . . . . . 
    11 | 5 5 5 5 . . . . . . 
    12 | 5 5 5 5 . . . . . . 
    13 | 2 2 2 2 . 9 6 6 6 6 
    14 | 2 2 2 2 8 7 6 6 6 6 
    
    Boxes' corners:      (w,l)
        Box 1 is at 
            top left     (4,7)
            bottom right (7,8)
    
        Box 2 is at 
            top left     (0,13)
            bottom right (3,14)
    
        Box 3 is at 
            top left     (5,0)
            bottom right (8,1)
    
        Box 4 is at 
            top left     (0,0)
            bottom right (3,1)
    
        Box 5 is at 
            top left     (0,11)
            bottom right (3,12)
    
        Box 6 is at 
            top left     (6,13)
            bottom right (9,14)
    
        Box 7 is at 
            top left     (5,14)
            bottom right (5,14)
    
        Box 8 is at 
            top left     (4,14)
            bottom right (4,14)
    
        Box 9 is at 
            top left     (5,13)
            bottom right (5,13)
    
        Roll length used: 15

    [1;34mTry max length:[0m 14
    [1;34m    At iteration:[0m 12
        lingeling found a solution in .571 ms

       | W
     L | 0 1 2 3 4 5 6 7 8 9 
    -------------------------
     0 | . 4 4 4 4 1 1 1 1 . 
     1 | . 4 4 4 4 1 1 1 1 . 
     2 | . . . . . . . . . . 
     3 | . . 2 2 2 2 . . . . 
     4 | . . 2 2 2 2 . . 3 3 
     5 | . . . . . . . . 3 3 
     6 | . . . . . . . . 3 3 
     7 | . . . . . . . . 3 3 
     8 | . . . . . . . . . . 
     9 | . . . . . . . . . . 
    10 | . . . . . . . . . . 
    11 | . . . . . . . . 9 . 
    12 | 8 5 5 5 5 . 6 6 6 6 
    13 | 7 5 5 5 5 . 6 6 6 6 
    
    Boxes' corners:      (w,l)
        Box 1 is at 
            top left     (5,0)
            bottom right (8,1)
    
        Box 2 is at 
            top left     (2,3)
            bottom right (5,4)
    
        Box 3 is at 
            top left     (8,4)
            bottom right (9,7)
    
        Box 4 is at 
            top left     (1,0)
            bottom right (4,1)
    
        Box 5 is at 
            top left     (1,12)
            bottom right (4,13)
    
        Box 6 is at 
            top left     (6,12)
            bottom right (9,13)
    
        Box 7 is at 
            top left     (0,13)
            bottom right (0,13)
    
        Box 8 is at 
            top left     (0,12)
            bottom right (0,12)
    
        Box 9 is at 
            top left     (8,11)
            bottom right (8,11)
    
        Roll length used: 14

    [1;34mTry max length:[0m 13
    [1;34m    At iteration:[0m 13
        lingeling found a solution in .518 ms

       | W
     L | 0 1 2 3 4 5 6 7 8 9 
    -------------------------
     0 | . 5 5 5 5 . 6 6 6 6 
     1 | . 5 5 5 5 . 6 6 6 6 
     2 | . . . 1 1 1 1 . . . 
     3 | . . . 1 1 1 1 . . . 
     4 | . . . . 4 4 4 4 . . 
     5 | . . . . 4 4 4 4 . . 
     6 | . . . . . . . . . . 
     7 | . . . . . . . . . . 
     8 | . . . . . . . . . . 
     9 | . . . . . . . . . . 
    10 | . . . . . . . 9 8 7 
    11 | 2 2 2 2 . . 3 3 3 3 
    12 | 2 2 2 2 . . 3 3 3 3 
    
    Boxes' corners:      (w,l)
        Box 1 is at 
            top left     (3,2)
            bottom right (6,3)
    
        Box 2 is at 
            top left     (0,11)
            bottom right (3,12)
    
        Box 3 is at 
            top left     (6,11)
            bottom right (9,12)
    
        Box 4 is at 
            top left     (4,4)
            bottom right (7,5)
    
        Box 5 is at 
            top left     (1,0)
            bottom right (4,1)
    
        Box 6 is at 
            top left     (6,0)
            bottom right (9,1)
    
        Box 7 is at 
            top left     (9,10)
            bottom right (9,10)
    
        Box 8 is at 
            top left     (8,10)
            bottom right (8,10)
    
        Box 9 is at 
            top left     (7,10)
            bottom right (7,10)
    
        Roll length used: 13

    [1;34mTry max length:[0m 12
    [1;34m    At iteration:[0m 14
        lingeling found a solution in .455 ms

       | W
     L | 0 1 2 3 4 5 6 7 8 9 
    -------------------------
     0 | . 6 6 6 6 1 1 1 1 . 
     1 | . 6 6 6 6 1 1 1 1 . 
     2 | . . . . . . . . . . 
     3 | . . . . . . . . . . 
     4 | . . . . . . . . 3 3 
     5 | . . . . . . . . 3 3 
     6 | . . . 2 2 2 2 . 3 3 
     7 | . . . 2 2 2 2 . 3 3 
     8 | . . . . . . . . . . 
     9 | 9 . . . . . . . 8 7 
    10 | 4 4 4 4 5 5 5 5 . . 
    11 | 4 4 4 4 5 5 5 5 . . 
    
    Boxes' corners:      (w,l)
        Box 1 is at 
            top left     (5,0)
            bottom right (8,1)
    
        Box 2 is at 
            top left     (3,6)
            bottom right (6,7)
    
        Box 3 is at 
            top left     (8,4)
            bottom right (9,7)
    
        Box 4 is at 
            top left     (0,10)
            bottom right (3,11)
    
        Box 5 is at 
            top left     (4,10)
            bottom right (7,11)
    
        Box 6 is at 
            top left     (1,0)
            bottom right (4,1)
    
        Box 7 is at 
            top left     (9,9)
            bottom right (9,9)
    
        Box 8 is at 
            top left     (8,9)
            bottom right (8,9)
    
        Box 9 is at 
            top left     (0,9)
            bottom right (0,9)
    
        Roll length used: 12

    [1;34mTry max length:[0m 11
    [1;34m    At iteration:[0m 15
        lingeling found a solution in .392 ms

       | W
     L | 0 1 2 3 4 5 6 7 8 9 
    -------------------------
     0 | . . . . . . . . . . 
     1 | 5 5 5 5 . . . . . . 
     2 | 5 5 5 5 1 1 1 1 . . 
     3 | . . . . 1 1 1 1 . . 
     4 | . . 6 6 6 6 . . . . 
     5 | . . 6 6 6 6 2 2 2 2 
     6 | . . . . . . 2 2 2 2 
     7 | . . . . . . 4 4 4 4 
     8 | . . . . . . 4 4 4 4 
     9 | . . 3 3 3 3 . . . . 
    10 | . . 3 3 3 3 . 9 8 7 
    
    Boxes' corners:      (w,l)
        Box 1 is at 
            top left     (4,2)
            bottom right (7,3)
    
        Box 2 is at 
            top left     (6,5)
            bottom right (9,6)
    
        Box 3 is at 
            top left     (2,9)
            bottom right (5,10)
    
        Box 4 is at 
            top left     (6,7)
            bottom right (9,8)
    
        Box 5 is at 
            top left     (0,1)
            bottom right (3,2)
    
        Box 6 is at 
            top left     (2,4)
            bottom right (5,5)
    
        Box 7 is at 
            top left     (9,10)
            bottom right (9,10)
    
        Box 8 is at 
            top left     (8,10)
            bottom right (8,10)
    
        Box 9 is at 
            top left     (7,10)
            bottom right (7,10)
    
        Roll length used: 11

    [1;34mTry max length:[0m 10
    [1;34m    At iteration:[0m 16
        lingeling found a solution in .349 ms

       | W
     L | 0 1 2 3 4 5 6 7 8 9 
    -------------------------
     0 | . . . . . . . . . . 
     1 | 5 5 . . . . . . . . 
     2 | 5 5 1 1 1 1 . . 6 6 
     3 | 5 5 1 1 1 1 . . 6 6 
     4 | 5 5 . . . 2 2 . 6 6 
     5 | 3 3 . . . 2 2 . 6 6 
     6 | 3 3 . . . 2 2 . 4 4 
     7 | 3 3 . . . 2 2 . 4 4 
     8 | 3 3 . . . . . . 4 4 
     9 | . . 9 . . . 8 7 4 4 
    
    Boxes' corners:      (w,l)
        Box 1 is at 
            top left     (2,2)
            bottom right (5,3)
    
        Box 2 is at 
            top left     (5,4)
            bottom right (6,7)
    
        Box 3 is at 
            top left     (0,5)
            bottom right (1,8)
    
        Box 4 is at 
            top left     (8,6)
            bottom right (9,9)
    
        Box 5 is at 
            top left     (0,1)
            bottom right (1,4)
    
        Box 6 is at 
            top left     (8,2)
            bottom right (9,5)
    
        Box 7 is at 
            top left     (7,9)
            bottom right (7,9)
    
        Box 8 is at 
            top left     (6,9)
            bottom right (6,9)
    
        Box 9 is at 
            top left     (2,9)
            bottom right (2,9)
    
        Roll length used: 10

    [1;34mTry max length:[0m 9
    [1;34m    At iteration:[0m 17
        lingeling found a solution in .335 ms

      | W
    L | 0 1 2 3 4 5 6 7 8 9 
    -------------------------
    0 | 2 2 . . . . . . 4 4 
    1 | 2 2 . 3 3 . . . 4 4 
    2 | 2 2 . 3 3 . . . 4 4 
    3 | 2 2 . 3 3 . . . 4 4 
    4 | 1 1 . 3 3 5 5 . . . 
    5 | 1 1 . . . 5 5 . 6 6 
    6 | 1 1 . . . 5 5 9 6 6 
    7 | 1 1 . . . 5 5 . 6 6 
    8 | . . . 8 . 7 . . 6 6 
    
    Boxes' corners:      (w,l)
        Box 1 is at 
            top left     (0,4)
            bottom right (1,7)
    
        Box 2 is at 
            top left     (0,0)
            bottom right (1,3)
    
        Box 3 is at 
            top left     (3,1)
            bottom right (4,4)
    
        Box 4 is at 
            top left     (8,0)
            bottom right (9,3)
    
        Box 5 is at 
            top left     (5,4)
            bottom right (6,7)
    
        Box 6 is at 
            top left     (8,5)
            bottom right (9,8)
    
        Box 7 is at 
            top left     (5,8)
            bottom right (5,8)
    
        Box 8 is at 
            top left     (3,8)
            bottom right (3,8)
    
        Box 9 is at 
            top left     (7,6)
            bottom right (7,6)
    
        Roll length used: 9

    [1;34mTry max length:[0m 8
    [1;34m    At iteration:[0m 18
        lingeling found a solution in .290 ms

      | W
    L | 0 1 2 3 4 5 6 7 8 9 
    -------------------------
    0 | 1 1 . . . . . . 5 5 
    1 | 1 1 4 4 . 6 6 . 5 5 
    2 | 1 1 4 4 . 6 6 . 5 5 
    3 | 1 1 4 4 . 6 6 . 5 5 
    4 | 3 3 4 4 . 6 6 . 2 2 
    5 | 3 3 . . . . . . 2 2 
    6 | 3 3 . . . . . 9 2 2 
    7 | 3 3 . . . 8 . 7 2 2 
    
    Boxes' corners:      (w,l)
        Box 1 is at 
            top left     (0,0)
            bottom right (1,3)
    
        Box 2 is at 
            top left     (8,4)
            bottom right (9,7)
    
        Box 3 is at 
            top left     (0,4)
            bottom right (1,7)
    
        Box 4 is at 
            top left     (2,1)
            bottom right (3,4)
    
        Box 5 is at 
            top left     (8,0)
            bottom right (9,3)
    
        Box 6 is at 
            top left     (5,1)
            bottom right (6,4)
    
        Box 7 is at 
            top left     (7,7)
            bottom right (7,7)
    
        Box 8 is at 
            top left     (5,7)
            bottom right (5,7)
    
        Box 9 is at 
            top left     (7,6)
            bottom right (7,6)
    
        Roll length used: 8

    [1;34mTry max length:[0m 7
    [1;34m    At iteration:[0m 19
        lingeling found a solution in .255 ms

      | W
    L | 0 1 2 3 4 5 6 7 8 9 
    -------------------------
    0 | . . . 8 . . 2 2 6 6 
    1 | . . . . 5 5 2 2 6 6 
    2 | . . 3 3 5 5 2 2 6 6 
    3 | 1 1 3 3 5 5 2 2 6 6 
    4 | 1 1 3 3 5 5 4 4 4 4 
    5 | 1 1 3 3 . . 4 4 4 4 
    6 | 1 1 . . . . 9 7 . . 
    
    Boxes' corners:      (w,l)
        Box 1 is at 
            top left     (0,3)
            bottom right (1,6)
    
        Box 2 is at 
            top left     (6,0)
            bottom right (7,3)
    
        Box 3 is at 
            top left     (2,2)
            bottom right (3,5)
    
        Box 4 is at 
            top left     (6,4)
            bottom right (9,5)
    
        Box 5 is at 
            top left     (4,1)
            bottom right (5,4)
    
        Box 6 is at 
            top left     (8,0)
            bottom right (9,3)
    
        Box 7 is at 
            top left     (7,6)
            bottom right (7,6)
    
        Box 8 is at 
            top left     (3,0)
            bottom right (3,0)
    
        Box 9 is at 
            top left     (6,6)
            bottom right (6,6)
    
        Roll length used: 7

    [1;34mTry max length:[0m 6
    [1;34m    At iteration:[0m 20
        lingeling found a solution in .223 ms

      | W
    L | 0 1 2 3 4 5 6 7 8 9 
    -------------------------
    0 | 4 4 4 4 3 3 . . . 7 
    1 | 4 4 4 4 3 3 . . 2 2 
    2 | 1 1 . . 3 3 6 6 2 2 
    3 | 1 1 . . 3 3 6 6 2 2 
    4 | 1 1 5 5 5 5 6 6 2 2 
    5 | 1 1 5 5 5 5 6 6 9 8 
    
    Boxes' corners:      (w,l)
        Box 1 is at 
            top left     (0,2)
            bottom right (1,5)
    
        Box 2 is at 
            top left     (8,1)
            bottom right (9,4)
    
        Box 3 is at 
            top left     (4,0)
            bottom right (5,3)
    
        Box 4 is at 
            top left     (0,0)
            bottom right (3,1)
    
        Box 5 is at 
            top left     (2,4)
            bottom right (5,5)
    
        Box 6 is at 
            top left     (6,2)
            bottom right (7,5)
    
        Box 7 is at 
            top left     (9,0)
            bottom right (9,0)
    
        Box 8 is at 
            top left     (9,5)
            bottom right (9,5)
    
        Box 9 is at 
            top left     (8,5)
            bottom right (8,5)
    
        Roll length used: 6

    [1;34mTry max length:[0m 5
    [1;34m    At iteration:[0m 21
        [3;31mlingeling determined unsatisfiability of the Boolean formula[0m
        [1;32mOptimality reached![0m
