dt jun 5 19:08:28 CEST 2018
    [1;34mTry max length:[0m 999999
    [1;34m    At iteration:[0m 0
        lingeling found a solution in .374 ms

       | W
     L | 0 1 2 3 4 
    --------------
     0 | . . . . . 
     1 | . . . . . 
     2 | . . . . . 
     3 | . . . . . 
     4 | . . . . . 
     5 | . 1 . . . 
     6 | . . . . . 
     7 | . . . . . 
     8 | . . . . . 
     9 | 9 9 . 8 8 
    10 | 9 9 . 8 8 
    11 | 7 7 . 6 6 
    12 | 7 7 . 6 6 
    13 | 5 5 2 4 4 
    14 | 5 5 3 4 4 
    
    Boxes' corners:      (w,l)
        Box 1 is at 
            top left     (1,5)
            bottom right (1,5)
    
        Box 2 is at 
            top left     (2,13)
            bottom right (2,13)
    
        Box 3 is at 
            top left     (2,14)
            bottom right (2,14)
    
        Box 4 is at 
            top left     (3,13)
            bottom right (4,14)
    
        Box 5 is at 
            top left     (0,13)
            bottom right (1,14)
    
        Box 6 is at 
            top left     (3,11)
            bottom right (4,12)
    
        Box 7 is at 
            top left     (0,11)
            bottom right (1,12)
    
        Box 8 is at 
            top left     (3,9)
            bottom right (4,10)
    
        Box 9 is at 
            top left     (0,9)
            bottom right (1,10)
    
        Roll length used: 15

    [1;34mTry max length:[0m 14
    [1;34m    At iteration:[0m 1
        lingeling found a solution in .340 ms

       | W
     L | 0 1 2 3 4 
    --------------
     0 | . . . . . 
     1 | . . . . . 
     2 | . . . . 2 
     3 | . . . . . 
     4 | . . . . . 
     5 | . 1 . . 3 
     6 | . . . . . 
     7 | . . . . . 
     8 | 9 9 . 8 8 
     9 | 9 9 . 8 8 
    10 | 7 7 . 6 6 
    11 | 7 7 . 6 6 
    12 | 5 5 . 4 4 
    13 | 5 5 . 4 4 
    
    Boxes' corners:      (w,l)
        Box 1 is at 
            top left     (1,5)
            bottom right (1,5)
    
        Box 2 is at 
            top left     (4,2)
            bottom right (4,2)
    
        Box 3 is at 
            top left     (4,5)
            bottom right (4,5)
    
        Box 4 is at 
            top left     (3,12)
            bottom right (4,13)
    
        Box 5 is at 
            top left     (0,12)
            bottom right (1,13)
    
        Box 6 is at 
            top left     (3,10)
            bottom right (4,11)
    
        Box 7 is at 
            top left     (0,10)
            bottom right (1,11)
    
        Box 8 is at 
            top left     (3,8)
            bottom right (4,9)
    
        Box 9 is at 
            top left     (0,8)
            bottom right (1,9)
    
        Roll length used: 14

    [1;34mTry max length:[0m 13
    [1;34m    At iteration:[0m 2
        lingeling found a solution in .305 ms

       | W
     L | 0 1 2 3 4 
    --------------
     0 | . . . . . 
     1 | . . . . . 
     2 | . . . . 2 
     3 | . . 1 . . 
     4 | . . . . . 
     5 | . . . . . 
     6 | . . . . . 
     7 | 9 9 . 8 8 
     8 | 9 9 . 8 8 
     9 | 7 7 . 6 6 
    10 | 7 7 . 6 6 
    11 | 5 5 3 4 4 
    12 | 5 5 . 4 4 
    
    Boxes' corners:      (w,l)
        Box 1 is at 
            top left     (2,3)
            bottom right (2,3)
    
        Box 2 is at 
            top left     (4,2)
            bottom right (4,2)
    
        Box 3 is at 
            top left     (2,11)
            bottom right (2,11)
    
        Box 4 is at 
            top left     (3,11)
            bottom right (4,12)
    
        Box 5 is at 
            top left     (0,11)
            bottom right (1,12)
    
        Box 6 is at 
            top left     (3,9)
            bottom right (4,10)
    
        Box 7 is at 
            top left     (0,9)
            bottom right (1,10)
    
        Box 8 is at 
            top left     (3,7)
            bottom right (4,8)
    
        Box 9 is at 
            top left     (0,7)
            bottom right (1,8)
    
        Roll length used: 13

    [1;34mTry max length:[0m 12
    [1;34m    At iteration:[0m 3
        lingeling found a solution in .268 ms

       | W
     L | 0 1 2 3 4 
    --------------
     0 | . . . . . 
     1 | . . . . . 
     2 | 1 . . . . 
     3 | . . . . . 
     4 | . . . 9 9 
     5 | . . . 9 9 
     6 | . . . 8 8 
     7 | . . 3 8 8 
     8 | 7 7 . 6 6 
     9 | 7 7 2 6 6 
    10 | 5 5 . 4 4 
    11 | 5 5 . 4 4 
    
    Boxes' corners:      (w,l)
        Box 1 is at 
            top left     (0,2)
            bottom right (0,2)
    
        Box 2 is at 
            top left     (2,9)
            bottom right (2,9)
    
        Box 3 is at 
            top left     (2,7)
            bottom right (2,7)
    
        Box 4 is at 
            top left     (3,10)
            bottom right (4,11)
    
        Box 5 is at 
            top left     (0,10)
            bottom right (1,11)
    
        Box 6 is at 
            top left     (3,8)
            bottom right (4,9)
    
        Box 7 is at 
            top left     (0,8)
            bottom right (1,9)
    
        Box 8 is at 
            top left     (3,6)
            bottom right (4,7)
    
        Box 9 is at 
            top left     (3,4)
            bottom right (4,5)
    
        Roll length used: 12

    [1;34mTry max length:[0m 11
    [1;34m    At iteration:[0m 4
        lingeling found a solution in .239 ms

       | W
     L | 0 1 2 3 4 
    --------------
     0 | . . . . . 
     1 | . . . . . 
     2 | 1 . . . 2 
     3 | . . . 9 9 
     4 | . . . 9 9 
     5 | . . . 8 8 
     6 | . . . 8 8 
     7 | . 7 7 6 6 
     8 | 3 7 7 6 6 
     9 | 5 5 . 4 4 
    10 | 5 5 . 4 4 
    
    Boxes' corners:      (w,l)
        Box 1 is at 
            top left     (0,2)
            bottom right (0,2)
    
        Box 2 is at 
            top left     (4,2)
            bottom right (4,2)
    
        Box 3 is at 
            top left     (0,8)
            bottom right (0,8)
    
        Box 4 is at 
            top left     (3,9)
            bottom right (4,10)
    
        Box 5 is at 
            top left     (0,9)
            bottom right (1,10)
    
        Box 6 is at 
            top left     (3,7)
            bottom right (4,8)
    
        Box 7 is at 
            top left     (1,7)
            bottom right (2,8)
    
        Box 8 is at 
            top left     (3,5)
            bottom right (4,6)
    
        Box 9 is at 
            top left     (3,3)
            bottom right (4,4)
    
        Roll length used: 11

    [1;34mTry max length:[0m 10
    [1;34m    At iteration:[0m 5
        lingeling found a solution in .209 ms

       | W
     L | 0 1 2 3 4 
    --------------
     0 | . . . . . 
     1 | . . . . . 
     2 | . . . 9 9 
     3 | . . . 9 9 
     4 | 1 . . 8 8 
     5 | . . . 8 8 
     6 | 7 7 . 6 6 
     7 | 7 7 . 6 6 
     8 | 5 5 3 4 4 
     9 | 5 5 2 4 4 
    
    Boxes' corners:      (w,l)
        Box 1 is at 
            top left     (0,4)
            bottom right (0,4)
    
        Box 2 is at 
            top left     (2,9)
            bottom right (2,9)
    
        Box 3 is at 
            top left     (2,8)
            bottom right (2,8)
    
        Box 4 is at 
            top left     (3,8)
            bottom right (4,9)
    
        Box 5 is at 
            top left     (0,8)
            bottom right (1,9)
    
        Box 6 is at 
            top left     (3,6)
            bottom right (4,7)
    
        Box 7 is at 
            top left     (0,6)
            bottom right (1,7)
    
        Box 8 is at 
            top left     (3,4)
            bottom right (4,5)
    
        Box 9 is at 
            top left     (3,2)
            bottom right (4,3)
    
        Roll length used: 10

    [1;34mTry max length:[0m 9
    [1;34m    At iteration:[0m 6
        lingeling found a solution in .177 ms

      | W
    L | 0 1 2 3 4 
    --------------
    0 | . 1 . 8 8 
    1 | . . . 8 8 
    2 | . . . 9 9 
    3 | . . . 9 9 
    4 | . . . . . 
    5 | 7 7 . 5 5 
    6 | 7 7 . 5 5 
    7 | 6 6 2 4 4 
    8 | 6 6 3 4 4 
    
    Boxes' corners:      (w,l)
        Box 1 is at 
            top left     (1,0)
            bottom right (1,0)
    
        Box 2 is at 
            top left     (2,7)
            bottom right (2,7)
    
        Box 3 is at 
            top left     (2,8)
            bottom right (2,8)
    
        Box 4 is at 
            top left     (3,7)
            bottom right (4,8)
    
        Box 5 is at 
            top left     (3,5)
            bottom right (4,6)
    
        Box 6 is at 
            top left     (0,7)
            bottom right (1,8)
    
        Box 7 is at 
            top left     (0,5)
            bottom right (1,6)
    
        Box 8 is at 
            top left     (3,0)
            bottom right (4,1)
    
        Box 9 is at 
            top left     (3,2)
            bottom right (4,3)
    
        Roll length used: 9

    [1;34mTry max length:[0m 8
    [1;34m    At iteration:[0m 7
        lingeling found a solution in .159 ms

      | W
    L | 0 1 2 3 4 
    --------------
    0 | . 1 . 5 5 
    1 | . . . 5 5 
    2 | . . . 6 6 
    3 | 2 . 3 6 6 
    4 | . 4 4 9 9 
    5 | . 4 4 9 9 
    6 | 8 8 7 7 . 
    7 | 8 8 7 7 . 
    
    Boxes' corners:      (w,l)
        Box 1 is at 
            top left     (1,0)
            bottom right (1,0)
    
        Box 2 is at 
            top left     (0,3)
            bottom right (0,3)
    
        Box 3 is at 
            top left     (2,3)
            bottom right (2,3)
    
        Box 4 is at 
            top left     (1,4)
            bottom right (2,5)
    
        Box 5 is at 
            top left     (3,0)
            bottom right (4,1)
    
        Box 6 is at 
            top left     (3,2)
            bottom right (4,3)
    
        Box 7 is at 
            top left     (2,6)
            bottom right (3,7)
    
        Box 8 is at 
            top left     (0,6)
            bottom right (1,7)
    
        Box 9 is at 
            top left     (3,4)
            bottom right (4,5)
    
        Roll length used: 8

    [1;34mTry max length:[0m 7
    [1;34m    At iteration:[0m 8
        lingeling found a solution in .131 ms

      | W
    L | 0 1 2 3 4 
    --------------
    0 | 3 5 5 9 9 
    1 | 1 5 5 9 9 
    2 | 8 8 . 4 4 
    3 | 8 8 . 4 4 
    4 | . . . . . 
    5 | . 7 7 6 6 
    6 | 2 7 7 6 6 
    
    Boxes' corners:      (w,l)
        Box 1 is at 
            top left     (0,1)
            bottom right (0,1)
    
        Box 2 is at 
            top left     (0,6)
            bottom right (0,6)
    
        Box 3 is at 
            top left     (0,0)
            bottom right (0,0)
    
        Box 4 is at 
            top left     (3,2)
            bottom right (4,3)
    
        Box 5 is at 
            top left     (1,0)
            bottom right (2,1)
    
        Box 6 is at 
            top left     (3,5)
            bottom right (4,6)
    
        Box 7 is at 
            top left     (1,5)
            bottom right (2,6)
    
        Box 8 is at 
            top left     (0,2)
            bottom right (1,3)
    
        Box 9 is at 
            top left     (3,0)
            bottom right (4,1)
    
        Roll length used: 7

    [1;34mTry max length:[0m 6
    [1;34m    At iteration:[0m 9
        lingeling found a solution in .084 ms

      | W
    L | 0 1 2 3 4 
    --------------
    0 | 9 9 . 7 7 
    1 | 9 9 2 7 7 
    2 | 8 8 3 4 4 
    3 | 8 8 1 4 4 
    4 | 6 6 . 5 5 
    5 | 6 6 . 5 5 
    
    Boxes' corners:      (w,l)
        Box 1 is at 
            top left     (2,3)
            bottom right (2,3)
    
        Box 2 is at 
            top left     (2,1)
            bottom right (2,1)
    
        Box 3 is at 
            top left     (2,2)
            bottom right (2,2)
    
        Box 4 is at 
            top left     (3,2)
            bottom right (4,3)
    
        Box 5 is at 
            top left     (3,4)
            bottom right (4,5)
    
        Box 6 is at 
            top left     (0,4)
            bottom right (1,5)
    
        Box 7 is at 
            top left     (3,0)
            bottom right (4,1)
    
        Box 8 is at 
            top left     (0,2)
            bottom right (1,3)
    
        Box 9 is at 
            top left     (0,0)
            bottom right (1,1)
    
        Roll length used: 6

    [1;34mTry max length:[0m 5
    [1;34m    At iteration:[0m 10
        [3;31mlingeling determined unsatisfiability of the Boolean formula[0m
        [1;32mOptimality reached![0m
