dt jun 5 19:15:29 CEST 2018
    [1;34mTry max length:[0m 999999
    [1;34m    At iteration:[0m 0
        lingeling found a solution in .598 ms

       | W
     L | 0 1 2  3  4  5  6 
    ----------------------
     0 | . . .  .  .  .  . 
     1 | . . .  .  .  .  . 
     2 | . . .  .  .  .  . 
     3 | . . .  .  .  .  . 
     4 | . . .  .  .  .  . 
     5 | . . .  .  .  .  . 
     6 | . . .  .  .  .  . 
     7 | . . .  .  .  .  . 
     8 | . . .  .  .  .  . 
     9 | . . .  .  .  .  . 
    10 | . . 1  .  .  .  . 
    11 | . . .  .  .  .  . 
    12 | . . .  .  .  .  6 
    13 | . . .  .  .  .  6 
    14 | 5 . .  .  .  .  4 
    15 | 5 . .  .  .  .  4 
    16 | 3 . . 11 11 10 10 
    17 | 3 . . 11 11 10 10 
    18 | 9 9 .  8  8  7  7 
    19 | 9 9 2  8  8  7  7 
    
    Boxes' corners:       (w,l)
        Box  1 is at 
            top left     (2,10)
            bottom right (2,10)
    
        Box  2 is at 
            top left     (2,19)
            bottom right (2,19)
    
        Box  3 is at 
            top left     (0,16)
            bottom right (0,17)
    
        Box  4 is at 
            top left     (6,14)
            bottom right (6,15)
    
        Box  5 is at 
            top left     (0,14)
            bottom right (0,15)
    
        Box  6 is at 
            top left     (6,12)
            bottom right (6,13)
    
        Box  7 is at 
            top left     (5,18)
            bottom right (6,19)
    
        Box  8 is at 
            top left     (3,18)
            bottom right (4,19)
    
        Box  9 is at 
            top left     (0,18)
            bottom right (1,19)
    
        Box 10 is at 
            top left     (5,16)
            bottom right (6,17)
    
        Box 11 is at 
            top left     (3,16)
            bottom right (4,17)
    
        Roll length used: 20

    [1;34mTry max length:[0m 19
    [1;34m    At iteration:[0m 1
        lingeling found a solution in .569 ms

       | W
     L | 0 1 2  3  4  5  6 
    ----------------------
     0 | . 1 .  .  .  .  . 
     1 | . . .  .  .  .  . 
     2 | . . .  .  .  .  . 
     3 | . . .  .  .  .  . 
     4 | . . .  .  .  .  . 
     5 | . . .  .  .  .  . 
     6 | . . .  .  .  .  . 
     7 | . . .  .  .  .  . 
     8 | . . .  .  .  .  . 
     9 | . . .  .  .  .  . 
    10 | . . .  .  .  .  . 
    11 | . . .  .  .  .  6 
    12 | . . .  .  .  .  6 
    13 | 5 . .  .  .  .  4 
    14 | 5 . .  .  .  .  4 
    15 | 3 . . 11 11 10 10 
    16 | 3 . . 11 11 10 10 
    17 | 9 9 .  8  8  7  7 
    18 | 9 9 2  8  8  7  7 
    
    Boxes' corners:       (w,l)
        Box  1 is at 
            top left     (1,0)
            bottom right (1,0)
    
        Box  2 is at 
            top left     (2,18)
            bottom right (2,18)
    
        Box  3 is at 
            top left     (0,15)
            bottom right (0,16)
    
        Box  4 is at 
            top left     (6,13)
            bottom right (6,14)
    
        Box  5 is at 
            top left     (0,13)
            bottom right (0,14)
    
        Box  6 is at 
            top left     (6,11)
            bottom right (6,12)
    
        Box  7 is at 
            top left     (5,17)
            bottom right (6,18)
    
        Box  8 is at 
            top left     (3,17)
            bottom right (4,18)
    
        Box  9 is at 
            top left     (0,17)
            bottom right (1,18)
    
        Box 10 is at 
            top left     (5,15)
            bottom right (6,16)
    
        Box 11 is at 
            top left     (3,15)
            bottom right (4,16)
    
        Roll length used: 19

    [1;34mTry max length:[0m 18
    [1;34m    At iteration:[0m 2
        lingeling found a solution in .597 ms

       | W
     L | 0 1 2  3  4  5  6 
    ----------------------
     0 | 6 . .  .  .  .  . 
     1 | 6 . .  .  .  .  . 
     2 | . . .  .  .  .  . 
     3 | . . .  .  .  .  . 
     4 | . . .  .  .  .  . 
     5 | . . .  .  .  .  . 
     6 | . . .  .  .  .  . 
     7 | . . .  .  .  .  . 
     8 | . . .  .  .  .  . 
     9 | . . .  1  .  .  . 
    10 | 4 . .  .  .  .  . 
    11 | 4 . .  .  .  .  . 
    12 | 3 . .  .  .  .  . 
    13 | 3 . .  .  .  .  . 
    14 | 5 . . 11 11 10 10 
    15 | 5 . . 11 11 10 10 
    16 | 9 9 .  8  8  7  7 
    17 | 9 9 2  8  8  7  7 
    
    Boxes' corners:       (w,l)
        Box  1 is at 
            top left     (3,9)
            bottom right (3,9)
    
        Box  2 is at 
            top left     (2,17)
            bottom right (2,17)
    
        Box  3 is at 
            top left     (0,12)
            bottom right (0,13)
    
        Box  4 is at 
            top left     (0,10)
            bottom right (0,11)
    
        Box  5 is at 
            top left     (0,14)
            bottom right (0,15)
    
        Box  6 is at 
            top left     (0,0)
            bottom right (0,1)
    
        Box  7 is at 
            top left     (5,16)
            bottom right (6,17)
    
        Box  8 is at 
            top left     (3,16)
            bottom right (4,17)
    
        Box  9 is at 
            top left     (0,16)
            bottom right (1,17)
    
        Box 10 is at 
            top left     (5,14)
            bottom right (6,15)
    
        Box 11 is at 
            top left     (3,14)
            bottom right (4,15)
    
        Roll length used: 18

    [1;34mTry max length:[0m 17
    [1;34m    At iteration:[0m 3
        lingeling found a solution in .832 ms

       | W
     L | 0 1 2  3  4  5  6 
    ----------------------
     0 | . . .  1  .  .  . 
     1 | . . .  .  .  .  . 
     2 | . . .  .  .  .  . 
     3 | . . .  .  .  .  . 
     4 | . . .  .  .  .  . 
     5 | . . .  .  .  .  . 
     6 | . . .  .  .  .  . 
     7 | . . .  .  .  .  . 
     8 | . . .  .  .  .  . 
     9 | . . .  .  .  .  6 
    10 | . . .  .  .  .  6 
    11 | 5 . .  .  .  .  4 
    12 | 5 . .  .  .  .  4 
    13 | 3 . . 11 11 10 10 
    14 | 3 . . 11 11 10 10 
    15 | 9 9 .  8  8  7  7 
    16 | 9 9 2  8  8  7  7 
    
    Boxes' corners:       (w,l)
        Box  1 is at 
            top left     (3,0)
            bottom right (3,0)
    
        Box  2 is at 
            top left     (2,16)
            bottom right (2,16)
    
        Box  3 is at 
            top left     (0,13)
            bottom right (0,14)
    
        Box  4 is at 
            top left     (6,11)
            bottom right (6,12)
    
        Box  5 is at 
            top left     (0,11)
            bottom right (0,12)
    
        Box  6 is at 
            top left     (6,9)
            bottom right (6,10)
    
        Box  7 is at 
            top left     (5,15)
            bottom right (6,16)
    
        Box  8 is at 
            top left     (3,15)
            bottom right (4,16)
    
        Box  9 is at 
            top left     (0,15)
            bottom right (1,16)
    
        Box 10 is at 
            top left     (5,13)
            bottom right (6,14)
    
        Box 11 is at 
            top left     (3,13)
            bottom right (4,14)
    
        Roll length used: 17

    [1;34mTry max length:[0m 16
    [1;34m    At iteration:[0m 4
        lingeling found a solution in .499 ms

       | W
     L | 0 1 2  3  4  5  6 
    ----------------------
     0 | . . .  .  .  .  . 
     1 | . . .  .  .  .  . 
     2 | . . .  1  .  .  . 
     3 | . . .  .  .  .  . 
     4 | . . .  .  .  .  . 
     5 | . . .  .  .  .  . 
     6 | . . .  .  .  .  . 
     7 | . . .  .  .  .  . 
     8 | . . .  .  .  .  6 
     9 | . . .  .  .  .  6 
    10 | 5 . .  .  .  .  4 
    11 | 5 . .  .  .  .  4 
    12 | 3 . . 11 11 10 10 
    13 | 3 . . 11 11 10 10 
    14 | 9 9 .  8  8  7  7 
    15 | 9 9 2  8  8  7  7 
    
    Boxes' corners:       (w,l)
        Box  1 is at 
            top left     (3,2)
            bottom right (3,2)
    
        Box  2 is at 
            top left     (2,15)
            bottom right (2,15)
    
        Box  3 is at 
            top left     (0,12)
            bottom right (0,13)
    
        Box  4 is at 
            top left     (6,10)
            bottom right (6,11)
    
        Box  5 is at 
            top left     (0,10)
            bottom right (0,11)
    
        Box  6 is at 
            top left     (6,8)
            bottom right (6,9)
    
        Box  7 is at 
            top left     (5,14)
            bottom right (6,15)
    
        Box  8 is at 
            top left     (3,14)
            bottom right (4,15)
    
        Box  9 is at 
            top left     (0,14)
            bottom right (1,15)
    
        Box 10 is at 
            top left     (5,12)
            bottom right (6,13)
    
        Box 11 is at 
            top left     (3,12)
            bottom right (4,13)
    
        Roll length used: 16

    [1;34mTry max length:[0m 15
    [1;34m    At iteration:[0m 5
        lingeling found a solution in .464 ms

       | W
     L | 0 1 2  3  4  5  6 
    ----------------------
     0 | . . .  .  .  .  . 
     1 | . . .  .  .  .  . 
     2 | 1 . .  .  .  .  . 
     3 | . . .  .  .  .  . 
     4 | . . .  .  .  .  . 
     5 | . . .  .  .  .  . 
     6 | . . .  .  .  .  . 
     7 | . . .  .  .  .  6 
     8 | . . .  .  .  .  6 
     9 | 5 . .  .  .  .  4 
    10 | 5 . .  .  .  .  4 
    11 | 3 . . 11 11 10 10 
    12 | 3 . . 11 11 10 10 
    13 | 9 9 .  8  8  7  7 
    14 | 9 9 2  8  8  7  7 
    
    Boxes' corners:       (w,l)
        Box  1 is at 
            top left     (0,2)
            bottom right (0,2)
    
        Box  2 is at 
            top left     (2,14)
            bottom right (2,14)
    
        Box  3 is at 
            top left     (0,11)
            bottom right (0,12)
    
        Box  4 is at 
            top left     (6,9)
            bottom right (6,10)
    
        Box  5 is at 
            top left     (0,9)
            bottom right (0,10)
    
        Box  6 is at 
            top left     (6,7)
            bottom right (6,8)
    
        Box  7 is at 
            top left     (5,13)
            bottom right (6,14)
    
        Box  8 is at 
            top left     (3,13)
            bottom right (4,14)
    
        Box  9 is at 
            top left     (0,13)
            bottom right (1,14)
    
        Box 10 is at 
            top left     (5,11)
            bottom right (6,12)
    
        Box 11 is at 
            top left     (3,11)
            bottom right (4,12)
    
        Roll length used: 15

    [1;34mTry max length:[0m 14
    [1;34m    At iteration:[0m 6
        lingeling found a solution in .584 ms

       | W
     L | 0 1 2  3  4  5  6 
    ----------------------
     0 | . . .  .  .  .  . 
     1 | . . .  .  .  .  . 
     2 | . . .  .  .  .  . 
     3 | . . .  .  .  .  . 
     4 | . . .  1  .  .  . 
     5 | . . .  .  .  .  . 
     6 | . . .  .  .  .  . 
     7 | . . .  .  .  .  . 
     8 | 6 . .  .  .  .  5 
     9 | 6 . .  .  .  .  5 
    10 | 4 . . 11 11 10 10 
    11 | 4 . 2 11 11 10 10 
    12 | 3 9 9  8  8  7  7 
    13 | 3 9 9  8  8  7  7 
    
    Boxes' corners:       (w,l)
        Box  1 is at 
            top left     (3,4)
            bottom right (3,4)
    
        Box  2 is at 
            top left     (2,11)
            bottom right (2,11)
    
        Box  3 is at 
            top left     (0,12)
            bottom right (0,13)
    
        Box  4 is at 
            top left     (0,10)
            bottom right (0,11)
    
        Box  5 is at 
            top left     (6,8)
            bottom right (6,9)
    
        Box  6 is at 
            top left     (0,8)
            bottom right (0,9)
    
        Box  7 is at 
            top left     (5,12)
            bottom right (6,13)
    
        Box  8 is at 
            top left     (3,12)
            bottom right (4,13)
    
        Box  9 is at 
            top left     (1,12)
            bottom right (2,13)
    
        Box 10 is at 
            top left     (5,10)
            bottom right (6,11)
    
        Box 11 is at 
            top left     (3,10)
            bottom right (4,11)
    
        Roll length used: 14

    [1;34mTry max length:[0m 13
    [1;34m    At iteration:[0m 7
        lingeling found a solution in .476 ms

       | W
     L | 0 1 2  3  4  5  6 
    ----------------------
     0 | . . .  .  .  .  2 
     1 | . . .  .  .  .  . 
     2 | . . .  .  .  .  . 
     3 | . . .  .  .  .  . 
     4 | . . .  .  .  .  . 
     5 | . . .  .  .  .  . 
     6 | . . .  1  .  .  . 
     7 | 6 . .  .  .  .  5 
     8 | 6 . .  .  .  .  5 
     9 | 4 . . 11 11 10 10 
    10 | 4 . . 11 11 10 10 
    11 | 3 9 9  8  8  7  7 
    12 | 3 9 9  8  8  7  7 
    
    Boxes' corners:       (w,l)
        Box  1 is at 
            top left     (3,6)
            bottom right (3,6)
    
        Box  2 is at 
            top left     (6,0)
            bottom right (6,0)
    
        Box  3 is at 
            top left     (0,11)
            bottom right (0,12)
    
        Box  4 is at 
            top left     (0,9)
            bottom right (0,10)
    
        Box  5 is at 
            top left     (6,7)
            bottom right (6,8)
    
        Box  6 is at 
            top left     (0,7)
            bottom right (0,8)
    
        Box  7 is at 
            top left     (5,11)
            bottom right (6,12)
    
        Box  8 is at 
            top left     (3,11)
            bottom right (4,12)
    
        Box  9 is at 
            top left     (1,11)
            bottom right (2,12)
    
        Box 10 is at 
            top left     (5,9)
            bottom right (6,10)
    
        Box 11 is at 
            top left     (3,9)
            bottom right (4,10)
    
        Roll length used: 13

    [1;34mTry max length:[0m 12
    [1;34m    At iteration:[0m 8
        lingeling found a solution in .379 ms

       | W
     L | 0 1 2  3  4  5  6 
    ----------------------
     0 | . . .  .  .  .  . 
     1 | . 1 .  .  .  .  . 
     2 | . . .  .  .  .  6 
     3 | . . .  .  .  .  6 
     4 | . . .  .  .  .  5 
     5 | . . .  .  .  .  5 
     6 | . . .  .  .  .  4 
     7 | 2 . .  .  .  .  4 
     8 | 3 . . 11 11 10 10 
     9 | 3 . . 11 11 10 10 
    10 | 9 9 .  8  8  7  7 
    11 | 9 9 .  8  8  7  7 
    
    Boxes' corners:       (w,l)
        Box  1 is at 
            top left     (1,1)
            bottom right (1,1)
    
        Box  2 is at 
            top left     (0,7)
            bottom right (0,7)
    
        Box  3 is at 
            top left     (0,8)
            bottom right (0,9)
    
        Box  4 is at 
            top left     (6,6)
            bottom right (6,7)
    
        Box  5 is at 
            top left     (6,4)
            bottom right (6,5)
    
        Box  6 is at 
            top left     (6,2)
            bottom right (6,3)
    
        Box  7 is at 
            top left     (5,10)
            bottom right (6,11)
    
        Box  8 is at 
            top left     (3,10)
            bottom right (4,11)
    
        Box  9 is at 
            top left     (0,10)
            bottom right (1,11)
    
        Box 10 is at 
            top left     (5,8)
            bottom right (6,9)
    
        Box 11 is at 
            top left     (3,8)
            bottom right (4,9)
    
        Roll length used: 12

    [1;34mTry max length:[0m 11
    [1;34m    At iteration:[0m 9
        lingeling found a solution in .348 ms

       | W
     L | 0 1 2  3  4  5  6 
    ----------------------
     0 | 1 . .  .  .  .  6 
     1 | . . .  .  .  .  6 
     2 | . . .  .  .  .  . 
     3 | . . .  .  .  .  5 
     4 | . . .  .  .  2  5 
     5 | . . .  .  .  .  4 
     6 | . . .  .  .  .  4 
     7 | 3 . . 11 11 10 10 
     8 | 3 . . 11 11 10 10 
     9 | 9 9 .  8  8  7  7 
    10 | 9 9 .  8  8  7  7 
    
    Boxes' corners:       (w,l)
        Box  1 is at 
            top left     (0,0)
            bottom right (0,0)
    
        Box  2 is at 
            top left     (5,4)
            bottom right (5,4)
    
        Box  3 is at 
            top left     (0,7)
            bottom right (0,8)
    
        Box  4 is at 
            top left     (6,5)
            bottom right (6,6)
    
        Box  5 is at 
            top left     (6,3)
            bottom right (6,4)
    
        Box  6 is at 
            top left     (6,0)
            bottom right (6,1)
    
        Box  7 is at 
            top left     (5,9)
            bottom right (6,10)
    
        Box  8 is at 
            top left     (3,9)
            bottom right (4,10)
    
        Box  9 is at 
            top left     (0,9)
            bottom right (1,10)
    
        Box 10 is at 
            top left     (5,7)
            bottom right (6,8)
    
        Box 11 is at 
            top left     (3,7)
            bottom right (4,8)
    
        Roll length used: 11

    [1;34mTry max length:[0m 10
    [1;34m    At iteration:[0m 10
        lingeling found a solution in .329 ms

       | W
     L | 0 1 2  3  4  5  6 
    ----------------------
     0 | . . 1  .  .  .  6 
     1 | . . .  .  .  .  6 
     2 | . . .  .  .  .  5 
     3 | . . .  .  .  .  5 
     4 | . . .  .  .  .  4 
     5 | . . .  .  .  .  4 
     6 | 3 . . 11 11 10 10 
     7 | 3 . . 11 11 10 10 
     8 | 9 9 .  8  8  7  7 
     9 | 9 9 2  8  8  7  7 
    
    Boxes' corners:       (w,l)
        Box  1 is at 
            top left     (2,0)
            bottom right (2,0)
    
        Box  2 is at 
            top left     (2,9)
            bottom right (2,9)
    
        Box  3 is at 
            top left     (0,6)
            bottom right (0,7)
    
        Box  4 is at 
            top left     (6,4)
            bottom right (6,5)
    
        Box  5 is at 
            top left     (6,2)
            bottom right (6,3)
    
        Box  6 is at 
            top left     (6,0)
            bottom right (6,1)
    
        Box  7 is at 
            top left     (5,8)
            bottom right (6,9)
    
        Box  8 is at 
            top left     (3,8)
            bottom right (4,9)
    
        Box  9 is at 
            top left     (0,8)
            bottom right (1,9)
    
        Box 10 is at 
            top left     (5,6)
            bottom right (6,7)
    
        Box 11 is at 
            top left     (3,6)
            bottom right (4,7)
    
        Roll length used: 10

    [1;34mTry max length:[0m 9
    [1;34m    At iteration:[0m 11
        lingeling found a solution in .303 ms

      | W
    L | 0 1 2  3  4  5  6 
    ----------------------
    0 | . . 3  .  .  .  5 
    1 | . . 3  .  .  .  5 
    2 | . . .  .  .  .  4 
    3 | . . .  .  .  .  4 
    4 | . . .  1  .  .  . 
    5 | 6 . . 11 11 10 10 
    6 | 6 . . 11 11 10 10 
    7 | 9 9 .  8  8  7  7 
    8 | 9 9 2  8  8  7  7 
    
    Boxes' corners:       (w,l)
        Box  1 is at 
            top left     (3,4)
            bottom right (3,4)
    
        Box  2 is at 
            top left     (2,8)
            bottom right (2,8)
    
        Box  3 is at 
            top left     (2,0)
            bottom right (2,1)
    
        Box  4 is at 
            top left     (6,2)
            bottom right (6,3)
    
        Box  5 is at 
            top left     (6,0)
            bottom right (6,1)
    
        Box  6 is at 
            top left     (0,5)
            bottom right (0,6)
    
        Box  7 is at 
            top left     (5,7)
            bottom right (6,8)
    
        Box  8 is at 
            top left     (3,7)
            bottom right (4,8)
    
        Box  9 is at 
            top left     (0,7)
            bottom right (1,8)
    
        Box 10 is at 
            top left     (5,5)
            bottom right (6,6)
    
        Box 11 is at 
            top left     (3,5)
            bottom right (4,6)
    
        Roll length used: 9

    [1;34mTry max length:[0m 8
    [1;34m    At iteration:[0m 12
        lingeling found a solution in .278 ms

      | W
    L | 0 1 2 3 4  5  6 
    --------------------
    0 | 6 . . . .  .  3 
    1 | 6 . . . .  2  3 
    2 | 5 . . . . 11 11 
    3 | 5 . . . . 11 11 
    4 | 4 . . 1 . 10 10 
    5 | 4 . . . . 10 10 
    6 | 9 9 . 8 8  7  7 
    7 | 9 9 . 8 8  7  7 
    
    Boxes' corners:       (w,l)
        Box  1 is at 
            top left     (3,4)
            bottom right (3,4)
    
        Box  2 is at 
            top left     (5,1)
            bottom right (5,1)
    
        Box  3 is at 
            top left     (6,0)
            bottom right (6,1)
    
        Box  4 is at 
            top left     (0,4)
            bottom right (0,5)
    
        Box  5 is at 
            top left     (0,2)
            bottom right (0,3)
    
        Box  6 is at 
            top left     (0,0)
            bottom right (0,1)
    
        Box  7 is at 
            top left     (5,6)
            bottom right (6,7)
    
        Box  8 is at 
            top left     (3,6)
            bottom right (4,7)
    
        Box  9 is at 
            top left     (0,6)
            bottom right (1,7)
    
        Box 10 is at 
            top left     (5,4)
            bottom right (6,5)
    
        Box 11 is at 
            top left     (5,2)
            bottom right (6,3)
    
        Roll length used: 8

    [1;34mTry max length:[0m 7
    [1;34m    At iteration:[0m 13
        lingeling found a solution in .236 ms

      | W
    L | 0 1 2 3 4  5  6 
    --------------------
    0 | 4 . . . 6  .  . 
    1 | 4 . 1 . 6 11 11 
    2 | 3 . . . . 11 11 
    3 | 3 . . . . 10 10 
    4 | . . 2 . . 10 10 
    5 | 9 9 5 8 8  7  7 
    6 | 9 9 5 8 8  7  7 
    
    Boxes' corners:       (w,l)
        Box  1 is at 
            top left     (2,1)
            bottom right (2,1)
    
        Box  2 is at 
            top left     (2,4)
            bottom right (2,4)
    
        Box  3 is at 
            top left     (0,2)
            bottom right (0,3)
    
        Box  4 is at 
            top left     (0,0)
            bottom right (0,1)
    
        Box  5 is at 
            top left     (2,5)
            bottom right (2,6)
    
        Box  6 is at 
            top left     (4,0)
            bottom right (4,1)
    
        Box  7 is at 
            top left     (5,5)
            bottom right (6,6)
    
        Box  8 is at 
            top left     (3,5)
            bottom right (4,6)
    
        Box  9 is at 
            top left     (0,5)
            bottom right (1,6)
    
        Box 10 is at 
            top left     (5,3)
            bottom right (6,4)
    
        Box 11 is at 
            top left     (5,1)
            bottom right (6,2)
    
        Roll length used: 7

    [1;34mTry max length:[0m 6
    [1;34m    At iteration:[0m 14
        lingeling found a solution in .192 ms

      | W
    L | 0 1 2 3  4  5  6 
    ---------------------
    0 | 4 . . .  6 10 10 
    1 | 4 . . .  6 10 10 
    2 | 3 . . . 11 11  . 
    3 | 3 . 2 1 11 11  . 
    4 | 9 9 5 8  8  7  7 
    5 | 9 9 5 8  8  7  7 
    
    Boxes' corners:       (w,l)
        Box  1 is at 
            top left     (3,3)
            bottom right (3,3)
    
        Box  2 is at 
            top left     (2,3)
            bottom right (2,3)
    
        Box  3 is at 
            top left     (0,2)
            bottom right (0,3)
    
        Box  4 is at 
            top left     (0,0)
            bottom right (0,1)
    
        Box  5 is at 
            top left     (2,4)
            bottom right (2,5)
    
        Box  6 is at 
            top left     (4,0)
            bottom right (4,1)
    
        Box  7 is at 
            top left     (5,4)
            bottom right (6,5)
    
        Box  8 is at 
            top left     (3,4)
            bottom right (4,5)
    
        Box  9 is at 
            top left     (0,4)
            bottom right (1,5)
    
        Box 10 is at 
            top left     (5,0)
            bottom right (6,1)
    
        Box 11 is at 
            top left     (4,2)
            bottom right (5,3)
    
        Roll length used: 6

    [1;34mTry max length:[0m 5
    [1;34m    At iteration:[0m 15
        lingeling found a solution in .150 ms

      | W
    L |  0  1 2  3  4 5 6 
    ----------------------
    0 | 11 11 5 10 10 8 8 
    1 | 11 11 5 10 10 8 8 
    2 |  1  . .  7  7 . 6 
    3 |  9  9 3  7  7 4 6 
    4 |  9  9 3  .  2 4 . 
    
    Boxes' corners:       (w,l)
        Box  1 is at 
            top left     (0,2)
            bottom right (0,2)
    
        Box  2 is at 
            top left     (4,4)
            bottom right (4,4)
    
        Box  3 is at 
            top left     (2,3)
            bottom right (2,4)
    
        Box  4 is at 
            top left     (5,3)
            bottom right (5,4)
    
        Box  5 is at 
            top left     (2,0)
            bottom right (2,1)
    
        Box  6 is at 
            top left     (6,2)
            bottom right (6,3)
    
        Box  7 is at 
            top left     (3,2)
            bottom right (4,3)
    
        Box  8 is at 
            top left     (5,0)
            bottom right (6,1)
    
        Box  9 is at 
            top left     (0,3)
            bottom right (1,4)
    
        Box 10 is at 
            top left     (3,0)
            bottom right (4,1)
    
        Box 11 is at 
            top left     (0,0)
            bottom right (1,1)
    
        Roll length used: 5

    [1;34mTry max length:[0m 4
    [1;34m    At iteration:[0m 16
        [3;31mlingeling determined unsatisfiability of the Boolean formula[0m
        [1;32mOptimality reached![0m
