dt jun 5 19:21:24 CEST 2018
    [1;34mTry max length:[0m 999999
    [1;34m    At iteration:[0m 0
        lingeling found a solution in 1.013 ms

       | W
     L |  0  1  2  3  4  5  6  7 
    ----------------------------
     0 |  .  .  .  . 11 11 11 11 
     1 |  .  .  .  . 11 11 11 11 
     2 |  .  .  .  . 11 11 11 11 
     3 |  .  .  1  .  .  .  .  . 
     4 |  .  .  .  .  .  .  .  . 
     5 |  .  .  .  .  .  .  .  . 
     6 |  .  .  .  .  .  .  .  . 
     7 |  .  .  .  .  .  .  .  . 
     8 |  .  .  .  .  .  .  .  . 
     9 |  .  .  .  .  .  .  .  . 
    10 |  .  .  .  .  .  .  .  . 
    11 |  .  .  .  .  .  .  .  . 
    12 |  .  .  .  .  .  .  .  . 
    13 |  .  .  .  .  .  .  .  . 
    14 |  .  .  .  .  .  .  .  . 
    15 |  .  .  .  .  .  .  .  . 
    16 |  .  .  .  .  .  .  .  . 
    17 |  8  .  .  .  .  .  .  . 
    18 |  8  .  .  .  .  .  .  . 
    19 |  7  .  .  .  .  .  9  9 
    20 |  7  6  5  4  3  2  9  9 
    21 | 10 10 10 10 12 12 12 12 
    22 | 10 10 10 10 12 12 12 12 
    23 | 10 10 10 10 12 12 12 12 
    
    Boxes' corners:       (w,l)
        Box  1 is at 
            top left     (2,3)
            bottom right (2,3)
    
        Box  2 is at 
            top left     (5,20)
            bottom right (5,20)
    
        Box  3 is at 
            top left     (4,20)
            bottom right (4,20)
    
        Box  4 is at 
            top left     (3,20)
            bottom right (3,20)
    
        Box  5 is at 
            top left     (2,20)
            bottom right (2,20)
    
        Box  6 is at 
            top left     (1,20)
            bottom right (1,20)
    
        Box  7 is at 
            top left     (0,19)
            bottom right (0,20)
    
        Box  8 is at 
            top left     (0,17)
            bottom right (0,18)
    
        Box  9 is at 
            top left     (6,19)
            bottom right (7,20)
    
        Box 10 is at 
            top left     (0,21)
            bottom right (3,23)
    
        Box 11 is at 
            top left     (4,0)
            bottom right (7,2)
    
        Box 12 is at 
            top left     (4,21)
            bottom right (7,23)
    
        Roll length used: 24

    [1;34mTry max length:[0m 23
    [1;34m    At iteration:[0m 1
        lingeling found a solution in .941 ms

       | W
     L |  0  1  2  3  4  5  6  7 
    ----------------------------
     0 | 10 10 10 10  .  .  .  . 
     1 | 10 10 10 10  .  .  .  . 
     2 | 10 10 10 10  .  .  .  . 
     3 |  .  .  .  .  .  .  .  . 
     4 |  .  .  .  .  .  .  .  . 
     5 |  .  .  .  .  .  .  .  . 
     6 |  .  .  .  .  .  .  .  . 
     7 |  .  .  .  .  .  .  .  . 
     8 |  .  .  .  .  .  .  .  . 
     9 |  .  .  .  .  .  .  .  . 
    10 |  .  .  .  .  .  .  .  . 
    11 |  .  1  .  .  .  .  .  . 
    12 |  .  .  .  .  .  .  .  . 
    13 |  .  .  .  .  .  .  .  . 
    14 |  .  .  .  .  .  .  .  . 
    15 |  .  .  .  .  .  .  .  . 
    16 |  8  .  .  .  .  .  .  . 
    17 |  8  .  .  .  .  .  .  . 
    18 |  7  .  .  .  .  .  9  9 
    19 |  7  6  5  4  3  2  9  9 
    20 | 11 11 11 11 12 12 12 12 
    21 | 11 11 11 11 12 12 12 12 
    22 | 11 11 11 11 12 12 12 12 
    
    Boxes' corners:       (w,l)
        Box  1 is at 
            top left     (1,11)
            bottom right (1,11)
    
        Box  2 is at 
            top left     (5,19)
            bottom right (5,19)
    
        Box  3 is at 
            top left     (4,19)
            bottom right (4,19)
    
        Box  4 is at 
            top left     (3,19)
            bottom right (3,19)
    
        Box  5 is at 
            top left     (2,19)
            bottom right (2,19)
    
        Box  6 is at 
            top left     (1,19)
            bottom right (1,19)
    
        Box  7 is at 
            top left     (0,18)
            bottom right (0,19)
    
        Box  8 is at 
            top left     (0,16)
            bottom right (0,17)
    
        Box  9 is at 
            top left     (6,18)
            bottom right (7,19)
    
        Box 10 is at 
            top left     (0,0)
            bottom right (3,2)
    
        Box 11 is at 
            top left     (0,20)
            bottom right (3,22)
    
        Box 12 is at 
            top left     (4,20)
            bottom right (7,22)
    
        Roll length used: 23

    [1;34mTry max length:[0m 22
    [1;34m    At iteration:[0m 2
        lingeling found a solution in .898 ms

       | W
     L |  0  1  2  3  4  5  6  7 
    ----------------------------
     0 |  .  .  .  . 10 10 10 10 
     1 |  .  .  .  . 10 10 10 10 
     2 |  .  .  .  . 10 10 10 10 
     3 |  .  .  .  .  .  .  .  . 
     4 |  .  .  .  .  .  .  .  . 
     5 |  .  .  .  .  .  .  .  . 
     6 |  .  .  1  .  .  .  .  . 
     7 |  .  .  .  .  .  .  .  . 
     8 |  .  .  .  .  .  .  .  . 
     9 |  .  .  .  .  .  .  .  . 
    10 |  .  .  .  .  .  .  .  . 
    11 |  .  .  .  .  .  .  .  . 
    12 |  .  .  .  .  .  .  .  . 
    13 |  .  .  .  .  .  .  .  . 
    14 |  .  .  .  .  .  .  .  . 
    15 |  8  .  .  .  .  .  .  . 
    16 |  8  .  .  .  .  .  .  . 
    17 |  7  .  .  .  .  .  9  9 
    18 |  7  6  5  4  3  2  9  9 
    19 | 12 12 12 12 11 11 11 11 
    20 | 12 12 12 12 11 11 11 11 
    21 | 12 12 12 12 11 11 11 11 
    
    Boxes' corners:       (w,l)
        Box  1 is at 
            top left     (2,6)
            bottom right (2,6)
    
        Box  2 is at 
            top left     (5,18)
            bottom right (5,18)
    
        Box  3 is at 
            top left     (4,18)
            bottom right (4,18)
    
        Box  4 is at 
            top left     (3,18)
            bottom right (3,18)
    
        Box  5 is at 
            top left     (2,18)
            bottom right (2,18)
    
        Box  6 is at 
            top left     (1,18)
            bottom right (1,18)
    
        Box  7 is at 
            top left     (0,17)
            bottom right (0,18)
    
        Box  8 is at 
            top left     (0,15)
            bottom right (0,16)
    
        Box  9 is at 
            top left     (6,17)
            bottom right (7,18)
    
        Box 10 is at 
            top left     (4,0)
            bottom right (7,2)
    
        Box 11 is at 
            top left     (4,19)
            bottom right (7,21)
    
        Box 12 is at 
            top left     (0,19)
            bottom right (3,21)
    
        Roll length used: 22

    [1;34mTry max length:[0m 21
    [1;34m    At iteration:[0m 3
        lingeling found a solution in .830 ms

       | W
     L |  0  1  2  3  4  5  6  7 
    ----------------------------
     0 |  1  .  .  . 12 12 12 12 
     1 |  .  .  .  . 12 12 12 12 
     2 |  .  .  .  . 12 12 12 12 
     3 |  .  .  .  .  .  .  .  . 
     4 |  .  .  .  .  .  .  .  . 
     5 |  .  .  .  .  .  .  .  . 
     6 |  .  .  .  .  .  .  .  . 
     7 |  .  .  .  .  .  .  .  . 
     8 |  .  .  .  .  .  .  .  . 
     9 |  .  .  .  .  .  .  .  . 
    10 |  .  .  .  .  .  .  .  . 
    11 |  .  .  .  .  .  .  .  . 
    12 |  .  .  .  .  .  .  .  . 
    13 |  .  .  .  .  .  .  .  . 
    14 |  8  .  .  .  .  .  .  . 
    15 |  8  .  .  .  .  .  .  . 
    16 |  7  .  .  .  .  .  9  9 
    17 |  7  6  5  4  3  2  9  9 
    18 | 10 10 10 10 11 11 11 11 
    19 | 10 10 10 10 11 11 11 11 
    20 | 10 10 10 10 11 11 11 11 
    
    Boxes' corners:       (w,l)
        Box  1 is at 
            top left     (0,0)
            bottom right (0,0)
    
        Box  2 is at 
            top left     (5,17)
            bottom right (5,17)
    
        Box  3 is at 
            top left     (4,17)
            bottom right (4,17)
    
        Box  4 is at 
            top left     (3,17)
            bottom right (3,17)
    
        Box  5 is at 
            top left     (2,17)
            bottom right (2,17)
    
        Box  6 is at 
            top left     (1,17)
            bottom right (1,17)
    
        Box  7 is at 
            top left     (0,16)
            bottom right (0,17)
    
        Box  8 is at 
            top left     (0,14)
            bottom right (0,15)
    
        Box  9 is at 
            top left     (6,16)
            bottom right (7,17)
    
        Box 10 is at 
            top left     (0,18)
            bottom right (3,20)
    
        Box 11 is at 
            top left     (4,18)
            bottom right (7,20)
    
        Box 12 is at 
            top left     (4,0)
            bottom right (7,2)
    
        Roll length used: 21

    [1;34mTry max length:[0m 20
    [1;34m    At iteration:[0m 4
        lingeling found a solution in .824 ms

       | W
     L |  0  1  2  3  4  5  6  7 
    ----------------------------
     0 |  .  .  .  . 12 12 12 12 
     1 |  .  .  .  . 12 12 12 12 
     2 |  .  .  .  . 12 12 12 12 
     3 |  .  .  .  .  .  .  .  . 
     4 |  .  .  .  .  .  .  .  . 
     5 |  .  .  .  .  .  .  .  . 
     6 |  .  .  .  .  .  .  .  . 
     7 |  .  .  .  .  .  .  .  . 
     8 |  .  .  .  .  .  .  .  . 
     9 |  .  .  .  .  .  .  .  . 
    10 |  .  .  .  .  1  .  .  . 
    11 |  .  .  .  .  .  .  .  . 
    12 |  .  .  .  .  .  .  .  . 
    13 |  8  .  .  .  .  .  .  . 
    14 |  8  .  .  .  .  .  .  . 
    15 |  7  .  .  .  .  .  9  9 
    16 |  7  6  5  4  3  2  9  9 
    17 | 10 10 10 10 11 11 11 11 
    18 | 10 10 10 10 11 11 11 11 
    19 | 10 10 10 10 11 11 11 11 
    
    Boxes' corners:       (w,l)
        Box  1 is at 
            top left     (4,10)
            bottom right (4,10)
    
        Box  2 is at 
            top left     (5,16)
            bottom right (5,16)
    
        Box  3 is at 
            top left     (4,16)
            bottom right (4,16)
    
        Box  4 is at 
            top left     (3,16)
            bottom right (3,16)
    
        Box  5 is at 
            top left     (2,16)
            bottom right (2,16)
    
        Box  6 is at 
            top left     (1,16)
            bottom right (1,16)
    
        Box  7 is at 
            top left     (0,15)
            bottom right (0,16)
    
        Box  8 is at 
            top left     (0,13)
            bottom right (0,14)
    
        Box  9 is at 
            top left     (6,15)
            bottom right (7,16)
    
        Box 10 is at 
            top left     (0,17)
            bottom right (3,19)
    
        Box 11 is at 
            top left     (4,17)
            bottom right (7,19)
    
        Box 12 is at 
            top left     (4,0)
            bottom right (7,2)
    
        Roll length used: 20

    [1;34mTry max length:[0m 19
    [1;34m    At iteration:[0m 5
        lingeling found a solution in .764 ms

       | W
     L |  0  1  2  3  4  5  6  7 
    ----------------------------
     0 |  .  .  .  . 12 12 12 12 
     1 |  .  .  .  . 12 12 12 12 
     2 |  .  .  .  . 12 12 12 12 
     3 |  .  .  .  .  .  .  .  . 
     4 |  .  .  .  .  .  .  .  . 
     5 |  .  .  .  .  .  .  .  . 
     6 |  .  .  .  .  .  .  .  . 
     7 |  .  .  .  .  .  .  .  . 
     8 |  .  .  .  .  .  .  .  . 
     9 |  .  .  .  .  1  .  .  . 
    10 |  .  .  .  .  .  .  .  . 
    11 |  .  .  .  .  .  .  .  . 
    12 |  8  .  .  .  .  .  .  . 
    13 |  8  .  .  .  .  .  .  . 
    14 |  7  .  .  .  .  .  9  9 
    15 |  7  6  5  4  3  2  9  9 
    16 | 11 11 11 11 10 10 10 10 
    17 | 11 11 11 11 10 10 10 10 
    18 | 11 11 11 11 10 10 10 10 
    
    Boxes' corners:       (w,l)
        Box  1 is at 
            top left     (4,9)
            bottom right (4,9)
    
        Box  2 is at 
            top left     (5,15)
            bottom right (5,15)
    
        Box  3 is at 
            top left     (4,15)
            bottom right (4,15)
    
        Box  4 is at 
            top left     (3,15)
            bottom right (3,15)
    
        Box  5 is at 
            top left     (2,15)
            bottom right (2,15)
    
        Box  6 is at 
            top left     (1,15)
            bottom right (1,15)
    
        Box  7 is at 
            top left     (0,14)
            bottom right (0,15)
    
        Box  8 is at 
            top left     (0,12)
            bottom right (0,13)
    
        Box  9 is at 
            top left     (6,14)
            bottom right (7,15)
    
        Box 10 is at 
            top left     (4,16)
            bottom right (7,18)
    
        Box 11 is at 
            top left     (0,16)
            bottom right (3,18)
    
        Box 12 is at 
            top left     (4,0)
            bottom right (7,2)
    
        Roll length used: 19

    [1;34mTry max length:[0m 18
    [1;34m    At iteration:[0m 6
        lingeling found a solution in .802 ms

       | W
     L |  0  1  2  3  4  5  6  7 
    ----------------------------
     0 |  .  .  .  . 12 12 12 12 
     1 |  .  .  .  . 12 12 12 12 
     2 |  .  .  .  . 12 12 12 12 
     3 |  .  .  .  .  .  .  .  . 
     4 |  .  .  .  .  .  .  .  . 
     5 |  .  .  .  .  .  .  .  . 
     6 |  .  .  .  .  .  .  .  . 
     7 |  .  .  .  .  .  .  .  . 
     8 |  .  .  .  .  1  .  .  . 
     9 |  .  .  .  .  .  .  .  . 
    10 |  .  .  .  .  .  .  .  . 
    11 |  8  .  .  .  .  .  .  . 
    12 |  8  .  .  .  .  .  .  . 
    13 |  7  .  .  .  .  .  9  9 
    14 |  7  6  5  4  3  2  9  9 
    15 | 10 10 10 10 11 11 11 11 
    16 | 10 10 10 10 11 11 11 11 
    17 | 10 10 10 10 11 11 11 11 
    
    Boxes' corners:       (w,l)
        Box  1 is at 
            top left     (4,8)
            bottom right (4,8)
    
        Box  2 is at 
            top left     (5,14)
            bottom right (5,14)
    
        Box  3 is at 
            top left     (4,14)
            bottom right (4,14)
    
        Box  4 is at 
            top left     (3,14)
            bottom right (3,14)
    
        Box  5 is at 
            top left     (2,14)
            bottom right (2,14)
    
        Box  6 is at 
            top left     (1,14)
            bottom right (1,14)
    
        Box  7 is at 
            top left     (0,13)
            bottom right (0,14)
    
        Box  8 is at 
            top left     (0,11)
            bottom right (0,12)
    
        Box  9 is at 
            top left     (6,13)
            bottom right (7,14)
    
        Box 10 is at 
            top left     (0,15)
            bottom right (3,17)
    
        Box 11 is at 
            top left     (4,15)
            bottom right (7,17)
    
        Box 12 is at 
            top left     (4,0)
            bottom right (7,2)
    
        Roll length used: 18

    [1;34mTry max length:[0m 17
    [1;34m    At iteration:[0m 7
        lingeling found a solution in .657 ms

       | W
     L |  0  1  2  3  4  5  6  7 
    ----------------------------
     0 |  .  .  .  . 12 12 12 12 
     1 |  .  .  .  . 12 12 12 12 
     2 |  .  .  .  . 12 12 12 12 
     3 |  .  .  .  .  .  .  .  . 
     4 |  .  .  .  .  .  .  .  . 
     5 |  .  .  .  .  .  .  .  . 
     6 |  .  .  .  .  .  .  .  . 
     7 |  .  .  .  .  .  .  .  . 
     8 |  .  .  .  .  1  .  .  . 
     9 |  .  .  .  .  .  .  .  . 
    10 |  8  .  .  .  .  .  .  . 
    11 |  8  .  .  .  .  .  .  . 
    12 |  7  .  .  .  .  .  9  9 
    13 |  7  6  5  4  3  2  9  9 
    14 | 10 10 10 10 11 11 11 11 
    15 | 10 10 10 10 11 11 11 11 
    16 | 10 10 10 10 11 11 11 11 
    
    Boxes' corners:       (w,l)
        Box  1 is at 
            top left     (4,8)
            bottom right (4,8)
    
        Box  2 is at 
            top left     (5,13)
            bottom right (5,13)
    
        Box  3 is at 
            top left     (4,13)
            bottom right (4,13)
    
        Box  4 is at 
            top left     (3,13)
            bottom right (3,13)
    
        Box  5 is at 
            top left     (2,13)
            bottom right (2,13)
    
        Box  6 is at 
            top left     (1,13)
            bottom right (1,13)
    
        Box  7 is at 
            top left     (0,12)
            bottom right (0,13)
    
        Box  8 is at 
            top left     (0,10)
            bottom right (0,11)
    
        Box  9 is at 
            top left     (6,12)
            bottom right (7,13)
    
        Box 10 is at 
            top left     (0,14)
            bottom right (3,16)
    
        Box 11 is at 
            top left     (4,14)
            bottom right (7,16)
    
        Box 12 is at 
            top left     (4,0)
            bottom right (7,2)
    
        Roll length used: 17

    [1;34mTry max length:[0m 16
    [1;34m    At iteration:[0m 8
        lingeling found a solution in .609 ms

       | W
     L |  0  1  2  3  4  5  6  7 
    ----------------------------
     0 |  .  .  .  . 12 12 12 12 
     1 |  .  .  .  . 12 12 12 12 
     2 |  .  .  .  . 12 12 12 12 
     3 |  .  .  .  .  .  .  .  . 
     4 |  .  .  .  .  .  .  .  . 
     5 |  .  .  .  .  .  .  .  . 
     6 |  .  .  .  .  .  .  .  . 
     7 |  .  .  .  .  .  .  .  . 
     8 |  1  .  .  .  .  .  .  . 
     9 |  8  .  .  .  .  .  .  . 
    10 |  8  .  .  .  .  .  .  . 
    11 |  7  .  .  .  .  .  9  9 
    12 |  7  6  5  4  3  2  9  9 
    13 | 10 10 10 10 11 11 11 11 
    14 | 10 10 10 10 11 11 11 11 
    15 | 10 10 10 10 11 11 11 11 
    
    Boxes' corners:       (w,l)
        Box  1 is at 
            top left     (0,8)
            bottom right (0,8)
    
        Box  2 is at 
            top left     (5,12)
            bottom right (5,12)
    
        Box  3 is at 
            top left     (4,12)
            bottom right (4,12)
    
        Box  4 is at 
            top left     (3,12)
            bottom right (3,12)
    
        Box  5 is at 
            top left     (2,12)
            bottom right (2,12)
    
        Box  6 is at 
            top left     (1,12)
            bottom right (1,12)
    
        Box  7 is at 
            top left     (0,11)
            bottom right (0,12)
    
        Box  8 is at 
            top left     (0,9)
            bottom right (0,10)
    
        Box  9 is at 
            top left     (6,11)
            bottom right (7,12)
    
        Box 10 is at 
            top left     (0,13)
            bottom right (3,15)
    
        Box 11 is at 
            top left     (4,13)
            bottom right (7,15)
    
        Box 12 is at 
            top left     (4,0)
            bottom right (7,2)
    
        Roll length used: 16

    [1;34mTry max length:[0m 15
    [1;34m    At iteration:[0m 9
        lingeling found a solution in .575 ms

       | W
     L |  0  1  2  3  4  5  6  7 
    ----------------------------
     0 |  .  .  .  . 12 12 12 12 
     1 |  .  .  .  . 12 12 12 12 
     2 |  .  .  .  . 12 12 12 12 
     3 |  .  .  .  .  .  .  .  . 
     4 |  .  .  .  .  .  .  .  . 
     5 |  .  .  .  .  .  .  .  . 
     6 |  .  .  .  .  .  .  .  . 
     7 |  1  .  .  .  .  .  .  . 
     8 |  8  .  .  .  .  .  .  . 
     9 |  8  .  .  .  .  .  .  . 
    10 |  7  .  .  .  .  .  9  9 
    11 |  7  6  5  4  3  2  9  9 
    12 | 10 10 10 10 11 11 11 11 
    13 | 10 10 10 10 11 11 11 11 
    14 | 10 10 10 10 11 11 11 11 
    
    Boxes' corners:       (w,l)
        Box  1 is at 
            top left     (0,7)
            bottom right (0,7)
    
        Box  2 is at 
            top left     (5,11)
            bottom right (5,11)
    
        Box  3 is at 
            top left     (4,11)
            bottom right (4,11)
    
        Box  4 is at 
            top left     (3,11)
            bottom right (3,11)
    
        Box  5 is at 
            top left     (2,11)
            bottom right (2,11)
    
        Box  6 is at 
            top left     (1,11)
            bottom right (1,11)
    
        Box  7 is at 
            top left     (0,10)
            bottom right (0,11)
    
        Box  8 is at 
            top left     (0,8)
            bottom right (0,9)
    
        Box  9 is at 
            top left     (6,10)
            bottom right (7,11)
    
        Box 10 is at 
            top left     (0,12)
            bottom right (3,14)
    
        Box 11 is at 
            top left     (4,12)
            bottom right (7,14)
    
        Box 12 is at 
            top left     (4,0)
            bottom right (7,2)
    
        Roll length used: 15

    [1;34mTry max length:[0m 14
    [1;34m    At iteration:[0m 10
        lingeling found a solution in .526 ms

       | W
     L |  0  1  2  3  4  5  6  7 
    ----------------------------
     0 | 11 11 11 11 10 10 10 10 
     1 | 11 11 11 11 10 10 10 10 
     2 | 11 11 11 11 10 10 10 10 
     3 |  1  .  .  .  .  .  .  . 
     4 |  .  .  .  .  .  .  .  . 
     5 |  .  .  .  .  .  .  .  . 
     6 |  .  .  .  .  .  .  .  . 
     7 |  8  .  .  .  .  .  .  . 
     8 |  8  .  .  .  .  .  .  . 
     9 |  7  .  .  .  .  .  .  . 
    10 |  7  .  .  .  .  .  .  . 
    11 | 12 12 12 12  .  .  .  6 
    12 | 12 12 12 12  9  9  5  4 
    13 | 12 12 12 12  9  9  3  2 
    
    Boxes' corners:       (w,l)
        Box  1 is at 
            top left     (0,3)
            bottom right (0,3)
    
        Box  2 is at 
            top left     (7,13)
            bottom right (7,13)
    
        Box  3 is at 
            top left     (6,13)
            bottom right (6,13)
    
        Box  4 is at 
            top left     (7,12)
            bottom right (7,12)
    
        Box  5 is at 
            top left     (6,12)
            bottom right (6,12)
    
        Box  6 is at 
            top left     (7,11)
            bottom right (7,11)
    
        Box  7 is at 
            top left     (0,9)
            bottom right (0,10)
    
        Box  8 is at 
            top left     (0,7)
            bottom right (0,8)
    
        Box  9 is at 
            top left     (4,12)
            bottom right (5,13)
    
        Box 10 is at 
            top left     (4,0)
            bottom right (7,2)
    
        Box 11 is at 
            top left     (0,0)
            bottom right (3,2)
    
        Box 12 is at 
            top left     (0,11)
            bottom right (3,13)
    
        Roll length used: 14

    [1;34mTry max length:[0m 13
    [1;34m    At iteration:[0m 11
        lingeling found a solution in .478 ms

       | W
     L |  0  1  2  3  4  5  6  7 
    ----------------------------
     0 |  .  .  .  . 12 12 12 12 
     1 |  .  .  1  . 12 12 12 12 
     2 |  .  .  .  . 12 12 12 12 
     3 |  .  .  .  .  .  .  .  . 
     4 |  .  .  .  .  .  .  .  . 
     5 |  .  .  .  .  .  .  .  . 
     6 |  .  .  .  .  .  .  .  8 
     7 |  .  .  .  .  .  .  .  8 
     8 |  7  .  .  .  .  .  9  9 
     9 |  7  6  5  4  3  2  9  9 
    10 | 10 10 10 10 11 11 11 11 
    11 | 10 10 10 10 11 11 11 11 
    12 | 10 10 10 10 11 11 11 11 
    
    Boxes' corners:       (w,l)
        Box  1 is at 
            top left     (2,1)
            bottom right (2,1)
    
        Box  2 is at 
            top left     (5,9)
            bottom right (5,9)
    
        Box  3 is at 
            top left     (4,9)
            bottom right (4,9)
    
        Box  4 is at 
            top left     (3,9)
            bottom right (3,9)
    
        Box  5 is at 
            top left     (2,9)
            bottom right (2,9)
    
        Box  6 is at 
            top left     (1,9)
            bottom right (1,9)
    
        Box  7 is at 
            top left     (0,8)
            bottom right (0,9)
    
        Box  8 is at 
            top left     (7,6)
            bottom right (7,7)
    
        Box  9 is at 
            top left     (6,8)
            bottom right (7,9)
    
        Box 10 is at 
            top left     (0,10)
            bottom right (3,12)
    
        Box 11 is at 
            top left     (4,10)
            bottom right (7,12)
    
        Box 12 is at 
            top left     (4,0)
            bottom right (7,2)
    
        Roll length used: 13

    [1;34mTry max length:[0m 12
    [1;34m    At iteration:[0m 12
        lingeling found a solution in .686 ms

       | W
     L |  0  1  2  3  4  5  6  7 
    ----------------------------
     0 |  .  .  .  . 12 12 12 12 
     1 |  .  .  .  . 12 12 12 12 
     2 |  .  .  .  . 12 12 12 12 
     3 |  .  .  .  .  .  .  .  . 
     4 |  .  .  .  .  .  .  .  . 
     5 |  .  .  .  .  .  .  .  8 
     6 |  .  .  .  .  1  .  .  8 
     7 |  7  .  .  .  .  .  9  9 
     8 |  7  6  3  5  4  2  9  9 
     9 | 11 11 11 11 10 10 10 10 
    10 | 11 11 11 11 10 10 10 10 
    11 | 11 11 11 11 10 10 10 10 
    
    Boxes' corners:       (w,l)
        Box  1 is at 
            top left     (4,6)
            bottom right (4,6)
    
        Box  2 is at 
            top left     (5,8)
            bottom right (5,8)
    
        Box  3 is at 
            top left     (2,8)
            bottom right (2,8)
    
        Box  4 is at 
            top left     (4,8)
            bottom right (4,8)
    
        Box  5 is at 
            top left     (3,8)
            bottom right (3,8)
    
        Box  6 is at 
            top left     (1,8)
            bottom right (1,8)
    
        Box  7 is at 
            top left     (0,7)
            bottom right (0,8)
    
        Box  8 is at 
            top left     (7,5)
            bottom right (7,6)
    
        Box  9 is at 
            top left     (6,7)
            bottom right (7,8)
    
        Box 10 is at 
            top left     (4,9)
            bottom right (7,11)
    
        Box 11 is at 
            top left     (0,9)
            bottom right (3,11)
    
        Box 12 is at 
            top left     (4,0)
            bottom right (7,2)
    
        Roll length used: 12

    [1;34mTry max length:[0m 11
    [1;34m    At iteration:[0m 13
        lingeling found a solution in .394 ms

       | W
     L |  0  1  2  3  4  5  6  7 
    ----------------------------
     0 |  8  .  .  . 11 11 11 11 
     1 |  8  .  .  . 11 11 11 11 
     2 |  .  9  9  . 11 11 11 11 
     3 |  7  9  9  1  .  .  .  . 
     4 |  7  .  .  2  .  .  4  . 
     5 |  .  .  .  .  .  .  .  . 
     6 | 10 10 10 10  .  .  .  3 
     7 | 10 10 10 10  5  .  .  6 
     8 | 10 10 10 10 12 12 12 12 
     9 |  .  .  .  . 12 12 12 12 
    10 |  .  .  .  . 12 12 12 12 
    
    Boxes' corners:       (w,l)
        Box  1 is at 
            top left     (3,3)
            bottom right (3,3)
    
        Box  2 is at 
            top left     (3,4)
            bottom right (3,4)
    
        Box  3 is at 
            top left     (7,6)
            bottom right (7,6)
    
        Box  4 is at 
            top left     (6,4)
            bottom right (6,4)
    
        Box  5 is at 
            top left     (4,7)
            bottom right (4,7)
    
        Box  6 is at 
            top left     (7,7)
            bottom right (7,7)
    
        Box  7 is at 
            top left     (0,3)
            bottom right (0,4)
    
        Box  8 is at 
            top left     (0,0)
            bottom right (0,1)
    
        Box  9 is at 
            top left     (1,2)
            bottom right (2,3)
    
        Box 10 is at 
            top left     (0,6)
            bottom right (3,8)
    
        Box 11 is at 
            top left     (4,0)
            bottom right (7,2)
    
        Box 12 is at 
            top left     (4,8)
            bottom right (7,10)
    
        Roll length used: 11

    [1;34mTry max length:[0m 10
    [1;34m    At iteration:[0m 14
        lingeling found a solution in .392 ms

       | W
     L |  0  1  2  3  4  5  6  7 
    ----------------------------
     0 |  .  .  .  . 10 10 10 10 
     1 |  .  1  .  . 10 10 10 10 
     2 |  .  .  .  . 10 10 10 10 
     3 |  8  .  .  .  .  .  2  . 
     4 |  8  .  .  .  .  .  .  . 
     5 |  7  .  .  .  .  .  9  9 
     6 |  7  .  6  5  4  3  9  9 
     7 | 12 12 12 12 11 11 11 11 
     8 | 12 12 12 12 11 11 11 11 
     9 | 12 12 12 12 11 11 11 11 
    
    Boxes' corners:       (w,l)
        Box  1 is at 
            top left     (1,1)
            bottom right (1,1)
    
        Box  2 is at 
            top left     (6,3)
            bottom right (6,3)
    
        Box  3 is at 
            top left     (5,6)
            bottom right (5,6)
    
        Box  4 is at 
            top left     (4,6)
            bottom right (4,6)
    
        Box  5 is at 
            top left     (3,6)
            bottom right (3,6)
    
        Box  6 is at 
            top left     (2,6)
            bottom right (2,6)
    
        Box  7 is at 
            top left     (0,5)
            bottom right (0,6)
    
        Box  8 is at 
            top left     (0,3)
            bottom right (0,4)
    
        Box  9 is at 
            top left     (6,5)
            bottom right (7,6)
    
        Box 10 is at 
            top left     (4,0)
            bottom right (7,2)
    
        Box 11 is at 
            top left     (4,7)
            bottom right (7,9)
    
        Box 12 is at 
            top left     (0,7)
            bottom right (3,9)
    
        Roll length used: 10

    [1;34mTry max length:[0m 9
    [1;34m    At iteration:[0m 15
        lingeling found a solution in .311 ms

      | W
    L |  0  1  2  3  4  5  6  7 
    ----------------------------
    0 |  .  .  .  . 12 12 12 12 
    1 |  .  .  .  . 12 12 12 12 
    2 |  8  .  .  . 12 12 12 12 
    3 |  8  .  .  .  .  .  .  . 
    4 |  7  .  .  .  1  5  9  9 
    5 |  7  .  6  4  3  2  9  9 
    6 | 10 10 10 10 11 11 11 11 
    7 | 10 10 10 10 11 11 11 11 
    8 | 10 10 10 10 11 11 11 11 
    
    Boxes' corners:       (w,l)
        Box  1 is at 
            top left     (4,4)
            bottom right (4,4)
    
        Box  2 is at 
            top left     (5,5)
            bottom right (5,5)
    
        Box  3 is at 
            top left     (4,5)
            bottom right (4,5)
    
        Box  4 is at 
            top left     (3,5)
            bottom right (3,5)
    
        Box  5 is at 
            top left     (5,4)
            bottom right (5,4)
    
        Box  6 is at 
            top left     (2,5)
            bottom right (2,5)
    
        Box  7 is at 
            top left     (0,4)
            bottom right (0,5)
    
        Box  8 is at 
            top left     (0,2)
            bottom right (0,3)
    
        Box  9 is at 
            top left     (6,4)
            bottom right (7,5)
    
        Box 10 is at 
            top left     (0,6)
            bottom right (3,8)
    
        Box 11 is at 
            top left     (4,6)
            bottom right (7,8)
    
        Box 12 is at 
            top left     (4,0)
            bottom right (7,2)
    
        Roll length used: 9

    [1;34mTry max length:[0m 8
    [1;34m    At iteration:[0m 16
        lingeling found a solution in .302 ms

      | W
    L |  0  1  2 3 4  5  6  7 
    --------------------------
    0 |  8  .  . . 1 10 10 10 
    1 |  8  .  . . . 10 10 10 
    2 |  7  .  . . . 10 10 10 
    3 |  7  .  . . 5 10 10 10 
    4 | 12 12 12 6 4 11 11 11 
    5 | 12 12 12 3 2 11 11 11 
    6 | 12 12 12 9 9 11 11 11 
    7 | 12 12 12 9 9 11 11 11 
    
    Boxes' corners:       (w,l)
        Box  1 is at 
            top left     (4,0)
            bottom right (4,0)
    
        Box  2 is at 
            top left     (4,5)
            bottom right (4,5)
    
        Box  3 is at 
            top left     (3,5)
            bottom right (3,5)
    
        Box  4 is at 
            top left     (4,4)
            bottom right (4,4)
    
        Box  5 is at 
            top left     (4,3)
            bottom right (4,3)
    
        Box  6 is at 
            top left     (3,4)
            bottom right (3,4)
    
        Box  7 is at 
            top left     (0,2)
            bottom right (0,3)
    
        Box  8 is at 
            top left     (0,0)
            bottom right (0,1)
    
        Box  9 is at 
            top left     (3,6)
            bottom right (4,7)
    
        Box 10 is at 
            top left     (5,0)
            bottom right (7,3)
    
        Box 11 is at 
            top left     (5,4)
            bottom right (7,7)
    
        Box 12 is at 
            top left     (0,4)
            bottom right (2,7)
    
        Roll length used: 8

    [1;34mTry max length:[0m 7
    [1;34m    At iteration:[0m 17
        lingeling found a solution in .278 ms

      | W
    L |  0  1  2 3  4  5  6  7 
    ---------------------------
    0 | 10 10 10 1 11 11 11 11 
    1 | 10 10 10 6 11 11 11 11 
    2 | 10 10 10 . 11 11 11 11 
    3 | 10 10 10 .  . 12 12 12 
    4 |  7  .  . 3  . 12 12 12 
    5 |  7  8  4 9  9 12 12 12 
    6 |  5  8  2 9  9 12 12 12 
    
    Boxes' corners:       (w,l)
        Box  1 is at 
            top left     (3,0)
            bottom right (3,0)
    
        Box  2 is at 
            top left     (2,6)
            bottom right (2,6)
    
        Box  3 is at 
            top left     (3,4)
            bottom right (3,4)
    
        Box  4 is at 
            top left     (2,5)
            bottom right (2,5)
    
        Box  5 is at 
            top left     (0,6)
            bottom right (0,6)
    
        Box  6 is at 
            top left     (3,1)
            bottom right (3,1)
    
        Box  7 is at 
            top left     (0,4)
            bottom right (0,5)
    
        Box  8 is at 
            top left     (1,5)
            bottom right (1,6)
    
        Box  9 is at 
            top left     (3,5)
            bottom right (4,6)
    
        Box 10 is at 
            top left     (0,0)
            bottom right (2,3)
    
        Box 11 is at 
            top left     (4,0)
            bottom right (7,2)
    
        Box 12 is at 
            top left     (5,3)
            bottom right (7,6)
    
        Roll length used: 7

    [1;34mTry max length:[0m 6
    [1;34m    At iteration:[0m 18
        [3;31mlingeling was timeout-terminated[0m
        [1;31mScript reached time limit[0m
