dc jun 6 20:51:18 CEST 2018
    [1;34mTry max length:[0m 999999
    [1;34m    At iteration:[0m 0
        lingeling found a solution in .124 ms

      | W
    L | 0 1 2 3 4 5 6 7 8 
    ----------------------
    0 | . . . . . . . . . 
    1 | . . . . . . . . . 
    2 | . . . . . . . . . 
    3 | . . . . . . . . . 
    4 | 1 . . . . . . . . 
    5 | 1 . . . . . . . . 
    6 | . . . 4 4 4 3 3 3 
    7 | . . . 4 4 4 3 3 3 
    8 | . . 2 4 4 4 3 3 3 
    
    Boxes' corners:      (w,l)
        Box 1 is at 
            top left     (0,4)
            bottom right (0,5)
    
        Box 2 is at 
            top left     (2,8)
            bottom right (2,8)
    
        Box 3 is at 
            top left     (6,6)
            bottom right (8,8)
    
        Box 4 is at 
            top left     (3,6)
            bottom right (5,8)
    
        Roll length used: 9

    [1;34mTry max length:[0m 8
    [1;34m    At iteration:[0m 1
        lingeling found a solution in .113 ms

      | W
    L | 0 1 2 3 4 5 6 7 8 
    ----------------------
    0 | . . . . . . . . . 
    1 | 1 . . . . . . . . 
    2 | 1 . 3 3 3 . . . . 
    3 | . . 3 3 3 . . . . 
    4 | . . 3 3 3 . . . . 
    5 | . . . . . . 4 4 4 
    6 | . . . . . . 4 4 4 
    7 | . . . . . 2 4 4 4 
    
    Boxes' corners:      (w,l)
        Box 1 is at 
            top left     (0,1)
            bottom right (0,2)
    
        Box 2 is at 
            top left     (5,7)
            bottom right (5,7)
    
        Box 3 is at 
            top left     (2,2)
            bottom right (4,4)
    
        Box 4 is at 
            top left     (6,5)
            bottom right (8,7)
    
        Roll length used: 8

    [1;34mTry max length:[0m 7
    [1;34m    At iteration:[0m 2
        lingeling found a solution in .091 ms

      | W
    L | 0 1 2 3 4 5 6 7 8 
    ----------------------
    0 | . . . . 1 1 . . . 
    1 | . . . . . . . . . 
    2 | . . . . . . . . . 
    3 | . . . 3 3 3 . . . 
    4 | . . . 3 3 3 4 4 4 
    5 | . . . 3 3 3 4 4 4 
    6 | . . . . . 2 4 4 4 
    
    Boxes' corners:      (w,l)
        Box 1 is at 
            top left     (4,0)
            bottom right (5,0)
    
        Box 2 is at 
            top left     (5,6)
            bottom right (5,6)
    
        Box 3 is at 
            top left     (3,3)
            bottom right (5,5)
    
        Box 4 is at 
            top left     (6,4)
            bottom right (8,6)
    
        Roll length used: 7

    [1;34mTry max length:[0m 6
    [1;34m    At iteration:[0m 3
        lingeling found a solution in .071 ms

      | W
    L | 0 1 2 3 4 5 6 7 8 
    ----------------------
    0 | . . . . 1 1 . . . 
    1 | . . 3 3 3 . . . . 
    2 | . . 3 3 3 . . . . 
    3 | . . 3 3 3 . 4 4 4 
    4 | . . . . . . 4 4 4 
    5 | . . . . . 2 4 4 4 
    
    Boxes' corners:      (w,l)
        Box 1 is at 
            top left     (4,0)
            bottom right (5,0)
    
        Box 2 is at 
            top left     (5,5)
            bottom right (5,5)
    
        Box 3 is at 
            top left     (2,1)
            bottom right (4,3)
    
        Box 4 is at 
            top left     (6,3)
            bottom right (8,5)
    
        Roll length used: 6

    [1;34mTry max length:[0m 5
    [1;34m    At iteration:[0m 4
        lingeling found a solution in .067 ms

      | W
    L | 0 1 2 3 4 5 6 7 8 
    ----------------------
    0 | . . . . 1 3 3 3 . 
    1 | 4 4 4 . 1 3 3 3 . 
    2 | 4 4 4 . . 3 3 3 . 
    3 | 4 4 4 . . . . . . 
    4 | . . . . . . . . 2 
    
    Boxes' corners:      (w,l)
        Box 1 is at 
            top left     (4,0)
            bottom right (4,1)
    
        Box 2 is at 
            top left     (8,4)
            bottom right (8,4)
    
        Box 3 is at 
            top left     (5,0)
            bottom right (7,2)
    
        Box 4 is at 
            top left     (0,1)
            bottom right (2,3)
    
        Roll length used: 5

    [1;34mTry max length:[0m 4
    [1;34m    At iteration:[0m 5
        lingeling found a solution in .035 ms

      | W
    L | 0 1 2 3 4 5 6 7 8 
    ----------------------
    0 | 3 3 3 . 1 . 4 4 4 
    1 | 3 3 3 . 1 . 4 4 4 
    2 | 3 3 3 . . . 4 4 4 
    3 | . . . . . . . . 2 
    
    Boxes' corners:      (w,l)
        Box 1 is at 
            top left     (4,0)
            bottom right (4,1)
    
        Box 2 is at 
            top left     (8,3)
            bottom right (8,3)
    
        Box 3 is at 
            top left     (0,0)
            bottom right (2,2)
    
        Box 4 is at 
            top left     (6,0)
            bottom right (8,2)
    
        Roll length used: 4

    [1;34mTry max length:[0m 3
    [1;34m    At iteration:[0m 6
        lingeling found a solution in .024 ms

      | W
    L | 0 1 2 3 4 5 6 7 8 
    ----------------------
    0 | . 3 3 3 1 1 4 4 4 
    1 | . 3 3 3 . . 4 4 4 
    2 | . 3 3 3 . 2 4 4 4 
    
    Boxes' corners:      (w,l)
        Box 1 is at 
            top left     (4,0)
            bottom right (5,0)
    
        Box 2 is at 
            top left     (5,2)
            bottom right (5,2)
    
        Box 3 is at 
            top left     (1,0)
            bottom right (3,2)
    
        Box 4 is at 
            top left     (6,0)
            bottom right (8,2)
    
        Roll length used: 3

    [1;34mTry max length:[0m 2
    [1;34m    At iteration:[0m 7
        [3;31mlingeling determined unsatisfiability of the Boolean formula[0m
        [1;32mOptimality reached![0m
