dt jun 5 19:27:21 CEST 2018
    [1;34mTry max length:[0m 999999
    [1;34m    At iteration:[0m 0
        lingeling found a solution in 2.877 ms

       | W
     L |  0  1  2  3  4  5  6  7  8 
    -------------------------------
     0 |  .  .  .  2  2  2  2  2  . 
     1 |  .  .  .  2  2  2  2  2  . 
     2 |  .  .  .  2  2  2  2  2  . 
     3 |  .  .  .  .  .  .  .  .  . 
     4 |  .  .  .  .  .  .  .  .  . 
     5 |  .  .  .  .  .  .  .  .  . 
     6 |  .  .  .  .  .  .  .  .  . 
     7 |  .  .  .  .  .  .  .  .  . 
     8 |  .  .  .  .  .  .  .  .  . 
     9 |  .  .  .  .  .  .  .  .  . 
    10 |  .  .  .  .  .  .  .  .  . 
    11 |  .  .  .  .  .  .  .  .  . 
    12 |  .  .  .  .  .  .  .  .  . 
    13 |  .  .  .  .  .  .  .  .  . 
    14 |  .  .  .  .  .  .  .  .  . 
    15 |  .  .  .  .  .  .  .  .  . 
    16 |  .  .  .  .  .  .  .  .  . 
    17 |  .  .  .  .  1  1  1  1  1 
    18 |  .  .  .  .  1  1  1  1  1 
    19 |  .  .  .  .  1  1  1  1  1 
    20 |  .  .  .  .  .  .  .  .  . 
    21 |  .  .  .  .  .  .  .  .  . 
    22 | 12 12  .  .  .  .  .  .  . 
    23 | 12 12  .  4  4  4  3  3  3 
    24 | 11 11  .  4  4  4  3  3  3 
    25 | 11 11  .  4  4  4  3  3  3 
    26 | 13 13 13 13 13 13 13 13  . 
    27 | 13 13 13 13 13 13 13 13  . 
    28 | 13 13 13 13 13 13 13 13 10 
    29 | 13 13 13 13 13 13 13 13  9 
    30 | 13 13 13 13 13 13 13 13  8 
    31 | 13 13 13 13 13 13 13 13  7 
    32 | 13 13 13 13 13 13 13 13  6 
    33 | 13 13 13 13 13 13 13 13  5 
    
    Boxes' corners:       (w,l)
        Box  1 is at 
            top left     (4,17)
            bottom right (8,19)
    
        Box  2 is at 
            top left     (3,0)
            bottom right (7,2)
    
        Box  3 is at 
            top left     (6,23)
            bottom right (8,25)
    
        Box  4 is at 
            top left     (3,23)
            bottom right (5,25)
    
        Box  5 is at 
            top left     (8,33)
            bottom right (8,33)
    
        Box  6 is at 
            top left     (8,32)
            bottom right (8,32)
    
        Box  7 is at 
            top left     (8,31)
            bottom right (8,31)
    
        Box  8 is at 
            top left     (8,30)
            bottom right (8,30)
    
        Box  9 is at 
            top left     (8,29)
            bottom right (8,29)
    
        Box 10 is at 
            top left     (8,28)
            bottom right (8,28)
    
        Box 11 is at 
            top left     (0,24)
            bottom right (1,25)
    
        Box 12 is at 
            top left     (0,22)
            bottom right (1,23)
    
        Box 13 is at 
            top left     (0,26)
            bottom right (7,33)
    
        Roll length used: 34

    [1;34mTry max length:[0m 33
    [1;34m    At iteration:[0m 1
        lingeling found a solution in 2.096 ms

       | W
     L |  0  1  2  3  4  5  6  7  8 
    -------------------------------
     0 |  .  .  .  .  1  1  1  1  1 
     1 |  .  .  .  .  1  1  1  1  1 
     2 |  .  .  .  .  1  1  1  1  1 
     3 |  .  .  .  .  .  .  .  .  . 
     4 |  .  .  .  .  .  .  .  .  . 
     5 |  .  .  .  .  .  .  .  .  . 
     6 |  .  .  .  .  .  .  .  .  . 
     7 |  .  .  .  .  .  .  .  .  . 
     8 |  .  .  .  .  .  .  .  .  . 
     9 |  .  .  .  .  .  .  .  .  . 
    10 |  .  .  .  .  .  .  .  .  . 
    11 |  .  .  .  .  .  .  .  .  . 
    12 |  .  .  .  .  .  .  .  .  . 
    13 |  .  .  .  .  .  .  .  .  . 
    14 |  .  2  2  2  2  2  .  .  . 
    15 |  .  2  2  2  2  2  .  .  . 
    16 |  .  2  2  2  2  2  .  .  . 
    17 |  .  .  .  .  .  .  .  .  . 
    18 |  .  .  .  .  .  .  .  .  . 
    19 |  .  .  .  .  .  .  .  .  . 
    20 |  .  .  .  .  .  .  .  .  . 
    21 | 12 12  .  .  . 10  4  4  4 
    22 | 12 12  9  3  3  3  4  4  4 
    23 | 11 11  8  3  3  3  4  4  4 
    24 | 11 11  .  3  3  3  .  7  6 
    25 |  . 13 13 13 13 13 13 13 13 
    26 |  . 13 13 13 13 13 13 13 13 
    27 |  . 13 13 13 13 13 13 13 13 
    28 |  . 13 13 13 13 13 13 13 13 
    29 |  . 13 13 13 13 13 13 13 13 
    30 |  . 13 13 13 13 13 13 13 13 
    31 |  . 13 13 13 13 13 13 13 13 
    32 |  5 13 13 13 13 13 13 13 13 
    
    Boxes' corners:       (w,l)
        Box  1 is at 
            top left     (4,0)
            bottom right (8,2)
    
        Box  2 is at 
            top left     (1,14)
            bottom right (5,16)
    
        Box  3 is at 
            top left     (3,22)
            bottom right (5,24)
    
        Box  4 is at 
            top left     (6,21)
            bottom right (8,23)
    
        Box  5 is at 
            top left     (0,32)
            bottom right (0,32)
    
        Box  6 is at 
            top left     (8,24)
            bottom right (8,24)
    
        Box  7 is at 
            top left     (7,24)
            bottom right (7,24)
    
        Box  8 is at 
            top left     (2,23)
            bottom right (2,23)
    
        Box  9 is at 
            top left     (2,22)
            bottom right (2,22)
    
        Box 10 is at 
            top left     (5,21)
            bottom right (5,21)
    
        Box 11 is at 
            top left     (0,23)
            bottom right (1,24)
    
        Box 12 is at 
            top left     (0,21)
            bottom right (1,22)
    
        Box 13 is at 
            top left     (1,25)
            bottom right (8,32)
    
        Roll length used: 33

    [1;34mTry max length:[0m 32
    [1;34m    At iteration:[0m 2
        lingeling found a solution in 1.883 ms

       | W
     L |  0  1  2  3  4  5  6  7  8 
    -------------------------------
     0 |  1  1  1  1  1  .  .  .  . 
     1 |  1  1  1  1  1  .  .  .  . 
     2 |  1  1  1  1  1  .  .  .  . 
     3 |  .  .  .  .  .  .  .  .  . 
     4 |  .  .  .  .  .  .  .  .  . 
     5 |  .  .  .  .  .  .  .  .  . 
     6 |  .  .  .  .  .  .  .  .  . 
     7 |  .  .  .  .  .  .  .  .  . 
     8 |  .  .  .  .  .  .  .  .  . 
     9 |  .  .  .  .  .  .  .  .  . 
    10 |  .  .  .  .  .  .  .  .  . 
    11 |  .  .  .  .  .  .  .  .  . 
    12 |  .  .  .  .  .  .  .  .  . 
    13 |  .  .  .  .  .  .  .  .  . 
    14 |  .  .  .  .  .  .  .  .  . 
    15 |  .  .  .  .  2  2  2  2  2 
    16 |  .  .  .  .  2  2  2  2  2 
    17 |  .  .  .  .  2  2  2  2  2 
    18 |  .  .  .  .  .  .  .  .  . 
    19 |  .  .  .  .  .  .  . 12 12 
    20 |  .  .  .  .  .  .  . 12 12 
    21 | 10  9  8  4  4  4  3  3  3 
    22 | 11 11  7  4  4  4  3  3  3 
    23 | 11 11  6  4  4  4  3  3  3 
    24 |  . 13 13 13 13 13 13 13 13 
    25 |  . 13 13 13 13 13 13 13 13 
    26 |  . 13 13 13 13 13 13 13 13 
    27 |  . 13 13 13 13 13 13 13 13 
    28 |  . 13 13 13 13 13 13 13 13 
    29 |  . 13 13 13 13 13 13 13 13 
    30 |  . 13 13 13 13 13 13 13 13 
    31 |  5 13 13 13 13 13 13 13 13 
    
    Boxes' corners:       (w,l)
        Box  1 is at 
            top left     (0,0)
            bottom right (4,2)
    
        Box  2 is at 
            top left     (4,15)
            bottom right (8,17)
    
        Box  3 is at 
            top left     (6,21)
            bottom right (8,23)
    
        Box  4 is at 
            top left     (3,21)
            bottom right (5,23)
    
        Box  5 is at 
            top left     (0,31)
            bottom right (0,31)
    
        Box  6 is at 
            top left     (2,23)
            bottom right (2,23)
    
        Box  7 is at 
            top left     (2,22)
            bottom right (2,22)
    
        Box  8 is at 
            top left     (2,21)
            bottom right (2,21)
    
        Box  9 is at 
            top left     (1,21)
            bottom right (1,21)
    
        Box 10 is at 
            top left     (0,21)
            bottom right (0,21)
    
        Box 11 is at 
            top left     (0,22)
            bottom right (1,23)
    
        Box 12 is at 
            top left     (7,19)
            bottom right (8,20)
    
        Box 13 is at 
            top left     (1,24)
            bottom right (8,31)
    
        Roll length used: 32

    [1;34mTry max length:[0m 31
    [1;34m    At iteration:[0m 3
        lingeling found a solution in 1.683 ms

       | W
     L |  0  1  2  3  4  5  6  7  8 
    -------------------------------
     0 |  .  .  .  .  2  2  2  2  2 
     1 |  .  .  .  .  2  2  2  2  2 
     2 |  .  .  .  .  2  2  2  2  2 
     3 |  .  .  .  .  .  .  .  .  . 
     4 |  .  .  .  .  .  .  .  .  . 
     5 |  .  .  .  .  .  .  .  .  . 
     6 |  .  .  .  .  .  .  .  .  . 
     7 |  .  .  .  .  .  .  .  .  . 
     8 |  .  .  .  .  .  .  .  .  . 
     9 |  .  .  .  .  .  .  .  .  . 
    10 |  .  .  .  .  .  .  .  .  . 
    11 |  .  .  .  .  4  4  4  .  . 
    12 |  .  .  .  .  4  4  4  .  . 
    13 |  .  .  .  .  4  4  4  .  . 
    14 |  .  .  .  .  .  .  .  .  . 
    15 |  .  .  .  1  1  1  1  1  . 
    16 |  .  .  .  1  1  1  1  1  . 
    17 |  .  .  .  1  1  1  1  1  . 
    18 |  .  .  .  .  3  3  3  .  . 
    19 |  .  .  .  .  3  3  3  .  . 
    20 |  .  .  .  .  3  3  3  .  . 
    21 |  .  .  . 12 12 11 11  .  . 
    22 |  .  .  . 12 12 11 11  .  . 
    23 | 13 13 13 13 13 13 13 13  . 
    24 | 13 13 13 13 13 13 13 13  . 
    25 | 13 13 13 13 13 13 13 13 10 
    26 | 13 13 13 13 13 13 13 13  9 
    27 | 13 13 13 13 13 13 13 13  8 
    28 | 13 13 13 13 13 13 13 13  7 
    29 | 13 13 13 13 13 13 13 13  6 
    30 | 13 13 13 13 13 13 13 13  5 
    
    Boxes' corners:       (w,l)
        Box  1 is at 
            top left     (3,15)
            bottom right (7,17)
    
        Box  2 is at 
            top left     (4,0)
            bottom right (8,2)
    
        Box  3 is at 
            top left     (4,18)
            bottom right (6,20)
    
        Box  4 is at 
            top left     (4,11)
            bottom right (6,13)
    
        Box  5 is at 
            top left     (8,30)
            bottom right (8,30)
    
        Box  6 is at 
            top left     (8,29)
            bottom right (8,29)
    
        Box  7 is at 
            top left     (8,28)
            bottom right (8,28)
    
        Box  8 is at 
            top left     (8,27)
            bottom right (8,27)
    
        Box  9 is at 
            top left     (8,26)
            bottom right (8,26)
    
        Box 10 is at 
            top left     (8,25)
            bottom right (8,25)
    
        Box 11 is at 
            top left     (5,21)
            bottom right (6,22)
    
        Box 12 is at 
            top left     (3,21)
            bottom right (4,22)
    
        Box 13 is at 
            top left     (0,23)
            bottom right (7,30)
    
        Roll length used: 31

    [1;34mTry max length:[0m 30
    [1;34m    At iteration:[0m 4
        lingeling found a solution in 1.707 ms

       | W
     L |  0  1  2  3  4  5  6  7  8 
    -------------------------------
     0 |  .  .  .  .  1  1  1  1  1 
     1 |  .  .  .  .  1  1  1  1  1 
     2 |  .  .  .  .  1  1  1  1  1 
     3 |  .  .  .  .  .  .  .  .  . 
     4 |  .  .  .  .  .  .  .  .  . 
     5 |  .  .  .  .  .  .  .  .  . 
     6 |  .  .  .  .  .  .  .  .  . 
     7 |  .  .  .  .  .  .  .  .  . 
     8 |  .  .  .  .  .  .  .  .  . 
     9 |  .  .  .  .  .  .  .  .  . 
    10 |  .  .  .  .  .  .  .  .  . 
    11 |  .  .  .  .  .  .  .  .  . 
    12 |  .  .  .  .  .  .  .  .  . 
    13 |  .  .  .  .  .  .  .  .  . 
    14 |  .  .  .  .  .  .  4  4  4 
    15 |  .  .  .  .  .  .  4  4  4 
    16 |  .  2  2  2  2  2  4  4  4 
    17 |  .  2  2  2  2  2  3  3  3 
    18 |  .  2  2  2  2  2  3  3  3 
    19 | 12 12  .  . 11 11  3  3  3 
    20 | 12 12  . 10 11 11  .  9  8 
    21 |  7 13 13 13 13 13 13 13 13 
    22 |  . 13 13 13 13 13 13 13 13 
    23 |  . 13 13 13 13 13 13 13 13 
    24 |  . 13 13 13 13 13 13 13 13 
    25 |  . 13 13 13 13 13 13 13 13 
    26 |  . 13 13 13 13 13 13 13 13 
    27 |  . 13 13 13 13 13 13 13 13 
    28 |  . 13 13 13 13 13 13 13 13 
    29 |  6  .  .  .  .  .  .  .  5 
    
    Boxes' corners:       (w,l)
        Box  1 is at 
            top left     (4,0)
            bottom right (8,2)
    
        Box  2 is at 
            top left     (1,16)
            bottom right (5,18)
    
        Box  3 is at 
            top left     (6,17)
            bottom right (8,19)
    
        Box  4 is at 
            top left     (6,14)
            bottom right (8,16)
    
        Box  5 is at 
            top left     (8,29)
            bottom right (8,29)
    
        Box  6 is at 
            top left     (0,29)
            bottom right (0,29)
    
        Box  7 is at 
            top left     (0,21)
            bottom right (0,21)
    
        Box  8 is at 
            top left     (8,20)
            bottom right (8,20)
    
        Box  9 is at 
            top left     (7,20)
            bottom right (7,20)
    
        Box 10 is at 
            top left     (3,20)
            bottom right (3,20)
    
        Box 11 is at 
            top left     (4,19)
            bottom right (5,20)
    
        Box 12 is at 
            top left     (0,19)
            bottom right (1,20)
    
        Box 13 is at 
            top left     (1,21)
            bottom right (8,28)
    
        Roll length used: 30

    [1;34mTry max length:[0m 29
    [1;34m    At iteration:[0m 5
        lingeling found a solution in 1.515 ms

       | W
     L |  0  1  2  3  4  5  6  7  8 
    -------------------------------
     0 |  .  .  .  2  2  2  2  2  . 
     1 |  .  .  .  2  2  2  2  2  . 
     2 |  .  .  .  2  2  2  2  2  . 
     3 |  .  .  .  .  .  .  .  .  . 
     4 |  .  .  .  .  .  .  .  .  . 
     5 |  .  .  .  .  .  .  .  .  . 
     6 |  .  .  .  .  .  .  .  .  . 
     7 |  .  .  .  .  .  .  .  .  . 
     8 |  .  .  .  .  .  .  .  .  . 
     9 |  .  .  .  .  .  .  .  .  . 
    10 |  .  .  .  .  .  .  .  .  . 
    11 |  .  .  .  .  .  .  .  .  . 
    12 |  .  .  .  .  .  .  .  .  . 
    13 |  .  .  .  .  .  .  .  .  . 
    14 |  1  1  1  1  1  .  .  .  . 
    15 |  1  1  1  1  1  .  .  .  . 
    16 |  1  1  1  1  1  .  .  .  . 
    17 |  . 12 12  .  .  .  .  .  . 
    18 |  . 12 12  4  4  4  3  3  3 
    19 | 11 11  .  4  4  4  3  3  3 
    20 | 11 11  .  4  4  4  3  3  3 
    21 | 13 13 13 13 13 13 13 13  . 
    22 | 13 13 13 13 13 13 13 13  . 
    23 | 13 13 13 13 13 13 13 13 10 
    24 | 13 13 13 13 13 13 13 13  9 
    25 | 13 13 13 13 13 13 13 13  8 
    26 | 13 13 13 13 13 13 13 13  7 
    27 | 13 13 13 13 13 13 13 13  6 
    28 | 13 13 13 13 13 13 13 13  5 
    
    Boxes' corners:       (w,l)
        Box  1 is at 
            top left     (0,14)
            bottom right (4,16)
    
        Box  2 is at 
            top left     (3,0)
            bottom right (7,2)
    
        Box  3 is at 
            top left     (6,18)
            bottom right (8,20)
    
        Box  4 is at 
            top left     (3,18)
            bottom right (5,20)
    
        Box  5 is at 
            top left     (8,28)
            bottom right (8,28)
    
        Box  6 is at 
            top left     (8,27)
            bottom right (8,27)
    
        Box  7 is at 
            top left     (8,26)
            bottom right (8,26)
    
        Box  8 is at 
            top left     (8,25)
            bottom right (8,25)
    
        Box  9 is at 
            top left     (8,24)
            bottom right (8,24)
    
        Box 10 is at 
            top left     (8,23)
            bottom right (8,23)
    
        Box 11 is at 
            top left     (0,19)
            bottom right (1,20)
    
        Box 12 is at 
            top left     (1,17)
            bottom right (2,18)
    
        Box 13 is at 
            top left     (0,21)
            bottom right (7,28)
    
        Roll length used: 29

    [1;34mTry max length:[0m 28
    [1;34m    At iteration:[0m 6
        lingeling found a solution in 1.495 ms

       | W
     L |  0  1  2  3  4  5  6  7  8 
    -------------------------------
     0 |  6  .  .  .  1  1  1  1  1 
     1 |  8  .  .  .  1  1  1  1  1 
     2 |  .  .  .  .  1  1  1  1  1 
     3 |  .  .  .  .  .  .  .  .  . 
     4 |  .  .  .  .  .  .  .  .  . 
     5 |  .  .  .  .  .  .  .  .  . 
     6 |  .  .  .  .  .  .  .  .  . 
     7 |  .  .  .  .  .  .  .  .  . 
     8 |  .  .  .  .  .  .  .  .  . 
     9 |  .  .  .  .  .  .  .  .  . 
    10 |  .  .  .  .  .  .  .  .  . 
    11 |  .  .  .  .  .  .  .  .  . 
    12 |  .  .  .  .  .  .  .  .  . 
    13 |  .  .  .  .  .  .  .  .  . 
    14 |  .  .  .  4  4  4  . 12 12 
    15 | 11 11  .  4  4  4  . 12 12 
    16 | 11 11  .  4  4  4  3  3  3 
    17 |  .  2  2  2  2  2  3  3  3 
    18 |  9  2  2  2  2  2  3  3  3 
    19 |  7  2  2  2  2  2  . 10  . 
    20 |  . 13 13 13 13 13 13 13 13 
    21 |  . 13 13 13 13 13 13 13 13 
    22 |  . 13 13 13 13 13 13 13 13 
    23 |  . 13 13 13 13 13 13 13 13 
    24 |  . 13 13 13 13 13 13 13 13 
    25 |  . 13 13 13 13 13 13 13 13 
    26 |  . 13 13 13 13 13 13 13 13 
    27 |  5 13 13 13 13 13 13 13 13 
    
    Boxes' corners:       (w,l)
        Box  1 is at 
            top left     (4,0)
            bottom right (8,2)
    
        Box  2 is at 
            top left     (1,17)
            bottom right (5,19)
    
        Box  3 is at 
            top left     (6,16)
            bottom right (8,18)
    
        Box  4 is at 
            top left     (3,14)
            bottom right (5,16)
    
        Box  5 is at 
            top left     (0,27)
            bottom right (0,27)
    
        Box  6 is at 
            top left     (0,0)
            bottom right (0,0)
    
        Box  7 is at 
            top left     (0,19)
            bottom right (0,19)
    
        Box  8 is at 
            top left     (0,1)
            bottom right (0,1)
    
        Box  9 is at 
            top left     (0,18)
            bottom right (0,18)
    
        Box 10 is at 
            top left     (7,19)
            bottom right (7,19)
    
        Box 11 is at 
            top left     (0,15)
            bottom right (1,16)
    
        Box 12 is at 
            top left     (7,14)
            bottom right (8,15)
    
        Box 13 is at 
            top left     (1,20)
            bottom right (8,27)
    
        Roll length used: 28

    [1;34mTry max length:[0m 27
    [1;34m    At iteration:[0m 7
        lingeling found a solution in 1.392 ms

       | W
     L |  0  1  2  3  4  5  6  7  8 
    -------------------------------
     0 |  .  .  .  .  1  1  1  1  1 
     1 |  .  .  .  .  1  1  1  1  1 
     2 |  .  .  .  .  1  1  1  1  1 
     3 |  2  2  2  2  2  .  .  .  . 
     4 |  2  2  2  2  2  .  .  .  . 
     5 |  2  2  2  2  2  .  .  .  . 
     6 |  .  .  .  .  .  .  .  .  . 
     7 |  .  .  .  .  .  .  .  .  . 
     8 |  .  .  .  .  .  .  .  .  . 
     9 |  .  .  .  .  .  .  .  .  . 
    10 |  .  .  .  .  .  .  .  .  . 
    11 |  .  .  .  .  .  .  .  .  . 
    12 |  .  .  .  .  .  .  .  .  . 
    13 |  .  .  .  .  .  .  .  .  . 
    14 |  .  .  .  .  .  .  .  .  . 
    15 | 12 12  .  .  .  .  .  .  . 
    16 | 12 12  .  4  4  4  3  3  3 
    17 | 11 11  .  4  4  4  3  3  3 
    18 | 11 11  .  4  4  4  3  3  3 
    19 | 13 13 13 13 13 13 13 13  . 
    20 | 13 13 13 13 13 13 13 13  . 
    21 | 13 13 13 13 13 13 13 13 10 
    22 | 13 13 13 13 13 13 13 13  9 
    23 | 13 13 13 13 13 13 13 13  8 
    24 | 13 13 13 13 13 13 13 13  7 
    25 | 13 13 13 13 13 13 13 13  6 
    26 | 13 13 13 13 13 13 13 13  5 
    
    Boxes' corners:       (w,l)
        Box  1 is at 
            top left     (4,0)
            bottom right (8,2)
    
        Box  2 is at 
            top left     (0,3)
            bottom right (4,5)
    
        Box  3 is at 
            top left     (6,16)
            bottom right (8,18)
    
        Box  4 is at 
            top left     (3,16)
            bottom right (5,18)
    
        Box  5 is at 
            top left     (8,26)
            bottom right (8,26)
    
        Box  6 is at 
            top left     (8,25)
            bottom right (8,25)
    
        Box  7 is at 
            top left     (8,24)
            bottom right (8,24)
    
        Box  8 is at 
            top left     (8,23)
            bottom right (8,23)
    
        Box  9 is at 
            top left     (8,22)
            bottom right (8,22)
    
        Box 10 is at 
            top left     (8,21)
            bottom right (8,21)
    
        Box 11 is at 
            top left     (0,17)
            bottom right (1,18)
    
        Box 12 is at 
            top left     (0,15)
            bottom right (1,16)
    
        Box 13 is at 
            top left     (0,19)
            bottom right (7,26)
    
        Roll length used: 27

    [1;34mTry max length:[0m 26
    [1;34m    At iteration:[0m 8
        lingeling found a solution in 2.102 ms

       | W
     L |  0  1  2  3  4  5  6  7  8 
    -------------------------------
     0 |  .  2  2  2  2  2  .  .  . 
     1 |  .  2  2  2  2  2  .  .  . 
     2 |  .  2  2  2  2  2  .  .  . 
     3 |  .  .  .  .  .  .  .  .  . 
     4 |  .  .  .  .  .  .  .  .  . 
     5 |  .  .  .  .  .  .  .  .  . 
     6 |  .  .  .  .  .  .  .  .  . 
     7 |  .  .  .  .  .  .  .  .  . 
     8 |  .  .  .  .  .  .  .  .  . 
     9 |  .  .  .  .  .  .  .  .  . 
    10 |  .  .  .  .  .  .  .  .  . 
    11 |  .  .  .  .  .  .  .  .  . 
    12 |  4  4  4  .  .  .  .  .  . 
    13 |  4  4  4  .  1  1  1  1  1 
    14 |  4  4  4  .  1  1  1  1  1 
    15 |  3  3  3  .  1  1  1  1  1 
    16 |  3  3  3  .  . 12 12 11 11 
    17 |  3  3  3  .  . 12 12 11 11 
    18 | 13 13 13 13 13 13 13 13  . 
    19 | 13 13 13 13 13 13 13 13  . 
    20 | 13 13 13 13 13 13 13 13 10 
    21 | 13 13 13 13 13 13 13 13  9 
    22 | 13 13 13 13 13 13 13 13  8 
    23 | 13 13 13 13 13 13 13 13  7 
    24 | 13 13 13 13 13 13 13 13  6 
    25 | 13 13 13 13 13 13 13 13  5 
    
    Boxes' corners:       (w,l)
        Box  1 is at 
            top left     (4,13)
            bottom right (8,15)
    
        Box  2 is at 
            top left     (1,0)
            bottom right (5,2)
    
        Box  3 is at 
            top left     (0,15)
            bottom right (2,17)
    
        Box  4 is at 
            top left     (0,12)
            bottom right (2,14)
    
        Box  5 is at 
            top left     (8,25)
            bottom right (8,25)
    
        Box  6 is at 
            top left     (8,24)
            bottom right (8,24)
    
        Box  7 is at 
            top left     (8,23)
            bottom right (8,23)
    
        Box  8 is at 
            top left     (8,22)
            bottom right (8,22)
    
        Box  9 is at 
            top left     (8,21)
            bottom right (8,21)
    
        Box 10 is at 
            top left     (8,20)
            bottom right (8,20)
    
        Box 11 is at 
            top left     (7,16)
            bottom right (8,17)
    
        Box 12 is at 
            top left     (5,16)
            bottom right (6,17)
    
        Box 13 is at 
            top left     (0,18)
            bottom right (7,25)
    
        Roll length used: 26

    [1;34mTry max length:[0m 25
    [1;34m    At iteration:[0m 9
        lingeling found a solution in 1.203 ms

       | W
     L | 0  1  2  3  4  5  6  7  8 
    ------------------------------
     0 | . 13 13 13 13 13 13 13 13 
     1 | . 13 13 13 13 13 13 13 13 
     2 | . 13 13 13 13 13 13 13 13 
     3 | . 13 13 13 13 13 13 13 13 
     4 | . 13 13 13 13 13 13 13 13 
     5 | . 13 13 13 13 13 13 13 13 
     6 | . 13 13 13 13 13 13 13 13 
     7 | . 13 13 13 13 13 13 13 13 
     8 | .  1  1  1  1  1  .  .  . 
     9 | .  1  1  1  1  1  .  .  . 
    10 | .  1  1  1  1  1  4  4  4 
    11 | .  .  .  .  .  .  4  4  4 
    12 | .  .  .  .  .  .  4  4  4 
    13 | .  .  .  .  .  .  .  .  . 
    14 | .  .  .  .  .  .  .  .  . 
    15 | .  .  .  .  .  .  .  .  . 
    16 | .  .  .  .  .  .  .  .  . 
    17 | .  .  . 10  9  3  3  3  . 
    18 | . 12 12 11 11  3  3  3  . 
    19 | . 12 12 11 11  3  3  3  . 
    20 | .  .  .  .  .  .  .  .  . 
    21 | 2  2  2  2  2  8  7  .  . 
    22 | 2  2  2  2  2  .  .  .  . 
    23 | 2  2  2  2  2  .  .  .  . 
    24 | 6  .  .  .  .  .  .  .  5 
    
    Boxes' corners:       (w,l)
        Box  1 is at 
            top left     (1,8)
            bottom right (5,10)
    
        Box  2 is at 
            top left     (0,21)
            bottom right (4,23)
    
        Box  3 is at 
            top left     (5,17)
            bottom right (7,19)
    
        Box  4 is at 
            top left     (6,10)
            bottom right (8,12)
    
        Box  5 is at 
            top left     (8,24)
            bottom right (8,24)
    
        Box  6 is at 
            top left     (0,24)
            bottom right (0,24)
    
        Box  7 is at 
            top left     (6,21)
            bottom right (6,21)
    
        Box  8 is at 
            top left     (5,21)
            bottom right (5,21)
    
        Box  9 is at 
            top left     (4,17)
            bottom right (4,17)
    
        Box 10 is at 
            top left     (3,17)
            bottom right (3,17)
    
        Box 11 is at 
            top left     (3,18)
            bottom right (4,19)
    
        Box 12 is at 
            top left     (1,18)
            bottom right (2,19)
    
        Box 13 is at 
            top left     (1,0)
            bottom right (8,7)
    
        Roll length used: 25

    [1;34mTry max length:[0m 24
    [1;34m    At iteration:[0m 10
        lingeling found a solution in 1.235 ms

       | W
     L |  0  1  2  3  4  5  6  7  8 
    -------------------------------
     0 |  .  .  .  .  .  .  .  .  5 
     1 |  .  .  .  2  2  2  2  2  . 
     2 |  .  .  .  2  2  2  2  2  . 
     3 |  .  .  .  2  2  2  2  2  . 
     4 |  .  .  .  .  .  .  .  .  . 
     5 |  .  .  .  .  .  .  .  .  . 
     6 |  .  .  .  .  .  .  .  .  . 
     7 |  .  .  .  .  .  .  .  .  . 
     8 |  .  .  .  .  .  .  .  .  . 
     9 |  6  .  .  4  4  4  3  3  3 
    10 |  .  .  .  4  4  4  3  3  3 
    11 |  .  .  .  4  4  4  3  3  3 
    12 |  .  .  1  1  1  1  1  .  . 
    13 | 12 12  1  1  1  1  1  8  7 
    14 | 12 12  1  1  1  1  1 11 11 
    15 |  .  .  .  .  .  . 10 11 11 
    16 | 13 13 13 13 13 13 13 13  . 
    17 | 13 13 13 13 13 13 13 13  . 
    18 | 13 13 13 13 13 13 13 13  . 
    19 | 13 13 13 13 13 13 13 13  . 
    20 | 13 13 13 13 13 13 13 13  . 
    21 | 13 13 13 13 13 13 13 13  . 
    22 | 13 13 13 13 13 13 13 13  . 
    23 | 13 13 13 13 13 13 13 13  9 
    
    Boxes' corners:       (w,l)
        Box  1 is at 
            top left     (2,12)
            bottom right (6,14)
    
        Box  2 is at 
            top left     (3,1)
            bottom right (7,3)
    
        Box  3 is at 
            top left     (6,9)
            bottom right (8,11)
    
        Box  4 is at 
            top left     (3,9)
            bottom right (5,11)
    
        Box  5 is at 
            top left     (8,0)
            bottom right (8,0)
    
        Box  6 is at 
            top left     (0,9)
            bottom right (0,9)
    
        Box  7 is at 
            top left     (8,13)
            bottom right (8,13)
    
        Box  8 is at 
            top left     (7,13)
            bottom right (7,13)
    
        Box  9 is at 
            top left     (8,23)
            bottom right (8,23)
    
        Box 10 is at 
            top left     (6,15)
            bottom right (6,15)
    
        Box 11 is at 
            top left     (7,14)
            bottom right (8,15)
    
        Box 12 is at 
            top left     (0,13)
            bottom right (1,14)
    
        Box 13 is at 
            top left     (0,16)
            bottom right (7,23)
    
        Roll length used: 24

    [1;34mTry max length:[0m 23
    [1;34m    At iteration:[0m 11
        lingeling found a solution in 1.597 ms

       | W
     L |  0  1  2  3  4  5  6  7  8 
    -------------------------------
     0 |  .  .  .  .  .  .  .  . 10 
     1 |  .  .  .  .  .  .  .  .  . 
     2 |  .  .  2  2  2  2  2  .  . 
     3 |  .  .  2  2  2  2  2  .  . 
     4 |  .  .  2  2  2  2  2  .  . 
     5 |  .  .  .  .  .  .  .  .  . 
     6 |  .  .  .  .  .  .  .  .  . 
     7 |  .  .  .  .  .  .  .  .  . 
     8 |  .  .  .  .  .  6  4  4  4 
     9 |  .  . 12 12 11 11  4  4  4 
    10 |  .  . 12 12 11 11  4  4  4 
    11 |  1  1  1  1  1  .  3  3  3 
    12 |  1  1  1  1  1  9  3  3  3 
    13 |  1  1  1  1  1  7  3  3  3 
    14 |  .  .  .  .  .  .  .  .  5 
    15 | 13 13 13 13 13 13 13 13  . 
    16 | 13 13 13 13 13 13 13 13  . 
    17 | 13 13 13 13 13 13 13 13  . 
    18 | 13 13 13 13 13 13 13 13  . 
    19 | 13 13 13 13 13 13 13 13  . 
    20 | 13 13 13 13 13 13 13 13  . 
    21 | 13 13 13 13 13 13 13 13  . 
    22 | 13 13 13 13 13 13 13 13  8 
    
    Boxes' corners:       (w,l)
        Box  1 is at 
            top left     (0,11)
            bottom right (4,13)
    
        Box  2 is at 
            top left     (2,2)
            bottom right (6,4)
    
        Box  3 is at 
            top left     (6,11)
            bottom right (8,13)
    
        Box  4 is at 
            top left     (6,8)
            bottom right (8,10)
    
        Box  5 is at 
            top left     (8,14)
            bottom right (8,14)
    
        Box  6 is at 
            top left     (5,8)
            bottom right (5,8)
    
        Box  7 is at 
            top left     (5,13)
            bottom right (5,13)
    
        Box  8 is at 
            top left     (8,22)
            bottom right (8,22)
    
        Box  9 is at 
            top left     (5,12)
            bottom right (5,12)
    
        Box 10 is at 
            top left     (8,0)
            bottom right (8,0)
    
        Box 11 is at 
            top left     (4,9)
            bottom right (5,10)
    
        Box 12 is at 
            top left     (2,9)
            bottom right (3,10)
    
        Box 13 is at 
            top left     (0,15)
            bottom right (7,22)
    
        Roll length used: 23

    [1;34mTry max length:[0m 22
    [1;34m    At iteration:[0m 12
        lingeling found a solution in .941 ms

       | W
     L |  0  1  2  3  4  5  6  7  8 
    -------------------------------
     0 |  .  .  2  2  2  2  2  .  . 
     1 |  .  .  2  2  2  2  2  .  . 
     2 |  .  .  2  2  2  2  2  .  . 
     3 |  .  .  .  .  .  .  .  .  . 
     4 |  .  .  .  .  .  .  .  .  . 
     5 |  .  .  .  .  .  .  .  .  . 
     6 |  .  .  .  .  .  .  .  .  . 
     7 |  .  .  .  .  .  .  .  .  . 
     8 |  .  .  .  4  4  4  3  3  3 
     9 |  .  .  .  4  4  4  3  3  3 
    10 |  .  .  .  4  4  4  3  3  3 
    11 |  .  .  1  1  1  1  1  .  . 
    12 | 12 12  1  1  1  1  1 11 11 
    13 | 12 12  1  1  1  1  1 11 11 
    14 |  . 13 13 13 13 13 13 13 13 
    15 |  . 13 13 13 13 13 13 13 13 
    16 | 10 13 13 13 13 13 13 13 13 
    17 |  9 13 13 13 13 13 13 13 13 
    18 |  8 13 13 13 13 13 13 13 13 
    19 |  7 13 13 13 13 13 13 13 13 
    20 |  6 13 13 13 13 13 13 13 13 
    21 |  5 13 13 13 13 13 13 13 13 
    
    Boxes' corners:       (w,l)
        Box  1 is at 
            top left     (2,11)
            bottom right (6,13)
    
        Box  2 is at 
            top left     (2,0)
            bottom right (6,2)
    
        Box  3 is at 
            top left     (6,8)
            bottom right (8,10)
    
        Box  4 is at 
            top left     (3,8)
            bottom right (5,10)
    
        Box  5 is at 
            top left     (0,21)
            bottom right (0,21)
    
        Box  6 is at 
            top left     (0,20)
            bottom right (0,20)
    
        Box  7 is at 
            top left     (0,19)
            bottom right (0,19)
    
        Box  8 is at 
            top left     (0,18)
            bottom right (0,18)
    
        Box  9 is at 
            top left     (0,17)
            bottom right (0,17)
    
        Box 10 is at 
            top left     (0,16)
            bottom right (0,16)
    
        Box 11 is at 
            top left     (7,12)
            bottom right (8,13)
    
        Box 12 is at 
            top left     (0,12)
            bottom right (1,13)
    
        Box 13 is at 
            top left     (1,14)
            bottom right (8,21)
    
        Roll length used: 22

    [1;34mTry max length:[0m 21
    [1;34m    At iteration:[0m 13
        lingeling found a solution in .981 ms

       | W
     L |  0  1  2  3  4  5  6  7  8 
    -------------------------------
     0 |  .  .  1  1  1  1  1  .  . 
     1 |  .  .  1  1  1  1  1  .  . 
     2 |  .  .  1  1  1  1  1  .  . 
     3 |  .  .  .  4  4  4  3  3  3 
     4 |  .  .  .  4  4  4  3  3  3 
     5 |  .  .  .  4  4  4  3  3  3 
     6 |  . 13 13 13 13 13 13 13 13 
     7 |  . 13 13 13 13 13 13 13 13 
     8 |  . 13 13 13 13 13 13 13 13 
     9 |  . 13 13 13 13 13 13 13 13 
    10 |  . 13 13 13 13 13 13 13 13 
    11 |  . 13 13 13 13 13 13 13 13 
    12 |  . 13 13 13 13 13 13 13 13 
    13 |  . 13 13 13 13 13 13 13 13 
    14 |  .  .  .  .  .  .  .  .  . 
    15 | 10  .  .  .  .  .  .  .  . 
    16 |  9  .  2  2  2  2  2  .  . 
    17 |  8  .  2  2  2  2  2  .  . 
    18 |  7  .  2  2  2  2  2  .  . 
    19 |  6  .  .  .  . 12 12 11 11 
    20 |  5  .  .  .  . 12 12 11 11 
    
    Boxes' corners:       (w,l)
        Box  1 is at 
            top left     (2,0)
            bottom right (6,2)
    
        Box  2 is at 
            top left     (2,16)
            bottom right (6,18)
    
        Box  3 is at 
            top left     (6,3)
            bottom right (8,5)
    
        Box  4 is at 
            top left     (3,3)
            bottom right (5,5)
    
        Box  5 is at 
            top left     (0,20)
            bottom right (0,20)
    
        Box  6 is at 
            top left     (0,19)
            bottom right (0,19)
    
        Box  7 is at 
            top left     (0,18)
            bottom right (0,18)
    
        Box  8 is at 
            top left     (0,17)
            bottom right (0,17)
    
        Box  9 is at 
            top left     (0,16)
            bottom right (0,16)
    
        Box 10 is at 
            top left     (0,15)
            bottom right (0,15)
    
        Box 11 is at 
            top left     (7,19)
            bottom right (8,20)
    
        Box 12 is at 
            top left     (5,19)
            bottom right (6,20)
    
        Box 13 is at 
            top left     (1,6)
            bottom right (8,13)
    
        Roll length used: 21

    [1;34mTry max length:[0m 20
    [1;34m    At iteration:[0m 14
        lingeling found a solution in .896 ms

       | W
     L |  0  1  2  3  4  5  6  7 8 
    ------------------------------
     0 |  .  .  1  1  1  1  1  . . 
     1 |  .  .  1  1  1  1  1  . . 
     2 |  .  .  1  1  1  1  1  . . 
     3 | 13 13 13 13 13 13 13 13 . 
     4 | 13 13 13 13 13 13 13 13 . 
     5 | 13 13 13 13 13 13 13 13 . 
     6 | 13 13 13 13 13 13 13 13 . 
     7 | 13 13 13 13 13 13 13 13 . 
     8 | 13 13 13 13 13 13 13 13 . 
     9 | 13 13 13 13 13 13 13 13 . 
    10 | 13 13 13 13 13 13 13 13 . 
    11 |  .  .  .  .  .  .  .  . . 
    12 |  .  .  .  .  .  .  .  . . 
    13 |  .  .  .  .  .  .  .  . . 
    14 |  .  .  .  .  .  .  4  4 4 
    15 |  . 10 12 12 11 11  4  4 4 
    16 |  9  8 12 12 11 11  4  4 4 
    17 |  7  3  3  3  2  2  2  2 2 
    18 |  6  3  3  3  2  2  2  2 2 
    19 |  5  3  3  3  2  2  2  2 2 
    
    Boxes' corners:       (w,l)
        Box  1 is at 
            top left     (2,0)
            bottom right (6,2)
    
        Box  2 is at 
            top left     (4,17)
            bottom right (8,19)
    
        Box  3 is at 
            top left     (1,17)
            bottom right (3,19)
    
        Box  4 is at 
            top left     (6,14)
            bottom right (8,16)
    
        Box  5 is at 
            top left     (0,19)
            bottom right (0,19)
    
        Box  6 is at 
            top left     (0,18)
            bottom right (0,18)
    
        Box  7 is at 
            top left     (0,17)
            bottom right (0,17)
    
        Box  8 is at 
            top left     (1,16)
            bottom right (1,16)
    
        Box  9 is at 
            top left     (0,16)
            bottom right (0,16)
    
        Box 10 is at 
            top left     (1,15)
            bottom right (1,15)
    
        Box 11 is at 
            top left     (4,15)
            bottom right (5,16)
    
        Box 12 is at 
            top left     (2,15)
            bottom right (3,16)
    
        Box 13 is at 
            top left     (0,3)
            bottom right (7,10)
    
        Roll length used: 20

    [1;34mTry max length:[0m 19
    [1;34m    At iteration:[0m 15
        lingeling found a solution in .814 ms

       | W
     L |  0  1  2  3  4  5  6  7  8 
    -------------------------------
     0 |  .  .  1  1  1  1  1  .  . 
     1 |  .  .  1  1  1  1  1  .  . 
     2 |  .  .  1  1  1  1  1  .  . 
     3 |  .  .  .  .  .  .  .  .  . 
     4 |  .  .  .  .  .  .  .  .  . 
     5 |  .  . 12 12 11 11  4  4  4 
     6 |  .  . 12 12 11 11  4  4  4 
     7 |  2  2  2  2  2  .  4  4  4 
     8 |  2  2  2  2  2  .  3  3  3 
     9 |  2  2  2  2  2  .  3  3  3 
    10 |  .  .  .  .  .  .  3  3  3 
    11 | 13 13 13 13 13 13 13 13  . 
    12 | 13 13 13 13 13 13 13 13  . 
    13 | 13 13 13 13 13 13 13 13 10 
    14 | 13 13 13 13 13 13 13 13  9 
    15 | 13 13 13 13 13 13 13 13  8 
    16 | 13 13 13 13 13 13 13 13  7 
    17 | 13 13 13 13 13 13 13 13  6 
    18 | 13 13 13 13 13 13 13 13  5 
    
    Boxes' corners:       (w,l)
        Box  1 is at 
            top left     (2,0)
            bottom right (6,2)
    
        Box  2 is at 
            top left     (0,7)
            bottom right (4,9)
    
        Box  3 is at 
            top left     (6,8)
            bottom right (8,10)
    
        Box  4 is at 
            top left     (6,5)
            bottom right (8,7)
    
        Box  5 is at 
            top left     (8,18)
            bottom right (8,18)
    
        Box  6 is at 
            top left     (8,17)
            bottom right (8,17)
    
        Box  7 is at 
            top left     (8,16)
            bottom right (8,16)
    
        Box  8 is at 
            top left     (8,15)
            bottom right (8,15)
    
        Box  9 is at 
            top left     (8,14)
            bottom right (8,14)
    
        Box 10 is at 
            top left     (8,13)
            bottom right (8,13)
    
        Box 11 is at 
            top left     (4,5)
            bottom right (5,6)
    
        Box 12 is at 
            top left     (2,5)
            bottom right (3,6)
    
        Box 13 is at 
            top left     (0,11)
            bottom right (7,18)
    
        Roll length used: 19

    [1;34mTry max length:[0m 18
    [1;34m    At iteration:[0m 16
        lingeling found a solution in .797 ms

       | W
     L |  0  1  2  3  4  5  6  7 8 
    ------------------------------
     0 |  1  1  1  1  1  .  .  . . 
     1 |  1  1  1  1  1  .  .  . . 
     2 |  1  1  1  1  1  .  .  . . 
     3 |  2  2  2  2  2  .  .  . . 
     4 |  2  2  2  2  2 12 12  . . 
     5 |  2  2  2  2  2 12 12  . . 
     6 |  .  .  .  4  4  4  3  3 3 
     7 | 11 11  .  4  4  4  3  3 3 
     8 | 11 11  .  4  4  4  3  3 3 
     9 | 13 13 13 13 13 13 13 13 . 
    10 | 13 13 13 13 13 13 13 13 . 
    11 | 13 13 13 13 13 13 13 13 . 
    12 | 13 13 13 13 13 13 13 13 . 
    13 | 13 13 13 13 13 13 13 13 . 
    14 | 13 13 13 13 13 13 13 13 . 
    15 | 13 13 13 13 13 13 13 13 . 
    16 | 13 13 13 13 13 13 13 13 . 
    17 |  .  .  . 10  9  8  7  6 5 
    
    Boxes' corners:       (w,l)
        Box  1 is at 
            top left     (0,0)
            bottom right (4,2)
    
        Box  2 is at 
            top left     (0,3)
            bottom right (4,5)
    
        Box  3 is at 
            top left     (6,6)
            bottom right (8,8)
    
        Box  4 is at 
            top left     (3,6)
            bottom right (5,8)
    
        Box  5 is at 
            top left     (8,17)
            bottom right (8,17)
    
        Box  6 is at 
            top left     (7,17)
            bottom right (7,17)
    
        Box  7 is at 
            top left     (6,17)
            bottom right (6,17)
    
        Box  8 is at 
            top left     (5,17)
            bottom right (5,17)
    
        Box  9 is at 
            top left     (4,17)
            bottom right (4,17)
    
        Box 10 is at 
            top left     (3,17)
            bottom right (3,17)
    
        Box 11 is at 
            top left     (0,7)
            bottom right (1,8)
    
        Box 12 is at 
            top left     (5,4)
            bottom right (6,5)
    
        Box 13 is at 
            top left     (0,9)
            bottom right (7,16)
    
        Roll length used: 18

    [1;34mTry max length:[0m 17
    [1;34m    At iteration:[0m 17
        lingeling found a solution in .846 ms

       | W
     L |  0  1  2  3  4  5  6  7  8 
    -------------------------------
     0 |  .  .  1  1  1  1  1  .  . 
     1 |  .  .  1  1  1  1  1  .  . 
     2 |  .  .  1  1  1  1  1  .  . 
     3 |  .  .  .  .  .  .  4  4  4 
     4 |  .  . 12 12 11 11  4  4  4 
     5 |  .  . 12 12 11 11  4  4  4 
     6 |  3  3  3  .  2  2  2  2  2 
     7 |  3  3  3  .  2  2  2  2  2 
     8 |  3  3  3  .  2  2  2  2  2 
     9 | 13 13 13 13 13 13 13 13  . 
    10 | 13 13 13 13 13 13 13 13  . 
    11 | 13 13 13 13 13 13 13 13 10 
    12 | 13 13 13 13 13 13 13 13  9 
    13 | 13 13 13 13 13 13 13 13  8 
    14 | 13 13 13 13 13 13 13 13  7 
    15 | 13 13 13 13 13 13 13 13  6 
    16 | 13 13 13 13 13 13 13 13  5 
    
    Boxes' corners:       (w,l)
        Box  1 is at 
            top left     (2,0)
            bottom right (6,2)
    
        Box  2 is at 
            top left     (4,6)
            bottom right (8,8)
    
        Box  3 is at 
            top left     (0,6)
            bottom right (2,8)
    
        Box  4 is at 
            top left     (6,3)
            bottom right (8,5)
    
        Box  5 is at 
            top left     (8,16)
            bottom right (8,16)
    
        Box  6 is at 
            top left     (8,15)
            bottom right (8,15)
    
        Box  7 is at 
            top left     (8,14)
            bottom right (8,14)
    
        Box  8 is at 
            top left     (8,13)
            bottom right (8,13)
    
        Box  9 is at 
            top left     (8,12)
            bottom right (8,12)
    
        Box 10 is at 
            top left     (8,11)
            bottom right (8,11)
    
        Box 11 is at 
            top left     (4,4)
            bottom right (5,5)
    
        Box 12 is at 
            top left     (2,4)
            bottom right (3,5)
    
        Box 13 is at 
            top left     (0,9)
            bottom right (7,16)
    
        Roll length used: 17

    [1;34mTry max length:[0m 16
    [1;34m    At iteration:[0m 18
        lingeling found a solution in .702 ms

       | W
     L |  0  1  2  3  4  5  6  7  8 
    -------------------------------
     0 |  . 13 13 13 13 13 13 13 13 
     1 |  . 13 13 13 13 13 13 13 13 
     2 |  . 13 13 13 13 13 13 13 13 
     3 |  . 13 13 13 13 13 13 13 13 
     4 |  . 13 13 13 13 13 13 13 13 
     5 |  . 13 13 13 13 13 13 13 13 
     6 |  . 13 13 13 13 13 13 13 13 
     7 |  8 13 13 13 13 13 13 13 13 
     8 |  4  4  4  7  1  1  1  1  1 
     9 |  4  4  4  6  1  1  1  1  1 
    10 |  4  4  4 10  1  1  1  1  1 
    11 | 12 12 11 11  .  .  .  5  9 
    12 | 12 12 11 11  .  .  .  .  . 
    13 |  .  2  2  2  2  2  3  3  3 
    14 |  .  2  2  2  2  2  3  3  3 
    15 |  .  2  2  2  2  2  3  3  3 
    
    Boxes' corners:       (w,l)
        Box  1 is at 
            top left     (4,8)
            bottom right (8,10)
    
        Box  2 is at 
            top left     (1,13)
            bottom right (5,15)
    
        Box  3 is at 
            top left     (6,13)
            bottom right (8,15)
    
        Box  4 is at 
            top left     (0,8)
            bottom right (2,10)
    
        Box  5 is at 
            top left     (7,11)
            bottom right (7,11)
    
        Box  6 is at 
            top left     (3,9)
            bottom right (3,9)
    
        Box  7 is at 
            top left     (3,8)
            bottom right (3,8)
    
        Box  8 is at 
            top left     (0,7)
            bottom right (0,7)
    
        Box  9 is at 
            top left     (8,11)
            bottom right (8,11)
    
        Box 10 is at 
            top left     (3,10)
            bottom right (3,10)
    
        Box 11 is at 
            top left     (2,11)
            bottom right (3,12)
    
        Box 12 is at 
            top left     (0,11)
            bottom right (1,12)
    
        Box 13 is at 
            top left     (1,0)
            bottom right (8,7)
    
        Roll length used: 16

    [1;34mTry max length:[0m 15
    [1;34m    At iteration:[0m 19
        lingeling found a solution in .675 ms

       | W
     L |  0  1  2  3  4  5  6  7  8 
    -------------------------------
     0 | 11 11 12 12  2  2  2  2  2 
     1 | 11 11 12 12  2  2  2  2  2 
     2 |  1  1  1  .  2  2  2  2  2 
     3 |  1  1  1  4  4  4  3  3  3 
     4 |  1  1  1  4  4  4  3  3  3 
     5 |  1  1  1  4  4  4  3  3  3 
     6 |  1  1  1  5  .  .  .  8  9 
     7 | 13 13 13 13 13 13 13 13  7 
     8 | 13 13 13 13 13 13 13 13  . 
     9 | 13 13 13 13 13 13 13 13  . 
    10 | 13 13 13 13 13 13 13 13  6 
    11 | 13 13 13 13 13 13 13 13  . 
    12 | 13 13 13 13 13 13 13 13  . 
    13 | 13 13 13 13 13 13 13 13  . 
    14 | 13 13 13 13 13 13 13 13 10 
    
    Boxes' corners:       (w,l)
        Box  1 is at 
            top left     (0,2)
            bottom right (2,6)
    
        Box  2 is at 
            top left     (4,0)
            bottom right (8,2)
    
        Box  3 is at 
            top left     (6,3)
            bottom right (8,5)
    
        Box  4 is at 
            top left     (3,3)
            bottom right (5,5)
    
        Box  5 is at 
            top left     (3,6)
            bottom right (3,6)
    
        Box  6 is at 
            top left     (8,10)
            bottom right (8,10)
    
        Box  7 is at 
            top left     (8,7)
            bottom right (8,7)
    
        Box  8 is at 
            top left     (7,6)
            bottom right (7,6)
    
        Box  9 is at 
            top left     (8,6)
            bottom right (8,6)
    
        Box 10 is at 
            top left     (8,14)
            bottom right (8,14)
    
        Box 11 is at 
            top left     (0,0)
            bottom right (1,1)
    
        Box 12 is at 
            top left     (2,0)
            bottom right (3,1)
    
        Box 13 is at 
            top left     (0,7)
            bottom right (7,14)
    
        Roll length used: 15

    [1;34mTry max length:[0m 14
    [1;34m    At iteration:[0m 20
        [3;31mlingeling determined unsatisfiability of the Boolean formula[0m
        [1;32mOptimality reached![0m
