dc jun 6 20:31:24 CEST 2018
    [1;34mTry max length:[0m 999999
    [1;34m    At iteration:[0m 0
        lingeling found a solution in .483 ms

       | W
     L |  0  1  2  3 
    ----------------
     0 |  8  8  8  . 
     1 |  8  8  8  . 
     2 |  .  .  .  . 
     3 |  . 10 10 10 
     4 |  . 10 10 10 
     5 |  .  .  .  . 
     6 |  .  .  .  . 
     7 |  1  1  2  2 
     8 |  1  1  2  2 
     9 |  .  .  .  . 
    10 |  .  .  .  . 
    11 |  .  .  .  . 
    12 |  .  .  .  . 
    13 |  .  .  .  . 
    14 |  .  .  .  . 
    15 |  .  .  .  . 
    16 |  .  .  .  . 
    17 |  7  .  .  . 
    18 |  7  .  .  6 
    19 |  5  .  .  6 
    20 |  5  .  3  4 
    21 | 11 11 11  4 
    22 | 11 11 11  . 
    23 |  9  9  9  . 
    24 |  9  9  9  . 
    
    Boxes' corners:       (w,l)
        Box  1 is at 
            top left     (0,7)
            bottom right (1,8)
    
        Box  2 is at 
            top left     (2,7)
            bottom right (3,8)
    
        Box  3 is at 
            top left     (2,20)
            bottom right (2,20)
    
        Box  4 is at 
            top left     (3,20)
            bottom right (3,21)
    
        Box  5 is at 
            top left     (0,19)
            bottom right (0,20)
    
        Box  6 is at 
            top left     (3,18)
            bottom right (3,19)
    
        Box  7 is at 
            top left     (0,17)
            bottom right (0,18)
    
        Box  8 is at 
            top left     (0,0)
            bottom right (2,1)
    
        Box  9 is at 
            top left     (0,23)
            bottom right (2,24)
    
        Box 10 is at 
            top left     (1,3)
            bottom right (3,4)
    
        Box 11 is at 
            top left     (0,21)
            bottom right (2,22)
    
        Roll length used: 25

    [1;34mTry max length:[0m 24
    [1;34m    At iteration:[0m 1
        lingeling found a solution in .413 ms

       | W
     L |  0  1  2  3 
    ----------------
     0 |  . 10 10 10 
     1 |  . 10 10 10 
     2 |  .  .  4  4 
     3 |  .  .  .  . 
     4 |  .  .  .  . 
     5 |  .  .  .  . 
     6 |  .  9  9  9 
     7 |  .  9  9  9 
     8 |  1  1  .  . 
     9 |  1  1  8  8 
    10 |  .  .  8  8 
    11 |  .  .  8  8 
    12 |  .  .  .  . 
    13 |  7  .  .  . 
    14 |  7  .  .  . 
    15 |  6  .  .  . 
    16 |  6  .  .  . 
    17 |  5  .  .  . 
    18 |  5  .  .  . 
    19 |  2  2  .  . 
    20 |  2  2  .  . 
    21 | 11 11 11  . 
    22 | 11 11 11  . 
    23 |  .  3  .  . 
    
    Boxes' corners:       (w,l)
        Box  1 is at 
            top left     (0,8)
            bottom right (1,9)
    
        Box  2 is at 
            top left     (0,19)
            bottom right (1,20)
    
        Box  3 is at 
            top left     (1,23)
            bottom right (1,23)
    
        Box  4 is at 
            top left     (2,2)
            bottom right (3,2)
    
        Box  5 is at 
            top left     (0,17)
            bottom right (0,18)
    
        Box  6 is at 
            top left     (0,15)
            bottom right (0,16)
    
        Box  7 is at 
            top left     (0,13)
            bottom right (0,14)
    
        Box  8 is at 
            top left     (2,9)
            bottom right (3,11)
    
        Box  9 is at 
            top left     (1,6)
            bottom right (3,7)
    
        Box 10 is at 
            top left     (1,0)
            bottom right (3,1)
    
        Box 11 is at 
            top left     (0,21)
            bottom right (2,22)
    
        Roll length used: 24

    [1;34mTry max length:[0m 23
    [1;34m    At iteration:[0m 2
        lingeling found a solution in .420 ms

       | W
     L |  0  1  2  3 
    ----------------
     0 |  . 10 10 10 
     1 |  . 10 10 10 
     2 |  .  .  .  . 
     3 |  .  2  2  . 
     4 |  7  2  2  . 
     5 |  7  .  .  . 
     6 |  4  4  .  . 
     7 |  .  .  .  . 
     8 |  1  1  .  . 
     9 |  1  1  .  . 
    10 | 11 11 11  . 
    11 | 11 11 11  . 
    12 |  .  .  .  . 
    13 |  9  9  9  . 
    14 |  9  9  9  . 
    15 |  .  .  .  . 
    16 |  6  .  .  . 
    17 |  6  .  .  . 
    18 |  5  .  .  . 
    19 |  5  .  .  . 
    20 |  .  .  .  3 
    21 |  8  8  8  . 
    22 |  8  8  8  . 
    
    Boxes' corners:       (w,l)
        Box  1 is at 
            top left     (0,8)
            bottom right (1,9)
    
        Box  2 is at 
            top left     (1,3)
            bottom right (2,4)
    
        Box  3 is at 
            top left     (3,20)
            bottom right (3,20)
    
        Box  4 is at 
            top left     (0,6)
            bottom right (1,6)
    
        Box  5 is at 
            top left     (0,18)
            bottom right (0,19)
    
        Box  6 is at 
            top left     (0,16)
            bottom right (0,17)
    
        Box  7 is at 
            top left     (0,4)
            bottom right (0,5)
    
        Box  8 is at 
            top left     (0,21)
            bottom right (2,22)
    
        Box  9 is at 
            top left     (0,13)
            bottom right (2,14)
    
        Box 10 is at 
            top left     (1,0)
            bottom right (3,1)
    
        Box 11 is at 
            top left     (0,10)
            bottom right (2,11)
    
        Roll length used: 23

    [1;34mTry max length:[0m 22
    [1;34m    At iteration:[0m 3
        lingeling found a solution in .389 ms

       | W
     L |  0  1  2  3 
    ----------------
     0 |  9  9  9  . 
     1 |  9  9  9  . 
     2 |  . 11 11 11 
     3 |  . 11 11 11 
     4 |  1  1  .  . 
     5 |  1  1  .  . 
     6 |  .  2  2  . 
     7 |  .  2  2  . 
     8 |  .  .  .  . 
     9 |  .  .  .  . 
    10 |  .  .  .  . 
    11 |  6  8  8  8 
    12 |  6  8  8  8 
    13 |  .  .  .  3 
    14 |  .  .  .  . 
    15 |  7  7  .  . 
    16 |  .  .  .  . 
    17 |  .  .  .  5 
    18 |  4  .  .  5 
    19 |  4  .  .  . 
    20 | 10 10 10  . 
    21 | 10 10 10  . 
    
    Boxes' corners:       (w,l)
        Box  1 is at 
            top left     (0,4)
            bottom right (1,5)
    
        Box  2 is at 
            top left     (1,6)
            bottom right (2,7)
    
        Box  3 is at 
            top left     (3,13)
            bottom right (3,13)
    
        Box  4 is at 
            top left     (0,18)
            bottom right (0,19)
    
        Box  5 is at 
            top left     (3,17)
            bottom right (3,18)
    
        Box  6 is at 
            top left     (0,11)
            bottom right (0,12)
    
        Box  7 is at 
            top left     (0,15)
            bottom right (1,15)
    
        Box  8 is at 
            top left     (1,11)
            bottom right (3,12)
    
        Box  9 is at 
            top left     (0,0)
            bottom right (2,1)
    
        Box 10 is at 
            top left     (0,20)
            bottom right (2,21)
    
        Box 11 is at 
            top left     (1,2)
            bottom right (3,3)
    
        Roll length used: 22

    [1;34mTry max length:[0m 21
    [1;34m    At iteration:[0m 4
        lingeling found a solution in .708 ms

       | W
     L | 0  1  2  3 
    ---------------
     0 | .  9  9  9 
     1 | .  9  9  9 
     2 | .  .  .  . 
     3 | .  .  .  . 
     4 | .  1  1  . 
     5 | .  1  1  . 
     6 | .  .  .  . 
     7 | .  .  .  . 
     8 | .  .  .  . 
     9 | .  .  .  . 
    10 | .  2  2  . 
    11 | .  2  2  . 
    12 | 7 11 11 11 
    13 | 7 11 11 11 
    14 | 6  .  .  . 
    15 | 6 10 10 10 
    16 | 5 10 10 10 
    17 | 5  .  .  . 
    18 | .  .  .  3 
    19 | 4  8  8  8 
    20 | 4  8  8  8 
    
    Boxes' corners:       (w,l)
        Box  1 is at 
            top left     (1,4)
            bottom right (2,5)
    
        Box  2 is at 
            top left     (1,10)
            bottom right (2,11)
    
        Box  3 is at 
            top left     (3,18)
            bottom right (3,18)
    
        Box  4 is at 
            top left     (0,19)
            bottom right (0,20)
    
        Box  5 is at 
            top left     (0,16)
            bottom right (0,17)
    
        Box  6 is at 
            top left     (0,14)
            bottom right (0,15)
    
        Box  7 is at 
            top left     (0,12)
            bottom right (0,13)
    
        Box  8 is at 
            top left     (1,19)
            bottom right (3,20)
    
        Box  9 is at 
            top left     (1,0)
            bottom right (3,1)
    
        Box 10 is at 
            top left     (1,15)
            bottom right (3,16)
    
        Box 11 is at 
            top left     (1,12)
            bottom right (3,13)
    
        Roll length used: 21

    [1;34mTry max length:[0m 20
    [1;34m    At iteration:[0m 5
        lingeling found a solution in .379 ms

       | W
     L |  0  1  2  3 
    ----------------
     0 |  8  8  8  . 
     1 |  8  8  8  . 
     2 |  . 10 10 10 
     3 |  . 10 10 10 
     4 |  .  .  .  . 
     5 |  .  .  .  . 
     6 |  1  1  2  2 
     7 |  1  1  2  2 
     8 | 11 11 11  . 
     9 | 11 11 11  . 
    10 |  .  .  .  . 
    11 |  .  .  .  . 
    12 |  .  .  .  . 
    13 |  .  .  .  . 
    14 |  .  .  .  7 
    15 |  3  .  .  7 
    16 |  6  .  .  5 
    17 |  6  .  .  5 
    18 |  4  9  9  9 
    19 |  4  9  9  9 
    
    Boxes' corners:       (w,l)
        Box  1 is at 
            top left     (0,6)
            bottom right (1,7)
    
        Box  2 is at 
            top left     (2,6)
            bottom right (3,7)
    
        Box  3 is at 
            top left     (0,15)
            bottom right (0,15)
    
        Box  4 is at 
            top left     (0,18)
            bottom right (0,19)
    
        Box  5 is at 
            top left     (3,16)
            bottom right (3,17)
    
        Box  6 is at 
            top left     (0,16)
            bottom right (0,17)
    
        Box  7 is at 
            top left     (3,14)
            bottom right (3,15)
    
        Box  8 is at 
            top left     (0,0)
            bottom right (2,1)
    
        Box  9 is at 
            top left     (1,18)
            bottom right (3,19)
    
        Box 10 is at 
            top left     (1,2)
            bottom right (3,3)
    
        Box 11 is at 
            top left     (0,8)
            bottom right (2,9)
    
        Roll length used: 20

    [1;34mTry max length:[0m 19
    [1;34m    At iteration:[0m 6
        lingeling found a solution in .355 ms

       | W
     L |  0  1  2  3 
    ----------------
     0 | 10 10 10  . 
     1 | 10 10 10  . 
     2 |  .  2  2  . 
     3 |  .  2  2  . 
     4 |  .  .  .  . 
     5 |  .  .  .  . 
     6 |  1  1  .  4 
     7 |  1  1  .  4 
     8 |  .  . 11 11 
     9 |  .  . 11 11 
    10 |  5  . 11 11 
    11 |  5  .  .  . 
    12 |  .  8  8  8 
    13 |  7  8  8  8 
    14 |  7  .  .  . 
    15 |  6  .  .  . 
    16 |  6  .  .  . 
    17 |  9  9  9  . 
    18 |  9  9  9  3 
    
    Boxes' corners:       (w,l)
        Box  1 is at 
            top left     (0,6)
            bottom right (1,7)
    
        Box  2 is at 
            top left     (1,2)
            bottom right (2,3)
    
        Box  3 is at 
            top left     (3,18)
            bottom right (3,18)
    
        Box  4 is at 
            top left     (3,6)
            bottom right (3,7)
    
        Box  5 is at 
            top left     (0,10)
            bottom right (0,11)
    
        Box  6 is at 
            top left     (0,15)
            bottom right (0,16)
    
        Box  7 is at 
            top left     (0,13)
            bottom right (0,14)
    
        Box  8 is at 
            top left     (1,12)
            bottom right (3,13)
    
        Box  9 is at 
            top left     (0,17)
            bottom right (2,18)
    
        Box 10 is at 
            top left     (0,0)
            bottom right (2,1)
    
        Box 11 is at 
            top left     (2,8)
            bottom right (3,10)
    
        Roll length used: 19

    [1;34mTry max length:[0m 18
    [1;34m    At iteration:[0m 7
        lingeling found a solution in .341 ms

       | W
     L |  0  1  2  3 
    ----------------
     0 |  7  8  8  8 
     1 |  7  8  8  8 
     2 |  9  9  9  . 
     3 |  9  9  9  4 
     4 |  2  2  .  4 
     5 |  2  2  .  . 
     6 |  .  .  .  . 
     7 |  6  6  .  . 
     8 |  1  1  .  . 
     9 |  1  1  .  . 
    10 |  5  .  .  . 
    11 |  5  .  .  . 
    12 | 11 11 11  . 
    13 | 11 11 11  . 
    14 |  .  .  .  . 
    15 |  .  .  .  . 
    16 |  . 10 10 10 
    17 |  3 10 10 10 
    
    Boxes' corners:       (w,l)
        Box  1 is at 
            top left     (0,8)
            bottom right (1,9)
    
        Box  2 is at 
            top left     (0,4)
            bottom right (1,5)
    
        Box  3 is at 
            top left     (0,17)
            bottom right (0,17)
    
        Box  4 is at 
            top left     (3,3)
            bottom right (3,4)
    
        Box  5 is at 
            top left     (0,10)
            bottom right (0,11)
    
        Box  6 is at 
            top left     (0,7)
            bottom right (1,7)
    
        Box  7 is at 
            top left     (0,0)
            bottom right (0,1)
    
        Box  8 is at 
            top left     (1,0)
            bottom right (3,1)
    
        Box  9 is at 
            top left     (0,2)
            bottom right (2,3)
    
        Box 10 is at 
            top left     (1,16)
            bottom right (3,17)
    
        Box 11 is at 
            top left     (0,12)
            bottom right (2,13)
    
        Roll length used: 18

    [1;34mTry max length:[0m 17
    [1;34m    At iteration:[0m 8
        lingeling found a solution in .317 ms

       | W
     L |  0  1  2 3 
    ---------------
     0 |  5  9  9 9 
     1 |  5  9  9 9 
     2 |  8  8  8 . 
     3 |  8  8  8 . 
     4 |  .  1  1 . 
     5 |  .  1  1 . 
     6 |  4  4  . . 
     7 |  .  .  . . 
     8 | 11 11 11 . 
     9 | 11 11 11 . 
    10 |  .  .  . . 
    11 |  .  .  . . 
    12 |  7  3  2 2 
    13 |  7  .  2 2 
    14 | 10 10 10 . 
    15 | 10 10 10 . 
    16 |  6  6  . . 
    
    Boxes' corners:       (w,l)
        Box  1 is at 
            top left     (1,4)
            bottom right (2,5)
    
        Box  2 is at 
            top left     (2,12)
            bottom right (3,13)
    
        Box  3 is at 
            top left     (1,12)
            bottom right (1,12)
    
        Box  4 is at 
            top left     (0,6)
            bottom right (1,6)
    
        Box  5 is at 
            top left     (0,0)
            bottom right (0,1)
    
        Box  6 is at 
            top left     (0,16)
            bottom right (1,16)
    
        Box  7 is at 
            top left     (0,12)
            bottom right (0,13)
    
        Box  8 is at 
            top left     (0,2)
            bottom right (2,3)
    
        Box  9 is at 
            top left     (1,0)
            bottom right (3,1)
    
        Box 10 is at 
            top left     (0,14)
            bottom right (2,15)
    
        Box 11 is at 
            top left     (0,8)
            bottom right (2,9)
    
        Roll length used: 17

    [1;34mTry max length:[0m 16
    [1;34m    At iteration:[0m 9
        lingeling found a solution in .400 ms

       | W
     L | 0  1  2  3 
    ---------------
     0 | 9  9  9  3 
     1 | 9  9  9  . 
     2 | .  . 11 11 
     3 | .  . 11 11 
     4 | .  . 11 11 
     5 | 6  6  .  . 
     6 | .  1  1  . 
     7 | .  1  1  . 
     8 | 8  8  8  . 
     9 | 8  8  8  . 
    10 | 7  .  .  4 
    11 | 7  .  .  4 
    12 | 5  .  2  2 
    13 | 5  .  2  2 
    14 | . 10 10 10 
    15 | . 10 10 10 
    
    Boxes' corners:       (w,l)
        Box  1 is at 
            top left     (1,6)
            bottom right (2,7)
    
        Box  2 is at 
            top left     (2,12)
            bottom right (3,13)
    
        Box  3 is at 
            top left     (3,0)
            bottom right (3,0)
    
        Box  4 is at 
            top left     (3,10)
            bottom right (3,11)
    
        Box  5 is at 
            top left     (0,12)
            bottom right (0,13)
    
        Box  6 is at 
            top left     (0,5)
            bottom right (1,5)
    
        Box  7 is at 
            top left     (0,10)
            bottom right (0,11)
    
        Box  8 is at 
            top left     (0,8)
            bottom right (2,9)
    
        Box  9 is at 
            top left     (0,0)
            bottom right (2,1)
    
        Box 10 is at 
            top left     (1,14)
            bottom right (3,15)
    
        Box 11 is at 
            top left     (2,2)
            bottom right (3,4)
    
        Roll length used: 16

    [1;34mTry max length:[0m 15
    [1;34m    At iteration:[0m 10
        lingeling found a solution in .262 ms

       | W
     L |  0  1  2 3 
    ---------------
     0 | 10 10 10 . 
     1 | 10 10 10 . 
     2 |  .  .  . . 
     3 |  2  2  . . 
     4 |  2  2  . . 
     5 |  4  4  . . 
     6 |  .  1  1 7 
     7 |  .  1  1 7 
     8 |  .  8  8 8 
     9 |  .  8  8 8 
    10 |  9  9  9 5 
    11 |  9  9  9 5 
    12 | 11 11 11 . 
    13 | 11 11 11 3 
    14 |  6  6  . . 
    
    Boxes' corners:       (w,l)
        Box  1 is at 
            top left     (1,6)
            bottom right (2,7)
    
        Box  2 is at 
            top left     (0,3)
            bottom right (1,4)
    
        Box  3 is at 
            top left     (3,13)
            bottom right (3,13)
    
        Box  4 is at 
            top left     (0,5)
            bottom right (1,5)
    
        Box  5 is at 
            top left     (3,10)
            bottom right (3,11)
    
        Box  6 is at 
            top left     (0,14)
            bottom right (1,14)
    
        Box  7 is at 
            top left     (3,6)
            bottom right (3,7)
    
        Box  8 is at 
            top left     (1,8)
            bottom right (3,9)
    
        Box  9 is at 
            top left     (0,10)
            bottom right (2,11)
    
        Box 10 is at 
            top left     (0,0)
            bottom right (2,1)
    
        Box 11 is at 
            top left     (0,12)
            bottom right (2,13)
    
        Roll length used: 15

    [1;34mTry max length:[0m 14
    [1;34m    At iteration:[0m 11
        lingeling found a solution in .238 ms

       | W
     L | 0 1  2  3 
    --------------
     0 | . .  .  . 
     1 | . .  .  . 
     2 | 2 2  .  . 
     3 | 2 2  .  6 
     4 | 7 1  1  6 
     5 | 7 1  1  3 
     6 | 4 .  .  5 
     7 | 4 .  .  5 
     8 | 9 9 10 10 
     9 | 9 9 10 10 
    10 | 9 9 10 10 
    11 | 8 8 11 11 
    12 | 8 8 11 11 
    13 | 8 8 11 11 
    
    Boxes' corners:       (w,l)
        Box  1 is at 
            top left     (1,4)
            bottom right (2,5)
    
        Box  2 is at 
            top left     (0,2)
            bottom right (1,3)
    
        Box  3 is at 
            top left     (3,5)
            bottom right (3,5)
    
        Box  4 is at 
            top left     (0,6)
            bottom right (0,7)
    
        Box  5 is at 
            top left     (3,6)
            bottom right (3,7)
    
        Box  6 is at 
            top left     (3,3)
            bottom right (3,4)
    
        Box  7 is at 
            top left     (0,4)
            bottom right (0,5)
    
        Box  8 is at 
            top left     (0,11)
            bottom right (1,13)
    
        Box  9 is at 
            top left     (0,8)
            bottom right (1,10)
    
        Box 10 is at 
            top left     (2,8)
            bottom right (3,10)
    
        Box 11 is at 
            top left     (2,11)
            bottom right (3,13)
    
        Roll length used: 14

    [1;34mTry max length:[0m 13
    [1;34m    At iteration:[0m 12
        lingeling found a solution in .216 ms

       | W
     L | 0 1  2  3 
    --------------
     0 | 6 7  .  . 
     1 | 6 7 11 11 
     2 | 1 1 11 11 
     3 | 1 1 11 11 
     4 | 4 .  .  . 
     5 | 4 .  5  . 
     6 | 8 8  5  . 
     7 | 8 8  2  2 
     8 | 8 8  2  2 
     9 | 9 9 10 10 
    10 | 9 9 10 10 
    11 | 9 9 10 10 
    12 | 3 .  .  . 
    
    Boxes' corners:       (w,l)
        Box  1 is at 
            top left     (0,2)
            bottom right (1,3)
    
        Box  2 is at 
            top left     (2,7)
            bottom right (3,8)
    
        Box  3 is at 
            top left     (0,12)
            bottom right (0,12)
    
        Box  4 is at 
            top left     (0,4)
            bottom right (0,5)
    
        Box  5 is at 
            top left     (2,5)
            bottom right (2,6)
    
        Box  6 is at 
            top left     (0,0)
            bottom right (0,1)
    
        Box  7 is at 
            top left     (1,0)
            bottom right (1,1)
    
        Box  8 is at 
            top left     (0,6)
            bottom right (1,8)
    
        Box  9 is at 
            top left     (0,9)
            bottom right (1,11)
    
        Box 10 is at 
            top left     (2,9)
            bottom right (3,11)
    
        Box 11 is at 
            top left     (2,1)
            bottom right (3,3)
    
        Roll length used: 13

    [1;34mTry max length:[0m 12
    [1;34m    At iteration:[0m 13
        lingeling found a solution in .235 ms

       | W
     L |  0  1  2  3 
    ----------------
     0 |  9  9  9  4 
     1 |  9  9  9  4 
     2 |  .  5  .  6 
     3 |  .  5  .  6 
     4 |  1  1 10 10 
     5 |  1  1 10 10 
     6 |  2  2 10 10 
     7 |  2  2  .  3 
     8 | 11 11 11  7 
     9 | 11 11 11  7 
    10 |  .  8  8  8 
    11 |  .  8  8  8 
    
    Boxes' corners:       (w,l)
        Box  1 is at 
            top left     (0,4)
            bottom right (1,5)
    
        Box  2 is at 
            top left     (0,6)
            bottom right (1,7)
    
        Box  3 is at 
            top left     (3,7)
            bottom right (3,7)
    
        Box  4 is at 
            top left     (3,0)
            bottom right (3,1)
    
        Box  5 is at 
            top left     (1,2)
            bottom right (1,3)
    
        Box  6 is at 
            top left     (3,2)
            bottom right (3,3)
    
        Box  7 is at 
            top left     (3,8)
            bottom right (3,9)
    
        Box  8 is at 
            top left     (1,10)
            bottom right (3,11)
    
        Box  9 is at 
            top left     (0,0)
            bottom right (2,1)
    
        Box 10 is at 
            top left     (2,4)
            bottom right (3,6)
    
        Box 11 is at 
            top left     (0,8)
            bottom right (2,9)
    
        Roll length used: 12

    [1;34mTry max length:[0m 11
    [1;34m    At iteration:[0m 14
        lingeling found a solution in .214 ms

       | W
     L | 0  1  2  3 
    ---------------
     0 | 9  9  8  8 
     1 | 9  9  8  8 
     2 | 9  9  8  8 
     3 | 4 11 11 11 
     4 | 4 11 11 11 
     5 | 7  1  1  . 
     6 | 7  1  1  . 
     7 | 5  6  2  2 
     8 | 5  6  2  2 
     9 | 3 10 10 10 
    10 | . 10 10 10 
    
    Boxes' corners:       (w,l)
        Box  1 is at 
            top left     (1,5)
            bottom right (2,6)
    
        Box  2 is at 
            top left     (2,7)
            bottom right (3,8)
    
        Box  3 is at 
            top left     (0,9)
            bottom right (0,9)
    
        Box  4 is at 
            top left     (0,3)
            bottom right (0,4)
    
        Box  5 is at 
            top left     (0,7)
            bottom right (0,8)
    
        Box  6 is at 
            top left     (1,7)
            bottom right (1,8)
    
        Box  7 is at 
            top left     (0,5)
            bottom right (0,6)
    
        Box  8 is at 
            top left     (2,0)
            bottom right (3,2)
    
        Box  9 is at 
            top left     (0,0)
            bottom right (1,2)
    
        Box 10 is at 
            top left     (1,9)
            bottom right (3,10)
    
        Box 11 is at 
            top left     (1,3)
            bottom right (3,4)
    
        Roll length used: 11

    [1;34mTry max length:[0m 10
    [1;34m    At iteration:[0m 15
        [3;31mlingeling was timeout-terminated[0m
        [1;31mScript reached time limit[0m
