dt jun 5 19:14:52 CEST 2018
    [1;34mTry max length:[0m 999999
    [1;34m    At iteration:[0m 0
        lingeling found a solution in .072 ms

      | W
    L | 0 1 2 3 4 5 6 
    ------------------
    0 | . . . . . 5 . 
    1 | . . . . . . . 
    2 | . . . . . . . 
    3 | . . 1 . . 2 . 
    4 | . . . . . . . 
    5 | . . . . 4 6 6 
    6 | . 3 . . . 6 6 
    
    Boxes' corners:      (w,l)
        Box 1 is at 
            top left     (2,3)
            bottom right (2,3)
    
        Box 2 is at 
            top left     (5,3)
            bottom right (5,3)
    
        Box 3 is at 
            top left     (1,6)
            bottom right (1,6)
    
        Box 4 is at 
            top left     (4,5)
            bottom right (4,5)
    
        Box 5 is at 
            top left     (5,0)
            bottom right (5,0)
    
        Box 6 is at 
            top left     (5,5)
            bottom right (6,6)
    
        Roll length used: 7

    [1;34mTry max length:[0m 6
    [1;34m    At iteration:[0m 1
        lingeling found a solution in .058 ms

      | W
    L | 0 1 2 3 4 5 6 
    ------------------
    0 | . . . . 5 . . 
    1 | . . . . . . . 
    2 | 1 . . . 2 . . 
    3 | . . . . 3 . . 
    4 | . . 6 6 . . . 
    5 | . . 6 6 4 . . 
    
    Boxes' corners:      (w,l)
        Box 1 is at 
            top left     (0,2)
            bottom right (0,2)
    
        Box 2 is at 
            top left     (4,2)
            bottom right (4,2)
    
        Box 3 is at 
            top left     (4,3)
            bottom right (4,3)
    
        Box 4 is at 
            top left     (4,5)
            bottom right (4,5)
    
        Box 5 is at 
            top left     (4,0)
            bottom right (4,0)
    
        Box 6 is at 
            top left     (2,4)
            bottom right (3,5)
    
        Roll length used: 6

    [1;34mTry max length:[0m 5
    [1;34m    At iteration:[0m 2
        lingeling found a solution in .049 ms

      | W
    L | 0 1 2 3 4 5 6 
    ------------------
    0 | . . 1 . . 5 . 
    1 | . . . . 3 . . 
    2 | . . . . . . . 
    3 | . 4 6 6 . 2 . 
    4 | . . 6 6 . . . 
    
    Boxes' corners:      (w,l)
        Box 1 is at 
            top left     (2,0)
            bottom right (2,0)
    
        Box 2 is at 
            top left     (5,3)
            bottom right (5,3)
    
        Box 3 is at 
            top left     (4,1)
            bottom right (4,1)
    
        Box 4 is at 
            top left     (1,3)
            bottom right (1,3)
    
        Box 5 is at 
            top left     (5,0)
            bottom right (5,0)
    
        Box 6 is at 
            top left     (2,3)
            bottom right (3,4)
    
        Roll length used: 5

    [1;34mTry max length:[0m 4
    [1;34m    At iteration:[0m 3
        lingeling found a solution in .036 ms

      | W
    L | 0 1 2 3 4 5 6 
    ------------------
    0 | . . . . . 6 6 
    1 | . . . . . 6 6 
    2 | . . . 1 4 . . 
    3 | 2 . . . 3 5 . 
    
    Boxes' corners:      (w,l)
        Box 1 is at 
            top left     (3,2)
            bottom right (3,2)
    
        Box 2 is at 
            top left     (0,3)
            bottom right (0,3)
    
        Box 3 is at 
            top left     (4,3)
            bottom right (4,3)
    
        Box 4 is at 
            top left     (4,2)
            bottom right (4,2)
    
        Box 5 is at 
            top left     (5,3)
            bottom right (5,3)
    
        Box 6 is at 
            top left     (5,0)
            bottom right (6,1)
    
        Roll length used: 4

    [1;34mTry max length:[0m 3
    [1;34m    At iteration:[0m 4
        lingeling found a solution in .026 ms

      | W
    L | 0 1 2 3 4 5 6 
    ------------------
    0 | 1 . . . 3 4 5 
    1 | . . . . 6 6 . 
    2 | . . 2 . 6 6 . 
    
    Boxes' corners:      (w,l)
        Box 1 is at 
            top left     (0,0)
            bottom right (0,0)
    
        Box 2 is at 
            top left     (2,2)
            bottom right (2,2)
    
        Box 3 is at 
            top left     (4,0)
            bottom right (4,0)
    
        Box 4 is at 
            top left     (5,0)
            bottom right (5,0)
    
        Box 5 is at 
            top left     (6,0)
            bottom right (6,0)
    
        Box 6 is at 
            top left     (4,1)
            bottom right (5,2)
    
        Roll length used: 3

    [1;34mTry max length:[0m 2
    [1;34m    At iteration:[0m 5
        lingeling found a solution in .022 ms

      | W
    L | 0 1 2 3 4 5 6 
    ------------------
    0 | . . 1 . 6 6 2 
    1 | . 4 . 5 6 6 3 
    
    Boxes' corners:      (w,l)
        Box 1 is at 
            top left     (2,0)
            bottom right (2,0)
    
        Box 2 is at 
            top left     (6,0)
            bottom right (6,0)
    
        Box 3 is at 
            top left     (6,1)
            bottom right (6,1)
    
        Box 4 is at 
            top left     (1,1)
            bottom right (1,1)
    
        Box 5 is at 
            top left     (3,1)
            bottom right (3,1)
    
        Box 6 is at 
            top left     (4,0)
            bottom right (5,1)
    
        Roll length used: 2

    [1;34mTry max length:[0m 1
    [1;34m    At iteration:[0m 6
        [3;31mlingeling determined unsatisfiability of the Boolean formula[0m
        [1;32mOptimality reached![0m
