dt jun 5 19:26:15 CEST 2018
    [1;34mTry max length:[0m 999999
    [1;34m    At iteration:[0m 0
        lingeling found a solution in 1.748 ms

       | W
     L | 0 1 2 3 4  5  6  7  8 
    --------------------------
     0 | . . . 1 1  1  1  1  1 
     1 | . . . 1 1  1  1  1  1 
     2 | . . . 2 2  2  2  2  2 
     3 | . . . 2 2  2  2  2  2 
     4 | . . . . .  .  .  .  . 
     5 | . . . . .  .  .  .  . 
     6 | . . . . .  .  .  .  . 
     7 | . . . . .  .  .  .  . 
     8 | . . . . .  .  .  .  . 
     9 | . . . . .  .  .  .  . 
    10 | . . . . .  .  .  .  . 
    11 | . . . . .  .  .  .  . 
    12 | . . . . .  .  .  .  . 
    13 | . . . . .  .  .  .  . 
    14 | . . . . .  .  .  .  . 
    15 | . . . . .  .  .  .  . 
    16 | . . . . .  .  .  .  . 
    17 | . . . . .  .  .  .  . 
    18 | . . . . .  .  .  .  . 
    19 | . . . . .  .  .  .  . 
    20 | . . . . .  .  .  .  . 
    21 | . . . . .  .  .  .  . 
    22 | . . . . .  .  .  .  . 
    23 | . . . . .  .  .  . 10 
    24 | 9 . . . .  .  .  . 10 
    25 | 9 . . . .  .  .  .  8 
    26 | 7 . . . .  .  .  .  8 
    27 | 7 . . . . 11 11 11 11 
    28 | 6 . . 5 5 11 11 11 11 
    29 | 6 4 3 5 5 11 11 11 11 
    
    Boxes' corners:       (w,l)
        Box  1 is at 
            top left     (3,0)
            bottom right (8,1)
    
        Box  2 is at 
            top left     (3,2)
            bottom right (8,3)
    
        Box  3 is at 
            top left     (2,29)
            bottom right (2,29)
    
        Box  4 is at 
            top left     (1,29)
            bottom right (1,29)
    
        Box  5 is at 
            top left     (3,28)
            bottom right (4,29)
    
        Box  6 is at 
            top left     (0,28)
            bottom right (0,29)
    
        Box  7 is at 
            top left     (0,26)
            bottom right (0,27)
    
        Box  8 is at 
            top left     (8,25)
            bottom right (8,26)
    
        Box  9 is at 
            top left     (0,24)
            bottom right (0,25)
    
        Box 10 is at 
            top left     (8,23)
            bottom right (8,24)
    
        Box 11 is at 
            top left     (5,27)
            bottom right (8,29)
    
        Roll length used: 30

    [1;34mTry max length:[0m 29
    [1;34m    At iteration:[0m 1
        lingeling found a solution in 1.619 ms

       | W
     L |  0  1  2  3 4 5 6 7 8 
    --------------------------
     0 |  1  1  1  1 1 1 . . . 
     1 |  1  1  1  1 1 1 . . . 
     2 |  .  2  2  2 2 2 2 . . 
     3 |  .  2  2  2 2 2 2 . . 
     4 |  .  .  .  . . . . . . 
     5 |  .  .  .  . . . . . . 
     6 |  .  .  .  . . . . . . 
     7 |  .  .  .  . . . . . . 
     8 |  .  .  .  . . . . . . 
     9 |  .  .  .  . . . . . . 
    10 |  .  .  .  . . . . . . 
    11 |  .  .  .  . . . . . . 
    12 |  .  .  .  . . . . . . 
    13 |  .  .  .  . . . . . . 
    14 |  .  .  .  . . . . . . 
    15 |  .  .  .  . . . . . . 
    16 |  .  .  .  . . . . . . 
    17 |  .  .  .  . . . . . . 
    18 |  .  .  .  . . . . . . 
    19 |  .  .  .  . . . . . . 
    20 | 10  .  .  . . . . . . 
    21 | 10  .  .  . . . . . 9 
    22 |  8  .  .  . . . . . 9 
    23 |  8  .  .  . . . . . 7 
    24 |  6  .  .  . . . . . 7 
    25 |  6  .  .  . . . . . . 
    26 | 11 11 11 11 . . . . . 
    27 | 11 11 11 11 . . . 5 5 
    28 | 11 11 11 11 . 4 3 5 5 
    
    Boxes' corners:       (w,l)
        Box  1 is at 
            top left     (0,0)
            bottom right (5,1)
    
        Box  2 is at 
            top left     (1,2)
            bottom right (6,3)
    
        Box  3 is at 
            top left     (6,28)
            bottom right (6,28)
    
        Box  4 is at 
            top left     (5,28)
            bottom right (5,28)
    
        Box  5 is at 
            top left     (7,27)
            bottom right (8,28)
    
        Box  6 is at 
            top left     (0,24)
            bottom right (0,25)
    
        Box  7 is at 
            top left     (8,23)
            bottom right (8,24)
    
        Box  8 is at 
            top left     (0,22)
            bottom right (0,23)
    
        Box  9 is at 
            top left     (8,21)
            bottom right (8,22)
    
        Box 10 is at 
            top left     (0,20)
            bottom right (0,21)
    
        Box 11 is at 
            top left     (0,26)
            bottom right (3,28)
    
        Roll length used: 29

    [1;34mTry max length:[0m 28
    [1;34m    At iteration:[0m 2
        lingeling found a solution in 1.498 ms

       | W
     L |  0  1  2  3  4 5 6 7 8 
    ---------------------------
     0 |  .  .  2  2  2 2 2 2 . 
     1 |  .  .  2  2  2 2 2 2 . 
     2 |  .  .  .  .  . . . . . 
     3 |  .  .  .  .  . . . . . 
     4 |  .  .  .  .  . . . . . 
     5 |  .  .  .  .  . . . . . 
     6 |  .  .  .  .  . . . . . 
     7 |  .  .  .  .  . . . . . 
     8 |  .  .  .  .  . . . . . 
     9 |  .  .  .  1  1 1 1 1 1 
    10 |  .  .  .  1  1 1 1 1 1 
    11 |  .  .  .  .  . . . . . 
    12 |  .  .  .  .  . . . . . 
    13 |  .  .  .  .  . . . . . 
    14 |  .  .  .  .  . . . . . 
    15 |  .  .  .  .  . . . . . 
    16 |  .  .  .  .  . . . . . 
    17 |  .  .  .  .  . . . . . 
    18 |  .  .  .  .  . . . . . 
    19 |  .  .  .  .  . . . . . 
    20 |  .  .  .  .  . . . . . 
    21 |  .  .  .  .  . . . . . 
    22 | 10  .  .  .  . . . . 9 
    23 | 10  .  .  .  . . . . 9 
    24 |  8  .  .  .  . . . . 7 
    25 |  8 11 11 11 11 . . . 7 
    26 |  6 11 11 11 11 . . 5 5 
    27 |  6 11 11 11 11 4 3 5 5 
    
    Boxes' corners:       (w,l)
        Box  1 is at 
            top left     (3,9)
            bottom right (8,10)
    
        Box  2 is at 
            top left     (2,0)
            bottom right (7,1)
    
        Box  3 is at 
            top left     (6,27)
            bottom right (6,27)
    
        Box  4 is at 
            top left     (5,27)
            bottom right (5,27)
    
        Box  5 is at 
            top left     (7,26)
            bottom right (8,27)
    
        Box  6 is at 
            top left     (0,26)
            bottom right (0,27)
    
        Box  7 is at 
            top left     (8,24)
            bottom right (8,25)
    
        Box  8 is at 
            top left     (0,24)
            bottom right (0,25)
    
        Box  9 is at 
            top left     (8,22)
            bottom right (8,23)
    
        Box 10 is at 
            top left     (0,22)
            bottom right (0,23)
    
        Box 11 is at 
            top left     (1,25)
            bottom right (4,27)
    
        Roll length used: 28

    [1;34mTry max length:[0m 27
    [1;34m    At iteration:[0m 3
        lingeling found a solution in 1.340 ms

       | W
     L |  0  1  2  3 4 5 6 7  8 
    ---------------------------
     0 |  .  .  1  1 1 1 1 1  . 
     1 |  .  .  1  1 1 1 1 1  . 
     2 |  .  2  2  2 2 2 2 .  . 
     3 |  .  2  2  2 2 2 2 .  . 
     4 |  .  .  .  . . . . .  . 
     5 |  .  .  .  . . . . .  . 
     6 |  .  .  .  . . . . .  . 
     7 |  .  .  .  . . . . .  . 
     8 |  .  .  .  . . . . .  . 
     9 |  .  .  .  . . . . .  . 
    10 |  .  .  .  . . . . .  . 
    11 |  .  .  .  . . . . .  . 
    12 |  .  .  .  . . . . .  . 
    13 |  .  .  .  . . . . .  . 
    14 |  .  .  .  . . . . .  . 
    15 |  .  .  .  . . . . . 10 
    16 |  .  .  .  . . . . . 10 
    17 |  .  .  .  . . . . .  . 
    18 |  .  .  .  . . . . .  . 
    19 |  9  .  .  . . . . .  8 
    20 |  9  .  .  . . . . .  8 
    21 |  .  .  .  . . . . .  . 
    22 |  7  .  .  . . . . .  . 
    23 |  7  .  .  . . . . .  6 
    24 | 11 11 11 11 . . . .  6 
    25 | 11 11 11 11 . . . 5  5 
    26 | 11 11 11 11 . 4 3 5  5 
    
    Boxes' corners:       (w,l)
        Box  1 is at 
            top left     (2,0)
            bottom right (7,1)
    
        Box  2 is at 
            top left     (1,2)
            bottom right (6,3)
    
        Box  3 is at 
            top left     (6,26)
            bottom right (6,26)
    
        Box  4 is at 
            top left     (5,26)
            bottom right (5,26)
    
        Box  5 is at 
            top left     (7,25)
            bottom right (8,26)
    
        Box  6 is at 
            top left     (8,23)
            bottom right (8,24)
    
        Box  7 is at 
            top left     (0,22)
            bottom right (0,23)
    
        Box  8 is at 
            top left     (8,19)
            bottom right (8,20)
    
        Box  9 is at 
            top left     (0,19)
            bottom right (0,20)
    
        Box 10 is at 
            top left     (8,15)
            bottom right (8,16)
    
        Box 11 is at 
            top left     (0,24)
            bottom right (3,26)
    
        Roll length used: 27

    [1;34mTry max length:[0m 26
    [1;34m    At iteration:[0m 4
        lingeling found a solution in 1.287 ms

       | W
     L | 0 1 2 3 4  5  6  7  8 
    --------------------------
     0 | . . . . . 11 11 11 11 
     1 | . . . . . 11 11 11 11 
     2 | . . . . . 11 11 11 11 
     3 | . 1 1 1 1  1  1  .  . 
     4 | . 1 1 1 1  1  1  .  . 
     5 | . . . . .  .  .  .  . 
     6 | . . . . .  .  .  .  . 
     7 | . . . . .  .  .  .  . 
     8 | . . . . .  .  .  .  . 
     9 | . . . . .  .  .  .  . 
    10 | . . . . .  .  .  .  . 
    11 | . . . . .  .  .  .  . 
    12 | . . . . .  .  .  .  . 
    13 | . . . . .  .  .  .  . 
    14 | . . . . .  .  .  .  . 
    15 | . . . . .  .  .  .  . 
    16 | . . . . .  .  .  . 10 
    17 | . . . . .  .  .  . 10 
    18 | . . . . .  .  .  .  . 
    19 | . . . . .  .  .  .  . 
    20 | 8 . . . .  .  .  .  9 
    21 | 8 . . . .  .  .  .  9 
    22 | 7 . . . .  .  .  .  6 
    23 | 7 . . . .  .  .  .  6 
    24 | 5 5 4 2 2  2  2  2  2 
    25 | 5 5 3 2 2  2  2  2  2 
    
    Boxes' corners:       (w,l)
        Box  1 is at 
            top left     (1,3)
            bottom right (6,4)
    
        Box  2 is at 
            top left     (3,24)
            bottom right (8,25)
    
        Box  3 is at 
            top left     (2,25)
            bottom right (2,25)
    
        Box  4 is at 
            top left     (2,24)
            bottom right (2,24)
    
        Box  5 is at 
            top left     (0,24)
            bottom right (1,25)
    
        Box  6 is at 
            top left     (8,22)
            bottom right (8,23)
    
        Box  7 is at 
            top left     (0,22)
            bottom right (0,23)
    
        Box  8 is at 
            top left     (0,20)
            bottom right (0,21)
    
        Box  9 is at 
            top left     (8,20)
            bottom right (8,21)
    
        Box 10 is at 
            top left     (8,16)
            bottom right (8,17)
    
        Box 11 is at 
            top left     (5,0)
            bottom right (8,2)
    
        Roll length used: 26

    [1;34mTry max length:[0m 25
    [1;34m    At iteration:[0m 5
        lingeling found a solution in 1.148 ms

       | W
     L | 0 1 2 3 4  5  6  7  8 
    --------------------------
     0 | . . 1 1 1  1  1  1  . 
     1 | . . 1 1 1  1  1  1  . 
     2 | . . . . .  .  .  .  . 
     3 | . . . . .  .  .  .  . 
     4 | . . . . .  .  .  .  . 
     5 | . . . . .  .  .  .  . 
     6 | . . . . .  .  .  .  . 
     7 | . . . . .  .  .  .  . 
     8 | . . . . .  .  .  .  . 
     9 | . . . . .  .  .  .  . 
    10 | . . . . .  .  .  .  . 
    11 | . . . . .  .  .  .  . 
    12 | . . . . .  .  .  .  . 
    13 | . . . . .  .  .  .  . 
    14 | . . . . .  .  .  .  . 
    15 | . . . . .  .  .  .  . 
    16 | . . . . .  .  .  .  . 
    17 | . . . . .  .  .  . 10 
    18 | . . 2 2 2  2  2  2 10 
    19 | 9 . 2 2 2  2  2  2  8 
    20 | 9 . . . .  .  .  .  8 
    21 | 7 . . . .  .  .  .  . 
    22 | 7 . . . . 11 11 11 11 
    23 | 6 . . 5 5 11 11 11 11 
    24 | 6 4 3 5 5 11 11 11 11 
    
    Boxes' corners:       (w,l)
        Box  1 is at 
            top left     (2,0)
            bottom right (7,1)
    
        Box  2 is at 
            top left     (2,18)
            bottom right (7,19)
    
        Box  3 is at 
            top left     (2,24)
            bottom right (2,24)
    
        Box  4 is at 
            top left     (1,24)
            bottom right (1,24)
    
        Box  5 is at 
            top left     (3,23)
            bottom right (4,24)
    
        Box  6 is at 
            top left     (0,23)
            bottom right (0,24)
    
        Box  7 is at 
            top left     (0,21)
            bottom right (0,22)
    
        Box  8 is at 
            top left     (8,19)
            bottom right (8,20)
    
        Box  9 is at 
            top left     (0,19)
            bottom right (0,20)
    
        Box 10 is at 
            top left     (8,17)
            bottom right (8,18)
    
        Box 11 is at 
            top left     (5,22)
            bottom right (8,24)
    
        Roll length used: 25

    [1;34mTry max length:[0m 24
    [1;34m    At iteration:[0m 6
        lingeling found a solution in 1.148 ms

       | W
     L | 0  1  2  3  4 5 6 7  8 
    ---------------------------
     0 | .  .  2  2  2 2 2 2  . 
     1 | .  .  2  2  2 2 2 2  . 
     2 | .  .  .  .  . . . .  . 
     3 | .  .  .  .  . . . .  . 
     4 | .  .  .  .  . . . .  . 
     5 | .  .  .  .  . . . .  . 
     6 | .  .  .  .  . . . .  . 
     7 | .  .  .  .  . . . .  . 
     8 | .  .  .  1  1 1 1 1  1 
     9 | .  .  .  1  1 1 1 1  1 
    10 | .  .  .  .  . . . .  . 
    11 | .  .  .  .  . . . .  . 
    12 | .  .  .  .  . . . .  . 
    13 | .  .  .  .  . . . .  . 
    14 | .  .  .  .  . . . .  . 
    15 | .  .  .  .  . . . .  8 
    16 | .  .  .  .  . . . .  8 
    17 | .  .  .  .  . . . .  . 
    18 | 9  .  .  .  . . . .  . 
    19 | 9  .  .  .  . . . .  . 
    20 | 7  .  .  .  . . . . 10 
    21 | 7 11 11 11 11 . . . 10 
    22 | 6 11 11 11 11 . . 5  5 
    23 | 6 11 11 11 11 4 3 5  5 
    
    Boxes' corners:       (w,l)
        Box  1 is at 
            top left     (3,8)
            bottom right (8,9)
    
        Box  2 is at 
            top left     (2,0)
            bottom right (7,1)
    
        Box  3 is at 
            top left     (6,23)
            bottom right (6,23)
    
        Box  4 is at 
            top left     (5,23)
            bottom right (5,23)
    
        Box  5 is at 
            top left     (7,22)
            bottom right (8,23)
    
        Box  6 is at 
            top left     (0,22)
            bottom right (0,23)
    
        Box  7 is at 
            top left     (0,20)
            bottom right (0,21)
    
        Box  8 is at 
            top left     (8,15)
            bottom right (8,16)
    
        Box  9 is at 
            top left     (0,18)
            bottom right (0,19)
    
        Box 10 is at 
            top left     (8,20)
            bottom right (8,21)
    
        Box 11 is at 
            top left     (1,21)
            bottom right (4,23)
    
        Roll length used: 24

    [1;34mTry max length:[0m 23
    [1;34m    At iteration:[0m 7
        lingeling found a solution in 1.084 ms

       | W
     L | 0 1 2 3 4  5  6  7  8 
    --------------------------
     0 | 1 1 1 1 1  1  .  .  . 
     1 | 1 1 1 1 1  1  .  .  . 
     2 | . . . . .  .  .  .  . 
     3 | . . . 2 2  2  2  2  2 
     4 | . . . 2 2  2  2  2  2 
     5 | . . . . .  .  .  .  . 
     6 | . . . . .  .  .  .  . 
     7 | . . . . .  .  .  .  . 
     8 | . . . . .  .  .  .  . 
     9 | . . . . .  .  .  .  . 
    10 | . . . . .  .  .  .  . 
    11 | . . . . .  .  .  .  . 
    12 | . . . . .  .  .  .  . 
    13 | . . . . .  .  .  .  . 
    14 | . . . . .  .  .  .  . 
    15 | . . . . .  .  .  . 10 
    16 | . . . . .  .  .  . 10 
    17 | 9 . . . .  .  .  .  . 
    18 | 9 . . . .  .  .  .  8 
    19 | 7 . . . .  .  .  .  8 
    20 | 7 . . . . 11 11 11 11 
    21 | 6 . . 5 5 11 11 11 11 
    22 | 6 4 3 5 5 11 11 11 11 
    
    Boxes' corners:       (w,l)
        Box  1 is at 
            top left     (0,0)
            bottom right (5,1)
    
        Box  2 is at 
            top left     (3,3)
            bottom right (8,4)
    
        Box  3 is at 
            top left     (2,22)
            bottom right (2,22)
    
        Box  4 is at 
            top left     (1,22)
            bottom right (1,22)
    
        Box  5 is at 
            top left     (3,21)
            bottom right (4,22)
    
        Box  6 is at 
            top left     (0,21)
            bottom right (0,22)
    
        Box  7 is at 
            top left     (0,19)
            bottom right (0,20)
    
        Box  8 is at 
            top left     (8,18)
            bottom right (8,19)
    
        Box  9 is at 
            top left     (0,17)
            bottom right (0,18)
    
        Box 10 is at 
            top left     (8,15)
            bottom right (8,16)
    
        Box 11 is at 
            top left     (5,20)
            bottom right (8,22)
    
        Roll length used: 23

    [1;34mTry max length:[0m 22
    [1;34m    At iteration:[0m 8
        lingeling found a solution in 1.012 ms

       | W
     L | 0 1 2 3 4  5  6  7  8 
    --------------------------
     0 | . . 2 2 2  2  2  2  . 
     1 | . . 2 2 2  2  2  2  . 
     2 | 1 1 1 1 1  1  .  .  . 
     3 | 1 1 1 1 1  1  .  .  . 
     4 | . . . . .  .  .  .  . 
     5 | . . . . .  .  .  .  . 
     6 | . . . . .  .  .  .  . 
     7 | . . . . .  .  .  .  . 
     8 | . . . . .  .  .  .  . 
     9 | . . . . .  .  .  .  . 
    10 | . . . . .  .  .  .  . 
    11 | . . . . .  .  .  .  . 
    12 | . . . . .  .  .  .  . 
    13 | . . . . .  .  .  .  8 
    14 | . . . . .  .  .  .  8 
    15 | . . . . .  .  .  .  7 
    16 | . . . . .  .  .  .  7 
    17 | 9 . . . .  .  .  . 10 
    18 | 9 . . . .  .  .  . 10 
    19 | . . . . . 11 11 11 11 
    20 | 6 . . 5 5 11 11 11 11 
    21 | 6 4 3 5 5 11 11 11 11 
    
    Boxes' corners:       (w,l)
        Box  1 is at 
            top left     (0,2)
            bottom right (5,3)
    
        Box  2 is at 
            top left     (2,0)
            bottom right (7,1)
    
        Box  3 is at 
            top left     (2,21)
            bottom right (2,21)
    
        Box  4 is at 
            top left     (1,21)
            bottom right (1,21)
    
        Box  5 is at 
            top left     (3,20)
            bottom right (4,21)
    
        Box  6 is at 
            top left     (0,20)
            bottom right (0,21)
    
        Box  7 is at 
            top left     (8,15)
            bottom right (8,16)
    
        Box  8 is at 
            top left     (8,13)
            bottom right (8,14)
    
        Box  9 is at 
            top left     (0,17)
            bottom right (0,18)
    
        Box 10 is at 
            top left     (8,17)
            bottom right (8,18)
    
        Box 11 is at 
            top left     (5,19)
            bottom right (8,21)
    
        Roll length used: 22

    [1;34mTry max length:[0m 21
    [1;34m    At iteration:[0m 9
        lingeling found a solution in .934 ms

       | W
     L | 0  1 2 3 4  5  6  7  8 
    ---------------------------
     0 | 1  1 1 1 1  1  .  .  . 
     1 | 1  1 1 1 1  1  .  .  . 
     2 | . 10 . . .  .  .  .  . 
     3 | . 10 . . .  .  .  .  . 
     4 | .  . . . .  .  .  .  . 
     5 | .  . . . .  .  .  .  . 
     6 | .  . . . .  .  .  .  . 
     7 | .  . . . .  .  .  .  . 
     8 | .  . . . .  .  .  .  . 
     9 | .  6 . . .  .  .  .  . 
    10 | .  6 . . .  .  .  .  . 
    11 | .  . . . .  .  .  .  . 
    12 | .  . . . .  .  .  .  . 
    13 | .  . . . .  .  .  .  . 
    14 | .  . . . .  .  .  .  9 
    15 | .  . . . .  .  .  .  9 
    16 | .  2 2 2 2  2  2  .  7 
    17 | 8  2 2 2 2  2  2  .  7 
    18 | 8  . . . . 11 11 11 11 
    19 | .  . . 5 5 11 11 11 11 
    20 | .  4 3 5 5 11 11 11 11 
    
    Boxes' corners:       (w,l)
        Box  1 is at 
            top left     (0,0)
            bottom right (5,1)
    
        Box  2 is at 
            top left     (1,16)
            bottom right (6,17)
    
        Box  3 is at 
            top left     (2,20)
            bottom right (2,20)
    
        Box  4 is at 
            top left     (1,20)
            bottom right (1,20)
    
        Box  5 is at 
            top left     (3,19)
            bottom right (4,20)
    
        Box  6 is at 
            top left     (1,9)
            bottom right (1,10)
    
        Box  7 is at 
            top left     (8,16)
            bottom right (8,17)
    
        Box  8 is at 
            top left     (0,17)
            bottom right (0,18)
    
        Box  9 is at 
            top left     (8,14)
            bottom right (8,15)
    
        Box 10 is at 
            top left     (1,2)
            bottom right (1,3)
    
        Box 11 is at 
            top left     (5,18)
            bottom right (8,20)
    
        Roll length used: 21

    [1;34mTry max length:[0m 20
    [1;34m    At iteration:[0m 10
        lingeling found a solution in .807 ms

       | W
     L | 0  1 2 3 4  5  6  7  8 
    ---------------------------
     0 | 2  2 2 2 2  2  .  .  . 
     1 | 2  2 2 2 2  2  .  .  . 
     2 | .  1 1 1 1  1  1  .  . 
     3 | .  1 1 1 1  1  1  .  . 
     4 | .  . . . .  .  .  .  . 
     5 | .  . 9 9 .  .  .  .  . 
     6 | .  . . . .  .  .  .  . 
     7 | .  . . . .  .  .  .  . 
     8 | .  . . . .  .  .  .  . 
     9 | .  . . . .  .  .  .  . 
    10 | .  . . . .  .  .  .  . 
    11 | .  . . . .  .  .  .  . 
    12 | .  . . . .  .  .  .  8 
    13 | .  . . . .  .  .  .  8 
    14 | .  . . . .  .  .  .  . 
    15 | . 10 . . .  .  .  .  . 
    16 | 7 10 . . .  .  .  .  . 
    17 | 7  . . . . 11 11 11 11 
    18 | 6  . 4 5 5 11 11 11 11 
    19 | 6  . 3 5 5 11 11 11 11 
    
    Boxes' corners:       (w,l)
        Box  1 is at 
            top left     (1,2)
            bottom right (6,3)
    
        Box  2 is at 
            top left     (0,0)
            bottom right (5,1)
    
        Box  3 is at 
            top left     (2,19)
            bottom right (2,19)
    
        Box  4 is at 
            top left     (2,18)
            bottom right (2,18)
    
        Box  5 is at 
            top left     (3,18)
            bottom right (4,19)
    
        Box  6 is at 
            top left     (0,18)
            bottom right (0,19)
    
        Box  7 is at 
            top left     (0,16)
            bottom right (0,17)
    
        Box  8 is at 
            top left     (8,12)
            bottom right (8,13)
    
        Box  9 is at 
            top left     (2,5)
            bottom right (3,5)
    
        Box 10 is at 
            top left     (1,15)
            bottom right (1,16)
    
        Box 11 is at 
            top left     (5,17)
            bottom right (8,19)
    
        Roll length used: 20

    [1;34mTry max length:[0m 19
    [1;34m    At iteration:[0m 11
        lingeling found a solution in .808 ms

       | W
     L | 0 1 2 3 4  5  6  7  8 
    --------------------------
     0 | . . 1 1 1  1  1  1  7 
     1 | . . 1 1 1  1  1  1  7 
     2 | 2 2 2 2 2  2  .  .  . 
     3 | 2 2 2 2 2  2  .  .  . 
     4 | . . . . .  .  .  .  . 
     5 | . . . . .  .  .  .  . 
     6 | . . . . .  .  .  .  . 
     7 | . . . . .  .  .  .  . 
     8 | . . . . .  .  .  .  . 
     9 | . . . . .  .  .  .  8 
    10 | . . . . .  .  .  .  8 
    11 | . . . . .  .  .  .  . 
    12 | . . . . .  .  .  .  . 
    13 | . . . . . 10  .  .  . 
    14 | 9 . . . . 10  .  .  . 
    15 | 9 . . . .  .  .  .  . 
    16 | . . . . . 11 11 11 11 
    17 | 6 . . 5 5 11 11 11 11 
    18 | 6 4 3 5 5 11 11 11 11 
    
    Boxes' corners:       (w,l)
        Box  1 is at 
            top left     (2,0)
            bottom right (7,1)
    
        Box  2 is at 
            top left     (0,2)
            bottom right (5,3)
    
        Box  3 is at 
            top left     (2,18)
            bottom right (2,18)
    
        Box  4 is at 
            top left     (1,18)
            bottom right (1,18)
    
        Box  5 is at 
            top left     (3,17)
            bottom right (4,18)
    
        Box  6 is at 
            top left     (0,17)
            bottom right (0,18)
    
        Box  7 is at 
            top left     (8,0)
            bottom right (8,1)
    
        Box  8 is at 
            top left     (8,9)
            bottom right (8,10)
    
        Box  9 is at 
            top left     (0,14)
            bottom right (0,15)
    
        Box 10 is at 
            top left     (5,13)
            bottom right (5,14)
    
        Box 11 is at 
            top left     (5,16)
            bottom right (8,18)
    
        Roll length used: 19

    [1;34mTry max length:[0m 18
    [1;34m    At iteration:[0m 12
        lingeling found a solution in .696 ms

       | W
     L | 0 1 2 3 4  5  6  7  8 
    --------------------------
     0 | . . 1 1 1  1  1  1  . 
     1 | . . 1 1 1  1  1  1  9 
     2 | 2 2 2 2 2  2  .  .  9 
     3 | 2 2 2 2 2  2  .  .  . 
     4 | . . . . .  .  .  .  . 
     5 | . . . . .  .  .  .  . 
     6 | . . . . .  .  .  .  . 
     7 | . . . . .  .  .  .  . 
     8 | . . . . .  .  .  .  . 
     9 | . . . . .  .  .  .  . 
    10 | . . . . .  .  .  .  . 
    11 | . . . . .  .  .  . 10 
    12 | . . . . .  .  .  . 10 
    13 | . . . . .  .  .  .  7 
    14 | 8 . . . .  .  .  .  7 
    15 | 8 . . . . 11 11 11 11 
    16 | 6 . . 5 5 11 11 11 11 
    17 | 6 4 3 5 5 11 11 11 11 
    
    Boxes' corners:       (w,l)
        Box  1 is at 
            top left     (2,0)
            bottom right (7,1)
    
        Box  2 is at 
            top left     (0,2)
            bottom right (5,3)
    
        Box  3 is at 
            top left     (2,17)
            bottom right (2,17)
    
        Box  4 is at 
            top left     (1,17)
            bottom right (1,17)
    
        Box  5 is at 
            top left     (3,16)
            bottom right (4,17)
    
        Box  6 is at 
            top left     (0,16)
            bottom right (0,17)
    
        Box  7 is at 
            top left     (8,13)
            bottom right (8,14)
    
        Box  8 is at 
            top left     (0,14)
            bottom right (0,15)
    
        Box  9 is at 
            top left     (8,1)
            bottom right (8,2)
    
        Box 10 is at 
            top left     (8,11)
            bottom right (8,12)
    
        Box 11 is at 
            top left     (5,15)
            bottom right (8,17)
    
        Roll length used: 18

    [1;34mTry max length:[0m 17
    [1;34m    At iteration:[0m 13
        lingeling found a solution in .687 ms

       | W
     L |  0  1  2  3 4 5 6 7  8 
    ---------------------------
     0 |  .  .  1  1 1 1 1 1  . 
     1 |  .  .  1  1 1 1 1 1  . 
     2 |  2  2  2  2 2 2 . .  . 
     3 |  2  2  2  2 2 2 . .  . 
     4 |  .  .  .  . . . . .  . 
     5 |  .  .  .  . . . . .  . 
     6 |  .  .  .  . . . . .  . 
     7 |  .  .  .  . . . . .  . 
     8 |  9  .  .  . . . . .  . 
     9 |  9  .  .  . . . . . 10 
    10 |  8  .  .  . . . . . 10 
    11 |  8  .  .  . . . . .  . 
    12 |  7  .  .  . . . . .  6 
    13 |  7  .  .  . . . . .  6 
    14 | 11 11 11 11 . . . .  . 
    15 | 11 11 11 11 . . . 5  5 
    16 | 11 11 11 11 . 4 3 5  5 
    
    Boxes' corners:       (w,l)
        Box  1 is at 
            top left     (2,0)
            bottom right (7,1)
    
        Box  2 is at 
            top left     (0,2)
            bottom right (5,3)
    
        Box  3 is at 
            top left     (6,16)
            bottom right (6,16)
    
        Box  4 is at 
            top left     (5,16)
            bottom right (5,16)
    
        Box  5 is at 
            top left     (7,15)
            bottom right (8,16)
    
        Box  6 is at 
            top left     (8,12)
            bottom right (8,13)
    
        Box  7 is at 
            top left     (0,12)
            bottom right (0,13)
    
        Box  8 is at 
            top left     (0,10)
            bottom right (0,11)
    
        Box  9 is at 
            top left     (0,8)
            bottom right (0,9)
    
        Box 10 is at 
            top left     (8,9)
            bottom right (8,10)
    
        Box 11 is at 
            top left     (0,14)
            bottom right (3,16)
    
        Roll length used: 17

    [1;34mTry max length:[0m 16
    [1;34m    At iteration:[0m 14
        lingeling found a solution in .971 ms

       | W
     L |  0 1 2 3 4  5  6  7  8 
    ---------------------------
     0 |  . . . . . 11 11 11 11 
     1 |  . . . . . 11 11 11 11 
     2 |  . . . . . 11 11 11 11 
     3 |  . . 1 1 1  1  1  1  . 
     4 |  8 . 1 1 1  1  1  1  . 
     5 |  8 . . . .  .  .  .  . 
     6 |  9 . . . .  .  .  .  . 
     7 |  9 . . . .  .  .  .  . 
     8 |  . . . . .  .  .  .  . 
     9 |  . . . . .  .  .  .  . 
    10 | 10 . . . .  .  .  .  . 
    11 | 10 . . . .  .  .  .  . 
    12 |  7 . . . .  .  .  .  . 
    13 |  7 . . . .  .  .  4  3 
    14 |  6 2 2 2 2  2  2  5  5 
    15 |  6 2 2 2 2  2  2  5  5 
    
    Boxes' corners:       (w,l)
        Box  1 is at 
            top left     (2,3)
            bottom right (7,4)
    
        Box  2 is at 
            top left     (1,14)
            bottom right (6,15)
    
        Box  3 is at 
            top left     (8,13)
            bottom right (8,13)
    
        Box  4 is at 
            top left     (7,13)
            bottom right (7,13)
    
        Box  5 is at 
            top left     (7,14)
            bottom right (8,15)
    
        Box  6 is at 
            top left     (0,14)
            bottom right (0,15)
    
        Box  7 is at 
            top left     (0,12)
            bottom right (0,13)
    
        Box  8 is at 
            top left     (0,4)
            bottom right (0,5)
    
        Box  9 is at 
            top left     (0,6)
            bottom right (0,7)
    
        Box 10 is at 
            top left     (0,10)
            bottom right (0,11)
    
        Box 11 is at 
            top left     (5,0)
            bottom right (8,2)
    
        Roll length used: 16

    [1;34mTry max length:[0m 15
    [1;34m    At iteration:[0m 15
        lingeling found a solution in .600 ms

       | W
     L | 0  1  2  3  4 5 6 7  8 
    ---------------------------
     0 | .  .  .  .  . . . .  . 
     1 | .  .  .  1  1 1 1 1  1 
     2 | .  .  .  1  1 1 1 1  1 
     3 | .  .  .  .  . . . .  . 
     4 | . 11 11 11 11 . 2 2  . 
     5 | . 11 11 11 11 . 2 2  8 
     6 | . 11 11 11 11 . 2 2  8 
     7 | .  .  .  .  . . 2 2  7 
     8 | .  .  .  .  . . 2 2  7 
     9 | .  .  .  .  . . 2 2  . 
    10 | .  .  .  .  . . . .  . 
    11 | .  .  .  .  . . . . 10 
    12 | .  .  .  .  . . . . 10 
    13 | .  .  .  .  . . . 5  5 
    14 | .  4  3  9  9 6 6 5  5 
    
    Boxes' corners:       (w,l)
        Box  1 is at 
            top left     (3,1)
            bottom right (8,2)
    
        Box  2 is at 
            top left     (6,4)
            bottom right (7,9)
    
        Box  3 is at 
            top left     (2,14)
            bottom right (2,14)
    
        Box  4 is at 
            top left     (1,14)
            bottom right (1,14)
    
        Box  5 is at 
            top left     (7,13)
            bottom right (8,14)
    
        Box  6 is at 
            top left     (5,14)
            bottom right (6,14)
    
        Box  7 is at 
            top left     (8,7)
            bottom right (8,8)
    
        Box  8 is at 
            top left     (8,5)
            bottom right (8,6)
    
        Box  9 is at 
            top left     (3,14)
            bottom right (4,14)
    
        Box 10 is at 
            top left     (8,11)
            bottom right (8,12)
    
        Box 11 is at 
            top left     (1,4)
            bottom right (4,6)
    
        Roll length used: 15

    [1;34mTry max length:[0m 14
    [1;34m    At iteration:[0m 16
        lingeling found a solution in .560 ms

       | W
     L | 0 1  2  3  4  5 6 7 8 
    --------------------------
     0 | . .  .  .  .  . . . . 
     1 | . .  . 10  .  . . . . 
     2 | 9 .  . 10  .  . . . . 
     3 | 9 1  1  1  1  1 1 . . 
     4 | . 1  1  1  1  1 1 . . 
     5 | . .  .  .  .  . . . . 
     6 | . . 11 11 11 11 8 . . 
     7 | 7 . 11 11 11 11 8 . . 
     8 | 7 . 11 11 11 11 . . . 
     9 | 6 .  .  .  .  . . . . 
    10 | 6 .  .  .  .  . . . . 
    11 | . 2  2  2  2  2 2 . . 
    12 | . 2  2  2  2  2 2 5 5 
    13 | . .  .  .  .  4 3 5 5 
    
    Boxes' corners:       (w,l)
        Box  1 is at 
            top left     (1,3)
            bottom right (6,4)
    
        Box  2 is at 
            top left     (1,11)
            bottom right (6,12)
    
        Box  3 is at 
            top left     (6,13)
            bottom right (6,13)
    
        Box  4 is at 
            top left     (5,13)
            bottom right (5,13)
    
        Box  5 is at 
            top left     (7,12)
            bottom right (8,13)
    
        Box  6 is at 
            top left     (0,9)
            bottom right (0,10)
    
        Box  7 is at 
            top left     (0,7)
            bottom right (0,8)
    
        Box  8 is at 
            top left     (6,6)
            bottom right (6,7)
    
        Box  9 is at 
            top left     (0,2)
            bottom right (0,3)
    
        Box 10 is at 
            top left     (3,1)
            bottom right (3,2)
    
        Box 11 is at 
            top left     (2,6)
            bottom right (5,8)
    
        Roll length used: 14

    [1;34mTry max length:[0m 13
    [1;34m    At iteration:[0m 17
        lingeling found a solution in .472 ms

       | W
     L | 0 1 2 3 4  5  6  7  8 
    --------------------------
     0 | . . . 2 2  2  2  2  2 
     1 | . . . 2 2  2  2  2  2 
     2 | . 7 . . .  .  .  .  . 
     3 | . 7 . . .  .  .  .  . 
     4 | . . . . . 10  .  .  . 
     5 | 8 . 1 1 . 10  .  .  . 
     6 | 8 . 1 1 5  5  .  .  . 
     7 | 9 . 1 1 5  5  .  .  . 
     8 | 9 . 1 1 .  .  .  .  . 
     9 | . . 1 1 .  .  .  .  . 
    10 | . . 1 1 . 11 11 11 11 
    11 | 6 . . . . 11 11 11 11 
    12 | 6 . . 4 3 11 11 11 11 
    
    Boxes' corners:       (w,l)
        Box  1 is at 
            top left     (2,5)
            bottom right (3,10)
    
        Box  2 is at 
            top left     (3,0)
            bottom right (8,1)
    
        Box  3 is at 
            top left     (4,12)
            bottom right (4,12)
    
        Box  4 is at 
            top left     (3,12)
            bottom right (3,12)
    
        Box  5 is at 
            top left     (4,6)
            bottom right (5,7)
    
        Box  6 is at 
            top left     (0,11)
            bottom right (0,12)
    
        Box  7 is at 
            top left     (1,2)
            bottom right (1,3)
    
        Box  8 is at 
            top left     (0,5)
            bottom right (0,6)
    
        Box  9 is at 
            top left     (0,7)
            bottom right (0,8)
    
        Box 10 is at 
            top left     (5,4)
            bottom right (5,5)
    
        Box 11 is at 
            top left     (5,10)
            bottom right (8,12)
    
        Roll length used: 13

    [1;34mTry max length:[0m 12
    [1;34m    At iteration:[0m 18
        lingeling found a solution in .457 ms

       | W
     L |  0  1  2  3 4  5 6 7 8 
    ---------------------------
     0 |  7  2  2  2 2  2 2 . . 
     1 |  7  2  2  2 2  2 2 . . 
     2 |  .  1  1  . 8  . . . . 
     3 |  .  1  1  . 8  . . . . 
     4 |  .  1  1  . .  . . . . 
     5 |  9  1  1  . .  . . . . 
     6 |  9  1  1  . . 10 . . . 
     7 |  6  1  1  . . 10 . . . 
     8 |  6  .  .  . .  . . 5 5 
     9 | 11 11 11 11 .  . . 5 5 
    10 | 11 11 11 11 .  . . . . 
    11 | 11 11 11 11 .  . . 4 3 
    
    Boxes' corners:       (w,l)
        Box  1 is at 
            top left     (1,2)
            bottom right (2,7)
    
        Box  2 is at 
            top left     (1,0)
            bottom right (6,1)
    
        Box  3 is at 
            top left     (8,11)
            bottom right (8,11)
    
        Box  4 is at 
            top left     (7,11)
            bottom right (7,11)
    
        Box  5 is at 
            top left     (7,8)
            bottom right (8,9)
    
        Box  6 is at 
            top left     (0,7)
            bottom right (0,8)
    
        Box  7 is at 
            top left     (0,0)
            bottom right (0,1)
    
        Box  8 is at 
            top left     (4,2)
            bottom right (4,3)
    
        Box  9 is at 
            top left     (0,5)
            bottom right (0,6)
    
        Box 10 is at 
            top left     (5,6)
            bottom right (5,7)
    
        Box 11 is at 
            top left     (0,9)
            bottom right (3,11)
    
        Roll length used: 12

    [1;34mTry max length:[0m 11
    [1;34m    At iteration:[0m 19
        lingeling found a solution in .475 ms

       | W
     L | 0 1 2 3 4  5  6  7  8 
    --------------------------
     0 | 1 1 1 1 1  1  .  .  . 
     1 | 1 1 1 1 1  1  .  .  . 
     2 | 2 2 2 2 2  2  .  . 10 
     3 | 2 2 2 2 2  2  .  . 10 
     4 | . . . . .  .  .  .  9 
     5 | 8 . . . .  .  .  .  9 
     6 | 8 . . . .  .  .  .  4 
     7 | 7 . . . .  .  .  .  3 
     8 | 7 . . . . 11 11 11 11 
     9 | 6 . . 5 5 11 11 11 11 
    10 | 6 . . 5 5 11 11 11 11 
    
    Boxes' corners:       (w,l)
        Box  1 is at 
            top left     (0,0)
            bottom right (5,1)
    
        Box  2 is at 
            top left     (0,2)
            bottom right (5,3)
    
        Box  3 is at 
            top left     (8,7)
            bottom right (8,7)
    
        Box  4 is at 
            top left     (8,6)
            bottom right (8,6)
    
        Box  5 is at 
            top left     (3,9)
            bottom right (4,10)
    
        Box  6 is at 
            top left     (0,9)
            bottom right (0,10)
    
        Box  7 is at 
            top left     (0,7)
            bottom right (0,8)
    
        Box  8 is at 
            top left     (0,5)
            bottom right (0,6)
    
        Box  9 is at 
            top left     (8,4)
            bottom right (8,5)
    
        Box 10 is at 
            top left     (8,2)
            bottom right (8,3)
    
        Box 11 is at 
            top left     (5,8)
            bottom right (8,10)
    
        Roll length used: 11

    [1;34mTry max length:[0m 10
    [1;34m    At iteration:[0m 20
        lingeling found a solution in .386 ms

       | W
     L |  0 1 2 3 4  5  6  7  8 
    ---------------------------
     0 |  . 1 1 1 1  1  1  .  . 
     1 |  . 1 1 1 1  1  1  .  . 
     2 | 10 . . 2 2  2  2  2  2 
     3 | 10 . . 2 2  2  2  2  2 
     4 |  9 . . . .  .  .  .  8 
     5 |  9 . . . .  .  .  .  8 
     6 |  7 . . . .  .  .  .  . 
     7 |  7 . . . . 11 11 11 11 
     8 |  6 . . 5 5 11 11 11 11 
     9 |  6 3 4 5 5 11 11 11 11 
    
    Boxes' corners:       (w,l)
        Box  1 is at 
            top left     (1,0)
            bottom right (6,1)
    
        Box  2 is at 
            top left     (3,2)
            bottom right (8,3)
    
        Box  3 is at 
            top left     (1,9)
            bottom right (1,9)
    
        Box  4 is at 
            top left     (2,9)
            bottom right (2,9)
    
        Box  5 is at 
            top left     (3,8)
            bottom right (4,9)
    
        Box  6 is at 
            top left     (0,8)
            bottom right (0,9)
    
        Box  7 is at 
            top left     (0,6)
            bottom right (0,7)
    
        Box  8 is at 
            top left     (8,4)
            bottom right (8,5)
    
        Box  9 is at 
            top left     (0,4)
            bottom right (0,5)
    
        Box 10 is at 
            top left     (0,2)
            bottom right (0,3)
    
        Box 11 is at 
            top left     (5,7)
            bottom right (8,9)
    
        Roll length used: 10

    [1;34mTry max length:[0m 9
    [1;34m    At iteration:[0m 21
        lingeling found a solution in .372 ms

      | W
    L | 0 1 2 3  4  5  6  7 8 
    --------------------------
    0 | 7 . . .  .  .  .  . 8 
    1 | 7 . . .  .  .  .  . 8 
    2 | . . . . 11 11 11 11 . 
    3 | 1 1 2 2 11 11 11 11 6 
    4 | 1 1 2 2 11 11 11 11 6 
    5 | 1 1 2 2  .  .  . 10 . 
    6 | 1 1 2 2  .  .  4 10 . 
    7 | 1 1 2 2  5  5  .  . 3 
    8 | 1 1 2 2  5  5  .  9 9 
    
    Boxes' corners:       (w,l)
        Box  1 is at 
            top left     (0,3)
            bottom right (1,8)
    
        Box  2 is at 
            top left     (2,3)
            bottom right (3,8)
    
        Box  3 is at 
            top left     (8,7)
            bottom right (8,7)
    
        Box  4 is at 
            top left     (6,6)
            bottom right (6,6)
    
        Box  5 is at 
            top left     (4,7)
            bottom right (5,8)
    
        Box  6 is at 
            top left     (8,3)
            bottom right (8,4)
    
        Box  7 is at 
            top left     (0,0)
            bottom right (0,1)
    
        Box  8 is at 
            top left     (8,0)
            bottom right (8,1)
    
        Box  9 is at 
            top left     (7,8)
            bottom right (8,8)
    
        Box 10 is at 
            top left     (7,5)
            bottom right (7,6)
    
        Box 11 is at 
            top left     (4,2)
            bottom right (7,4)
    
        Roll length used: 9

    [1;34mTry max length:[0m 8
    [1;34m    At iteration:[0m 22
        lingeling found a solution in .411 ms

      | W
    L | 0 1 2 3  4 5  6  7  8 
    --------------------------
    0 | 1 1 . .  . .  .  .  8 
    1 | 1 1 . . 10 .  .  .  8 
    2 | 1 1 2 2 10 .  .  .  9 
    3 | 1 1 2 2  . .  .  .  9 
    4 | 1 1 2 2  . 6 11 11 11 
    5 | 1 1 2 2  . 6 11 11 11 
    6 | 7 3 2 2  5 5 11 11 11 
    7 | 7 4 2 2  5 5 11 11 11 
    
    Boxes' corners:       (w,l)
        Box  1 is at 
            top left     (0,0)
            bottom right (1,5)
    
        Box  2 is at 
            top left     (2,2)
            bottom right (3,7)
    
        Box  3 is at 
            top left     (1,6)
            bottom right (1,6)
    
        Box  4 is at 
            top left     (1,7)
            bottom right (1,7)
    
        Box  5 is at 
            top left     (4,6)
            bottom right (5,7)
    
        Box  6 is at 
            top left     (5,4)
            bottom right (5,5)
    
        Box  7 is at 
            top left     (0,6)
            bottom right (0,7)
    
        Box  8 is at 
            top left     (8,0)
            bottom right (8,1)
    
        Box  9 is at 
            top left     (8,2)
            bottom right (8,3)
    
        Box 10 is at 
            top left     (4,1)
            bottom right (4,2)
    
        Box 11 is at 
            top left     (6,4)
            bottom right (8,7)
    
        Roll length used: 8

    [1;34mTry max length:[0m 7
    [1;34m    At iteration:[0m 23
        lingeling found a solution in .265 ms

      | W
    L | 0 1 2 3 4 5  6  7  8 
    -------------------------
    0 | 1 1 . . 2 2  .  .  6 
    1 | 1 1 . . 2 2 10  9  6 
    2 | 1 1 . . 2 2 10  9  . 
    3 | 1 1 7 8 2 2 11 11 11 
    4 | 1 1 7 8 2 2 11 11 11 
    5 | 1 1 5 5 2 2 11 11 11 
    6 | . 3 5 5 . 4 11 11 11 
    
    Boxes' corners:       (w,l)
        Box  1 is at 
            top left     (0,0)
            bottom right (1,5)
    
        Box  2 is at 
            top left     (4,0)
            bottom right (5,5)
    
        Box  3 is at 
            top left     (1,6)
            bottom right (1,6)
    
        Box  4 is at 
            top left     (5,6)
            bottom right (5,6)
    
        Box  5 is at 
            top left     (2,5)
            bottom right (3,6)
    
        Box  6 is at 
            top left     (8,0)
            bottom right (8,1)
    
        Box  7 is at 
            top left     (2,3)
            bottom right (2,4)
    
        Box  8 is at 
            top left     (3,3)
            bottom right (3,4)
    
        Box  9 is at 
            top left     (7,1)
            bottom right (7,2)
    
        Box 10 is at 
            top left     (6,1)
            bottom right (6,2)
    
        Box 11 is at 
            top left     (6,3)
            bottom right (8,6)
    
        Roll length used: 7

    [1;34mTry max length:[0m 6
    [1;34m    At iteration:[0m 24
        lingeling found a solution in .279 ms

      | W
    L |  0  1  2  3  4 5 6 7 8 
    ---------------------------
    0 |  2  2  2  2  2 2 5 5 3 
    1 |  2  2  2  2  2 2 5 5 . 
    2 | 11 11 11  1  1 1 1 1 1 
    3 | 11 11 11  1  1 1 1 1 1 
    4 | 11 11 11 10 10 6 4 7 7 
    5 | 11 11 11  8  8 6 9 9 . 
    
    Boxes' corners:       (w,l)
        Box  1 is at 
            top left     (3,2)
            bottom right (8,3)
    
        Box  2 is at 
            top left     (0,0)
            bottom right (5,1)
    
        Box  3 is at 
            top left     (8,0)
            bottom right (8,0)
    
        Box  4 is at 
            top left     (6,4)
            bottom right (6,4)
    
        Box  5 is at 
            top left     (6,0)
            bottom right (7,1)
    
        Box  6 is at 
            top left     (5,4)
            bottom right (5,5)
    
        Box  7 is at 
            top left     (7,4)
            bottom right (8,4)
    
        Box  8 is at 
            top left     (3,5)
            bottom right (4,5)
    
        Box  9 is at 
            top left     (6,5)
            bottom right (7,5)
    
        Box 10 is at 
            top left     (3,4)
            bottom right (4,4)
    
        Box 11 is at 
            top left     (0,2)
            bottom right (2,5)
    
        Roll length used: 6

    [1;34mTry max length:[0m 5
    [1;34m    At iteration:[0m 25
        [3;31mlingeling determined unsatisfiability of the Boolean formula[0m
        [1;32mOptimality reached![0m
