dc jun 6 20:40:09 CEST 2018
    [1;34mTry max length:[0m 999999
    [1;34m    At iteration:[0m 0
        lingeling found a solution in 2.439 ms

       | W
     L |  0  1  2  3  4  5 
    ----------------------
     0 |  .  .  .  .  .  . 
     1 |  4  4  4  4  4  4 
     2 |  4  4  4  4  4  4 
     3 |  1  1  1  1  1  1 
     4 |  1  1  1  1  1  1 
     5 |  .  8  8  8  8  8 
     6 |  .  8  8  8  8  8 
     7 |  .  8  8  8  8  8 
     8 |  .  8  8  8  8  8 
     9 |  .  8  8  8  8  8 
    10 |  .  .  .  .  .  . 
    11 |  .  .  .  .  .  . 
    12 |  .  .  .  .  .  . 
    13 |  .  .  .  .  .  . 
    14 |  .  .  .  .  .  . 
    15 |  .  .  .  .  .  . 
    16 |  .  .  .  .  .  . 
    17 |  .  .  .  .  .  . 
    18 |  .  .  .  .  .  . 
    19 |  .  .  .  .  .  . 
    20 |  7  7  7  7  7  . 
    21 |  7  7  7  7  7  . 
    22 |  7  7  7  7  7  . 
    23 |  7  7  7  7  7  . 
    24 |  7  7  7  7  7  . 
    25 |  .  .  .  .  .  . 
    26 |  .  .  .  .  .  . 
    27 |  .  .  .  .  .  . 
    28 |  .  .  .  .  .  . 
    29 |  .  .  .  .  .  . 
    30 |  .  .  .  .  .  . 
    31 | 13 13  .  .  .  . 
    32 | 13 13  .  .  .  . 
    33 | 13 13  .  .  .  . 
    34 |  .  .  .  .  .  . 
    35 |  .  .  .  .  .  . 
    36 |  5  5  5  5  5  5 
    37 |  5  5  5  5  5  5 
    38 |  3  3  3  3  3  3 
    39 |  3  3  3  3  3  3 
    40 |  .  .  .  .  .  . 
    41 |  6  6  6  6  6  6 
    42 |  6  6  6  6  6  6 
    43 | 10 10 10 10 10  . 
    44 | 10 10 10 10 10  . 
    45 | 10 10 10 10 10  . 
    46 | 10 10 10 10 10  . 
    47 | 10 10 10 10 10  . 
    48 |  2  2  2  2  2  2 
    49 |  2  2  2  2  2  2 
    50 |  .  .  .  .  .  . 
    51 |  .  .  .  .  .  . 
    52 |  .  .  .  .  .  . 
    53 |  .  .  .  .  .  . 
    54 |  .  . 12 12 11 11 
    55 |  .  . 12 12 11 11 
    56 |  9  9  9  9  9  . 
    57 |  9  9  9  9  9  . 
    58 |  9  9  9  9  9  . 
    59 |  9  9  9  9  9  . 
    60 |  9  9  9  9  9  . 
    61 |  .  .  .  .  .  . 
    62 |  .  .  .  .  .  . 
    
    Boxes' corners:       (w,l)
        Box  1 is at 
            top left     (0,3)
            bottom right (5,4)
    
        Box  2 is at 
            top left     (0,48)
            bottom right (5,49)
    
        Box  3 is at 
            top left     (0,38)
            bottom right (5,39)
    
        Box  4 is at 
            top left     (0,1)
            bottom right (5,2)
    
        Box  5 is at 
            top left     (0,36)
            bottom right (5,37)
    
        Box  6 is at 
            top left     (0,41)
            bottom right (5,42)
    
        Box  7 is at 
            top left     (0,20)
            bottom right (4,24)
    
        Box  8 is at 
            top left     (1,5)
            bottom right (5,9)
    
        Box  9 is at 
            top left     (0,56)
            bottom right (4,60)
    
        Box 10 is at 
            top left     (0,43)
            bottom right (4,47)
    
        Box 11 is at 
            top left     (4,54)
            bottom right (5,55)
    
        Box 12 is at 
            top left     (2,54)
            bottom right (3,55)
    
        Box 13 is at 
            top left     (0,31)
            bottom right (1,33)
    
        Roll length used: 61

    [1;34mTry max length:[0m 60
    [1;34m    At iteration:[0m 1
        lingeling found a solution in 2.259 ms

       | W
     L | 0  1  2  3  4  5 
    ---------------------
     0 | 5  5  5  5  5  5 
     1 | 5  5  5  5  5  5 
     2 | 1  1  1  1  1  1 
     3 | 1  1  1  1  1  1 
     4 | .  .  .  .  .  . 
     5 | .  7  7  7  7  7 
     6 | .  7  7  7  7  7 
     7 | .  7  7  7  7  7 
     8 | .  7  7  7  7  7 
     9 | .  7  7  7  7  7 
    10 | .  .  .  .  .  . 
    11 | .  .  .  .  .  . 
    12 | .  .  .  .  .  . 
    13 | 3  3  .  .  .  . 
    14 | 3  3  .  .  .  . 
    15 | 3  3  .  .  .  . 
    16 | 3  3  .  .  .  . 
    17 | 3  3  .  .  .  . 
    18 | 3  3  .  .  .  . 
    19 | .  .  .  .  .  . 
    20 | .  .  .  .  .  . 
    21 | .  .  .  .  .  . 
    22 | .  .  .  .  .  . 
    23 | .  .  .  .  .  . 
    24 | 8  8  8  8  8  . 
    25 | 8  8  8  8  8  . 
    26 | 8  8  8  8  8  . 
    27 | 8  8  8  8  8  . 
    28 | 8  8  8  8  8  . 
    29 | .  .  .  .  .  . 
    30 | .  .  .  .  .  . 
    31 | 2  2  .  .  .  . 
    32 | 2  2  .  .  .  . 
    33 | 2  2  .  .  .  . 
    34 | 2  2  .  .  .  . 
    35 | 2  2  .  .  .  . 
    36 | 2  2  .  .  .  . 
    37 | .  .  .  .  .  . 
    38 | 6  6  6  6  6  6 
    39 | 6  6  6  6  6  6 
    40 | .  .  .  .  .  . 
    41 | .  .  .  .  .  . 
    42 | 9  9  9  9  9  . 
    43 | 9  9  9  9  9  . 
    44 | 9  9  9  9  9  . 
    45 | 9  9  9  9  9  . 
    46 | 9  9  9  9  9  . 
    47 | .  .  .  .  .  . 
    48 | 4  4  4  4  4  4 
    49 | 4  4  4  4  4  4 
    50 | . 10 10 10 10 10 
    51 | . 10 10 10 10 10 
    52 | . 10 10 10 10 10 
    53 | . 10 10 10 10 10 
    54 | . 10 10 10 10 10 
    55 | .  .  . 13 13 13 
    56 | . 11 11 13 13 13 
    57 | . 11 11  .  .  . 
    58 | .  .  . 12 12  . 
    59 | .  .  . 12 12  . 
    
    Boxes' corners:       (w,l)
        Box  1 is at 
            top left     (0,2)
            bottom right (5,3)
    
        Box  2 is at 
            top left     (0,31)
            bottom right (1,36)
    
        Box  3 is at 
            top left     (0,13)
            bottom right (1,18)
    
        Box  4 is at 
            top left     (0,48)
            bottom right (5,49)
    
        Box  5 is at 
            top left     (0,0)
            bottom right (5,1)
    
        Box  6 is at 
            top left     (0,38)
            bottom right (5,39)
    
        Box  7 is at 
            top left     (1,5)
            bottom right (5,9)
    
        Box  8 is at 
            top left     (0,24)
            bottom right (4,28)
    
        Box  9 is at 
            top left     (0,42)
            bottom right (4,46)
    
        Box 10 is at 
            top left     (1,50)
            bottom right (5,54)
    
        Box 11 is at 
            top left     (1,56)
            bottom right (2,57)
    
        Box 12 is at 
            top left     (3,58)
            bottom right (4,59)
    
        Box 13 is at 
            top left     (3,55)
            bottom right (5,56)
    
        Roll length used: 60

    [1;34mTry max length:[0m 59
    [1;34m    At iteration:[0m 2
        lingeling found a solution in 2.288 ms

       | W
     L |  0  1  2  3  4  5 
    ----------------------
     0 |  .  .  .  .  .  . 
     1 |  4  4  4  4  4  4 
     2 |  4  4  4  4  4  4 
     3 |  1  1  1  1  1  1 
     4 |  1  1  1  1  1  1 
     5 |  .  .  .  .  .  . 
     6 |  .  .  .  .  .  . 
     7 |  .  .  .  .  .  . 
     8 |  3  3  3  3  3  3 
     9 |  3  3  3  3  3  3 
    10 |  .  .  .  .  .  . 
    11 |  .  .  .  .  .  . 
    12 |  .  .  .  .  .  . 
    13 |  .  .  .  .  .  . 
    14 |  .  .  .  .  .  . 
    15 |  .  .  .  .  .  . 
    16 |  .  .  .  .  .  . 
    17 |  .  .  .  .  .  . 
    18 |  .  .  .  .  .  . 
    19 |  .  .  .  .  .  . 
    20 |  .  .  .  .  .  . 
    21 |  .  .  .  .  .  . 
    22 |  .  .  .  .  .  . 
    23 |  .  .  .  .  .  . 
    24 |  .  .  .  .  .  . 
    25 |  .  .  .  .  .  . 
    26 |  .  .  .  .  .  . 
    27 |  .  .  .  .  .  . 
    28 |  5  5  5  5  5  5 
    29 |  5  5  5  5  5  5 
    30 |  .  .  .  . 11 11 
    31 |  .  .  .  . 11 11 
    32 |  2  2  2  2  2  2 
    33 |  2  2  2  2  2  2 
    34 | 12 12  . 13 13 13 
    35 | 12 12  . 13 13 13 
    36 |  6  6  6  6  6  6 
    37 |  6  6  6  6  6  6 
    38 |  .  .  .  .  .  . 
    39 | 10 10 10 10 10  . 
    40 | 10 10 10 10 10  . 
    41 | 10 10 10 10 10  . 
    42 | 10 10 10 10 10  . 
    43 | 10 10 10 10 10  . 
    44 |  9  9  9  9  9  . 
    45 |  9  9  9  9  9  . 
    46 |  9  9  9  9  9  . 
    47 |  9  9  9  9  9  . 
    48 |  9  9  9  9  9  . 
    49 |  8  8  8  8  8  . 
    50 |  8  8  8  8  8  . 
    51 |  8  8  8  8  8  . 
    52 |  8  8  8  8  8  . 
    53 |  8  8  8  8  8  . 
    54 |  7  7  7  7  7  . 
    55 |  7  7  7  7  7  . 
    56 |  7  7  7  7  7  . 
    57 |  7  7  7  7  7  . 
    58 |  7  7  7  7  7  . 
    
    Boxes' corners:       (w,l)
        Box  1 is at 
            top left     (0,3)
            bottom right (5,4)
    
        Box  2 is at 
            top left     (0,32)
            bottom right (5,33)
    
        Box  3 is at 
            top left     (0,8)
            bottom right (5,9)
    
        Box  4 is at 
            top left     (0,1)
            bottom right (5,2)
    
        Box  5 is at 
            top left     (0,28)
            bottom right (5,29)
    
        Box  6 is at 
            top left     (0,36)
            bottom right (5,37)
    
        Box  7 is at 
            top left     (0,54)
            bottom right (4,58)
    
        Box  8 is at 
            top left     (0,49)
            bottom right (4,53)
    
        Box  9 is at 
            top left     (0,44)
            bottom right (4,48)
    
        Box 10 is at 
            top left     (0,39)
            bottom right (4,43)
    
        Box 11 is at 
            top left     (4,30)
            bottom right (5,31)
    
        Box 12 is at 
            top left     (0,34)
            bottom right (1,35)
    
        Box 13 is at 
            top left     (3,34)
            bottom right (5,35)
    
        Roll length used: 59

    [1;34mTry max length:[0m 58
    [1;34m    At iteration:[0m 3
        lingeling found a solution in 2.150 ms

       | W
     L |  0  1  2  3  4  5 
    ----------------------
     0 |  .  .  .  .  .  . 
     1 |  1  1  1  1  1  1 
     2 |  1  1  1  1  1  1 
     3 |  .  .  .  .  .  . 
     4 |  .  .  .  .  .  . 
     5 |  .  .  .  .  .  . 
     6 |  4  4  4  4  4  4 
     7 |  4  4  4  4  4  4 
     8 |  .  .  .  .  .  . 
     9 |  .  .  .  .  .  . 
    10 |  .  .  .  .  .  . 
    11 |  .  .  .  .  .  . 
    12 |  .  .  .  .  .  . 
    13 |  .  .  .  .  .  . 
    14 |  .  .  .  .  .  . 
    15 |  .  .  .  .  .  . 
    16 |  2  2  .  .  .  . 
    17 |  2  2  .  .  .  . 
    18 |  2  2  .  .  .  . 
    19 |  2  2  .  .  .  . 
    20 |  2  2  .  .  .  . 
    21 |  2  2  .  .  .  . 
    22 |  . 13 13 13  .  . 
    23 |  . 13 13 13  .  . 
    24 |  .  .  .  .  .  . 
    25 |  .  .  .  .  .  . 
    26 |  .  .  .  .  .  . 
    27 |  .  .  .  .  .  . 
    28 |  .  .  .  .  .  . 
    29 |  .  7  7  7  7  7 
    30 |  .  7  7  7  7  7 
    31 |  .  7  7  7  7  7 
    32 |  .  7  7  7  7  7 
    33 |  .  7  7  7  7  7 
    34 |  6  6  6  6  6  6 
    35 |  6  6  6  6  6  6 
    36 |  5  5  5  5  5  5 
    37 |  5  5  5  5  5  5 
    38 | 10 10 10 10 10  . 
    39 | 10 10 10 10 10  . 
    40 | 10 10 10 10 10  . 
    41 | 10 10 10 10 10  . 
    42 | 10 10 10 10 10  . 
    43 |  9  9  9  9  9  . 
    44 |  9  9  9  9  9  . 
    45 |  9  9  9  9  9  . 
    46 |  9  9  9  9  9  . 
    47 |  9  9  9  9  9  . 
    48 |  8  8  8  8  8  . 
    49 |  8  8  8  8  8  . 
    50 |  8  8  8  8  8  . 
    51 |  8  8  8  8  8  . 
    52 |  8  8  8  8  8  . 
    53 |  3  3  3  3  3  3 
    54 |  3  3  3  3  3  3 
    55 |  .  .  .  . 11 11 
    56 |  .  . 12 12 11 11 
    57 |  .  . 12 12  .  . 
    
    Boxes' corners:       (w,l)
        Box  1 is at 
            top left     (0,1)
            bottom right (5,2)
    
        Box  2 is at 
            top left     (0,16)
            bottom right (1,21)
    
        Box  3 is at 
            top left     (0,53)
            bottom right (5,54)
    
        Box  4 is at 
            top left     (0,6)
            bottom right (5,7)
    
        Box  5 is at 
            top left     (0,36)
            bottom right (5,37)
    
        Box  6 is at 
            top left     (0,34)
            bottom right (5,35)
    
        Box  7 is at 
            top left     (1,29)
            bottom right (5,33)
    
        Box  8 is at 
            top left     (0,48)
            bottom right (4,52)
    
        Box  9 is at 
            top left     (0,43)
            bottom right (4,47)
    
        Box 10 is at 
            top left     (0,38)
            bottom right (4,42)
    
        Box 11 is at 
            top left     (4,55)
            bottom right (5,56)
    
        Box 12 is at 
            top left     (2,56)
            bottom right (3,57)
    
        Box 13 is at 
            top left     (1,22)
            bottom right (3,23)
    
        Roll length used: 58

    [1;34mTry max length:[0m 57
    [1;34m    At iteration:[0m 4
        lingeling found a solution in 2.105 ms

       | W
     L | 0  1  2  3  4  5 
    ---------------------
     0 | 4  4  4  4  4  4 
     1 | 4  4  4  4  4  4 
     2 | 5  5  5  5  5  5 
     3 | 5  5  5  5  5  5 
     4 | .  .  .  .  .  . 
     5 | 8  8  8  8  8  . 
     6 | 8  8  8  8  8  . 
     7 | 8  8  8  8  8  . 
     8 | 8  8  8  8  8  . 
     9 | 8  8  8  8  8  . 
    10 | .  .  .  .  .  . 
    11 | .  .  .  .  .  . 
    12 | 1  1  1  1  1  1 
    13 | 1  1  1  1  1  1 
    14 | .  .  .  .  .  . 
    15 | .  .  .  .  .  . 
    16 | .  .  . 13 13 13 
    17 | .  .  . 13 13 13 
    18 | .  .  .  .  .  . 
    19 | 3  3  .  .  .  . 
    20 | 3  3  .  .  .  . 
    21 | 3  3  .  .  .  . 
    22 | 3  3  .  .  .  . 
    23 | 3  3  .  .  .  . 
    24 | 3  3  .  .  .  . 
    25 | .  .  . 12 12  . 
    26 | .  .  . 12 12  . 
    27 | 7  7  7  7  7  . 
    28 | 7  7  7  7  7  . 
    29 | 7  7  7  7  7  . 
    30 | 7  7  7  7  7  . 
    31 | 7  7  7  7  7  . 
    32 | .  . 11 11  .  . 
    33 | .  . 11 11  .  . 
    34 | 2  2  2  2  2  2 
    35 | 2  2  2  2  2  2 
    36 | .  .  .  .  .  . 
    37 | .  .  .  .  .  . 
    38 | 6  6  6  6  6  6 
    39 | 6  6  6  6  6  6 
    40 | .  .  .  .  .  . 
    41 | .  .  .  .  .  . 
    42 | 9  9  9  9  9  . 
    43 | 9  9  9  9  9  . 
    44 | 9  9  9  9  9  . 
    45 | 9  9  9  9  9  . 
    46 | 9  9  9  9  9  . 
    47 | .  .  .  .  .  . 
    48 | . 10 10 10 10 10 
    49 | . 10 10 10 10 10 
    50 | . 10 10 10 10 10 
    51 | . 10 10 10 10 10 
    52 | . 10 10 10 10 10 
    53 | .  .  .  .  .  . 
    54 | .  .  .  .  .  . 
    55 | .  .  .  .  .  . 
    56 | .  .  .  .  .  . 
    
    Boxes' corners:       (w,l)
        Box  1 is at 
            top left     (0,12)
            bottom right (5,13)
    
        Box  2 is at 
            top left     (0,34)
            bottom right (5,35)
    
        Box  3 is at 
            top left     (0,19)
            bottom right (1,24)
    
        Box  4 is at 
            top left     (0,0)
            bottom right (5,1)
    
        Box  5 is at 
            top left     (0,2)
            bottom right (5,3)
    
        Box  6 is at 
            top left     (0,38)
            bottom right (5,39)
    
        Box  7 is at 
            top left     (0,27)
            bottom right (4,31)
    
        Box  8 is at 
            top left     (0,5)
            bottom right (4,9)
    
        Box  9 is at 
            top left     (0,42)
            bottom right (4,46)
    
        Box 10 is at 
            top left     (1,48)
            bottom right (5,52)
    
        Box 11 is at 
            top left     (2,32)
            bottom right (3,33)
    
        Box 12 is at 
            top left     (3,25)
            bottom right (4,26)
    
        Box 13 is at 
            top left     (3,16)
            bottom right (5,17)
    
        Roll length used: 53

    [1;34mTry max length:[0m 52
    [1;34m    At iteration:[0m 5
        lingeling found a solution in 1.782 ms

       | W
     L |  0  1  2  3  4  5 
    ----------------------
     0 |  1  1  1  1  1  1 
     1 |  1  1  1  1  1  1 
     2 |  6  6  6  6  6  6 
     3 |  6  6  6  6  6  6 
     4 |  .  .  .  .  .  . 
     5 |  .  .  .  .  .  . 
     6 |  .  .  .  .  .  . 
     7 |  .  .  .  .  .  . 
     8 |  .  .  .  .  .  . 
     9 |  .  .  .  .  .  . 
    10 |  .  .  .  .  .  . 
    11 |  .  .  .  .  .  . 
    12 |  .  .  .  .  .  . 
    13 |  .  .  .  .  .  . 
    14 |  .  .  .  .  .  . 
    15 |  .  .  .  .  .  . 
    16 |  .  .  .  .  .  . 
    17 |  .  .  .  .  .  . 
    18 |  .  .  .  .  .  . 
    19 |  .  .  .  .  .  . 
    20 |  .  .  .  . 12 12 
    21 |  .  .  .  . 12 12 
    22 | 11 11  . 13 13 13 
    23 | 11 11  . 13 13 13 
    24 |  5  5  5  5  5  5 
    25 |  5  5  5  5  5  5 
    26 |  4  4  4  4  4  4 
    27 |  4  4  4  4  4  4 
    28 |  3  3  3  3  3  3 
    29 |  3  3  3  3  3  3 
    30 |  2  2  2  2  2  2 
    31 |  2  2  2  2  2  2 
    32 | 10 10 10 10 10  . 
    33 | 10 10 10 10 10  . 
    34 | 10 10 10 10 10  . 
    35 | 10 10 10 10 10  . 
    36 | 10 10 10 10 10  . 
    37 |  9  9  9  9  9  . 
    38 |  9  9  9  9  9  . 
    39 |  9  9  9  9  9  . 
    40 |  9  9  9  9  9  . 
    41 |  9  9  9  9  9  . 
    42 |  8  8  8  8  8  . 
    43 |  8  8  8  8  8  . 
    44 |  8  8  8  8  8  . 
    45 |  8  8  8  8  8  . 
    46 |  8  8  8  8  8  . 
    47 |  7  7  7  7  7  . 
    48 |  7  7  7  7  7  . 
    49 |  7  7  7  7  7  . 
    50 |  7  7  7  7  7  . 
    51 |  7  7  7  7  7  . 
    
    Boxes' corners:       (w,l)
        Box  1 is at 
            top left     (0,0)
            bottom right (5,1)
    
        Box  2 is at 
            top left     (0,30)
            bottom right (5,31)
    
        Box  3 is at 
            top left     (0,28)
            bottom right (5,29)
    
        Box  4 is at 
            top left     (0,26)
            bottom right (5,27)
    
        Box  5 is at 
            top left     (0,24)
            bottom right (5,25)
    
        Box  6 is at 
            top left     (0,2)
            bottom right (5,3)
    
        Box  7 is at 
            top left     (0,47)
            bottom right (4,51)
    
        Box  8 is at 
            top left     (0,42)
            bottom right (4,46)
    
        Box  9 is at 
            top left     (0,37)
            bottom right (4,41)
    
        Box 10 is at 
            top left     (0,32)
            bottom right (4,36)
    
        Box 11 is at 
            top left     (0,22)
            bottom right (1,23)
    
        Box 12 is at 
            top left     (4,20)
            bottom right (5,21)
    
        Box 13 is at 
            top left     (3,22)
            bottom right (5,23)
    
        Roll length used: 52

    [1;34mTry max length:[0m 51
    [1;34m    At iteration:[0m 6
        lingeling found a solution in 1.818 ms

       | W
     L |  0  1  2  3  4  5 
    ----------------------
     0 |  6  6  6  6  6  6 
     1 |  6  6  6  6  6  6 
     2 |  5  5  5  5  5  5 
     3 |  5  5  5  5  5  5 
     4 |  .  .  2  2  .  . 
     5 |  .  .  2  2  .  . 
     6 |  .  .  2  2  .  . 
     7 |  .  .  2  2  .  . 
     8 |  .  .  2  2  .  . 
     9 |  .  .  2  2  .  . 
    10 |  .  8  8  8  8  8 
    11 |  .  8  8  8  8  8 
    12 |  .  8  8  8  8  8 
    13 |  .  8  8  8  8  8 
    14 |  .  8  8  8  8  8 
    15 |  .  7  7  7  7  7 
    16 |  .  7  7  7  7  7 
    17 |  .  7  7  7  7  7 
    18 |  .  7  7  7  7  7 
    19 |  .  7  7  7  7  7 
    20 |  .  .  .  .  .  . 
    21 |  .  .  .  .  .  . 
    22 |  1  1  1  1  1  1 
    23 |  1  1  1  1  1  1 
    24 |  .  .  .  .  .  . 
    25 |  4  4  4  4  4  4 
    26 |  4  4  4  4  4  4 
    27 |  .  .  .  3  3  . 
    28 |  .  .  .  3  3  . 
    29 |  .  .  .  3  3  . 
    30 |  .  .  .  3  3  . 
    31 |  .  .  .  3  3  . 
    32 | 13 13 13  3  3  . 
    33 | 13 13 13  .  .  . 
    34 |  .  .  .  .  .  . 
    35 |  .  .  .  .  .  . 
    36 |  9  9  9  9  9  . 
    37 |  9  9  9  9  9  . 
    38 |  9  9  9  9  9  . 
    39 |  9  9  9  9  9  . 
    40 |  9  9  9  9  9  . 
    41 |  .  .  .  .  .  . 
    42 |  .  .  .  .  .  . 
    43 |  .  . 12 12 11 11 
    44 |  .  . 12 12 11 11 
    45 | 10 10 10 10 10  . 
    46 | 10 10 10 10 10  . 
    47 | 10 10 10 10 10  . 
    48 | 10 10 10 10 10  . 
    49 | 10 10 10 10 10  . 
    50 |  .  .  .  .  .  . 
    
    Boxes' corners:       (w,l)
        Box  1 is at 
            top left     (0,22)
            bottom right (5,23)
    
        Box  2 is at 
            top left     (2,4)
            bottom right (3,9)
    
        Box  3 is at 
            top left     (3,27)
            bottom right (4,32)
    
        Box  4 is at 
            top left     (0,25)
            bottom right (5,26)
    
        Box  5 is at 
            top left     (0,2)
            bottom right (5,3)
    
        Box  6 is at 
            top left     (0,0)
            bottom right (5,1)
    
        Box  7 is at 
            top left     (1,15)
            bottom right (5,19)
    
        Box  8 is at 
            top left     (1,10)
            bottom right (5,14)
    
        Box  9 is at 
            top left     (0,36)
            bottom right (4,40)
    
        Box 10 is at 
            top left     (0,45)
            bottom right (4,49)
    
        Box 11 is at 
            top left     (4,43)
            bottom right (5,44)
    
        Box 12 is at 
            top left     (2,43)
            bottom right (3,44)
    
        Box 13 is at 
            top left     (0,32)
            bottom right (2,33)
    
        Roll length used: 50

    [1;34mTry max length:[0m 49
    [1;34m    At iteration:[0m 7
        lingeling found a solution in 1.585 ms

       | W
     L |  0  1  2  3  4 5 
    ---------------------
     0 |  6  6  6  6  6 6 
     1 |  6  6  6  6  6 6 
     2 |  5  5  5  5  5 5 
     3 |  5  5  5  5  5 5 
     4 |  3  3  3  3  3 3 
     5 |  3  3  3  3  3 3 
     6 |  .  .  .  .  . . 
     7 |  1  1  .  .  . . 
     8 |  1  1  .  .  . . 
     9 |  1  1  .  .  . . 
    10 |  1  1  .  .  . . 
    11 |  1  1  .  .  . . 
    12 |  1  1  .  .  . . 
    13 |  7  7  7  7  7 . 
    14 |  7  7  7  7  7 . 
    15 |  7  7  7  7  7 . 
    16 |  7  7  7  7  7 . 
    17 |  7  7  7  7  7 . 
    18 |  .  .  .  .  . . 
    19 |  .  .  .  .  . . 
    20 |  4  4  4  4  4 4 
    21 |  4  4  4  4  4 4 
    22 |  2  2  .  .  . . 
    23 |  2  2  .  .  . . 
    24 |  2  2  .  .  . . 
    25 |  2  2  .  .  . . 
    26 |  2  2  .  .  . . 
    27 |  2  2 13 13 13 . 
    28 | 12 12 13 13 13 . 
    29 | 12 12  .  .  . . 
    30 |  8  8  8  8  8 . 
    31 |  8  8  8  8  8 . 
    32 |  8  8  8  8  8 . 
    33 |  8  8  8  8  8 . 
    34 |  8  8  8  8  8 . 
    35 | 10 10 10 10 10 . 
    36 | 10 10 10 10 10 . 
    37 | 10 10 10 10 10 . 
    38 | 10 10 10 10 10 . 
    39 | 10 10 10 10 10 . 
    40 |  .  . 11 11  . . 
    41 |  .  . 11 11  . . 
    42 |  9  9  9  9  9 . 
    43 |  9  9  9  9  9 . 
    44 |  9  9  9  9  9 . 
    45 |  9  9  9  9  9 . 
    46 |  9  9  9  9  9 . 
    47 |  .  .  .  .  . . 
    48 |  .  .  .  .  . . 
    
    Boxes' corners:       (w,l)
        Box  1 is at 
            top left     (0,7)
            bottom right (1,12)
    
        Box  2 is at 
            top left     (0,22)
            bottom right (1,27)
    
        Box  3 is at 
            top left     (0,4)
            bottom right (5,5)
    
        Box  4 is at 
            top left     (0,20)
            bottom right (5,21)
    
        Box  5 is at 
            top left     (0,2)
            bottom right (5,3)
    
        Box  6 is at 
            top left     (0,0)
            bottom right (5,1)
    
        Box  7 is at 
            top left     (0,13)
            bottom right (4,17)
    
        Box  8 is at 
            top left     (0,30)
            bottom right (4,34)
    
        Box  9 is at 
            top left     (0,42)
            bottom right (4,46)
    
        Box 10 is at 
            top left     (0,35)
            bottom right (4,39)
    
        Box 11 is at 
            top left     (2,40)
            bottom right (3,41)
    
        Box 12 is at 
            top left     (0,28)
            bottom right (1,29)
    
        Box 13 is at 
            top left     (2,27)
            bottom right (4,28)
    
        Roll length used: 47

    [1;34mTry max length:[0m 46
    [1;34m    At iteration:[0m 8
        lingeling found a solution in 1.473 ms

       | W
     L | 0  1  2  3  4  5 
    ---------------------
     0 | 1  1  1  1  1  1 
     1 | 1  1  1  1  1  1 
     2 | 3  3  3  3  3  3 
     3 | 3  3  3  3  3  3 
     4 | .  .  .  . 13 13 
     5 | .  .  .  . 13 13 
     6 | .  .  .  . 13 13 
     7 | 5  5  5  5  5  5 
     8 | 5  5  5  5  5  5 
     9 | .  2  2  .  .  . 
    10 | .  2  2  .  .  . 
    11 | .  2  2  . 12 12 
    12 | .  2  2  . 12 12 
    13 | .  2  2  .  .  . 
    14 | .  2  2  .  .  . 
    15 | .  .  .  .  .  . 
    16 | .  .  .  .  .  . 
    17 | .  .  .  .  .  . 
    18 | .  .  .  .  .  . 
    19 | 6  6  6  6  6  6 
    20 | 6  6  6  6  6  6 
    21 | 4  4  4  4  4  4 
    22 | 4  4  4  4  4  4 
    23 | .  .  .  . 11 11 
    24 | .  .  .  . 11 11 
    25 | .  .  .  .  .  . 
    26 | .  9  9  9  9  9 
    27 | .  9  9  9  9  9 
    28 | .  9  9  9  9  9 
    29 | .  9  9  9  9  9 
    30 | .  9  9  9  9  9 
    31 | .  7  7  7  7  7 
    32 | .  7  7  7  7  7 
    33 | .  7  7  7  7  7 
    34 | .  7  7  7  7  7 
    35 | .  7  7  7  7  7 
    36 | . 10 10 10 10 10 
    37 | . 10 10 10 10 10 
    38 | . 10 10 10 10 10 
    39 | . 10 10 10 10 10 
    40 | . 10 10 10 10 10 
    41 | .  8  8  8  8  8 
    42 | .  8  8  8  8  8 
    43 | .  8  8  8  8  8 
    44 | .  8  8  8  8  8 
    45 | .  8  8  8  8  8 
    
    Boxes' corners:       (w,l)
        Box  1 is at 
            top left     (0,0)
            bottom right (5,1)
    
        Box  2 is at 
            top left     (1,9)
            bottom right (2,14)
    
        Box  3 is at 
            top left     (0,2)
            bottom right (5,3)
    
        Box  4 is at 
            top left     (0,21)
            bottom right (5,22)
    
        Box  5 is at 
            top left     (0,7)
            bottom right (5,8)
    
        Box  6 is at 
            top left     (0,19)
            bottom right (5,20)
    
        Box  7 is at 
            top left     (1,31)
            bottom right (5,35)
    
        Box  8 is at 
            top left     (1,41)
            bottom right (5,45)
    
        Box  9 is at 
            top left     (1,26)
            bottom right (5,30)
    
        Box 10 is at 
            top left     (1,36)
            bottom right (5,40)
    
        Box 11 is at 
            top left     (4,23)
            bottom right (5,24)
    
        Box 12 is at 
            top left     (4,11)
            bottom right (5,12)
    
        Box 13 is at 
            top left     (4,4)
            bottom right (5,6)
    
        Roll length used: 46

    [1;34mTry max length:[0m 45
    [1;34m    At iteration:[0m 9
        lingeling found a solution in 1.659 ms

       | W
     L |  0  1  2  3  4 5 
    ---------------------
     0 |  4  4  4  4  4 4 
     1 |  4  4  4  4  4 4 
     2 |  .  .  .  .  . . 
     3 |  .  . 13 13  . . 
     4 |  .  . 13 13  . . 
     5 |  1  1 13 13  . . 
     6 |  1  1  .  3  3 . 
     7 |  1  1  .  3  3 . 
     8 |  1  1  .  3  3 . 
     9 |  1  1  .  3  3 . 
    10 |  1  1  .  3  3 . 
    11 |  .  .  .  3  3 . 
    12 |  .  .  .  .  2 2 
    13 |  .  .  .  .  2 2 
    14 |  .  .  .  .  2 2 
    15 |  .  .  .  .  2 2 
    16 | 12 12 11 11  2 2 
    17 | 12 12 11 11  2 2 
    18 |  .  7  7  7  7 7 
    19 |  .  7  7  7  7 7 
    20 |  .  7  7  7  7 7 
    21 |  .  7  7  7  7 7 
    22 |  .  7  7  7  7 7 
    23 |  .  .  .  .  . . 
    24 |  5  5  5  5  5 5 
    25 |  5  5  5  5  5 5 
    26 |  6  6  6  6  6 6 
    27 |  6  6  6  6  6 6 
    28 |  .  .  .  .  . . 
    29 | 10 10 10 10 10 . 
    30 | 10 10 10 10 10 . 
    31 | 10 10 10 10 10 . 
    32 | 10 10 10 10 10 . 
    33 | 10 10 10 10 10 . 
    34 |  9  9  9  9  9 . 
    35 |  9  9  9  9  9 . 
    36 |  9  9  9  9  9 . 
    37 |  9  9  9  9  9 . 
    38 |  9  9  9  9  9 . 
    39 |  8  8  8  8  8 . 
    40 |  8  8  8  8  8 . 
    41 |  8  8  8  8  8 . 
    42 |  8  8  8  8  8 . 
    43 |  8  8  8  8  8 . 
    44 |  .  .  .  .  . . 
    
    Boxes' corners:       (w,l)
        Box  1 is at 
            top left     (0,5)
            bottom right (1,10)
    
        Box  2 is at 
            top left     (4,12)
            bottom right (5,17)
    
        Box  3 is at 
            top left     (3,6)
            bottom right (4,11)
    
        Box  4 is at 
            top left     (0,0)
            bottom right (5,1)
    
        Box  5 is at 
            top left     (0,24)
            bottom right (5,25)
    
        Box  6 is at 
            top left     (0,26)
            bottom right (5,27)
    
        Box  7 is at 
            top left     (1,18)
            bottom right (5,22)
    
        Box  8 is at 
            top left     (0,39)
            bottom right (4,43)
    
        Box  9 is at 
            top left     (0,34)
            bottom right (4,38)
    
        Box 10 is at 
            top left     (0,29)
            bottom right (4,33)
    
        Box 11 is at 
            top left     (2,16)
            bottom right (3,17)
    
        Box 12 is at 
            top left     (0,16)
            bottom right (1,17)
    
        Box 13 is at 
            top left     (2,3)
            bottom right (3,5)
    
        Roll length used: 44

    [1;34mTry max length:[0m 43
    [1;34m    At iteration:[0m 10
        lingeling found a solution in 1.328 ms

       | W
     L | 0  1  2  3  4  5 
    ---------------------
     0 | 4  4  4  4  4  4 
     1 | 4  4  4  4  4  4 
     2 | 2  2  2  2  2  2 
     3 | 2  2  2  2  2  2 
     4 | 6  6  6  6  6  6 
     5 | 6  6  6  6  6  6 
     6 | .  .  .  .  .  . 
     7 | .  .  .  .  .  . 
     8 | 5  5  5  5  5  5 
     9 | 5  5  5  5  5  5 
    10 | .  8  8  8  8  8 
    11 | .  8  8  8  8  8 
    12 | .  8  8  8  8  8 
    13 | .  8  8  8  8  8 
    14 | .  8  8  8  8  8 
    15 | .  .  .  .  .  . 
    16 | .  .  .  .  .  . 
    17 | .  .  .  .  .  . 
    18 | 1  1  .  .  .  . 
    19 | 1  1  . 13 13 13 
    20 | 1  1  . 13 13 13 
    21 | 1  1  .  .  .  . 
    22 | 1  1 12 12 11 11 
    23 | 1  1 12 12 11 11 
    24 | 3  3  3  3  3  3 
    25 | 3  3  3  3  3  3 
    26 | .  .  .  .  .  . 
    27 | 9  9  9  9  9  . 
    28 | 9  9  9  9  9  . 
    29 | 9  9  9  9  9  . 
    30 | 9  9  9  9  9  . 
    31 | 9  9  9  9  9  . 
    32 | . 10 10 10 10 10 
    33 | . 10 10 10 10 10 
    34 | . 10 10 10 10 10 
    35 | . 10 10 10 10 10 
    36 | . 10 10 10 10 10 
    37 | .  .  .  .  .  . 
    38 | 7  7  7  7  7  . 
    39 | 7  7  7  7  7  . 
    40 | 7  7  7  7  7  . 
    41 | 7  7  7  7  7  . 
    42 | 7  7  7  7  7  . 
    
    Boxes' corners:       (w,l)
        Box  1 is at 
            top left     (0,18)
            bottom right (1,23)
    
        Box  2 is at 
            top left     (0,2)
            bottom right (5,3)
    
        Box  3 is at 
            top left     (0,24)
            bottom right (5,25)
    
        Box  4 is at 
            top left     (0,0)
            bottom right (5,1)
    
        Box  5 is at 
            top left     (0,8)
            bottom right (5,9)
    
        Box  6 is at 
            top left     (0,4)
            bottom right (5,5)
    
        Box  7 is at 
            top left     (0,38)
            bottom right (4,42)
    
        Box  8 is at 
            top left     (1,10)
            bottom right (5,14)
    
        Box  9 is at 
            top left     (0,27)
            bottom right (4,31)
    
        Box 10 is at 
            top left     (1,32)
            bottom right (5,36)
    
        Box 11 is at 
            top left     (4,22)
            bottom right (5,23)
    
        Box 12 is at 
            top left     (2,22)
            bottom right (3,23)
    
        Box 13 is at 
            top left     (3,19)
            bottom right (5,20)
    
        Roll length used: 43

    [1;34mTry max length:[0m 42
    [1;34m    At iteration:[0m 11
        lingeling found a solution in 1.297 ms

       | W
     L |  0  1  2  3  4  5 
    ----------------------
     0 |  . 13 13 13  .  . 
     1 |  . 13 13 13  .  . 
     2 |  1  1  1  1  1  1 
     3 |  1  1  1  1  1  1 
     4 |  .  .  .  .  .  . 
     5 |  .  .  .  .  .  . 
     6 | 10 10 10 10 10  . 
     7 | 10 10 10 10 10  . 
     8 | 10 10 10 10 10  . 
     9 | 10 10 10 10 10  . 
    10 | 10 10 10 10 10  . 
    11 |  5  5  5  5  5  5 
    12 |  5  5  5  5  5  5 
    13 |  .  7  7  7  7  7 
    14 |  .  7  7  7  7  7 
    15 |  .  7  7  7  7  7 
    16 |  .  7  7  7  7  7 
    17 |  .  7  7  7  7  7 
    18 |  8  8  8  8  8  . 
    19 |  8  8  8  8  8  . 
    20 |  8  8  8  8  8  . 
    21 |  8  8  8  8  8  . 
    22 |  8  8  8  8  8  . 
    23 |  .  3  3  .  .  . 
    24 |  .  3  3  .  6  6 
    25 |  .  3  3  .  6  6 
    26 |  .  3  3  .  6  6 
    27 |  .  3  3  .  6  6 
    28 |  .  3  3  .  6  6 
    29 |  .  .  .  .  6  6 
    30 |  .  . 12 12 11 11 
    31 |  .  . 12 12 11 11 
    32 |  9  9  9  9  9  . 
    33 |  9  9  9  9  9  . 
    34 |  9  9  9  9  9  . 
    35 |  9  9  9  9  9  . 
    36 |  9  9  9  9  9  . 
    37 |  4  4  4  4  4  4 
    38 |  4  4  4  4  4  4 
    39 |  .  .  .  .  .  . 
    40 |  2  2  2  2  2  2 
    41 |  2  2  2  2  2  2 
    
    Boxes' corners:       (w,l)
        Box  1 is at 
            top left     (0,2)
            bottom right (5,3)
    
        Box  2 is at 
            top left     (0,40)
            bottom right (5,41)
    
        Box  3 is at 
            top left     (1,23)
            bottom right (2,28)
    
        Box  4 is at 
            top left     (0,37)
            bottom right (5,38)
    
        Box  5 is at 
            top left     (0,11)
            bottom right (5,12)
    
        Box  6 is at 
            top left     (4,24)
            bottom right (5,29)
    
        Box  7 is at 
            top left     (1,13)
            bottom right (5,17)
    
        Box  8 is at 
            top left     (0,18)
            bottom right (4,22)
    
        Box  9 is at 
            top left     (0,32)
            bottom right (4,36)
    
        Box 10 is at 
            top left     (0,6)
            bottom right (4,10)
    
        Box 11 is at 
            top left     (4,30)
            bottom right (5,31)
    
        Box 12 is at 
            top left     (2,30)
            bottom right (3,31)
    
        Box 13 is at 
            top left     (1,0)
            bottom right (3,1)
    
        Roll length used: 42

    [1;34mTry max length:[0m 41
    [1;34m    At iteration:[0m 12
        lingeling found a solution in 1.264 ms

       | W
     L |  0  1  2  3  4  5 
    ----------------------
     0 |  .  . 13 13 13  . 
     1 |  .  . 13 13 13  . 
     2 |  1  1  1  1  1  1 
     3 |  1  1  1  1  1  1 
     4 |  .  .  .  .  .  . 
     5 |  .  .  .  .  .  . 
     6 |  5  5  5  5  5  5 
     7 |  5  5  5  5  5  5 
     8 | 10 10 10 10 10  . 
     9 | 10 10 10 10 10  . 
    10 | 10 10 10 10 10  . 
    11 | 10 10 10 10 10  . 
    12 | 10 10 10 10 10  . 
    13 |  4  4  4  4  4  4 
    14 |  4  4  4  4  4  4 
    15 |  .  .  .  .  .  . 
    16 |  9  9  9  9  9  . 
    17 |  9  9  9  9  9  . 
    18 |  9  9  9  9  9  . 
    19 |  9  9  9  9  9  . 
    20 |  9  9  9  9  9  . 
    21 |  8  8  8  8  8  . 
    22 |  8  8  8  8  8  . 
    23 |  8  8  8  8  8  . 
    24 |  8  8  8  8  8  . 
    25 |  8  8  8  8  8  . 
    26 |  7  7  7  7  7  . 
    27 |  7  7  7  7  7  . 
    28 |  7  7  7  7  7  . 
    29 |  7  7  7  7  7  . 
    30 |  7  7  7  7  7  . 
    31 |  3  3  3  3  3  3 
    32 |  3  3  3  3  3  3 
    33 |  .  .  .  .  .  . 
    34 |  .  .  .  .  .  . 
    35 |  .  . 12 12 11 11 
    36 |  .  . 12 12 11 11 
    37 |  2  2  2  2  2  2 
    38 |  2  2  2  2  2  2 
    39 |  6  6  6  6  6  6 
    40 |  6  6  6  6  6  6 
    
    Boxes' corners:       (w,l)
        Box  1 is at 
            top left     (0,2)
            bottom right (5,3)
    
        Box  2 is at 
            top left     (0,37)
            bottom right (5,38)
    
        Box  3 is at 
            top left     (0,31)
            bottom right (5,32)
    
        Box  4 is at 
            top left     (0,13)
            bottom right (5,14)
    
        Box  5 is at 
            top left     (0,6)
            bottom right (5,7)
    
        Box  6 is at 
            top left     (0,39)
            bottom right (5,40)
    
        Box  7 is at 
            top left     (0,26)
            bottom right (4,30)
    
        Box  8 is at 
            top left     (0,21)
            bottom right (4,25)
    
        Box  9 is at 
            top left     (0,16)
            bottom right (4,20)
    
        Box 10 is at 
            top left     (0,8)
            bottom right (4,12)
    
        Box 11 is at 
            top left     (4,35)
            bottom right (5,36)
    
        Box 12 is at 
            top left     (2,35)
            bottom right (3,36)
    
        Box 13 is at 
            top left     (2,0)
            bottom right (4,1)
    
        Roll length used: 41

    [1;34mTry max length:[0m 40
    [1;34m    At iteration:[0m 13
        lingeling found a solution in 1.203 ms

       | W
     L |  0  1  2  3  4  5 
    ----------------------
     0 | 13 13 13  .  .  . 
     1 | 13 13 13  .  .  . 
     2 |  1  1  1  1  1  1 
     3 |  1  1  1  1  1  1 
     4 |  .  .  .  .  .  . 
     5 |  .  .  .  .  .  . 
     6 |  .  . 12 12 11 11 
     7 |  .  . 12 12 11 11 
     8 |  6  6  6  6  6  6 
     9 |  6  6  6  6  6  6 
    10 |  7  7  7  7  7  . 
    11 |  7  7  7  7  7  . 
    12 |  7  7  7  7  7  . 
    13 |  7  7  7  7  7  . 
    14 |  7  7  7  7  7  . 
    15 |  4  4  4  4  4  4 
    16 |  4  4  4  4  4  4 
    17 |  3  3  3  3  3  3 
    18 |  3  3  3  3  3  3 
    19 |  .  .  .  .  .  . 
    20 |  2  2  2  2  2  2 
    21 |  2  2  2  2  2  2 
    22 |  5  5  5  5  5  5 
    23 |  5  5  5  5  5  5 
    24 |  .  .  .  .  .  . 
    25 |  .  8  8  8  8  8 
    26 |  .  8  8  8  8  8 
    27 |  .  8  8  8  8  8 
    28 |  .  8  8  8  8  8 
    29 |  .  8  8  8  8  8 
    30 |  .  9  9  9  9  9 
    31 |  .  9  9  9  9  9 
    32 |  .  9  9  9  9  9 
    33 |  .  9  9  9  9  9 
    34 |  .  9  9  9  9  9 
    35 |  . 10 10 10 10 10 
    36 |  . 10 10 10 10 10 
    37 |  . 10 10 10 10 10 
    38 |  . 10 10 10 10 10 
    39 |  . 10 10 10 10 10 
    
    Boxes' corners:       (w,l)
        Box  1 is at 
            top left     (0,2)
            bottom right (5,3)
    
        Box  2 is at 
            top left     (0,20)
            bottom right (5,21)
    
        Box  3 is at 
            top left     (0,17)
            bottom right (5,18)
    
        Box  4 is at 
            top left     (0,15)
            bottom right (5,16)
    
        Box  5 is at 
            top left     (0,22)
            bottom right (5,23)
    
        Box  6 is at 
            top left     (0,8)
            bottom right (5,9)
    
        Box  7 is at 
            top left     (0,10)
            bottom right (4,14)
    
        Box  8 is at 
            top left     (1,25)
            bottom right (5,29)
    
        Box  9 is at 
            top left     (1,30)
            bottom right (5,34)
    
        Box 10 is at 
            top left     (1,35)
            bottom right (5,39)
    
        Box 11 is at 
            top left     (4,6)
            bottom right (5,7)
    
        Box 12 is at 
            top left     (2,6)
            bottom right (3,7)
    
        Box 13 is at 
            top left     (0,0)
            bottom right (2,1)
    
        Roll length used: 40

    [1;34mTry max length:[0m 39
    [1;34m    At iteration:[0m 14
        lingeling found a solution in 1.174 ms

       | W
     L |  0  1  2  3  4  5 
    ----------------------
     0 |  1  1  1  1  1  1 
     1 |  1  1  1  1  1  1 
     2 |  5  5  5  5  5  5 
     3 |  5  5  5  5  5  5 
     4 |  8  8  8  8  8  . 
     5 |  8  8  8  8  8  . 
     6 |  8  8  8  8  8  . 
     7 |  8  8  8  8  8  . 
     8 |  8  8  8  8  8  . 
     9 |  . 10 10 10 10 10 
    10 |  . 10 10 10 10 10 
    11 |  . 10 10 10 10 10 
    12 |  . 10 10 10 10 10 
    13 |  . 10 10 10 10 10 
    14 |  .  .  .  .  .  . 
    15 |  3  3  3  3  3  3 
    16 |  3  3  3  3  3  3 
    17 |  7  7  7  7  7  . 
    18 |  7  7  7  7  7  . 
    19 |  7  7  7  7  7  . 
    20 |  7  7  7  7  7  . 
    21 |  7  7  7  7  7  . 
    22 |  .  4  4  .  .  . 
    23 |  .  4  4  .  .  . 
    24 |  .  4  4  .  2  2 
    25 |  .  4  4  .  2  2 
    26 |  .  4  4  .  2  2 
    27 |  .  4  4  .  2  2 
    28 |  . 13 13 13  2  2 
    29 |  . 13 13 13  2  2 
    30 |  9  9  9  9  9  . 
    31 |  9  9  9  9  9  . 
    32 |  9  9  9  9  9  . 
    33 |  9  9  9  9  9  . 
    34 |  9  9  9  9  9  . 
    35 | 12 12  . 11 11  . 
    36 | 12 12  . 11 11  . 
    37 |  6  6  6  6  6  6 
    38 |  6  6  6  6  6  6 
    
    Boxes' corners:       (w,l)
        Box  1 is at 
            top left     (0,0)
            bottom right (5,1)
    
        Box  2 is at 
            top left     (4,24)
            bottom right (5,29)
    
        Box  3 is at 
            top left     (0,15)
            bottom right (5,16)
    
        Box  4 is at 
            top left     (1,22)
            bottom right (2,27)
    
        Box  5 is at 
            top left     (0,2)
            bottom right (5,3)
    
        Box  6 is at 
            top left     (0,37)
            bottom right (5,38)
    
        Box  7 is at 
            top left     (0,17)
            bottom right (4,21)
    
        Box  8 is at 
            top left     (0,4)
            bottom right (4,8)
    
        Box  9 is at 
            top left     (0,30)
            bottom right (4,34)
    
        Box 10 is at 
            top left     (1,9)
            bottom right (5,13)
    
        Box 11 is at 
            top left     (3,35)
            bottom right (4,36)
    
        Box 12 is at 
            top left     (0,35)
            bottom right (1,36)
    
        Box 13 is at 
            top left     (1,28)
            bottom right (3,29)
    
        Roll length used: 39

    [1;34mTry max length:[0m 38
    [1;34m    At iteration:[0m 15
        lingeling found a solution in 1.060 ms

       | W
     L |  0  1  2  3  4  5 
    ----------------------
     0 |  5  5  5  5  5  5 
     1 |  5  5  5  5  5  5 
     2 |  7  7  7  7  7  . 
     3 |  7  7  7  7  7  . 
     4 |  7  7  7  7  7  . 
     5 |  7  7  7  7  7  . 
     6 |  7  7  7  7  7  . 
     7 |  3  3  3  3  3  3 
     8 |  3  3  3  3  3  3 
     9 | 10 10 10 10 10  . 
    10 | 10 10 10 10 10  . 
    11 | 10 10 10 10 10  . 
    12 | 10 10 10 10 10  . 
    13 | 10 10 10 10 10  . 
    14 |  1  1  1  1  1  1 
    15 |  1  1  1  1  1  1 
    16 |  6  6  6  6  6  6 
    17 |  6  6  6  6  6  6 
    18 |  2  2  2  2  2  2 
    19 |  2  2  2  2  2  2 
    20 |  4  4  4  4  4  4 
    21 |  4  4  4  4  4  4 
    22 |  .  . 11 11 12 12 
    23 |  .  . 11 11 12 12 
    24 |  .  9  9  9  9  9 
    25 |  .  9  9  9  9  9 
    26 |  .  9  9  9  9  9 
    27 |  .  9  9  9  9  9 
    28 |  .  9  9  9  9  9 
    29 |  .  8  8  8  8  8 
    30 |  .  8  8  8  8  8 
    31 |  .  8  8  8  8  8 
    32 |  .  8  8  8  8  8 
    33 |  .  8  8  8  8  8 
    34 |  .  .  .  .  .  . 
    35 |  . 13 13 13  .  . 
    36 |  . 13 13 13  .  . 
    37 |  .  .  .  .  .  . 
    
    Boxes' corners:       (w,l)
        Box  1 is at 
            top left     (0,14)
            bottom right (5,15)
    
        Box  2 is at 
            top left     (0,18)
            bottom right (5,19)
    
        Box  3 is at 
            top left     (0,7)
            bottom right (5,8)
    
        Box  4 is at 
            top left     (0,20)
            bottom right (5,21)
    
        Box  5 is at 
            top left     (0,0)
            bottom right (5,1)
    
        Box  6 is at 
            top left     (0,16)
            bottom right (5,17)
    
        Box  7 is at 
            top left     (0,2)
            bottom right (4,6)
    
        Box  8 is at 
            top left     (1,29)
            bottom right (5,33)
    
        Box  9 is at 
            top left     (1,24)
            bottom right (5,28)
    
        Box 10 is at 
            top left     (0,9)
            bottom right (4,13)
    
        Box 11 is at 
            top left     (2,22)
            bottom right (3,23)
    
        Box 12 is at 
            top left     (4,22)
            bottom right (5,23)
    
        Box 13 is at 
            top left     (1,35)
            bottom right (3,36)
    
        Roll length used: 37

    [1;34mTry max length:[0m 36
    [1;34m    At iteration:[0m 16
        lingeling found a solution in 6.787 ms

       | W
     L | 0  1  2  3  4  5 
    ---------------------
     0 | . 10 10 10 10 10 
     1 | . 10 10 10 10 10 
     2 | . 10 10 10 10 10 
     3 | . 10 10 10 10 10 
     4 | . 10 10 10 10 10 
     5 | .  .  .  .  .  . 
     6 | .  7  7  7  7  7 
     7 | .  7  7  7  7  7 
     8 | .  7  7  7  7  7 
     9 | .  7  7  7  7  7 
    10 | .  7  7  7  7  7 
    11 | 6  6  .  . 12 12 
    12 | 6  6  1  1 12 12 
    13 | 6  6  1  1 11 11 
    14 | 6  6  1  1 11 11 
    15 | 6  6  1  1 13 13 
    16 | 6  6  1  1 13 13 
    17 | .  .  1  1 13 13 
    18 | 2  2  2  2  2  2 
    19 | 2  2  2  2  2  2 
    20 | 3  3  5  5  4  4 
    21 | 3  3  5  5  4  4 
    22 | 3  3  5  5  4  4 
    23 | 3  3  5  5  4  4 
    24 | 3  3  5  5  4  4 
    25 | 3  3  5  5  4  4 
    26 | 8  8  8  8  8  . 
    27 | 8  8  8  8  8  . 
    28 | 8  8  8  8  8  . 
    29 | 8  8  8  8  8  . 
    30 | 8  8  8  8  8  . 
    31 | .  9  9  9  9  9 
    32 | .  9  9  9  9  9 
    33 | .  9  9  9  9  9 
    34 | .  9  9  9  9  9 
    35 | .  9  9  9  9  9 
    
    Boxes' corners:       (w,l)
        Box  1 is at 
            top left     (2,12)
            bottom right (3,17)
    
        Box  2 is at 
            top left     (0,18)
            bottom right (5,19)
    
        Box  3 is at 
            top left     (0,20)
            bottom right (1,25)
    
        Box  4 is at 
            top left     (4,20)
            bottom right (5,25)
    
        Box  5 is at 
            top left     (2,20)
            bottom right (3,25)
    
        Box  6 is at 
            top left     (0,11)
            bottom right (1,16)
    
        Box  7 is at 
            top left     (1,6)
            bottom right (5,10)
    
        Box  8 is at 
            top left     (0,26)
            bottom right (4,30)
    
        Box  9 is at 
            top left     (1,31)
            bottom right (5,35)
    
        Box 10 is at 
            top left     (1,0)
            bottom right (5,4)
    
        Box 11 is at 
            top left     (4,13)
            bottom right (5,14)
    
        Box 12 is at 
            top left     (4,11)
            bottom right (5,12)
    
        Box 13 is at 
            top left     (4,15)
            bottom right (5,17)
    
        Roll length used: 36

    [1;34mTry max length:[0m 35
    [1;34m    At iteration:[0m 17
        lingeling found a solution in 10.518 ms

       | W
     L |  0  1  2  3  4  5 
    ----------------------
     0 |  9  9  9  9  9  . 
     1 |  9  9  9  9  9  . 
     2 |  9  9  9  9  9  . 
     3 |  9  9  9  9  9  . 
     4 |  9  9  9  9  9  . 
     5 |  6  6  6  6  6  6 
     6 |  6  6  6  6  6  6 
     7 |  2  2  2  2  2  2 
     8 |  2  2  2  2  2  2 
     9 |  . 10 10 10 10 10 
    10 |  . 10 10 10 10 10 
    11 |  . 10 10 10 10 10 
    12 |  . 10 10 10 10 10 
    13 |  . 10 10 10 10 10 
    14 |  1  1 13 13 12 12 
    15 |  1  1 13 13 12 12 
    16 |  1  1 13 13  3  3 
    17 |  1  1  5  5  3  3 
    18 |  1  1  5  5  3  3 
    19 |  1  1  5  5  3  3 
    20 |  .  .  5  5  3  3 
    21 | 11 11  5  5  3  3 
    22 | 11 11  5  5  .  . 
    23 |  4  4  4  4  4  4 
    24 |  4  4  4  4  4  4 
    25 |  .  7  7  7  7  7 
    26 |  .  7  7  7  7  7 
    27 |  .  7  7  7  7  7 
    28 |  .  7  7  7  7  7 
    29 |  .  7  7  7  7  7 
    30 |  8  8  8  8  8  . 
    31 |  8  8  8  8  8  . 
    32 |  8  8  8  8  8  . 
    33 |  8  8  8  8  8  . 
    34 |  8  8  8  8  8  . 
    
    Boxes' corners:       (w,l)
        Box  1 is at 
            top left     (0,14)
            bottom right (1,19)
    
        Box  2 is at 
            top left     (0,7)
            bottom right (5,8)
    
        Box  3 is at 
            top left     (4,16)
            bottom right (5,21)
    
        Box  4 is at 
            top left     (0,23)
            bottom right (5,24)
    
        Box  5 is at 
            top left     (2,17)
            bottom right (3,22)
    
        Box  6 is at 
            top left     (0,5)
            bottom right (5,6)
    
        Box  7 is at 
            top left     (1,25)
            bottom right (5,29)
    
        Box  8 is at 
            top left     (0,30)
            bottom right (4,34)
    
        Box  9 is at 
            top left     (0,0)
            bottom right (4,4)
    
        Box 10 is at 
            top left     (1,9)
            bottom right (5,13)
    
        Box 11 is at 
            top left     (0,21)
            bottom right (1,22)
    
        Box 12 is at 
            top left     (4,14)
            bottom right (5,15)
    
        Box 13 is at 
            top left     (2,14)
            bottom right (3,16)
    
        Roll length used: 35

    [1;34mTry max length:[0m 34
    [1;34m    At iteration:[0m 18
        [3;31mlingeling was timeout-terminated[0m
        [1;31mScript reached time limit[0m
