dt jun 5 19:29:12 CEST 2018
    [1;34mTry max length:[0m 999999
    [1;34m    At iteration:[0m 0
        lingeling found a solution in 1.716 ms

       | W
     L | 0 1 2 3 4 5 6  7  8 9 
    ---------------------------
     0 | . . . . . . .  .  . . 
     1 | . . . . . . .  .  . . 
     2 | . . . . . . .  .  . . 
     3 | . . . . . . .  .  . . 
     4 | . . . . . . .  .  . . 
     5 | . . . . . . .  .  . . 
     6 | . . . . . . .  .  . . 
     7 | . . . . . . .  .  . . 
     8 | . . . . . . .  .  . . 
     9 | . . . . . . .  .  . . 
    10 | . . . . . . .  .  . . 
    11 | . . . . . . .  .  . . 
    12 | . . . . 1 1 1  1  . . 
    13 | . . . . 1 1 1  1  . . 
    14 | . . . . . . .  .  . . 
    15 | . . . . . . .  .  . . 
    16 | . . . . . . .  .  . . 
    17 | . . . . . . .  .  . . 
    18 | 9 . . . . . .  .  . 8 
    19 | 9 . . . . . .  .  . 8 
    20 | 7 . . . . . .  .  . 6 
    21 | 7 . . . . . .  .  . 6 
    22 | 5 . . . . . . 10 10 4 
    23 | 5 . . . . . . 10 10 4 
    24 | 3 3 3 3 2 2 2  2  . . 
    25 | 3 3 3 3 2 2 2  2  . . 
    
    Boxes' corners:       (w,l)
        Box  1 is at 
            top left     (4,12)
            bottom right (7,13)
    
        Box  2 is at 
            top left     (4,24)
            bottom right (7,25)
    
        Box  3 is at 
            top left     (0,24)
            bottom right (3,25)
    
        Box  4 is at 
            top left     (9,22)
            bottom right (9,23)
    
        Box  5 is at 
            top left     (0,22)
            bottom right (0,23)
    
        Box  6 is at 
            top left     (9,20)
            bottom right (9,21)
    
        Box  7 is at 
            top left     (0,20)
            bottom right (0,21)
    
        Box  8 is at 
            top left     (9,18)
            bottom right (9,19)
    
        Box  9 is at 
            top left     (0,18)
            bottom right (0,19)
    
        Box 10 is at 
            top left     (7,22)
            bottom right (8,23)
    
        Roll length used: 26

    [1;34mTry max length:[0m 25
    [1;34m    At iteration:[0m 1
        lingeling found a solution in 1.593 ms

       | W
     L | 0 1 2 3 4 5 6 7  8  9 
    ---------------------------
     0 | . . . . . . . .  .  . 
     1 | . . . . . . . .  .  . 
     2 | . . . . . . . .  .  . 
     3 | . . . . . . . .  .  . 
     4 | . . . . . . . .  .  . 
     5 | . . . . . . . .  .  . 
     6 | . . . . . . . .  .  . 
     7 | . . . . . . . .  .  . 
     8 | . . . . . . . .  .  . 
     9 | . . . . . . . .  .  . 
    10 | . . . . . . . .  .  . 
    11 | . . . 1 1 1 1 .  .  . 
    12 | . . . 1 1 1 1 .  .  . 
    13 | . . . . . . . .  .  . 
    14 | . . . . . . . .  .  . 
    15 | . . . . . . . .  .  . 
    16 | . . . . . . . .  .  . 
    17 | 9 . . . . . . .  .  8 
    18 | 9 . . . . . . .  .  8 
    19 | 6 . . . . . . .  .  7 
    20 | 6 . . . . . . .  .  7 
    21 | 5 . . . . . . . 10 10 
    22 | 5 . . . . . . . 10 10 
    23 | 4 2 2 2 2 . 3 3  3  3 
    24 | 4 2 2 2 2 . 3 3  3  3 
    
    Boxes' corners:       (w,l)
        Box  1 is at 
            top left     (3,11)
            bottom right (6,12)
    
        Box  2 is at 
            top left     (1,23)
            bottom right (4,24)
    
        Box  3 is at 
            top left     (6,23)
            bottom right (9,24)
    
        Box  4 is at 
            top left     (0,23)
            bottom right (0,24)
    
        Box  5 is at 
            top left     (0,21)
            bottom right (0,22)
    
        Box  6 is at 
            top left     (0,19)
            bottom right (0,20)
    
        Box  7 is at 
            top left     (9,19)
            bottom right (9,20)
    
        Box  8 is at 
            top left     (9,17)
            bottom right (9,18)
    
        Box  9 is at 
            top left     (0,17)
            bottom right (0,18)
    
        Box 10 is at 
            top left     (8,21)
            bottom right (9,22)
    
        Roll length used: 25

    [1;34mTry max length:[0m 24
    [1;34m    At iteration:[0m 2
        lingeling found a solution in 1.232 ms

       | W
     L | 0 1 2 3 4 5 6 7  8  9 
    ---------------------------
     0 | . . 3 3 3 3 2 2  2  2 
     1 | . . 3 3 3 3 2 2  2  2 
     2 | . . . . . . . .  .  . 
     3 | . . . . . . . .  .  . 
     4 | . . . . . . . .  .  . 
     5 | . . . . . . . .  .  . 
     6 | . . . . . . . .  .  . 
     7 | . . . . . . . .  .  . 
     8 | . . . . . . . .  .  . 
     9 | . . . . . . . .  .  . 
    10 | . . . . . . . .  .  . 
    11 | . . . 1 1 1 1 .  .  . 
    12 | . . . 1 1 1 1 .  .  . 
    13 | . . . . . . . .  .  . 
    14 | . . . . . . . .  .  . 
    15 | . . . . . . . .  .  . 
    16 | . . . . . . . .  .  9 
    17 | . . . . . . . .  .  9 
    18 | 7 . . . . . . .  .  6 
    19 | 7 . . . . . . .  .  6 
    20 | 5 . . . . . . .  .  8 
    21 | 5 . . . . . . .  .  8 
    22 | 4 . . . . . . . 10 10 
    23 | 4 . . . . . . . 10 10 
    
    Boxes' corners:       (w,l)
        Box  1 is at 
            top left     (3,11)
            bottom right (6,12)
    
        Box  2 is at 
            top left     (6,0)
            bottom right (9,1)
    
        Box  3 is at 
            top left     (2,0)
            bottom right (5,1)
    
        Box  4 is at 
            top left     (0,22)
            bottom right (0,23)
    
        Box  5 is at 
            top left     (0,20)
            bottom right (0,21)
    
        Box  6 is at 
            top left     (9,18)
            bottom right (9,19)
    
        Box  7 is at 
            top left     (0,18)
            bottom right (0,19)
    
        Box  8 is at 
            top left     (9,20)
            bottom right (9,21)
    
        Box  9 is at 
            top left     (9,16)
            bottom right (9,17)
    
        Box 10 is at 
            top left     (8,22)
            bottom right (9,23)
    
        Roll length used: 24

    [1;34mTry max length:[0m 23
    [1;34m    At iteration:[0m 3
        lingeling found a solution in 1.391 ms

       | W
     L | 0 1 2 3  4  5 6 7 8 9 
    ---------------------------
     0 | . . . .  .  1 1 1 1 . 
     1 | . . . .  .  1 1 1 1 . 
     2 | . . . .  .  . . . . . 
     3 | . . . .  .  . . . . . 
     4 | . . . .  .  . . . . . 
     5 | . . . .  .  . . . . . 
     6 | . . . .  .  . . . . . 
     7 | . . . .  .  . . . . . 
     8 | . . . .  .  . . . . . 
     9 | . . . .  .  . . . . . 
    10 | . . . .  .  . . . . . 
    11 | . . . .  .  . . . . . 
    12 | . . . .  .  . . . . . 
    13 | . . . .  .  . . . . . 
    14 | . . . .  .  . . . . . 
    15 | 8 . . .  .  . . . . 9 
    16 | 8 . . .  .  . . . . 9 
    17 | 7 . . .  .  . . . . 6 
    18 | 7 . . .  .  . . . . 6 
    19 | 5 . . .  .  . . . . 4 
    20 | 5 . . .  .  . . . . 4 
    21 | 2 2 2 2 10 10 3 3 3 3 
    22 | 2 2 2 2 10 10 3 3 3 3 
    
    Boxes' corners:       (w,l)
        Box  1 is at 
            top left     (5,0)
            bottom right (8,1)
    
        Box  2 is at 
            top left     (0,21)
            bottom right (3,22)
    
        Box  3 is at 
            top left     (6,21)
            bottom right (9,22)
    
        Box  4 is at 
            top left     (9,19)
            bottom right (9,20)
    
        Box  5 is at 
            top left     (0,19)
            bottom right (0,20)
    
        Box  6 is at 
            top left     (9,17)
            bottom right (9,18)
    
        Box  7 is at 
            top left     (0,17)
            bottom right (0,18)
    
        Box  8 is at 
            top left     (0,15)
            bottom right (0,16)
    
        Box  9 is at 
            top left     (9,15)
            bottom right (9,16)
    
        Box 10 is at 
            top left     (4,21)
            bottom right (5,22)
    
        Roll length used: 23

    [1;34mTry max length:[0m 22
    [1;34m    At iteration:[0m 4
        lingeling found a solution in 1.298 ms

       | W
     L | 0 1 2 3 4 5 6 7  8  9 
    ---------------------------
     0 | 3 3 3 3 . 1 1 1  1  . 
     1 | 3 3 3 3 . 1 1 1  1  . 
     2 | . . . . . . . .  .  . 
     3 | . . . . . . . .  .  . 
     4 | . . . . . . . .  .  . 
     5 | . . . . . . . .  .  . 
     6 | . . . . . . . .  .  . 
     7 | . . . . . . . .  .  . 
     8 | . . . . . . . .  .  . 
     9 | . . . . . . . .  .  . 
    10 | . . . . . . . .  .  . 
    11 | . . . . . . . .  .  . 
    12 | . . . . . . . .  .  8 
    13 | . . . . . . . .  .  8 
    14 | . . . . . . . .  .  9 
    15 | . . . . . . . .  .  9 
    16 | 7 . . . . . . .  .  6 
    17 | 7 . . . . . . .  .  6 
    18 | 4 . . . . . . .  .  5 
    19 | 4 . . . . . . .  .  5 
    20 | 2 2 2 2 . . . . 10 10 
    21 | 2 2 2 2 . . . . 10 10 
    
    Boxes' corners:       (w,l)
        Box  1 is at 
            top left     (5,0)
            bottom right (8,1)
    
        Box  2 is at 
            top left     (0,20)
            bottom right (3,21)
    
        Box  3 is at 
            top left     (0,0)
            bottom right (3,1)
    
        Box  4 is at 
            top left     (0,18)
            bottom right (0,19)
    
        Box  5 is at 
            top left     (9,18)
            bottom right (9,19)
    
        Box  6 is at 
            top left     (9,16)
            bottom right (9,17)
    
        Box  7 is at 
            top left     (0,16)
            bottom right (0,17)
    
        Box  8 is at 
            top left     (9,12)
            bottom right (9,13)
    
        Box  9 is at 
            top left     (9,14)
            bottom right (9,15)
    
        Box 10 is at 
            top left     (8,20)
            bottom right (9,21)
    
        Roll length used: 22

    [1;34mTry max length:[0m 21
    [1;34m    At iteration:[0m 5
        lingeling found a solution in 1.216 ms

       | W
     L | 0 1 2 3  4  5 6 7 8 9 
    ---------------------------
     0 | 2 2 2 2  .  1 1 1 1 . 
     1 | 2 2 2 2  .  1 1 1 1 . 
     2 | . . . .  .  . . . . . 
     3 | . . . .  .  . . . . . 
     4 | . . . .  .  . . . . . 
     5 | . . . .  .  . . . . . 
     6 | . . . .  .  . . . . 9 
     7 | . . . .  .  . . . . 9 
     8 | . . . .  .  . . . . . 
     9 | . . . .  .  . . . . . 
    10 | . . . .  .  . . . . . 
    11 | . . . .  .  . . . . . 
    12 | . . . .  .  . . . . . 
    13 | . . . .  .  . . . . . 
    14 | . . . .  .  . . . . . 
    15 | 8 . . .  .  . . . . 7 
    16 | 8 . . .  .  . . . . 7 
    17 | 5 . . .  .  . . . . 6 
    18 | 5 . . .  .  . . . . 6 
    19 | 4 . . . 10 10 3 3 3 3 
    20 | 4 . . . 10 10 3 3 3 3 
    
    Boxes' corners:       (w,l)
        Box  1 is at 
            top left     (5,0)
            bottom right (8,1)
    
        Box  2 is at 
            top left     (0,0)
            bottom right (3,1)
    
        Box  3 is at 
            top left     (6,19)
            bottom right (9,20)
    
        Box  4 is at 
            top left     (0,19)
            bottom right (0,20)
    
        Box  5 is at 
            top left     (0,17)
            bottom right (0,18)
    
        Box  6 is at 
            top left     (9,17)
            bottom right (9,18)
    
        Box  7 is at 
            top left     (9,15)
            bottom right (9,16)
    
        Box  8 is at 
            top left     (0,15)
            bottom right (0,16)
    
        Box  9 is at 
            top left     (9,6)
            bottom right (9,7)
    
        Box 10 is at 
            top left     (4,19)
            bottom right (5,20)
    
        Roll length used: 21

    [1;34mTry max length:[0m 20
    [1;34m    At iteration:[0m 6
        lingeling found a solution in 1.162 ms

       | W
     L | 0 1 2 3 4 5 6 7  8  9 
    ---------------------------
     0 | 3 3 3 3 . 1 1 1  1  . 
     1 | 3 3 3 3 . 1 1 1  1  . 
     2 | . . . . . . . .  .  . 
     3 | . . . . . . . .  .  . 
     4 | . . . . . . . .  .  . 
     5 | . . . . . . . .  .  9 
     6 | . . . . . . . .  .  9 
     7 | . . . . . . . .  .  . 
     8 | . . . . . . . .  .  . 
     9 | . . . . . . . .  .  . 
    10 | . . . . . . . .  .  . 
    11 | . . . . . . . .  .  8 
    12 | . . . . . . . .  .  8 
    13 | . . . . . . . .  .  . 
    14 | 7 . . . . . . .  .  6 
    15 | 7 . . . . . . .  .  6 
    16 | 4 . . . . . . .  .  5 
    17 | 4 . . . . . . .  .  5 
    18 | 2 2 2 2 . . . . 10 10 
    19 | 2 2 2 2 . . . . 10 10 
    
    Boxes' corners:       (w,l)
        Box  1 is at 
            top left     (5,0)
            bottom right (8,1)
    
        Box  2 is at 
            top left     (0,18)
            bottom right (3,19)
    
        Box  3 is at 
            top left     (0,0)
            bottom right (3,1)
    
        Box  4 is at 
            top left     (0,16)
            bottom right (0,17)
    
        Box  5 is at 
            top left     (9,16)
            bottom right (9,17)
    
        Box  6 is at 
            top left     (9,14)
            bottom right (9,15)
    
        Box  7 is at 
            top left     (0,14)
            bottom right (0,15)
    
        Box  8 is at 
            top left     (9,11)
            bottom right (9,12)
    
        Box  9 is at 
            top left     (9,5)
            bottom right (9,6)
    
        Box 10 is at 
            top left     (8,18)
            bottom right (9,19)
    
        Roll length used: 20

    [1;34mTry max length:[0m 19
    [1;34m    At iteration:[0m 7
        lingeling found a solution in .917 ms

       | W
     L | 0 1 2 3 4 5 6 7  8  9 
    ---------------------------
     0 | . . 3 3 3 3 2 2  2  2 
     1 | . . 3 3 3 3 2 2  2  2 
     2 | . . . . . . . .  .  . 
     3 | . . . . . . . .  .  . 
     4 | . . . . . . . .  .  . 
     5 | . . . . . . . .  .  . 
     6 | . . . . . . . .  .  . 
     7 | . . . . . . . .  .  . 
     8 | . . . . . . . .  .  . 
     9 | . . . . 1 1 1 1  .  . 
    10 | . . . . 1 1 1 1  .  . 
    11 | . . . . . . . .  .  8 
    12 | . . . . . . . .  .  8 
    13 | 9 . . . . . . .  .  5 
    14 | 9 . . . . . . .  .  5 
    15 | 7 . . . . . . .  .  6 
    16 | 7 . . . . . . .  .  6 
    17 | 4 . . . . . . . 10 10 
    18 | 4 . . . . . . . 10 10 
    
    Boxes' corners:       (w,l)
        Box  1 is at 
            top left     (4,9)
            bottom right (7,10)
    
        Box  2 is at 
            top left     (6,0)
            bottom right (9,1)
    
        Box  3 is at 
            top left     (2,0)
            bottom right (5,1)
    
        Box  4 is at 
            top left     (0,17)
            bottom right (0,18)
    
        Box  5 is at 
            top left     (9,13)
            bottom right (9,14)
    
        Box  6 is at 
            top left     (9,15)
            bottom right (9,16)
    
        Box  7 is at 
            top left     (0,15)
            bottom right (0,16)
    
        Box  8 is at 
            top left     (9,11)
            bottom right (9,12)
    
        Box  9 is at 
            top left     (0,13)
            bottom right (0,14)
    
        Box 10 is at 
            top left     (8,17)
            bottom right (9,18)
    
        Roll length used: 19

    [1;34mTry max length:[0m 18
    [1;34m    At iteration:[0m 8
        lingeling found a solution in 1.010 ms

       | W
     L | 0 1 2 3  4  5 6 7 8 9 
    ---------------------------
     0 | . . 1 1  1  1 3 3 3 3 
     1 | . . 1 1  1  1 3 3 3 3 
     2 | . . . .  .  . . . . . 
     3 | . . . .  .  . . . . . 
     4 | . . . .  .  . . . . . 
     5 | . . . .  .  . . . . 5 
     6 | . . . .  .  . . . . 5 
     7 | . . . .  .  . . . . . 
     8 | . . . .  .  . . . . 9 
     9 | . . . .  .  . . . . 9 
    10 | . . . .  .  . . . . 7 
    11 | . . . .  .  . . . . 7 
    12 | . . . .  .  . . . . 6 
    13 | 8 . . .  .  . . . . 6 
    14 | 8 . . .  .  . . . . . 
    15 | . . . .  .  . . . . . 
    16 | 4 . . . 10 10 2 2 2 2 
    17 | 4 . . . 10 10 2 2 2 2 
    
    Boxes' corners:       (w,l)
        Box  1 is at 
            top left     (2,0)
            bottom right (5,1)
    
        Box  2 is at 
            top left     (6,16)
            bottom right (9,17)
    
        Box  3 is at 
            top left     (6,0)
            bottom right (9,1)
    
        Box  4 is at 
            top left     (0,16)
            bottom right (0,17)
    
        Box  5 is at 
            top left     (9,5)
            bottom right (9,6)
    
        Box  6 is at 
            top left     (9,12)
            bottom right (9,13)
    
        Box  7 is at 
            top left     (9,10)
            bottom right (9,11)
    
        Box  8 is at 
            top left     (0,13)
            bottom right (0,14)
    
        Box  9 is at 
            top left     (9,8)
            bottom right (9,9)
    
        Box 10 is at 
            top left     (4,16)
            bottom right (5,17)
    
        Roll length used: 18

    [1;34mTry max length:[0m 17
    [1;34m    At iteration:[0m 9
        lingeling found a solution in .767 ms

       | W
     L | 0 1 2 3 4 5 6 7  8  9 
    ---------------------------
     0 | . . 3 3 3 3 2 2  2  2 
     1 | . . 3 3 3 3 2 2  2  2 
     2 | . . . . . . . .  .  . 
     3 | . . . . . . . .  .  9 
     4 | . . . . . . . .  .  9 
     5 | . . . . . . . .  .  . 
     6 | . . . . . . . .  .  . 
     7 | . . . . . . . .  .  . 
     8 | . . . 1 1 1 1 .  .  8 
     9 | . . . 1 1 1 1 .  .  8 
    10 | . . . . . . . .  .  5 
    11 | . . . . . . . .  .  5 
    12 | 6 . . . . . . .  .  . 
    13 | 6 . . . . . . .  .  7 
    14 | . . . . . . . .  .  7 
    15 | 4 . . . . . . . 10 10 
    16 | 4 . . . . . . . 10 10 
    
    Boxes' corners:       (w,l)
        Box  1 is at 
            top left     (3,8)
            bottom right (6,9)
    
        Box  2 is at 
            top left     (6,0)
            bottom right (9,1)
    
        Box  3 is at 
            top left     (2,0)
            bottom right (5,1)
    
        Box  4 is at 
            top left     (0,15)
            bottom right (0,16)
    
        Box  5 is at 
            top left     (9,10)
            bottom right (9,11)
    
        Box  6 is at 
            top left     (0,12)
            bottom right (0,13)
    
        Box  7 is at 
            top left     (9,13)
            bottom right (9,14)
    
        Box  8 is at 
            top left     (9,8)
            bottom right (9,9)
    
        Box  9 is at 
            top left     (9,3)
            bottom right (9,4)
    
        Box 10 is at 
            top left     (8,15)
            bottom right (9,16)
    
        Roll length used: 17

    [1;34mTry max length:[0m 16
    [1;34m    At iteration:[0m 10
        lingeling found a solution in .708 ms

       | W
     L | 0 1 2 3 4 5 6 7  8  9 
    ---------------------------
     0 | . 3 3 3 3 . 2 2  2  2 
     1 | . 3 3 3 3 . 2 2  2  2 
     2 | . . . . . . . .  .  . 
     3 | . . . . . . . .  .  . 
     4 | . . . . . . . .  .  . 
     5 | . . . . . . . .  .  . 
     6 | . . . . . . . .  .  . 
     7 | . . . . . . . .  .  . 
     8 | . 4 . 1 1 1 1 .  .  . 
     9 | . 4 . 1 1 1 1 .  .  . 
    10 | 9 . . . . . . .  .  5 
    11 | 9 . . . . . . .  .  5 
    12 | 7 . . . . . . .  .  . 
    13 | 7 . . . . . . .  .  . 
    14 | . . . . . . . . 10 10 
    15 | . . . 6 6 . 8 8 10 10 
    
    Boxes' corners:       (w,l)
        Box  1 is at 
            top left     (3,8)
            bottom right (6,9)
    
        Box  2 is at 
            top left     (6,0)
            bottom right (9,1)
    
        Box  3 is at 
            top left     (1,0)
            bottom right (4,1)
    
        Box  4 is at 
            top left     (1,8)
            bottom right (1,9)
    
        Box  5 is at 
            top left     (9,10)
            bottom right (9,11)
    
        Box  6 is at 
            top left     (3,15)
            bottom right (4,15)
    
        Box  7 is at 
            top left     (0,12)
            bottom right (0,13)
    
        Box  8 is at 
            top left     (6,15)
            bottom right (7,15)
    
        Box  9 is at 
            top left     (0,10)
            bottom right (0,11)
    
        Box 10 is at 
            top left     (8,14)
            bottom right (9,15)
    
        Roll length used: 16

    [1;34mTry max length:[0m 15
    [1;34m    At iteration:[0m 11
        lingeling found a solution in .645 ms

       | W
     L | 0 1 2 3 4 5 6 7  8  9 
    ---------------------------
     0 | . 2 2 2 2 . . .  .  8 
     1 | . 2 2 2 2 . . .  .  8 
     2 | . . . . . . . .  .  7 
     3 | . . . . . . . .  .  7 
     4 | . . . . . . . .  .  . 
     5 | . . . . . . . .  .  . 
     6 | . . . . . . . .  .  . 
     7 | . . . . . 1 1 1  1  . 
     8 | . . . . . 1 1 1  1  5 
     9 | 9 . . . . . . .  .  5 
    10 | 9 . . . . . . .  .  4 
    11 | 6 . . . . . . .  .  4 
    12 | 6 . . . . . . .  .  . 
    13 | 3 3 3 3 . . . . 10 10 
    14 | 3 3 3 3 . . . . 10 10 
    
    Boxes' corners:       (w,l)
        Box  1 is at 
            top left     (5,7)
            bottom right (8,8)
    
        Box  2 is at 
            top left     (1,0)
            bottom right (4,1)
    
        Box  3 is at 
            top left     (0,13)
            bottom right (3,14)
    
        Box  4 is at 
            top left     (9,10)
            bottom right (9,11)
    
        Box  5 is at 
            top left     (9,8)
            bottom right (9,9)
    
        Box  6 is at 
            top left     (0,11)
            bottom right (0,12)
    
        Box  7 is at 
            top left     (9,2)
            bottom right (9,3)
    
        Box  8 is at 
            top left     (9,0)
            bottom right (9,1)
    
        Box  9 is at 
            top left     (0,9)
            bottom right (0,10)
    
        Box 10 is at 
            top left     (8,13)
            bottom right (9,14)
    
        Roll length used: 15

    [1;34mTry max length:[0m 14
    [1;34m    At iteration:[0m 12
        lingeling found a solution in .731 ms

       | W
     L | 0  1  2 3 4 5 6 7 8 9 
    ---------------------------
     0 | 3  3  3 3 . 1 1 1 1 . 
     1 | 3  3  3 3 . 1 1 1 1 . 
     2 | .  .  . . . . . . . . 
     3 | .  .  . . . . . . . . 
     4 | .  .  . . . . . . . . 
     5 | .  9  . . . . . . . . 
     6 | .  9  . . . . . . . . 
     7 | .  .  . . . . . . . . 
     8 | 5  .  . . . . . . . . 
     9 | 5  .  . . . . . . . . 
    10 | .  .  . . . . . . . 6 
    11 | .  .  . . . . . . . 6 
    12 | 4 10 10 7 . 2 2 2 2 8 
    13 | 4 10 10 7 . 2 2 2 2 8 
    
    Boxes' corners:       (w,l)
        Box  1 is at 
            top left     (5,0)
            bottom right (8,1)
    
        Box  2 is at 
            top left     (5,12)
            bottom right (8,13)
    
        Box  3 is at 
            top left     (0,0)
            bottom right (3,1)
    
        Box  4 is at 
            top left     (0,12)
            bottom right (0,13)
    
        Box  5 is at 
            top left     (0,8)
            bottom right (0,9)
    
        Box  6 is at 
            top left     (9,10)
            bottom right (9,11)
    
        Box  7 is at 
            top left     (3,12)
            bottom right (3,13)
    
        Box  8 is at 
            top left     (9,12)
            bottom right (9,13)
    
        Box  9 is at 
            top left     (1,5)
            bottom right (1,6)
    
        Box 10 is at 
            top left     (1,12)
            bottom right (2,13)
    
        Roll length used: 14

    [1;34mTry max length:[0m 13
    [1;34m    At iteration:[0m 13
        lingeling found a solution in .575 ms

       | W
     L | 0 1 2  3  4 5 6 7 8 9 
    ---------------------------
     0 | 2 2 2  2  1 1 1 1 . . 
     1 | 2 2 2  2  1 1 1 1 . . 
     2 | . . .  .  . 5 . . . . 
     3 | . . .  .  . 5 . . . . 
     4 | . . .  .  . . . . . . 
     5 | . . .  .  . . . 9 . . 
     6 | . . .  .  . . . 9 . 6 
     7 | . . .  .  . . . . . 6 
     8 | . . .  .  . . . . . 7 
     9 | . . .  .  . . . . . 7 
    10 | . . .  .  . . . . . . 
    11 | 4 . . 10 10 8 3 3 3 3 
    12 | 4 . . 10 10 8 3 3 3 3 
    
    Boxes' corners:       (w,l)
        Box  1 is at 
            top left     (4,0)
            bottom right (7,1)
    
        Box  2 is at 
            top left     (0,0)
            bottom right (3,1)
    
        Box  3 is at 
            top left     (6,11)
            bottom right (9,12)
    
        Box  4 is at 
            top left     (0,11)
            bottom right (0,12)
    
        Box  5 is at 
            top left     (5,2)
            bottom right (5,3)
    
        Box  6 is at 
            top left     (9,6)
            bottom right (9,7)
    
        Box  7 is at 
            top left     (9,8)
            bottom right (9,9)
    
        Box  8 is at 
            top left     (5,11)
            bottom right (5,12)
    
        Box  9 is at 
            top left     (7,5)
            bottom right (7,6)
    
        Box 10 is at 
            top left     (3,11)
            bottom right (4,12)
    
        Roll length used: 13

    [1;34mTry max length:[0m 12
    [1;34m    At iteration:[0m 14
        lingeling found a solution in .486 ms

       | W
     L | 0 1 2 3  4  5 6 7 8 9 
    ---------------------------
     0 | 1 1 1 1  .  . 2 2 2 2 
     1 | 1 1 1 1  .  . 2 2 2 2 
     2 | 8 . . .  .  . . . . . 
     3 | 8 . . .  .  . . . . . 
     4 | 6 . . .  .  . . . . 7 
     5 | 6 . . .  .  . . . . 7 
     6 | 9 . . .  .  . . . . . 
     7 | 9 . . .  .  . . . . . 
     8 | 5 . . .  .  . . . . . 
     9 | 5 . . .  .  . . . . . 
    10 | 4 . . . 10 10 3 3 3 3 
    11 | 4 . . . 10 10 3 3 3 3 
    
    Boxes' corners:       (w,l)
        Box  1 is at 
            top left     (0,0)
            bottom right (3,1)
    
        Box  2 is at 
            top left     (6,0)
            bottom right (9,1)
    
        Box  3 is at 
            top left     (6,10)
            bottom right (9,11)
    
        Box  4 is at 
            top left     (0,10)
            bottom right (0,11)
    
        Box  5 is at 
            top left     (0,8)
            bottom right (0,9)
    
        Box  6 is at 
            top left     (0,4)
            bottom right (0,5)
    
        Box  7 is at 
            top left     (9,4)
            bottom right (9,5)
    
        Box  8 is at 
            top left     (0,2)
            bottom right (0,3)
    
        Box  9 is at 
            top left     (0,6)
            bottom right (0,7)
    
        Box 10 is at 
            top left     (4,10)
            bottom right (5,11)
    
        Roll length used: 12

    [1;34mTry max length:[0m 11
    [1;34m    At iteration:[0m 15
        lingeling found a solution in .545 ms

       | W
     L | 0 1 2 3 4 5 6 7  8  9 
    ---------------------------
     0 | 3 3 3 3 2 2 2 2  .  . 
     1 | 3 3 3 3 2 2 2 2  .  . 
     2 | . . . . . 1 1 1  1  . 
     3 | 9 . . . . 1 1 1  1  . 
     4 | 9 . . . . . . .  .  . 
     5 | 5 . . . . . . .  .  . 
     6 | 5 . . . . . . .  .  . 
     7 | . . . . . . . .  6  . 
     8 | . . . . . . . 7  6  . 
     9 | 4 . . 8 . . . 7 10 10 
    10 | 4 . . 8 . . . . 10 10 
    
    Boxes' corners:       (w,l)
        Box  1 is at 
            top left     (5,2)
            bottom right (8,3)
    
        Box  2 is at 
            top left     (4,0)
            bottom right (7,1)
    
        Box  3 is at 
            top left     (0,0)
            bottom right (3,1)
    
        Box  4 is at 
            top left     (0,9)
            bottom right (0,10)
    
        Box  5 is at 
            top left     (0,5)
            bottom right (0,6)
    
        Box  6 is at 
            top left     (8,7)
            bottom right (8,8)
    
        Box  7 is at 
            top left     (7,8)
            bottom right (7,9)
    
        Box  8 is at 
            top left     (3,9)
            bottom right (3,10)
    
        Box  9 is at 
            top left     (0,3)
            bottom right (0,4)
    
        Box 10 is at 
            top left     (8,9)
            bottom right (9,10)
    
        Roll length used: 11

    [1;34mTry max length:[0m 10
    [1;34m    At iteration:[0m 16
        lingeling found a solution in .493 ms

       | W
     L | 0 1 2 3  4  5 6 7 8 9 
    ---------------------------
     0 | . . . 1  1  1 1 . . 5 
     1 | 2 2 . 1  1  1 1 . . 5 
     2 | 2 2 . . 10 10 . . . 9 
     3 | 2 2 . . 10 10 . . . 9 
     4 | 2 2 . .  .  . . . . . 
     5 | . 3 3 .  .  . . . . 6 
     6 | . 3 3 .  .  . . . . 6 
     7 | . 3 3 .  .  . . . . . 
     8 | . 3 3 8  .  . . . . 4 
     9 | . . . 8  .  . . 7 7 4 
    
    Boxes' corners:       (w,l)
        Box  1 is at 
            top left     (3,0)
            bottom right (6,1)
    
        Box  2 is at 
            top left     (0,1)
            bottom right (1,4)
    
        Box  3 is at 
            top left     (1,5)
            bottom right (2,8)
    
        Box  4 is at 
            top left     (9,8)
            bottom right (9,9)
    
        Box  5 is at 
            top left     (9,0)
            bottom right (9,1)
    
        Box  6 is at 
            top left     (9,5)
            bottom right (9,6)
    
        Box  7 is at 
            top left     (7,9)
            bottom right (8,9)
    
        Box  8 is at 
            top left     (3,8)
            bottom right (3,9)
    
        Box  9 is at 
            top left     (9,2)
            bottom right (9,3)
    
        Box 10 is at 
            top left     (4,2)
            bottom right (5,3)
    
        Roll length used: 10

    [1;34mTry max length:[0m 9
    [1;34m    At iteration:[0m 17
        lingeling found a solution in .457 ms

      | W
    L | 0 1 2 3 4 5 6 7  8  9 
    ---------------------------
    0 | 3 3 . . . . . .  .  . 
    1 | 3 3 . . . . . .  2  2 
    2 | 3 3 . . . . . .  2  2 
    3 | 3 3 . . . . . .  2  2 
    4 | 1 1 . . . . . .  2  2 
    5 | 1 1 . . . . . .  .  4 
    6 | 1 1 . . . . . .  .  4 
    7 | 1 1 9 8 7 6 . 5 10 10 
    8 | . . 9 8 7 6 . 5 10 10 
    
    Boxes' corners:       (w,l)
        Box  1 is at 
            top left     (0,4)
            bottom right (1,7)
    
        Box  2 is at 
            top left     (8,1)
            bottom right (9,4)
    
        Box  3 is at 
            top left     (0,0)
            bottom right (1,3)
    
        Box  4 is at 
            top left     (9,5)
            bottom right (9,6)
    
        Box  5 is at 
            top left     (7,7)
            bottom right (7,8)
    
        Box  6 is at 
            top left     (5,7)
            bottom right (5,8)
    
        Box  7 is at 
            top left     (4,7)
            bottom right (4,8)
    
        Box  8 is at 
            top left     (3,7)
            bottom right (3,8)
    
        Box  9 is at 
            top left     (2,7)
            bottom right (2,8)
    
        Box 10 is at 
            top left     (8,7)
            bottom right (9,8)
    
        Roll length used: 9

    [1;34mTry max length:[0m 8
    [1;34m    At iteration:[0m 18
        lingeling found a solution in .403 ms

      | W
    L | 0 1 2 3 4 5  6  7 8 9 
    ---------------------------
    0 | 5 . . 7 . 9  .  . 3 3 
    1 | 5 . . 7 . 9  .  . 3 3 
    2 | 4 . . . . .  .  . 3 3 
    3 | 4 . . . . .  .  . 3 3 
    4 | 1 1 . . . .  .  . 2 2 
    5 | 1 1 . . . .  .  . 2 2 
    6 | 1 1 8 . . 6 10 10 2 2 
    7 | 1 1 8 . . 6 10 10 2 2 
    
    Boxes' corners:       (w,l)
        Box  1 is at 
            top left     (0,4)
            bottom right (1,7)
    
        Box  2 is at 
            top left     (8,4)
            bottom right (9,7)
    
        Box  3 is at 
            top left     (8,0)
            bottom right (9,3)
    
        Box  4 is at 
            top left     (0,2)
            bottom right (0,3)
    
        Box  5 is at 
            top left     (0,0)
            bottom right (0,1)
    
        Box  6 is at 
            top left     (5,6)
            bottom right (5,7)
    
        Box  7 is at 
            top left     (3,0)
            bottom right (3,1)
    
        Box  8 is at 
            top left     (2,6)
            bottom right (2,7)
    
        Box  9 is at 
            top left     (5,0)
            bottom right (5,1)
    
        Box 10 is at 
            top left     (6,6)
            bottom right (7,7)
    
        Roll length used: 8

    [1;34mTry max length:[0m 7
    [1;34m    At iteration:[0m 19
        lingeling found a solution in .331 ms

      | W
    L | 0 1 2 3 4  5  6 7 8 9 
    ---------------------------
    0 | . . . . .  .  . . . 6 
    1 | . . . 9 .  .  5 . . 6 
    2 | 1 1 . 9 .  .  5 3 3 8 
    3 | 1 1 2 2 .  .  . 3 3 8 
    4 | 1 1 2 2 .  .  . 3 3 . 
    5 | 1 1 2 2 . 10 10 3 3 4 
    6 | . . 2 2 . 10 10 7 7 4 
    
    Boxes' corners:       (w,l)
        Box  1 is at 
            top left     (0,2)
            bottom right (1,5)
    
        Box  2 is at 
            top left     (2,3)
            bottom right (3,6)
    
        Box  3 is at 
            top left     (7,2)
            bottom right (8,5)
    
        Box  4 is at 
            top left     (9,5)
            bottom right (9,6)
    
        Box  5 is at 
            top left     (6,1)
            bottom right (6,2)
    
        Box  6 is at 
            top left     (9,0)
            bottom right (9,1)
    
        Box  7 is at 
            top left     (7,6)
            bottom right (8,6)
    
        Box  8 is at 
            top left     (9,2)
            bottom right (9,3)
    
        Box  9 is at 
            top left     (3,1)
            bottom right (3,2)
    
        Box 10 is at 
            top left     (5,5)
            bottom right (6,6)
    
        Roll length used: 7

    [1;34mTry max length:[0m 6
    [1;34m    At iteration:[0m 20
        lingeling found a solution in .279 ms

      | W
    L | 0 1 2  3  4 5 6 7 8 9 
    ---------------------------
    0 | . . .  .  . . 9 8 . . 
    1 | . 1 1  .  . . 9 8 3 3 
    2 | . 1 1  7  6 2 2 . 3 3 
    3 | . 1 1  7  6 2 2 . 3 3 
    4 | 4 1 1 10 10 2 2 5 3 3 
    5 | 4 . . 10 10 2 2 5 . . 
    
    Boxes' corners:       (w,l)
        Box  1 is at 
            top left     (1,1)
            bottom right (2,4)
    
        Box  2 is at 
            top left     (5,2)
            bottom right (6,5)
    
        Box  3 is at 
            top left     (8,1)
            bottom right (9,4)
    
        Box  4 is at 
            top left     (0,4)
            bottom right (0,5)
    
        Box  5 is at 
            top left     (7,4)
            bottom right (7,5)
    
        Box  6 is at 
            top left     (4,2)
            bottom right (4,3)
    
        Box  7 is at 
            top left     (3,2)
            bottom right (3,3)
    
        Box  8 is at 
            top left     (7,0)
            bottom right (7,1)
    
        Box  9 is at 
            top left     (6,0)
            bottom right (6,1)
    
        Box 10 is at 
            top left     (3,4)
            bottom right (4,5)
    
        Roll length used: 6

    [1;34mTry max length:[0m 5
    [1;34m    At iteration:[0m 21
        lingeling found a solution in .244 ms

      | W
    L | 0 1 2 3 4  5  6 7 8 9 
    ---------------------------
    0 | 2 2 6 . . 10 10 4 . . 
    1 | 2 2 6 1 1 10 10 4 3 3 
    2 | 2 2 . 1 1  .  . 9 3 3 
    3 | 2 2 8 1 1  .  7 9 3 3 
    4 | 5 5 8 1 1  .  7 . 3 3 
    
    Boxes' corners:       (w,l)
        Box  1 is at 
            top left     (3,1)
            bottom right (4,4)
    
        Box  2 is at 
            top left     (0,0)
            bottom right (1,3)
    
        Box  3 is at 
            top left     (8,1)
            bottom right (9,4)
    
        Box  4 is at 
            top left     (7,0)
            bottom right (7,1)
    
        Box  5 is at 
            top left     (0,4)
            bottom right (1,4)
    
        Box  6 is at 
            top left     (2,0)
            bottom right (2,1)
    
        Box  7 is at 
            top left     (6,3)
            bottom right (6,4)
    
        Box  8 is at 
            top left     (2,3)
            bottom right (2,4)
    
        Box  9 is at 
            top left     (7,2)
            bottom right (7,3)
    
        Box 10 is at 
            top left     (5,0)
            bottom right (6,1)
    
        Roll length used: 5

    [1;34mTry max length:[0m 4
    [1;34m    At iteration:[0m 22
        lingeling found a solution in .212 ms

      | W
    L | 0 1 2 3 4 5  6  7 8 9 
    ---------------------------
    0 | 3 3 3 3 7 6 10 10 2 2 
    1 | 3 3 3 3 7 6 10 10 2 2 
    2 | 9 1 1 1 1 4  5  8 2 2 
    3 | 9 1 1 1 1 4  5  8 2 2 
    
    Boxes' corners:       (w,l)
        Box  1 is at 
            top left     (1,2)
            bottom right (4,3)
    
        Box  2 is at 
            top left     (8,0)
            bottom right (9,3)
    
        Box  3 is at 
            top left     (0,0)
            bottom right (3,1)
    
        Box  4 is at 
            top left     (5,2)
            bottom right (5,3)
    
        Box  5 is at 
            top left     (6,2)
            bottom right (6,3)
    
        Box  6 is at 
            top left     (5,0)
            bottom right (5,1)
    
        Box  7 is at 
            top left     (4,0)
            bottom right (4,1)
    
        Box  8 is at 
            top left     (7,2)
            bottom right (7,3)
    
        Box  9 is at 
            top left     (0,2)
            bottom right (0,3)
    
        Box 10 is at 
            top left     (6,0)
            bottom right (7,1)
    
        Roll length used: 4

    [1;34mTry max length:[0m 3
    [1;34m    At iteration:[0m 23
        [3;31mlingeling determined unsatisfiability of the Boolean formula[0m
        [1;32mOptimality reached![0m
