dt jun 5 19:08:32 CEST 2018
    [1;34mTry max length:[0m 999999
    [1;34m    At iteration:[0m 0
        lingeling found a solution in .511 ms

       | W
     L | 0 1  2 3 4 
    ---------------
     0 | 2 2  2 2 . 
     1 | 2 2  2 2 . 
     2 | . .  . . . 
     3 | . .  . . . 
     4 | . .  . . . 
     5 | . .  . . . 
     6 | . .  . . . 
     7 | . .  . . . 
     8 | 6 6  6 6 . 
     9 | 6 6  6 6 . 
    10 | 6 6  6 6 . 
    11 | 6 6  6 6 . 
    12 | . .  . . . 
    13 | . .  . . . 
    14 | 1 1  1 1 . 
    15 | 1 1  1 1 . 
    16 | . .  . . . 
    17 | . .  . . . 
    18 | 5 5  5 5 . 
    19 | 5 5  5 5 . 
    20 | . .  . . . 
    21 | . .  . . . 
    22 | . .  . . . 
    23 | . . 10 9 8 
    24 | . 4  4 4 4 
    25 | . 4  4 4 4 
    26 | 3 3  3 3 . 
    27 | 3 3  3 3 7 
    
    Boxes' corners:       (w,l)
        Box  1 is at 
            top left     (0,14)
            bottom right (3,15)
    
        Box  2 is at 
            top left     (0,0)
            bottom right (3,1)
    
        Box  3 is at 
            top left     (0,26)
            bottom right (3,27)
    
        Box  4 is at 
            top left     (1,24)
            bottom right (4,25)
    
        Box  5 is at 
            top left     (0,18)
            bottom right (3,19)
    
        Box  6 is at 
            top left     (0,8)
            bottom right (3,11)
    
        Box  7 is at 
            top left     (4,27)
            bottom right (4,27)
    
        Box  8 is at 
            top left     (4,23)
            bottom right (4,23)
    
        Box  9 is at 
            top left     (3,23)
            bottom right (3,23)
    
        Box 10 is at 
            top left     (2,23)
            bottom right (2,23)
    
        Roll length used: 28

    [1;34mTry max length:[0m 27
    [1;34m    At iteration:[0m 1
        lingeling found a solution in .493 ms

       | W
     L | 0 1  2 3 4 
    ---------------
     0 | 5 5  5 5 . 
     1 | 5 5  5 5 . 
     2 | . .  . . . 
     3 | . .  . . . 
     4 | . .  . . . 
     5 | . 3  3 3 3 
     6 | . 3  3 3 3 
     7 | 2 2  2 2 . 
     8 | 2 2  2 2 . 
     9 | . .  . . . 
    10 | . .  . . . 
    11 | . .  . . . 
    12 | 1 1  . . . 
    13 | 1 1  . . . 
    14 | 1 1  . . . 
    15 | 1 1  . . . 
    16 | . .  . . . 
    17 | 6 6  6 6 . 
    18 | 6 6  6 6 . 
    19 | 6 6  6 6 . 
    20 | 6 6  6 6 . 
    21 | . .  . . . 
    22 | . .  . . . 
    23 | . .  . . . 
    24 | . . 10 . 9 
    25 | 8 4  4 4 4 
    26 | 7 4  4 4 4 
    
    Boxes' corners:       (w,l)
        Box  1 is at 
            top left     (0,12)
            bottom right (1,15)
    
        Box  2 is at 
            top left     (0,7)
            bottom right (3,8)
    
        Box  3 is at 
            top left     (1,5)
            bottom right (4,6)
    
        Box  4 is at 
            top left     (1,25)
            bottom right (4,26)
    
        Box  5 is at 
            top left     (0,0)
            bottom right (3,1)
    
        Box  6 is at 
            top left     (0,17)
            bottom right (3,20)
    
        Box  7 is at 
            top left     (0,26)
            bottom right (0,26)
    
        Box  8 is at 
            top left     (0,25)
            bottom right (0,25)
    
        Box  9 is at 
            top left     (4,24)
            bottom right (4,24)
    
        Box 10 is at 
            top left     (2,24)
            bottom right (2,24)
    
        Roll length used: 27

    [1;34mTry max length:[0m 26
    [1;34m    At iteration:[0m 2
        lingeling found a solution in .471 ms

       | W
     L | 0 1  2 3 4 
    ---------------
     0 | 4 4  4 4 . 
     1 | 4 4  4 4 . 
     2 | . .  . . . 
     3 | . .  . . . 
     4 | 1 1  1 1 . 
     5 | 1 1  1 1 . 
     6 | . .  . . . 
     7 | . .  3 3 . 
     8 | . .  3 3 . 
     9 | . .  3 3 . 
    10 | . .  3 3 . 
    11 | 6 6  6 6 . 
    12 | 6 6  6 6 . 
    13 | 6 6  6 6 . 
    14 | 6 6  6 6 . 
    15 | . .  . 2 2 
    16 | . .  . 2 2 
    17 | . .  . 2 2 
    18 | . .  . 2 2 
    19 | . .  . . . 
    20 | . .  . . . 
    21 | . .  . . . 
    22 | . .  . . . 
    23 | . . 10 . 9 
    24 | 5 5  5 5 8 
    25 | 5 5  5 5 7 
    
    Boxes' corners:       (w,l)
        Box  1 is at 
            top left     (0,4)
            bottom right (3,5)
    
        Box  2 is at 
            top left     (3,15)
            bottom right (4,18)
    
        Box  3 is at 
            top left     (2,7)
            bottom right (3,10)
    
        Box  4 is at 
            top left     (0,0)
            bottom right (3,1)
    
        Box  5 is at 
            top left     (0,24)
            bottom right (3,25)
    
        Box  6 is at 
            top left     (0,11)
            bottom right (3,14)
    
        Box  7 is at 
            top left     (4,25)
            bottom right (4,25)
    
        Box  8 is at 
            top left     (4,24)
            bottom right (4,24)
    
        Box  9 is at 
            top left     (4,23)
            bottom right (4,23)
    
        Box 10 is at 
            top left     (2,23)
            bottom right (2,23)
    
        Roll length used: 26

    [1;34mTry max length:[0m 25
    [1;34m    At iteration:[0m 3
        lingeling found a solution in .449 ms

       | W
     L |  0 1 2 3 4 
    ---------------
     0 |  4 4 4 4 . 
     1 |  4 4 4 4 . 
     2 |  . . . 5 5 
     3 |  . . . 5 5 
     4 |  . . . 5 5 
     5 |  . 1 1 5 5 
     6 |  . 1 1 . . 
     7 |  . 1 1 . . 
     8 |  . 1 1 . . 
     9 |  . 6 6 6 6 
    10 |  . 6 6 6 6 
    11 |  . 6 6 6 6 
    12 |  . 6 6 6 6 
    13 |  . . . . . 
    14 |  2 2 2 2 . 
    15 |  2 2 2 2 . 
    16 |  . . . . . 
    17 |  . . . . . 
    18 |  . . . . . 
    19 |  . . . . . 
    20 |  . . . . . 
    21 |  . . . . . 
    22 | 10 3 3 3 3 
    23 |  . 3 3 3 3 
    24 |  9 8 7 . . 
    
    Boxes' corners:       (w,l)
        Box  1 is at 
            top left     (1,5)
            bottom right (2,8)
    
        Box  2 is at 
            top left     (0,14)
            bottom right (3,15)
    
        Box  3 is at 
            top left     (1,22)
            bottom right (4,23)
    
        Box  4 is at 
            top left     (0,0)
            bottom right (3,1)
    
        Box  5 is at 
            top left     (3,2)
            bottom right (4,5)
    
        Box  6 is at 
            top left     (1,9)
            bottom right (4,12)
    
        Box  7 is at 
            top left     (2,24)
            bottom right (2,24)
    
        Box  8 is at 
            top left     (1,24)
            bottom right (1,24)
    
        Box  9 is at 
            top left     (0,24)
            bottom right (0,24)
    
        Box 10 is at 
            top left     (0,22)
            bottom right (0,22)
    
        Roll length used: 25

    [1;34mTry max length:[0m 24
    [1;34m    At iteration:[0m 4
        lingeling found a solution in .423 ms

       | W
     L |  0 1 2 3 4 
    ---------------
     0 |  1 1 1 1 . 
     1 |  1 1 1 1 . 
     2 |  . . . . . 
     3 |  . . . . . 
     4 |  . . . . . 
     5 |  . . . . . 
     6 |  . . . . . 
     7 |  . . . . . 
     8 |  . . . . . 
     9 |  . . . . . 
    10 |  . . . . . 
    11 |  . 4 4 4 4 
    12 |  . 4 4 4 4 
    13 |  3 3 3 3 . 
    14 |  3 3 3 3 . 
    15 |  . . . . . 
    16 | 10 2 2 2 2 
    17 |  . 2 2 2 2 
    18 |  5 5 5 5 . 
    19 |  5 5 5 5 . 
    20 |  . 6 6 6 6 
    21 |  9 6 6 6 6 
    22 |  8 6 6 6 6 
    23 |  7 6 6 6 6 
    
    Boxes' corners:       (w,l)
        Box  1 is at 
            top left     (0,0)
            bottom right (3,1)
    
        Box  2 is at 
            top left     (1,16)
            bottom right (4,17)
    
        Box  3 is at 
            top left     (0,13)
            bottom right (3,14)
    
        Box  4 is at 
            top left     (1,11)
            bottom right (4,12)
    
        Box  5 is at 
            top left     (0,18)
            bottom right (3,19)
    
        Box  6 is at 
            top left     (1,20)
            bottom right (4,23)
    
        Box  7 is at 
            top left     (0,23)
            bottom right (0,23)
    
        Box  8 is at 
            top left     (0,22)
            bottom right (0,22)
    
        Box  9 is at 
            top left     (0,21)
            bottom right (0,21)
    
        Box 10 is at 
            top left     (0,16)
            bottom right (0,16)
    
        Roll length used: 24

    [1;34mTry max length:[0m 23
    [1;34m    At iteration:[0m 5
        lingeling found a solution in .438 ms

       | W
     L | 0 1 2 3  4 
    ---------------
     0 | 1 1 1 1  . 
     1 | 1 1 1 1  . 
     2 | . . . .  . 
     3 | . . . .  . 
     4 | . . . .  . 
     5 | . . . .  . 
     6 | . . . .  . 
     7 | . . . .  . 
     8 | . . . .  . 
     9 | . . . .  . 
    10 | . 4 4 4  4 
    11 | . 4 4 4  4 
    12 | 3 3 3 3  . 
    13 | 3 3 3 3  . 
    14 | . . . .  . 
    15 | . 2 2 2  2 
    16 | . 2 2 2  2 
    17 | 5 5 5 5  . 
    18 | 5 5 5 5  . 
    19 | 6 6 6 6  9 
    20 | 6 6 6 6 10 
    21 | 6 6 6 6  8 
    22 | 6 6 6 6  7 
    
    Boxes' corners:       (w,l)
        Box  1 is at 
            top left     (0,0)
            bottom right (3,1)
    
        Box  2 is at 
            top left     (1,15)
            bottom right (4,16)
    
        Box  3 is at 
            top left     (0,12)
            bottom right (3,13)
    
        Box  4 is at 
            top left     (1,10)
            bottom right (4,11)
    
        Box  5 is at 
            top left     (0,17)
            bottom right (3,18)
    
        Box  6 is at 
            top left     (0,19)
            bottom right (3,22)
    
        Box  7 is at 
            top left     (4,22)
            bottom right (4,22)
    
        Box  8 is at 
            top left     (4,21)
            bottom right (4,21)
    
        Box  9 is at 
            top left     (4,19)
            bottom right (4,19)
    
        Box 10 is at 
            top left     (4,20)
            bottom right (4,20)
    
        Roll length used: 23

    [1;34mTry max length:[0m 22
    [1;34m    At iteration:[0m 6
        lingeling found a solution in .385 ms

       | W
     L | 0 1 2 3  4 
    ---------------
     0 | 1 1 1 1  . 
     1 | 1 1 1 1  . 
     2 | . . . .  . 
     3 | . . . .  . 
     4 | . . . .  . 
     5 | . . . .  . 
     6 | . . . .  . 
     7 | . . . .  . 
     8 | . 4 4 4  4 
     9 | . 4 4 4  4 
    10 | . 3 3 3  3 
    11 | . 3 3 3  3 
    12 | 2 2 2 2  . 
    13 | 2 2 2 2  . 
    14 | . . . .  . 
    15 | . . . .  . 
    16 | 5 5 5 5  . 
    17 | 5 5 5 5  . 
    18 | 6 6 6 6  9 
    19 | 6 6 6 6  8 
    20 | 6 6 6 6  7 
    21 | 6 6 6 6 10 
    
    Boxes' corners:       (w,l)
        Box  1 is at 
            top left     (0,0)
            bottom right (3,1)
    
        Box  2 is at 
            top left     (0,12)
            bottom right (3,13)
    
        Box  3 is at 
            top left     (1,10)
            bottom right (4,11)
    
        Box  4 is at 
            top left     (1,8)
            bottom right (4,9)
    
        Box  5 is at 
            top left     (0,16)
            bottom right (3,17)
    
        Box  6 is at 
            top left     (0,18)
            bottom right (3,21)
    
        Box  7 is at 
            top left     (4,20)
            bottom right (4,20)
    
        Box  8 is at 
            top left     (4,19)
            bottom right (4,19)
    
        Box  9 is at 
            top left     (4,18)
            bottom right (4,18)
    
        Box 10 is at 
            top left     (4,21)
            bottom right (4,21)
    
        Roll length used: 22

    [1;34mTry max length:[0m 21
    [1;34m    At iteration:[0m 7
        lingeling found a solution in .349 ms

       | W
     L | 0 1 2 3  4 
    ---------------
     0 | 1 1 1 1  . 
     1 | 1 1 1 1  . 
     2 | . . . .  . 
     3 | . . . .  . 
     4 | . . . .  . 
     5 | . . . .  . 
     6 | . . . .  . 
     7 | . 4 4 4  4 
     8 | . 4 4 4  4 
     9 | . 3 3 3  3 
    10 | . 3 3 3  3 
    11 | 2 2 2 2  . 
    12 | 2 2 2 2  . 
    13 | . . . .  . 
    14 | . . . .  . 
    15 | 5 5 5 5  . 
    16 | 5 5 5 5  9 
    17 | 6 6 6 6  . 
    18 | 6 6 6 6  8 
    19 | 6 6 6 6 10 
    20 | 6 6 6 6  7 
    
    Boxes' corners:       (w,l)
        Box  1 is at 
            top left     (0,0)
            bottom right (3,1)
    
        Box  2 is at 
            top left     (0,11)
            bottom right (3,12)
    
        Box  3 is at 
            top left     (1,9)
            bottom right (4,10)
    
        Box  4 is at 
            top left     (1,7)
            bottom right (4,8)
    
        Box  5 is at 
            top left     (0,15)
            bottom right (3,16)
    
        Box  6 is at 
            top left     (0,17)
            bottom right (3,20)
    
        Box  7 is at 
            top left     (4,20)
            bottom right (4,20)
    
        Box  8 is at 
            top left     (4,18)
            bottom right (4,18)
    
        Box  9 is at 
            top left     (4,16)
            bottom right (4,16)
    
        Box 10 is at 
            top left     (4,19)
            bottom right (4,19)
    
        Roll length used: 21

    [1;34mTry max length:[0m 20
    [1;34m    At iteration:[0m 8
        lingeling found a solution in .355 ms

       | W
     L | 0 1 2 3  4 
    ---------------
     0 | 1 1 1 1  . 
     1 | 1 1 1 1  . 
     2 | . . . .  . 
     3 | . . . .  . 
     4 | . . . .  . 
     5 | . . . .  . 
     6 | . . . .  . 
     7 | . 4 4 4  4 
     8 | . 4 4 4  4 
     9 | . 3 3 3  3 
    10 | . 3 3 3  3 
    11 | 2 2 2 2  . 
    12 | 2 2 2 2  . 
    13 | . . . .  . 
    14 | 5 5 5 5  9 
    15 | 5 5 5 5  . 
    16 | 6 6 6 6  . 
    17 | 6 6 6 6 10 
    18 | 6 6 6 6  8 
    19 | 6 6 6 6  7 
    
    Boxes' corners:       (w,l)
        Box  1 is at 
            top left     (0,0)
            bottom right (3,1)
    
        Box  2 is at 
            top left     (0,11)
            bottom right (3,12)
    
        Box  3 is at 
            top left     (1,9)
            bottom right (4,10)
    
        Box  4 is at 
            top left     (1,7)
            bottom right (4,8)
    
        Box  5 is at 
            top left     (0,14)
            bottom right (3,15)
    
        Box  6 is at 
            top left     (0,16)
            bottom right (3,19)
    
        Box  7 is at 
            top left     (4,19)
            bottom right (4,19)
    
        Box  8 is at 
            top left     (4,18)
            bottom right (4,18)
    
        Box  9 is at 
            top left     (4,14)
            bottom right (4,14)
    
        Box 10 is at 
            top left     (4,17)
            bottom right (4,17)
    
        Roll length used: 20

    [1;34mTry max length:[0m 19
    [1;34m    At iteration:[0m 9
        lingeling found a solution in .316 ms

       | W
     L | 0 1 2 3  4 
    ---------------
     0 | 1 1 1 1  . 
     1 | 1 1 1 1  . 
     2 | . . . .  . 
     3 | . . . .  . 
     4 | . . . .  . 
     5 | . . . .  . 
     6 | . 4 4 4  4 
     7 | . 4 4 4  4 
     8 | . 3 3 3  3 
     9 | . 3 3 3  3 
    10 | 2 2 2 2  9 
    11 | 2 2 2 2  . 
    12 | . . . .  . 
    13 | 5 5 5 5  . 
    14 | 5 5 5 5  . 
    15 | 6 6 6 6  8 
    16 | 6 6 6 6  7 
    17 | 6 6 6 6  . 
    18 | 6 6 6 6 10 
    
    Boxes' corners:       (w,l)
        Box  1 is at 
            top left     (0,0)
            bottom right (3,1)
    
        Box  2 is at 
            top left     (0,10)
            bottom right (3,11)
    
        Box  3 is at 
            top left     (1,8)
            bottom right (4,9)
    
        Box  4 is at 
            top left     (1,6)
            bottom right (4,7)
    
        Box  5 is at 
            top left     (0,13)
            bottom right (3,14)
    
        Box  6 is at 
            top left     (0,15)
            bottom right (3,18)
    
        Box  7 is at 
            top left     (4,16)
            bottom right (4,16)
    
        Box  8 is at 
            top left     (4,15)
            bottom right (4,15)
    
        Box  9 is at 
            top left     (4,10)
            bottom right (4,10)
    
        Box 10 is at 
            top left     (4,18)
            bottom right (4,18)
    
        Roll length used: 19

    [1;34mTry max length:[0m 18
    [1;34m    At iteration:[0m 10
        lingeling found a solution in .346 ms

       | W
     L |  0 1 2 3 4 
    ---------------
     0 |  . 1 1 . . 
     1 |  . 1 1 . . 
     2 |  . 1 1 . . 
     3 |  . 1 1 . . 
     4 |  3 3 3 3 . 
     5 |  3 3 3 3 . 
     6 |  . 6 6 6 6 
     7 |  . 6 6 6 6 
     8 |  . 6 6 6 6 
     9 |  . 6 6 6 6 
    10 |  . . . . . 
    11 |  2 2 2 2 . 
    12 |  2 2 2 2 . 
    13 | 10 5 5 5 5 
    14 |  9 5 5 5 5 
    15 |  8 4 4 4 4 
    16 |  . 4 4 4 4 
    17 |  . . . . 7 
    
    Boxes' corners:       (w,l)
        Box  1 is at 
            top left     (1,0)
            bottom right (2,3)
    
        Box  2 is at 
            top left     (0,11)
            bottom right (3,12)
    
        Box  3 is at 
            top left     (0,4)
            bottom right (3,5)
    
        Box  4 is at 
            top left     (1,15)
            bottom right (4,16)
    
        Box  5 is at 
            top left     (1,13)
            bottom right (4,14)
    
        Box  6 is at 
            top left     (1,6)
            bottom right (4,9)
    
        Box  7 is at 
            top left     (4,17)
            bottom right (4,17)
    
        Box  8 is at 
            top left     (0,15)
            bottom right (0,15)
    
        Box  9 is at 
            top left     (0,14)
            bottom right (0,14)
    
        Box 10 is at 
            top left     (0,13)
            bottom right (0,13)
    
        Roll length used: 18

    [1;34mTry max length:[0m 17
    [1;34m    At iteration:[0m 11
        lingeling found a solution in .309 ms

       | W
     L |  0 1 2 3 4 
    ---------------
     0 |  1 1 1 1 . 
     1 |  1 1 1 1 . 
     2 |  . 4 4 4 4 
     3 |  . 4 4 4 4 
     4 |  . . . . . 
     5 |  . 3 3 3 3 
     6 |  . 3 3 3 3 
     7 |  6 6 6 6 . 
     8 |  6 6 6 6 . 
     9 |  6 6 6 6 . 
    10 |  6 6 6 6 . 
    11 |  . . . . . 
    12 |  . 5 5 5 5 
    13 |  . 5 5 5 5 
    14 |  2 2 2 2 . 
    15 |  2 2 2 2 . 
    16 | 10 . 9 8 7 
    
    Boxes' corners:       (w,l)
        Box  1 is at 
            top left     (0,0)
            bottom right (3,1)
    
        Box  2 is at 
            top left     (0,14)
            bottom right (3,15)
    
        Box  3 is at 
            top left     (1,5)
            bottom right (4,6)
    
        Box  4 is at 
            top left     (1,2)
            bottom right (4,3)
    
        Box  5 is at 
            top left     (1,12)
            bottom right (4,13)
    
        Box  6 is at 
            top left     (0,7)
            bottom right (3,10)
    
        Box  7 is at 
            top left     (4,16)
            bottom right (4,16)
    
        Box  8 is at 
            top left     (3,16)
            bottom right (3,16)
    
        Box  9 is at 
            top left     (2,16)
            bottom right (2,16)
    
        Box 10 is at 
            top left     (0,16)
            bottom right (0,16)
    
        Roll length used: 17

    [1;34mTry max length:[0m 16
    [1;34m    At iteration:[0m 12
        lingeling found a solution in .297 ms

       | W
     L |  0 1 2 3 4 
    ---------------
     0 |  . 1 1 1 1 
     1 |  . 1 1 1 1 
     2 |  . 4 4 4 4 
     3 |  . 4 4 4 4 
     4 |  . . . . . 
     5 |  . 3 3 3 3 
     6 |  . 3 3 3 3 
     7 |  . 2 2 2 2 
     8 |  . 2 2 2 2 
     9 |  5 5 5 5 . 
    10 |  5 5 5 5 . 
    11 | 10 . . . . 
    12 |  6 6 6 6 7 
    13 |  6 6 6 6 . 
    14 |  6 6 6 6 9 
    15 |  6 6 6 6 8 
    
    Boxes' corners:       (w,l)
        Box  1 is at 
            top left     (1,0)
            bottom right (4,1)
    
        Box  2 is at 
            top left     (1,7)
            bottom right (4,8)
    
        Box  3 is at 
            top left     (1,5)
            bottom right (4,6)
    
        Box  4 is at 
            top left     (1,2)
            bottom right (4,3)
    
        Box  5 is at 
            top left     (0,9)
            bottom right (3,10)
    
        Box  6 is at 
            top left     (0,12)
            bottom right (3,15)
    
        Box  7 is at 
            top left     (4,12)
            bottom right (4,12)
    
        Box  8 is at 
            top left     (4,15)
            bottom right (4,15)
    
        Box  9 is at 
            top left     (4,14)
            bottom right (4,14)
    
        Box 10 is at 
            top left     (0,11)
            bottom right (0,11)
    
        Roll length used: 16

    [1;34mTry max length:[0m 15
    [1;34m    At iteration:[0m 13
        lingeling found a solution in .264 ms

       | W
     L | 0 1 2 3  4 
    ---------------
     0 | . 1 1 1  1 
     1 | . 1 1 1  1 
     2 | 5 5 5 5  . 
     3 | 5 5 5 5  . 
     4 | 6 6 6 6  . 
     5 | 6 6 6 6  . 
     6 | 6 6 6 6  . 
     7 | 6 6 6 6  . 
     8 | 4 4 4 4  . 
     9 | 4 4 4 4  9 
    10 | . . . .  8 
    11 | . 3 3 3  3 
    12 | . 3 3 3  3 
    13 | 2 2 2 2 10 
    14 | 2 2 2 2  7 
    
    Boxes' corners:       (w,l)
        Box  1 is at 
            top left     (1,0)
            bottom right (4,1)
    
        Box  2 is at 
            top left     (0,13)
            bottom right (3,14)
    
        Box  3 is at 
            top left     (1,11)
            bottom right (4,12)
    
        Box  4 is at 
            top left     (0,8)
            bottom right (3,9)
    
        Box  5 is at 
            top left     (0,2)
            bottom right (3,3)
    
        Box  6 is at 
            top left     (0,4)
            bottom right (3,7)
    
        Box  7 is at 
            top left     (4,14)
            bottom right (4,14)
    
        Box  8 is at 
            top left     (4,10)
            bottom right (4,10)
    
        Box  9 is at 
            top left     (4,9)
            bottom right (4,9)
    
        Box 10 is at 
            top left     (4,13)
            bottom right (4,13)
    
        Roll length used: 15

    [1;34mTry max length:[0m 14
    [1;34m    At iteration:[0m 14
        lingeling found a solution in .257 ms

       | W
     L |  0 1 2 3 4 
    ---------------
     0 |  6 6 6 6 . 
     1 |  6 6 6 6 . 
     2 |  6 6 6 6 . 
     3 |  6 6 6 6 9 
     4 |  4 4 4 4 . 
     5 |  4 4 4 4 . 
     6 |  . 1 1 1 1 
     7 |  . 1 1 1 1 
     8 |  2 2 2 2 . 
     9 |  2 2 2 2 . 
    10 | 10 3 3 3 3 
    11 |  . 3 3 3 3 
    12 |  5 5 5 5 7 
    13 |  5 5 5 5 8 
    
    Boxes' corners:       (w,l)
        Box  1 is at 
            top left     (1,6)
            bottom right (4,7)
    
        Box  2 is at 
            top left     (0,8)
            bottom right (3,9)
    
        Box  3 is at 
            top left     (1,10)
            bottom right (4,11)
    
        Box  4 is at 
            top left     (0,4)
            bottom right (3,5)
    
        Box  5 is at 
            top left     (0,12)
            bottom right (3,13)
    
        Box  6 is at 
            top left     (0,0)
            bottom right (3,3)
    
        Box  7 is at 
            top left     (4,12)
            bottom right (4,12)
    
        Box  8 is at 
            top left     (4,13)
            bottom right (4,13)
    
        Box  9 is at 
            top left     (4,3)
            bottom right (4,3)
    
        Box 10 is at 
            top left     (0,10)
            bottom right (0,10)
    
        Roll length used: 14

    [1;34mTry max length:[0m 13
    [1;34m    At iteration:[0m 15
        [3;31mlingeling determined unsatisfiability of the Boolean formula[0m
        [1;32mOptimality reached![0m
