dt jun 5 19:25:49 CEST 2018
    [1;34mTry max length:[0m 999999
    [1;34m    At iteration:[0m 0
        lingeling found a solution in .474 ms

       | W
     L | 0 1 2 3 4 5 6 7 8 
    ----------------------
     0 | . . . . . . . . . 
     1 | . . . . . . . . . 
     2 | . . . . . . . . . 
     3 | . . . . . . . . . 
     4 | . . . . . . . . . 
     5 | . . . . . . . . . 
     6 | . . . . . . . . . 
     7 | 1 . . . . . . . . 
     8 | 1 . . . . . . . . 
     9 | . . . . . . . . . 
    10 | . . . . . . . . . 
    11 | . . . . . . . . . 
    12 | 2 5 6 9 9 8 8 7 7 
    13 | 2 4 3 9 9 8 8 7 7 
    
    Boxes' corners:      (w,l)
        Box 1 is at 
            top left     (0,7)
            bottom right (0,8)
    
        Box 2 is at 
            top left     (0,12)
            bottom right (0,13)
    
        Box 3 is at 
            top left     (2,13)
            bottom right (2,13)
    
        Box 4 is at 
            top left     (1,13)
            bottom right (1,13)
    
        Box 5 is at 
            top left     (1,12)
            bottom right (1,12)
    
        Box 6 is at 
            top left     (2,12)
            bottom right (2,12)
    
        Box 7 is at 
            top left     (7,12)
            bottom right (8,13)
    
        Box 8 is at 
            top left     (5,12)
            bottom right (6,13)
    
        Box 9 is at 
            top left     (3,12)
            bottom right (4,13)
    
        Roll length used: 14

    [1;34mTry max length:[0m 13
    [1;34m    At iteration:[0m 1
        lingeling found a solution in .501 ms

       | W
     L | 0 1 2 3 4 5 6 7 8 
    ----------------------
     0 | . . . . . . . . . 
     1 | . . . . . . . . . 
     2 | . . . . . . . . . 
     3 | . . . . . . . . . 
     4 | . . . . . . . . . 
     5 | . . . . . . . . . 
     6 | 1 . . . . . . . . 
     7 | 1 . . . . . . . . 
     8 | . . . . . . . . . 
     9 | . . . . . . . . . 
    10 | . . . . . . 5 . . 
    11 | 2 . 6 9 9 8 8 7 7 
    12 | 2 4 3 9 9 8 8 7 7 
    
    Boxes' corners:      (w,l)
        Box 1 is at 
            top left     (0,6)
            bottom right (0,7)
    
        Box 2 is at 
            top left     (0,11)
            bottom right (0,12)
    
        Box 3 is at 
            top left     (2,12)
            bottom right (2,12)
    
        Box 4 is at 
            top left     (1,12)
            bottom right (1,12)
    
        Box 5 is at 
            top left     (6,10)
            bottom right (6,10)
    
        Box 6 is at 
            top left     (2,11)
            bottom right (2,11)
    
        Box 7 is at 
            top left     (7,11)
            bottom right (8,12)
    
        Box 8 is at 
            top left     (5,11)
            bottom right (6,12)
    
        Box 9 is at 
            top left     (3,11)
            bottom right (4,12)
    
        Roll length used: 13

    [1;34mTry max length:[0m 12
    [1;34m    At iteration:[0m 2
        lingeling found a solution in .477 ms

       | W
     L | 0 1 2 3 4 5 6 7 8 
    ----------------------
     0 | . . . . . . . . . 
     1 | . . . . . . . . . 
     2 | . . . . . . . . . 
     3 | . . . . . . . . . 
     4 | . . . . . . . . . 
     5 | . . . . . . . . . 
     6 | 1 . . . . . . . . 
     7 | 1 . . . . . . . . 
     8 | . . . . . . . . . 
     9 | . . . . . . . 6 . 
    10 | 2 . 5 9 9 8 8 7 7 
    11 | 2 4 3 9 9 8 8 7 7 
    
    Boxes' corners:      (w,l)
        Box 1 is at 
            top left     (0,6)
            bottom right (0,7)
    
        Box 2 is at 
            top left     (0,10)
            bottom right (0,11)
    
        Box 3 is at 
            top left     (2,11)
            bottom right (2,11)
    
        Box 4 is at 
            top left     (1,11)
            bottom right (1,11)
    
        Box 5 is at 
            top left     (2,10)
            bottom right (2,10)
    
        Box 6 is at 
            top left     (7,9)
            bottom right (7,9)
    
        Box 7 is at 
            top left     (7,10)
            bottom right (8,11)
    
        Box 8 is at 
            top left     (5,10)
            bottom right (6,11)
    
        Box 9 is at 
            top left     (3,10)
            bottom right (4,11)
    
        Roll length used: 12

    [1;34mTry max length:[0m 11
    [1;34m    At iteration:[0m 3
        lingeling found a solution in .431 ms

       | W
     L | 0 1 2 3 4 5 6 7 8 
    ----------------------
     0 | . . . . . . . . . 
     1 | . . . . . . . . . 
     2 | . . . . . . . . . 
     3 | . . . . . . . . . 
     4 | . . . . . . . . . 
     5 | 1 . . . . . . . . 
     6 | 1 . . . . . . . . 
     7 | . . . . . . . 5 . 
     8 | . . . . . . . . . 
     9 | 2 . 4 9 9 8 8 7 7 
    10 | 2 6 3 9 9 8 8 7 7 
    
    Boxes' corners:      (w,l)
        Box 1 is at 
            top left     (0,5)
            bottom right (0,6)
    
        Box 2 is at 
            top left     (0,9)
            bottom right (0,10)
    
        Box 3 is at 
            top left     (2,10)
            bottom right (2,10)
    
        Box 4 is at 
            top left     (2,9)
            bottom right (2,9)
    
        Box 5 is at 
            top left     (7,7)
            bottom right (7,7)
    
        Box 6 is at 
            top left     (1,10)
            bottom right (1,10)
    
        Box 7 is at 
            top left     (7,9)
            bottom right (8,10)
    
        Box 8 is at 
            top left     (5,9)
            bottom right (6,10)
    
        Box 9 is at 
            top left     (3,9)
            bottom right (4,10)
    
        Roll length used: 11

    [1;34mTry max length:[0m 10
    [1;34m    At iteration:[0m 4
        lingeling found a solution in .399 ms

       | W
     L | 0 1 2 3 4 5 6 7 8 
    ----------------------
     0 | . . . . . . . . . 
     1 | . . . . . . . . . 
     2 | . . . . . . . . . 
     3 | . . . . . . . . . 
     4 | . . . . . . . . . 
     5 | 1 . . . . . . . . 
     6 | 1 . . . . . . . . 
     7 | . 3 . . . . . . 4 
     8 | 2 . . 9 9 8 8 7 7 
     9 | 2 6 5 9 9 8 8 7 7 
    
    Boxes' corners:      (w,l)
        Box 1 is at 
            top left     (0,5)
            bottom right (0,6)
    
        Box 2 is at 
            top left     (0,8)
            bottom right (0,9)
    
        Box 3 is at 
            top left     (1,7)
            bottom right (1,7)
    
        Box 4 is at 
            top left     (8,7)
            bottom right (8,7)
    
        Box 5 is at 
            top left     (2,9)
            bottom right (2,9)
    
        Box 6 is at 
            top left     (1,9)
            bottom right (1,9)
    
        Box 7 is at 
            top left     (7,8)
            bottom right (8,9)
    
        Box 8 is at 
            top left     (5,8)
            bottom right (6,9)
    
        Box 9 is at 
            top left     (3,8)
            bottom right (4,9)
    
        Roll length used: 10

    [1;34mTry max length:[0m 9
    [1;34m    At iteration:[0m 5
        lingeling found a solution in .386 ms

      | W
    L | 0 1 2 3 4 5 6 7 8 
    ----------------------
    0 | . . . . . . . . . 
    1 | . . . . . . . 5 . 
    2 | . . . 1 . . . . . 
    3 | . . . 1 . . . . . 
    4 | . . . . . . . . . 
    5 | . . . . . . . . . 
    6 | . . . . . . . . 6 
    7 | 2 . . 9 9 8 8 7 7 
    8 | 2 4 3 9 9 8 8 7 7 
    
    Boxes' corners:      (w,l)
        Box 1 is at 
            top left     (3,2)
            bottom right (3,3)
    
        Box 2 is at 
            top left     (0,7)
            bottom right (0,8)
    
        Box 3 is at 
            top left     (2,8)
            bottom right (2,8)
    
        Box 4 is at 
            top left     (1,8)
            bottom right (1,8)
    
        Box 5 is at 
            top left     (7,1)
            bottom right (7,1)
    
        Box 6 is at 
            top left     (8,6)
            bottom right (8,6)
    
        Box 7 is at 
            top left     (7,7)
            bottom right (8,8)
    
        Box 8 is at 
            top left     (5,7)
            bottom right (6,8)
    
        Box 9 is at 
            top left     (3,7)
            bottom right (4,8)
    
        Roll length used: 9

    [1;34mTry max length:[0m 8
    [1;34m    At iteration:[0m 6
        lingeling found a solution in .314 ms

      | W
    L | 0 1 2 3 4 5 6 7 8 
    ----------------------
    0 | . . . . . . . 6 . 
    1 | . . . . . . . . . 
    2 | . . . . . . . . 4 
    3 | . . . . . . . . . 
    4 | 1 . . . . . . . . 
    5 | 1 . . . . . . . . 
    6 | 2 . . 9 9 8 8 7 7 
    7 | 2 5 3 9 9 8 8 7 7 
    
    Boxes' corners:      (w,l)
        Box 1 is at 
            top left     (0,4)
            bottom right (0,5)
    
        Box 2 is at 
            top left     (0,6)
            bottom right (0,7)
    
        Box 3 is at 
            top left     (2,7)
            bottom right (2,7)
    
        Box 4 is at 
            top left     (8,2)
            bottom right (8,2)
    
        Box 5 is at 
            top left     (1,7)
            bottom right (1,7)
    
        Box 6 is at 
            top left     (7,0)
            bottom right (7,0)
    
        Box 7 is at 
            top left     (7,6)
            bottom right (8,7)
    
        Box 8 is at 
            top left     (5,6)
            bottom right (6,7)
    
        Box 9 is at 
            top left     (3,6)
            bottom right (4,7)
    
        Roll length used: 8

    [1;34mTry max length:[0m 7
    [1;34m    At iteration:[0m 7
        lingeling found a solution in .262 ms

      | W
    L | 0 1 2 3 4 5 6 7 8 
    ----------------------
    0 | . . . . 1 1 . . . 
    1 | . . . . . . . . . 
    2 | . . . . . . . . . 
    3 | . . . . . . . . . 
    4 | . . . . . 6 5 . . 
    5 | 2 . . 9 9 8 8 7 7 
    6 | 2 4 3 9 9 8 8 7 7 
    
    Boxes' corners:      (w,l)
        Box 1 is at 
            top left     (4,0)
            bottom right (5,0)
    
        Box 2 is at 
            top left     (0,5)
            bottom right (0,6)
    
        Box 3 is at 
            top left     (2,6)
            bottom right (2,6)
    
        Box 4 is at 
            top left     (1,6)
            bottom right (1,6)
    
        Box 5 is at 
            top left     (6,4)
            bottom right (6,4)
    
        Box 6 is at 
            top left     (5,4)
            bottom right (5,4)
    
        Box 7 is at 
            top left     (7,5)
            bottom right (8,6)
    
        Box 8 is at 
            top left     (5,5)
            bottom right (6,6)
    
        Box 9 is at 
            top left     (3,5)
            bottom right (4,6)
    
        Roll length used: 7

    [1;34mTry max length:[0m 6
    [1;34m    At iteration:[0m 8
        lingeling found a solution in .211 ms

      | W
    L | 0 1 2 3 4 5 6 7 8 
    ----------------------
    0 | . . . . 1 1 . 4 3 
    1 | . . . . . . 5 . . 
    2 | 2 . . . . . . 9 9 
    3 | 2 . . . . . . 9 9 
    4 | . . . . . 8 8 7 7 
    5 | . . . . 6 8 8 7 7 
    
    Boxes' corners:      (w,l)
        Box 1 is at 
            top left     (4,0)
            bottom right (5,0)
    
        Box 2 is at 
            top left     (0,2)
            bottom right (0,3)
    
        Box 3 is at 
            top left     (8,0)
            bottom right (8,0)
    
        Box 4 is at 
            top left     (7,0)
            bottom right (7,0)
    
        Box 5 is at 
            top left     (6,1)
            bottom right (6,1)
    
        Box 6 is at 
            top left     (4,5)
            bottom right (4,5)
    
        Box 7 is at 
            top left     (7,4)
            bottom right (8,5)
    
        Box 8 is at 
            top left     (5,4)
            bottom right (6,5)
    
        Box 9 is at 
            top left     (7,2)
            bottom right (8,3)
    
        Roll length used: 6

    [1;34mTry max length:[0m 5
    [1;34m    At iteration:[0m 9
        lingeling found a solution in .166 ms

      | W
    L | 0 1 2 3 4 5 6 7 8 
    ----------------------
    0 | 1 1 . . . . 5 8 8 
    1 | 2 . . . . . . 8 8 
    2 | 2 . . . . . 4 . 3 
    3 | . . . . . 9 9 7 7 
    4 | . . . . 6 9 9 7 7 
    
    Boxes' corners:      (w,l)
        Box 1 is at 
            top left     (0,0)
            bottom right (1,0)
    
        Box 2 is at 
            top left     (0,1)
            bottom right (0,2)
    
        Box 3 is at 
            top left     (8,2)
            bottom right (8,2)
    
        Box 4 is at 
            top left     (6,2)
            bottom right (6,2)
    
        Box 5 is at 
            top left     (6,0)
            bottom right (6,0)
    
        Box 6 is at 
            top left     (4,4)
            bottom right (4,4)
    
        Box 7 is at 
            top left     (7,3)
            bottom right (8,4)
    
        Box 8 is at 
            top left     (7,0)
            bottom right (8,1)
    
        Box 9 is at 
            top left     (5,3)
            bottom right (6,4)
    
        Roll length used: 5

    [1;34mTry max length:[0m 4
    [1;34m    At iteration:[0m 10
        lingeling found a solution in .127 ms

      | W
    L | 0 1 2 3 4 5 6 7 8 
    ----------------------
    0 | . . 1 1 . . 3 4 2 
    1 | . . . . . . . 6 2 
    2 | 9 9 8 8 . . . 7 7 
    3 | 9 9 8 8 . 5 . 7 7 
    
    Boxes' corners:      (w,l)
        Box 1 is at 
            top left     (2,0)
            bottom right (3,0)
    
        Box 2 is at 
            top left     (8,0)
            bottom right (8,1)
    
        Box 3 is at 
            top left     (6,0)
            bottom right (6,0)
    
        Box 4 is at 
            top left     (7,0)
            bottom right (7,0)
    
        Box 5 is at 
            top left     (5,3)
            bottom right (5,3)
    
        Box 6 is at 
            top left     (7,1)
            bottom right (7,1)
    
        Box 7 is at 
            top left     (7,2)
            bottom right (8,3)
    
        Box 8 is at 
            top left     (2,2)
            bottom right (3,3)
    
        Box 9 is at 
            top left     (0,2)
            bottom right (1,3)
    
        Roll length used: 4

    [1;34mTry max length:[0m 3
    [1;34m    At iteration:[0m 11
        lingeling found a solution in .107 ms

      | W
    L | 0 1 2 3 4 5 6 7 8 
    ----------------------
    0 | . . 7 7 1 . 3 8 8 
    1 | . 2 7 7 1 9 9 8 8 
    2 | . 2 . 6 5 9 9 . 4 
    
    Boxes' corners:      (w,l)
        Box 1 is at 
            top left     (4,0)
            bottom right (4,1)
    
        Box 2 is at 
            top left     (1,1)
            bottom right (1,2)
    
        Box 3 is at 
            top left     (6,0)
            bottom right (6,0)
    
        Box 4 is at 
            top left     (8,2)
            bottom right (8,2)
    
        Box 5 is at 
            top left     (4,2)
            bottom right (4,2)
    
        Box 6 is at 
            top left     (3,2)
            bottom right (3,2)
    
        Box 7 is at 
            top left     (2,0)
            bottom right (3,1)
    
        Box 8 is at 
            top left     (7,0)
            bottom right (8,1)
    
        Box 9 is at 
            top left     (5,1)
            bottom right (6,2)
    
        Roll length used: 3

    [1;34mTry max length:[0m 2
    [1;34m    At iteration:[0m 12
        [3;31mlingeling determined unsatisfiability of the Boolean formula[0m
        [1;32mOptimality reached![0m
