dc jun 6 20:39:11 CEST 2018
    [1;34mTry max length:[0m 999999
    [1;34m    At iteration:[0m 0
        lingeling found a solution in .714 ms

       | W
     L |  0  1  2  3  4  5 
    ----------------------
     0 |  9  9  9  8  8  8 
     1 |  9  9  9  8  8  8 
     2 | 11 11 11 11 11  . 
     3 | 11 11 11 11 11  . 
     4 | 11 11 11 11 11  . 
     5 | 11 11 11 11 11  . 
     6 | 11 11 11 11 11  . 
     7 |  .  .  .  .  .  . 
     8 |  .  .  .  .  .  . 
     9 |  .  .  .  .  .  . 
    10 |  .  .  .  .  .  . 
    11 |  .  .  .  .  .  . 
    12 |  .  .  .  .  .  . 
    13 |  .  .  .  .  .  . 
    14 |  .  .  .  .  .  . 
    15 |  1  .  .  .  .  . 
    16 |  .  .  .  .  .  . 
    17 |  .  .  .  .  .  . 
    18 |  .  .  .  .  .  . 
    19 |  .  .  .  .  .  . 
    20 |  .  .  .  .  .  . 
    21 |  .  .  .  .  .  . 
    22 |  .  .  .  .  .  . 
    23 |  5  .  .  .  .  4 
    24 |  5  .  .  .  .  4 
    25 |  6  6  6  7  7  7 
    26 |  . 10 10 10 10 10 
    27 |  3 10 10 10 10 10 
    28 |  3 10 10 10 10 10 
    29 |  2 10 10 10 10 10 
    30 |  2 10 10 10 10 10 
    
    Boxes' corners:       (w,l)
        Box  1 is at 
            top left     (0,15)
            bottom right (0,15)
    
        Box  2 is at 
            top left     (0,29)
            bottom right (0,30)
    
        Box  3 is at 
            top left     (0,27)
            bottom right (0,28)
    
        Box  4 is at 
            top left     (5,23)
            bottom right (5,24)
    
        Box  5 is at 
            top left     (0,23)
            bottom right (0,24)
    
        Box  6 is at 
            top left     (0,25)
            bottom right (2,25)
    
        Box  7 is at 
            top left     (3,25)
            bottom right (5,25)
    
        Box  8 is at 
            top left     (3,0)
            bottom right (5,1)
    
        Box  9 is at 
            top left     (0,0)
            bottom right (2,1)
    
        Box 10 is at 
            top left     (1,26)
            bottom right (5,30)
    
        Box 11 is at 
            top left     (0,2)
            bottom right (4,6)
    
        Roll length used: 31

    [1;34mTry max length:[0m 30
    [1;34m    At iteration:[0m 1
        lingeling found a solution in .688 ms

       | W
     L |  0  1  2  3  4 5 
    ---------------------
     0 |  9  9  9  8  8 8 
     1 |  9  9  9  8  8 8 
     2 |  .  .  .  .  . . 
     3 |  .  .  .  .  . . 
     4 |  .  .  .  .  . . 
     5 |  .  .  .  .  . . 
     6 |  .  .  .  .  . . 
     7 |  .  .  .  .  . . 
     8 |  .  .  .  .  . . 
     9 |  .  .  .  .  . . 
    10 |  .  .  .  .  . . 
    11 |  .  .  .  .  . . 
    12 |  .  1  .  .  . . 
    13 |  .  .  .  .  . . 
    14 |  .  .  .  .  . . 
    15 |  .  .  .  .  . . 
    16 |  .  .  .  .  . . 
    17 |  .  .  .  .  . 4 
    18 |  .  .  .  .  . 4 
    19 |  7  7  7  6  6 6 
    20 | 11 11 11 11 11 . 
    21 | 11 11 11 11 11 . 
    22 | 11 11 11 11 11 . 
    23 | 11 11 11 11 11 . 
    24 | 11 11 11 11 11 5 
    25 | 10 10 10 10 10 5 
    26 | 10 10 10 10 10 3 
    27 | 10 10 10 10 10 3 
    28 | 10 10 10 10 10 2 
    29 | 10 10 10 10 10 2 
    
    Boxes' corners:       (w,l)
        Box  1 is at 
            top left     (1,12)
            bottom right (1,12)
    
        Box  2 is at 
            top left     (5,28)
            bottom right (5,29)
    
        Box  3 is at 
            top left     (5,26)
            bottom right (5,27)
    
        Box  4 is at 
            top left     (5,17)
            bottom right (5,18)
    
        Box  5 is at 
            top left     (5,24)
            bottom right (5,25)
    
        Box  6 is at 
            top left     (3,19)
            bottom right (5,19)
    
        Box  7 is at 
            top left     (0,19)
            bottom right (2,19)
    
        Box  8 is at 
            top left     (3,0)
            bottom right (5,1)
    
        Box  9 is at 
            top left     (0,0)
            bottom right (2,1)
    
        Box 10 is at 
            top left     (0,25)
            bottom right (4,29)
    
        Box 11 is at 
            top left     (0,20)
            bottom right (4,24)
    
        Roll length used: 30

    [1;34mTry max length:[0m 29
    [1;34m    At iteration:[0m 2
        lingeling found a solution in .652 ms

       | W
     L |  0  1  2  3  4  5 
    ----------------------
     0 |  9  9  9  8  8  8 
     1 |  9  9  9  8  8  8 
     2 |  .  .  .  .  .  . 
     3 |  .  .  .  .  .  . 
     4 |  .  .  .  .  .  . 
     5 |  .  .  .  .  .  . 
     6 |  .  .  .  .  .  . 
     7 |  .  .  .  .  .  . 
     8 |  . 11 11 11 11 11 
     9 |  . 11 11 11 11 11 
    10 |  . 11 11 11 11 11 
    11 |  . 11 11 11 11 11 
    12 |  . 11 11 11 11 11 
    13 |  .  .  .  .  .  . 
    14 |  .  1  .  .  .  . 
    15 |  .  .  .  .  .  . 
    16 |  .  .  .  .  .  . 
    17 |  .  .  .  .  .  . 
    18 |  .  .  .  .  .  . 
    19 |  .  .  .  .  .  . 
    20 | 10 10 10 10 10  5 
    21 | 10 10 10 10 10  5 
    22 | 10 10 10 10 10  3 
    23 | 10 10 10 10 10  3 
    24 | 10 10 10 10 10  . 
    25 |  .  .  .  .  .  4 
    26 |  2  .  .  .  .  4 
    27 |  2  .  .  .  .  . 
    28 |  6  6  6  7  7  7 
    
    Boxes' corners:       (w,l)
        Box  1 is at 
            top left     (1,14)
            bottom right (1,14)
    
        Box  2 is at 
            top left     (0,26)
            bottom right (0,27)
    
        Box  3 is at 
            top left     (5,22)
            bottom right (5,23)
    
        Box  4 is at 
            top left     (5,25)
            bottom right (5,26)
    
        Box  5 is at 
            top left     (5,20)
            bottom right (5,21)
    
        Box  6 is at 
            top left     (0,28)
            bottom right (2,28)
    
        Box  7 is at 
            top left     (3,28)
            bottom right (5,28)
    
        Box  8 is at 
            top left     (3,0)
            bottom right (5,1)
    
        Box  9 is at 
            top left     (0,0)
            bottom right (2,1)
    
        Box 10 is at 
            top left     (0,20)
            bottom right (4,24)
    
        Box 11 is at 
            top left     (1,8)
            bottom right (5,12)
    
        Roll length used: 29

    [1;34mTry max length:[0m 28
    [1;34m    At iteration:[0m 3
        lingeling found a solution in .623 ms

       | W
     L |  0  1  2  3  4 5 
    ---------------------
     0 |  9  9  9  8  8 8 
     1 |  9  9  9  8  8 8 
     2 |  .  .  .  .  . . 
     3 |  .  .  .  .  . . 
     4 |  .  .  .  .  . . 
     5 |  .  .  .  .  . . 
     6 |  .  .  .  .  . . 
     7 |  .  .  .  .  . . 
     8 |  .  .  .  .  . . 
     9 |  .  .  .  .  . . 
    10 |  .  .  .  .  . . 
    11 |  .  .  .  .  . . 
    12 |  1  .  .  .  . . 
    13 |  .  .  .  .  . . 
    14 |  .  .  .  .  . 4 
    15 |  3  .  .  .  . 4 
    16 |  3  .  .  7  7 7 
    17 |  6  6  6  .  . 2 
    18 | 11 11 11 11 11 2 
    19 | 11 11 11 11 11 . 
    20 | 11 11 11 11 11 5 
    21 | 11 11 11 11 11 5 
    22 | 11 11 11 11 11 . 
    23 | 10 10 10 10 10 . 
    24 | 10 10 10 10 10 . 
    25 | 10 10 10 10 10 . 
    26 | 10 10 10 10 10 . 
    27 | 10 10 10 10 10 . 
    
    Boxes' corners:       (w,l)
        Box  1 is at 
            top left     (0,12)
            bottom right (0,12)
    
        Box  2 is at 
            top left     (5,17)
            bottom right (5,18)
    
        Box  3 is at 
            top left     (0,15)
            bottom right (0,16)
    
        Box  4 is at 
            top left     (5,14)
            bottom right (5,15)
    
        Box  5 is at 
            top left     (5,20)
            bottom right (5,21)
    
        Box  6 is at 
            top left     (0,17)
            bottom right (2,17)
    
        Box  7 is at 
            top left     (3,16)
            bottom right (5,16)
    
        Box  8 is at 
            top left     (3,0)
            bottom right (5,1)
    
        Box  9 is at 
            top left     (0,0)
            bottom right (2,1)
    
        Box 10 is at 
            top left     (0,23)
            bottom right (4,27)
    
        Box 11 is at 
            top left     (0,18)
            bottom right (4,22)
    
        Roll length used: 28

    [1;34mTry max length:[0m 27
    [1;34m    At iteration:[0m 4
        lingeling found a solution in .584 ms

       | W
     L |  0  1  2  3  4  5 
    ----------------------
     0 |  9  9  9  8  8  8 
     1 |  9  9  9  8  8  8 
     2 |  .  .  .  .  .  . 
     3 |  .  .  .  .  .  . 
     4 |  .  .  .  .  .  . 
     5 |  .  .  .  .  .  . 
     6 |  .  .  .  .  .  . 
     7 |  .  1  .  .  .  . 
     8 |  .  .  .  .  .  . 
     9 |  .  .  .  .  .  . 
    10 |  .  .  .  .  .  . 
    11 |  .  .  .  .  .  . 
    12 |  .  .  .  .  .  . 
    13 |  .  .  .  .  .  . 
    14 |  4  .  .  .  .  . 
    15 |  4  .  .  .  .  . 
    16 |  7  7  7  6  6  6 
    17 | 11 11 11 11 11  5 
    18 | 11 11 11 11 11  5 
    19 | 11 11 11 11 11  . 
    20 | 11 11 11 11 11  . 
    21 | 11 11 11 11 11  . 
    22 |  . 10 10 10 10 10 
    23 |  3 10 10 10 10 10 
    24 |  3 10 10 10 10 10 
    25 |  2 10 10 10 10 10 
    26 |  2 10 10 10 10 10 
    
    Boxes' corners:       (w,l)
        Box  1 is at 
            top left     (1,7)
            bottom right (1,7)
    
        Box  2 is at 
            top left     (0,25)
            bottom right (0,26)
    
        Box  3 is at 
            top left     (0,23)
            bottom right (0,24)
    
        Box  4 is at 
            top left     (0,14)
            bottom right (0,15)
    
        Box  5 is at 
            top left     (5,17)
            bottom right (5,18)
    
        Box  6 is at 
            top left     (3,16)
            bottom right (5,16)
    
        Box  7 is at 
            top left     (0,16)
            bottom right (2,16)
    
        Box  8 is at 
            top left     (3,0)
            bottom right (5,1)
    
        Box  9 is at 
            top left     (0,0)
            bottom right (2,1)
    
        Box 10 is at 
            top left     (1,22)
            bottom right (5,26)
    
        Box 11 is at 
            top left     (0,17)
            bottom right (4,21)
    
        Roll length used: 27

    [1;34mTry max length:[0m 26
    [1;34m    At iteration:[0m 5
        lingeling found a solution in .562 ms

       | W
     L |  0  1  2  3  4 5 
    ---------------------
     0 |  9  9  9  8  8 8 
     1 |  9  9  9  8  8 8 
     2 |  .  .  .  .  . . 
     3 |  .  .  .  .  . . 
     4 |  .  .  .  .  . . 
     5 |  .  .  .  .  . . 
     6 |  .  .  .  .  . . 
     7 |  .  .  .  .  . . 
     8 |  .  .  .  .  . . 
     9 |  .  .  .  .  . . 
    10 |  .  .  .  .  . 4 
    11 |  .  .  1  .  . 4 
    12 |  .  .  .  .  . . 
    13 |  2  .  .  .  . 5 
    14 |  2  .  .  .  . 5 
    15 |  6  6  6  7  7 7 
    16 | 11 11 11 11 11 . 
    17 | 11 11 11 11 11 . 
    18 | 11 11 11 11 11 . 
    19 | 11 11 11 11 11 . 
    20 | 11 11 11 11 11 . 
    21 | 10 10 10 10 10 . 
    22 | 10 10 10 10 10 . 
    23 | 10 10 10 10 10 . 
    24 | 10 10 10 10 10 3 
    25 | 10 10 10 10 10 3 
    
    Boxes' corners:       (w,l)
        Box  1 is at 
            top left     (2,11)
            bottom right (2,11)
    
        Box  2 is at 
            top left     (0,13)
            bottom right (0,14)
    
        Box  3 is at 
            top left     (5,24)
            bottom right (5,25)
    
        Box  4 is at 
            top left     (5,10)
            bottom right (5,11)
    
        Box  5 is at 
            top left     (5,13)
            bottom right (5,14)
    
        Box  6 is at 
            top left     (0,15)
            bottom right (2,15)
    
        Box  7 is at 
            top left     (3,15)
            bottom right (5,15)
    
        Box  8 is at 
            top left     (3,0)
            bottom right (5,1)
    
        Box  9 is at 
            top left     (0,0)
            bottom right (2,1)
    
        Box 10 is at 
            top left     (0,21)
            bottom right (4,25)
    
        Box 11 is at 
            top left     (0,16)
            bottom right (4,20)
    
        Roll length used: 26

    [1;34mTry max length:[0m 25
    [1;34m    At iteration:[0m 6
        lingeling found a solution in .534 ms

       | W
     L | 0  1  2  3  4  5 
    ---------------------
     0 | 9  9  9  8  8  8 
     1 | 9  9  9  8  8  8 
     2 | .  .  .  .  .  . 
     3 | .  .  .  .  .  . 
     4 | .  .  .  .  .  . 
     5 | .  .  .  .  .  . 
     6 | .  .  1  .  .  . 
     7 | .  .  .  .  .  . 
     8 | .  .  .  .  .  . 
     9 | .  .  .  .  .  . 
    10 | .  .  .  .  .  . 
    11 | .  .  .  .  .  . 
    12 | .  .  .  .  .  . 
    13 | .  .  .  7  7  7 
    14 | . 11 11 11 11 11 
    15 | . 11 11 11 11 11 
    16 | . 11 11 11 11 11 
    17 | 5 11 11 11 11 11 
    18 | 5 11 11 11 11 11 
    19 | 4  .  6  6  6  . 
    20 | 4 10 10 10 10 10 
    21 | 3 10 10 10 10 10 
    22 | 3 10 10 10 10 10 
    23 | 2 10 10 10 10 10 
    24 | 2 10 10 10 10 10 
    
    Boxes' corners:       (w,l)
        Box  1 is at 
            top left     (2,6)
            bottom right (2,6)
    
        Box  2 is at 
            top left     (0,23)
            bottom right (0,24)
    
        Box  3 is at 
            top left     (0,21)
            bottom right (0,22)
    
        Box  4 is at 
            top left     (0,19)
            bottom right (0,20)
    
        Box  5 is at 
            top left     (0,17)
            bottom right (0,18)
    
        Box  6 is at 
            top left     (2,19)
            bottom right (4,19)
    
        Box  7 is at 
            top left     (3,13)
            bottom right (5,13)
    
        Box  8 is at 
            top left     (3,0)
            bottom right (5,1)
    
        Box  9 is at 
            top left     (0,0)
            bottom right (2,1)
    
        Box 10 is at 
            top left     (1,20)
            bottom right (5,24)
    
        Box 11 is at 
            top left     (1,14)
            bottom right (5,18)
    
        Roll length used: 25

    [1;34mTry max length:[0m 24
    [1;34m    At iteration:[0m 7
        lingeling found a solution in .556 ms

       | W
     L |  0  1  2  3  4  5 
    ----------------------
     0 |  7  7  7  9  9  9 
     1 |  .  .  .  9  9  9 
     2 |  .  .  .  .  .  . 
     3 |  .  .  .  .  .  . 
     4 |  .  .  .  .  .  . 
     5 |  .  .  .  .  .  . 
     6 |  .  .  .  .  .  . 
     7 |  .  .  .  .  .  . 
     8 |  1  .  .  .  .  4 
     9 |  .  .  .  .  .  4 
    10 |  .  .  .  .  .  . 
    11 |  .  .  .  .  .  . 
    12 | 11 11 11 11 11  . 
    13 | 11 11 11 11 11  . 
    14 | 11 11 11 11 11  . 
    15 | 11 11 11 11 11  . 
    16 | 11 11 11 11 11  . 
    17 |  5 10 10 10 10 10 
    18 |  5 10 10 10 10 10 
    19 |  3 10 10 10 10 10 
    20 |  3 10 10 10 10 10 
    21 |  2 10 10 10 10 10 
    22 |  2  .  .  8  8  8 
    23 |  6  6  6  8  8  8 
    
    Boxes' corners:       (w,l)
        Box  1 is at 
            top left     (0,8)
            bottom right (0,8)
    
        Box  2 is at 
            top left     (0,21)
            bottom right (0,22)
    
        Box  3 is at 
            top left     (0,19)
            bottom right (0,20)
    
        Box  4 is at 
            top left     (5,8)
            bottom right (5,9)
    
        Box  5 is at 
            top left     (0,17)
            bottom right (0,18)
    
        Box  6 is at 
            top left     (0,23)
            bottom right (2,23)
    
        Box  7 is at 
            top left     (0,0)
            bottom right (2,0)
    
        Box  8 is at 
            top left     (3,22)
            bottom right (5,23)
    
        Box  9 is at 
            top left     (3,0)
            bottom right (5,1)
    
        Box 10 is at 
            top left     (1,17)
            bottom right (5,21)
    
        Box 11 is at 
            top left     (0,12)
            bottom right (4,16)
    
        Roll length used: 24

    [1;34mTry max length:[0m 23
    [1;34m    At iteration:[0m 8
        lingeling found a solution in .487 ms

       | W
     L |  0  1  2  3  4 5 
    ---------------------
     0 |  9  9  9  8  8 8 
     1 |  9  9  9  8  8 8 
     2 |  7  7  7  .  . . 
     3 |  .  .  .  .  . . 
     4 |  .  .  .  .  . . 
     5 |  .  .  .  .  . . 
     6 |  5  .  .  .  . . 
     7 |  5  .  .  .  . . 
     8 |  3  .  .  .  . . 
     9 |  3  .  .  .  . . 
    10 |  2  .  .  .  . . 
    11 |  2  .  1  .  . . 
    12 | 10 10 10 10 10 . 
    13 | 10 10 10 10 10 . 
    14 | 10 10 10 10 10 . 
    15 | 10 10 10 10 10 . 
    16 | 10 10 10 10 10 . 
    17 |  6  6  6  .  . . 
    18 | 11 11 11 11 11 . 
    19 | 11 11 11 11 11 . 
    20 | 11 11 11 11 11 . 
    21 | 11 11 11 11 11 4 
    22 | 11 11 11 11 11 4 
    
    Boxes' corners:       (w,l)
        Box  1 is at 
            top left     (2,11)
            bottom right (2,11)
    
        Box  2 is at 
            top left     (0,10)
            bottom right (0,11)
    
        Box  3 is at 
            top left     (0,8)
            bottom right (0,9)
    
        Box  4 is at 
            top left     (5,21)
            bottom right (5,22)
    
        Box  5 is at 
            top left     (0,6)
            bottom right (0,7)
    
        Box  6 is at 
            top left     (0,17)
            bottom right (2,17)
    
        Box  7 is at 
            top left     (0,2)
            bottom right (2,2)
    
        Box  8 is at 
            top left     (3,0)
            bottom right (5,1)
    
        Box  9 is at 
            top left     (0,0)
            bottom right (2,1)
    
        Box 10 is at 
            top left     (0,12)
            bottom right (4,16)
    
        Box 11 is at 
            top left     (0,18)
            bottom right (4,22)
    
        Roll length used: 23

    [1;34mTry max length:[0m 22
    [1;34m    At iteration:[0m 9
        lingeling found a solution in .540 ms

       | W
     L | 0  1  2  3  4  5 
    ---------------------
     0 | 6 11 11 11 11 11 
     1 | 6 11 11 11 11 11 
     2 | 6 11 11 11 11 11 
     3 | . 11 11 11 11 11 
     4 | . 11 11 11 11 11 
     5 | .  .  .  .  .  . 
     6 | .  .  1  .  .  . 
     7 | .  .  .  8  8  8 
     8 | .  .  .  8  8  8 
     9 | .  .  .  .  9  9 
    10 | .  .  .  .  9  9 
    11 | 4  .  5  3  9  9 
    12 | 4  .  5  3  .  7 
    13 | .  2  .  .  .  7 
    14 | .  2  .  .  .  7 
    15 | .  .  .  .  .  . 
    16 | .  .  .  .  .  . 
    17 | . 10 10 10 10 10 
    18 | . 10 10 10 10 10 
    19 | . 10 10 10 10 10 
    20 | . 10 10 10 10 10 
    21 | . 10 10 10 10 10 
    
    Boxes' corners:       (w,l)
        Box  1 is at 
            top left     (2,6)
            bottom right (2,6)
    
        Box  2 is at 
            top left     (1,13)
            bottom right (1,14)
    
        Box  3 is at 
            top left     (3,11)
            bottom right (3,12)
    
        Box  4 is at 
            top left     (0,11)
            bottom right (0,12)
    
        Box  5 is at 
            top left     (2,11)
            bottom right (2,12)
    
        Box  6 is at 
            top left     (0,0)
            bottom right (0,2)
    
        Box  7 is at 
            top left     (5,12)
            bottom right (5,14)
    
        Box  8 is at 
            top left     (3,7)
            bottom right (5,8)
    
        Box  9 is at 
            top left     (4,9)
            bottom right (5,11)
    
        Box 10 is at 
            top left     (1,17)
            bottom right (5,21)
    
        Box 11 is at 
            top left     (1,0)
            bottom right (5,4)
    
        Roll length used: 22

    [1;34mTry max length:[0m 21
    [1;34m    At iteration:[0m 10
        lingeling found a solution in .463 ms

       | W
     L |  0  1  2  3  4 5 
    ---------------------
     0 |  9  9  9  8  8 8 
     1 |  9  9  9  8  8 8 
     2 |  .  .  .  .  . . 
     3 |  .  .  .  .  . . 
     4 |  5  .  .  .  . . 
     5 |  5  .  .  .  . . 
     6 |  6  6  6  .  . . 
     7 |  .  .  .  .  . . 
     8 |  2  .  .  .  . . 
     9 |  2  .  1  .  . . 
    10 |  7  7  7  .  . . 
    11 | 11 11 11 11 11 . 
    12 | 11 11 11 11 11 . 
    13 | 11 11 11 11 11 . 
    14 | 11 11 11 11 11 . 
    15 | 11 11 11 11 11 4 
    16 | 10 10 10 10 10 4 
    17 | 10 10 10 10 10 . 
    18 | 10 10 10 10 10 . 
    19 | 10 10 10 10 10 3 
    20 | 10 10 10 10 10 3 
    
    Boxes' corners:       (w,l)
        Box  1 is at 
            top left     (2,9)
            bottom right (2,9)
    
        Box  2 is at 
            top left     (0,8)
            bottom right (0,9)
    
        Box  3 is at 
            top left     (5,19)
            bottom right (5,20)
    
        Box  4 is at 
            top left     (5,15)
            bottom right (5,16)
    
        Box  5 is at 
            top left     (0,4)
            bottom right (0,5)
    
        Box  6 is at 
            top left     (0,6)
            bottom right (2,6)
    
        Box  7 is at 
            top left     (0,10)
            bottom right (2,10)
    
        Box  8 is at 
            top left     (3,0)
            bottom right (5,1)
    
        Box  9 is at 
            top left     (0,0)
            bottom right (2,1)
    
        Box 10 is at 
            top left     (0,16)
            bottom right (4,20)
    
        Box 11 is at 
            top left     (0,11)
            bottom right (4,15)
    
        Roll length used: 21

    [1;34mTry max length:[0m 20
    [1;34m    At iteration:[0m 11
        lingeling found a solution in .480 ms

       | W
     L |  0  1  2  3  4  5 
    ----------------------
     0 |  9  9  9  8  8  8 
     1 |  9  9  9  8  8  8 
     2 |  .  .  .  .  .  . 
     3 |  .  .  .  .  .  . 
     4 |  .  .  .  .  .  . 
     5 |  .  .  .  .  .  4 
     6 |  .  .  .  .  .  4 
     7 |  .  .  1  .  .  . 
     8 |  7  7  7  .  .  . 
     9 |  6  6  6  .  .  . 
    10 |  . 11 11 11 11 11 
    11 |  3 11 11 11 11 11 
    12 |  3 11 11 11 11 11 
    13 |  2 11 11 11 11 11 
    14 |  2 11 11 11 11 11 
    15 | 10 10 10 10 10  . 
    16 | 10 10 10 10 10  . 
    17 | 10 10 10 10 10  . 
    18 | 10 10 10 10 10  5 
    19 | 10 10 10 10 10  5 
    
    Boxes' corners:       (w,l)
        Box  1 is at 
            top left     (2,7)
            bottom right (2,7)
    
        Box  2 is at 
            top left     (0,13)
            bottom right (0,14)
    
        Box  3 is at 
            top left     (0,11)
            bottom right (0,12)
    
        Box  4 is at 
            top left     (5,5)
            bottom right (5,6)
    
        Box  5 is at 
            top left     (5,18)
            bottom right (5,19)
    
        Box  6 is at 
            top left     (0,9)
            bottom right (2,9)
    
        Box  7 is at 
            top left     (0,8)
            bottom right (2,8)
    
        Box  8 is at 
            top left     (3,0)
            bottom right (5,1)
    
        Box  9 is at 
            top left     (0,0)
            bottom right (2,1)
    
        Box 10 is at 
            top left     (0,15)
            bottom right (4,19)
    
        Box 11 is at 
            top left     (1,10)
            bottom right (5,14)
    
        Roll length used: 20

    [1;34mTry max length:[0m 19
    [1;34m    At iteration:[0m 12
        lingeling found a solution in .412 ms

       | W
     L |  0  1  2  3  4  5 
    ----------------------
     0 | 11 11 11 11 11  . 
     1 | 11 11 11 11 11  . 
     2 | 11 11 11 11 11  . 
     3 | 11 11 11 11 11  . 
     4 | 11 11 11 11 11  . 
     5 |  .  .  .  .  .  4 
     6 |  .  .  .  .  .  4 
     7 |  2  1  5  5  .  . 
     8 |  2 10 10 10 10 10 
     9 |  . 10 10 10 10 10 
    10 |  . 10 10 10 10 10 
    11 |  6 10 10 10 10 10 
    12 |  6 10 10 10 10 10 
    13 |  6  .  .  .  .  . 
    14 |  .  .  .  .  .  . 
    15 |  .  8  8  .  9  9 
    16 |  7  8  8  .  9  9 
    17 |  7  8  8  3  9  9 
    18 |  7  .  .  3  .  . 
    
    Boxes' corners:       (w,l)
        Box  1 is at 
            top left     (1,7)
            bottom right (1,7)
    
        Box  2 is at 
            top left     (0,7)
            bottom right (0,8)
    
        Box  3 is at 
            top left     (3,17)
            bottom right (3,18)
    
        Box  4 is at 
            top left     (5,5)
            bottom right (5,6)
    
        Box  5 is at 
            top left     (2,7)
            bottom right (3,7)
    
        Box  6 is at 
            top left     (0,11)
            bottom right (0,13)
    
        Box  7 is at 
            top left     (0,16)
            bottom right (0,18)
    
        Box  8 is at 
            top left     (1,15)
            bottom right (2,17)
    
        Box  9 is at 
            top left     (4,15)
            bottom right (5,17)
    
        Box 10 is at 
            top left     (1,8)
            bottom right (5,12)
    
        Box 11 is at 
            top left     (0,0)
            bottom right (4,4)
    
        Roll length used: 19

    [1;34mTry max length:[0m 18
    [1;34m    At iteration:[0m 13
        lingeling found a solution in .428 ms

       | W
     L |  0  1  2  3  4 5 
    ---------------------
     0 | 11 11 11 11 11 . 
     1 | 11 11 11 11 11 . 
     2 | 11 11 11 11 11 . 
     3 | 11 11 11 11 11 . 
     4 | 11 11 11 11 11 5 
     5 |  3  .  .  .  . 5 
     6 |  3  .  1  .  . . 
     7 |  7  7  7  .  . . 
     8 |  6  6  6  .  . . 
     9 |  9  9  9  .  . . 
    10 |  9  9  9  .  . . 
    11 |  8  8  8  .  . . 
    12 |  8  8  8  .  . . 
    13 | 10 10 10 10 10 2 
    14 | 10 10 10 10 10 2 
    15 | 10 10 10 10 10 . 
    16 | 10 10 10 10 10 4 
    17 | 10 10 10 10 10 4 
    
    Boxes' corners:       (w,l)
        Box  1 is at 
            top left     (2,6)
            bottom right (2,6)
    
        Box  2 is at 
            top left     (5,13)
            bottom right (5,14)
    
        Box  3 is at 
            top left     (0,5)
            bottom right (0,6)
    
        Box  4 is at 
            top left     (5,16)
            bottom right (5,17)
    
        Box  5 is at 
            top left     (5,4)
            bottom right (5,5)
    
        Box  6 is at 
            top left     (0,8)
            bottom right (2,8)
    
        Box  7 is at 
            top left     (0,7)
            bottom right (2,7)
    
        Box  8 is at 
            top left     (0,11)
            bottom right (2,12)
    
        Box  9 is at 
            top left     (0,9)
            bottom right (2,10)
    
        Box 10 is at 
            top left     (0,13)
            bottom right (4,17)
    
        Box 11 is at 
            top left     (0,0)
            bottom right (4,4)
    
        Roll length used: 18

    [1;34mTry max length:[0m 17
    [1;34m    At iteration:[0m 14
        lingeling found a solution in .405 ms

       | W
     L |  0  1  2  3  4 5 
    ---------------------
     0 |  9  9  9  8  8 8 
     1 |  9  9  9  8  8 8 
     2 |  .  .  .  .  . 5 
     3 |  .  .  .  .  . 5 
     4 |  .  .  .  .  . 4 
     5 |  .  .  1  .  . 4 
     6 | 11 11 11 11 11 3 
     7 | 11 11 11 11 11 3 
     8 | 11 11 11 11 11 2 
     9 | 11 11 11 11 11 2 
    10 | 11 11 11 11 11 . 
    11 | 10 10 10 10 10 . 
    12 | 10 10 10 10 10 . 
    13 | 10 10 10 10 10 . 
    14 | 10 10 10 10 10 . 
    15 | 10 10 10 10 10 . 
    16 |  7  7  7  6  6 6 
    
    Boxes' corners:       (w,l)
        Box  1 is at 
            top left     (2,5)
            bottom right (2,5)
    
        Box  2 is at 
            top left     (5,8)
            bottom right (5,9)
    
        Box  3 is at 
            top left     (5,6)
            bottom right (5,7)
    
        Box  4 is at 
            top left     (5,4)
            bottom right (5,5)
    
        Box  5 is at 
            top left     (5,2)
            bottom right (5,3)
    
        Box  6 is at 
            top left     (3,16)
            bottom right (5,16)
    
        Box  7 is at 
            top left     (0,16)
            bottom right (2,16)
    
        Box  8 is at 
            top left     (3,0)
            bottom right (5,1)
    
        Box  9 is at 
            top left     (0,0)
            bottom right (2,1)
    
        Box 10 is at 
            top left     (0,11)
            bottom right (4,15)
    
        Box 11 is at 
            top left     (0,6)
            bottom right (4,10)
    
        Roll length used: 17

    [1;34mTry max length:[0m 16
    [1;34m    At iteration:[0m 15
        lingeling found a solution in .396 ms

       | W
     L |  0  1  2  3  4 5 
    ---------------------
     0 | 11 11 11 11 11 . 
     1 | 11 11 11 11 11 . 
     2 | 11 11 11 11 11 . 
     3 | 11 11 11 11 11 5 
     4 | 11 11 11 11 11 5 
     5 |  .  .  .  .  . 4 
     6 |  .  .  .  .  . 4 
     7 |  .  .  1  .  . 3 
     8 | 10 10 10 10 10 3 
     9 | 10 10 10 10 10 . 
    10 | 10 10 10 10 10 . 
    11 | 10 10 10 10 10 2 
    12 | 10 10 10 10 10 2 
    13 |  7  7  7  6  6 6 
    14 |  9  9  9  8  8 8 
    15 |  9  9  9  8  8 8 
    
    Boxes' corners:       (w,l)
        Box  1 is at 
            top left     (2,7)
            bottom right (2,7)
    
        Box  2 is at 
            top left     (5,11)
            bottom right (5,12)
    
        Box  3 is at 
            top left     (5,7)
            bottom right (5,8)
    
        Box  4 is at 
            top left     (5,5)
            bottom right (5,6)
    
        Box  5 is at 
            top left     (5,3)
            bottom right (5,4)
    
        Box  6 is at 
            top left     (3,13)
            bottom right (5,13)
    
        Box  7 is at 
            top left     (0,13)
            bottom right (2,13)
    
        Box  8 is at 
            top left     (3,14)
            bottom right (5,15)
    
        Box  9 is at 
            top left     (0,14)
            bottom right (2,15)
    
        Box 10 is at 
            top left     (0,8)
            bottom right (4,12)
    
        Box 11 is at 
            top left     (0,0)
            bottom right (4,4)
    
        Roll length used: 16

    [1;34mTry max length:[0m 15
    [1;34m    At iteration:[0m 16
        lingeling found a solution in .354 ms

       | W
     L |  0  1  2  3  4  5 
    ----------------------
     0 | 10 10 10 10 10  5 
     1 | 10 10 10 10 10  5 
     2 | 10 10 10 10 10  . 
     3 | 10 10 10 10 10  4 
     4 | 10 10 10 10 10  4 
     5 |  .  .  .  .  .  . 
     6 |  .  .  .  .  .  . 
     7 |  1 11 11 11 11 11 
     8 |  3 11 11 11 11 11 
     9 |  3 11 11 11 11 11 
    10 |  2 11 11 11 11 11 
    11 |  2 11 11 11 11 11 
    12 |  7  7  7  6  6  6 
    13 |  9  9  9  8  8  8 
    14 |  9  9  9  8  8  8 
    
    Boxes' corners:       (w,l)
        Box  1 is at 
            top left     (0,7)
            bottom right (0,7)
    
        Box  2 is at 
            top left     (0,10)
            bottom right (0,11)
    
        Box  3 is at 
            top left     (0,8)
            bottom right (0,9)
    
        Box  4 is at 
            top left     (5,3)
            bottom right (5,4)
    
        Box  5 is at 
            top left     (5,0)
            bottom right (5,1)
    
        Box  6 is at 
            top left     (3,12)
            bottom right (5,12)
    
        Box  7 is at 
            top left     (0,12)
            bottom right (2,12)
    
        Box  8 is at 
            top left     (3,13)
            bottom right (5,14)
    
        Box  9 is at 
            top left     (0,13)
            bottom right (2,14)
    
        Box 10 is at 
            top left     (0,0)
            bottom right (4,4)
    
        Box 11 is at 
            top left     (1,7)
            bottom right (5,11)
    
        Roll length used: 15

    [1;34mTry max length:[0m 14
    [1;34m    At iteration:[0m 17
        lingeling found a solution in .410 ms

       | W
     L |  0  1  2  3  4 5 
    ---------------------
     0 | 10 10 10 10 10 . 
     1 | 10 10 10 10 10 . 
     2 | 10 10 10 10 10 5 
     3 | 10 10 10 10 10 5 
     4 | 10 10 10 10 10 4 
     5 |  .  1  .  .  . 4 
     6 |  7  7  7  6  6 6 
     7 |  9  9  9  8  8 8 
     8 |  9  9  9  8  8 8 
     9 | 11 11 11 11 11 . 
    10 | 11 11 11 11 11 3 
    11 | 11 11 11 11 11 3 
    12 | 11 11 11 11 11 2 
    13 | 11 11 11 11 11 2 
    
    Boxes' corners:       (w,l)
        Box  1 is at 
            top left     (1,5)
            bottom right (1,5)
    
        Box  2 is at 
            top left     (5,12)
            bottom right (5,13)
    
        Box  3 is at 
            top left     (5,10)
            bottom right (5,11)
    
        Box  4 is at 
            top left     (5,4)
            bottom right (5,5)
    
        Box  5 is at 
            top left     (5,2)
            bottom right (5,3)
    
        Box  6 is at 
            top left     (3,6)
            bottom right (5,6)
    
        Box  7 is at 
            top left     (0,6)
            bottom right (2,6)
    
        Box  8 is at 
            top left     (3,7)
            bottom right (5,8)
    
        Box  9 is at 
            top left     (0,7)
            bottom right (2,8)
    
        Box 10 is at 
            top left     (0,0)
            bottom right (4,4)
    
        Box 11 is at 
            top left     (0,9)
            bottom right (4,13)
    
        Roll length used: 14

    [1;34mTry max length:[0m 13
    [1;34m    At iteration:[0m 18
        lingeling found a solution in .378 ms

       | W
     L |  0  1  2  3  4 5 
    ---------------------
     0 | 10 10 10 10 10 4 
     1 | 10 10 10 10 10 4 
     2 | 10 10 10 10 10 6 
     3 | 10 10 10 10 10 6 
     4 | 10 10 10 10 10 6 
     5 |  8  8  1  9  9 9 
     6 |  8  8  .  9  9 9 
     7 |  8  8  7  7  7 2 
     8 | 11 11 11 11 11 2 
     9 | 11 11 11 11 11 5 
    10 | 11 11 11 11 11 5 
    11 | 11 11 11 11 11 3 
    12 | 11 11 11 11 11 3 
    
    Boxes' corners:       (w,l)
        Box  1 is at 
            top left     (2,5)
            bottom right (2,5)
    
        Box  2 is at 
            top left     (5,7)
            bottom right (5,8)
    
        Box  3 is at 
            top left     (5,11)
            bottom right (5,12)
    
        Box  4 is at 
            top left     (5,0)
            bottom right (5,1)
    
        Box  5 is at 
            top left     (5,9)
            bottom right (5,10)
    
        Box  6 is at 
            top left     (5,2)
            bottom right (5,4)
    
        Box  7 is at 
            top left     (2,7)
            bottom right (4,7)
    
        Box  8 is at 
            top left     (0,5)
            bottom right (1,7)
    
        Box  9 is at 
            top left     (3,5)
            bottom right (5,6)
    
        Box 10 is at 
            top left     (0,0)
            bottom right (4,4)
    
        Box 11 is at 
            top left     (0,8)
            bottom right (4,12)
    
        Roll length used: 13

    [1;34mTry max length:[0m 12
    [1;34m    At iteration:[0m 19
        [3;31mlingeling determined unsatisfiability of the Boolean formula[0m
        [1;32mOptimality reached![0m
