dc jun 6 20:38:54 CEST 2018
    [1;34mTry max length:[0m 999999
    [1;34m    At iteration:[0m 0
        lingeling found a solution in .792 ms

       | W
     L | 0 1 2 3 4 5 
    ----------------
     0 | . . . . . . 
     1 | . . . . . . 
     2 | . . . . . . 
     3 | . . . . . . 
     4 | . . . . . . 
     5 | . . 1 1 . . 
     6 | . . 1 1 . . 
     7 | . . . . . . 
     8 | . . . . . . 
     9 | . . . . . . 
    10 | 8 . . . . 7 
    11 | 8 . . . . 7 
    12 | 6 . . . . 5 
    13 | 6 . . . . 5 
    14 | 4 4 3 3 2 2 
    15 | 4 4 3 3 2 2 
    
    Boxes' corners:      (w,l)
        Box 1 is at 
            top left     (2,5)
            bottom right (3,6)
    
        Box 2 is at 
            top left     (4,14)
            bottom right (5,15)
    
        Box 3 is at 
            top left     (2,14)
            bottom right (3,15)
    
        Box 4 is at 
            top left     (0,14)
            bottom right (1,15)
    
        Box 5 is at 
            top left     (5,12)
            bottom right (5,13)
    
        Box 6 is at 
            top left     (0,12)
            bottom right (0,13)
    
        Box 7 is at 
            top left     (5,10)
            bottom right (5,11)
    
        Box 8 is at 
            top left     (0,10)
            bottom right (0,11)
    
        Roll length used: 16

    [1;34mTry max length:[0m 15
    [1;34m    At iteration:[0m 1
        lingeling found a solution in .438 ms

       | W
     L | 0 1 2 3 4 5 
    ----------------
     0 | . . . . . . 
     1 | . . . . . . 
     2 | . . . . . . 
     3 | . . . . . . 
     4 | . . . . . . 
     5 | . . 1 1 . . 
     6 | . . 1 1 . . 
     7 | . . . . . . 
     8 | . . . . . . 
     9 | 8 . . . . 7 
    10 | 8 . . . . 7 
    11 | 6 . . . . 5 
    12 | 6 . . . . 5 
    13 | 4 4 3 3 2 2 
    14 | 4 4 3 3 2 2 
    
    Boxes' corners:      (w,l)
        Box 1 is at 
            top left     (2,5)
            bottom right (3,6)
    
        Box 2 is at 
            top left     (4,13)
            bottom right (5,14)
    
        Box 3 is at 
            top left     (2,13)
            bottom right (3,14)
    
        Box 4 is at 
            top left     (0,13)
            bottom right (1,14)
    
        Box 5 is at 
            top left     (5,11)
            bottom right (5,12)
    
        Box 6 is at 
            top left     (0,11)
            bottom right (0,12)
    
        Box 7 is at 
            top left     (5,9)
            bottom right (5,10)
    
        Box 8 is at 
            top left     (0,9)
            bottom right (0,10)
    
        Roll length used: 15

    [1;34mTry max length:[0m 14
    [1;34m    At iteration:[0m 2
        lingeling found a solution in .486 ms

       | W
     L | 0 1 2 3 4 5 
    ----------------
     0 | . . . . . . 
     1 | . . . . . . 
     2 | . . . . . . 
     3 | . . . . . . 
     4 | . . 1 1 . . 
     5 | . . 1 1 . . 
     6 | . . . . . . 
     7 | . . . . . . 
     8 | 8 . . . . 7 
     9 | 8 . . . . 7 
    10 | 6 . . . . 5 
    11 | 6 . . . . 5 
    12 | 4 4 3 3 2 2 
    13 | 4 4 3 3 2 2 
    
    Boxes' corners:      (w,l)
        Box 1 is at 
            top left     (2,4)
            bottom right (3,5)
    
        Box 2 is at 
            top left     (4,12)
            bottom right (5,13)
    
        Box 3 is at 
            top left     (2,12)
            bottom right (3,13)
    
        Box 4 is at 
            top left     (0,12)
            bottom right (1,13)
    
        Box 5 is at 
            top left     (5,10)
            bottom right (5,11)
    
        Box 6 is at 
            top left     (0,10)
            bottom right (0,11)
    
        Box 7 is at 
            top left     (5,8)
            bottom right (5,9)
    
        Box 8 is at 
            top left     (0,8)
            bottom right (0,9)
    
        Roll length used: 14

    [1;34mTry max length:[0m 13
    [1;34m    At iteration:[0m 3
        lingeling found a solution in .492 ms

       | W
     L | 0 1 2 3 4 5 
    ----------------
     0 | . . . . . . 
     1 | . . . . . . 
     2 | . . . . . . 
     3 | . . . . . . 
     4 | . . 1 1 . . 
     5 | . . 1 1 . 8 
     6 | . . . . . 8 
     7 | . . . . . 7 
     8 | . . . . . 7 
     9 | 6 . . . . 5 
    10 | 6 . . . . 5 
    11 | 4 4 3 3 2 2 
    12 | 4 4 3 3 2 2 
    
    Boxes' corners:      (w,l)
        Box 1 is at 
            top left     (2,4)
            bottom right (3,5)
    
        Box 2 is at 
            top left     (4,11)
            bottom right (5,12)
    
        Box 3 is at 
            top left     (2,11)
            bottom right (3,12)
    
        Box 4 is at 
            top left     (0,11)
            bottom right (1,12)
    
        Box 5 is at 
            top left     (5,9)
            bottom right (5,10)
    
        Box 6 is at 
            top left     (0,9)
            bottom right (0,10)
    
        Box 7 is at 
            top left     (5,7)
            bottom right (5,8)
    
        Box 8 is at 
            top left     (5,5)
            bottom right (5,6)
    
        Roll length used: 13

    [1;34mTry max length:[0m 12
    [1;34m    At iteration:[0m 4
        lingeling found a solution in .297 ms

       | W
     L | 0 1 2 3 4 5 
    ----------------
     0 | 1 1 2 2 . . 
     1 | 1 1 2 2 . . 
     2 | . . 4 4 . . 
     3 | . . 4 4 . . 
     4 | . . . . . . 
     5 | . . . . . . 
     6 | . 3 3 . . . 
     7 | . 3 3 . . . 
     8 | 7 . . . . . 
     9 | 7 . . . . . 
    10 | 5 6 . . . 8 
    11 | 5 6 . . . 8 
    
    Boxes' corners:      (w,l)
        Box 1 is at 
            top left     (0,0)
            bottom right (1,1)
    
        Box 2 is at 
            top left     (2,0)
            bottom right (3,1)
    
        Box 3 is at 
            top left     (1,6)
            bottom right (2,7)
    
        Box 4 is at 
            top left     (2,2)
            bottom right (3,3)
    
        Box 5 is at 
            top left     (0,10)
            bottom right (0,11)
    
        Box 6 is at 
            top left     (1,10)
            bottom right (1,11)
    
        Box 7 is at 
            top left     (0,8)
            bottom right (0,9)
    
        Box 8 is at 
            top left     (5,10)
            bottom right (5,11)
    
        Roll length used: 12

    [1;34mTry max length:[0m 11
    [1;34m    At iteration:[0m 5
        lingeling found a solution in .260 ms

       | W
     L | 0 1 2 3 4 5 
    ----------------
     0 | . . 1 1 . . 
     1 | . . 1 1 . . 
     2 | . . . . . . 
     3 | . . . . . . 
     4 | 8 . . . . . 
     5 | 8 . . . . 7 
     6 | . . . . . 7 
     7 | 6 . . . . 5 
     8 | 6 . . . . 5 
     9 | 4 4 3 3 2 2 
    10 | 4 4 3 3 2 2 
    
    Boxes' corners:      (w,l)
        Box 1 is at 
            top left     (2,0)
            bottom right (3,1)
    
        Box 2 is at 
            top left     (4,9)
            bottom right (5,10)
    
        Box 3 is at 
            top left     (2,9)
            bottom right (3,10)
    
        Box 4 is at 
            top left     (0,9)
            bottom right (1,10)
    
        Box 5 is at 
            top left     (5,7)
            bottom right (5,8)
    
        Box 6 is at 
            top left     (0,7)
            bottom right (0,8)
    
        Box 7 is at 
            top left     (5,5)
            bottom right (5,6)
    
        Box 8 is at 
            top left     (0,4)
            bottom right (0,5)
    
        Roll length used: 11

    [1;34mTry max length:[0m 10
    [1;34m    At iteration:[0m 6
        lingeling found a solution in .265 ms

       | W
     L | 0 1 2 3 4 5 
    ----------------
     0 | . . . . . . 
     1 | . . . . . . 
     2 | 1 1 . . . 8 
     3 | 1 1 . . . 8 
     4 | . . . . . 7 
     5 | . . . . . 7 
     6 | 6 . . . . 5 
     7 | 6 . . . . 5 
     8 | 4 4 3 3 2 2 
     9 | 4 4 3 3 2 2 
    
    Boxes' corners:      (w,l)
        Box 1 is at 
            top left     (0,2)
            bottom right (1,3)
    
        Box 2 is at 
            top left     (4,8)
            bottom right (5,9)
    
        Box 3 is at 
            top left     (2,8)
            bottom right (3,9)
    
        Box 4 is at 
            top left     (0,8)
            bottom right (1,9)
    
        Box 5 is at 
            top left     (5,6)
            bottom right (5,7)
    
        Box 6 is at 
            top left     (0,6)
            bottom right (0,7)
    
        Box 7 is at 
            top left     (5,4)
            bottom right (5,5)
    
        Box 8 is at 
            top left     (5,2)
            bottom right (5,3)
    
        Roll length used: 10

    [1;34mTry max length:[0m 9
    [1;34m    At iteration:[0m 7
        lingeling found a solution in .201 ms

      | W
    L | 0 1 2 3 4 5 
    ----------------
    0 | 8 . . . . 7 
    1 | 8 . . . . 7 
    2 | 1 1 . . . . 
    3 | 1 1 . . . 6 
    4 | . . . . . 6 
    5 | . . . . . 5 
    6 | . . . . . 5 
    7 | 4 4 3 3 2 2 
    8 | 4 4 3 3 2 2 
    
    Boxes' corners:      (w,l)
        Box 1 is at 
            top left     (0,2)
            bottom right (1,3)
    
        Box 2 is at 
            top left     (4,7)
            bottom right (5,8)
    
        Box 3 is at 
            top left     (2,7)
            bottom right (3,8)
    
        Box 4 is at 
            top left     (0,7)
            bottom right (1,8)
    
        Box 5 is at 
            top left     (5,5)
            bottom right (5,6)
    
        Box 6 is at 
            top left     (5,3)
            bottom right (5,4)
    
        Box 7 is at 
            top left     (5,0)
            bottom right (5,1)
    
        Box 8 is at 
            top left     (0,0)
            bottom right (0,1)
    
        Roll length used: 9

    [1;34mTry max length:[0m 8
    [1;34m    At iteration:[0m 8
        lingeling found a solution in .176 ms

      | W
    L | 0 1 2 3 4 5 
    ----------------
    0 | . . . . . 8 
    1 | . . . . . 8 
    2 | 7 . . . . 6 
    3 | 7 . 1 1 . 6 
    4 | . . 1 1 . 5 
    5 | . . . . . 5 
    6 | 4 4 3 3 2 2 
    7 | 4 4 3 3 2 2 
    
    Boxes' corners:      (w,l)
        Box 1 is at 
            top left     (2,3)
            bottom right (3,4)
    
        Box 2 is at 
            top left     (4,6)
            bottom right (5,7)
    
        Box 3 is at 
            top left     (2,6)
            bottom right (3,7)
    
        Box 4 is at 
            top left     (0,6)
            bottom right (1,7)
    
        Box 5 is at 
            top left     (5,4)
            bottom right (5,5)
    
        Box 6 is at 
            top left     (5,2)
            bottom right (5,3)
    
        Box 7 is at 
            top left     (0,2)
            bottom right (0,3)
    
        Box 8 is at 
            top left     (5,0)
            bottom right (5,1)
    
        Roll length used: 8

    [1;34mTry max length:[0m 7
    [1;34m    At iteration:[0m 9
        lingeling found a solution in .151 ms

      | W
    L | 0 1 2 3 4 5 
    ----------------
    0 | 4 4 1 1 . 8 
    1 | 4 4 1 1 . 8 
    2 | 7 . . 3 3 . 
    3 | 7 . . 3 3 6 
    4 | . . . . . 6 
    5 | . 2 2 . . 5 
    6 | . 2 2 . . 5 
    
    Boxes' corners:      (w,l)
        Box 1 is at 
            top left     (2,0)
            bottom right (3,1)
    
        Box 2 is at 
            top left     (1,5)
            bottom right (2,6)
    
        Box 3 is at 
            top left     (3,2)
            bottom right (4,3)
    
        Box 4 is at 
            top left     (0,0)
            bottom right (1,1)
    
        Box 5 is at 
            top left     (5,5)
            bottom right (5,6)
    
        Box 6 is at 
            top left     (5,3)
            bottom right (5,4)
    
        Box 7 is at 
            top left     (0,2)
            bottom right (0,3)
    
        Box 8 is at 
            top left     (5,0)
            bottom right (5,1)
    
        Roll length used: 7

    [1;34mTry max length:[0m 6
    [1;34m    At iteration:[0m 10
        lingeling found a solution in .149 ms

      | W
    L | 0 1 2 3 4 5 
    ----------------
    0 | . 2 2 . . . 
    1 | . 2 2 7 6 . 
    2 | 1 1 . 7 6 . 
    3 | 1 1 . . . . 
    4 | 8 5 4 4 3 3 
    5 | 8 5 4 4 3 3 
    
    Boxes' corners:      (w,l)
        Box 1 is at 
            top left     (0,2)
            bottom right (1,3)
    
        Box 2 is at 
            top left     (1,0)
            bottom right (2,1)
    
        Box 3 is at 
            top left     (4,4)
            bottom right (5,5)
    
        Box 4 is at 
            top left     (2,4)
            bottom right (3,5)
    
        Box 5 is at 
            top left     (1,4)
            bottom right (1,5)
    
        Box 6 is at 
            top left     (4,1)
            bottom right (4,2)
    
        Box 7 is at 
            top left     (3,1)
            bottom right (3,2)
    
        Box 8 is at 
            top left     (0,4)
            bottom right (0,5)
    
        Roll length used: 6

    [1;34mTry max length:[0m 5
    [1;34m    At iteration:[0m 11
        lingeling found a solution in .090 ms

      | W
    L | 0 1 2 3 4 5 
    ----------------
    0 | 1 1 8 5 6 7 
    1 | 1 1 8 5 6 7 
    2 | 2 2 3 3 . . 
    3 | 2 2 3 3 4 4 
    4 | . . . . 4 4 
    
    Boxes' corners:      (w,l)
        Box 1 is at 
            top left     (0,0)
            bottom right (1,1)
    
        Box 2 is at 
            top left     (0,2)
            bottom right (1,3)
    
        Box 3 is at 
            top left     (2,2)
            bottom right (3,3)
    
        Box 4 is at 
            top left     (4,3)
            bottom right (5,4)
    
        Box 5 is at 
            top left     (3,0)
            bottom right (3,1)
    
        Box 6 is at 
            top left     (4,0)
            bottom right (4,1)
    
        Box 7 is at 
            top left     (5,0)
            bottom right (5,1)
    
        Box 8 is at 
            top left     (2,0)
            bottom right (2,1)
    
        Roll length used: 5

    [1;34mTry max length:[0m 4
    [1;34m    At iteration:[0m 12
        lingeling found a solution in .069 ms

      | W
    L | 0 1 2 3 4 5 
    ----------------
    0 | 3 3 1 1 5 7 
    1 | 3 3 1 1 5 7 
    2 | 2 2 4 4 8 6 
    3 | 2 2 4 4 8 6 
    
    Boxes' corners:      (w,l)
        Box 1 is at 
            top left     (2,0)
            bottom right (3,1)
    
        Box 2 is at 
            top left     (0,2)
            bottom right (1,3)
    
        Box 3 is at 
            top left     (0,0)
            bottom right (1,1)
    
        Box 4 is at 
            top left     (2,2)
            bottom right (3,3)
    
        Box 5 is at 
            top left     (4,0)
            bottom right (4,1)
    
        Box 6 is at 
            top left     (5,2)
            bottom right (5,3)
    
        Box 7 is at 
            top left     (5,0)
            bottom right (5,1)
    
        Box 8 is at 
            top left     (4,2)
            bottom right (4,3)
    
        Roll length used: 4

    [1;34mTry max length:[0m 3
    [1;34m    At iteration:[0m 13
        [3;31mlingeling determined unsatisfiability of the Boolean formula[0m
        [1;32mOptimality reached![0m
