dt jun 5 19:34:27 CEST 2018
    [1;34mTry max length:[0m 999999
    [1;34m    At iteration:[0m 0
        lingeling found a solution in .172 ms

      | W
    L | 0 1 2 3 4 5 6 7 8 9 10 
    ----------------------------
    0 | . . . . . . . . . .  . 
    1 | . . . . . . . . . .  . 
    2 | . . . . . . . . 3 .  . 
    3 | . . . . . . . . 3 .  . 
    4 | . . . . . 1 1 . . .  . 
    5 | . . . . . . 4 . . .  . 
    6 | . . 2 2 . . 4 . . .  . 
    7 | . . . . . . . . . .  . 
    
    Boxes' corners:      (w,l)
        Box 1 is at 
            top left     (5,4)
            bottom right (6,4)
    
        Box 2 is at 
            top left     (2,6)
            bottom right (3,6)
    
        Box 3 is at 
            top left     (8,2)
            bottom right (8,3)
    
        Box 4 is at 
            top left     (6,5)
            bottom right (6,6)
    
        Roll length used: 7

    [1;34mTry max length:[0m 6
    [1;34m    At iteration:[0m 1
        lingeling found a solution in .126 ms

      | W
    L | 0 1 2 3 4 5 6 7 8 9 10 
    ----------------------------
    0 | 2 . . . . 1 1 . . .  . 
    1 | 2 . . . . . . . . .  . 
    2 | . . . . . . . 4 . .  . 
    3 | . . . . . . . 4 . .  . 
    4 | . . . . . . . . . .  . 
    5 | . . . . . . . . . 3  3 
    
    Boxes' corners:      (w,l)
        Box 1 is at 
            top left     (5,0)
            bottom right (6,0)
    
        Box 2 is at 
            top left     (0,0)
            bottom right (0,1)
    
        Box 3 is at 
            top left     (9,5)
            bottom right (10,5)
    
        Box 4 is at 
            top left     (7,2)
            bottom right (7,3)
    
        Roll length used: 6

    [1;34mTry max length:[0m 5
    [1;34m    At iteration:[0m 2
        lingeling found a solution in .091 ms

      | W
    L | 0 1 2 3 4 5 6 7 8 9 10 
    ----------------------------
    0 | 1 1 . . . . . 3 . .  . 
    1 | 2 . . . . . . 3 . .  . 
    2 | 2 . . . . . . 4 . .  . 
    3 | . . . . . . . 4 . .  . 
    4 | . . . . . . . . . .  . 
    
    Boxes' corners:      (w,l)
        Box 1 is at 
            top left     (0,0)
            bottom right (1,0)
    
        Box 2 is at 
            top left     (0,1)
            bottom right (0,2)
    
        Box 3 is at 
            top left     (7,0)
            bottom right (7,1)
    
        Box 4 is at 
            top left     (7,2)
            bottom right (7,3)
    
        Roll length used: 4

    [1;34mTry max length:[0m 3
    [1;34m    At iteration:[0m 3
        lingeling found a solution in .063 ms

      | W
    L | 0 1 2 3 4 5 6 7 8 9 10 
    ----------------------------
    0 | 3 . . . . . . 4 . 2  . 
    1 | 3 . . . . 1 1 4 . 2  . 
    2 | . . . . . . . . . .  . 
    
    Boxes' corners:      (w,l)
        Box 1 is at 
            top left     (5,1)
            bottom right (6,1)
    
        Box 2 is at 
            top left     (9,0)
            bottom right (9,1)
    
        Box 3 is at 
            top left     (0,0)
            bottom right (0,1)
    
        Box 4 is at 
            top left     (7,0)
            bottom right (7,1)
    
        Roll length used: 2

    [1;34mTry max length:[0m 1
    [1;34m    At iteration:[0m 4
        lingeling found a solution in .025 ms

      | W
    L | 0 1 2 3 4 5 6 7 8 9 10 
    ----------------------------
    0 | . 4 4 1 1 2 2 3 3 .  . 
    
    Boxes' corners:      (w,l)
        Box 1 is at 
            top left     (3,0)
            bottom right (4,0)
    
        Box 2 is at 
            top left     (5,0)
            bottom right (6,0)
    
        Box 3 is at 
            top left     (7,0)
            bottom right (8,0)
    
        Box 4 is at 
            top left     (1,0)
            bottom right (2,0)
    
        Roll length used: 1

    [1;34mTry max length:[0m 0
    [1;34m    At iteration:[0m 5
        [3;31mlingeling determined unsatisfiability of the Boolean formula[0m
        [1;32mOptimality reached![0m
