dt jun 5 19:19:41 CEST 2018
    [1;34mTry max length:[0m 999999
    [1;34m    At iteration:[0m 0
        lingeling found a solution in .025 ms

      | W
    L | 0 1 2 3 4 5 6 7 
    --------------------
    0 | 1 . . . . . . 2 
    1 | . . . . . . . . 
    2 | . . . . . . . 3 
    3 | . . . . . . . 3 
    
    Boxes' corners:      (w,l)
        Box 1 is at 
            top left     (0,0)
            bottom right (0,0)
    
        Box 2 is at 
            top left     (7,0)
            bottom right (7,0)
    
        Box 3 is at 
            top left     (7,2)
            bottom right (7,3)
    
        Roll length used: 4

    [1;34mTry max length:[0m 3
    [1;34m    At iteration:[0m 1
        lingeling found a solution in .019 ms

      | W
    L | 0 1 2 3 4 5 6 7 
    --------------------
    0 | 1 . . . . . . . 
    1 | . . . . . . 3 3 
    2 | . . . 2 . . . . 
    
    Boxes' corners:      (w,l)
        Box 1 is at 
            top left     (0,0)
            bottom right (0,0)
    
        Box 2 is at 
            top left     (3,2)
            bottom right (3,2)
    
        Box 3 is at 
            top left     (6,1)
            bottom right (7,1)
    
        Roll length used: 3

    [1;34mTry max length:[0m 2
    [1;34m    At iteration:[0m 2
        lingeling found a solution in .014 ms

      | W
    L | 0 1 2 3 4 5 6 7 
    --------------------
    0 | 1 . . 3 3 . . . 
    1 | . . . . . . . 2 
    
    Boxes' corners:      (w,l)
        Box 1 is at 
            top left     (0,0)
            bottom right (0,0)
    
        Box 2 is at 
            top left     (7,1)
            bottom right (7,1)
    
        Box 3 is at 
            top left     (3,0)
            bottom right (4,0)
    
        Roll length used: 2

    [1;34mTry max length:[0m 1
    [1;34m    At iteration:[0m 3
        lingeling found a solution in .009 ms

      | W
    L | 0 1 2 3 4 5 6 7 
    --------------------
    0 | . 1 . . . 3 3 2 
    
    Boxes' corners:      (w,l)
        Box 1 is at 
            top left     (1,0)
            bottom right (1,0)
    
        Box 2 is at 
            top left     (7,0)
            bottom right (7,0)
    
        Box 3 is at 
            top left     (5,0)
            bottom right (6,0)
    
        Roll length used: 1

    [1;34mTry max length:[0m 0
    [1;34m    At iteration:[0m 4
        [3;31mlingeling determined unsatisfiability of the Boolean formula[0m
        [1;32mOptimality reached![0m
