dt jun 5 19:14:50 CEST 2018
    [1;34mTry max length:[0m 999999
    [1;34m    At iteration:[0m 0
        lingeling found a solution in .073 ms

      | W
    L | 0 1 2 3 4 5 6 
    ------------------
    0 | 1 . . . . . . 
    1 | 4 4 4 . . . . 
    2 | 4 4 4 . . . . 
    3 | 4 4 4 . . . . 
    4 | . . . 3 3 3 . 
    5 | . . . 3 3 3 2 
    6 | . . . 3 3 3 . 
    7 | . . . . . . . 
    
    Boxes' corners:      (w,l)
        Box 1 is at 
            top left     (0,0)
            bottom right (0,0)
    
        Box 2 is at 
            top left     (6,5)
            bottom right (6,5)
    
        Box 3 is at 
            top left     (3,4)
            bottom right (5,6)
    
        Box 4 is at 
            top left     (0,1)
            bottom right (2,3)
    
        Roll length used: 7

    [1;34mTry max length:[0m 6
    [1;34m    At iteration:[0m 1
        lingeling found a solution in .050 ms

      | W
    L | 0 1 2 3 4 5 6 
    ------------------
    0 | . . . . 3 3 3 
    1 | . . . 1 3 3 3 
    2 | . . . . 3 3 3 
    3 | . . . . 4 4 4 
    4 | . . . . 4 4 4 
    5 | . . . 2 4 4 4 
    
    Boxes' corners:      (w,l)
        Box 1 is at 
            top left     (3,1)
            bottom right (3,1)
    
        Box 2 is at 
            top left     (3,5)
            bottom right (3,5)
    
        Box 3 is at 
            top left     (4,0)
            bottom right (6,2)
    
        Box 4 is at 
            top left     (4,3)
            bottom right (6,5)
    
        Roll length used: 6

    [1;34mTry max length:[0m 5
    [1;34m    At iteration:[0m 2
        lingeling found a solution in .033 ms

      | W
    L | 0 1 2 3 4 5 6 
    ------------------
    0 | . 1 . 3 3 3 . 
    1 | . . . 3 3 3 . 
    2 | 4 4 4 3 3 3 . 
    3 | 4 4 4 . . . . 
    4 | 4 4 4 . 2 . . 
    
    Boxes' corners:      (w,l)
        Box 1 is at 
            top left     (1,0)
            bottom right (1,0)
    
        Box 2 is at 
            top left     (4,4)
            bottom right (4,4)
    
        Box 3 is at 
            top left     (3,0)
            bottom right (5,2)
    
        Box 4 is at 
            top left     (0,2)
            bottom right (2,4)
    
        Roll length used: 5

    [1;34mTry max length:[0m 4
    [1;34m    At iteration:[0m 3
        lingeling found a solution in .025 ms

      | W
    L | 0 1 2 3 4 5 6 
    ------------------
    0 | . . 1 . 4 4 4 
    1 | 3 3 3 . 4 4 4 
    2 | 3 3 3 . 4 4 4 
    3 | 3 3 3 . . . 2 
    
    Boxes' corners:      (w,l)
        Box 1 is at 
            top left     (2,0)
            bottom right (2,0)
    
        Box 2 is at 
            top left     (6,3)
            bottom right (6,3)
    
        Box 3 is at 
            top left     (0,1)
            bottom right (2,3)
    
        Box 4 is at 
            top left     (4,0)
            bottom right (6,2)
    
        Roll length used: 4

    [1;34mTry max length:[0m 3
    [1;34m    At iteration:[0m 4
        lingeling found a solution in .023 ms

      | W
    L | 0 1 2 3 4 5 6 
    ------------------
    0 | 1 3 3 3 4 4 4 
    1 | . 3 3 3 4 4 4 
    2 | 2 3 3 3 4 4 4 
    
    Boxes' corners:      (w,l)
        Box 1 is at 
            top left     (0,0)
            bottom right (0,0)
    
        Box 2 is at 
            top left     (0,2)
            bottom right (0,2)
    
        Box 3 is at 
            top left     (1,0)
            bottom right (3,2)
    
        Box 4 is at 
            top left     (4,0)
            bottom right (6,2)
    
        Roll length used: 3

    [1;34mTry max length:[0m 2
    [1;34m    At iteration:[0m 5
        [3;31mlingeling determined unsatisfiability of the Boolean formula[0m
        [1;32mOptimality reached![0m
