dc jun 6 20:46:48 CEST 2018
    [1;34mTry max length:[0m 999999
    [1;34m    At iteration:[0m 0
        lingeling found a solution in 1.070 ms

       | W
     L | 0 1 2 3 4 5 6 7 
    --------------------
     0 | . . 1 1 1 1 . . 
     1 | . . 1 1 1 1 . . 
     2 | . . 1 1 1 1 . . 
     3 | . . . . . . . . 
     4 | . . . . . . . . 
     5 | . . . . . . . . 
     6 | . . . . . . . . 
     7 | . . . . . . . . 
     8 | . . . . . . . . 
     9 | . . . . . . . . 
    10 | . . . . . . . . 
    11 | . . . . . . . . 
    12 | . . . . . . . . 
    13 | . . . . . . . . 
    14 | . . 9 9 9 9 . . 
    15 | . . 9 9 9 9 . . 
    16 | . . 9 9 9 9 . 7 
    17 | . . 9 9 9 9 . 7 
    18 | 5 . . . . . . 6 
    19 | 5 . . . . . . 6 
    20 | 8 8 8 8 8 . . . 
    21 | . . . . . . . . 
    22 | 4 . . . . . . 3 
    23 | 4 . . . . . . 3 
    24 | . . . . 2 2 2 2 
    25 | . . . . 2 2 2 2 
    26 | . . . . 2 2 2 2 
    
    Boxes' corners:      (w,l)
        Box 1 is at 
            top left     (2,0)
            bottom right (5,2)
    
        Box 2 is at 
            top left     (4,24)
            bottom right (7,26)
    
        Box 3 is at 
            top left     (7,22)
            bottom right (7,23)
    
        Box 4 is at 
            top left     (0,22)
            bottom right (0,23)
    
        Box 5 is at 
            top left     (0,18)
            bottom right (0,19)
    
        Box 6 is at 
            top left     (7,18)
            bottom right (7,19)
    
        Box 7 is at 
            top left     (7,16)
            bottom right (7,17)
    
        Box 8 is at 
            top left     (0,20)
            bottom right (4,20)
    
        Box 9 is at 
            top left     (2,14)
            bottom right (5,17)
    
        Roll length used: 27

    [1;34mTry max length:[0m 26
    [1;34m    At iteration:[0m 1
        lingeling found a solution in 1.018 ms

       | W
     L | 0 1 2 3 4 5 6 7 
    --------------------
     0 | 1 1 1 1 . . . . 
     1 | 1 1 1 1 . . . . 
     2 | 1 1 1 1 2 2 2 2 
     3 | . . . . 2 2 2 2 
     4 | . . . . 2 2 2 2 
     5 | . . . . . . . . 
     6 | . . . . . . . . 
     7 | . . . . . . . . 
     8 | . . . . . . . . 
     9 | . . . . . . . . 
    10 | . . . . . . . . 
    11 | . . . . . . . . 
    12 | . . . . . . . . 
    13 | . . . . . . . . 
    14 | . . . . . . . . 
    15 | . . . . . . . . 
    16 | 7 . . . . . . . 
    17 | 7 . . . . . . . 
    18 | . . . . . . . 6 
    19 | 5 . 9 9 9 9 . 6 
    20 | 5 . 9 9 9 9 . 4 
    21 | 3 . 9 9 9 9 . 4 
    22 | 3 . 9 9 9 9 . . 
    23 | . . . . . . . . 
    24 | . . . . . . . . 
    25 | 8 8 8 8 8 . . . 
    
    Boxes' corners:      (w,l)
        Box 1 is at 
            top left     (0,0)
            bottom right (3,2)
    
        Box 2 is at 
            top left     (4,2)
            bottom right (7,4)
    
        Box 3 is at 
            top left     (0,21)
            bottom right (0,22)
    
        Box 4 is at 
            top left     (7,20)
            bottom right (7,21)
    
        Box 5 is at 
            top left     (0,19)
            bottom right (0,20)
    
        Box 6 is at 
            top left     (7,18)
            bottom right (7,19)
    
        Box 7 is at 
            top left     (0,16)
            bottom right (0,17)
    
        Box 8 is at 
            top left     (0,25)
            bottom right (4,25)
    
        Box 9 is at 
            top left     (2,19)
            bottom right (5,22)
    
        Roll length used: 26

    [1;34mTry max length:[0m 25
    [1;34m    At iteration:[0m 2
        lingeling found a solution in .953 ms

       | W
     L | 0 1 2 3 4 5 6 7 
    --------------------
     0 | . . 1 1 1 1 . . 
     1 | . . 1 1 1 1 . . 
     2 | . . 1 1 1 1 . . 
     3 | . . . . . . . . 
     4 | . . . . . . . . 
     5 | . . . . . . . . 
     6 | . . . . . . . . 
     7 | . . . . . . . . 
     8 | . . . . . . . . 
     9 | . . . . . . . . 
    10 | . . . . . . . . 
    11 | . . . . . . . . 
    12 | . . . . . . . 7 
    13 | . . . . . . . 7 
    14 | . . 9 9 9 9 . 5 
    15 | . . 9 9 9 9 . 5 
    16 | 3 . 9 9 9 9 . . 
    17 | 3 . 9 9 9 9 . 6 
    18 | 8 8 8 8 8 . . 6 
    19 | . . . . . . . . 
    20 | 4 . . . . . . . 
    21 | 4 . . . . . . . 
    22 | . 2 2 2 2 . . . 
    23 | . 2 2 2 2 . . . 
    24 | . 2 2 2 2 . . . 
    
    Boxes' corners:      (w,l)
        Box 1 is at 
            top left     (2,0)
            bottom right (5,2)
    
        Box 2 is at 
            top left     (1,22)
            bottom right (4,24)
    
        Box 3 is at 
            top left     (0,16)
            bottom right (0,17)
    
        Box 4 is at 
            top left     (0,20)
            bottom right (0,21)
    
        Box 5 is at 
            top left     (7,14)
            bottom right (7,15)
    
        Box 6 is at 
            top left     (7,17)
            bottom right (7,18)
    
        Box 7 is at 
            top left     (7,12)
            bottom right (7,13)
    
        Box 8 is at 
            top left     (0,18)
            bottom right (4,18)
    
        Box 9 is at 
            top left     (2,14)
            bottom right (5,17)
    
        Roll length used: 25

    [1;34mTry max length:[0m 24
    [1;34m    At iteration:[0m 3
        lingeling found a solution in .900 ms

       | W
     L | 0 1 2 3 4 5 6 7 
    --------------------
     0 | 1 1 1 1 2 2 2 2 
     1 | 1 1 1 1 2 2 2 2 
     2 | 1 1 1 1 2 2 2 2 
     3 | . . . . . . . . 
     4 | . . . . . . . . 
     5 | . . . . . . . . 
     6 | . . . . . . . . 
     7 | . . . . . . . . 
     8 | . . . . . . . . 
     9 | . . . . . . . 7 
    10 | . . . . . . . 7 
    11 | . . . . . . . . 
    12 | . . . . . . . . 
    13 | . . . . . . . . 
    14 | . . . . . . . . 
    15 | 6 . . . . . . . 
    16 | 6 . . . . . . . 
    17 | 5 . 9 9 9 9 . . 
    18 | 5 . 9 9 9 9 . 4 
    19 | 3 . 9 9 9 9 . 4 
    20 | 3 . 9 9 9 9 . . 
    21 | . . . . . . . . 
    22 | . . . . . . . . 
    23 | 8 8 8 8 8 . . . 
    
    Boxes' corners:      (w,l)
        Box 1 is at 
            top left     (0,0)
            bottom right (3,2)
    
        Box 2 is at 
            top left     (4,0)
            bottom right (7,2)
    
        Box 3 is at 
            top left     (0,19)
            bottom right (0,20)
    
        Box 4 is at 
            top left     (7,18)
            bottom right (7,19)
    
        Box 5 is at 
            top left     (0,17)
            bottom right (0,18)
    
        Box 6 is at 
            top left     (0,15)
            bottom right (0,16)
    
        Box 7 is at 
            top left     (7,9)
            bottom right (7,10)
    
        Box 8 is at 
            top left     (0,23)
            bottom right (4,23)
    
        Box 9 is at 
            top left     (2,17)
            bottom right (5,20)
    
        Roll length used: 24

    [1;34mTry max length:[0m 23
    [1;34m    At iteration:[0m 4
        lingeling found a solution in 1.076 ms

       | W
     L | 0 1 2 3 4 5 6 7 
    --------------------
     0 | . . 1 1 1 1 . . 
     1 | . . 1 1 1 1 . . 
     2 | . . 1 1 1 1 . . 
     3 | . . . . . . . . 
     4 | . . . . . . . . 
     5 | . . . . . . . . 
     6 | . . . . . . . . 
     7 | . . . . . . . . 
     8 | . . . . . . . 6 
     9 | . . . . . . . 6 
    10 | . . . . . . . . 
    11 | . . . . . . . . 
    12 | . . . . . . . . 
    13 | . . . . . . . . 
    14 | . . . . . . . 7 
    15 | . . 9 9 9 9 4 7 
    16 | . . 9 9 9 9 4 . 
    17 | . . 9 9 9 9 . 5 
    18 | 3 . 9 9 9 9 . 5 
    19 | 3 . . 8 8 8 8 8 
    20 | . 2 2 2 2 . . . 
    21 | . 2 2 2 2 . . . 
    22 | . 2 2 2 2 . . . 
    
    Boxes' corners:      (w,l)
        Box 1 is at 
            top left     (2,0)
            bottom right (5,2)
    
        Box 2 is at 
            top left     (1,20)
            bottom right (4,22)
    
        Box 3 is at 
            top left     (0,18)
            bottom right (0,19)
    
        Box 4 is at 
            top left     (6,15)
            bottom right (6,16)
    
        Box 5 is at 
            top left     (7,17)
            bottom right (7,18)
    
        Box 6 is at 
            top left     (7,8)
            bottom right (7,9)
    
        Box 7 is at 
            top left     (7,14)
            bottom right (7,15)
    
        Box 8 is at 
            top left     (3,19)
            bottom right (7,19)
    
        Box 9 is at 
            top left     (2,15)
            bottom right (5,18)
    
        Roll length used: 23

    [1;34mTry max length:[0m 22
    [1;34m    At iteration:[0m 5
        lingeling found a solution in .793 ms

       | W
     L | 0 1 2 3 4 5 6 7 
    --------------------
     0 | . . . 1 1 1 1 . 
     1 | . . . 1 1 1 1 . 
     2 | . . . 1 1 1 1 . 
     3 | . . . . . . . . 
     4 | . . . . . . . . 
     5 | . . . . . . . . 
     6 | . . . . . . . . 
     7 | . . . . . . . 7 
     8 | . . . . . . . 7 
     9 | . . . . . . . . 
    10 | . . 9 9 9 9 . . 
    11 | . . 9 9 9 9 . . 
    12 | . . 9 9 9 9 . . 
    13 | . . 9 9 9 9 . . 
    14 | 5 . . . . . . 4 
    15 | 5 . . . . . . 4 
    16 | 3 . . . . . . . 
    17 | 3 . . . . . . 6 
    18 | 8 8 8 8 8 . . 6 
    19 | . . 2 2 2 2 . . 
    20 | . . 2 2 2 2 . . 
    21 | . . 2 2 2 2 . . 
    
    Boxes' corners:      (w,l)
        Box 1 is at 
            top left     (3,0)
            bottom right (6,2)
    
        Box 2 is at 
            top left     (2,19)
            bottom right (5,21)
    
        Box 3 is at 
            top left     (0,16)
            bottom right (0,17)
    
        Box 4 is at 
            top left     (7,14)
            bottom right (7,15)
    
        Box 5 is at 
            top left     (0,14)
            bottom right (0,15)
    
        Box 6 is at 
            top left     (7,17)
            bottom right (7,18)
    
        Box 7 is at 
            top left     (7,7)
            bottom right (7,8)
    
        Box 8 is at 
            top left     (0,18)
            bottom right (4,18)
    
        Box 9 is at 
            top left     (2,10)
            bottom right (5,13)
    
        Roll length used: 22

    [1;34mTry max length:[0m 21
    [1;34m    At iteration:[0m 6
        lingeling found a solution in .820 ms

       | W
     L | 0 1 2 3 4 5 6 7 
    --------------------
     0 | . . . 1 1 1 1 4 
     1 | . . . 1 1 1 1 4 
     2 | . . . 1 1 1 1 . 
     3 | 6 6 . 3 . . . . 
     4 | . . . 3 . . . . 
     5 | . . . . . . . . 
     6 | . . . . . . . . 
     7 | . . . . . . . . 
     8 | . . . . . . . . 
     9 | . . . . . . . . 
    10 | . . . . . . . . 
    11 | . . . . . . . . 
    12 | . . . . . . . 7 
    13 | . . . 9 9 9 9 7 
    14 | 5 . . 9 9 9 9 . 
    15 | 5 . . 9 9 9 9 . 
    16 | . . . 9 9 9 9 . 
    17 | . . . 8 8 8 8 8 
    18 | 2 2 2 2 . . . . 
    19 | 2 2 2 2 . . . . 
    20 | 2 2 2 2 . . . . 
    
    Boxes' corners:      (w,l)
        Box 1 is at 
            top left     (3,0)
            bottom right (6,2)
    
        Box 2 is at 
            top left     (0,18)
            bottom right (3,20)
    
        Box 3 is at 
            top left     (3,3)
            bottom right (3,4)
    
        Box 4 is at 
            top left     (7,0)
            bottom right (7,1)
    
        Box 5 is at 
            top left     (0,14)
            bottom right (0,15)
    
        Box 6 is at 
            top left     (0,3)
            bottom right (1,3)
    
        Box 7 is at 
            top left     (7,12)
            bottom right (7,13)
    
        Box 8 is at 
            top left     (3,17)
            bottom right (7,17)
    
        Box 9 is at 
            top left     (3,13)
            bottom right (6,16)
    
        Roll length used: 21

    [1;34mTry max length:[0m 20
    [1;34m    At iteration:[0m 7
        lingeling found a solution in .705 ms

       | W
     L | 0 1 2 3 4 5 6 7 
    --------------------
     0 | 1 1 1 1 . . . . 
     1 | 1 1 1 1 . . . . 
     2 | 1 1 1 1 . . . . 
     3 | 4 . . . . . . . 
     4 | 4 . . . . . . . 
     5 | . . . . . . . . 
     6 | . . . . . . . . 
     7 | 7 . . . . . . . 
     8 | 7 . . . . . . . 
     9 | 5 . . 8 8 8 8 8 
    10 | 5 . . . . . . . 
    11 | 6 . . . . . . . 
    12 | 6 . . . . . . . 
    13 | 9 9 9 9 . . . . 
    14 | 9 9 9 9 . . . . 
    15 | 9 9 9 9 . . . . 
    16 | 9 9 9 9 . . . . 
    17 | . . . . 2 2 2 2 
    18 | 3 . . . 2 2 2 2 
    19 | 3 . . . 2 2 2 2 
    
    Boxes' corners:      (w,l)
        Box 1 is at 
            top left     (0,0)
            bottom right (3,2)
    
        Box 2 is at 
            top left     (4,17)
            bottom right (7,19)
    
        Box 3 is at 
            top left     (0,18)
            bottom right (0,19)
    
        Box 4 is at 
            top left     (0,3)
            bottom right (0,4)
    
        Box 5 is at 
            top left     (0,9)
            bottom right (0,10)
    
        Box 6 is at 
            top left     (0,11)
            bottom right (0,12)
    
        Box 7 is at 
            top left     (0,7)
            bottom right (0,8)
    
        Box 8 is at 
            top left     (3,9)
            bottom right (7,9)
    
        Box 9 is at 
            top left     (0,13)
            bottom right (3,16)
    
        Roll length used: 20

    [1;34mTry max length:[0m 19
    [1;34m    At iteration:[0m 8
        lingeling found a solution in .662 ms

       | W
     L | 0 1 2 3 4 5 6 7 
    --------------------
     0 | 1 1 1 1 2 2 2 2 
     1 | 1 1 1 1 2 2 2 2 
     2 | 1 1 1 1 2 2 2 2 
     3 | . . . . . . . . 
     4 | . . . . . . . . 
     5 | . . . . . . . . 
     6 | . . . . . . . . 
     7 | . . . . . . 4 . 
     8 | . . . . . . 4 . 
     9 | . . . . . . . 5 
    10 | . . . . . . . 5 
    11 | . . . . . . . . 
    12 | . . . . 9 9 9 9 
    13 | 3 . . . 9 9 9 9 
    14 | 3 . . . 9 9 9 9 
    15 | . . . . 9 9 9 9 
    16 | . . . . . . . . 
    17 | . . . . . 7 6 6 
    18 | 8 8 8 8 8 7 . . 
    
    Boxes' corners:      (w,l)
        Box 1 is at 
            top left     (0,0)
            bottom right (3,2)
    
        Box 2 is at 
            top left     (4,0)
            bottom right (7,2)
    
        Box 3 is at 
            top left     (0,13)
            bottom right (0,14)
    
        Box 4 is at 
            top left     (6,7)
            bottom right (6,8)
    
        Box 5 is at 
            top left     (7,9)
            bottom right (7,10)
    
        Box 6 is at 
            top left     (6,17)
            bottom right (7,17)
    
        Box 7 is at 
            top left     (5,17)
            bottom right (5,18)
    
        Box 8 is at 
            top left     (0,18)
            bottom right (4,18)
    
        Box 9 is at 
            top left     (4,12)
            bottom right (7,15)
    
        Roll length used: 19

    [1;34mTry max length:[0m 18
    [1;34m    At iteration:[0m 9
        lingeling found a solution in .852 ms

       | W
     L | 0 1 2 3 4 5 6 7 
    --------------------
     0 | 6 . 1 1 1 1 . 4 
     1 | 6 . 1 1 1 1 . 4 
     2 | . . 1 1 1 1 . . 
     3 | . . . . . . . . 
     4 | . . . . . . . . 
     5 | 5 . . . . . . . 
     6 | 5 . . 8 8 8 8 8 
     7 | . . . . . . . . 
     8 | . . . . . . . . 
     9 | 7 . . . . . . . 
    10 | 7 . . . . . . . 
    11 | 9 9 9 9 . . . . 
    12 | 9 9 9 9 . . . . 
    13 | 9 9 9 9 . . . . 
    14 | 9 9 9 9 . . . . 
    15 | . . . . 2 2 2 2 
    16 | 3 . . . 2 2 2 2 
    17 | 3 . . . 2 2 2 2 
    
    Boxes' corners:      (w,l)
        Box 1 is at 
            top left     (2,0)
            bottom right (5,2)
    
        Box 2 is at 
            top left     (4,15)
            bottom right (7,17)
    
        Box 3 is at 
            top left     (0,16)
            bottom right (0,17)
    
        Box 4 is at 
            top left     (7,0)
            bottom right (7,1)
    
        Box 5 is at 
            top left     (0,5)
            bottom right (0,6)
    
        Box 6 is at 
            top left     (0,0)
            bottom right (0,1)
    
        Box 7 is at 
            top left     (0,9)
            bottom right (0,10)
    
        Box 8 is at 
            top left     (3,6)
            bottom right (7,6)
    
        Box 9 is at 
            top left     (0,11)
            bottom right (3,14)
    
        Roll length used: 18

    [1;34mTry max length:[0m 17
    [1;34m    At iteration:[0m 10
        lingeling found a solution in .618 ms

       | W
     L | 0 1 2 3 4 5 6 7 
    --------------------
     0 | 1 1 1 1 2 2 2 2 
     1 | 1 1 1 1 2 2 2 2 
     2 | 1 1 1 1 2 2 2 2 
     3 | . . . . . . . . 
     4 | . . . . . . . . 
     5 | . . . . . . . . 
     6 | 7 . . . . . . . 
     7 | 7 . . . . . . . 
     8 | 6 . . . . . . 5 
     9 | 6 . . . . . . 5 
    10 | 9 9 9 9 . . . 4 
    11 | 9 9 9 9 . . . 4 
    12 | 9 9 9 9 . . . . 
    13 | 9 9 9 9 . . . . 
    14 | 8 8 8 8 8 . . . 
    15 | 3 . . . . . . . 
    16 | 3 . . . . . . . 
    
    Boxes' corners:      (w,l)
        Box 1 is at 
            top left     (0,0)
            bottom right (3,2)
    
        Box 2 is at 
            top left     (4,0)
            bottom right (7,2)
    
        Box 3 is at 
            top left     (0,15)
            bottom right (0,16)
    
        Box 4 is at 
            top left     (7,10)
            bottom right (7,11)
    
        Box 5 is at 
            top left     (7,8)
            bottom right (7,9)
    
        Box 6 is at 
            top left     (0,8)
            bottom right (0,9)
    
        Box 7 is at 
            top left     (0,6)
            bottom right (0,7)
    
        Box 8 is at 
            top left     (0,14)
            bottom right (4,14)
    
        Box 9 is at 
            top left     (0,10)
            bottom right (3,13)
    
        Roll length used: 17

    [1;34mTry max length:[0m 16
    [1;34m    At iteration:[0m 11
        lingeling found a solution in .585 ms

       | W
     L | 0 1 2 3 4 5 6 7 
    --------------------
     0 | 7 . . 1 1 1 1 . 
     1 | 7 . . 1 1 1 1 . 
     2 | 4 4 . 1 1 1 1 . 
     3 | 5 . . . . . . . 
     4 | 5 . . . . . . . 
     5 | 6 . . . . . . . 
     6 | 6 . . . . . . . 
     7 | 3 . . 8 8 8 8 8 
     8 | 3 . . . . . . . 
     9 | 9 9 9 9 . . . . 
    10 | 9 9 9 9 . . . . 
    11 | 9 9 9 9 . . . . 
    12 | 9 9 9 9 . . . . 
    13 | 2 2 2 2 . . . . 
    14 | 2 2 2 2 . . . . 
    15 | 2 2 2 2 . . . . 
    
    Boxes' corners:      (w,l)
        Box 1 is at 
            top left     (3,0)
            bottom right (6,2)
    
        Box 2 is at 
            top left     (0,13)
            bottom right (3,15)
    
        Box 3 is at 
            top left     (0,7)
            bottom right (0,8)
    
        Box 4 is at 
            top left     (0,2)
            bottom right (1,2)
    
        Box 5 is at 
            top left     (0,3)
            bottom right (0,4)
    
        Box 6 is at 
            top left     (0,5)
            bottom right (0,6)
    
        Box 7 is at 
            top left     (0,0)
            bottom right (0,1)
    
        Box 8 is at 
            top left     (3,7)
            bottom right (7,7)
    
        Box 9 is at 
            top left     (0,9)
            bottom right (3,12)
    
        Roll length used: 16

    [1;34mTry max length:[0m 15
    [1;34m    At iteration:[0m 12
        lingeling found a solution in .518 ms

       | W
     L | 0 1 2 3 4 5 6 7 
    --------------------
     0 | 7 1 1 1 1 . . . 
     1 | 7 1 1 1 1 . . . 
     2 | 5 1 1 1 1 . . . 
     3 | 5 . . . . . . . 
     4 | 9 9 9 9 . . . . 
     5 | 9 9 9 9 2 2 2 2 
     6 | 9 9 9 9 2 2 2 2 
     7 | 9 9 9 9 2 2 2 2 
     8 | . . . . . . . . 
     9 | 6 . . . . . . . 
    10 | 6 . . . . . . . 
    11 | 3 . . . . . . . 
    12 | 3 . . . . . . . 
    13 | 4 . . . . . . . 
    14 | 4 8 8 8 8 8 . . 
    
    Boxes' corners:      (w,l)
        Box 1 is at 
            top left     (1,0)
            bottom right (4,2)
    
        Box 2 is at 
            top left     (4,5)
            bottom right (7,7)
    
        Box 3 is at 
            top left     (0,11)
            bottom right (0,12)
    
        Box 4 is at 
            top left     (0,13)
            bottom right (0,14)
    
        Box 5 is at 
            top left     (0,2)
            bottom right (0,3)
    
        Box 6 is at 
            top left     (0,9)
            bottom right (0,10)
    
        Box 7 is at 
            top left     (0,0)
            bottom right (0,1)
    
        Box 8 is at 
            top left     (1,14)
            bottom right (5,14)
    
        Box 9 is at 
            top left     (0,4)
            bottom right (3,7)
    
        Roll length used: 15

    [1;34mTry max length:[0m 14
    [1;34m    At iteration:[0m 13
        lingeling found a solution in .475 ms

       | W
     L | 0 1 2 3 4 5 6 7 
    --------------------
     0 | 6 . . 1 1 1 1 . 
     1 | 6 . . 1 1 1 1 . 
     2 | . . . 1 1 1 1 . 
     3 | . 9 9 9 9 . . . 
     4 | . 9 9 9 9 . . . 
     5 | 3 9 9 9 9 . . . 
     6 | 3 9 9 9 9 7 . 5 
     7 | . . . . . 7 . 5 
     8 | . . . 8 8 8 8 8 
     9 | . . . . . . . 4 
    10 | . . . . . . . 4 
    11 | . . . 2 2 2 2 . 
    12 | . . . 2 2 2 2 . 
    13 | . . . 2 2 2 2 . 
    
    Boxes' corners:      (w,l)
        Box 1 is at 
            top left     (3,0)
            bottom right (6,2)
    
        Box 2 is at 
            top left     (3,11)
            bottom right (6,13)
    
        Box 3 is at 
            top left     (0,5)
            bottom right (0,6)
    
        Box 4 is at 
            top left     (7,9)
            bottom right (7,10)
    
        Box 5 is at 
            top left     (7,6)
            bottom right (7,7)
    
        Box 6 is at 
            top left     (0,0)
            bottom right (0,1)
    
        Box 7 is at 
            top left     (5,6)
            bottom right (5,7)
    
        Box 8 is at 
            top left     (3,8)
            bottom right (7,8)
    
        Box 9 is at 
            top left     (1,3)
            bottom right (4,6)
    
        Roll length used: 14

    [1;34mTry max length:[0m 13
    [1;34m    At iteration:[0m 14
        lingeling found a solution in .452 ms

       | W
     L | 0 1 2 3 4 5 6 7 
    --------------------
     0 | 4 1 1 1 . . . . 
     1 | 4 1 1 1 . . . 5 
     2 | . 1 1 1 3 . . 5 
     3 | 7 1 1 1 3 . . . 
     4 | 7 9 9 9 9 . . . 
     5 | . 9 9 9 9 . . . 
     6 | . 9 9 9 9 6 . . 
     7 | . 9 9 9 9 6 . . 
     8 | . . . 8 8 8 8 8 
     9 | . . . . . . . . 
    10 | 2 2 2 2 . . . . 
    11 | 2 2 2 2 . . . . 
    12 | 2 2 2 2 . . . . 
    
    Boxes' corners:      (w,l)
        Box 1 is at 
            top left     (1,0)
            bottom right (3,3)
    
        Box 2 is at 
            top left     (0,10)
            bottom right (3,12)
    
        Box 3 is at 
            top left     (4,2)
            bottom right (4,3)
    
        Box 4 is at 
            top left     (0,0)
            bottom right (0,1)
    
        Box 5 is at 
            top left     (7,1)
            bottom right (7,2)
    
        Box 6 is at 
            top left     (5,6)
            bottom right (5,7)
    
        Box 7 is at 
            top left     (0,3)
            bottom right (0,4)
    
        Box 8 is at 
            top left     (3,8)
            bottom right (7,8)
    
        Box 9 is at 
            top left     (1,4)
            bottom right (4,7)
    
        Roll length used: 13

    [1;34mTry max length:[0m 12
    [1;34m    At iteration:[0m 15
        lingeling found a solution in .541 ms

       | W
     L | 0 1 2 3 4 5 6 7 
    --------------------
     0 | 1 1 1 1 . . . . 
     1 | 1 1 1 1 2 2 2 2 
     2 | 1 1 1 1 2 2 2 2 
     3 | 3 . . . 2 2 2 2 
     4 | 3 . . . . . . . 
     5 | 6 . 9 9 9 9 7 . 
     6 | 6 . 9 9 9 9 7 . 
     7 | . 5 9 9 9 9 . 4 
     8 | . 5 9 9 9 9 . 4 
     9 | . . . . . . . . 
    10 | . . . 8 8 8 8 8 
    11 | . . . . . . . . 
    
    Boxes' corners:      (w,l)
        Box 1 is at 
            top left     (0,0)
            bottom right (3,2)
    
        Box 2 is at 
            top left     (4,1)
            bottom right (7,3)
    
        Box 3 is at 
            top left     (0,3)
            bottom right (0,4)
    
        Box 4 is at 
            top left     (7,7)
            bottom right (7,8)
    
        Box 5 is at 
            top left     (1,7)
            bottom right (1,8)
    
        Box 6 is at 
            top left     (0,5)
            bottom right (0,6)
    
        Box 7 is at 
            top left     (6,5)
            bottom right (6,6)
    
        Box 8 is at 
            top left     (3,10)
            bottom right (7,10)
    
        Box 9 is at 
            top left     (2,5)
            bottom right (5,8)
    
        Roll length used: 11

    [1;34mTry max length:[0m 10
    [1;34m    At iteration:[0m 16
        lingeling found a solution in .438 ms

       | W
     L | 0 1 2 3 4 5 6 7 
    --------------------
     0 | 7 . . 1 1 1 1 6 
     1 | 7 . . 1 1 1 1 6 
     2 | . . . 1 1 1 1 5 
     3 | 9 9 9 9 . . . 5 
     4 | 9 9 9 9 . . . 4 
     5 | 9 9 9 9 . . . 4 
     6 | 9 9 9 9 2 2 2 2 
     7 | . . . . 2 2 2 2 
     8 | 3 . . . 2 2 2 2 
     9 | 3 8 8 8 8 8 . . 
    
    Boxes' corners:      (w,l)
        Box 1 is at 
            top left     (3,0)
            bottom right (6,2)
    
        Box 2 is at 
            top left     (4,6)
            bottom right (7,8)
    
        Box 3 is at 
            top left     (0,8)
            bottom right (0,9)
    
        Box 4 is at 
            top left     (7,4)
            bottom right (7,5)
    
        Box 5 is at 
            top left     (7,2)
            bottom right (7,3)
    
        Box 6 is at 
            top left     (7,0)
            bottom right (7,1)
    
        Box 7 is at 
            top left     (0,0)
            bottom right (0,1)
    
        Box 8 is at 
            top left     (1,9)
            bottom right (5,9)
    
        Box 9 is at 
            top left     (0,3)
            bottom right (3,6)
    
        Roll length used: 10

    [1;34mTry max length:[0m 9
    [1;34m    At iteration:[0m 17
        lingeling found a solution in .390 ms

      | W
    L | 0 1 2 3 4 5 6 7 
    --------------------
    0 | 6 9 9 9 9 . . . 
    1 | 6 9 9 9 9 . . 7 
    2 | 5 9 9 9 9 . . 7 
    3 | 5 9 9 9 9 . . 3 
    4 | 1 1 1 4 . . . 3 
    5 | 1 1 1 4 2 2 2 2 
    6 | 1 1 1 . 2 2 2 2 
    7 | 1 1 1 . 2 2 2 2 
    8 | . 8 8 8 8 8 . . 
    
    Boxes' corners:      (w,l)
        Box 1 is at 
            top left     (0,4)
            bottom right (2,7)
    
        Box 2 is at 
            top left     (4,5)
            bottom right (7,7)
    
        Box 3 is at 
            top left     (7,3)
            bottom right (7,4)
    
        Box 4 is at 
            top left     (3,4)
            bottom right (3,5)
    
        Box 5 is at 
            top left     (0,2)
            bottom right (0,3)
    
        Box 6 is at 
            top left     (0,0)
            bottom right (0,1)
    
        Box 7 is at 
            top left     (7,1)
            bottom right (7,2)
    
        Box 8 is at 
            top left     (1,8)
            bottom right (5,8)
    
        Box 9 is at 
            top left     (1,0)
            bottom right (4,3)
    
        Roll length used: 9

    [1;34mTry max length:[0m 8
    [1;34m    At iteration:[0m 18
        lingeling found a solution in .289 ms

      | W
    L | 0 1 2 3 4 5 6 7 
    --------------------
    0 | 1 1 1 5 3 7 . . 
    1 | 1 1 1 5 3 7 4 4 
    2 | 1 1 1 6 . . . . 
    3 | 1 1 1 6 . . . 8 
    4 | 2 2 2 9 9 9 9 8 
    5 | 2 2 2 9 9 9 9 8 
    6 | 2 2 2 9 9 9 9 8 
    7 | 2 2 2 9 9 9 9 8 
    
    Boxes' corners:      (w,l)
        Box 1 is at 
            top left     (0,0)
            bottom right (2,3)
    
        Box 2 is at 
            top left     (0,4)
            bottom right (2,7)
    
        Box 3 is at 
            top left     (4,0)
            bottom right (4,1)
    
        Box 4 is at 
            top left     (6,1)
            bottom right (7,1)
    
        Box 5 is at 
            top left     (3,0)
            bottom right (3,1)
    
        Box 6 is at 
            top left     (3,2)
            bottom right (3,3)
    
        Box 7 is at 
            top left     (5,0)
            bottom right (5,1)
    
        Box 8 is at 
            top left     (7,3)
            bottom right (7,7)
    
        Box 9 is at 
            top left     (3,4)
            bottom right (6,7)
    
        Roll length used: 8

    [1;34mTry max length:[0m 7
    [1;34m    At iteration:[0m 19
        lingeling found a solution in .261 ms

      | W
    L | 0 1 2 3 4 5 6 7 
    --------------------
    0 | . 5 5 9 9 9 9 8 
    1 | 1 1 1 9 9 9 9 8 
    2 | 1 1 1 9 9 9 9 8 
    3 | 1 1 1 9 9 9 9 8 
    4 | 1 1 1 2 2 2 2 8 
    5 | 6 7 7 2 2 2 2 3 
    6 | 6 4 4 2 2 2 2 3 
    
    Boxes' corners:      (w,l)
        Box 1 is at 
            top left     (0,1)
            bottom right (2,4)
    
        Box 2 is at 
            top left     (3,4)
            bottom right (6,6)
    
        Box 3 is at 
            top left     (7,5)
            bottom right (7,6)
    
        Box 4 is at 
            top left     (1,6)
            bottom right (2,6)
    
        Box 5 is at 
            top left     (1,0)
            bottom right (2,0)
    
        Box 6 is at 
            top left     (0,5)
            bottom right (0,6)
    
        Box 7 is at 
            top left     (1,5)
            bottom right (2,5)
    
        Box 8 is at 
            top left     (7,0)
            bottom right (7,4)
    
        Box 9 is at 
            top left     (3,0)
            bottom right (6,3)
    
        Roll length used: 7

    [1;34mTry max length:[0m 6
    [1;34m    At iteration:[0m 20
        [3;31mlingeling determined unsatisfiability of the Boolean formula[0m
        [1;32mOptimality reached![0m
