dc jun 6 20:36:45 CEST 2018
    [1;34mTry max length:[0m 999999
    [1;34m    At iteration:[0m 0
        lingeling found a solution in .509 ms

       | W
     L |  0  1  2 3  4 
    ------------------
     0 |  .  .  . .  . 
     1 |  .  .  . . 10 
     2 |  .  .  . . 10 
     3 |  .  1  . .  . 
     4 | 12 12 12 .  . 
     5 | 12 12 12 .  . 
     6 | 12 12 12 .  . 
     7 |  .  .  . .  8 
     8 |  .  .  . .  8 
     9 |  .  .  . .  . 
    10 |  .  .  . .  . 
    11 |  .  .  . .  . 
    12 |  .  .  . .  . 
    13 |  .  .  . .  . 
    14 |  .  .  . .  . 
    15 |  .  .  . .  . 
    16 |  .  .  . .  . 
    17 |  .  .  . .  7 
    18 |  .  .  . .  7 
    19 |  .  .  . .  6 
    20 |  .  . 11 9  6 
    21 |  .  5 11 9  4 
    22 | 13 13 13 3  2 
    
    Boxes' corners:       (w,l)
        Box  1 is at 
            top left     (1,3)
            bottom right (1,3)
    
        Box  2 is at 
            top left     (4,22)
            bottom right (4,22)
    
        Box  3 is at 
            top left     (3,22)
            bottom right (3,22)
    
        Box  4 is at 
            top left     (4,21)
            bottom right (4,21)
    
        Box  5 is at 
            top left     (1,21)
            bottom right (1,21)
    
        Box  6 is at 
            top left     (4,19)
            bottom right (4,20)
    
        Box  7 is at 
            top left     (4,17)
            bottom right (4,18)
    
        Box  8 is at 
            top left     (4,7)
            bottom right (4,8)
    
        Box  9 is at 
            top left     (3,20)
            bottom right (3,21)
    
        Box 10 is at 
            top left     (4,1)
            bottom right (4,2)
    
        Box 11 is at 
            top left     (2,20)
            bottom right (2,21)
    
        Box 12 is at 
            top left     (0,4)
            bottom right (2,6)
    
        Box 13 is at 
            top left     (0,22)
            bottom right (2,22)
    
        Roll length used: 23

    [1;34mTry max length:[0m 22
    [1;34m    At iteration:[0m 1
        lingeling found a solution in .540 ms

       | W
     L | 0  1  2  3  4 
    ------------------
     0 | .  . 13 13 13 
     1 | .  1 10  .  . 
     2 | . 11 10  .  . 
     3 | . 11  .  .  . 
     4 | .  .  .  .  . 
     5 | .  9 12 12 12 
     6 | .  9 12 12 12 
     7 | .  8 12 12 12 
     8 | .  8  .  .  . 
     9 | .  7  6  .  . 
    10 | .  7  6  .  . 
    11 | .  .  .  .  . 
    12 | .  .  .  .  . 
    13 | .  .  .  .  . 
    14 | .  .  .  .  . 
    15 | .  .  .  .  . 
    16 | .  .  .  .  . 
    17 | .  .  .  .  . 
    18 | .  .  .  .  . 
    19 | .  .  .  .  . 
    20 | .  .  .  .  . 
    21 | .  5  4  3  2 
    
    Boxes' corners:       (w,l)
        Box  1 is at 
            top left     (1,1)
            bottom right (1,1)
    
        Box  2 is at 
            top left     (4,21)
            bottom right (4,21)
    
        Box  3 is at 
            top left     (3,21)
            bottom right (3,21)
    
        Box  4 is at 
            top left     (2,21)
            bottom right (2,21)
    
        Box  5 is at 
            top left     (1,21)
            bottom right (1,21)
    
        Box  6 is at 
            top left     (2,9)
            bottom right (2,10)
    
        Box  7 is at 
            top left     (1,9)
            bottom right (1,10)
    
        Box  8 is at 
            top left     (1,7)
            bottom right (1,8)
    
        Box  9 is at 
            top left     (1,5)
            bottom right (1,6)
    
        Box 10 is at 
            top left     (2,1)
            bottom right (2,2)
    
        Box 11 is at 
            top left     (1,2)
            bottom right (1,3)
    
        Box 12 is at 
            top left     (2,5)
            bottom right (4,7)
    
        Box 13 is at 
            top left     (2,0)
            bottom right (4,0)
    
        Roll length used: 22

    [1;34mTry max length:[0m 21
    [1;34m    At iteration:[0m 2
        lingeling found a solution in .555 ms

       | W
     L | 0  1  2  3  4 
    ------------------
     0 | .  . 13 13 13 
     1 | 1  .  .  .  . 
     2 | .  .  .  .  . 
     3 | .  .  .  .  . 
     4 | .  .  .  .  . 
     5 | . 11 10  .  . 
     6 | . 11 10  .  . 
     7 | .  9  8  .  . 
     8 | .  9  8  .  . 
     9 | .  7  6  .  . 
    10 | .  7  6  .  . 
    11 | .  .  .  .  . 
    12 | .  .  .  .  . 
    13 | .  .  .  .  . 
    14 | .  .  .  .  . 
    15 | .  .  .  .  . 
    16 | .  .  .  .  . 
    17 | .  .  .  4  3 
    18 | 2 12 12 12  . 
    19 | . 12 12 12  . 
    20 | . 12 12 12  5 
    
    Boxes' corners:       (w,l)
        Box  1 is at 
            top left     (0,1)
            bottom right (0,1)
    
        Box  2 is at 
            top left     (0,18)
            bottom right (0,18)
    
        Box  3 is at 
            top left     (4,17)
            bottom right (4,17)
    
        Box  4 is at 
            top left     (3,17)
            bottom right (3,17)
    
        Box  5 is at 
            top left     (4,20)
            bottom right (4,20)
    
        Box  6 is at 
            top left     (2,9)
            bottom right (2,10)
    
        Box  7 is at 
            top left     (1,9)
            bottom right (1,10)
    
        Box  8 is at 
            top left     (2,7)
            bottom right (2,8)
    
        Box  9 is at 
            top left     (1,7)
            bottom right (1,8)
    
        Box 10 is at 
            top left     (2,5)
            bottom right (2,6)
    
        Box 11 is at 
            top left     (1,5)
            bottom right (1,6)
    
        Box 12 is at 
            top left     (1,18)
            bottom right (3,20)
    
        Box 13 is at 
            top left     (2,0)
            bottom right (4,0)
    
        Roll length used: 21

    [1;34mTry max length:[0m 20
    [1;34m    At iteration:[0m 3
        lingeling found a solution in .448 ms

       | W
     L |  0  1  2  3  4 
    -------------------
     0 |  .  . 13 13 13 
     1 |  .  .  .  .  . 
     2 |  .  .  .  .  . 
     3 |  . 11  .  .  . 
     4 |  . 11 10  .  . 
     5 |  .  9 10  .  . 
     6 |  .  9  7  .  . 
     7 |  .  1  7  .  . 
     8 |  .  6  8  .  . 
     9 |  .  6  8  .  . 
    10 |  .  .  .  .  . 
    11 |  .  .  .  .  . 
    12 |  .  .  .  .  . 
    13 |  .  .  .  .  . 
    14 |  .  .  .  .  . 
    15 |  .  .  .  .  . 
    16 |  .  .  .  .  . 
    17 | 12 12 12  .  . 
    18 | 12 12 12  4  3 
    19 | 12 12 12  2  5 
    
    Boxes' corners:       (w,l)
        Box  1 is at 
            top left     (1,7)
            bottom right (1,7)
    
        Box  2 is at 
            top left     (3,19)
            bottom right (3,19)
    
        Box  3 is at 
            top left     (4,18)
            bottom right (4,18)
    
        Box  4 is at 
            top left     (3,18)
            bottom right (3,18)
    
        Box  5 is at 
            top left     (4,19)
            bottom right (4,19)
    
        Box  6 is at 
            top left     (1,8)
            bottom right (1,9)
    
        Box  7 is at 
            top left     (2,6)
            bottom right (2,7)
    
        Box  8 is at 
            top left     (2,8)
            bottom right (2,9)
    
        Box  9 is at 
            top left     (1,5)
            bottom right (1,6)
    
        Box 10 is at 
            top left     (2,4)
            bottom right (2,5)
    
        Box 11 is at 
            top left     (1,3)
            bottom right (1,4)
    
        Box 12 is at 
            top left     (0,17)
            bottom right (2,19)
    
        Box 13 is at 
            top left     (2,0)
            bottom right (4,0)
    
        Roll length used: 20

    [1;34mTry max length:[0m 19
    [1;34m    At iteration:[0m 4
        lingeling found a solution in .496 ms

       | W
     L |  0  1  2  3  4 
    -------------------
     0 |  .  . 13 13 13 
     1 |  .  .  .  .  . 
     2 |  .  . 11  .  . 
     3 |  .  . 11  .  . 
     4 |  .  1 10  .  . 
     5 |  .  . 10  .  . 
     6 |  .  9  8  .  . 
     7 |  .  9  8  .  . 
     8 |  .  7  6  .  . 
     9 |  .  7  6  .  . 
    10 |  .  .  .  .  . 
    11 |  .  .  .  .  . 
    12 |  .  .  .  .  . 
    13 |  .  .  .  .  . 
    14 |  .  .  .  .  . 
    15 |  .  .  .  .  . 
    16 | 12 12 12  .  . 
    17 | 12 12 12  4  3 
    18 | 12 12 12  2  5 
    
    Boxes' corners:       (w,l)
        Box  1 is at 
            top left     (1,4)
            bottom right (1,4)
    
        Box  2 is at 
            top left     (3,18)
            bottom right (3,18)
    
        Box  3 is at 
            top left     (4,17)
            bottom right (4,17)
    
        Box  4 is at 
            top left     (3,17)
            bottom right (3,17)
    
        Box  5 is at 
            top left     (4,18)
            bottom right (4,18)
    
        Box  6 is at 
            top left     (2,8)
            bottom right (2,9)
    
        Box  7 is at 
            top left     (1,8)
            bottom right (1,9)
    
        Box  8 is at 
            top left     (2,6)
            bottom right (2,7)
    
        Box  9 is at 
            top left     (1,6)
            bottom right (1,7)
    
        Box 10 is at 
            top left     (2,4)
            bottom right (2,5)
    
        Box 11 is at 
            top left     (2,2)
            bottom right (2,3)
    
        Box 12 is at 
            top left     (0,16)
            bottom right (2,18)
    
        Box 13 is at 
            top left     (2,0)
            bottom right (4,0)
    
        Roll length used: 19

    [1;34mTry max length:[0m 18
    [1;34m    At iteration:[0m 5
        lingeling found a solution in .412 ms

       | W
     L | 0  1  2  3 4 
    -----------------
     0 | . 13 13 13 3 
     1 | .  1  .  . 4 
     2 | .  .  .  . . 
     3 | . 11 10  . . 
     4 | . 11 10  . . 
     5 | .  9  8  . . 
     6 | .  9  8  . . 
     7 | .  7  6  . . 
     8 | .  7  6  . . 
     9 | .  .  .  . . 
    10 | .  .  .  . . 
    11 | .  .  .  . . 
    12 | .  .  .  . . 
    13 | .  .  .  . . 
    14 | .  .  2  . . 
    15 | . 12 12 12 . 
    16 | . 12 12 12 . 
    17 | . 12 12 12 5 
    
    Boxes' corners:       (w,l)
        Box  1 is at 
            top left     (1,1)
            bottom right (1,1)
    
        Box  2 is at 
            top left     (2,14)
            bottom right (2,14)
    
        Box  3 is at 
            top left     (4,0)
            bottom right (4,0)
    
        Box  4 is at 
            top left     (4,1)
            bottom right (4,1)
    
        Box  5 is at 
            top left     (4,17)
            bottom right (4,17)
    
        Box  6 is at 
            top left     (2,7)
            bottom right (2,8)
    
        Box  7 is at 
            top left     (1,7)
            bottom right (1,8)
    
        Box  8 is at 
            top left     (2,5)
            bottom right (2,6)
    
        Box  9 is at 
            top left     (1,5)
            bottom right (1,6)
    
        Box 10 is at 
            top left     (2,3)
            bottom right (2,4)
    
        Box 11 is at 
            top left     (1,3)
            bottom right (1,4)
    
        Box 12 is at 
            top left     (1,15)
            bottom right (3,17)
    
        Box 13 is at 
            top left     (1,0)
            bottom right (3,0)
    
        Roll length used: 18

    [1;34mTry max length:[0m 17
    [1;34m    At iteration:[0m 6
        lingeling found a solution in .424 ms

       | W
     L | 0  1  2  3  4 
    ------------------
     0 | .  . 13 13 13 
     1 | .  .  .  .  . 
     2 | .  .  .  .  . 
     3 | 1 11 10  .  . 
     4 | . 11 10  .  . 
     5 | .  9  8  .  . 
     6 | .  9  8  .  . 
     7 | .  7  6  3  . 
     8 | .  7  6  .  . 
     9 | .  .  2  .  . 
    10 | .  .  .  .  . 
    11 | .  .  .  .  . 
    12 | .  .  .  4  . 
    13 | .  .  .  .  . 
    14 | .  . 12 12 12 
    15 | .  . 12 12 12 
    16 | 5  . 12 12 12 
    
    Boxes' corners:       (w,l)
        Box  1 is at 
            top left     (0,3)
            bottom right (0,3)
    
        Box  2 is at 
            top left     (2,9)
            bottom right (2,9)
    
        Box  3 is at 
            top left     (3,7)
            bottom right (3,7)
    
        Box  4 is at 
            top left     (3,12)
            bottom right (3,12)
    
        Box  5 is at 
            top left     (0,16)
            bottom right (0,16)
    
        Box  6 is at 
            top left     (2,7)
            bottom right (2,8)
    
        Box  7 is at 
            top left     (1,7)
            bottom right (1,8)
    
        Box  8 is at 
            top left     (2,5)
            bottom right (2,6)
    
        Box  9 is at 
            top left     (1,5)
            bottom right (1,6)
    
        Box 10 is at 
            top left     (2,3)
            bottom right (2,4)
    
        Box 11 is at 
            top left     (1,3)
            bottom right (1,4)
    
        Box 12 is at 
            top left     (2,14)
            bottom right (4,16)
    
        Box 13 is at 
            top left     (2,0)
            bottom right (4,0)
    
        Roll length used: 17

    [1;34mTry max length:[0m 16
    [1;34m    At iteration:[0m 7
        lingeling found a solution in .513 ms

       | W
     L |  0  1  2 3 4 
    -----------------
     0 |  8  .  9 . . 
     1 |  8  .  9 . . 
     2 |  . 11 10 . . 
     3 |  . 11 10 . . 
     4 |  .  .  7 . . 
     5 |  .  .  7 . . 
     6 | 13 13 13 . . 
     7 |  .  1  . . . 
     8 |  .  .  . . . 
     9 |  .  .  . . 2 
    10 |  .  .  . . . 
    11 |  6  .  4 5 . 
    12 |  6  .  . . . 
    13 | 12 12 12 . . 
    14 | 12 12 12 . . 
    15 | 12 12 12 3 . 
    
    Boxes' corners:       (w,l)
        Box  1 is at 
            top left     (1,7)
            bottom right (1,7)
    
        Box  2 is at 
            top left     (4,9)
            bottom right (4,9)
    
        Box  3 is at 
            top left     (3,15)
            bottom right (3,15)
    
        Box  4 is at 
            top left     (2,11)
            bottom right (2,11)
    
        Box  5 is at 
            top left     (3,11)
            bottom right (3,11)
    
        Box  6 is at 
            top left     (0,11)
            bottom right (0,12)
    
        Box  7 is at 
            top left     (2,4)
            bottom right (2,5)
    
        Box  8 is at 
            top left     (0,0)
            bottom right (0,1)
    
        Box  9 is at 
            top left     (2,0)
            bottom right (2,1)
    
        Box 10 is at 
            top left     (2,2)
            bottom right (2,3)
    
        Box 11 is at 
            top left     (1,2)
            bottom right (1,3)
    
        Box 12 is at 
            top left     (0,13)
            bottom right (2,15)
    
        Box 13 is at 
            top left     (0,6)
            bottom right (2,6)
    
        Roll length used: 16

    [1;34mTry max length:[0m 15
    [1;34m    At iteration:[0m 8
        lingeling found a solution in .379 ms

       | W
     L | 0  1  2  3  4 
    ------------------
     0 | .  . 13 13 13 
     1 | .  .  .  .  . 
     2 | 1 11 10  .  . 
     3 | . 11 10  .  . 
     4 | .  9  8  .  . 
     5 | .  9  8  .  . 
     6 | .  7  6  .  . 
     7 | .  7  6  .  3 
     8 | .  .  .  .  5 
     9 | .  .  .  .  . 
    10 | .  .  .  .  . 
    11 | .  .  .  .  4 
    12 | 2 12 12 12  . 
    13 | . 12 12 12  . 
    14 | . 12 12 12  . 
    
    Boxes' corners:       (w,l)
        Box  1 is at 
            top left     (0,2)
            bottom right (0,2)
    
        Box  2 is at 
            top left     (0,12)
            bottom right (0,12)
    
        Box  3 is at 
            top left     (4,7)
            bottom right (4,7)
    
        Box  4 is at 
            top left     (4,11)
            bottom right (4,11)
    
        Box  5 is at 
            top left     (4,8)
            bottom right (4,8)
    
        Box  6 is at 
            top left     (2,6)
            bottom right (2,7)
    
        Box  7 is at 
            top left     (1,6)
            bottom right (1,7)
    
        Box  8 is at 
            top left     (2,4)
            bottom right (2,5)
    
        Box  9 is at 
            top left     (1,4)
            bottom right (1,5)
    
        Box 10 is at 
            top left     (2,2)
            bottom right (2,3)
    
        Box 11 is at 
            top left     (1,2)
            bottom right (1,3)
    
        Box 12 is at 
            top left     (1,12)
            bottom right (3,14)
    
        Box 13 is at 
            top left     (2,0)
            bottom right (4,0)
    
        Roll length used: 15

    [1;34mTry max length:[0m 14
    [1;34m    At iteration:[0m 9
        lingeling found a solution in .367 ms

       | W
     L | 0  1  2  3  4 
    ------------------
     0 | .  . 13 13 13 
     1 | . 10 11  .  . 
     2 | . 10 11  .  . 
     3 | .  1  9  .  . 
     4 | .  .  9  .  . 
     5 | .  8  7  .  . 
     6 | .  8  7  .  . 
     7 | .  .  .  .  3 
     8 | .  .  .  .  . 
     9 | 4  .  .  .  . 
    10 | .  .  .  .  . 
    11 | 2  . 12 12 12 
    12 | 6  . 12 12 12 
    13 | 6  5 12 12 12 
    
    Boxes' corners:       (w,l)
        Box  1 is at 
            top left     (1,3)
            bottom right (1,3)
    
        Box  2 is at 
            top left     (0,11)
            bottom right (0,11)
    
        Box  3 is at 
            top left     (4,7)
            bottom right (4,7)
    
        Box  4 is at 
            top left     (0,9)
            bottom right (0,9)
    
        Box  5 is at 
            top left     (1,13)
            bottom right (1,13)
    
        Box  6 is at 
            top left     (0,12)
            bottom right (0,13)
    
        Box  7 is at 
            top left     (2,5)
            bottom right (2,6)
    
        Box  8 is at 
            top left     (1,5)
            bottom right (1,6)
    
        Box  9 is at 
            top left     (2,3)
            bottom right (2,4)
    
        Box 10 is at 
            top left     (1,1)
            bottom right (1,2)
    
        Box 11 is at 
            top left     (2,1)
            bottom right (2,2)
    
        Box 12 is at 
            top left     (2,11)
            bottom right (4,13)
    
        Box 13 is at 
            top left     (2,0)
            bottom right (4,0)
    
        Roll length used: 14

    [1;34mTry max length:[0m 13
    [1;34m    At iteration:[0m 10
        lingeling found a solution in .325 ms

       | W
     L | 0  1  2  3  4 
    ------------------
     0 | .  . 13 13 13 
     1 | . 11  9  .  . 
     2 | . 11  9  .  . 
     3 | .  8  7  .  . 
     4 | .  8  7  3  . 
     5 | 1 10  6  .  . 
     6 | . 10  6  .  . 
     7 | .  .  .  .  . 
     8 | .  .  .  .  . 
     9 | .  .  .  .  . 
    10 | . 12 12 12  . 
    11 | 4 12 12 12  . 
    12 | 5 12 12 12  2 
    
    Boxes' corners:       (w,l)
        Box  1 is at 
            top left     (0,5)
            bottom right (0,5)
    
        Box  2 is at 
            top left     (4,12)
            bottom right (4,12)
    
        Box  3 is at 
            top left     (3,4)
            bottom right (3,4)
    
        Box  4 is at 
            top left     (0,11)
            bottom right (0,11)
    
        Box  5 is at 
            top left     (0,12)
            bottom right (0,12)
    
        Box  6 is at 
            top left     (2,5)
            bottom right (2,6)
    
        Box  7 is at 
            top left     (2,3)
            bottom right (2,4)
    
        Box  8 is at 
            top left     (1,3)
            bottom right (1,4)
    
        Box  9 is at 
            top left     (2,1)
            bottom right (2,2)
    
        Box 10 is at 
            top left     (1,5)
            bottom right (1,6)
    
        Box 11 is at 
            top left     (1,1)
            bottom right (1,2)
    
        Box 12 is at 
            top left     (1,10)
            bottom right (3,12)
    
        Box 13 is at 
            top left     (2,0)
            bottom right (4,0)
    
        Roll length used: 13

    [1;34mTry max length:[0m 12
    [1;34m    At iteration:[0m 11
        lingeling found a solution in .300 ms

       | W
     L |  0  1  2  3  4 
    -------------------
     0 |  .  . 13 13 13 
     1 |  .  .  .  .  . 
     2 |  .  .  .  .  . 
     3 |  .  .  .  .  . 
     4 |  .  .  .  .  5 
     5 |  .  .  1  .  . 
     6 | 11  .  .  . 10 
     7 | 11  .  .  . 10 
     8 |  9  4  3  2  8 
     9 |  9 12 12 12  8 
    10 |  7 12 12 12  6 
    11 |  7 12 12 12  6 
    
    Boxes' corners:       (w,l)
        Box  1 is at 
            top left     (2,5)
            bottom right (2,5)
    
        Box  2 is at 
            top left     (3,8)
            bottom right (3,8)
    
        Box  3 is at 
            top left     (2,8)
            bottom right (2,8)
    
        Box  4 is at 
            top left     (1,8)
            bottom right (1,8)
    
        Box  5 is at 
            top left     (4,4)
            bottom right (4,4)
    
        Box  6 is at 
            top left     (4,10)
            bottom right (4,11)
    
        Box  7 is at 
            top left     (0,10)
            bottom right (0,11)
    
        Box  8 is at 
            top left     (4,8)
            bottom right (4,9)
    
        Box  9 is at 
            top left     (0,8)
            bottom right (0,9)
    
        Box 10 is at 
            top left     (4,6)
            bottom right (4,7)
    
        Box 11 is at 
            top left     (0,6)
            bottom right (0,7)
    
        Box 12 is at 
            top left     (1,9)
            bottom right (3,11)
    
        Box 13 is at 
            top left     (2,0)
            bottom right (4,0)
    
        Roll length used: 12

    [1;34mTry max length:[0m 11
    [1;34m    At iteration:[0m 12
        lingeling found a solution in .284 ms

       | W
     L |  0  1  2  3  4 
    -------------------
     0 | 13 13 13  .  . 
     1 |  .  .  .  5  . 
     2 |  .  .  .  .  . 
     3 |  .  .  .  . 11 
     4 |  .  .  2  . 11 
     5 |  .  .  1  . 10 
     6 |  .  .  .  . 10 
     7 |  9  .  4  3  8 
     8 |  9 12 12 12  8 
     9 |  7 12 12 12  6 
    10 |  7 12 12 12  6 
    
    Boxes' corners:       (w,l)
        Box  1 is at 
            top left     (2,5)
            bottom right (2,5)
    
        Box  2 is at 
            top left     (2,4)
            bottom right (2,4)
    
        Box  3 is at 
            top left     (3,7)
            bottom right (3,7)
    
        Box  4 is at 
            top left     (2,7)
            bottom right (2,7)
    
        Box  5 is at 
            top left     (3,1)
            bottom right (3,1)
    
        Box  6 is at 
            top left     (4,9)
            bottom right (4,10)
    
        Box  7 is at 
            top left     (0,9)
            bottom right (0,10)
    
        Box  8 is at 
            top left     (4,7)
            bottom right (4,8)
    
        Box  9 is at 
            top left     (0,7)
            bottom right (0,8)
    
        Box 10 is at 
            top left     (4,5)
            bottom right (4,6)
    
        Box 11 is at 
            top left     (4,3)
            bottom right (4,4)
    
        Box 12 is at 
            top left     (1,8)
            bottom right (3,10)
    
        Box 13 is at 
            top left     (0,0)
            bottom right (2,0)
    
        Roll length used: 11

    [1;34mTry max length:[0m 10
    [1;34m    At iteration:[0m 13
        lingeling found a solution in .270 ms

       | W
     L |  0  1  2  3  4 
    -------------------
     0 | 13 13 13  .  . 
     1 |  . 10  .  .  2 
     2 |  . 10  .  .  . 
     3 |  .  9 12 12 12 
     4 |  1  9 12 12 12 
     5 |  8  . 12 12 12 
     6 |  8  7  .  5  . 
     7 |  .  7 11  .  . 
     8 |  .  . 11  .  6 
     9 |  4  .  .  3  6 
    
    Boxes' corners:       (w,l)
        Box  1 is at 
            top left     (0,4)
            bottom right (0,4)
    
        Box  2 is at 
            top left     (4,1)
            bottom right (4,1)
    
        Box  3 is at 
            top left     (3,9)
            bottom right (3,9)
    
        Box  4 is at 
            top left     (0,9)
            bottom right (0,9)
    
        Box  5 is at 
            top left     (3,6)
            bottom right (3,6)
    
        Box  6 is at 
            top left     (4,8)
            bottom right (4,9)
    
        Box  7 is at 
            top left     (1,6)
            bottom right (1,7)
    
        Box  8 is at 
            top left     (0,5)
            bottom right (0,6)
    
        Box  9 is at 
            top left     (1,3)
            bottom right (1,4)
    
        Box 10 is at 
            top left     (1,1)
            bottom right (1,2)
    
        Box 11 is at 
            top left     (2,7)
            bottom right (2,8)
    
        Box 12 is at 
            top left     (2,3)
            bottom right (4,5)
    
        Box 13 is at 
            top left     (0,0)
            bottom right (2,0)
    
        Roll length used: 10

    [1;34mTry max length:[0m 9
    [1;34m    At iteration:[0m 14
        lingeling found a solution in .240 ms

      | W
    L |  0  1  2  3  4 
    -------------------
    0 |  6 13 13 13  5 
    1 |  6 11  .  . 10 
    2 |  . 11  1  . 10 
    3 |  .  7  9  .  . 
    4 |  .  7  9  .  . 
    5 |  .  4  .  .  . 
    6 | 12 12 12  .  . 
    7 | 12 12 12  3  8 
    8 | 12 12 12  2  8 
    
    Boxes' corners:       (w,l)
        Box  1 is at 
            top left     (2,2)
            bottom right (2,2)
    
        Box  2 is at 
            top left     (3,8)
            bottom right (3,8)
    
        Box  3 is at 
            top left     (3,7)
            bottom right (3,7)
    
        Box  4 is at 
            top left     (1,5)
            bottom right (1,5)
    
        Box  5 is at 
            top left     (4,0)
            bottom right (4,0)
    
        Box  6 is at 
            top left     (0,0)
            bottom right (0,1)
    
        Box  7 is at 
            top left     (1,3)
            bottom right (1,4)
    
        Box  8 is at 
            top left     (4,7)
            bottom right (4,8)
    
        Box  9 is at 
            top left     (2,3)
            bottom right (2,4)
    
        Box 10 is at 
            top left     (4,1)
            bottom right (4,2)
    
        Box 11 is at 
            top left     (1,1)
            bottom right (1,2)
    
        Box 12 is at 
            top left     (0,6)
            bottom right (2,8)
    
        Box 13 is at 
            top left     (1,0)
            bottom right (3,0)
    
        Roll length used: 9

    [1;34mTry max length:[0m 8
    [1;34m    At iteration:[0m 15
        lingeling found a solution in .196 ms

      | W
    L |  0  1  2  3 4 
    ------------------
    0 | 13 13 13  4 . 
    1 |  . 11  1 10 . 
    2 |  . 11  7 10 . 
    3 |  2  9  7  6 8 
    4 |  .  9  .  6 8 
    5 |  . 12 12 12 . 
    6 |  5 12 12 12 3 
    7 |  . 12 12 12 . 
    
    Boxes' corners:       (w,l)
        Box  1 is at 
            top left     (2,1)
            bottom right (2,1)
    
        Box  2 is at 
            top left     (0,3)
            bottom right (0,3)
    
        Box  3 is at 
            top left     (4,6)
            bottom right (4,6)
    
        Box  4 is at 
            top left     (3,0)
            bottom right (3,0)
    
        Box  5 is at 
            top left     (0,6)
            bottom right (0,6)
    
        Box  6 is at 
            top left     (3,3)
            bottom right (3,4)
    
        Box  7 is at 
            top left     (2,2)
            bottom right (2,3)
    
        Box  8 is at 
            top left     (4,3)
            bottom right (4,4)
    
        Box  9 is at 
            top left     (1,3)
            bottom right (1,4)
    
        Box 10 is at 
            top left     (3,1)
            bottom right (3,2)
    
        Box 11 is at 
            top left     (1,1)
            bottom right (1,2)
    
        Box 12 is at 
            top left     (1,5)
            bottom right (3,7)
    
        Box 13 is at 
            top left     (0,0)
            bottom right (2,0)
    
        Roll length used: 8

    [1;34mTry max length:[0m 7
    [1;34m    At iteration:[0m 16
        lingeling found a solution in .146 ms

      | W
    L |  0  1  2 3  4 
    ------------------
    0 | 13 13 13 . 10 
    1 |  8 11  9 . 10 
    2 |  8 11  9 2  . 
    3 |  1  .  . 5  4 
    4 | 12 12 12 7  3 
    5 | 12 12 12 7  6 
    6 | 12 12 12 .  6 
    
    Boxes' corners:       (w,l)
        Box  1 is at 
            top left     (0,3)
            bottom right (0,3)
    
        Box  2 is at 
            top left     (3,2)
            bottom right (3,2)
    
        Box  3 is at 
            top left     (4,4)
            bottom right (4,4)
    
        Box  4 is at 
            top left     (4,3)
            bottom right (4,3)
    
        Box  5 is at 
            top left     (3,3)
            bottom right (3,3)
    
        Box  6 is at 
            top left     (4,5)
            bottom right (4,6)
    
        Box  7 is at 
            top left     (3,4)
            bottom right (3,5)
    
        Box  8 is at 
            top left     (0,1)
            bottom right (0,2)
    
        Box  9 is at 
            top left     (2,1)
            bottom right (2,2)
    
        Box 10 is at 
            top left     (4,0)
            bottom right (4,1)
    
        Box 11 is at 
            top left     (1,1)
            bottom right (1,2)
    
        Box 12 is at 
            top left     (0,4)
            bottom right (2,6)
    
        Box 13 is at 
            top left     (0,0)
            bottom right (2,0)
    
        Roll length used: 7

    [1;34mTry max length:[0m 6
    [1;34m    At iteration:[0m 17
        lingeling found a solution in .126 ms

      | W
    L | 0  1  2  3  4 
    ------------------
    0 | 6  1  9 13  3 
    1 | 6  8  9 13  4 
    2 | 2  8  5 13 10 
    3 | 7 12 12 12 10 
    4 | 7 12 12 12 11 
    5 | . 12 12 12 11 
    
    Boxes' corners:       (w,l)
        Box  1 is at 
            top left     (1,0)
            bottom right (1,0)
    
        Box  2 is at 
            top left     (0,2)
            bottom right (0,2)
    
        Box  3 is at 
            top left     (4,0)
            bottom right (4,0)
    
        Box  4 is at 
            top left     (4,1)
            bottom right (4,1)
    
        Box  5 is at 
            top left     (2,2)
            bottom right (2,2)
    
        Box  6 is at 
            top left     (0,0)
            bottom right (0,1)
    
        Box  7 is at 
            top left     (0,3)
            bottom right (0,4)
    
        Box  8 is at 
            top left     (1,1)
            bottom right (1,2)
    
        Box  9 is at 
            top left     (2,0)
            bottom right (2,1)
    
        Box 10 is at 
            top left     (4,2)
            bottom right (4,3)
    
        Box 11 is at 
            top left     (4,4)
            bottom right (4,5)
    
        Box 12 is at 
            top left     (1,3)
            bottom right (3,5)
    
        Box 13 is at 
            top left     (3,0)
            bottom right (3,2)
    
        Roll length used: 6

    [1;34mTry max length:[0m 5
    [1;34m    At iteration:[0m 18
        [3;31mlingeling was timeout-terminated[0m
        [1;31mScript reached time limit[0m
