dt jun 5 19:19:45 CEST 2018
    [1;34mTry max length:[0m 999999
    [1;34m    At iteration:[0m 0
        lingeling found a solution in 1.360 ms

       | W
     L | 0 1 2 3 4 5 6 7 
    --------------------
     0 | . . . 1 1 1 . . 
     1 | . . . 1 1 1 . . 
     2 | . . . . . . . . 
     3 | . . . . . . . . 
     4 | . . . . . . . . 
     5 | . . . . . . . . 
     6 | . . . . . . . . 
     7 | . . . . . . . . 
     8 | . . . . . . . . 
     9 | . . . . . . . . 
    10 | . . . . . . . . 
    11 | . . . . . . . . 
    12 | . . . . . . . . 
    13 | . . . . . . . . 
    14 | . . . . . . . . 
    15 | . . . . . . . . 
    16 | . 4 4 4 4 4 4 4 
    17 | . . . . . . . . 
    18 | . . . . . . . . 
    19 | . . . . . . . . 
    20 | . . . . . . . . 
    21 | . 2 2 2 . . . . 
    22 | . 2 2 2 . . . . 
    23 | . . . . . . . . 
    24 | . . . . . . . . 
    25 | . . . . 3 3 3 . 
    26 | . . . . 3 3 3 . 
    27 | . . . . 3 3 3 . 
    28 | . 6 6 6 6 6 6 6 
    29 | 5 5 5 5 5 5 5 . 
    
    Boxes' corners:      (w,l)
        Box 1 is at 
            top left     (3,0)
            bottom right (5,1)
    
        Box 2 is at 
            top left     (1,21)
            bottom right (3,22)
    
        Box 3 is at 
            top left     (4,25)
            bottom right (6,27)
    
        Box 4 is at 
            top left     (1,16)
            bottom right (7,16)
    
        Box 5 is at 
            top left     (0,29)
            bottom right (6,29)
    
        Box 6 is at 
            top left     (1,28)
            bottom right (7,28)
    
        Roll length used: 30

    [1;34mTry max length:[0m 29
    [1;34m    At iteration:[0m 1
        lingeling found a solution in 1.182 ms

       | W
     L | 0 1 2 3 4 5 6 7 
    --------------------
     0 | . . . 1 1 1 . . 
     1 | . . . 1 1 1 . . 
     2 | . . . . . . . . 
     3 | . . . . . . . . 
     4 | . . . . . . . . 
     5 | . . . . . . . . 
     6 | . . . . . . . . 
     7 | . . . . . . . . 
     8 | . . . . . . . . 
     9 | . . . . . . . . 
    10 | . . . . . . . . 
    11 | . . . . . . . . 
    12 | . . . . . . . . 
    13 | . . . . . . . . 
    14 | . . . . . . . . 
    15 | . . . . . 2 2 2 
    16 | . . . . . 2 2 2 
    17 | . . . . . . . . 
    18 | 6 6 6 6 6 6 6 . 
    19 | . 4 4 4 4 4 4 4 
    20 | . . . . . . . . 
    21 | . . . . 3 3 3 . 
    22 | . . . . 3 3 3 . 
    23 | . . . . 3 3 3 . 
    24 | . . . . . . . . 
    25 | . . . . . . . . 
    26 | . . . . . . . . 
    27 | 5 5 5 5 5 5 5 . 
    28 | . . . . . . . . 
    
    Boxes' corners:      (w,l)
        Box 1 is at 
            top left     (3,0)
            bottom right (5,1)
    
        Box 2 is at 
            top left     (5,15)
            bottom right (7,16)
    
        Box 3 is at 
            top left     (4,21)
            bottom right (6,23)
    
        Box 4 is at 
            top left     (1,19)
            bottom right (7,19)
    
        Box 5 is at 
            top left     (0,27)
            bottom right (6,27)
    
        Box 6 is at 
            top left     (0,18)
            bottom right (6,18)
    
        Roll length used: 28

    [1;34mTry max length:[0m 27
    [1;34m    At iteration:[0m 2
        lingeling found a solution in .784 ms

       | W
     L | 0 1 2 3 4 5 6 7 
    --------------------
     0 | 1 1 1 . . . . . 
     1 | 1 1 1 . . . . . 
     2 | . . . . . . . . 
     3 | . . . . . . . . 
     4 | . . . . . . . . 
     5 | . . . . . 6 . . 
     6 | . . . . . 6 . . 
     7 | . . . . . 6 . . 
     8 | . . . . . 6 . . 
     9 | . . . . . 6 . . 
    10 | . . . . . 6 . . 
    11 | . . . . . 6 . . 
    12 | . . . . . . . . 
    13 | . . . . . . . . 
    14 | . . . . . 2 2 2 
    15 | . . . . . 2 2 2 
    16 | . . . . . . . . 
    17 | . . . . . . . . 
    18 | . . . . . . . . 
    19 | . . . . . . . . 
    20 | . . . . . . . . 
    21 | . . 3 3 3 . . . 
    22 | . . 3 3 3 . . . 
    23 | . . 3 3 3 . . . 
    24 | . . . . . . . . 
    25 | . 5 5 5 5 5 5 5 
    26 | 4 4 4 4 4 4 4 . 
    
    Boxes' corners:      (w,l)
        Box 1 is at 
            top left     (0,0)
            bottom right (2,1)
    
        Box 2 is at 
            top left     (5,14)
            bottom right (7,15)
    
        Box 3 is at 
            top left     (2,21)
            bottom right (4,23)
    
        Box 4 is at 
            top left     (0,26)
            bottom right (6,26)
    
        Box 5 is at 
            top left     (1,25)
            bottom right (7,25)
    
        Box 6 is at 
            top left     (5,5)
            bottom right (5,11)
    
        Roll length used: 27

    [1;34mTry max length:[0m 26
    [1;34m    At iteration:[0m 3
        lingeling found a solution in .758 ms

       | W
     L | 0 1 2 3 4 5 6 7 
    --------------------
     0 | . 6 6 6 6 6 6 6 
     1 | . . . . 1 1 1 . 
     2 | . . . . 1 1 1 . 
     3 | . . . . . . . . 
     4 | . . . . . . . . 
     5 | . . . . . . . . 
     6 | . . . . . . . . 
     7 | . . . . . . . . 
     8 | . . . . . . . . 
     9 | . . . . . . . . 
    10 | . . . . . . . . 
    11 | . . . . . . . . 
    12 | 5 5 5 5 5 5 5 . 
    13 | . . . . . . . . 
    14 | . . . . . . . . 
    15 | . . . . . . . . 
    16 | . . . . . . . . 
    17 | . . . . . . . . 
    18 | . . . . . . . . 
    19 | . . . . . . . . 
    20 | 4 4 4 4 4 4 4 . 
    21 | . . . . 3 3 3 . 
    22 | . . . . 3 3 3 . 
    23 | . . . . 3 3 3 . 
    24 | 2 2 2 . . . . . 
    25 | 2 2 2 . . . . . 
    
    Boxes' corners:      (w,l)
        Box 1 is at 
            top left     (4,1)
            bottom right (6,2)
    
        Box 2 is at 
            top left     (0,24)
            bottom right (2,25)
    
        Box 3 is at 
            top left     (4,21)
            bottom right (6,23)
    
        Box 4 is at 
            top left     (0,20)
            bottom right (6,20)
    
        Box 5 is at 
            top left     (0,12)
            bottom right (6,12)
    
        Box 6 is at 
            top left     (1,0)
            bottom right (7,0)
    
        Roll length used: 26

    [1;34mTry max length:[0m 25
    [1;34m    At iteration:[0m 4
        lingeling found a solution in .976 ms

       | W
     L | 0 1 2 3 4 5 6 7 
    --------------------
     0 | . . 1 1 1 . . . 
     1 | . . 1 1 1 . . . 
     2 | . . . . . . . . 
     3 | . . . . . . . . 
     4 | . . . . . . . . 
     5 | . . . . . . . . 
     6 | . . . . . . . . 
     7 | . . . . . . . . 
     8 | . . . . . . . . 
     9 | . . . . . . . . 
    10 | . . . . . . . . 
    11 | . . . . . . . . 
    12 | . . . . . . . . 
    13 | . . . . . . . . 
    14 | . . . . . . . . 
    15 | . . . . . . . . 
    16 | . . . . 3 3 3 . 
    17 | . . . . 3 3 3 . 
    18 | 2 2 2 . 3 3 3 . 
    19 | 2 2 2 . . . . . 
    20 | . . . . . . . . 
    21 | . . . . . . . . 
    22 | 6 6 6 6 6 6 6 . 
    23 | . 5 5 5 5 5 5 5 
    24 | . 4 4 4 4 4 4 4 
    
    Boxes' corners:      (w,l)
        Box 1 is at 
            top left     (2,0)
            bottom right (4,1)
    
        Box 2 is at 
            top left     (0,18)
            bottom right (2,19)
    
        Box 3 is at 
            top left     (4,16)
            bottom right (6,18)
    
        Box 4 is at 
            top left     (1,24)
            bottom right (7,24)
    
        Box 5 is at 
            top left     (1,23)
            bottom right (7,23)
    
        Box 6 is at 
            top left     (0,22)
            bottom right (6,22)
    
        Roll length used: 25

    [1;34mTry max length:[0m 24
    [1;34m    At iteration:[0m 5
        lingeling found a solution in .689 ms

       | W
     L | 0 1 2 3 4 5 6 7 
    --------------------
     0 | . . . 1 1 1 . . 
     1 | . . . 1 1 1 . . 
     2 | . . . . . . 2 2 
     3 | . . . . . . 2 2 
     4 | . . . . . . 2 2 
     5 | . . . . . . . . 
     6 | . . . . . . . . 
     7 | . . . . . . . . 
     8 | . . . . . . . . 
     9 | . . . . . . . . 
    10 | . . . . . . . . 
    11 | . . . . . . . . 
    12 | . . . . . . . . 
    13 | . 5 5 5 5 5 5 5 
    14 | . . . . . . . . 
    15 | . . . . . . . . 
    16 | . . . . . . . . 
    17 | . . . . . . . . 
    18 | . . . . . . . . 
    19 | . . . . 3 3 3 . 
    20 | . . . . 3 3 3 . 
    21 | . . . . 3 3 3 . 
    22 | . 4 4 4 4 4 4 4 
    23 | . 6 6 6 6 6 6 6 
    
    Boxes' corners:      (w,l)
        Box 1 is at 
            top left     (3,0)
            bottom right (5,1)
    
        Box 2 is at 
            top left     (6,2)
            bottom right (7,4)
    
        Box 3 is at 
            top left     (4,19)
            bottom right (6,21)
    
        Box 4 is at 
            top left     (1,22)
            bottom right (7,22)
    
        Box 5 is at 
            top left     (1,13)
            bottom right (7,13)
    
        Box 6 is at 
            top left     (1,23)
            bottom right (7,23)
    
        Roll length used: 24

    [1;34mTry max length:[0m 23
    [1;34m    At iteration:[0m 6
        lingeling found a solution in .668 ms

       | W
     L | 0 1 2 3 4 5 6 7 
    --------------------
     0 | 1 1 1 . . 2 2 2 
     1 | 1 1 1 . . 2 2 2 
     2 | . . . . . . . . 
     3 | . . . . . . . . 
     4 | . . . . . . . . 
     5 | . . . . . . . . 
     6 | . . . . . . . . 
     7 | . . . . . . . . 
     8 | . . . . . . . . 
     9 | . . . . . . . . 
    10 | . . . . . . . . 
    11 | . . . . . . . . 
    12 | . . . . . . . . 
    13 | . . . . . . . . 
    14 | . . . . . . . . 
    15 | . . . . . 3 3 3 
    16 | . . . . . 3 3 3 
    17 | . . . . . 3 3 3 
    18 | 5 5 5 5 5 5 5 . 
    19 | . . . . . . . . 
    20 | . . . . . . . . 
    21 | 6 6 6 6 6 6 6 . 
    22 | 4 4 4 4 4 4 4 . 
    
    Boxes' corners:      (w,l)
        Box 1 is at 
            top left     (0,0)
            bottom right (2,1)
    
        Box 2 is at 
            top left     (5,0)
            bottom right (7,1)
    
        Box 3 is at 
            top left     (5,15)
            bottom right (7,17)
    
        Box 4 is at 
            top left     (0,22)
            bottom right (6,22)
    
        Box 5 is at 
            top left     (0,18)
            bottom right (6,18)
    
        Box 6 is at 
            top left     (0,21)
            bottom right (6,21)
    
        Roll length used: 23

    [1;34mTry max length:[0m 22
    [1;34m    At iteration:[0m 7
        lingeling found a solution in .632 ms

       | W
     L | 0 1 2 3 4 5 6 7 
    --------------------
     0 | . . . . 1 1 1 . 
     1 | . . . . 1 1 1 . 
     2 | . . . . . . . . 
     3 | . . . . . . . . 
     4 | . . . . . . . . 
     5 | . . . . . . . . 
     6 | . . . . . . . . 
     7 | . . . . . . . . 
     8 | . . . . . . . . 
     9 | . . . . . . . . 
    10 | . . . . . . . . 
    11 | . . . . . . . . 
    12 | . 6 6 6 6 6 6 6 
    13 | 2 2 2 . . . . . 
    14 | 2 2 2 . . . . . 
    15 | . . . . . . . . 
    16 | . . . . . . . . 
    17 | . . . . 3 3 3 . 
    18 | . . . . 3 3 3 . 
    19 | . . . . 3 3 3 . 
    20 | 4 4 4 4 4 4 4 . 
    21 | 5 5 5 5 5 5 5 . 
    
    Boxes' corners:      (w,l)
        Box 1 is at 
            top left     (4,0)
            bottom right (6,1)
    
        Box 2 is at 
            top left     (0,13)
            bottom right (2,14)
    
        Box 3 is at 
            top left     (4,17)
            bottom right (6,19)
    
        Box 4 is at 
            top left     (0,20)
            bottom right (6,20)
    
        Box 5 is at 
            top left     (0,21)
            bottom right (6,21)
    
        Box 6 is at 
            top left     (1,12)
            bottom right (7,12)
    
        Roll length used: 22

    [1;34mTry max length:[0m 21
    [1;34m    At iteration:[0m 8
        lingeling found a solution in .618 ms

       | W
     L | 0 1 2 3 4 5 6 7 
    --------------------
     0 | . 2 2 2 1 1 1 . 
     1 | . 2 2 2 1 1 1 . 
     2 | . . . . . . . . 
     3 | . . . . . . . . 
     4 | . . . . . . . . 
     5 | . . . . . . . . 
     6 | . . . . . . . . 
     7 | . . . . . . . . 
     8 | . . . . . . . . 
     9 | . . . . . . . . 
    10 | . . . . . . . . 
    11 | . . . . . . . . 
    12 | . . . . . . . . 
    13 | . . . . . . . . 
    14 | . . . . . . . . 
    15 | . . . . 3 3 3 . 
    16 | . . . . 3 3 3 . 
    17 | . . . . 3 3 3 . 
    18 | . 4 4 4 4 4 4 4 
    19 | 6 6 6 6 6 6 6 . 
    20 | 5 5 5 5 5 5 5 . 
    
    Boxes' corners:      (w,l)
        Box 1 is at 
            top left     (4,0)
            bottom right (6,1)
    
        Box 2 is at 
            top left     (1,0)
            bottom right (3,1)
    
        Box 3 is at 
            top left     (4,15)
            bottom right (6,17)
    
        Box 4 is at 
            top left     (1,18)
            bottom right (7,18)
    
        Box 5 is at 
            top left     (0,20)
            bottom right (6,20)
    
        Box 6 is at 
            top left     (0,19)
            bottom right (6,19)
    
        Roll length used: 21

    [1;34mTry max length:[0m 20
    [1;34m    At iteration:[0m 9
        lingeling found a solution in .576 ms

       | W
     L | 0 1 2 3 4 5 6 7 
    --------------------
     0 | . . 1 1 1 . . . 
     1 | . . 1 1 1 . . . 
     2 | . . . . . . . . 
     3 | . . . . . . . . 
     4 | . . . . . . . . 
     5 | . . . . . . . . 
     6 | . . . . . . . . 
     7 | . . . . . . . . 
     8 | . . . . . . . . 
     9 | . . . . . . . . 
    10 | . . . . . . . . 
    11 | 2 2 2 . . . . . 
    12 | 2 2 2 . . . . . 
    13 | . . . . . . . . 
    14 | . . . 3 3 3 . . 
    15 | . . . 3 3 3 . . 
    16 | . . . 3 3 3 . . 
    17 | 4 4 4 4 4 4 4 . 
    18 | 5 5 5 5 5 5 5 . 
    19 | . 6 6 6 6 6 6 6 
    
    Boxes' corners:      (w,l)
        Box 1 is at 
            top left     (2,0)
            bottom right (4,1)
    
        Box 2 is at 
            top left     (0,11)
            bottom right (2,12)
    
        Box 3 is at 
            top left     (3,14)
            bottom right (5,16)
    
        Box 4 is at 
            top left     (0,17)
            bottom right (6,17)
    
        Box 5 is at 
            top left     (0,18)
            bottom right (6,18)
    
        Box 6 is at 
            top left     (1,19)
            bottom right (7,19)
    
        Roll length used: 20

    [1;34mTry max length:[0m 19
    [1;34m    At iteration:[0m 10
        lingeling found a solution in .625 ms

       | W
     L | 0 1 2 3 4 5 6 7 
    --------------------
     0 | 6 6 6 6 6 6 6 . 
     1 | 5 5 5 5 5 5 5 . 
     2 | . . . . . . . . 
     3 | . . . . . . . . 
     4 | . . . . . . . . 
     5 | . . . . . . . . 
     6 | . . . . . 2 2 . 
     7 | . . . . . 2 2 . 
     8 | . . . . . 2 2 . 
     9 | . . 1 1 1 . . . 
    10 | . . 1 1 1 . . . 
    11 | . . . . . . . . 
    12 | . . . . . . . . 
    13 | . . 3 3 3 . . . 
    14 | . . 3 3 3 . . . 
    15 | . . 3 3 3 . . . 
    16 | . . . . . . . . 
    17 | . 4 4 4 4 4 4 4 
    18 | . . . . . . . . 
    
    Boxes' corners:      (w,l)
        Box 1 is at 
            top left     (2,9)
            bottom right (4,10)
    
        Box 2 is at 
            top left     (5,6)
            bottom right (6,8)
    
        Box 3 is at 
            top left     (2,13)
            bottom right (4,15)
    
        Box 4 is at 
            top left     (1,17)
            bottom right (7,17)
    
        Box 5 is at 
            top left     (0,1)
            bottom right (6,1)
    
        Box 6 is at 
            top left     (0,0)
            bottom right (6,0)
    
        Roll length used: 18

    [1;34mTry max length:[0m 17
    [1;34m    At iteration:[0m 11
        lingeling found a solution in .521 ms

       | W
     L | 0 1 2 3 4 5 6 7 
    --------------------
     0 | . . . 1 1 1 . . 
     1 | . . . 1 1 1 . . 
     2 | . . . . . . . . 
     3 | . . . . . . . . 
     4 | . . . . . . . . 
     5 | . 3 3 3 . . . . 
     6 | . 3 3 3 . . . . 
     7 | . 3 3 3 . . . . 
     8 | . . . . . . . . 
     9 | . . . . 2 2 2 . 
    10 | . . . . 2 2 2 . 
    11 | . . . . . . . . 
    12 | . . . . . . . . 
    13 | . . . . . . . . 
    14 | . 6 6 6 6 6 6 6 
    15 | 5 5 5 5 5 5 5 . 
    16 | 4 4 4 4 4 4 4 . 
    
    Boxes' corners:      (w,l)
        Box 1 is at 
            top left     (3,0)
            bottom right (5,1)
    
        Box 2 is at 
            top left     (4,9)
            bottom right (6,10)
    
        Box 3 is at 
            top left     (1,5)
            bottom right (3,7)
    
        Box 4 is at 
            top left     (0,16)
            bottom right (6,16)
    
        Box 5 is at 
            top left     (0,15)
            bottom right (6,15)
    
        Box 6 is at 
            top left     (1,14)
            bottom right (7,14)
    
        Roll length used: 17

    [1;34mTry max length:[0m 16
    [1;34m    At iteration:[0m 12
        lingeling found a solution in .460 ms

       | W
     L | 0 1 2 3 4 5 6 7 
    --------------------
     0 | 1 1 1 . 2 2 2 . 
     1 | 1 1 1 . 2 2 2 . 
     2 | . . . . . . . . 
     3 | . . . . . . . . 
     4 | . 3 3 3 . . . . 
     5 | . 3 3 3 . . . . 
     6 | . 3 3 3 . . . . 
     7 | . . . . . . . . 
     8 | . . . . . . . . 
     9 | . . . . . . . . 
    10 | . . . . . . . . 
    11 | . . . . . . . . 
    12 | . . . . . . . . 
    13 | 6 6 6 6 6 6 6 . 
    14 | . 5 5 5 5 5 5 5 
    15 | . 4 4 4 4 4 4 4 
    
    Boxes' corners:      (w,l)
        Box 1 is at 
            top left     (0,0)
            bottom right (2,1)
    
        Box 2 is at 
            top left     (4,0)
            bottom right (6,1)
    
        Box 3 is at 
            top left     (1,4)
            bottom right (3,6)
    
        Box 4 is at 
            top left     (1,15)
            bottom right (7,15)
    
        Box 5 is at 
            top left     (1,14)
            bottom right (7,14)
    
        Box 6 is at 
            top left     (0,13)
            bottom right (6,13)
    
        Roll length used: 16

    [1;34mTry max length:[0m 15
    [1;34m    At iteration:[0m 13
        lingeling found a solution in .599 ms

       | W
     L | 0 1 2 3 4 5 6 7 
    --------------------
     0 | . . . . 1 1 1 . 
     1 | . . . . 1 1 1 . 
     2 | . . . . . . . . 
     3 | . . . . . . . . 
     4 | . . . . . . . . 
     5 | . . . . . . . . 
     6 | . . . . . . . . 
     7 | . . . . . 2 2 2 
     8 | . . 3 3 3 2 2 2 
     9 | . . 3 3 3 . . . 
    10 | . . 3 3 3 . . . 
    11 | . 6 6 6 6 6 6 6 
    12 | . . . . . . . . 
    13 | 4 4 4 4 4 4 4 . 
    14 | . 5 5 5 5 5 5 5 
    
    Boxes' corners:      (w,l)
        Box 1 is at 
            top left     (4,0)
            bottom right (6,1)
    
        Box 2 is at 
            top left     (5,7)
            bottom right (7,8)
    
        Box 3 is at 
            top left     (2,8)
            bottom right (4,10)
    
        Box 4 is at 
            top left     (0,13)
            bottom right (6,13)
    
        Box 5 is at 
            top left     (1,14)
            bottom right (7,14)
    
        Box 6 is at 
            top left     (1,11)
            bottom right (7,11)
    
        Roll length used: 15

    [1;34mTry max length:[0m 14
    [1;34m    At iteration:[0m 14
        lingeling found a solution in .349 ms

       | W
     L | 0 1 2 3 4 5 6 7 
    --------------------
     0 | . . . 1 1 1 . . 
     1 | . . . 1 1 1 . . 
     2 | . . . . . 2 2 2 
     3 | . . . . . 2 2 2 
     4 | . . . . . . . . 
     5 | . . . . . . . . 
     6 | . . . . . . . . 
     7 | . . . . 3 3 3 . 
     8 | . . . . 3 3 3 . 
     9 | . . . . 3 3 3 . 
    10 | 6 6 6 6 6 6 6 . 
    11 | . . . . . . . . 
    12 | . 5 5 5 5 5 5 5 
    13 | 4 4 4 4 4 4 4 . 
    
    Boxes' corners:      (w,l)
        Box 1 is at 
            top left     (3,0)
            bottom right (5,1)
    
        Box 2 is at 
            top left     (5,2)
            bottom right (7,3)
    
        Box 3 is at 
            top left     (4,7)
            bottom right (6,9)
    
        Box 4 is at 
            top left     (0,13)
            bottom right (6,13)
    
        Box 5 is at 
            top left     (1,12)
            bottom right (7,12)
    
        Box 6 is at 
            top left     (0,10)
            bottom right (6,10)
    
        Roll length used: 14

    [1;34mTry max length:[0m 13
    [1;34m    At iteration:[0m 15
        lingeling found a solution in .347 ms

       | W
     L | 0 1 2 3 4 5 6 7 
    --------------------
     0 | . 1 1 1 . . . . 
     1 | . 1 1 1 . . . . 
     2 | . . . . . . . . 
     3 | . . . . . . . . 
     4 | . . . . 3 3 3 . 
     5 | . . . . 3 3 3 . 
     6 | . . . . 3 3 3 . 
     7 | 6 6 6 6 6 6 6 . 
     8 | . . . . . . . . 
     9 | . 4 4 4 4 4 4 4 
    10 | 5 5 5 5 5 5 5 . 
    11 | . . . . . 2 2 2 
    12 | . . . . . 2 2 2 
    
    Boxes' corners:      (w,l)
        Box 1 is at 
            top left     (1,0)
            bottom right (3,1)
    
        Box 2 is at 
            top left     (5,11)
            bottom right (7,12)
    
        Box 3 is at 
            top left     (4,4)
            bottom right (6,6)
    
        Box 4 is at 
            top left     (1,9)
            bottom right (7,9)
    
        Box 5 is at 
            top left     (0,10)
            bottom right (6,10)
    
        Box 6 is at 
            top left     (0,7)
            bottom right (6,7)
    
        Roll length used: 13

    [1;34mTry max length:[0m 12
    [1;34m    At iteration:[0m 16
        lingeling found a solution in .323 ms

       | W
     L | 0 1 2 3 4 5 6 7 
    --------------------
     0 | 2 2 2 1 1 1 . . 
     1 | 2 2 2 1 1 1 . . 
     2 | . . . . . . . . 
     3 | . . . . . . . . 
     4 | . . . . . . . . 
     5 | . . 3 3 3 . . . 
     6 | . . 3 3 3 . . . 
     7 | . . 3 3 3 . . . 
     8 | . . . . . . . . 
     9 | 6 6 6 6 6 6 6 . 
    10 | . 4 4 4 4 4 4 4 
    11 | 5 5 5 5 5 5 5 . 
    
    Boxes' corners:      (w,l)
        Box 1 is at 
            top left     (3,0)
            bottom right (5,1)
    
        Box 2 is at 
            top left     (0,0)
            bottom right (2,1)
    
        Box 3 is at 
            top left     (2,5)
            bottom right (4,7)
    
        Box 4 is at 
            top left     (1,10)
            bottom right (7,10)
    
        Box 5 is at 
            top left     (0,11)
            bottom right (6,11)
    
        Box 6 is at 
            top left     (0,9)
            bottom right (6,9)
    
        Roll length used: 12

    [1;34mTry max length:[0m 11
    [1;34m    At iteration:[0m 17
        lingeling found a solution in .269 ms

       | W
     L | 0 1 2 3 4 5 6 7 
    --------------------
     0 | . . 1 1 1 . . . 
     1 | . . 1 1 1 . . . 
     2 | . . . . . . . . 
     3 | . 3 3 3 . . . . 
     4 | . 3 3 3 . . . . 
     5 | . 3 3 3 . . . . 
     6 | . 2 2 2 . . . . 
     7 | . 2 2 2 . . . . 
     8 | 6 6 6 6 6 6 6 . 
     9 | 4 4 4 4 4 4 4 . 
    10 | 5 5 5 5 5 5 5 . 
    
    Boxes' corners:      (w,l)
        Box 1 is at 
            top left     (2,0)
            bottom right (4,1)
    
        Box 2 is at 
            top left     (1,6)
            bottom right (3,7)
    
        Box 3 is at 
            top left     (1,3)
            bottom right (3,5)
    
        Box 4 is at 
            top left     (0,9)
            bottom right (6,9)
    
        Box 5 is at 
            top left     (0,10)
            bottom right (6,10)
    
        Box 6 is at 
            top left     (0,8)
            bottom right (6,8)
    
        Roll length used: 11

    [1;34mTry max length:[0m 10
    [1;34m    At iteration:[0m 18
        lingeling found a solution in .291 ms

       | W
     L | 0 1 2 3 4 5 6 7 
    --------------------
     0 | . 1 1 1 . . . . 
     1 | . 1 1 1 . . . . 
     2 | . 5 5 5 5 5 5 5 
     3 | 4 4 4 4 4 4 4 . 
     4 | . . . . . 3 3 3 
     5 | 2 2 2 . . 3 3 3 
     6 | 2 2 2 . . 3 3 3 
     7 | . . . . . . . . 
     8 | . . . . . . . . 
     9 | 6 6 6 6 6 6 6 . 
    
    Boxes' corners:      (w,l)
        Box 1 is at 
            top left     (1,0)
            bottom right (3,1)
    
        Box 2 is at 
            top left     (0,5)
            bottom right (2,6)
    
        Box 3 is at 
            top left     (5,4)
            bottom right (7,6)
    
        Box 4 is at 
            top left     (0,3)
            bottom right (6,3)
    
        Box 5 is at 
            top left     (1,2)
            bottom right (7,2)
    
        Box 6 is at 
            top left     (0,9)
            bottom right (6,9)
    
        Roll length used: 10

    [1;34mTry max length:[0m 9
    [1;34m    At iteration:[0m 19
        lingeling found a solution in .194 ms

      | W
    L | 0 1 2 3 4 5 6 7 
    --------------------
    0 | 5 5 5 5 5 5 5 . 
    1 | 1 1 1 . . . . . 
    2 | 1 1 1 . . . . . 
    3 | . . . . . . . . 
    4 | 3 3 3 . . 2 2 2 
    5 | 3 3 3 . . 2 2 2 
    6 | 3 3 3 . . . . . 
    7 | . 6 6 6 6 6 6 6 
    8 | 4 4 4 4 4 4 4 . 
    
    Boxes' corners:      (w,l)
        Box 1 is at 
            top left     (0,1)
            bottom right (2,2)
    
        Box 2 is at 
            top left     (5,4)
            bottom right (7,5)
    
        Box 3 is at 
            top left     (0,4)
            bottom right (2,6)
    
        Box 4 is at 
            top left     (0,8)
            bottom right (6,8)
    
        Box 5 is at 
            top left     (0,0)
            bottom right (6,0)
    
        Box 6 is at 
            top left     (1,7)
            bottom right (7,7)
    
        Roll length used: 9

    [1;34mTry max length:[0m 8
    [1;34m    At iteration:[0m 20
        lingeling found a solution in .215 ms

      | W
    L | 0 1 2 3 4 5 6 7 
    --------------------
    0 | 1 1 . . . . . . 
    1 | 1 1 . . . . . 4 
    2 | 1 1 . . . . . 4 
    3 | 2 2 . . 3 3 3 4 
    4 | 2 2 . . 3 3 3 4 
    5 | 2 2 . . 3 3 3 4 
    6 | 5 5 5 5 5 5 5 4 
    7 | 6 6 6 6 6 6 6 4 
    
    Boxes' corners:      (w,l)
        Box 1 is at 
            top left     (0,0)
            bottom right (1,2)
    
        Box 2 is at 
            top left     (0,3)
            bottom right (1,5)
    
        Box 3 is at 
            top left     (4,3)
            bottom right (6,5)
    
        Box 4 is at 
            top left     (7,1)
            bottom right (7,7)
    
        Box 5 is at 
            top left     (0,6)
            bottom right (6,6)
    
        Box 6 is at 
            top left     (0,7)
            bottom right (6,7)
    
        Roll length used: 8

    [1;34mTry max length:[0m 7
    [1;34m    At iteration:[0m 21
        lingeling found a solution in .142 ms

      | W
    L | 0 1 2 3 4 5 6 7 
    --------------------
    0 | 2 2 4 6 . . . 5 
    1 | 2 2 4 6 . . . 5 
    2 | 2 2 4 6 . . . 5 
    3 | 1 1 4 6 . . . 5 
    4 | 1 1 4 6 3 3 3 5 
    5 | 1 1 4 6 3 3 3 5 
    6 | . . 4 6 3 3 3 5 
    
    Boxes' corners:      (w,l)
        Box 1 is at 
            top left     (0,3)
            bottom right (1,5)
    
        Box 2 is at 
            top left     (0,0)
            bottom right (1,2)
    
        Box 3 is at 
            top left     (4,4)
            bottom right (6,6)
    
        Box 4 is at 
            top left     (2,0)
            bottom right (2,6)
    
        Box 5 is at 
            top left     (7,0)
            bottom right (7,6)
    
        Box 6 is at 
            top left     (3,0)
            bottom right (3,6)
    
        Roll length used: 7

    [1;34mTry max length:[0m 6
    [1;34m    At iteration:[0m 22
        lingeling found a solution in .109 ms

      | W
    L | 0 1 2 3 4 5 6 7 
    --------------------
    0 | 6 6 6 6 6 6 6 . 
    1 | . 4 4 4 4 4 4 4 
    2 | 1 1 . 3 3 3 2 2 
    3 | 1 1 . 3 3 3 2 2 
    4 | 1 1 . 3 3 3 2 2 
    5 | . 5 5 5 5 5 5 5 
    
    Boxes' corners:      (w,l)
        Box 1 is at 
            top left     (0,2)
            bottom right (1,4)
    
        Box 2 is at 
            top left     (6,2)
            bottom right (7,4)
    
        Box 3 is at 
            top left     (3,2)
            bottom right (5,4)
    
        Box 4 is at 
            top left     (1,1)
            bottom right (7,1)
    
        Box 5 is at 
            top left     (1,5)
            bottom right (7,5)
    
        Box 6 is at 
            top left     (0,0)
            bottom right (6,0)
    
        Roll length used: 6

    [1;34mTry max length:[0m 5
    [1;34m    At iteration:[0m 23
        [3;31mlingeling determined unsatisfiability of the Boolean formula[0m
        [1;32mOptimality reached![0m
