dc jun 6 20:54:26 CEST 2018
    [1;34mTry max length:[0m 999999
    [1;34m    At iteration:[0m 0
        lingeling found a solution in .532 ms

       | W
     L | 0 1 2 3 4 5 6 7 8 9 
    -------------------------
     0 | . . . . . . . . . . 
     1 | . . . . . . . . . . 
     2 | . . . . . . . . . . 
     3 | . . . . . . . . . . 
     4 | . . . . . . . . . . 
     5 | . . . . . . . . . . 
     6 | 1 . . . . . . . . . 
     7 | 1 . . . . . . . . . 
     8 | . . . . . . . . . 6 
     9 | . . . . . . . . . 6 
    10 | 5 . . . . . . . . 4 
    11 | 5 . . . . . . . . 4 
    12 | 3 . . . . . . . . 2 
    13 | 3 . . . . . . 8 7 2 
    
    Boxes' corners:      (w,l)
        Box 1 is at 
            top left     (0,6)
            bottom right (0,7)
    
        Box 2 is at 
            top left     (9,12)
            bottom right (9,13)
    
        Box 3 is at 
            top left     (0,12)
            bottom right (0,13)
    
        Box 4 is at 
            top left     (9,10)
            bottom right (9,11)
    
        Box 5 is at 
            top left     (0,10)
            bottom right (0,11)
    
        Box 6 is at 
            top left     (9,8)
            bottom right (9,9)
    
        Box 7 is at 
            top left     (8,13)
            bottom right (8,13)
    
        Box 8 is at 
            top left     (7,13)
            bottom right (7,13)
    
        Roll length used: 14

    [1;34mTry max length:[0m 13
    [1;34m    At iteration:[0m 1
        lingeling found a solution in .517 ms

       | W
     L | 0 1 2 3 4 5 6 7 8 9 
    -------------------------
     0 | . . . . . . . . . . 
     1 | . . . . . . . . . . 
     2 | . . . . . . . . . . 
     3 | . . . . . . . . . . 
     4 | . . . . . . . . . . 
     5 | . . . . . . . . . . 
     6 | 1 . . . . . . . . . 
     7 | 1 . . . . . . . . 6 
     8 | . . . . . . . . . 6 
     9 | 5 . . . . . . . . 4 
    10 | 5 . . . . . . . . 4 
    11 | 3 . . . . . . . . 2 
    12 | 3 . . . . . . 7 8 2 
    
    Boxes' corners:      (w,l)
        Box 1 is at 
            top left     (0,6)
            bottom right (0,7)
    
        Box 2 is at 
            top left     (9,11)
            bottom right (9,12)
    
        Box 3 is at 
            top left     (0,11)
            bottom right (0,12)
    
        Box 4 is at 
            top left     (9,9)
            bottom right (9,10)
    
        Box 5 is at 
            top left     (0,9)
            bottom right (0,10)
    
        Box 6 is at 
            top left     (9,7)
            bottom right (9,8)
    
        Box 7 is at 
            top left     (7,12)
            bottom right (7,12)
    
        Box 8 is at 
            top left     (8,12)
            bottom right (8,12)
    
        Roll length used: 13

    [1;34mTry max length:[0m 12
    [1;34m    At iteration:[0m 2
        lingeling found a solution in .427 ms

       | W
     L | 0 1 2 3 4 5 6 7 8 9 
    -------------------------
     0 | . . . . . . . . . . 
     1 | . . . . . . . . . . 
     2 | . . . . . . . . . . 
     3 | . . . . . . . . . . 
     4 | . . . . . . . . . . 
     5 | 1 . . . . . . . . . 
     6 | 1 . . . . . . . . 6 
     7 | . . . . . . . . . 6 
     8 | 5 . . . . . . . . 4 
     9 | 5 . . . . . . . . 4 
    10 | 3 . . . . . . . . 2 
    11 | 3 . . . . 8 . . 7 2 
    
    Boxes' corners:      (w,l)
        Box 1 is at 
            top left     (0,5)
            bottom right (0,6)
    
        Box 2 is at 
            top left     (9,10)
            bottom right (9,11)
    
        Box 3 is at 
            top left     (0,10)
            bottom right (0,11)
    
        Box 4 is at 
            top left     (9,8)
            bottom right (9,9)
    
        Box 5 is at 
            top left     (0,8)
            bottom right (0,9)
    
        Box 6 is at 
            top left     (9,6)
            bottom right (9,7)
    
        Box 7 is at 
            top left     (8,11)
            bottom right (8,11)
    
        Box 8 is at 
            top left     (5,11)
            bottom right (5,11)
    
        Roll length used: 12

    [1;34mTry max length:[0m 11
    [1;34m    At iteration:[0m 3
        lingeling found a solution in .380 ms

       | W
     L | 0 1 2 3 4 5 6 7 8 9 
    -------------------------
     0 | . . . . . . . . . . 
     1 | . . . . . . . . . . 
     2 | . . . . . . . . . . 
     3 | . . . . . . . . . . 
     4 | . . . . . . . . . . 
     5 | 1 . . . . . . . . 6 
     6 | 1 . . . . . . . . 6 
     7 | 5 . . . . . . . . 4 
     8 | 5 . . . . . . . . 4 
     9 | 3 . . . . . . . . 2 
    10 | 3 . . . 8 . . . 7 2 
    
    Boxes' corners:      (w,l)
        Box 1 is at 
            top left     (0,5)
            bottom right (0,6)
    
        Box 2 is at 
            top left     (9,9)
            bottom right (9,10)
    
        Box 3 is at 
            top left     (0,9)
            bottom right (0,10)
    
        Box 4 is at 
            top left     (9,7)
            bottom right (9,8)
    
        Box 5 is at 
            top left     (0,7)
            bottom right (0,8)
    
        Box 6 is at 
            top left     (9,5)
            bottom right (9,6)
    
        Box 7 is at 
            top left     (8,10)
            bottom right (8,10)
    
        Box 8 is at 
            top left     (4,10)
            bottom right (4,10)
    
        Roll length used: 11

    [1;34mTry max length:[0m 10
    [1;34m    At iteration:[0m 4
        lingeling found a solution in .341 ms

       | W
     L | 0 1 2 3 4 5 6 7 8 9 
    -------------------------
     0 | . . . . . . . . . 3 
     1 | . . . . . . . . . 3 
     2 | . . . . . . . . . . 
     3 | . . . . . . . . . . 
     4 | 1 . . . . . . . . . 
     5 | 1 . . . . . . . . . 
     6 | 6 . . . . . . . . 5 
     7 | 6 . . . . . . . . 5 
     8 | 4 . . . . . . . . 2 
     9 | 4 . . . . . . 8 7 2 
    
    Boxes' corners:      (w,l)
        Box 1 is at 
            top left     (0,4)
            bottom right (0,5)
    
        Box 2 is at 
            top left     (9,8)
            bottom right (9,9)
    
        Box 3 is at 
            top left     (9,0)
            bottom right (9,1)
    
        Box 4 is at 
            top left     (0,8)
            bottom right (0,9)
    
        Box 5 is at 
            top left     (9,6)
            bottom right (9,7)
    
        Box 6 is at 
            top left     (0,6)
            bottom right (0,7)
    
        Box 7 is at 
            top left     (8,9)
            bottom right (8,9)
    
        Box 8 is at 
            top left     (7,9)
            bottom right (7,9)
    
        Roll length used: 10

    [1;34mTry max length:[0m 9
    [1;34m    At iteration:[0m 5
        lingeling found a solution in .310 ms

      | W
    L | 0 1 2 3 4 5 6 7 8 9 
    -------------------------
    0 | . 1 . . . . . . . 2 
    1 | . 1 . . . . . . . 2 
    2 | . . . . . . . . . . 
    3 | . . . . . . . . . 4 
    4 | . . . . . . 7 . . 4 
    5 | . . . . . . . . . 5 
    6 | . . . . . . . . . 5 
    7 | 6 . . . . . . . . 3 
    8 | 6 . . . . . . . 8 3 
    
    Boxes' corners:      (w,l)
        Box 1 is at 
            top left     (1,0)
            bottom right (1,1)
    
        Box 2 is at 
            top left     (9,0)
            bottom right (9,1)
    
        Box 3 is at 
            top left     (9,7)
            bottom right (9,8)
    
        Box 4 is at 
            top left     (9,3)
            bottom right (9,4)
    
        Box 5 is at 
            top left     (9,5)
            bottom right (9,6)
    
        Box 6 is at 
            top left     (0,7)
            bottom right (0,8)
    
        Box 7 is at 
            top left     (6,4)
            bottom right (6,4)
    
        Box 8 is at 
            top left     (8,8)
            bottom right (8,8)
    
        Roll length used: 9

    [1;34mTry max length:[0m 8
    [1;34m    At iteration:[0m 6
        lingeling found a solution in .342 ms

      | W
    L | 0 1 2 3 4 5 6 7 8 9 
    -------------------------
    0 | 1 1 . . . . . . . . 
    1 | . . . . . . . . . . 
    2 | 6 . . . . . . . . 5 
    3 | 6 . . . . . . . . 5 
    4 | . . . . . . . . . 4 
    5 | . . . . . . . . . 4 
    6 | 3 . . . . . . . . 2 
    7 | 3 . . . . . . 8 7 2 
    
    Boxes' corners:      (w,l)
        Box 1 is at 
            top left     (0,0)
            bottom right (1,0)
    
        Box 2 is at 
            top left     (9,6)
            bottom right (9,7)
    
        Box 3 is at 
            top left     (0,6)
            bottom right (0,7)
    
        Box 4 is at 
            top left     (9,4)
            bottom right (9,5)
    
        Box 5 is at 
            top left     (9,2)
            bottom right (9,3)
    
        Box 6 is at 
            top left     (0,2)
            bottom right (0,3)
    
        Box 7 is at 
            top left     (8,7)
            bottom right (8,7)
    
        Box 8 is at 
            top left     (7,7)
            bottom right (7,7)
    
        Roll length used: 8

    [1;34mTry max length:[0m 7
    [1;34m    At iteration:[0m 7
        lingeling found a solution in .288 ms

      | W
    L | 0 1 2 3 4 5 6 7 8 9 
    -------------------------
    0 | . . . . 1 1 . . . 6 
    1 | . . . . . . . . . 6 
    2 | 5 . . . . . . . . . 
    3 | 5 . . . . . . . . 4 
    4 | . . . . . . . . . 4 
    5 | 3 . . . . . . . 8 2 
    6 | 3 . . . . . 7 . . 2 
    
    Boxes' corners:      (w,l)
        Box 1 is at 
            top left     (4,0)
            bottom right (5,0)
    
        Box 2 is at 
            top left     (9,5)
            bottom right (9,6)
    
        Box 3 is at 
            top left     (0,5)
            bottom right (0,6)
    
        Box 4 is at 
            top left     (9,3)
            bottom right (9,4)
    
        Box 5 is at 
            top left     (0,2)
            bottom right (0,3)
    
        Box 6 is at 
            top left     (9,0)
            bottom right (9,1)
    
        Box 7 is at 
            top left     (6,6)
            bottom right (6,6)
    
        Box 8 is at 
            top left     (8,5)
            bottom right (8,5)
    
        Roll length used: 7

    [1;34mTry max length:[0m 6
    [1;34m    At iteration:[0m 8
        lingeling found a solution in .239 ms

      | W
    L | 0 1 2 3 4 5 6 7 8 9 
    -------------------------
    0 | 1 1 . . . . . . . 5 
    1 | 6 . . . . . . . . 5 
    2 | 6 . . . . . . . . 4 
    3 | . . . . . . . . . 4 
    4 | 3 . . . . . 8 . . 2 
    5 | 3 . . . . . 7 . . 2 
    
    Boxes' corners:      (w,l)
        Box 1 is at 
            top left     (0,0)
            bottom right (1,0)
    
        Box 2 is at 
            top left     (9,4)
            bottom right (9,5)
    
        Box 3 is at 
            top left     (0,4)
            bottom right (0,5)
    
        Box 4 is at 
            top left     (9,2)
            bottom right (9,3)
    
        Box 5 is at 
            top left     (9,0)
            bottom right (9,1)
    
        Box 6 is at 
            top left     (0,1)
            bottom right (0,2)
    
        Box 7 is at 
            top left     (6,5)
            bottom right (6,5)
    
        Box 8 is at 
            top left     (6,4)
            bottom right (6,4)
    
        Roll length used: 6

    [1;34mTry max length:[0m 5
    [1;34m    At iteration:[0m 9
        lingeling found a solution in .220 ms

      | W
    L | 0 1 2 3 4 5 6 7 8 9 
    -------------------------
    0 | 1 1 . . . . . . 8 5 
    1 | 2 . . . . . . . . 5 
    2 | 2 . . . . . . . . . 
    3 | 6 . . . . . . . . 3 
    4 | 6 4 4 . . . . 7 . 3 
    
    Boxes' corners:      (w,l)
        Box 1 is at 
            top left     (0,0)
            bottom right (1,0)
    
        Box 2 is at 
            top left     (0,1)
            bottom right (0,2)
    
        Box 3 is at 
            top left     (9,3)
            bottom right (9,4)
    
        Box 4 is at 
            top left     (1,4)
            bottom right (2,4)
    
        Box 5 is at 
            top left     (9,0)
            bottom right (9,1)
    
        Box 6 is at 
            top left     (0,3)
            bottom right (0,4)
    
        Box 7 is at 
            top left     (7,4)
            bottom right (7,4)
    
        Box 8 is at 
            top left     (8,0)
            bottom right (8,0)
    
        Roll length used: 5

    [1;34mTry max length:[0m 4
    [1;34m    At iteration:[0m 10
        lingeling found a solution in .156 ms

      | W
    L | 0 1 2 3 4 5 6 7 8 9 
    -------------------------
    0 | 1 . . . . . 3 . . 6 
    1 | 1 . . . . . 3 . . 6 
    2 | 2 . . . . . . . . 5 
    3 | 2 . . . 4 4 . 8 7 5 
    
    Boxes' corners:      (w,l)
        Box 1 is at 
            top left     (0,0)
            bottom right (0,1)
    
        Box 2 is at 
            top left     (0,2)
            bottom right (0,3)
    
        Box 3 is at 
            top left     (6,0)
            bottom right (6,1)
    
        Box 4 is at 
            top left     (4,3)
            bottom right (5,3)
    
        Box 5 is at 
            top left     (9,2)
            bottom right (9,3)
    
        Box 6 is at 
            top left     (9,0)
            bottom right (9,1)
    
        Box 7 is at 
            top left     (8,3)
            bottom right (8,3)
    
        Box 8 is at 
            top left     (7,3)
            bottom right (7,3)
    
        Roll length used: 4

    [1;34mTry max length:[0m 3
    [1;34m    At iteration:[0m 11
        lingeling found a solution in .123 ms

      | W
    L | 0 1 2 3 4 5 6 7 8 9 
    -------------------------
    0 | 4 . . . . . 5 3 6 . 
    1 | 4 1 . . . . 5 3 6 2 
    2 | . 1 . . . . . 7 8 2 
    
    Boxes' corners:      (w,l)
        Box 1 is at 
            top left     (1,1)
            bottom right (1,2)
    
        Box 2 is at 
            top left     (9,1)
            bottom right (9,2)
    
        Box 3 is at 
            top left     (7,0)
            bottom right (7,1)
    
        Box 4 is at 
            top left     (0,0)
            bottom right (0,1)
    
        Box 5 is at 
            top left     (6,0)
            bottom right (6,1)
    
        Box 6 is at 
            top left     (8,0)
            bottom right (8,1)
    
        Box 7 is at 
            top left     (7,2)
            bottom right (7,2)
    
        Box 8 is at 
            top left     (8,2)
            bottom right (8,2)
    
        Roll length used: 3

    [1;34mTry max length:[0m 2
    [1;34m    At iteration:[0m 12
        lingeling found a solution in .060 ms

      | W
    L | 0 1 2 3 4 5 6 7 8 9 
    -------------------------
    0 | 6 . 1 . . . 3 2 4 5 
    1 | 6 . 1 . 8 7 3 2 4 5 
    
    Boxes' corners:      (w,l)
        Box 1 is at 
            top left     (2,0)
            bottom right (2,1)
    
        Box 2 is at 
            top left     (7,0)
            bottom right (7,1)
    
        Box 3 is at 
            top left     (6,0)
            bottom right (6,1)
    
        Box 4 is at 
            top left     (8,0)
            bottom right (8,1)
    
        Box 5 is at 
            top left     (9,0)
            bottom right (9,1)
    
        Box 6 is at 
            top left     (0,0)
            bottom right (0,1)
    
        Box 7 is at 
            top left     (5,1)
            bottom right (5,1)
    
        Box 8 is at 
            top left     (4,1)
            bottom right (4,1)
    
        Roll length used: 2

    [1;34mTry max length:[0m 1
    [1;34m    At iteration:[0m 13
        [3;31mlingeling determined unsatisfiability of the Boolean formula[0m
        [1;32mOptimality reached![0m
