dc jun 6 20:30:10 CEST 2018
    [1;34mTry max length:[0m 999999
    [1;34m    At iteration:[0m 0
        lingeling found a solution in 1.027 ms

       | W
     L | 0 1 2 3 
    ------------
     0 | . 1 1 1 
     1 | . 1 1 1 
     2 | . 1 1 1 
     3 | 2 2 2 . 
     4 | 2 2 2 . 
     5 | 2 2 2 . 
     6 | . 4 4 4 
     7 | . 4 4 4 
     8 | . 4 4 4 
     9 | . 4 4 4 
    10 | . 4 4 4 
    11 | . 4 4 4 
    12 | . 4 4 4 
    13 | . 4 4 4 
    14 | . 4 4 4 
    15 | . 4 4 4 
    16 | . 6 6 6 
    17 | . 6 6 6 
    18 | . 6 6 6 
    19 | . 6 6 6 
    20 | . 6 6 6 
    21 | . 6 6 6 
    22 | . 6 6 6 
    23 | . 6 6 6 
    24 | . 6 6 6 
    25 | . 6 6 6 
    26 | 3 3 3 . 
    27 | 3 3 3 . 
    28 | 3 3 3 . 
    29 | 5 5 5 . 
    30 | 5 5 5 . 
    31 | 5 5 5 . 
    32 | 5 5 5 . 
    33 | 5 5 5 . 
    34 | 5 5 5 . 
    35 | 5 5 5 . 
    36 | 5 5 5 . 
    37 | 5 5 5 . 
    38 | 5 5 5 . 
    39 | . 8 8 8 
    40 | . 8 8 8 
    41 | . 8 8 8 
    42 | . 8 8 8 
    43 | . 8 8 8 
    44 | . 8 8 8 
    45 | . 8 8 8 
    46 | . 8 8 8 
    47 | . 8 8 8 
    48 | . 8 8 8 
    49 | 7 7 7 . 
    50 | 7 7 7 . 
    51 | 7 7 7 . 
    52 | 7 7 7 . 
    53 | 7 7 7 . 
    54 | 7 7 7 . 
    55 | 7 7 7 . 
    56 | 7 7 7 . 
    57 | 7 7 7 . 
    58 | 7 7 7 . 
    
    Boxes' corners:      (w,l)
        Box 1 is at 
            top left     (1,0)
            bottom right (3,2)
    
        Box 2 is at 
            top left     (0,3)
            bottom right (2,5)
    
        Box 3 is at 
            top left     (0,26)
            bottom right (2,28)
    
        Box 4 is at 
            top left     (1,6)
            bottom right (3,15)
    
        Box 5 is at 
            top left     (0,29)
            bottom right (2,38)
    
        Box 6 is at 
            top left     (1,16)
            bottom right (3,25)
    
        Box 7 is at 
            top left     (0,49)
            bottom right (2,58)
    
        Box 8 is at 
            top left     (1,39)
            bottom right (3,48)
    
        Roll length used: 59

    [1;34mTry max length:[0m 58
    [1;34m    At iteration:[0m 1
        [3;31mlingeling determined unsatisfiability of the Boolean formula[0m
        [1;32mOptimality reached![0m
