dc jun 6 20:55:37 CEST 2018
    [1;34mTry max length:[0m 999999
    [1;34m    At iteration:[0m 0
        lingeling found a solution in 1.484 ms

       | W
     L | 0  1  2  3  4  5  6  7  8 9 
    ---------------------------------
     0 | . 10 10 10 10 11 11 11 11 . 
     1 | . 10 10 10 10 11 11 11 11 . 
     2 | .  .  .  .  .  .  .  .  . . 
     3 | .  .  .  .  .  .  .  .  . . 
     4 | .  .  .  .  .  .  .  .  . . 
     5 | .  .  .  .  .  .  .  .  . . 
     6 | .  .  .  .  .  .  .  .  . . 
     7 | .  .  .  .  .  .  .  .  . . 
     8 | .  .  .  .  .  .  .  .  . . 
     9 | .  .  .  .  .  .  .  .  . . 
    10 | .  .  .  .  .  .  .  .  . . 
    11 | .  .  .  .  .  .  .  .  . . 
    12 | .  .  .  .  1  .  .  .  . . 
    13 | .  .  .  .  .  .  .  .  . . 
    14 | .  .  .  .  .  .  .  .  . . 
    15 | .  .  .  .  .  .  .  .  . . 
    16 | .  .  .  .  .  .  .  .  . . 
    17 | .  .  .  .  .  .  .  .  . . 
    18 | .  .  .  .  .  .  .  .  . . 
    19 | .  .  .  .  .  .  .  .  . . 
    20 | .  .  .  .  .  .  .  .  . . 
    21 | .  .  8  8  8  7  7  7  . . 
    22 | .  .  8  8  8  7  7  7  . . 
    23 | .  9  9  9  9  6  6  6  . . 
    24 | .  9  9  9  9  6  6  6  . . 
    25 | .  .  .  .  .  .  5  4  3 2 
    
    Boxes' corners:       (w,l)
        Box  1 is at 
            top left     (4,12)
            bottom right (4,12)
    
        Box  2 is at 
            top left     (9,25)
            bottom right (9,25)
    
        Box  3 is at 
            top left     (8,25)
            bottom right (8,25)
    
        Box  4 is at 
            top left     (7,25)
            bottom right (7,25)
    
        Box  5 is at 
            top left     (6,25)
            bottom right (6,25)
    
        Box  6 is at 
            top left     (5,23)
            bottom right (7,24)
    
        Box  7 is at 
            top left     (5,21)
            bottom right (7,22)
    
        Box  8 is at 
            top left     (2,21)
            bottom right (4,22)
    
        Box  9 is at 
            top left     (1,23)
            bottom right (4,24)
    
        Box 10 is at 
            top left     (1,0)
            bottom right (4,1)
    
        Box 11 is at 
            top left     (5,0)
            bottom right (8,1)
    
        Roll length used: 26

    [1;34mTry max length:[0m 25
    [1;34m    At iteration:[0m 1
        lingeling found a solution in 1.382 ms

       | W
     L |  0  1  2  3  4  5 6 7 8 9 
    -------------------------------
     0 | 10 10 10 10  .  . 9 9 9 9 
     1 | 10 10 10 10  .  . 9 9 9 9 
     2 |  .  .  .  .  .  . . . . . 
     3 |  .  .  .  .  .  . . . . . 
     4 |  .  .  .  .  .  . . . . . 
     5 |  .  .  .  .  .  . . . . . 
     6 |  .  .  .  .  .  . . . . . 
     7 |  .  1  8  8  8  . . . . . 
     8 |  .  .  8  8  8  . . . . . 
     9 |  .  .  7  7  7  . . . . . 
    10 |  .  .  7  7  7  . . . . . 
    11 |  .  .  6  6  6  . . . . . 
    12 |  .  .  6  6  6  . . . . . 
    13 |  .  .  .  .  .  . . . . . 
    14 |  .  .  .  .  .  . . . . . 
    15 |  .  .  .  .  .  . . . . . 
    16 |  .  .  .  .  .  . . . . . 
    17 |  .  .  .  .  .  . . . . . 
    18 |  .  .  .  .  .  . . . . . 
    19 |  .  .  .  .  .  . . . . . 
    20 |  .  .  .  .  .  . . . . . 
    21 |  .  .  .  .  .  . . . . . 
    22 |  .  .  .  .  .  . . . . . 
    23 |  .  . 11 11 11 11 . . . . 
    24 |  .  . 11 11 11 11 5 4 3 2 
    
    Boxes' corners:       (w,l)
        Box  1 is at 
            top left     (1,7)
            bottom right (1,7)
    
        Box  2 is at 
            top left     (9,24)
            bottom right (9,24)
    
        Box  3 is at 
            top left     (8,24)
            bottom right (8,24)
    
        Box  4 is at 
            top left     (7,24)
            bottom right (7,24)
    
        Box  5 is at 
            top left     (6,24)
            bottom right (6,24)
    
        Box  6 is at 
            top left     (2,11)
            bottom right (4,12)
    
        Box  7 is at 
            top left     (2,9)
            bottom right (4,10)
    
        Box  8 is at 
            top left     (2,7)
            bottom right (4,8)
    
        Box  9 is at 
            top left     (6,0)
            bottom right (9,1)
    
        Box 10 is at 
            top left     (0,0)
            bottom right (3,1)
    
        Box 11 is at 
            top left     (2,23)
            bottom right (5,24)
    
        Roll length used: 25

    [1;34mTry max length:[0m 24
    [1;34m    At iteration:[0m 2
        lingeling found a solution in 1.307 ms

       | W
     L |  0  1  2  3 4 5  6  7  8  9 
    ---------------------------------
     0 | 11 11 11 11 . .  9  9  9  9 
     1 | 11 11 11 11 . .  9  9  9  9 
     2 |  .  .  .  . . .  .  .  .  . 
     3 |  .  .  .  . . .  .  .  .  . 
     4 |  .  .  .  . . .  .  .  .  . 
     5 |  .  .  .  . . .  .  .  .  . 
     6 |  .  .  .  . 1 .  .  .  .  . 
     7 |  .  .  .  . . .  .  .  .  . 
     8 |  .  .  .  . . .  .  .  .  . 
     9 |  .  .  .  . . .  .  .  .  . 
    10 |  .  .  .  . . .  .  .  .  . 
    11 |  .  .  .  . . .  .  .  .  . 
    12 |  .  .  .  . . .  .  .  .  . 
    13 |  .  .  .  . . .  .  .  .  . 
    14 |  .  .  .  . . .  .  .  .  . 
    15 |  .  .  .  . . .  .  .  .  . 
    16 |  .  .  .  . . .  .  .  .  . 
    17 |  .  .  .  . . .  .  .  .  . 
    18 |  .  .  .  . . .  .  .  .  . 
    19 |  .  .  .  8 8 8  .  .  .  . 
    20 |  .  .  .  8 8 8  7  7  7  . 
    21 |  .  .  6  6 6 .  7  7  7  . 
    22 |  .  .  6  6 6 . 10 10 10 10 
    23 |  .  .  5  4 3 2 10 10 10 10 
    
    Boxes' corners:       (w,l)
        Box  1 is at 
            top left     (4,6)
            bottom right (4,6)
    
        Box  2 is at 
            top left     (5,23)
            bottom right (5,23)
    
        Box  3 is at 
            top left     (4,23)
            bottom right (4,23)
    
        Box  4 is at 
            top left     (3,23)
            bottom right (3,23)
    
        Box  5 is at 
            top left     (2,23)
            bottom right (2,23)
    
        Box  6 is at 
            top left     (2,21)
            bottom right (4,22)
    
        Box  7 is at 
            top left     (6,20)
            bottom right (8,21)
    
        Box  8 is at 
            top left     (3,19)
            bottom right (5,20)
    
        Box  9 is at 
            top left     (6,0)
            bottom right (9,1)
    
        Box 10 is at 
            top left     (6,22)
            bottom right (9,23)
    
        Box 11 is at 
            top left     (0,0)
            bottom right (3,1)
    
        Roll length used: 24

    [1;34mTry max length:[0m 23
    [1;34m    At iteration:[0m 3
        lingeling found a solution in 1.219 ms

       | W
     L |  0  1  2  3 4  5  6  7  8 9 
    ---------------------------------
     0 | 10 10 10 10 .  .  9  9  9 9 
     1 | 10 10 10 10 .  .  9  9  9 9 
     2 |  .  .  .  . .  .  .  .  . . 
     3 |  .  .  .  . .  .  .  .  . . 
     4 |  .  .  .  . .  .  .  .  . . 
     5 |  .  .  .  . .  .  .  .  . . 
     6 |  .  .  8  8 8  .  .  .  . . 
     7 |  .  1  8  8 8  .  .  .  . . 
     8 |  .  .  7  7 7  .  .  .  . . 
     9 |  .  .  7  7 7  .  .  .  . . 
    10 |  .  .  6  6 6  .  .  .  . . 
    11 |  .  .  6  6 6  .  .  .  . . 
    12 |  .  .  .  . .  .  .  .  . . 
    13 |  .  .  .  . .  .  .  .  . . 
    14 |  .  .  .  . .  .  .  .  . . 
    15 |  .  .  .  . .  .  .  .  . . 
    16 |  .  .  .  . .  .  .  .  . . 
    17 |  .  .  .  . .  .  .  .  . . 
    18 |  .  .  .  . .  .  .  .  . . 
    19 |  .  .  .  . .  .  .  .  . . 
    20 |  .  .  .  . .  .  .  .  . . 
    21 |  .  .  .  . . 11 11 11 11 . 
    22 |  .  .  5  4 3 11 11 11 11 2 
    
    Boxes' corners:       (w,l)
        Box  1 is at 
            top left     (1,7)
            bottom right (1,7)
    
        Box  2 is at 
            top left     (9,22)
            bottom right (9,22)
    
        Box  3 is at 
            top left     (4,22)
            bottom right (4,22)
    
        Box  4 is at 
            top left     (3,22)
            bottom right (3,22)
    
        Box  5 is at 
            top left     (2,22)
            bottom right (2,22)
    
        Box  6 is at 
            top left     (2,10)
            bottom right (4,11)
    
        Box  7 is at 
            top left     (2,8)
            bottom right (4,9)
    
        Box  8 is at 
            top left     (2,6)
            bottom right (4,7)
    
        Box  9 is at 
            top left     (6,0)
            bottom right (9,1)
    
        Box 10 is at 
            top left     (0,0)
            bottom right (3,1)
    
        Box 11 is at 
            top left     (5,21)
            bottom right (8,22)
    
        Roll length used: 23

    [1;34mTry max length:[0m 22
    [1;34m    At iteration:[0m 4
        lingeling found a solution in 1.142 ms

       | W
     L |  0  1  2  3 4 5 6 7 8 9 
    -----------------------------
     0 | 11 11 11 11 . . 9 9 9 9 
     1 | 11 11 11 11 . . 9 9 9 9 
     2 |  .  .  .  . . . . . . . 
     3 |  .  .  .  . . . . . . . 
     4 |  .  .  .  . . . . . . . 
     5 |  .  .  .  . . . . . . . 
     6 |  .  1  .  . . . . . . . 
     7 |  .  .  .  . . . . . . . 
     8 |  .  .  .  . . . . . . . 
     9 |  .  .  .  . . . . . . . 
    10 |  .  .  .  . . . . . . . 
    11 |  .  .  .  . . . . . . . 
    12 |  .  .  .  . . . . . . . 
    13 |  .  .  .  . . . . . . . 
    14 |  .  .  .  . . . . . . . 
    15 |  .  .  .  . . . . . . . 
    16 |  .  .  .  . . 7 7 7 . . 
    17 |  .  .  .  . . 7 7 7 . . 
    18 |  .  .  8  8 8 6 6 6 . . 
    19 |  .  .  8  8 8 6 6 6 . . 
    20 | 10 10 10 10 . . . . . . 
    21 | 10 10 10 10 . . 5 4 3 2 
    
    Boxes' corners:       (w,l)
        Box  1 is at 
            top left     (1,6)
            bottom right (1,6)
    
        Box  2 is at 
            top left     (9,21)
            bottom right (9,21)
    
        Box  3 is at 
            top left     (8,21)
            bottom right (8,21)
    
        Box  4 is at 
            top left     (7,21)
            bottom right (7,21)
    
        Box  5 is at 
            top left     (6,21)
            bottom right (6,21)
    
        Box  6 is at 
            top left     (5,18)
            bottom right (7,19)
    
        Box  7 is at 
            top left     (5,16)
            bottom right (7,17)
    
        Box  8 is at 
            top left     (2,18)
            bottom right (4,19)
    
        Box  9 is at 
            top left     (6,0)
            bottom right (9,1)
    
        Box 10 is at 
            top left     (0,20)
            bottom right (3,21)
    
        Box 11 is at 
            top left     (0,0)
            bottom right (3,1)
    
        Roll length used: 22

    [1;34mTry max length:[0m 21
    [1;34m    At iteration:[0m 5
        lingeling found a solution in 1.071 ms

       | W
     L |  0  1  2  3 4 5 6 7 8 9 
    -----------------------------
     0 | 11 11 11 11 . . 9 9 9 9 
     1 | 11 11 11 11 . . 9 9 9 9 
     2 |  .  .  .  . . . . . . . 
     3 |  .  .  .  . . . . . . . 
     4 |  .  .  .  . . . . . . . 
     5 |  .  .  .  . . . . . . . 
     6 |  .  .  .  . . . . . . . 
     7 |  .  .  .  . . . . . . . 
     8 |  .  .  .  . 1 . . . . . 
     9 |  .  .  .  . . . . . . . 
    10 |  .  .  .  . . . . . . . 
    11 |  .  .  .  . . . . . . . 
    12 |  .  .  .  . . . . . . . 
    13 |  .  .  .  . . . . . . . 
    14 |  .  .  .  . . . . . . . 
    15 |  .  .  .  . . 8 8 8 . . 
    16 |  .  .  .  . . 8 8 8 . . 
    17 |  .  .  7  7 7 6 6 6 . . 
    18 |  .  .  7  7 7 6 6 6 . . 
    19 | 10 10 10 10 . . . . . . 
    20 | 10 10 10 10 . . 5 4 3 2 
    
    Boxes' corners:       (w,l)
        Box  1 is at 
            top left     (4,8)
            bottom right (4,8)
    
        Box  2 is at 
            top left     (9,20)
            bottom right (9,20)
    
        Box  3 is at 
            top left     (8,20)
            bottom right (8,20)
    
        Box  4 is at 
            top left     (7,20)
            bottom right (7,20)
    
        Box  5 is at 
            top left     (6,20)
            bottom right (6,20)
    
        Box  6 is at 
            top left     (5,17)
            bottom right (7,18)
    
        Box  7 is at 
            top left     (2,17)
            bottom right (4,18)
    
        Box  8 is at 
            top left     (5,15)
            bottom right (7,16)
    
        Box  9 is at 
            top left     (6,0)
            bottom right (9,1)
    
        Box 10 is at 
            top left     (0,19)
            bottom right (3,20)
    
        Box 11 is at 
            top left     (0,0)
            bottom right (3,1)
    
        Roll length used: 21

    [1;34mTry max length:[0m 20
    [1;34m    At iteration:[0m 6
        lingeling found a solution in .984 ms

       | W
     L |  0  1  2  3 4  5  6  7  8 9 
    ---------------------------------
     0 |  9  9  9  9 . 10 10 10 10 . 
     1 |  9  9  9  9 . 10 10 10 10 . 
     2 |  .  .  .  . .  .  .  .  . . 
     3 |  .  .  7  7 7  .  .  .  . . 
     4 |  .  .  7  7 7  .  .  .  . . 
     5 |  .  .  6  6 6  .  .  .  . . 
     6 |  .  .  6  6 6  .  .  .  . . 
     7 |  .  .  8  8 8  .  .  .  . . 
     8 |  .  .  8  8 8  .  .  .  . . 
     9 |  .  .  .  . 1  .  .  .  . . 
    10 |  .  .  .  . .  .  .  .  . . 
    11 |  .  .  .  . .  .  .  .  . . 
    12 |  .  .  .  . .  .  .  .  . . 
    13 |  .  .  .  . .  .  .  .  . . 
    14 |  .  .  .  . .  .  .  .  . . 
    15 |  .  .  .  . .  .  .  .  . . 
    16 |  .  .  .  . .  .  .  .  . . 
    17 |  .  .  .  . .  .  .  .  . . 
    18 | 11 11 11 11 .  .  .  .  . . 
    19 | 11 11 11 11 .  .  5  4  3 2 
    
    Boxes' corners:       (w,l)
        Box  1 is at 
            top left     (4,9)
            bottom right (4,9)
    
        Box  2 is at 
            top left     (9,19)
            bottom right (9,19)
    
        Box  3 is at 
            top left     (8,19)
            bottom right (8,19)
    
        Box  4 is at 
            top left     (7,19)
            bottom right (7,19)
    
        Box  5 is at 
            top left     (6,19)
            bottom right (6,19)
    
        Box  6 is at 
            top left     (2,5)
            bottom right (4,6)
    
        Box  7 is at 
            top left     (2,3)
            bottom right (4,4)
    
        Box  8 is at 
            top left     (2,7)
            bottom right (4,8)
    
        Box  9 is at 
            top left     (0,0)
            bottom right (3,1)
    
        Box 10 is at 
            top left     (5,0)
            bottom right (8,1)
    
        Box 11 is at 
            top left     (0,18)
            bottom right (3,19)
    
        Roll length used: 20

    [1;34mTry max length:[0m 19
    [1;34m    At iteration:[0m 7
        lingeling found a solution in .916 ms

       | W
     L | 0 1  2  3  4  5  6  7  8  9 
    ---------------------------------
     0 | . . 11 11 11 11  9  9  9  9 
     1 | . . 11 11 11 11  9  9  9  9 
     2 | . .  .  .  .  .  .  .  .  . 
     3 | . .  .  .  .  .  .  .  .  . 
     4 | . .  .  .  .  .  .  .  .  . 
     5 | . .  .  .  .  .  .  .  .  . 
     6 | . .  .  .  1  .  .  .  .  . 
     7 | . .  .  .  .  .  .  .  .  . 
     8 | . .  .  .  .  .  .  .  .  . 
     9 | . .  .  .  6  6  6  .  .  . 
    10 | . .  .  .  6  6  6  .  .  . 
    11 | . .  .  .  .  .  .  .  .  . 
    12 | . .  .  .  .  .  .  .  .  . 
    13 | . .  .  .  .  .  .  .  .  . 
    14 | . .  .  .  .  .  .  .  .  . 
    15 | . .  .  .  .  .  .  .  .  . 
    16 | 8 8  8  7  7  7  .  .  .  . 
    17 | 8 8  8  7  7  7 10 10 10 10 
    18 | . .  5  4  3  2 10 10 10 10 
    
    Boxes' corners:       (w,l)
        Box  1 is at 
            top left     (4,6)
            bottom right (4,6)
    
        Box  2 is at 
            top left     (5,18)
            bottom right (5,18)
    
        Box  3 is at 
            top left     (4,18)
            bottom right (4,18)
    
        Box  4 is at 
            top left     (3,18)
            bottom right (3,18)
    
        Box  5 is at 
            top left     (2,18)
            bottom right (2,18)
    
        Box  6 is at 
            top left     (4,9)
            bottom right (6,10)
    
        Box  7 is at 
            top left     (3,16)
            bottom right (5,17)
    
        Box  8 is at 
            top left     (0,16)
            bottom right (2,17)
    
        Box  9 is at 
            top left     (6,0)
            bottom right (9,1)
    
        Box 10 is at 
            top left     (6,17)
            bottom right (9,18)
    
        Box 11 is at 
            top left     (2,0)
            bottom right (5,1)
    
        Roll length used: 19

    [1;34mTry max length:[0m 18
    [1;34m    At iteration:[0m 8
        lingeling found a solution in .831 ms

       | W
     L |  0  1  2  3  4  5  6  7 8 9 
    ---------------------------------
     0 | 10 10 10 10 11 11 11 11 . . 
     1 | 10 10 10 10 11 11 11 11 . . 
     2 |  .  .  .  1  .  .  .  . . . 
     3 |  .  .  6  6  6  .  .  . . . 
     4 |  .  .  6  6  6  .  .  . . . 
     5 |  .  .  8  8  8  .  .  . . . 
     6 |  .  .  8  8  8  .  .  . . . 
     7 |  .  .  7  7  7  .  .  . . . 
     8 |  .  .  7  7  7  .  .  . . . 
     9 |  .  .  .  .  .  .  .  . . . 
    10 |  .  .  .  .  .  .  .  . . . 
    11 |  .  .  .  .  .  .  .  . . . 
    12 |  .  .  .  .  .  .  .  . . . 
    13 |  .  .  .  .  .  .  .  . . . 
    14 |  .  .  .  .  .  .  .  . . . 
    15 |  .  .  .  .  .  .  .  . . . 
    16 |  .  .  .  .  .  .  9  9 9 9 
    17 |  .  .  5  4  3  2  9  9 9 9 
    
    Boxes' corners:       (w,l)
        Box  1 is at 
            top left     (3,2)
            bottom right (3,2)
    
        Box  2 is at 
            top left     (5,17)
            bottom right (5,17)
    
        Box  3 is at 
            top left     (4,17)
            bottom right (4,17)
    
        Box  4 is at 
            top left     (3,17)
            bottom right (3,17)
    
        Box  5 is at 
            top left     (2,17)
            bottom right (2,17)
    
        Box  6 is at 
            top left     (2,3)
            bottom right (4,4)
    
        Box  7 is at 
            top left     (2,7)
            bottom right (4,8)
    
        Box  8 is at 
            top left     (2,5)
            bottom right (4,6)
    
        Box  9 is at 
            top left     (6,16)
            bottom right (9,17)
    
        Box 10 is at 
            top left     (0,0)
            bottom right (3,1)
    
        Box 11 is at 
            top left     (4,0)
            bottom right (7,1)
    
        Roll length used: 18

    [1;34mTry max length:[0m 17
    [1;34m    At iteration:[0m 9
        lingeling found a solution in .936 ms

       | W
     L | 0 1 2 3 4  5  6  7  8  9 
    ------------------------------
     0 | 9 9 9 9 . 11 11 11 11  . 
     1 | 9 9 9 9 . 11 11 11 11  . 
     2 | . . . . .  .  .  .  .  . 
     3 | . . . . .  .  .  .  .  . 
     4 | . . . . .  .  .  .  .  . 
     5 | 1 . . . .  .  .  .  .  . 
     6 | . . . . .  .  .  .  .  . 
     7 | . . . . .  .  .  .  .  . 
     8 | . . . . .  .  .  .  .  . 
     9 | . . . . .  .  .  .  .  . 
    10 | . . . . .  8  8  8  .  . 
    11 | . . . . .  8  8  8  .  . 
    12 | . . . . .  .  .  .  .  . 
    13 | . . . 7 7  7  6  6  6  . 
    14 | . . . 7 7  7  6  6  6  . 
    15 | . . . . .  . 10 10 10 10 
    16 | . . 5 4 3  2 10 10 10 10 
    
    Boxes' corners:       (w,l)
        Box  1 is at 
            top left     (0,5)
            bottom right (0,5)
    
        Box  2 is at 
            top left     (5,16)
            bottom right (5,16)
    
        Box  3 is at 
            top left     (4,16)
            bottom right (4,16)
    
        Box  4 is at 
            top left     (3,16)
            bottom right (3,16)
    
        Box  5 is at 
            top left     (2,16)
            bottom right (2,16)
    
        Box  6 is at 
            top left     (6,13)
            bottom right (8,14)
    
        Box  7 is at 
            top left     (3,13)
            bottom right (5,14)
    
        Box  8 is at 
            top left     (5,10)
            bottom right (7,11)
    
        Box  9 is at 
            top left     (0,0)
            bottom right (3,1)
    
        Box 10 is at 
            top left     (6,15)
            bottom right (9,16)
    
        Box 11 is at 
            top left     (5,0)
            bottom right (8,1)
    
        Roll length used: 17

    [1;34mTry max length:[0m 16
    [1;34m    At iteration:[0m 10
        lingeling found a solution in .704 ms

       | W
     L |  0  1  2  3 4  5  6  7  8 9 
    ---------------------------------
     0 | 11 11 11 11 . 10 10 10 10 . 
     1 | 11 11 11 11 . 10 10 10 10 . 
     2 |  .  .  .  . .  .  .  .  . . 
     3 |  .  .  .  . .  .  .  .  . . 
     4 |  .  .  .  . .  .  .  .  . . 
     5 |  .  .  .  . .  .  .  .  . . 
     6 |  .  .  .  . .  .  .  .  . . 
     7 |  .  .  .  . 1  .  .  .  . . 
     8 |  .  .  .  . .  .  .  .  . . 
     9 |  .  .  .  . .  .  8  8  8 . 
    10 |  .  .  .  . .  .  8  8  8 . 
    11 |  .  .  .  . .  .  7  7  7 . 
    12 |  .  .  .  . .  .  7  7  7 . 
    13 |  .  .  .  . .  6  6  6  . . 
    14 |  9  9  9  9 .  6  6  6  . . 
    15 |  9  9  9  9 .  .  5  4  3 2 
    
    Boxes' corners:       (w,l)
        Box  1 is at 
            top left     (4,7)
            bottom right (4,7)
    
        Box  2 is at 
            top left     (9,15)
            bottom right (9,15)
    
        Box  3 is at 
            top left     (8,15)
            bottom right (8,15)
    
        Box  4 is at 
            top left     (7,15)
            bottom right (7,15)
    
        Box  5 is at 
            top left     (6,15)
            bottom right (6,15)
    
        Box  6 is at 
            top left     (5,13)
            bottom right (7,14)
    
        Box  7 is at 
            top left     (6,11)
            bottom right (8,12)
    
        Box  8 is at 
            top left     (6,9)
            bottom right (8,10)
    
        Box  9 is at 
            top left     (0,14)
            bottom right (3,15)
    
        Box 10 is at 
            top left     (5,0)
            bottom right (8,1)
    
        Box 11 is at 
            top left     (0,0)
            bottom right (3,1)
    
        Roll length used: 16

    [1;34mTry max length:[0m 15
    [1;34m    At iteration:[0m 11
        lingeling found a solution in .652 ms

       | W
     L | 0  1  2  3  4  5  6  7 8 9 
    --------------------------------
     0 | 9  9  9  9 10 10 10 10 . . 
     1 | 9  9  9  9 10 10 10 10 . . 
     2 | .  .  7  7  7  .  .  . . . 
     3 | .  .  7  7  7  .  .  . . . 
     4 | .  .  8  8  8  .  .  . . . 
     5 | .  .  8  8  8  .  .  . . . 
     6 | .  1  6  6  6  .  .  . . . 
     7 | .  .  6  6  6  .  .  . . . 
     8 | .  .  .  .  .  .  .  . . . 
     9 | .  .  .  .  .  .  .  . . . 
    10 | .  .  .  .  .  .  .  . . . 
    11 | .  .  .  .  .  .  .  . . . 
    12 | .  .  .  .  .  .  .  . . . 
    13 | . 11 11 11 11  .  .  . . . 
    14 | . 11 11 11 11  .  5  4 3 2 
    
    Boxes' corners:       (w,l)
        Box  1 is at 
            top left     (1,6)
            bottom right (1,6)
    
        Box  2 is at 
            top left     (9,14)
            bottom right (9,14)
    
        Box  3 is at 
            top left     (8,14)
            bottom right (8,14)
    
        Box  4 is at 
            top left     (7,14)
            bottom right (7,14)
    
        Box  5 is at 
            top left     (6,14)
            bottom right (6,14)
    
        Box  6 is at 
            top left     (2,6)
            bottom right (4,7)
    
        Box  7 is at 
            top left     (2,2)
            bottom right (4,3)
    
        Box  8 is at 
            top left     (2,4)
            bottom right (4,5)
    
        Box  9 is at 
            top left     (0,0)
            bottom right (3,1)
    
        Box 10 is at 
            top left     (4,0)
            bottom right (7,1)
    
        Box 11 is at 
            top left     (1,13)
            bottom right (4,14)
    
        Roll length used: 15

    [1;34mTry max length:[0m 14
    [1;34m    At iteration:[0m 12
        lingeling found a solution in .617 ms

       | W
     L |  0  1  2  3  4 5 6 7 8 9 
    ------------------------------
     0 |  . 11 11 11 11 . 9 9 9 9 
     1 |  . 11 11 11 11 . 9 9 9 9 
     2 |  1  .  .  .  . . . . . . 
     3 |  .  .  .  .  . . . . . . 
     4 |  .  .  .  .  . . 8 8 8 . 
     5 |  .  .  .  .  . . 8 8 8 . 
     6 |  .  .  .  .  . . 7 7 7 . 
     7 |  .  .  .  .  . . 7 7 7 . 
     8 |  .  .  .  .  . . . . . . 
     9 |  .  .  .  .  . . . . . . 
    10 |  .  .  .  .  6 6 6 . . . 
    11 |  .  .  .  .  6 6 6 . . . 
    12 | 10 10 10 10  . . . . . . 
    13 | 10 10 10 10  . . 5 4 3 2 
    
    Boxes' corners:       (w,l)
        Box  1 is at 
            top left     (0,2)
            bottom right (0,2)
    
        Box  2 is at 
            top left     (9,13)
            bottom right (9,13)
    
        Box  3 is at 
            top left     (8,13)
            bottom right (8,13)
    
        Box  4 is at 
            top left     (7,13)
            bottom right (7,13)
    
        Box  5 is at 
            top left     (6,13)
            bottom right (6,13)
    
        Box  6 is at 
            top left     (4,10)
            bottom right (6,11)
    
        Box  7 is at 
            top left     (6,6)
            bottom right (8,7)
    
        Box  8 is at 
            top left     (6,4)
            bottom right (8,5)
    
        Box  9 is at 
            top left     (6,0)
            bottom right (9,1)
    
        Box 10 is at 
            top left     (0,12)
            bottom right (3,13)
    
        Box 11 is at 
            top left     (1,0)
            bottom right (4,1)
    
        Roll length used: 14

    [1;34mTry max length:[0m 13
    [1;34m    At iteration:[0m 13
        lingeling found a solution in .553 ms

       | W
     L | 0  1  2  3  4 5  6  7  8  9 
    ---------------------------------
     0 | 7  7  7  8  8 8 11 11 11 11 
     1 | 7  7  7  8  8 8 11 11 11 11 
     2 | .  .  .  .  . .  .  .  .  . 
     3 | .  .  .  .  . .  .  .  .  . 
     4 | . 10 10 10 10 .  .  .  .  . 
     5 | . 10 10 10 10 9  9  9  9  . 
     6 | .  .  .  .  1 9  9  9  9  . 
     7 | .  .  .  .  . .  .  .  .  . 
     8 | .  .  .  .  . .  .  .  .  . 
     9 | .  .  .  .  . .  .  .  .  . 
    10 | .  .  .  5  . .  .  4  3  2 
    11 | .  .  .  6  6 6  .  .  .  . 
    12 | .  .  .  6  6 6  .  .  .  . 
    
    Boxes' corners:       (w,l)
        Box  1 is at 
            top left     (4,6)
            bottom right (4,6)
    
        Box  2 is at 
            top left     (9,10)
            bottom right (9,10)
    
        Box  3 is at 
            top left     (8,10)
            bottom right (8,10)
    
        Box  4 is at 
            top left     (7,10)
            bottom right (7,10)
    
        Box  5 is at 
            top left     (3,10)
            bottom right (3,10)
    
        Box  6 is at 
            top left     (3,11)
            bottom right (5,12)
    
        Box  7 is at 
            top left     (0,0)
            bottom right (2,1)
    
        Box  8 is at 
            top left     (3,0)
            bottom right (5,1)
    
        Box  9 is at 
            top left     (5,5)
            bottom right (8,6)
    
        Box 10 is at 
            top left     (1,4)
            bottom right (4,5)
    
        Box 11 is at 
            top left     (6,0)
            bottom right (9,1)
    
        Roll length used: 13

    [1;34mTry max length:[0m 12
    [1;34m    At iteration:[0m 14
        lingeling found a solution in .487 ms

       | W
     L |  0  1  2  3 4 5  6  7  8  9 
    ---------------------------------
     0 |  6  6  6  7 7 7 11 11 11 11 
     1 |  6  6  6  7 7 7 11 11 11 11 
     2 |  .  .  .  . . .  .  .  .  . 
     3 |  .  .  .  9 9 9  9  .  .  . 
     4 |  .  .  .  9 9 9  9  .  .  . 
     5 |  .  .  .  . 1 .  .  .  .  . 
     6 | 10 10 10 10 . .  .  .  .  . 
     7 | 10 10 10 10 . .  .  .  .  . 
     8 |  .  .  .  . . .  .  .  .  . 
     9 |  .  .  .  . . .  4  5  3  2 
    10 |  .  .  .  8 8 8  .  .  .  . 
    11 |  .  .  .  8 8 8  .  .  .  . 
    
    Boxes' corners:       (w,l)
        Box  1 is at 
            top left     (4,5)
            bottom right (4,5)
    
        Box  2 is at 
            top left     (9,9)
            bottom right (9,9)
    
        Box  3 is at 
            top left     (8,9)
            bottom right (8,9)
    
        Box  4 is at 
            top left     (6,9)
            bottom right (6,9)
    
        Box  5 is at 
            top left     (7,9)
            bottom right (7,9)
    
        Box  6 is at 
            top left     (0,0)
            bottom right (2,1)
    
        Box  7 is at 
            top left     (3,0)
            bottom right (5,1)
    
        Box  8 is at 
            top left     (3,10)
            bottom right (5,11)
    
        Box  9 is at 
            top left     (3,3)
            bottom right (6,4)
    
        Box 10 is at 
            top left     (0,6)
            bottom right (3,7)
    
        Box 11 is at 
            top left     (6,0)
            bottom right (9,1)
    
        Roll length used: 12

    [1;34mTry max length:[0m 11
    [1;34m    At iteration:[0m 15
        lingeling found a solution in .452 ms

       | W
     L |  0  1  2  3  4  5  6  7 8 9 
    ---------------------------------
     0 |  6  6  6  7  7  7  8  8 8 . 
     1 |  6  6  6  7  7  7  8  8 8 . 
     2 |  .  9  9  .  .  .  .  . . . 
     3 |  1  9  9  .  .  .  .  . . . 
     4 |  .  9  9  .  .  .  .  . . . 
     5 |  .  9  9  . 10 10 10 10 . . 
     6 |  .  .  .  . 10 10 10 10 . . 
     7 |  .  .  .  .  .  .  .  . 5 . 
     8 |  .  .  .  .  .  .  .  . . 4 
     9 | 11 11 11 11  3  2  .  . . . 
    10 | 11 11 11 11  .  .  .  . . . 
    
    Boxes' corners:       (w,l)
        Box  1 is at 
            top left     (0,3)
            bottom right (0,3)
    
        Box  2 is at 
            top left     (5,9)
            bottom right (5,9)
    
        Box  3 is at 
            top left     (4,9)
            bottom right (4,9)
    
        Box  4 is at 
            top left     (9,8)
            bottom right (9,8)
    
        Box  5 is at 
            top left     (8,7)
            bottom right (8,7)
    
        Box  6 is at 
            top left     (0,0)
            bottom right (2,1)
    
        Box  7 is at 
            top left     (3,0)
            bottom right (5,1)
    
        Box  8 is at 
            top left     (6,0)
            bottom right (8,1)
    
        Box  9 is at 
            top left     (1,2)
            bottom right (2,5)
    
        Box 10 is at 
            top left     (4,5)
            bottom right (7,6)
    
        Box 11 is at 
            top left     (0,9)
            bottom right (3,10)
    
        Roll length used: 11

    [1;34mTry max length:[0m 10
    [1;34m    At iteration:[0m 16
        lingeling found a solution in .404 ms

       | W
     L |  0  1 2 3 4  5  6 7 8 9 
    -----------------------------
     0 |  6  6 . . 1  .  . . 7 7 
     1 |  6  6 . . .  .  . . 7 7 
     2 |  6  6 . . .  .  . . 7 7 
     3 |  8  8 . . .  .  . . . . 
     4 |  8  8 . . .  .  . . . . 
     5 |  8  8 . . . 10 10 . . . 
     6 | 11 11 . . . 10 10 . 9 9 
     7 | 11 11 . . . 10 10 . 9 9 
     8 | 11 11 . . . 10 10 . 9 9 
     9 | 11 11 . 4 .  5  3 2 9 9 
    
    Boxes' corners:       (w,l)
        Box  1 is at 
            top left     (4,0)
            bottom right (4,0)
    
        Box  2 is at 
            top left     (7,9)
            bottom right (7,9)
    
        Box  3 is at 
            top left     (6,9)
            bottom right (6,9)
    
        Box  4 is at 
            top left     (3,9)
            bottom right (3,9)
    
        Box  5 is at 
            top left     (5,9)
            bottom right (5,9)
    
        Box  6 is at 
            top left     (0,0)
            bottom right (1,2)
    
        Box  7 is at 
            top left     (8,0)
            bottom right (9,2)
    
        Box  8 is at 
            top left     (0,3)
            bottom right (1,5)
    
        Box  9 is at 
            top left     (8,6)
            bottom right (9,9)
    
        Box 10 is at 
            top left     (5,5)
            bottom right (6,8)
    
        Box 11 is at 
            top left     (0,6)
            bottom right (1,9)
    
        Roll length used: 10

    [1;34mTry max length:[0m 9
    [1;34m    At iteration:[0m 17
        lingeling found a solution in .370 ms

      | W
    L | 0 1 2  3  4 5 6 7  8  9 
    -----------------------------
    0 | 6 6 .  1  . . . .  9  9 
    1 | 6 6 .  .  . . . .  9  9 
    2 | 6 6 .  .  . . . .  9  9 
    3 | . . .  .  . . . .  9  9 
    4 | 8 8 . 10 10 . 2 . 11 11 
    5 | 8 8 . 10 10 . . . 11 11 
    6 | 8 8 . 10 10 7 7 7 11 11 
    7 | . . 5 10 10 7 7 7 11 11 
    8 | 3 . .  .  . . . .  4  . 
    
    Boxes' corners:       (w,l)
        Box  1 is at 
            top left     (3,0)
            bottom right (3,0)
    
        Box  2 is at 
            top left     (6,4)
            bottom right (6,4)
    
        Box  3 is at 
            top left     (0,8)
            bottom right (0,8)
    
        Box  4 is at 
            top left     (8,8)
            bottom right (8,8)
    
        Box  5 is at 
            top left     (2,7)
            bottom right (2,7)
    
        Box  6 is at 
            top left     (0,0)
            bottom right (1,2)
    
        Box  7 is at 
            top left     (5,6)
            bottom right (7,7)
    
        Box  8 is at 
            top left     (0,4)
            bottom right (1,6)
    
        Box  9 is at 
            top left     (8,0)
            bottom right (9,3)
    
        Box 10 is at 
            top left     (3,4)
            bottom right (4,7)
    
        Box 11 is at 
            top left     (8,4)
            bottom right (9,7)
    
        Roll length used: 9

    [1;34mTry max length:[0m 8
    [1;34m    At iteration:[0m 18
        lingeling found a solution in .327 ms

      | W
    L | 0 1 2 3 4 5 6 7  8  9 
    ---------------------------
    0 | 6 6 . . . . . . 10 10 
    1 | 6 6 . . . . . . 10 10 
    2 | 6 6 1 . . . 7 7 10 10 
    3 | . . . . . . 7 7 10 10 
    4 | 9 9 . . 8 8 7 7 11 11 
    5 | 9 9 . . 8 8 . . 11 11 
    6 | 9 9 3 5 8 8 . . 11 11 
    7 | 9 9 . . . 4 2 . 11 11 
    
    Boxes' corners:       (w,l)
        Box  1 is at 
            top left     (2,2)
            bottom right (2,2)
    
        Box  2 is at 
            top left     (6,7)
            bottom right (6,7)
    
        Box  3 is at 
            top left     (2,6)
            bottom right (2,6)
    
        Box  4 is at 
            top left     (5,7)
            bottom right (5,7)
    
        Box  5 is at 
            top left     (3,6)
            bottom right (3,6)
    
        Box  6 is at 
            top left     (0,0)
            bottom right (1,2)
    
        Box  7 is at 
            top left     (6,2)
            bottom right (7,4)
    
        Box  8 is at 
            top left     (4,4)
            bottom right (5,6)
    
        Box  9 is at 
            top left     (0,4)
            bottom right (1,7)
    
        Box 10 is at 
            top left     (8,0)
            bottom right (9,3)
    
        Box 11 is at 
            top left     (8,4)
            bottom right (9,7)
    
        Roll length used: 8

    [1;34mTry max length:[0m 7
    [1;34m    At iteration:[0m 19
        lingeling found a solution in .290 ms

      | W
    L | 0 1 2 3 4 5  6  7  8  9 
    -----------------------------
    0 | 6 6 . . 1 .  .  .  8  8 
    1 | 6 6 . . . . 11 11  8  8 
    2 | 6 6 . . . . 11 11  8  8 
    3 | 9 9 . . . 5 11 11 10 10 
    4 | 9 9 . . . . 11 11 10 10 
    5 | 9 9 2 . . 7  7  7 10 10 
    6 | 9 9 . 4 3 7  7  7 10 10 
    
    Boxes' corners:       (w,l)
        Box  1 is at 
            top left     (4,0)
            bottom right (4,0)
    
        Box  2 is at 
            top left     (2,5)
            bottom right (2,5)
    
        Box  3 is at 
            top left     (4,6)
            bottom right (4,6)
    
        Box  4 is at 
            top left     (3,6)
            bottom right (3,6)
    
        Box  5 is at 
            top left     (5,3)
            bottom right (5,3)
    
        Box  6 is at 
            top left     (0,0)
            bottom right (1,2)
    
        Box  7 is at 
            top left     (5,5)
            bottom right (7,6)
    
        Box  8 is at 
            top left     (8,0)
            bottom right (9,2)
    
        Box  9 is at 
            top left     (0,3)
            bottom right (1,6)
    
        Box 10 is at 
            top left     (8,3)
            bottom right (9,6)
    
        Box 11 is at 
            top left     (6,1)
            bottom right (7,4)
    
        Roll length used: 7

    [1;34mTry max length:[0m 6
    [1;34m    At iteration:[0m 20
        lingeling found a solution in .241 ms

      | W
    L | 0 1 2  3  4 5 6 7  8  9 
    -----------------------------
    0 | 8 8 8 11 11 . 2 4  .  . 
    1 | 8 8 8 11 11 5 . .  .  . 
    2 | 9 9 1 11 11 . . . 10 10 
    3 | 9 9 3 11 11 7 7 . 10 10 
    4 | 9 9 6  6  6 7 7 . 10 10 
    5 | 9 9 6  6  6 7 7 . 10 10 
    
    Boxes' corners:       (w,l)
        Box  1 is at 
            top left     (2,2)
            bottom right (2,2)
    
        Box  2 is at 
            top left     (6,0)
            bottom right (6,0)
    
        Box  3 is at 
            top left     (2,3)
            bottom right (2,3)
    
        Box  4 is at 
            top left     (7,0)
            bottom right (7,0)
    
        Box  5 is at 
            top left     (5,1)
            bottom right (5,1)
    
        Box  6 is at 
            top left     (2,4)
            bottom right (4,5)
    
        Box  7 is at 
            top left     (5,3)
            bottom right (6,5)
    
        Box  8 is at 
            top left     (0,0)
            bottom right (2,1)
    
        Box  9 is at 
            top left     (0,2)
            bottom right (1,5)
    
        Box 10 is at 
            top left     (8,2)
            bottom right (9,5)
    
        Box 11 is at 
            top left     (3,0)
            bottom right (4,3)
    
        Roll length used: 6

    [1;34mTry max length:[0m 5
    [1;34m    At iteration:[0m 21
        lingeling found a solution in .258 ms

      | W
    L | 0 1 2 3  4  5 6 7  8  9 
    -----------------------------
    0 | 8 8 8 5  1  4 9 9 11 11 
    1 | 8 8 8 2 10 10 9 9 11 11 
    2 | 7 7 6 6 10 10 9 9 11 11 
    3 | 7 7 6 6 10 10 9 9 11 11 
    4 | 7 7 6 6 10 10 3 .  .  . 
    
    Boxes' corners:       (w,l)
        Box  1 is at 
            top left     (4,0)
            bottom right (4,0)
    
        Box  2 is at 
            top left     (3,1)
            bottom right (3,1)
    
        Box  3 is at 
            top left     (6,4)
            bottom right (6,4)
    
        Box  4 is at 
            top left     (5,0)
            bottom right (5,0)
    
        Box  5 is at 
            top left     (3,0)
            bottom right (3,0)
    
        Box  6 is at 
            top left     (2,2)
            bottom right (3,4)
    
        Box  7 is at 
            top left     (0,2)
            bottom right (1,4)
    
        Box  8 is at 
            top left     (0,0)
            bottom right (2,1)
    
        Box  9 is at 
            top left     (6,0)
            bottom right (7,3)
    
        Box 10 is at 
            top left     (4,1)
            bottom right (5,4)
    
        Box 11 is at 
            top left     (8,0)
            bottom right (9,3)
    
        Roll length used: 5

    [1;34mTry max length:[0m 4
    [1;34m    At iteration:[0m 22
        [3;31mlingeling determined unsatisfiability of the Boolean formula[0m
        [1;32mOptimality reached![0m
