dc jun 6 20:28:04 CEST 2018
    [1;34mTry max length:[0m 999999
    [1;34m    At iteration:[0m 0
        lingeling found a solution in .598 ms

       | W
     L |  0  1  2 
    -------------
     0 |  3  3  3 
     1 |  2  2  2 
     2 |  .  .  . 
     3 |  .  .  . 
     4 |  .  .  . 
     5 |  .  .  . 
     6 |  .  .  . 
     7 |  .  .  . 
     8 |  .  .  . 
     9 |  .  .  . 
    10 |  .  .  . 
    11 |  .  .  . 
    12 |  .  .  . 
    13 |  .  .  . 
    14 |  .  .  . 
    15 |  .  .  . 
    16 |  .  .  . 
    17 |  .  4  4 
    18 |  .  4  4 
    19 |  .  4  4 
    20 |  .  4  4 
    21 |  .  .  . 
    22 |  .  1  . 
    23 |  .  1  . 
    24 |  .  1  . 
    25 |  .  8  8 
    26 |  .  8  8 
    27 |  .  8  8 
    28 |  .  8  8 
    29 |  .  7  7 
    30 |  .  7  7 
    31 |  .  7  7 
    32 |  .  7  7 
    33 |  .  6  6 
    34 |  .  6  6 
    35 |  .  6  6 
    36 |  .  6  6 
    37 |  .  5  5 
    38 |  .  5  5 
    39 | 10  5  5 
    40 |  9  5  5 
    41 | 13 12 11 
    42 | 13 12 11 
    43 | 13 12 11 
    44 | 13 12 11 
    45 | 13 12 11 
    
    Boxes' corners:       (w,l)
        Box  1 is at 
            top left     (1,22)
            bottom right (1,24)
    
        Box  2 is at 
            top left     (0,1)
            bottom right (2,1)
    
        Box  3 is at 
            top left     (0,0)
            bottom right (2,0)
    
        Box  4 is at 
            top left     (1,17)
            bottom right (2,20)
    
        Box  5 is at 
            top left     (1,37)
            bottom right (2,40)
    
        Box  6 is at 
            top left     (1,33)
            bottom right (2,36)
    
        Box  7 is at 
            top left     (1,29)
            bottom right (2,32)
    
        Box  8 is at 
            top left     (1,25)
            bottom right (2,28)
    
        Box  9 is at 
            top left     (0,40)
            bottom right (0,40)
    
        Box 10 is at 
            top left     (0,39)
            bottom right (0,39)
    
        Box 11 is at 
            top left     (2,41)
            bottom right (2,45)
    
        Box 12 is at 
            top left     (1,41)
            bottom right (1,45)
    
        Box 13 is at 
            top left     (0,41)
            bottom right (0,45)
    
        Roll length used: 46

    [1;34mTry max length:[0m 45
    [1;34m    At iteration:[0m 1
        lingeling found a solution in .555 ms

       | W
     L |  0  1  2 
    -------------
     0 |  .  3  . 
     1 |  .  3  . 
     2 |  .  3  . 
     3 |  .  .  . 
     4 |  .  .  . 
     5 |  4  4  . 
     6 |  4  4  . 
     7 |  4  4  . 
     8 |  4  4  . 
     9 |  .  1  . 
    10 |  .  1  . 
    11 |  .  1  . 
    12 |  .  .  . 
    13 |  .  .  . 
    14 |  .  2  . 
    15 |  .  2  . 
    16 |  .  2  . 
    17 |  .  .  . 
    18 |  .  .  . 
    19 |  .  .  . 
    20 |  .  . 12 
    21 |  .  . 12 
    22 |  .  . 12 
    23 |  . 11 12 
    24 |  . 11 12 
    25 |  . 11  . 
    26 |  . 11  . 
    27 |  . 11  . 
    28 |  .  6  6 
    29 |  .  6  6 
    30 |  .  6  6 
    31 |  .  6  6 
    32 |  7  7  . 
    33 |  7  7  . 
    34 |  7  7  . 
    35 |  7  7  . 
    36 |  5  5  . 
    37 |  5  5  . 
    38 |  5  5  . 
    39 |  5  5  . 
    40 | 13  8  8 
    41 | 13  8  8 
    42 | 13  8  8 
    43 | 13  8  8 
    44 | 13 10  9 
    
    Boxes' corners:       (w,l)
        Box  1 is at 
            top left     (1,9)
            bottom right (1,11)
    
        Box  2 is at 
            top left     (1,14)
            bottom right (1,16)
    
        Box  3 is at 
            top left     (1,0)
            bottom right (1,2)
    
        Box  4 is at 
            top left     (0,5)
            bottom right (1,8)
    
        Box  5 is at 
            top left     (0,36)
            bottom right (1,39)
    
        Box  6 is at 
            top left     (1,28)
            bottom right (2,31)
    
        Box  7 is at 
            top left     (0,32)
            bottom right (1,35)
    
        Box  8 is at 
            top left     (1,40)
            bottom right (2,43)
    
        Box  9 is at 
            top left     (2,44)
            bottom right (2,44)
    
        Box 10 is at 
            top left     (1,44)
            bottom right (1,44)
    
        Box 11 is at 
            top left     (1,23)
            bottom right (1,27)
    
        Box 12 is at 
            top left     (2,20)
            bottom right (2,24)
    
        Box 13 is at 
            top left     (0,40)
            bottom right (0,44)
    
        Roll length used: 45

    [1;34mTry max length:[0m 44
    [1;34m    At iteration:[0m 2
        lingeling found a solution in .560 ms

       | W
     L |  0  1  2 
    -------------
     0 |  2  2  2 
     1 |  3  3  3 
     2 |  6  6  . 
     3 |  6  6  . 
     4 |  6  6  . 
     5 |  6  6  . 
     6 |  .  .  . 
     7 |  .  8  8 
     8 |  .  8  8 
     9 |  .  8  8 
    10 |  .  8  8 
    11 |  .  .  . 
    12 |  7  7  . 
    13 |  7  7  . 
    14 |  7  7  . 
    15 |  7  7  . 
    16 |  .  .  . 
    17 |  .  .  . 
    18 |  .  .  . 
    19 |  .  .  . 
    20 |  .  .  . 
    21 |  .  1  . 
    22 |  .  1  . 
    23 |  .  1  . 
    24 |  .  .  . 
    25 |  .  .  . 
    26 |  .  .  . 
    27 |  .  4  4 
    28 |  .  4  4 
    29 |  .  4  4 
    30 |  .  4  4 
    31 |  .  5  5 
    32 |  .  5  5 
    33 |  .  5  5 
    34 |  .  5  5 
    35 |  .  .  . 
    36 |  .  .  . 
    37 |  .  .  . 
    38 |  . 10  9 
    39 | 13 12 11 
    40 | 13 12 11 
    41 | 13 12 11 
    42 | 13 12 11 
    43 | 13 12 11 
    
    Boxes' corners:       (w,l)
        Box  1 is at 
            top left     (1,21)
            bottom right (1,23)
    
        Box  2 is at 
            top left     (0,0)
            bottom right (2,0)
    
        Box  3 is at 
            top left     (0,1)
            bottom right (2,1)
    
        Box  4 is at 
            top left     (1,27)
            bottom right (2,30)
    
        Box  5 is at 
            top left     (1,31)
            bottom right (2,34)
    
        Box  6 is at 
            top left     (0,2)
            bottom right (1,5)
    
        Box  7 is at 
            top left     (0,12)
            bottom right (1,15)
    
        Box  8 is at 
            top left     (1,7)
            bottom right (2,10)
    
        Box  9 is at 
            top left     (2,38)
            bottom right (2,38)
    
        Box 10 is at 
            top left     (1,38)
            bottom right (1,38)
    
        Box 11 is at 
            top left     (2,39)
            bottom right (2,43)
    
        Box 12 is at 
            top left     (1,39)
            bottom right (1,43)
    
        Box 13 is at 
            top left     (0,39)
            bottom right (0,43)
    
        Roll length used: 44

    [1;34mTry max length:[0m 43
    [1;34m    At iteration:[0m 3
        lingeling found a solution in .530 ms

       | W
     L |  0 1  2 
    ------------
     0 |  . .  . 
     1 |  . .  . 
     2 |  . .  . 
     3 |  . .  3 
     4 | 12 .  3 
     5 | 12 .  3 
     6 | 12 4  4 
     7 | 12 4  4 
     8 | 12 4  4 
     9 |  . 4  4 
    10 |  . .  . 
    11 |  . .  . 
    12 |  . .  . 
    13 |  . .  . 
    14 |  . .  . 
    15 |  . .  2 
    16 |  . .  2 
    17 |  . .  2 
    18 |  . .  . 
    19 |  . .  . 
    20 |  . .  . 
    21 |  . 1 13 
    22 |  . 1 13 
    23 |  . 1 13 
    24 |  . . 13 
    25 |  7 7 13 
    26 |  7 7  . 
    27 |  7 7  . 
    28 |  7 7  . 
    29 |  . 8  8 
    30 |  . 8  8 
    31 |  . 8  8 
    32 |  . 8  8 
    33 |  . .  . 
    34 |  . .  . 
    35 |  5 5  . 
    36 |  5 5 11 
    37 |  5 5 11 
    38 |  5 5 11 
    39 |  6 6 11 
    40 |  6 6 11 
    41 |  6 6 10 
    42 |  6 6  9 
    
    Boxes' corners:       (w,l)
        Box  1 is at 
            top left     (1,21)
            bottom right (1,23)
    
        Box  2 is at 
            top left     (2,15)
            bottom right (2,17)
    
        Box  3 is at 
            top left     (2,3)
            bottom right (2,5)
    
        Box  4 is at 
            top left     (1,6)
            bottom right (2,9)
    
        Box  5 is at 
            top left     (0,35)
            bottom right (1,38)
    
        Box  6 is at 
            top left     (0,39)
            bottom right (1,42)
    
        Box  7 is at 
            top left     (0,25)
            bottom right (1,28)
    
        Box  8 is at 
            top left     (1,29)
            bottom right (2,32)
    
        Box  9 is at 
            top left     (2,42)
            bottom right (2,42)
    
        Box 10 is at 
            top left     (2,41)
            bottom right (2,41)
    
        Box 11 is at 
            top left     (2,36)
            bottom right (2,40)
    
        Box 12 is at 
            top left     (0,4)
            bottom right (0,8)
    
        Box 13 is at 
            top left     (2,21)
            bottom right (2,25)
    
        Roll length used: 43

    [1;34mTry max length:[0m 42
    [1;34m    At iteration:[0m 4
        lingeling found a solution in .502 ms

       | W
     L |  0 1  2 
    ------------
     0 |  3 3  3 
     1 |  2 2  2 
     2 |  . .  . 
     3 |  . .  . 
     4 |  . .  . 
     5 |  . .  . 
     6 |  . .  . 
     7 |  . .  . 
     8 |  . .  . 
     9 |  . .  . 
    10 |  . .  . 
    11 |  . .  . 
    12 |  . .  . 
    13 |  . .  . 
    14 |  . .  . 
    15 |  . 1  . 
    16 |  . 1  . 
    17 | 13 1  . 
    18 | 13 8  8 
    19 | 13 8  8 
    20 | 13 8  8 
    21 | 13 8  8 
    22 |  . .  . 
    23 |  . .  . 
    24 |  . . 12 
    25 |  . . 12 
    26 |  7 7 12 
    27 |  7 7 12 
    28 |  7 7 12 
    29 |  7 7 11 
    30 |  6 6 11 
    31 |  6 6 11 
    32 |  6 6 11 
    33 |  6 6 11 
    34 |  . 5  5 
    35 |  . 5  5 
    36 |  . 5  5 
    37 | 10 5  5 
    38 |  4 4  . 
    39 |  4 4  . 
    40 |  4 4  9 
    41 |  4 4  . 
    
    Boxes' corners:       (w,l)
        Box  1 is at 
            top left     (1,15)
            bottom right (1,17)
    
        Box  2 is at 
            top left     (0,1)
            bottom right (2,1)
    
        Box  3 is at 
            top left     (0,0)
            bottom right (2,0)
    
        Box  4 is at 
            top left     (0,38)
            bottom right (1,41)
    
        Box  5 is at 
            top left     (1,34)
            bottom right (2,37)
    
        Box  6 is at 
            top left     (0,30)
            bottom right (1,33)
    
        Box  7 is at 
            top left     (0,26)
            bottom right (1,29)
    
        Box  8 is at 
            top left     (1,18)
            bottom right (2,21)
    
        Box  9 is at 
            top left     (2,40)
            bottom right (2,40)
    
        Box 10 is at 
            top left     (0,37)
            bottom right (0,37)
    
        Box 11 is at 
            top left     (2,29)
            bottom right (2,33)
    
        Box 12 is at 
            top left     (2,24)
            bottom right (2,28)
    
        Box 13 is at 
            top left     (0,17)
            bottom right (0,21)
    
        Roll length used: 42

    [1;34mTry max length:[0m 41
    [1;34m    At iteration:[0m 5
        lingeling found a solution in .506 ms

       | W
     L |  0 1  2 
    ------------
     0 |  3 3  3 
     1 |  2 2  2 
     2 |  . .  . 
     3 |  . .  . 
     4 |  . .  . 
     5 |  . .  . 
     6 |  . .  . 
     7 |  . .  . 
     8 |  . .  . 
     9 |  . .  . 
    10 |  . .  . 
    11 |  . .  . 
    12 |  . .  . 
    13 |  . .  . 
    14 |  . .  . 
    15 |  . 1  . 
    16 |  . 1  . 
    17 |  . 1  . 
    18 |  8 8  . 
    19 |  8 8  . 
    20 |  8 8  . 
    21 |  8 8  . 
    22 |  . . 13 
    23 |  . . 13 
    24 |  . . 13 
    25 |  7 7 13 
    26 |  7 7 13 
    27 |  7 7 12 
    28 |  7 7 12 
    29 |  6 6 12 
    30 |  6 6 12 
    31 |  6 6 12 
    32 |  6 6 11 
    33 |  5 5 11 
    34 |  5 5 11 
    35 |  5 5 11 
    36 |  5 5 11 
    37 |  . 4  4 
    38 | 10 4  4 
    39 |  9 4  4 
    40 |  . 4  4 
    
    Boxes' corners:       (w,l)
        Box  1 is at 
            top left     (1,15)
            bottom right (1,17)
    
        Box  2 is at 
            top left     (0,1)
            bottom right (2,1)
    
        Box  3 is at 
            top left     (0,0)
            bottom right (2,0)
    
        Box  4 is at 
            top left     (1,37)
            bottom right (2,40)
    
        Box  5 is at 
            top left     (0,33)
            bottom right (1,36)
    
        Box  6 is at 
            top left     (0,29)
            bottom right (1,32)
    
        Box  7 is at 
            top left     (0,25)
            bottom right (1,28)
    
        Box  8 is at 
            top left     (0,18)
            bottom right (1,21)
    
        Box  9 is at 
            top left     (0,39)
            bottom right (0,39)
    
        Box 10 is at 
            top left     (0,38)
            bottom right (0,38)
    
        Box 11 is at 
            top left     (2,32)
            bottom right (2,36)
    
        Box 12 is at 
            top left     (2,27)
            bottom right (2,31)
    
        Box 13 is at 
            top left     (2,22)
            bottom right (2,26)
    
        Roll length used: 41

    [1;34mTry max length:[0m 40
    [1;34m    At iteration:[0m 6
        lingeling found a solution in .479 ms

       | W
     L |  0 1  2 
    ------------
     0 |  . .  . 
     1 |  5 5  . 
     2 |  5 5  . 
     3 |  5 5  . 
     4 |  5 5  . 
     5 |  . .  . 
     6 |  . .  . 
     7 |  . .  . 
     8 |  . .  . 
     9 |  3 3  3 
    10 |  2 2  2 
    11 |  . 6  6 
    12 | 11 6  6 
    13 | 11 6  6 
    14 | 11 6  6 
    15 | 11 .  . 
    16 | 11 .  . 
    17 |  . .  . 
    18 |  1 .  . 
    19 |  1 .  . 
    20 |  1 .  . 
    21 |  . .  . 
    22 |  . 8  8 
    23 | 13 8  8 
    24 | 13 8  8 
    25 | 13 8  8 
    26 | 13 .  . 
    27 | 13 .  . 
    28 |  . .  . 
    29 |  . .  . 
    30 |  . 7  7 
    31 |  . 7  7 
    32 |  . 7  7 
    33 |  . 7  7 
    34 |  . .  . 
    35 |  4 4 12 
    36 |  4 4 12 
    37 |  4 4 12 
    38 |  4 4 12 
    39 | 10 9 12 
    
    Boxes' corners:       (w,l)
        Box  1 is at 
            top left     (0,18)
            bottom right (0,20)
    
        Box  2 is at 
            top left     (0,10)
            bottom right (2,10)
    
        Box  3 is at 
            top left     (0,9)
            bottom right (2,9)
    
        Box  4 is at 
            top left     (0,35)
            bottom right (1,38)
    
        Box  5 is at 
            top left     (0,1)
            bottom right (1,4)
    
        Box  6 is at 
            top left     (1,11)
            bottom right (2,14)
    
        Box  7 is at 
            top left     (1,30)
            bottom right (2,33)
    
        Box  8 is at 
            top left     (1,22)
            bottom right (2,25)
    
        Box  9 is at 
            top left     (1,39)
            bottom right (1,39)
    
        Box 10 is at 
            top left     (0,39)
            bottom right (0,39)
    
        Box 11 is at 
            top left     (0,12)
            bottom right (0,16)
    
        Box 12 is at 
            top left     (2,35)
            bottom right (2,39)
    
        Box 13 is at 
            top left     (0,23)
            bottom right (0,27)
    
        Roll length used: 40

    [1;34mTry max length:[0m 39
    [1;34m    At iteration:[0m 7
        lingeling found a solution in .461 ms

       | W
     L | 0 1  2 
    -----------
     0 | 3 3  3 
     1 | 2 2  2 
     2 | . .  . 
     3 | . .  . 
     4 | . .  . 
     5 | . .  . 
     6 | . .  . 
     7 | . .  . 
     8 | . .  . 
     9 | . .  . 
    10 | . .  . 
    11 | . .  . 
    12 | . .  . 
    13 | . .  . 
    14 | . 1  . 
    15 | . 1 10 
    16 | . 1  . 
    17 | 8 8  . 
    18 | 8 8  . 
    19 | 8 8  . 
    20 | 8 8  . 
    21 | . .  . 
    22 | . .  . 
    23 | 7 7  9 
    24 | 7 7 13 
    25 | 7 7 13 
    26 | 7 7 13 
    27 | 6 6 13 
    28 | 6 6 13 
    29 | 6 6 12 
    30 | 6 6 12 
    31 | 5 5 12 
    32 | 5 5 12 
    33 | 5 5 12 
    34 | 5 5 11 
    35 | 4 4 11 
    36 | 4 4 11 
    37 | 4 4 11 
    38 | 4 4 11 
    
    Boxes' corners:       (w,l)
        Box  1 is at 
            top left     (1,14)
            bottom right (1,16)
    
        Box  2 is at 
            top left     (0,1)
            bottom right (2,1)
    
        Box  3 is at 
            top left     (0,0)
            bottom right (2,0)
    
        Box  4 is at 
            top left     (0,35)
            bottom right (1,38)
    
        Box  5 is at 
            top left     (0,31)
            bottom right (1,34)
    
        Box  6 is at 
            top left     (0,27)
            bottom right (1,30)
    
        Box  7 is at 
            top left     (0,23)
            bottom right (1,26)
    
        Box  8 is at 
            top left     (0,17)
            bottom right (1,20)
    
        Box  9 is at 
            top left     (2,23)
            bottom right (2,23)
    
        Box 10 is at 
            top left     (2,15)
            bottom right (2,15)
    
        Box 11 is at 
            top left     (2,34)
            bottom right (2,38)
    
        Box 12 is at 
            top left     (2,29)
            bottom right (2,33)
    
        Box 13 is at 
            top left     (2,24)
            bottom right (2,28)
    
        Roll length used: 39

    [1;34mTry max length:[0m 38
    [1;34m    At iteration:[0m 8
        lingeling found a solution in .431 ms

       | W
     L | 0 1  2 
    -----------
     0 | 3 3  3 
     1 | 2 2  2 
     2 | . .  . 
     3 | . .  . 
     4 | . .  . 
     5 | . .  . 
     6 | . .  . 
     7 | . .  . 
     8 | . .  . 
     9 | . .  . 
    10 | . .  . 
    11 | . .  . 
    12 | . .  . 
    13 | . 1  . 
    14 | . 1  . 
    15 | . 1  . 
    16 | 8 8  . 
    17 | 8 8  . 
    18 | 8 8 10 
    19 | 8 8  . 
    20 | . .  . 
    21 | . .  . 
    22 | 7 7  9 
    23 | 7 7 13 
    24 | 7 7 13 
    25 | 7 7 13 
    26 | 6 6 13 
    27 | 6 6 13 
    28 | 6 6 12 
    29 | 6 6 12 
    30 | 5 5 12 
    31 | 5 5 12 
    32 | 5 5 12 
    33 | 5 5 11 
    34 | 4 4 11 
    35 | 4 4 11 
    36 | 4 4 11 
    37 | 4 4 11 
    
    Boxes' corners:       (w,l)
        Box  1 is at 
            top left     (1,13)
            bottom right (1,15)
    
        Box  2 is at 
            top left     (0,1)
            bottom right (2,1)
    
        Box  3 is at 
            top left     (0,0)
            bottom right (2,0)
    
        Box  4 is at 
            top left     (0,34)
            bottom right (1,37)
    
        Box  5 is at 
            top left     (0,30)
            bottom right (1,33)
    
        Box  6 is at 
            top left     (0,26)
            bottom right (1,29)
    
        Box  7 is at 
            top left     (0,22)
            bottom right (1,25)
    
        Box  8 is at 
            top left     (0,16)
            bottom right (1,19)
    
        Box  9 is at 
            top left     (2,22)
            bottom right (2,22)
    
        Box 10 is at 
            top left     (2,18)
            bottom right (2,18)
    
        Box 11 is at 
            top left     (2,33)
            bottom right (2,37)
    
        Box 12 is at 
            top left     (2,28)
            bottom right (2,32)
    
        Box 13 is at 
            top left     (2,23)
            bottom right (2,27)
    
        Roll length used: 38

    [1;34mTry max length:[0m 37
    [1;34m    At iteration:[0m 9
        lingeling found a solution in .440 ms

       | W
     L | 0 1  2 
    -----------
     0 | 3 3  3 
     1 | 2 2  2 
     2 | . .  . 
     3 | . .  . 
     4 | . .  . 
     5 | . .  . 
     6 | . .  . 
     7 | . .  . 
     8 | . .  . 
     9 | . .  . 
    10 | . .  . 
    11 | . .  . 
    12 | . .  . 
    13 | . 1 10 
    14 | . 1  . 
    15 | . 1  . 
    16 | 8 8  . 
    17 | 8 8  . 
    18 | 8 8  . 
    19 | 8 8  . 
    20 | . .  . 
    21 | 7 7  9 
    22 | 7 7 13 
    23 | 7 7 13 
    24 | 7 7 13 
    25 | 6 6 13 
    26 | 6 6 13 
    27 | 6 6 12 
    28 | 6 6 12 
    29 | 5 5 12 
    30 | 5 5 12 
    31 | 5 5 12 
    32 | 5 5 11 
    33 | 4 4 11 
    34 | 4 4 11 
    35 | 4 4 11 
    36 | 4 4 11 
    
    Boxes' corners:       (w,l)
        Box  1 is at 
            top left     (1,13)
            bottom right (1,15)
    
        Box  2 is at 
            top left     (0,1)
            bottom right (2,1)
    
        Box  3 is at 
            top left     (0,0)
            bottom right (2,0)
    
        Box  4 is at 
            top left     (0,33)
            bottom right (1,36)
    
        Box  5 is at 
            top left     (0,29)
            bottom right (1,32)
    
        Box  6 is at 
            top left     (0,25)
            bottom right (1,28)
    
        Box  7 is at 
            top left     (0,21)
            bottom right (1,24)
    
        Box  8 is at 
            top left     (0,16)
            bottom right (1,19)
    
        Box  9 is at 
            top left     (2,21)
            bottom right (2,21)
    
        Box 10 is at 
            top left     (2,13)
            bottom right (2,13)
    
        Box 11 is at 
            top left     (2,32)
            bottom right (2,36)
    
        Box 12 is at 
            top left     (2,27)
            bottom right (2,31)
    
        Box 13 is at 
            top left     (2,22)
            bottom right (2,26)
    
        Roll length used: 37

    [1;34mTry max length:[0m 36
    [1;34m    At iteration:[0m 10
        lingeling found a solution in .465 ms

       | W
     L | 0 1  2 
    -----------
     0 | 3 3  3 
     1 | 2 2  2 
     2 | . .  . 
     3 | . .  . 
     4 | . .  . 
     5 | . .  . 
     6 | . .  . 
     7 | . .  . 
     8 | . .  . 
     9 | . .  . 
    10 | . .  . 
    11 | . .  . 
    12 | . 1  . 
    13 | . 1 10 
    14 | . 1  . 
    15 | 8 8  . 
    16 | 8 8  . 
    17 | 8 8  . 
    18 | 8 8  . 
    19 | . .  . 
    20 | 7 7  9 
    21 | 7 7 13 
    22 | 7 7 13 
    23 | 7 7 13 
    24 | 6 6 13 
    25 | 6 6 13 
    26 | 6 6 12 
    27 | 6 6 12 
    28 | 5 5 12 
    29 | 5 5 12 
    30 | 5 5 12 
    31 | 5 5 11 
    32 | 4 4 11 
    33 | 4 4 11 
    34 | 4 4 11 
    35 | 4 4 11 
    
    Boxes' corners:       (w,l)
        Box  1 is at 
            top left     (1,12)
            bottom right (1,14)
    
        Box  2 is at 
            top left     (0,1)
            bottom right (2,1)
    
        Box  3 is at 
            top left     (0,0)
            bottom right (2,0)
    
        Box  4 is at 
            top left     (0,32)
            bottom right (1,35)
    
        Box  5 is at 
            top left     (0,28)
            bottom right (1,31)
    
        Box  6 is at 
            top left     (0,24)
            bottom right (1,27)
    
        Box  7 is at 
            top left     (0,20)
            bottom right (1,23)
    
        Box  8 is at 
            top left     (0,15)
            bottom right (1,18)
    
        Box  9 is at 
            top left     (2,20)
            bottom right (2,20)
    
        Box 10 is at 
            top left     (2,13)
            bottom right (2,13)
    
        Box 11 is at 
            top left     (2,31)
            bottom right (2,35)
    
        Box 12 is at 
            top left     (2,26)
            bottom right (2,30)
    
        Box 13 is at 
            top left     (2,21)
            bottom right (2,25)
    
        Roll length used: 36

    [1;34mTry max length:[0m 35
    [1;34m    At iteration:[0m 11
        lingeling found a solution in .331 ms

       | W
     L |  0 1  2 
    ------------
     0 |  1 1  1 
     1 |  4 4  . 
     2 |  4 4  . 
     3 |  4 4  . 
     4 |  4 4  . 
     5 |  . .  . 
     6 |  . .  . 
     7 |  2 2  2 
     8 |  . .  . 
     9 |  . .  . 
    10 |  . .  . 
    11 | 11 .  . 
    12 | 11 .  . 
    13 | 11 5  5 
    14 | 11 5  5 
    15 | 11 5  5 
    16 |  3 5  5 
    17 |  3 .  . 
    18 |  3 . 13 
    19 | 12 . 13 
    20 | 12 . 13 
    21 | 12 . 13 
    22 | 12 . 13 
    23 | 12 7  7 
    24 | 10 7  7 
    25 |  . 7  7 
    26 |  . 7  7 
    27 |  8 8  . 
    28 |  8 8  . 
    29 |  8 8  . 
    30 |  8 8  . 
    31 |  6 6  . 
    32 |  6 6  . 
    33 |  6 6  . 
    34 |  6 6  9 
    
    Boxes' corners:       (w,l)
        Box  1 is at 
            top left     (0,0)
            bottom right (2,0)
    
        Box  2 is at 
            top left     (0,7)
            bottom right (2,7)
    
        Box  3 is at 
            top left     (0,16)
            bottom right (0,18)
    
        Box  4 is at 
            top left     (0,1)
            bottom right (1,4)
    
        Box  5 is at 
            top left     (1,13)
            bottom right (2,16)
    
        Box  6 is at 
            top left     (0,31)
            bottom right (1,34)
    
        Box  7 is at 
            top left     (1,23)
            bottom right (2,26)
    
        Box  8 is at 
            top left     (0,27)
            bottom right (1,30)
    
        Box  9 is at 
            top left     (2,34)
            bottom right (2,34)
    
        Box 10 is at 
            top left     (0,24)
            bottom right (0,24)
    
        Box 11 is at 
            top left     (0,11)
            bottom right (0,15)
    
        Box 12 is at 
            top left     (0,19)
            bottom right (0,23)
    
        Box 13 is at 
            top left     (2,18)
            bottom right (2,22)
    
        Roll length used: 35

    [1;34mTry max length:[0m 34
    [1;34m    At iteration:[0m 12
        lingeling found a solution in .391 ms

       | W
     L | 0  1  2 
    ------------
     0 | 3  3  3 
     1 | 2  2  2 
     2 | .  .  . 
     3 | .  .  . 
     4 | .  .  . 
     5 | .  .  . 
     6 | .  .  . 
     7 | .  1  . 
     8 | .  1  . 
     9 | .  1  . 
    10 | 8  8  . 
    11 | 8  8  . 
    12 | 8  8  . 
    13 | 8  8  . 
    14 | 7  7  . 
    15 | 7  7  . 
    16 | 7  7  . 
    17 | 7  7  . 
    18 | .  .  . 
    19 | .  . 13 
    20 | 9  . 13 
    21 | . 10 13 
    22 | 6  6 13 
    23 | 6  6 13 
    24 | 6  6 12 
    25 | 6  6 12 
    26 | 5  5 12 
    27 | 5  5 12 
    28 | 5  5 12 
    29 | 5  5 11 
    30 | 4  4 11 
    31 | 4  4 11 
    32 | 4  4 11 
    33 | 4  4 11 
    
    Boxes' corners:       (w,l)
        Box  1 is at 
            top left     (1,7)
            bottom right (1,9)
    
        Box  2 is at 
            top left     (0,1)
            bottom right (2,1)
    
        Box  3 is at 
            top left     (0,0)
            bottom right (2,0)
    
        Box  4 is at 
            top left     (0,30)
            bottom right (1,33)
    
        Box  5 is at 
            top left     (0,26)
            bottom right (1,29)
    
        Box  6 is at 
            top left     (0,22)
            bottom right (1,25)
    
        Box  7 is at 
            top left     (0,14)
            bottom right (1,17)
    
        Box  8 is at 
            top left     (0,10)
            bottom right (1,13)
    
        Box  9 is at 
            top left     (0,20)
            bottom right (0,20)
    
        Box 10 is at 
            top left     (1,21)
            bottom right (1,21)
    
        Box 11 is at 
            top left     (2,29)
            bottom right (2,33)
    
        Box 12 is at 
            top left     (2,24)
            bottom right (2,28)
    
        Box 13 is at 
            top left     (2,19)
            bottom right (2,23)
    
        Roll length used: 34

    [1;34mTry max length:[0m 33
    [1;34m    At iteration:[0m 13
        lingeling found a solution in .379 ms

       | W
     L | 0  1  2 
    ------------
     0 | 3  3  3 
     1 | 2  2  2 
     2 | .  .  . 
     3 | .  .  . 
     4 | .  .  . 
     5 | .  .  . 
     6 | .  .  . 
     7 | .  1  . 
     8 | .  1  . 
     9 | .  1  . 
    10 | 8  8  . 
    11 | 8  8  . 
    12 | 8  8  . 
    13 | 8  8  . 
    14 | 7  7  . 
    15 | 7  7  . 
    16 | 7  7  . 
    17 | 7  7  . 
    18 | .  . 13 
    19 | .  . 13 
    20 | 9 10 13 
    21 | 6  6 13 
    22 | 6  6 13 
    23 | 6  6 12 
    24 | 6  6 12 
    25 | 5  5 12 
    26 | 5  5 12 
    27 | 5  5 12 
    28 | 5  5 11 
    29 | 4  4 11 
    30 | 4  4 11 
    31 | 4  4 11 
    32 | 4  4 11 
    
    Boxes' corners:       (w,l)
        Box  1 is at 
            top left     (1,7)
            bottom right (1,9)
    
        Box  2 is at 
            top left     (0,1)
            bottom right (2,1)
    
        Box  3 is at 
            top left     (0,0)
            bottom right (2,0)
    
        Box  4 is at 
            top left     (0,29)
            bottom right (1,32)
    
        Box  5 is at 
            top left     (0,25)
            bottom right (1,28)
    
        Box  6 is at 
            top left     (0,21)
            bottom right (1,24)
    
        Box  7 is at 
            top left     (0,14)
            bottom right (1,17)
    
        Box  8 is at 
            top left     (0,10)
            bottom right (1,13)
    
        Box  9 is at 
            top left     (0,20)
            bottom right (0,20)
    
        Box 10 is at 
            top left     (1,20)
            bottom right (1,20)
    
        Box 11 is at 
            top left     (2,28)
            bottom right (2,32)
    
        Box 12 is at 
            top left     (2,23)
            bottom right (2,27)
    
        Box 13 is at 
            top left     (2,18)
            bottom right (2,22)
    
        Roll length used: 33

    [1;34mTry max length:[0m 32
    [1;34m    At iteration:[0m 14
        lingeling found a solution in .270 ms

       | W
     L |  0 1  2 
    ------------
     0 |  7 7 11 
     1 |  7 7 11 
     2 |  7 7 11 
     3 |  7 7 11 
     4 |  . . 11 
     5 |  2 2  2 
     6 |  . .  . 
     7 |  3 .  . 
     8 |  3 . 13 
     9 |  3 . 13 
    10 |  5 5 13 
    11 |  5 5 13 
    12 |  5 5 13 
    13 |  5 5  . 
    14 |  1 1  1 
    15 |  4 4  . 
    16 |  4 4  . 
    17 |  4 4  . 
    18 |  4 4  . 
    19 | 12 .  . 
    20 | 12 .  . 
    21 | 12 .  . 
    22 | 12 .  . 
    23 | 12 .  . 
    24 |  6 6  . 
    25 |  6 6  . 
    26 |  6 6  . 
    27 |  6 6  . 
    28 |  . 8  8 
    29 |  . 8  8 
    30 | 10 8  8 
    31 |  9 8  8 
    
    Boxes' corners:       (w,l)
        Box  1 is at 
            top left     (0,14)
            bottom right (2,14)
    
        Box  2 is at 
            top left     (0,5)
            bottom right (2,5)
    
        Box  3 is at 
            top left     (0,7)
            bottom right (0,9)
    
        Box  4 is at 
            top left     (0,15)
            bottom right (1,18)
    
        Box  5 is at 
            top left     (0,10)
            bottom right (1,13)
    
        Box  6 is at 
            top left     (0,24)
            bottom right (1,27)
    
        Box  7 is at 
            top left     (0,0)
            bottom right (1,3)
    
        Box  8 is at 
            top left     (1,28)
            bottom right (2,31)
    
        Box  9 is at 
            top left     (0,31)
            bottom right (0,31)
    
        Box 10 is at 
            top left     (0,30)
            bottom right (0,30)
    
        Box 11 is at 
            top left     (2,0)
            bottom right (2,4)
    
        Box 12 is at 
            top left     (0,19)
            bottom right (0,23)
    
        Box 13 is at 
            top left     (2,8)
            bottom right (2,12)
    
        Roll length used: 32

    [1;34mTry max length:[0m 31
    [1;34m    At iteration:[0m 15
        lingeling found a solution in .358 ms

       | W
     L |  0  1  2 
    -------------
     0 |  3  3  3 
     1 |  2  2  2 
     2 |  . 13  . 
     3 |  . 13  . 
     4 |  . 13  . 
     5 |  . 13  . 
     6 |  1 13  . 
     7 |  1  .  . 
     8 |  1  .  . 
     9 |  8  8  . 
    10 |  8  8  . 
    11 |  8  8  . 
    12 |  8  8  . 
    13 |  7  7  . 
    14 |  7  7  . 
    15 |  7  7  . 
    16 |  7  7  . 
    17 |  .  . 12 
    18 | 10  . 12 
    19 |  6  6 12 
    20 |  6  6 12 
    21 |  6  6 12 
    22 |  6  6 11 
    23 |  5  5 11 
    24 |  5  5 11 
    25 |  5  5 11 
    26 |  5  5 11 
    27 |  .  4  4 
    28 |  .  4  4 
    29 |  9  4  4 
    30 |  .  4  4 
    
    Boxes' corners:       (w,l)
        Box  1 is at 
            top left     (0,6)
            bottom right (0,8)
    
        Box  2 is at 
            top left     (0,1)
            bottom right (2,1)
    
        Box  3 is at 
            top left     (0,0)
            bottom right (2,0)
    
        Box  4 is at 
            top left     (1,27)
            bottom right (2,30)
    
        Box  5 is at 
            top left     (0,23)
            bottom right (1,26)
    
        Box  6 is at 
            top left     (0,19)
            bottom right (1,22)
    
        Box  7 is at 
            top left     (0,13)
            bottom right (1,16)
    
        Box  8 is at 
            top left     (0,9)
            bottom right (1,12)
    
        Box  9 is at 
            top left     (0,29)
            bottom right (0,29)
    
        Box 10 is at 
            top left     (0,18)
            bottom right (0,18)
    
        Box 11 is at 
            top left     (2,22)
            bottom right (2,26)
    
        Box 12 is at 
            top left     (2,17)
            bottom right (2,21)
    
        Box 13 is at 
            top left     (1,2)
            bottom right (1,6)
    
        Roll length used: 31

    [1;34mTry max length:[0m 30
    [1;34m    At iteration:[0m 16
        lingeling found a solution in .298 ms

       | W
     L | 0 1  2 
    -----------
     0 | 1 1  1 
     1 | . . 10 
     2 | . . 11 
     3 | 5 5 11 
     4 | 5 5 11 
     5 | 5 5 11 
     6 | 5 5 11 
     7 | . . 13 
     8 | . . 13 
     9 | . . 13 
    10 | 4 4 13 
    11 | 4 4 13 
    12 | 4 4  . 
    13 | 4 4  . 
    14 | 3 . 12 
    15 | 3 . 12 
    16 | 3 . 12 
    17 | 6 6 12 
    18 | 6 6 12 
    19 | 6 6  . 
    20 | 6 6  . 
    21 | 2 .  . 
    22 | 2 8  8 
    23 | 2 8  8 
    24 | . 8  8 
    25 | . 8  8 
    26 | . 7  7 
    27 | . 7  7 
    28 | . 7  7 
    29 | 9 7  7 
    
    Boxes' corners:       (w,l)
        Box  1 is at 
            top left     (0,0)
            bottom right (2,0)
    
        Box  2 is at 
            top left     (0,21)
            bottom right (0,23)
    
        Box  3 is at 
            top left     (0,14)
            bottom right (0,16)
    
        Box  4 is at 
            top left     (0,10)
            bottom right (1,13)
    
        Box  5 is at 
            top left     (0,3)
            bottom right (1,6)
    
        Box  6 is at 
            top left     (0,17)
            bottom right (1,20)
    
        Box  7 is at 
            top left     (1,26)
            bottom right (2,29)
    
        Box  8 is at 
            top left     (1,22)
            bottom right (2,25)
    
        Box  9 is at 
            top left     (0,29)
            bottom right (0,29)
    
        Box 10 is at 
            top left     (2,1)
            bottom right (2,1)
    
        Box 11 is at 
            top left     (2,2)
            bottom right (2,6)
    
        Box 12 is at 
            top left     (2,14)
            bottom right (2,18)
    
        Box 13 is at 
            top left     (2,7)
            bottom right (2,11)
    
        Roll length used: 30

    [1;34mTry max length:[0m 29
    [1;34m    At iteration:[0m 17
        lingeling found a solution in .384 ms

       | W
     L |  0 1  2 
    ------------
     0 |  3 3  3 
     1 |  . .  . 
     2 |  . .  . 
     3 | 13 .  . 
     4 | 13 .  . 
     5 | 13 1  . 
     6 | 13 1  . 
     7 | 13 1  . 
     8 |  8 8  . 
     9 |  8 8  . 
    10 |  8 8  . 
    11 |  8 8  . 
    12 |  7 7  . 
    13 |  7 7  . 
    14 |  7 7  . 
    15 |  7 7  . 
    16 |  2 2  2 
    17 |  6 6 10 
    18 |  6 6  9 
    19 |  6 6 12 
    20 |  6 6 12 
    21 |  5 5 12 
    22 |  5 5 12 
    23 |  5 5 12 
    24 |  5 5 11 
    25 |  4 4 11 
    26 |  4 4 11 
    27 |  4 4 11 
    28 |  4 4 11 
    
    Boxes' corners:       (w,l)
        Box  1 is at 
            top left     (1,5)
            bottom right (1,7)
    
        Box  2 is at 
            top left     (0,16)
            bottom right (2,16)
    
        Box  3 is at 
            top left     (0,0)
            bottom right (2,0)
    
        Box  4 is at 
            top left     (0,25)
            bottom right (1,28)
    
        Box  5 is at 
            top left     (0,21)
            bottom right (1,24)
    
        Box  6 is at 
            top left     (0,17)
            bottom right (1,20)
    
        Box  7 is at 
            top left     (0,12)
            bottom right (1,15)
    
        Box  8 is at 
            top left     (0,8)
            bottom right (1,11)
    
        Box  9 is at 
            top left     (2,18)
            bottom right (2,18)
    
        Box 10 is at 
            top left     (2,17)
            bottom right (2,17)
    
        Box 11 is at 
            top left     (2,24)
            bottom right (2,28)
    
        Box 12 is at 
            top left     (2,19)
            bottom right (2,23)
    
        Box 13 is at 
            top left     (0,3)
            bottom right (0,7)
    
        Roll length used: 29

    [1;34mTry max length:[0m 28
    [1;34m    At iteration:[0m 18
        lingeling found a solution in .367 ms

       | W
     L | 0  1  2 
    ------------
     0 | 3  3  3 
     1 | 2  2  2 
     2 | . 13  . 
     3 | . 13  . 
     4 | 1 13  . 
     5 | 1 13  . 
     6 | 1 13  . 
     7 | 8  8  . 
     8 | 8  8  . 
     9 | 8  8  . 
    10 | 8  8  . 
    11 | 7  7  . 
    12 | 7  7 10 
    13 | 7  7  . 
    14 | 7  7  . 
    15 | .  .  . 
    16 | 6  6  . 
    17 | 6  6  9 
    18 | 6  6 12 
    19 | 6  6 12 
    20 | 5  5 12 
    21 | 5  5 12 
    22 | 5  5 12 
    23 | 5  5 11 
    24 | 4  4 11 
    25 | 4  4 11 
    26 | 4  4 11 
    27 | 4  4 11 
    
    Boxes' corners:       (w,l)
        Box  1 is at 
            top left     (0,4)
            bottom right (0,6)
    
        Box  2 is at 
            top left     (0,1)
            bottom right (2,1)
    
        Box  3 is at 
            top left     (0,0)
            bottom right (2,0)
    
        Box  4 is at 
            top left     (0,24)
            bottom right (1,27)
    
        Box  5 is at 
            top left     (0,20)
            bottom right (1,23)
    
        Box  6 is at 
            top left     (0,16)
            bottom right (1,19)
    
        Box  7 is at 
            top left     (0,11)
            bottom right (1,14)
    
        Box  8 is at 
            top left     (0,7)
            bottom right (1,10)
    
        Box  9 is at 
            top left     (2,17)
            bottom right (2,17)
    
        Box 10 is at 
            top left     (2,12)
            bottom right (2,12)
    
        Box 11 is at 
            top left     (2,23)
            bottom right (2,27)
    
        Box 12 is at 
            top left     (2,18)
            bottom right (2,22)
    
        Box 13 is at 
            top left     (1,2)
            bottom right (1,6)
    
        Roll length used: 28

    [1;34mTry max length:[0m 27
    [1;34m    At iteration:[0m 19
        lingeling found a solution in .241 ms

       | W
     L |  0 1  2 
    ------------
     0 |  1 1  1 
     1 |  . .  . 
     2 |  2 2  2 
     3 |  . .  . 
     4 |  . 6  6 
     5 |  . 6  6 
     6 |  . 6  6 
     7 | 12 6  6 
     8 | 12 . 10 
     9 | 12 5  5 
    10 | 12 5  5 
    11 | 12 5  5 
    12 |  . 5  5 
    13 |  4 4  . 
    14 |  4 4  . 
    15 |  4 4  3 
    16 |  4 4  3 
    17 |  . .  3 
    18 |  7 7 13 
    19 |  7 7 13 
    20 |  7 7 13 
    21 |  7 7 13 
    22 | 11 9 13 
    23 | 11 8  8 
    24 | 11 8  8 
    25 | 11 8  8 
    26 | 11 8  8 
    
    Boxes' corners:       (w,l)
        Box  1 is at 
            top left     (0,0)
            bottom right (2,0)
    
        Box  2 is at 
            top left     (0,2)
            bottom right (2,2)
    
        Box  3 is at 
            top left     (2,15)
            bottom right (2,17)
    
        Box  4 is at 
            top left     (0,13)
            bottom right (1,16)
    
        Box  5 is at 
            top left     (1,9)
            bottom right (2,12)
    
        Box  6 is at 
            top left     (1,4)
            bottom right (2,7)
    
        Box  7 is at 
            top left     (0,18)
            bottom right (1,21)
    
        Box  8 is at 
            top left     (1,23)
            bottom right (2,26)
    
        Box  9 is at 
            top left     (1,22)
            bottom right (1,22)
    
        Box 10 is at 
            top left     (2,8)
            bottom right (2,8)
    
        Box 11 is at 
            top left     (0,22)
            bottom right (0,26)
    
        Box 12 is at 
            top left     (0,7)
            bottom right (0,11)
    
        Box 13 is at 
            top left     (2,18)
            bottom right (2,22)
    
        Roll length used: 27

    [1;34mTry max length:[0m 26
    [1;34m    At iteration:[0m 20
        lingeling found a solution in .271 ms

       | W
     L | 0 1  2 
    -----------
     0 | 1 .  . 
     1 | 1 . 10 
     2 | 1 7  7 
     3 | 3 7  7 
     4 | 3 7  7 
     5 | 3 7  7 
     6 | 8 8  . 
     7 | 8 8  . 
     8 | 8 8 11 
     9 | 8 8 11 
    10 | . . 11 
    11 | . . 11 
    12 | 4 4 11 
    13 | 4 4 12 
    14 | 4 4 12 
    15 | 4 4 12 
    16 | 5 5 12 
    17 | 5 5 12 
    18 | 5 5 13 
    19 | 5 5 13 
    20 | 6 6 13 
    21 | 6 6 13 
    22 | 6 6 13 
    23 | 6 6  2 
    24 | . .  2 
    25 | 9 .  2 
    
    Boxes' corners:       (w,l)
        Box  1 is at 
            top left     (0,0)
            bottom right (0,2)
    
        Box  2 is at 
            top left     (2,23)
            bottom right (2,25)
    
        Box  3 is at 
            top left     (0,3)
            bottom right (0,5)
    
        Box  4 is at 
            top left     (0,12)
            bottom right (1,15)
    
        Box  5 is at 
            top left     (0,16)
            bottom right (1,19)
    
        Box  6 is at 
            top left     (0,20)
            bottom right (1,23)
    
        Box  7 is at 
            top left     (1,2)
            bottom right (2,5)
    
        Box  8 is at 
            top left     (0,6)
            bottom right (1,9)
    
        Box  9 is at 
            top left     (0,25)
            bottom right (0,25)
    
        Box 10 is at 
            top left     (2,1)
            bottom right (2,1)
    
        Box 11 is at 
            top left     (2,8)
            bottom right (2,12)
    
        Box 12 is at 
            top left     (2,13)
            bottom right (2,17)
    
        Box 13 is at 
            top left     (2,18)
            bottom right (2,22)
    
        Roll length used: 26

    [1;34mTry max length:[0m 25
    [1;34m    At iteration:[0m 21
        lingeling found a solution in .324 ms

       | W
     L | 0 1  2 
    -----------
     0 | 3 3  3 
     1 | 8 8 11 
     2 | 8 8 11 
     3 | 8 8 11 
     4 | 8 8 11 
     5 | 1 . 11 
     6 | 1 7  7 
     7 | 1 7  7 
     8 | . 7  7 
     9 | . 7  7 
    10 | 6 6  . 
    11 | 6 6 10 
    12 | 6 6  . 
    13 | 6 6  . 
    14 | 2 2  2 
    15 | . 9 13 
    16 | . . 13 
    17 | 5 5 13 
    18 | 5 5 13 
    19 | 5 5 13 
    20 | 5 5 12 
    21 | 4 4 12 
    22 | 4 4 12 
    23 | 4 4 12 
    24 | 4 4 12 
    
    Boxes' corners:       (w,l)
        Box  1 is at 
            top left     (0,5)
            bottom right (0,7)
    
        Box  2 is at 
            top left     (0,14)
            bottom right (2,14)
    
        Box  3 is at 
            top left     (0,0)
            bottom right (2,0)
    
        Box  4 is at 
            top left     (0,21)
            bottom right (1,24)
    
        Box  5 is at 
            top left     (0,17)
            bottom right (1,20)
    
        Box  6 is at 
            top left     (0,10)
            bottom right (1,13)
    
        Box  7 is at 
            top left     (1,6)
            bottom right (2,9)
    
        Box  8 is at 
            top left     (0,1)
            bottom right (1,4)
    
        Box  9 is at 
            top left     (1,15)
            bottom right (1,15)
    
        Box 10 is at 
            top left     (2,11)
            bottom right (2,11)
    
        Box 11 is at 
            top left     (2,1)
            bottom right (2,5)
    
        Box 12 is at 
            top left     (2,20)
            bottom right (2,24)
    
        Box 13 is at 
            top left     (2,15)
            bottom right (2,19)
    
        Roll length used: 25

    [1;34mTry max length:[0m 24
    [1;34m    At iteration:[0m 22
        lingeling found a solution in .335 ms

       | W
     L |  0 1  2 
    ------------
     0 |  2 2  2 
     1 |  1 8  8 
     2 |  1 8  8 
     3 |  1 8  8 
     4 | 11 8  8 
     5 | 11 7  7 
     6 | 11 7  7 
     7 | 11 7  7 
     8 | 11 7  7 
     9 |  6 6 12 
    10 |  6 6 12 
    11 |  6 6 12 
    12 |  6 6 12 
    13 |  . . 12 
    14 |  3 3  3 
    15 | 13 .  . 
    16 | 13 5  5 
    17 | 13 5  5 
    18 | 13 5  5 
    19 | 13 5  5 
    20 |  4 4 10 
    21 |  4 4  . 
    22 |  4 4  9 
    23 |  4 4  . 
    
    Boxes' corners:       (w,l)
        Box  1 is at 
            top left     (0,1)
            bottom right (0,3)
    
        Box  2 is at 
            top left     (0,0)
            bottom right (2,0)
    
        Box  3 is at 
            top left     (0,14)
            bottom right (2,14)
    
        Box  4 is at 
            top left     (0,20)
            bottom right (1,23)
    
        Box  5 is at 
            top left     (1,16)
            bottom right (2,19)
    
        Box  6 is at 
            top left     (0,9)
            bottom right (1,12)
    
        Box  7 is at 
            top left     (1,5)
            bottom right (2,8)
    
        Box  8 is at 
            top left     (1,1)
            bottom right (2,4)
    
        Box  9 is at 
            top left     (2,22)
            bottom right (2,22)
    
        Box 10 is at 
            top left     (2,20)
            bottom right (2,20)
    
        Box 11 is at 
            top left     (0,4)
            bottom right (0,8)
    
        Box 12 is at 
            top left     (2,9)
            bottom right (2,13)
    
        Box 13 is at 
            top left     (0,15)
            bottom right (0,19)
    
        Roll length used: 24

    [1;34mTry max length:[0m 23
    [1;34m    At iteration:[0m 23
        lingeling found a solution in .327 ms

       | W
     L |  0  1  2 
    -------------
     0 |  1 10  . 
     1 |  1  8  8 
     2 |  1  8  8 
     3 |  .  8  8 
     4 |  3  8  8 
     5 |  3  7  7 
     6 |  3  7  7 
     7 | 12  7  7 
     8 | 12  7  7 
     9 | 12  6  6 
    10 | 12  6  6 
    11 | 12  6  6 
    12 |  9  6  6 
    13 |  2  2  2 
    14 | 13  5  5 
    15 | 13  5  5 
    16 | 13  5  5 
    17 | 13  5  5 
    18 | 13  . 11 
    19 |  4  4 11 
    20 |  4  4 11 
    21 |  4  4 11 
    22 |  4  4 11 
    
    Boxes' corners:       (w,l)
        Box  1 is at 
            top left     (0,0)
            bottom right (0,2)
    
        Box  2 is at 
            top left     (0,13)
            bottom right (2,13)
    
        Box  3 is at 
            top left     (0,4)
            bottom right (0,6)
    
        Box  4 is at 
            top left     (0,19)
            bottom right (1,22)
    
        Box  5 is at 
            top left     (1,14)
            bottom right (2,17)
    
        Box  6 is at 
            top left     (1,9)
            bottom right (2,12)
    
        Box  7 is at 
            top left     (1,5)
            bottom right (2,8)
    
        Box  8 is at 
            top left     (1,1)
            bottom right (2,4)
    
        Box  9 is at 
            top left     (0,12)
            bottom right (0,12)
    
        Box 10 is at 
            top left     (1,0)
            bottom right (1,0)
    
        Box 11 is at 
            top left     (2,18)
            bottom right (2,22)
    
        Box 12 is at 
            top left     (0,7)
            bottom right (0,11)
    
        Box 13 is at 
            top left     (0,14)
            bottom right (0,18)
    
        Roll length used: 23

    [1;34mTry max length:[0m 22
    [1;34m    At iteration:[0m 24
        lingeling found a solution in .252 ms

       | W
     L |  0 1  2 
    ------------
     0 | 11 8  8 
     1 | 11 8  8 
     2 | 11 8  8 
     3 | 11 8  8 
     4 | 11 6  6 
     5 |  1 6  6 
     6 |  1 6  6 
     7 |  1 6  6 
     8 |  7 7  3 
     9 |  7 7  3 
    10 |  7 7  3 
    11 |  7 7 13 
    12 |  4 4 13 
    13 |  4 4 13 
    14 |  4 4 13 
    15 |  4 4 13 
    16 |  2 2  2 
    17 | 10 9 12 
    18 |  5 5 12 
    19 |  5 5 12 
    20 |  5 5 12 
    21 |  5 5 12 
    
    Boxes' corners:       (w,l)
        Box  1 is at 
            top left     (0,5)
            bottom right (0,7)
    
        Box  2 is at 
            top left     (0,16)
            bottom right (2,16)
    
        Box  3 is at 
            top left     (2,8)
            bottom right (2,10)
    
        Box  4 is at 
            top left     (0,12)
            bottom right (1,15)
    
        Box  5 is at 
            top left     (0,18)
            bottom right (1,21)
    
        Box  6 is at 
            top left     (1,4)
            bottom right (2,7)
    
        Box  7 is at 
            top left     (0,8)
            bottom right (1,11)
    
        Box  8 is at 
            top left     (1,0)
            bottom right (2,3)
    
        Box  9 is at 
            top left     (1,17)
            bottom right (1,17)
    
        Box 10 is at 
            top left     (0,17)
            bottom right (0,17)
    
        Box 11 is at 
            top left     (0,0)
            bottom right (0,4)
    
        Box 12 is at 
            top left     (2,17)
            bottom right (2,21)
    
        Box 13 is at 
            top left     (2,11)
            bottom right (2,15)
    
        Roll length used: 22

    [1;34mTry max length:[0m 21
    [1;34m    At iteration:[0m 25
        [3;31mlingeling was timeout-terminated[0m
        [1;31mScript reached time limit[0m
