dt jun 5 19:25:28 CEST 2018
    [1;34mTry max length:[0m 999999
    [1;34m    At iteration:[0m 0
        lingeling found a solution in .278 ms

       | W
     L | 0 1 2 3 4 5 6 7 8 
    ----------------------
     0 | . . . . . . . . . 
     1 | 1 . . . . . . . . 
     2 | . . . . . . . . . 
     3 | . . . . . . . . . 
     4 | . . . . . . . . . 
     5 | . . . . . . . . . 
     6 | . . . . . . . . . 
     7 | . . . . . 4 4 4 . 
     8 | . . . . . 4 4 4 . 
     9 | . . . . . 4 4 4 3 
    10 | . . . . . . . . 3 
    11 | 2 . . 5 5 5 6 6 6 
    12 | 2 . . 5 5 5 6 6 6 
    13 | . . . 5 5 5 6 6 6 
    
    Boxes' corners:      (w,l)
        Box 1 is at 
            top left     (0,1)
            bottom right (0,1)
    
        Box 2 is at 
            top left     (0,11)
            bottom right (0,12)
    
        Box 3 is at 
            top left     (8,9)
            bottom right (8,10)
    
        Box 4 is at 
            top left     (5,7)
            bottom right (7,9)
    
        Box 5 is at 
            top left     (3,11)
            bottom right (5,13)
    
        Box 6 is at 
            top left     (6,11)
            bottom right (8,13)
    
        Roll length used: 14

    [1;34mTry max length:[0m 13
    [1;34m    At iteration:[0m 1
        lingeling found a solution in .326 ms

       | W
     L | 0 1 2 3 4 5 6 7 8 
    ----------------------
     0 | . . 1 . . . . . . 
     1 | . . . . . . . . . 
     2 | . . . . . . . . . 
     3 | . . . . . . . . . 
     4 | . . . . . . . . . 
     5 | . . . . . . . . . 
     6 | . . . . . . . . . 
     7 | . . . . . 4 4 4 . 
     8 | . . . . . 4 4 4 . 
     9 | 3 5 5 5 . 4 4 4 . 
    10 | 3 5 5 5 . . 6 6 6 
    11 | 2 5 5 5 . . 6 6 6 
    12 | 2 . . . . . 6 6 6 
    
    Boxes' corners:      (w,l)
        Box 1 is at 
            top left     (2,0)
            bottom right (2,0)
    
        Box 2 is at 
            top left     (0,11)
            bottom right (0,12)
    
        Box 3 is at 
            top left     (0,9)
            bottom right (0,10)
    
        Box 4 is at 
            top left     (5,7)
            bottom right (7,9)
    
        Box 5 is at 
            top left     (1,9)
            bottom right (3,11)
    
        Box 6 is at 
            top left     (6,10)
            bottom right (8,12)
    
        Roll length used: 13

    [1;34mTry max length:[0m 12
    [1;34m    At iteration:[0m 2
        lingeling found a solution in .294 ms

       | W
     L | 0 1 2 3 4 5 6 7 8 
    ----------------------
     0 | . . . . . . . . . 
     1 | . . . . . . . . . 
     2 | . . . . . . . . . 
     3 | . . . . . . . . . 
     4 | . . . . . . . . . 
     5 | . . . . . . . . . 
     6 | . 1 . . . . 6 6 6 
     7 | 2 . . . . . 6 6 6 
     8 | 2 . . 4 4 4 6 6 6 
     9 | 3 . . 4 4 4 5 5 5 
    10 | 3 . . 4 4 4 5 5 5 
    11 | . . . . . . 5 5 5 
    
    Boxes' corners:      (w,l)
        Box 1 is at 
            top left     (1,6)
            bottom right (1,6)
    
        Box 2 is at 
            top left     (0,7)
            bottom right (0,8)
    
        Box 3 is at 
            top left     (0,9)
            bottom right (0,10)
    
        Box 4 is at 
            top left     (3,8)
            bottom right (5,10)
    
        Box 5 is at 
            top left     (6,9)
            bottom right (8,11)
    
        Box 6 is at 
            top left     (6,6)
            bottom right (8,8)
    
        Roll length used: 12

    [1;34mTry max length:[0m 11
    [1;34m    At iteration:[0m 3
        lingeling found a solution in .265 ms

       | W
     L | 0 1 2 3 4 5 6 7 8 
    ----------------------
     0 | . . . . . . . . . 
     1 | 1 . . . . . . . . 
     2 | . . . . . . . . . 
     3 | . . . . . . . . . 
     4 | . . . . . . . . . 
     5 | . . . . 4 4 4 . . 
     6 | . . . . 4 4 4 . 3 
     7 | . . . . 4 4 4 . 3 
     8 | 2 . . 5 5 5 6 6 6 
     9 | 2 . . 5 5 5 6 6 6 
    10 | . . . 5 5 5 6 6 6 
    
    Boxes' corners:      (w,l)
        Box 1 is at 
            top left     (0,1)
            bottom right (0,1)
    
        Box 2 is at 
            top left     (0,8)
            bottom right (0,9)
    
        Box 3 is at 
            top left     (8,6)
            bottom right (8,7)
    
        Box 4 is at 
            top left     (4,5)
            bottom right (6,7)
    
        Box 5 is at 
            top left     (3,8)
            bottom right (5,10)
    
        Box 6 is at 
            top left     (6,8)
            bottom right (8,10)
    
        Roll length used: 11

    [1;34mTry max length:[0m 10
    [1;34m    At iteration:[0m 4
        lingeling found a solution in .253 ms

       | W
     L | 0 1 2 3 4 5 6 7 8 
    ----------------------
     0 | . . . . . . . . . 
     1 | . . . . . . . . . 
     2 | . . . . . . . . . 
     3 | . . . . . . 6 6 6 
     4 | . . . . . . 6 6 6 
     5 | . 1 . . . . 6 6 6 
     6 | 3 . . 4 4 4 . . . 
     7 | 3 . . 4 4 4 5 5 5 
     8 | 2 . . 4 4 4 5 5 5 
     9 | 2 . . . . . 5 5 5 
    
    Boxes' corners:      (w,l)
        Box 1 is at 
            top left     (1,5)
            bottom right (1,5)
    
        Box 2 is at 
            top left     (0,8)
            bottom right (0,9)
    
        Box 3 is at 
            top left     (0,6)
            bottom right (0,7)
    
        Box 4 is at 
            top left     (3,6)
            bottom right (5,8)
    
        Box 5 is at 
            top left     (6,7)
            bottom right (8,9)
    
        Box 6 is at 
            top left     (6,3)
            bottom right (8,5)
    
        Roll length used: 10

    [1;34mTry max length:[0m 9
    [1;34m    At iteration:[0m 5
        lingeling found a solution in .223 ms

      | W
    L | 0 1 2 3 4 5 6 7 8 
    ----------------------
    0 | . . . . . . . . . 
    1 | . . . . . . . . . 
    2 | . . . . . . . . . 
    3 | . 1 . . . 4 4 4 . 
    4 | . . . . . 4 4 4 3 
    5 | . . . . . 4 4 4 3 
    6 | 2 . . 6 6 6 5 5 5 
    7 | 2 . . 6 6 6 5 5 5 
    8 | . . . 6 6 6 5 5 5 
    
    Boxes' corners:      (w,l)
        Box 1 is at 
            top left     (1,3)
            bottom right (1,3)
    
        Box 2 is at 
            top left     (0,6)
            bottom right (0,7)
    
        Box 3 is at 
            top left     (8,4)
            bottom right (8,5)
    
        Box 4 is at 
            top left     (5,3)
            bottom right (7,5)
    
        Box 5 is at 
            top left     (6,6)
            bottom right (8,8)
    
        Box 6 is at 
            top left     (3,6)
            bottom right (5,8)
    
        Roll length used: 9

    [1;34mTry max length:[0m 8
    [1;34m    At iteration:[0m 6
        lingeling found a solution in .203 ms

      | W
    L | 0 1 2 3 4 5 6 7 8 
    ----------------------
    0 | . . . . . . . . . 
    1 | . 5 5 5 . . . . . 
    2 | . 5 5 5 . 4 4 4 3 
    3 | . 5 5 5 . 4 4 4 3 
    4 | . 1 . . . 4 4 4 . 
    5 | . . . . . . 6 6 6 
    6 | 2 . . . . . 6 6 6 
    7 | 2 . . . . . 6 6 6 
    
    Boxes' corners:      (w,l)
        Box 1 is at 
            top left     (1,4)
            bottom right (1,4)
    
        Box 2 is at 
            top left     (0,6)
            bottom right (0,7)
    
        Box 3 is at 
            top left     (8,2)
            bottom right (8,3)
    
        Box 4 is at 
            top left     (5,2)
            bottom right (7,4)
    
        Box 5 is at 
            top left     (1,1)
            bottom right (3,3)
    
        Box 6 is at 
            top left     (6,5)
            bottom right (8,7)
    
        Roll length used: 8

    [1;34mTry max length:[0m 7
    [1;34m    At iteration:[0m 7
        lingeling found a solution in .151 ms

      | W
    L | 0 1 2 3 4 5 6 7 8 
    ----------------------
    0 | . . . . . . . . 3 
    1 | . . . . . . . . 3 
    2 | 1 . . . . . . . 2 
    3 | . . . . . . . . 2 
    4 | 4 4 4 6 6 6 5 5 5 
    5 | 4 4 4 6 6 6 5 5 5 
    6 | 4 4 4 6 6 6 5 5 5 
    
    Boxes' corners:      (w,l)
        Box 1 is at 
            top left     (0,2)
            bottom right (0,2)
    
        Box 2 is at 
            top left     (8,2)
            bottom right (8,3)
    
        Box 3 is at 
            top left     (8,0)
            bottom right (8,1)
    
        Box 4 is at 
            top left     (0,4)
            bottom right (2,6)
    
        Box 5 is at 
            top left     (6,4)
            bottom right (8,6)
    
        Box 6 is at 
            top left     (3,4)
            bottom right (5,6)
    
        Roll length used: 7

    [1;34mTry max length:[0m 6
    [1;34m    At iteration:[0m 8
        lingeling found a solution in .124 ms

      | W
    L | 0 1 2 3 4 5 6 7 8 
    ----------------------
    0 | 6 6 6 4 4 4 . . . 
    1 | 6 6 6 4 4 4 . . 2 
    2 | 6 6 6 4 4 4 . . 2 
    3 | 1 . . . . . 5 5 5 
    4 | 3 . . . . . 5 5 5 
    5 | 3 . . . . . 5 5 5 
    
    Boxes' corners:      (w,l)
        Box 1 is at 
            top left     (0,3)
            bottom right (0,3)
    
        Box 2 is at 
            top left     (8,1)
            bottom right (8,2)
    
        Box 3 is at 
            top left     (0,4)
            bottom right (0,5)
    
        Box 4 is at 
            top left     (3,0)
            bottom right (5,2)
    
        Box 5 is at 
            top left     (6,3)
            bottom right (8,5)
    
        Box 6 is at 
            top left     (0,0)
            bottom right (2,2)
    
        Roll length used: 6

    [1;34mTry max length:[0m 5
    [1;34m    At iteration:[0m 9
        lingeling found a solution in .108 ms

      | W
    L | 0 1 2 3 4 5 6 7 8 
    ----------------------
    0 | 3 . . . . . 6 6 6 
    1 | 3 1 . 5 5 5 6 6 6 
    2 | 4 4 4 5 5 5 6 6 6 
    3 | 4 4 4 5 5 5 . . 2 
    4 | 4 4 4 . . . . . 2 
    
    Boxes' corners:      (w,l)
        Box 1 is at 
            top left     (1,1)
            bottom right (1,1)
    
        Box 2 is at 
            top left     (8,3)
            bottom right (8,4)
    
        Box 3 is at 
            top left     (0,0)
            bottom right (0,1)
    
        Box 4 is at 
            top left     (0,2)
            bottom right (2,4)
    
        Box 5 is at 
            top left     (3,1)
            bottom right (5,3)
    
        Box 6 is at 
            top left     (6,0)
            bottom right (8,2)
    
        Roll length used: 5

    [1;34mTry max length:[0m 4
    [1;34m    At iteration:[0m 10
        lingeling found a solution in .107 ms

      | W
    L | 0 1 2 3 4 5 6 7 8 
    ----------------------
    0 | 2 2 1 5 5 5 . . . 
    1 | 4 4 4 5 5 5 6 6 6 
    2 | 4 4 4 5 5 5 6 6 6 
    3 | 4 4 4 . 3 3 6 6 6 
    
    Boxes' corners:      (w,l)
        Box 1 is at 
            top left     (2,0)
            bottom right (2,0)
    
        Box 2 is at 
            top left     (0,0)
            bottom right (1,0)
    
        Box 3 is at 
            top left     (4,3)
            bottom right (5,3)
    
        Box 4 is at 
            top left     (0,1)
            bottom right (2,3)
    
        Box 5 is at 
            top left     (3,0)
            bottom right (5,2)
    
        Box 6 is at 
            top left     (6,1)
            bottom right (8,3)
    
        Roll length used: 4

    [1;34mTry max length:[0m 3
    [1;34m    At iteration:[0m 11
        [3;31mlingeling determined unsatisfiability of the Boolean formula[0m
        [1;32mOptimality reached![0m
