dc jun 6 20:36:08 CEST 2018
    [1;34mTry max length:[0m 999999
    [1;34m    At iteration:[0m 0
        lingeling found a solution in 1.002 ms

       | W
     L |  0  1  2  3  4 
    -------------------
     0 |  .  .  .  .  . 
     1 |  .  .  .  .  . 
     2 |  .  .  .  .  . 
     3 |  .  .  .  .  . 
     4 |  7  7  7  7  . 
     5 |  7  7  7  7  . 
     6 |  7  7  7  7  . 
     7 |  7  7  7  7  . 
     8 |  7  7  7  7  . 
     9 |  7  7  7  7  . 
    10 |  7  7  7  7  . 
    11 |  . 10 10 10 10 
    12 |  . 10 10 10 10 
    13 |  . 10 10 10 10 
    14 |  . 10 10 10 10 
    15 |  . 10 10 10 10 
    16 |  . 10 10 10 10 
    17 |  . 10 10 10 10 
    18 |  .  .  .  .  . 
    19 |  .  8  8  8  8 
    20 |  .  8  8  8  8 
    21 |  .  8  8  8  8 
    22 |  .  8  8  8  8 
    23 |  1  8  8  8  8 
    24 |  5  8  8  8  8 
    25 |  4  8  8  8  8 
    26 | 11 11 11 11  3 
    27 | 11 11 11 11  . 
    28 | 11 11 11 11  . 
    29 | 11 11 11 11  . 
    30 | 11 11 11 11  . 
    31 | 11 11 11 11  . 
    32 | 11 11 11 11  . 
    33 |  .  6  6  6  6 
    34 |  .  6  6  6  6 
    35 |  .  6  6  6  6 
    36 |  .  6  6  6  6 
    37 |  .  6  6  6  6 
    38 |  .  6  6  6  6 
    39 |  .  6  6  6  6 
    40 |  9  9  9  9  . 
    41 |  9  9  9  9  . 
    42 |  9  9  9  9  . 
    43 |  9  9  9  9  . 
    44 |  9  9  9  9  . 
    45 |  9  9  9  9  . 
    46 |  9  9  9  9  2 
    
    Boxes' corners:       (w,l)
        Box  1 is at 
            top left     (0,23)
            bottom right (0,23)
    
        Box  2 is at 
            top left     (4,46)
            bottom right (4,46)
    
        Box  3 is at 
            top left     (4,26)
            bottom right (4,26)
    
        Box  4 is at 
            top left     (0,25)
            bottom right (0,25)
    
        Box  5 is at 
            top left     (0,24)
            bottom right (0,24)
    
        Box  6 is at 
            top left     (1,33)
            bottom right (4,39)
    
        Box  7 is at 
            top left     (0,4)
            bottom right (3,10)
    
        Box  8 is at 
            top left     (1,19)
            bottom right (4,25)
    
        Box  9 is at 
            top left     (0,40)
            bottom right (3,46)
    
        Box 10 is at 
            top left     (1,11)
            bottom right (4,17)
    
        Box 11 is at 
            top left     (0,26)
            bottom right (3,32)
    
        Roll length used: 47

    [1;34mTry max length:[0m 46
    [1;34m    At iteration:[0m 1
        lingeling found a solution in .997 ms

       | W
     L |  0  1  2  3 4 
    ------------------
     0 |  .  6  6  6 6 
     1 |  .  6  6  6 6 
     2 |  .  6  6  6 6 
     3 |  .  6  6  6 6 
     4 |  .  6  6  6 6 
     5 |  .  6  6  6 6 
     6 |  .  6  6  6 6 
     7 |  .  .  .  . . 
     8 |  .  .  .  . . 
     9 | 10 10 10 10 . 
    10 | 10 10 10 10 . 
    11 | 10 10 10 10 . 
    12 | 10 10 10 10 . 
    13 | 10 10 10 10 . 
    14 | 10 10 10 10 . 
    15 | 10 10 10 10 . 
    16 |  .  7  7  7 7 
    17 |  .  7  7  7 7 
    18 |  .  7  7  7 7 
    19 |  .  7  7  7 7 
    20 |  .  7  7  7 7 
    21 |  .  7  7  7 7 
    22 |  1  7  7  7 7 
    23 | 11 11 11 11 5 
    24 | 11 11 11 11 4 
    25 | 11 11 11 11 . 
    26 | 11 11 11 11 . 
    27 | 11 11 11 11 . 
    28 | 11 11 11 11 . 
    29 | 11 11 11 11 . 
    30 |  9  9  9  9 . 
    31 |  9  9  9  9 . 
    32 |  9  9  9  9 . 
    33 |  9  9  9  9 . 
    34 |  9  9  9  9 . 
    35 |  9  9  9  9 . 
    36 |  9  9  9  9 . 
    37 |  8  8  8  8 . 
    38 |  8  8  8  8 . 
    39 |  8  8  8  8 . 
    40 |  8  8  8  8 . 
    41 |  8  8  8  8 . 
    42 |  8  8  8  8 . 
    43 |  8  8  8  8 . 
    44 |  .  .  .  . . 
    45 |  3  .  .  . 2 
    
    Boxes' corners:       (w,l)
        Box  1 is at 
            top left     (0,22)
            bottom right (0,22)
    
        Box  2 is at 
            top left     (4,45)
            bottom right (4,45)
    
        Box  3 is at 
            top left     (0,45)
            bottom right (0,45)
    
        Box  4 is at 
            top left     (4,24)
            bottom right (4,24)
    
        Box  5 is at 
            top left     (4,23)
            bottom right (4,23)
    
        Box  6 is at 
            top left     (1,0)
            bottom right (4,6)
    
        Box  7 is at 
            top left     (1,16)
            bottom right (4,22)
    
        Box  8 is at 
            top left     (0,37)
            bottom right (3,43)
    
        Box  9 is at 
            top left     (0,30)
            bottom right (3,36)
    
        Box 10 is at 
            top left     (0,9)
            bottom right (3,15)
    
        Box 11 is at 
            top left     (0,23)
            bottom right (3,29)
    
        Roll length used: 46

    [1;34mTry max length:[0m 45
    [1;34m    At iteration:[0m 2
        lingeling found a solution in .950 ms

       | W
     L |  0  1  2  3  4 
    -------------------
     0 | 11 11 11 11  . 
     1 | 11 11 11 11  . 
     2 | 11 11 11 11  . 
     3 | 11 11 11 11  . 
     4 | 11 11 11 11  . 
     5 | 11 11 11 11  . 
     6 | 11 11 11 11  5 
     7 |  .  .  .  .  4 
     8 |  .  9  9  9  9 
     9 |  .  9  9  9  9 
    10 |  .  9  9  9  9 
    11 |  .  9  9  9  9 
    12 |  .  9  9  9  9 
    13 |  .  9  9  9  9 
    14 |  .  9  9  9  9 
    15 |  .  .  1  3  . 
    16 |  6  6  6  6  . 
    17 |  6  6  6  6  . 
    18 |  6  6  6  6  . 
    19 |  6  6  6  6  . 
    20 |  6  6  6  6  . 
    21 |  6  6  6  6  . 
    22 |  6  6  6  6  . 
    23 |  . 10 10 10 10 
    24 |  . 10 10 10 10 
    25 |  . 10 10 10 10 
    26 |  . 10 10 10 10 
    27 |  . 10 10 10 10 
    28 |  . 10 10 10 10 
    29 |  . 10 10 10 10 
    30 |  8  8  8  8  . 
    31 |  8  8  8  8  . 
    32 |  8  8  8  8  . 
    33 |  8  8  8  8  . 
    34 |  8  8  8  8  . 
    35 |  8  8  8  8  . 
    36 |  8  8  8  8  . 
    37 |  .  .  .  .  . 
    38 |  .  7  7  7  7 
    39 |  .  7  7  7  7 
    40 |  .  7  7  7  7 
    41 |  .  7  7  7  7 
    42 |  .  7  7  7  7 
    43 |  .  7  7  7  7 
    44 |  2  7  7  7  7 
    
    Boxes' corners:       (w,l)
        Box  1 is at 
            top left     (2,15)
            bottom right (2,15)
    
        Box  2 is at 
            top left     (0,44)
            bottom right (0,44)
    
        Box  3 is at 
            top left     (3,15)
            bottom right (3,15)
    
        Box  4 is at 
            top left     (4,7)
            bottom right (4,7)
    
        Box  5 is at 
            top left     (4,6)
            bottom right (4,6)
    
        Box  6 is at 
            top left     (0,16)
            bottom right (3,22)
    
        Box  7 is at 
            top left     (1,38)
            bottom right (4,44)
    
        Box  8 is at 
            top left     (0,30)
            bottom right (3,36)
    
        Box  9 is at 
            top left     (1,8)
            bottom right (4,14)
    
        Box 10 is at 
            top left     (1,23)
            bottom right (4,29)
    
        Box 11 is at 
            top left     (0,0)
            bottom right (3,6)
    
        Roll length used: 45

    [1;34mTry max length:[0m 44
    [1;34m    At iteration:[0m 3
        lingeling found a solution in .949 ms

       | W
     L |  0  1  2  3  4 
    -------------------
     0 |  .  .  1  .  . 
     1 |  7  7  7  7  . 
     2 |  7  7  7  7  . 
     3 |  7  7  7  7  . 
     4 |  7  7  7  7  . 
     5 |  7  7  7  7  . 
     6 |  7  7  7  7  . 
     7 |  7  7  7  7  . 
     8 |  6  6  6  6  . 
     9 |  6  6  6  6  . 
    10 |  6  6  6  6  . 
    11 |  6  6  6  6  . 
    12 |  6  6  6  6  . 
    13 |  6  6  6  6  5 
    14 |  6  6  6  6  4 
    15 |  8  8  8  8  . 
    16 |  8  8  8  8  . 
    17 |  8  8  8  8  . 
    18 |  8  8  8  8  . 
    19 |  8  8  8  8  . 
    20 |  8  8  8  8  . 
    21 |  8  8  8  8  . 
    22 |  . 10 10 10 10 
    23 |  . 10 10 10 10 
    24 |  . 10 10 10 10 
    25 |  . 10 10 10 10 
    26 |  . 10 10 10 10 
    27 |  . 10 10 10 10 
    28 |  . 10 10 10 10 
    29 | 11 11 11 11  . 
    30 | 11 11 11 11  . 
    31 | 11 11 11 11  . 
    32 | 11 11 11 11  . 
    33 | 11 11 11 11  . 
    34 | 11 11 11 11  . 
    35 | 11 11 11 11  . 
    36 |  9  9  9  9  . 
    37 |  9  9  9  9  . 
    38 |  9  9  9  9  . 
    39 |  9  9  9  9  . 
    40 |  9  9  9  9  . 
    41 |  9  9  9  9  . 
    42 |  9  9  9  9  . 
    43 |  3  .  .  .  2 
    
    Boxes' corners:       (w,l)
        Box  1 is at 
            top left     (2,0)
            bottom right (2,0)
    
        Box  2 is at 
            top left     (4,43)
            bottom right (4,43)
    
        Box  3 is at 
            top left     (0,43)
            bottom right (0,43)
    
        Box  4 is at 
            top left     (4,14)
            bottom right (4,14)
    
        Box  5 is at 
            top left     (4,13)
            bottom right (4,13)
    
        Box  6 is at 
            top left     (0,8)
            bottom right (3,14)
    
        Box  7 is at 
            top left     (0,1)
            bottom right (3,7)
    
        Box  8 is at 
            top left     (0,15)
            bottom right (3,21)
    
        Box  9 is at 
            top left     (0,36)
            bottom right (3,42)
    
        Box 10 is at 
            top left     (1,22)
            bottom right (4,28)
    
        Box 11 is at 
            top left     (0,29)
            bottom right (3,35)
    
        Roll length used: 44

    [1;34mTry max length:[0m 43
    [1;34m    At iteration:[0m 4
        lingeling found a solution in .902 ms

       | W
     L | 0  1  2  3  4 
    ------------------
     0 | 4  8  8  8  8 
     1 | .  8  8  8  8 
     2 | .  8  8  8  8 
     3 | .  8  8  8  8 
     4 | .  8  8  8  8 
     5 | .  8  8  8  8 
     6 | .  8  8  8  8 
     7 | .  9  9  9  9 
     8 | .  9  9  9  9 
     9 | .  9  9  9  9 
    10 | .  9  9  9  9 
    11 | .  9  9  9  9 
    12 | .  9  9  9  9 
    13 | .  9  9  9  9 
    14 | .  .  1  .  . 
    15 | 6  6  6  6  . 
    16 | 6  6  6  6  . 
    17 | 6  6  6  6  . 
    18 | 6  6  6  6  . 
    19 | 6  6  6  6  . 
    20 | 6  6  6  6  . 
    21 | 6  6  6  6  . 
    22 | . 10 10 10 10 
    23 | . 10 10 10 10 
    24 | . 10 10 10 10 
    25 | . 10 10 10 10 
    26 | . 10 10 10 10 
    27 | . 10 10 10 10 
    28 | . 10 10 10 10 
    29 | . 11 11 11 11 
    30 | . 11 11 11 11 
    31 | . 11 11 11 11 
    32 | . 11 11 11 11 
    33 | . 11 11 11 11 
    34 | . 11 11 11 11 
    35 | . 11 11 11 11 
    36 | .  7  7  7  7 
    37 | 3  7  7  7  7 
    38 | .  7  7  7  7 
    39 | .  7  7  7  7 
    40 | .  7  7  7  7 
    41 | 2  7  7  7  7 
    42 | 5  7  7  7  7 
    
    Boxes' corners:       (w,l)
        Box  1 is at 
            top left     (2,14)
            bottom right (2,14)
    
        Box  2 is at 
            top left     (0,41)
            bottom right (0,41)
    
        Box  3 is at 
            top left     (0,37)
            bottom right (0,37)
    
        Box  4 is at 
            top left     (0,0)
            bottom right (0,0)
    
        Box  5 is at 
            top left     (0,42)
            bottom right (0,42)
    
        Box  6 is at 
            top left     (0,15)
            bottom right (3,21)
    
        Box  7 is at 
            top left     (1,36)
            bottom right (4,42)
    
        Box  8 is at 
            top left     (1,0)
            bottom right (4,6)
    
        Box  9 is at 
            top left     (1,7)
            bottom right (4,13)
    
        Box 10 is at 
            top left     (1,22)
            bottom right (4,28)
    
        Box 11 is at 
            top left     (1,29)
            bottom right (4,35)
    
        Roll length used: 43

    [1;34mTry max length:[0m 42
    [1;34m    At iteration:[0m 5
        lingeling found a solution in .845 ms

       | W
     L |  0  1  2  3  4 
    -------------------
     0 |  .  6  6  6  6 
     1 |  .  6  6  6  6 
     2 |  .  6  6  6  6 
     3 |  .  6  6  6  6 
     4 |  .  6  6  6  6 
     5 |  .  6  6  6  6 
     6 |  .  6  6  6  6 
     7 |  9  9  9  9  . 
     8 |  9  9  9  9  . 
     9 |  9  9  9  9  . 
    10 |  9  9  9  9  . 
    11 |  9  9  9  9  5 
    12 |  9  9  9  9  4 
    13 |  9  9  9  9  3 
    14 |  .  7  7  7  7 
    15 |  .  7  7  7  7 
    16 |  .  7  7  7  7 
    17 |  .  7  7  7  7 
    18 |  .  7  7  7  7 
    19 |  .  7  7  7  7 
    20 |  1  7  7  7  7 
    21 |  . 10 10 10 10 
    22 |  . 10 10 10 10 
    23 |  . 10 10 10 10 
    24 |  . 10 10 10 10 
    25 |  . 10 10 10 10 
    26 |  . 10 10 10 10 
    27 |  . 10 10 10 10 
    28 |  .  8  8  8  8 
    29 |  .  8  8  8  8 
    30 |  .  8  8  8  8 
    31 |  .  8  8  8  8 
    32 |  .  8  8  8  8 
    33 |  .  8  8  8  8 
    34 |  .  8  8  8  8 
    35 | 11 11 11 11  . 
    36 | 11 11 11 11  . 
    37 | 11 11 11 11  . 
    38 | 11 11 11 11  . 
    39 | 11 11 11 11  . 
    40 | 11 11 11 11  . 
    41 | 11 11 11 11  2 
    
    Boxes' corners:       (w,l)
        Box  1 is at 
            top left     (0,20)
            bottom right (0,20)
    
        Box  2 is at 
            top left     (4,41)
            bottom right (4,41)
    
        Box  3 is at 
            top left     (4,13)
            bottom right (4,13)
    
        Box  4 is at 
            top left     (4,12)
            bottom right (4,12)
    
        Box  5 is at 
            top left     (4,11)
            bottom right (4,11)
    
        Box  6 is at 
            top left     (1,0)
            bottom right (4,6)
    
        Box  7 is at 
            top left     (1,14)
            bottom right (4,20)
    
        Box  8 is at 
            top left     (1,28)
            bottom right (4,34)
    
        Box  9 is at 
            top left     (0,7)
            bottom right (3,13)
    
        Box 10 is at 
            top left     (1,21)
            bottom right (4,27)
    
        Box 11 is at 
            top left     (0,35)
            bottom right (3,41)
    
        Roll length used: 42

    [1;34mTry max length:[0m 41
    [1;34m    At iteration:[0m 6
        [3;31mlingeling determined unsatisfiability of the Boolean formula[0m
        [1;32mOptimality reached![0m
