dc jun 6 20:52:48 CEST 2018
    [1;34mTry max length:[0m 999999
    [1;34m    At iteration:[0m 0
        lingeling found a solution in .877 ms

       | W
     L |  0 1 2 3 4 5 6  7  8 
    -------------------------
     0 |  1 . . . . . 5  5  5 
     1 |  . . . . . . .  .  . 
     2 |  . . . . . . .  .  . 
     3 |  . . . . . . .  .  . 
     4 |  . . . . . . .  .  . 
     5 |  . . . . . . .  .  . 
     6 |  . . . . . . .  .  . 
     7 |  . . . . . . .  .  . 
     8 |  . . . . . . .  .  . 
     9 |  . . . . . . .  .  . 
    10 |  . . . . . . .  .  . 
    11 | 10 . . . . . .  .  . 
    12 | 10 . . . . . .  .  . 
    13 |  9 . . . . . .  .  . 
    14 |  9 . . . . . .  .  . 
    15 |  8 . . . . . .  . 11 
    16 |  8 . . . . . .  . 11 
    17 |  7 . . . . . .  .  . 
    18 |  7 . . . . . .  .  . 
    19 |  6 . . . . . . 12 12 
    20 |  6 . . . 4 3 2 12 12 
    
    Boxes' corners:       (w,l)
        Box  1 is at 
            top left     (0,0)
            bottom right (0,0)
    
        Box  2 is at 
            top left     (6,20)
            bottom right (6,20)
    
        Box  3 is at 
            top left     (5,20)
            bottom right (5,20)
    
        Box  4 is at 
            top left     (4,20)
            bottom right (4,20)
    
        Box  5 is at 
            top left     (6,0)
            bottom right (8,0)
    
        Box  6 is at 
            top left     (0,19)
            bottom right (0,20)
    
        Box  7 is at 
            top left     (0,17)
            bottom right (0,18)
    
        Box  8 is at 
            top left     (0,15)
            bottom right (0,16)
    
        Box  9 is at 
            top left     (0,13)
            bottom right (0,14)
    
        Box 10 is at 
            top left     (0,11)
            bottom right (0,12)
    
        Box 11 is at 
            top left     (8,15)
            bottom right (8,16)
    
        Box 12 is at 
            top left     (7,19)
            bottom right (8,20)
    
        Roll length used: 21

    [1;34mTry max length:[0m 20
    [1;34m    At iteration:[0m 1
        lingeling found a solution in .826 ms

       | W
     L |  0 1 2 3 4 5 6  7  8 
    -------------------------
     0 |  . . . . . . 5  5  5 
     1 |  . . . . . . .  .  . 
     2 |  . . . . . . .  .  . 
     3 |  . . . . . . .  .  . 
     4 |  . 1 . . . . .  .  . 
     5 |  . . . . . . .  .  . 
     6 |  . . . . . . .  .  . 
     7 |  . . . . . . .  .  . 
     8 |  . . . . . . .  .  . 
     9 |  . . . . . . .  .  . 
    10 | 11 . . . . . .  .  . 
    11 | 11 . . . . . .  .  . 
    12 |  9 . . . . . .  . 10 
    13 |  9 . . . . . .  . 10 
    14 |  8 . . . . . .  .  . 
    15 |  8 . . . . . .  .  . 
    16 |  7 . . . . . .  .  . 
    17 |  7 . . . . . .  .  . 
    18 |  6 . . . . . . 12 12 
    19 |  6 . . . 4 3 2 12 12 
    
    Boxes' corners:       (w,l)
        Box  1 is at 
            top left     (1,4)
            bottom right (1,4)
    
        Box  2 is at 
            top left     (6,19)
            bottom right (6,19)
    
        Box  3 is at 
            top left     (5,19)
            bottom right (5,19)
    
        Box  4 is at 
            top left     (4,19)
            bottom right (4,19)
    
        Box  5 is at 
            top left     (6,0)
            bottom right (8,0)
    
        Box  6 is at 
            top left     (0,18)
            bottom right (0,19)
    
        Box  7 is at 
            top left     (0,16)
            bottom right (0,17)
    
        Box  8 is at 
            top left     (0,14)
            bottom right (0,15)
    
        Box  9 is at 
            top left     (0,12)
            bottom right (0,13)
    
        Box 10 is at 
            top left     (8,12)
            bottom right (8,13)
    
        Box 11 is at 
            top left     (0,10)
            bottom right (0,11)
    
        Box 12 is at 
            top left     (7,18)
            bottom right (8,19)
    
        Roll length used: 20

    [1;34mTry max length:[0m 19
    [1;34m    At iteration:[0m 2
        lingeling found a solution in .760 ms

       | W
     L |  0 1 2 3 4 5 6  7  8 
    -------------------------
     0 |  . . . . . . 5  5  5 
     1 |  . . . . . . .  .  . 
     2 |  . . . 1 . . .  . 11 
     3 |  . . . . . . .  . 11 
     4 |  . . . . . . .  .  . 
     5 |  . . . . . . .  .  . 
     6 |  . . . . . . .  .  . 
     7 |  . . . . . . .  .  . 
     8 |  . . . . . . .  .  . 
     9 |  . . . . . . .  .  . 
    10 |  . . . . . . .  .  . 
    11 | 10 . . . . . .  .  . 
    12 | 10 . . . . . .  .  . 
    13 |  8 . . . . . .  .  . 
    14 |  8 . . . . . .  .  . 
    15 |  7 . . . . . .  .  9 
    16 |  7 . . . . . .  .  9 
    17 |  6 . . . . . . 12 12 
    18 |  6 . . . 4 3 2 12 12 
    
    Boxes' corners:       (w,l)
        Box  1 is at 
            top left     (3,2)
            bottom right (3,2)
    
        Box  2 is at 
            top left     (6,18)
            bottom right (6,18)
    
        Box  3 is at 
            top left     (5,18)
            bottom right (5,18)
    
        Box  4 is at 
            top left     (4,18)
            bottom right (4,18)
    
        Box  5 is at 
            top left     (6,0)
            bottom right (8,0)
    
        Box  6 is at 
            top left     (0,17)
            bottom right (0,18)
    
        Box  7 is at 
            top left     (0,15)
            bottom right (0,16)
    
        Box  8 is at 
            top left     (0,13)
            bottom right (0,14)
    
        Box  9 is at 
            top left     (8,15)
            bottom right (8,16)
    
        Box 10 is at 
            top left     (0,11)
            bottom right (0,12)
    
        Box 11 is at 
            top left     (8,2)
            bottom right (8,3)
    
        Box 12 is at 
            top left     (7,17)
            bottom right (8,18)
    
        Roll length used: 19

    [1;34mTry max length:[0m 18
    [1;34m    At iteration:[0m 3
        lingeling found a solution in .710 ms

       | W
     L |  0 1 2 3 4 5 6  7  8 
    -------------------------
     0 |  . . . . . . 5  5  5 
     1 |  . . . . . . .  .  . 
     2 |  . . . . 1 . .  .  8 
     3 |  . . . . . . .  .  8 
     4 |  . . . . . . .  .  . 
     5 |  . . . . . . .  . 11 
     6 |  . . . . . . .  . 11 
     7 |  . . . . . . .  .  . 
     8 |  . . . . . . .  .  . 
     9 |  9 . . . . . .  .  . 
    10 |  9 . . . . . .  .  . 
    11 |  . . . . . . .  .  . 
    12 | 10 . . . . . .  .  . 
    13 | 10 . . . . . .  .  . 
    14 |  7 . . . . . .  .  . 
    15 |  7 . . . . . .  .  . 
    16 |  6 . . . . . . 12 12 
    17 |  6 . . . 4 3 2 12 12 
    
    Boxes' corners:       (w,l)
        Box  1 is at 
            top left     (4,2)
            bottom right (4,2)
    
        Box  2 is at 
            top left     (6,17)
            bottom right (6,17)
    
        Box  3 is at 
            top left     (5,17)
            bottom right (5,17)
    
        Box  4 is at 
            top left     (4,17)
            bottom right (4,17)
    
        Box  5 is at 
            top left     (6,0)
            bottom right (8,0)
    
        Box  6 is at 
            top left     (0,16)
            bottom right (0,17)
    
        Box  7 is at 
            top left     (0,14)
            bottom right (0,15)
    
        Box  8 is at 
            top left     (8,2)
            bottom right (8,3)
    
        Box  9 is at 
            top left     (0,9)
            bottom right (0,10)
    
        Box 10 is at 
            top left     (0,12)
            bottom right (0,13)
    
        Box 11 is at 
            top left     (8,5)
            bottom right (8,6)
    
        Box 12 is at 
            top left     (7,16)
            bottom right (8,17)
    
        Roll length used: 18

    [1;34mTry max length:[0m 17
    [1;34m    At iteration:[0m 4
        lingeling found a solution in .714 ms

       | W
     L | 0 1 2 3 4 5 6  7  8 
    ------------------------
     0 | . . . . . . 5  5  5 
     1 | . . . . . . .  .  . 
     2 | . . . . . . .  .  . 
     3 | . . . . . . .  .  . 
     4 | . . . . . . .  .  . 
     5 | . . . . . . .  .  . 
     6 | . . . . . . .  .  . 
     7 | . . . . 1 . .  .  . 
     8 | . . . . . . .  .  . 
     9 | 9 . . . . . .  . 11 
    10 | 9 . . . . . .  . 11 
    11 | 8 . . . . . .  .  . 
    12 | 8 . . . . . .  .  . 
    13 | 7 . . . . . .  . 10 
    14 | 7 . . . . . .  . 10 
    15 | 6 . . . . . . 12 12 
    16 | 6 . . . 4 3 2 12 12 
    
    Boxes' corners:       (w,l)
        Box  1 is at 
            top left     (4,7)
            bottom right (4,7)
    
        Box  2 is at 
            top left     (6,16)
            bottom right (6,16)
    
        Box  3 is at 
            top left     (5,16)
            bottom right (5,16)
    
        Box  4 is at 
            top left     (4,16)
            bottom right (4,16)
    
        Box  5 is at 
            top left     (6,0)
            bottom right (8,0)
    
        Box  6 is at 
            top left     (0,15)
            bottom right (0,16)
    
        Box  7 is at 
            top left     (0,13)
            bottom right (0,14)
    
        Box  8 is at 
            top left     (0,11)
            bottom right (0,12)
    
        Box  9 is at 
            top left     (0,9)
            bottom right (0,10)
    
        Box 10 is at 
            top left     (8,13)
            bottom right (8,14)
    
        Box 11 is at 
            top left     (8,9)
            bottom right (8,10)
    
        Box 12 is at 
            top left     (7,15)
            bottom right (8,16)
    
        Roll length used: 17

    [1;34mTry max length:[0m 16
    [1;34m    At iteration:[0m 5
        lingeling found a solution in .650 ms

       | W
     L |  0 1 2 3 4 5 6  7  8 
    -------------------------
     0 |  . 1 . . . . 5  5  5 
     1 |  . . . . . . .  .  . 
     2 |  . . . . . . .  .  . 
     3 |  . . . . . . .  .  . 
     4 |  . . . . . . .  .  . 
     5 |  . . . . . . .  .  . 
     6 |  . . . . . . .  .  . 
     7 |  . . . . . . .  .  . 
     8 | 11 . . . . . .  .  . 
     9 | 11 . . . . . .  . 10 
    10 |  8 . . . . . .  . 10 
    11 |  8 . . . . . .  .  9 
    12 |  7 . . . . . .  .  9 
    13 |  7 . . . . . .  .  . 
    14 |  6 . . . . . . 12 12 
    15 |  6 . . . 4 3 2 12 12 
    
    Boxes' corners:       (w,l)
        Box  1 is at 
            top left     (1,0)
            bottom right (1,0)
    
        Box  2 is at 
            top left     (6,15)
            bottom right (6,15)
    
        Box  3 is at 
            top left     (5,15)
            bottom right (5,15)
    
        Box  4 is at 
            top left     (4,15)
            bottom right (4,15)
    
        Box  5 is at 
            top left     (6,0)
            bottom right (8,0)
    
        Box  6 is at 
            top left     (0,14)
            bottom right (0,15)
    
        Box  7 is at 
            top left     (0,12)
            bottom right (0,13)
    
        Box  8 is at 
            top left     (0,10)
            bottom right (0,11)
    
        Box  9 is at 
            top left     (8,11)
            bottom right (8,12)
    
        Box 10 is at 
            top left     (8,9)
            bottom right (8,10)
    
        Box 11 is at 
            top left     (0,8)
            bottom right (0,9)
    
        Box 12 is at 
            top left     (7,14)
            bottom right (8,15)
    
        Roll length used: 16

    [1;34mTry max length:[0m 15
    [1;34m    At iteration:[0m 6
        lingeling found a solution in .626 ms

       | W
     L |  0 1 2 3  4  5 6 7  8 
    --------------------------
     0 |  . 1 . .  .  . 5 5  5 
     1 |  . 6 . .  .  . . .  . 
     2 |  . 6 . .  .  . . .  . 
     3 |  . . . .  .  . . .  . 
     4 |  . . . .  .  . . .  . 
     5 |  . . . .  .  . . . 10 
     6 |  . . . .  .  . . . 10 
     7 | 11 . . .  .  . . .  . 
     8 | 11 . . .  .  . . .  . 
     9 |  7 . . .  .  . . .  . 
    10 |  7 . . .  .  . . .  . 
    11 |  8 . . .  .  . . .  . 
    12 |  8 . . .  .  . . .  . 
    13 |  9 . . . 12 12 . .  . 
    14 |  9 . . . 12 12 4 3  2 
    
    Boxes' corners:       (w,l)
        Box  1 is at 
            top left     (1,0)
            bottom right (1,0)
    
        Box  2 is at 
            top left     (8,14)
            bottom right (8,14)
    
        Box  3 is at 
            top left     (7,14)
            bottom right (7,14)
    
        Box  4 is at 
            top left     (6,14)
            bottom right (6,14)
    
        Box  5 is at 
            top left     (6,0)
            bottom right (8,0)
    
        Box  6 is at 
            top left     (1,1)
            bottom right (1,2)
    
        Box  7 is at 
            top left     (0,9)
            bottom right (0,10)
    
        Box  8 is at 
            top left     (0,11)
            bottom right (0,12)
    
        Box  9 is at 
            top left     (0,13)
            bottom right (0,14)
    
        Box 10 is at 
            top left     (8,5)
            bottom right (8,6)
    
        Box 11 is at 
            top left     (0,7)
            bottom right (0,8)
    
        Box 12 is at 
            top left     (4,13)
            bottom right (5,14)
    
        Roll length used: 15

    [1;34mTry max length:[0m 14
    [1;34m    At iteration:[0m 7
        lingeling found a solution in .629 ms

       | W
     L |  0 1 2 3 4 5  6  7  8 
    --------------------------
     0 |  7 . . . . .  5  5  5 
     1 |  7 . . . . .  .  .  . 
     2 |  . . . 6 . .  .  .  . 
     3 |  . . . 6 . .  .  .  . 
     4 |  . . . . . .  .  .  . 
     5 |  . . . 1 . .  .  .  . 
     6 |  . . . . . .  .  .  . 
     7 |  . . . . . .  .  .  . 
     8 |  8 . . . . .  .  .  . 
     9 |  8 . . . . . 11  .  . 
    10 |  9 . . . . . 11  .  . 
    11 |  9 . . . . .  .  .  . 
    12 | 10 . . . . .  . 12 12 
    13 | 10 . . . 4 3  2 12 12 
    
    Boxes' corners:       (w,l)
        Box  1 is at 
            top left     (3,5)
            bottom right (3,5)
    
        Box  2 is at 
            top left     (6,13)
            bottom right (6,13)
    
        Box  3 is at 
            top left     (5,13)
            bottom right (5,13)
    
        Box  4 is at 
            top left     (4,13)
            bottom right (4,13)
    
        Box  5 is at 
            top left     (6,0)
            bottom right (8,0)
    
        Box  6 is at 
            top left     (3,2)
            bottom right (3,3)
    
        Box  7 is at 
            top left     (0,0)
            bottom right (0,1)
    
        Box  8 is at 
            top left     (0,8)
            bottom right (0,9)
    
        Box  9 is at 
            top left     (0,10)
            bottom right (0,11)
    
        Box 10 is at 
            top left     (0,12)
            bottom right (0,13)
    
        Box 11 is at 
            top left     (6,9)
            bottom right (6,10)
    
        Box 12 is at 
            top left     (7,12)
            bottom right (8,13)
    
        Roll length used: 14

    [1;34mTry max length:[0m 13
    [1;34m    At iteration:[0m 8
        lingeling found a solution in .498 ms

       | W
     L |  0 1 2 3  4  5 6  7 8 
    --------------------------
     0 | 10 . . .  .  . 5  5 5 
     1 | 10 . . . 12 12 .  . . 
     2 |  . . . . 12 12 .  . . 
     3 |  . . . .  .  . .  . . 
     4 |  . . . .  .  . .  . . 
     5 |  . . . .  .  . . 11 . 
     6 |  . . . .  1  . . 11 . 
     7 |  8 7 . .  .  . .  . . 
     8 |  8 7 . .  .  . .  . . 
     9 |  9 . . .  .  . .  . . 
    10 |  9 . . .  .  . .  . . 
    11 |  6 . . .  .  . .  . . 
    12 |  6 . . .  .  . 4  3 2 
    
    Boxes' corners:       (w,l)
        Box  1 is at 
            top left     (4,6)
            bottom right (4,6)
    
        Box  2 is at 
            top left     (8,12)
            bottom right (8,12)
    
        Box  3 is at 
            top left     (7,12)
            bottom right (7,12)
    
        Box  4 is at 
            top left     (6,12)
            bottom right (6,12)
    
        Box  5 is at 
            top left     (6,0)
            bottom right (8,0)
    
        Box  6 is at 
            top left     (0,11)
            bottom right (0,12)
    
        Box  7 is at 
            top left     (1,7)
            bottom right (1,8)
    
        Box  8 is at 
            top left     (0,7)
            bottom right (0,8)
    
        Box  9 is at 
            top left     (0,9)
            bottom right (0,10)
    
        Box 10 is at 
            top left     (0,0)
            bottom right (0,1)
    
        Box 11 is at 
            top left     (7,5)
            bottom right (7,6)
    
        Box 12 is at 
            top left     (4,1)
            bottom right (5,2)
    
        Roll length used: 13

    [1;34mTry max length:[0m 12
    [1;34m    At iteration:[0m 9
        lingeling found a solution in .479 ms

       | W
     L |  0 1 2 3 4 5 6  7  8 
    -------------------------
     0 |  1 . . . . . .  .  . 
     1 |  . . . . . . .  .  . 
     2 |  . . . . . . .  .  . 
     3 |  . . . . . . .  .  . 
     4 |  . . . . . . .  . 11 
     5 |  . . . . . . .  . 11 
     6 | 10 . . . . . .  .  9 
     7 | 10 . . . . . .  .  9 
     8 |  8 . . . . . .  .  7 
     9 |  8 . . . . . .  .  7 
    10 |  6 . . . . . 4 12 12 
    11 |  6 . 3 2 5 5 5 12 12 
    
    Boxes' corners:       (w,l)
        Box  1 is at 
            top left     (0,0)
            bottom right (0,0)
    
        Box  2 is at 
            top left     (3,11)
            bottom right (3,11)
    
        Box  3 is at 
            top left     (2,11)
            bottom right (2,11)
    
        Box  4 is at 
            top left     (6,10)
            bottom right (6,10)
    
        Box  5 is at 
            top left     (4,11)
            bottom right (6,11)
    
        Box  6 is at 
            top left     (0,10)
            bottom right (0,11)
    
        Box  7 is at 
            top left     (8,8)
            bottom right (8,9)
    
        Box  8 is at 
            top left     (0,8)
            bottom right (0,9)
    
        Box  9 is at 
            top left     (8,6)
            bottom right (8,7)
    
        Box 10 is at 
            top left     (0,6)
            bottom right (0,7)
    
        Box 11 is at 
            top left     (8,4)
            bottom right (8,5)
    
        Box 12 is at 
            top left     (7,10)
            bottom right (8,11)
    
        Roll length used: 12

    [1;34mTry max length:[0m 11
    [1;34m    At iteration:[0m 10
        lingeling found a solution in .453 ms

       | W
     L | 0 1 2 3 4 5 6  7  8 
    ------------------------
     0 | . . . . . . .  . 11 
     1 | . . . . . . .  . 11 
     2 | . . . . . . .  .  . 
     3 | . . . . . . .  . 10 
     4 | . . . . 1 . .  . 10 
     5 | . . . . . . .  .  9 
     6 | . . . . . . .  .  9 
     7 | 8 . . . . . .  .  7 
     8 | 8 . . . . . .  .  7 
     9 | 6 . . 4 . . . 12 12 
    10 | 6 . 3 2 5 5 5 12 12 
    
    Boxes' corners:       (w,l)
        Box  1 is at 
            top left     (4,4)
            bottom right (4,4)
    
        Box  2 is at 
            top left     (3,10)
            bottom right (3,10)
    
        Box  3 is at 
            top left     (2,10)
            bottom right (2,10)
    
        Box  4 is at 
            top left     (3,9)
            bottom right (3,9)
    
        Box  5 is at 
            top left     (4,10)
            bottom right (6,10)
    
        Box  6 is at 
            top left     (0,9)
            bottom right (0,10)
    
        Box  7 is at 
            top left     (8,7)
            bottom right (8,8)
    
        Box  8 is at 
            top left     (0,7)
            bottom right (0,8)
    
        Box  9 is at 
            top left     (8,5)
            bottom right (8,6)
    
        Box 10 is at 
            top left     (8,3)
            bottom right (8,4)
    
        Box 11 is at 
            top left     (8,0)
            bottom right (8,1)
    
        Box 12 is at 
            top left     (7,9)
            bottom right (8,10)
    
        Roll length used: 11

    [1;34mTry max length:[0m 10
    [1;34m    At iteration:[0m 11
        lingeling found a solution in .414 ms

       | W
     L | 0 1 2 3 4 5 6  7  8 
    ------------------------
     0 | . . . . . . .  . 11 
     1 | . . . . . . .  . 11 
     2 | . 1 . . . . .  . 10 
     3 | . . . . . . .  . 10 
     4 | . . . . . . 3  2  9 
     5 | . . . . . . 4  .  9 
     6 | 8 . . . . . .  .  7 
     7 | 8 . . . . . .  .  7 
     8 | 6 . . . . . . 12 12 
     9 | 6 . . . 5 5 5 12 12 
    
    Boxes' corners:       (w,l)
        Box  1 is at 
            top left     (1,2)
            bottom right (1,2)
    
        Box  2 is at 
            top left     (7,4)
            bottom right (7,4)
    
        Box  3 is at 
            top left     (6,4)
            bottom right (6,4)
    
        Box  4 is at 
            top left     (6,5)
            bottom right (6,5)
    
        Box  5 is at 
            top left     (4,9)
            bottom right (6,9)
    
        Box  6 is at 
            top left     (0,8)
            bottom right (0,9)
    
        Box  7 is at 
            top left     (8,6)
            bottom right (8,7)
    
        Box  8 is at 
            top left     (0,6)
            bottom right (0,7)
    
        Box  9 is at 
            top left     (8,4)
            bottom right (8,5)
    
        Box 10 is at 
            top left     (8,2)
            bottom right (8,3)
    
        Box 11 is at 
            top left     (8,0)
            bottom right (8,1)
    
        Box 12 is at 
            top left     (7,8)
            bottom right (8,9)
    
        Roll length used: 10

    [1;34mTry max length:[0m 9
    [1;34m    At iteration:[0m 12
        lingeling found a solution in .368 ms

      | W
    L | 0 1 2 3 4 5 6  7  8 
    ------------------------
    0 | . . . . . . .  .  . 
    1 | . . . . . . .  4 11 
    2 | . . . . . 7 .  . 11 
    3 | . . . 1 . 7 .  .  9 
    4 | 5 . . . . . 2  .  9 
    5 | 5 . . . . . .  . 10 
    6 | 5 . . 8 . 3 .  . 10 
    7 | 6 . . 8 . . . 12 12 
    8 | 6 . . . . . . 12 12 
    
    Boxes' corners:       (w,l)
        Box  1 is at 
            top left     (3,3)
            bottom right (3,3)
    
        Box  2 is at 
            top left     (6,4)
            bottom right (6,4)
    
        Box  3 is at 
            top left     (5,6)
            bottom right (5,6)
    
        Box  4 is at 
            top left     (7,1)
            bottom right (7,1)
    
        Box  5 is at 
            top left     (0,4)
            bottom right (0,6)
    
        Box  6 is at 
            top left     (0,7)
            bottom right (0,8)
    
        Box  7 is at 
            top left     (5,2)
            bottom right (5,3)
    
        Box  8 is at 
            top left     (3,6)
            bottom right (3,7)
    
        Box  9 is at 
            top left     (8,3)
            bottom right (8,4)
    
        Box 10 is at 
            top left     (8,5)
            bottom right (8,6)
    
        Box 11 is at 
            top left     (8,1)
            bottom right (8,2)
    
        Box 12 is at 
            top left     (7,7)
            bottom right (8,8)
    
        Roll length used: 9

    [1;34mTry max length:[0m 8
    [1;34m    At iteration:[0m 13
        lingeling found a solution in .316 ms

      | W
    L |  0 1 2 3 4 5 6  7  8 
    -------------------------
    0 |  5 . . . . . .  . 10 
    1 |  5 . . . . . .  . 10 
    2 |  5 1 . . . . .  .  7 
    3 | 11 . . . . . .  .  7 
    4 | 11 3 . . . . .  .  9 
    5 |  . . . . . . .  .  9 
    6 |  8 . . . . . . 12 12 
    7 |  8 . . 4 2 6 6 12 12 
    
    Boxes' corners:       (w,l)
        Box  1 is at 
            top left     (1,2)
            bottom right (1,2)
    
        Box  2 is at 
            top left     (4,7)
            bottom right (4,7)
    
        Box  3 is at 
            top left     (1,4)
            bottom right (1,4)
    
        Box  4 is at 
            top left     (3,7)
            bottom right (3,7)
    
        Box  5 is at 
            top left     (0,0)
            bottom right (0,2)
    
        Box  6 is at 
            top left     (5,7)
            bottom right (6,7)
    
        Box  7 is at 
            top left     (8,2)
            bottom right (8,3)
    
        Box  8 is at 
            top left     (0,6)
            bottom right (0,7)
    
        Box  9 is at 
            top left     (8,4)
            bottom right (8,5)
    
        Box 10 is at 
            top left     (8,0)
            bottom right (8,1)
    
        Box 11 is at 
            top left     (0,3)
            bottom right (0,4)
    
        Box 12 is at 
            top left     (7,6)
            bottom right (8,7)
    
        Roll length used: 8

    [1;34mTry max length:[0m 7
    [1;34m    At iteration:[0m 14
        lingeling found a solution in .306 ms

      | W
    L |  0 1 2 3 4 5 6  7  8 
    -------------------------
    0 |  8 7 7 . . 2 .  . 10 
    1 |  8 . . . . . .  . 10 
    2 | 11 1 . . . . .  .  6 
    3 | 11 . . . . 4 .  3  6 
    4 |  5 . . . . . 9  .  . 
    5 |  5 . . . . . 9 12 12 
    6 |  5 . . . . . . 12 12 
    
    Boxes' corners:       (w,l)
        Box  1 is at 
            top left     (1,2)
            bottom right (1,2)
    
        Box  2 is at 
            top left     (5,0)
            bottom right (5,0)
    
        Box  3 is at 
            top left     (7,3)
            bottom right (7,3)
    
        Box  4 is at 
            top left     (5,3)
            bottom right (5,3)
    
        Box  5 is at 
            top left     (0,4)
            bottom right (0,6)
    
        Box  6 is at 
            top left     (8,2)
            bottom right (8,3)
    
        Box  7 is at 
            top left     (1,0)
            bottom right (2,0)
    
        Box  8 is at 
            top left     (0,0)
            bottom right (0,1)
    
        Box  9 is at 
            top left     (6,4)
            bottom right (6,5)
    
        Box 10 is at 
            top left     (8,0)
            bottom right (8,1)
    
        Box 11 is at 
            top left     (0,2)
            bottom right (0,3)
    
        Box 12 is at 
            top left     (7,5)
            bottom right (8,6)
    
        Roll length used: 7

    [1;34mTry max length:[0m 6
    [1;34m    At iteration:[0m 15
        lingeling found a solution in .254 ms

      | W
    L | 0 1 2  3 4 5  6  7  8 
    --------------------------
    0 | 8 1 .  . . .  .  3  7 
    1 | 8 . .  . . . 10  .  7 
    2 | . . .  . . . 10  2  6 
    3 | 5 . .  . . 4  .  .  6 
    4 | 5 . . 11 . .  9 12 12 
    5 | 5 . . 11 . .  9 12 12 
    
    Boxes' corners:       (w,l)
        Box  1 is at 
            top left     (1,0)
            bottom right (1,0)
    
        Box  2 is at 
            top left     (7,2)
            bottom right (7,2)
    
        Box  3 is at 
            top left     (7,0)
            bottom right (7,0)
    
        Box  4 is at 
            top left     (5,3)
            bottom right (5,3)
    
        Box  5 is at 
            top left     (0,3)
            bottom right (0,5)
    
        Box  6 is at 
            top left     (8,2)
            bottom right (8,3)
    
        Box  7 is at 
            top left     (8,0)
            bottom right (8,1)
    
        Box  8 is at 
            top left     (0,0)
            bottom right (0,1)
    
        Box  9 is at 
            top left     (6,4)
            bottom right (6,5)
    
        Box 10 is at 
            top left     (6,1)
            bottom right (6,2)
    
        Box 11 is at 
            top left     (3,4)
            bottom right (3,5)
    
        Box 12 is at 
            top left     (7,4)
            bottom right (8,5)
    
        Roll length used: 6

    [1;34mTry max length:[0m 5
    [1;34m    At iteration:[0m 16
        lingeling found a solution in .215 ms

      | W
    L | 0 1  2  3 4  5 6 7 8 
    -------------------------
    0 | . 1  .  . .  . 6 . . 
    1 | . 7 10  9 8 11 6 2 5 
    2 | . 7 10  9 8 11 4 . 5 
    3 | . . 12 12 .  . . . 5 
    4 | . . 12 12 3  . . . . 
    
    Boxes' corners:       (w,l)
        Box  1 is at 
            top left     (1,0)
            bottom right (1,0)
    
        Box  2 is at 
            top left     (7,1)
            bottom right (7,1)
    
        Box  3 is at 
            top left     (4,4)
            bottom right (4,4)
    
        Box  4 is at 
            top left     (6,2)
            bottom right (6,2)
    
        Box  5 is at 
            top left     (8,1)
            bottom right (8,3)
    
        Box  6 is at 
            top left     (6,0)
            bottom right (6,1)
    
        Box  7 is at 
            top left     (1,1)
            bottom right (1,2)
    
        Box  8 is at 
            top left     (4,1)
            bottom right (4,2)
    
        Box  9 is at 
            top left     (3,1)
            bottom right (3,2)
    
        Box 10 is at 
            top left     (2,1)
            bottom right (2,2)
    
        Box 11 is at 
            top left     (5,1)
            bottom right (5,2)
    
        Box 12 is at 
            top left     (2,3)
            bottom right (3,4)
    
        Roll length used: 5

    [1;34mTry max length:[0m 4
    [1;34m    At iteration:[0m 17
        lingeling found a solution in .141 ms

      | W
    L | 0 1 2  3 4 5  6  7  8 
    --------------------------
    0 | 5 . .  . . 3  2  .  7 
    1 | 5 6 9 11 1 8 10  .  7 
    2 | 5 6 9 11 . 8 10 12 12 
    3 | . . .  . . 4  . 12 12 
    
    Boxes' corners:       (w,l)
        Box  1 is at 
            top left     (4,1)
            bottom right (4,1)
    
        Box  2 is at 
            top left     (6,0)
            bottom right (6,0)
    
        Box  3 is at 
            top left     (5,0)
            bottom right (5,0)
    
        Box  4 is at 
            top left     (5,3)
            bottom right (5,3)
    
        Box  5 is at 
            top left     (0,0)
            bottom right (0,2)
    
        Box  6 is at 
            top left     (1,1)
            bottom right (1,2)
    
        Box  7 is at 
            top left     (8,0)
            bottom right (8,1)
    
        Box  8 is at 
            top left     (5,1)
            bottom right (5,2)
    
        Box  9 is at 
            top left     (2,1)
            bottom right (2,2)
    
        Box 10 is at 
            top left     (6,1)
            bottom right (6,2)
    
        Box 11 is at 
            top left     (3,1)
            bottom right (3,2)
    
        Box 12 is at 
            top left     (7,2)
            bottom right (8,3)
    
        Roll length used: 4

    [1;34mTry max length:[0m 3
    [1;34m    At iteration:[0m 18
        lingeling found a solution in .109 ms

      | W
    L | 0 1  2 3  4 5 6  7  8 
    --------------------------
    0 | 5 9  1 8 10 . 7 12 12 
    1 | 5 9 11 8 10 6 7 12 12 
    2 | 5 2 11 .  . 6 .  4  3 
    
    Boxes' corners:       (w,l)
        Box  1 is at 
            top left     (2,0)
            bottom right (2,0)
    
        Box  2 is at 
            top left     (1,2)
            bottom right (1,2)
    
        Box  3 is at 
            top left     (8,2)
            bottom right (8,2)
    
        Box  4 is at 
            top left     (7,2)
            bottom right (7,2)
    
        Box  5 is at 
            top left     (0,0)
            bottom right (0,2)
    
        Box  6 is at 
            top left     (5,1)
            bottom right (5,2)
    
        Box  7 is at 
            top left     (6,0)
            bottom right (6,1)
    
        Box  8 is at 
            top left     (3,0)
            bottom right (3,1)
    
        Box  9 is at 
            top left     (1,0)
            bottom right (1,1)
    
        Box 10 is at 
            top left     (4,0)
            bottom right (4,1)
    
        Box 11 is at 
            top left     (2,1)
            bottom right (2,2)
    
        Box 12 is at 
            top left     (7,0)
            bottom right (8,1)
    
        Roll length used: 3

    [1;34mTry max length:[0m 2
    [1;34m    At iteration:[0m 19
        [3;31mlingeling determined unsatisfiability of the Boolean formula[0m
        [1;32mOptimality reached![0m
