dc jun 6 20:27:55 CEST 2018
    [1;34mTry max length:[0m 999999
    [1;34m    At iteration:[0m 0
        lingeling found a solution in .295 ms

       | W
     L |  0  1  2 
    -------------
     0 |  .  .  . 
     1 |  .  .  . 
     2 |  .  .  . 
     3 |  .  .  . 
     4 |  .  .  . 
     5 |  .  .  . 
     6 |  .  1  . 
     7 | 12 12 12 
     8 | 12 12 12 
     9 | 12 12 12 
    10 | 11 11 11 
    11 | 11 11 11 
    12 | 11 11 11 
    13 | 10 10  . 
    14 | 10 10  . 
    15 |  .  .  . 
    16 |  6  7  7 
    17 |  6  7  7 
    18 |  6  2  . 
    19 |  5  .  4 
    20 |  5  9  9 
    21 |  5  9  9 
    22 |  8  8  . 
    23 |  8  8  3 
    
    Boxes' corners:       (w,l)
        Box  1 is at 
            top left     (1,6)
            bottom right (1,6)
    
        Box  2 is at 
            top left     (1,18)
            bottom right (1,18)
    
        Box  3 is at 
            top left     (2,23)
            bottom right (2,23)
    
        Box  4 is at 
            top left     (2,19)
            bottom right (2,19)
    
        Box  5 is at 
            top left     (0,19)
            bottom right (0,21)
    
        Box  6 is at 
            top left     (0,16)
            bottom right (0,18)
    
        Box  7 is at 
            top left     (1,16)
            bottom right (2,17)
    
        Box  8 is at 
            top left     (0,22)
            bottom right (1,23)
    
        Box  9 is at 
            top left     (1,20)
            bottom right (2,21)
    
        Box 10 is at 
            top left     (0,13)
            bottom right (1,14)
    
        Box 11 is at 
            top left     (0,10)
            bottom right (2,12)
    
        Box 12 is at 
            top left     (0,7)
            bottom right (2,9)
    
        Roll length used: 24

    [1;34mTry max length:[0m 23
    [1;34m    At iteration:[0m 1
        lingeling found a solution in .285 ms

       | W
     L |  0  1  2 
    -------------
     0 |  .  .  6 
     1 |  .  .  6 
     2 |  .  .  6 
     3 |  .  .  . 
     4 |  .  .  . 
     5 |  .  .  . 
     6 |  9  9  . 
     7 |  9  9  . 
     8 |  .  1  . 
     9 |  .  .  . 
    10 | 10 10  5 
    11 | 10 10  5 
    12 |  .  .  5 
    13 | 12 12 12 
    14 | 12 12 12 
    15 | 12 12 12 
    16 | 11 11 11 
    17 | 11 11 11 
    18 | 11 11 11 
    19 |  .  8  8 
    20 |  2  8  8 
    21 |  7  7  4 
    22 |  7  7  3 
    
    Boxes' corners:       (w,l)
        Box  1 is at 
            top left     (1,8)
            bottom right (1,8)
    
        Box  2 is at 
            top left     (0,20)
            bottom right (0,20)
    
        Box  3 is at 
            top left     (2,22)
            bottom right (2,22)
    
        Box  4 is at 
            top left     (2,21)
            bottom right (2,21)
    
        Box  5 is at 
            top left     (2,10)
            bottom right (2,12)
    
        Box  6 is at 
            top left     (2,0)
            bottom right (2,2)
    
        Box  7 is at 
            top left     (0,21)
            bottom right (1,22)
    
        Box  8 is at 
            top left     (1,19)
            bottom right (2,20)
    
        Box  9 is at 
            top left     (0,6)
            bottom right (1,7)
    
        Box 10 is at 
            top left     (0,10)
            bottom right (1,11)
    
        Box 11 is at 
            top left     (0,16)
            bottom right (2,18)
    
        Box 12 is at 
            top left     (0,13)
            bottom right (2,15)
    
        Roll length used: 23

    [1;34mTry max length:[0m 22
    [1;34m    At iteration:[0m 2
        lingeling found a solution in .326 ms

       | W
     L |  0  1  2 
    -------------
     0 |  5  5  5 
     1 |  6  6  6 
     2 |  .  .  . 
     3 |  .  .  . 
     4 |  .  .  . 
     5 |  .  .  . 
     6 |  .  .  . 
     7 |  1  .  . 
     8 | 12 12 12 
     9 | 12 12 12 
    10 | 12 12 12 
    11 | 11 11 11 
    12 | 11 11 11 
    13 | 11 11 11 
    14 | 10 10  4 
    15 | 10 10  . 
    16 |  9  9  . 
    17 |  9  9  . 
    18 |  8  8  . 
    19 |  8  8  3 
    20 |  7  7  2 
    21 |  7  7  . 
    
    Boxes' corners:       (w,l)
        Box  1 is at 
            top left     (0,7)
            bottom right (0,7)
    
        Box  2 is at 
            top left     (2,20)
            bottom right (2,20)
    
        Box  3 is at 
            top left     (2,19)
            bottom right (2,19)
    
        Box  4 is at 
            top left     (2,14)
            bottom right (2,14)
    
        Box  5 is at 
            top left     (0,0)
            bottom right (2,0)
    
        Box  6 is at 
            top left     (0,1)
            bottom right (2,1)
    
        Box  7 is at 
            top left     (0,20)
            bottom right (1,21)
    
        Box  8 is at 
            top left     (0,18)
            bottom right (1,19)
    
        Box  9 is at 
            top left     (0,16)
            bottom right (1,17)
    
        Box 10 is at 
            top left     (0,14)
            bottom right (1,15)
    
        Box 11 is at 
            top left     (0,11)
            bottom right (2,13)
    
        Box 12 is at 
            top left     (0,8)
            bottom right (2,10)
    
        Roll length used: 22

    [1;34mTry max length:[0m 21
    [1;34m    At iteration:[0m 3
        lingeling found a solution in .309 ms

       | W
     L |  0  1  2 
    -------------
     0 |  5  5  5 
     1 |  6  6  6 
     2 |  .  .  2 
     3 |  .  .  . 
     4 |  .  .  . 
     5 | 11 11 11 
     6 | 11 11 11 
     7 | 11 11 11 
     8 |  .  1  . 
     9 |  .  .  . 
    10 | 12 12 12 
    11 | 12 12 12 
    12 | 12 12 12 
    13 | 10 10  . 
    14 | 10 10  3 
    15 |  9  9  . 
    16 |  9  9  . 
    17 |  8  8  . 
    18 |  8  8  . 
    19 |  7  7  . 
    20 |  7  7  4 
    
    Boxes' corners:       (w,l)
        Box  1 is at 
            top left     (1,8)
            bottom right (1,8)
    
        Box  2 is at 
            top left     (2,2)
            bottom right (2,2)
    
        Box  3 is at 
            top left     (2,14)
            bottom right (2,14)
    
        Box  4 is at 
            top left     (2,20)
            bottom right (2,20)
    
        Box  5 is at 
            top left     (0,0)
            bottom right (2,0)
    
        Box  6 is at 
            top left     (0,1)
            bottom right (2,1)
    
        Box  7 is at 
            top left     (0,19)
            bottom right (1,20)
    
        Box  8 is at 
            top left     (0,17)
            bottom right (1,18)
    
        Box  9 is at 
            top left     (0,15)
            bottom right (1,16)
    
        Box 10 is at 
            top left     (0,13)
            bottom right (1,14)
    
        Box 11 is at 
            top left     (0,5)
            bottom right (2,7)
    
        Box 12 is at 
            top left     (0,10)
            bottom right (2,12)
    
        Roll length used: 21

    [1;34mTry max length:[0m 20
    [1;34m    At iteration:[0m 4
        lingeling found a solution in .296 ms

       | W
     L |  0  1  2 
    -------------
     0 | 12 12 12 
     1 | 12 12 12 
     2 | 12 12 12 
     3 |  .  .  . 
     4 |  .  1  . 
     5 |  .  .  . 
     6 |  .  .  . 
     7 |  6  6  6 
     8 |  5  5  5 
     9 | 11 11 11 
    10 | 11 11 11 
    11 | 11 11 11 
    12 | 10 10  . 
    13 | 10 10  . 
    14 |  9  9  . 
    15 |  9  9  . 
    16 |  4  8  8 
    17 |  3  8  8 
    18 |  7  7  2 
    19 |  7  7  . 
    
    Boxes' corners:       (w,l)
        Box  1 is at 
            top left     (1,4)
            bottom right (1,4)
    
        Box  2 is at 
            top left     (2,18)
            bottom right (2,18)
    
        Box  3 is at 
            top left     (0,17)
            bottom right (0,17)
    
        Box  4 is at 
            top left     (0,16)
            bottom right (0,16)
    
        Box  5 is at 
            top left     (0,8)
            bottom right (2,8)
    
        Box  6 is at 
            top left     (0,7)
            bottom right (2,7)
    
        Box  7 is at 
            top left     (0,18)
            bottom right (1,19)
    
        Box  8 is at 
            top left     (1,16)
            bottom right (2,17)
    
        Box  9 is at 
            top left     (0,14)
            bottom right (1,15)
    
        Box 10 is at 
            top left     (0,12)
            bottom right (1,13)
    
        Box 11 is at 
            top left     (0,9)
            bottom right (2,11)
    
        Box 12 is at 
            top left     (0,0)
            bottom right (2,2)
    
        Roll length used: 20

    [1;34mTry max length:[0m 19
    [1;34m    At iteration:[0m 5
        lingeling found a solution in .277 ms

       | W
     L |  0  1  2 
    -------------
     0 | 12 12 12 
     1 | 12 12 12 
     2 | 12 12 12 
     3 |  1  .  . 
     4 | 11 11 11 
     5 | 11 11 11 
     6 | 11 11 11 
     7 |  .  .  . 
     8 |  .  .  . 
     9 |  6  6  6 
    10 |  5  5  5 
    11 | 10 10  . 
    12 | 10 10  . 
    13 |  9  9  . 
    14 |  9  9  4 
    15 |  8  8  . 
    16 |  8  8  2 
    17 |  7  7  3 
    18 |  7  7  . 
    
    Boxes' corners:       (w,l)
        Box  1 is at 
            top left     (0,3)
            bottom right (0,3)
    
        Box  2 is at 
            top left     (2,16)
            bottom right (2,16)
    
        Box  3 is at 
            top left     (2,17)
            bottom right (2,17)
    
        Box  4 is at 
            top left     (2,14)
            bottom right (2,14)
    
        Box  5 is at 
            top left     (0,10)
            bottom right (2,10)
    
        Box  6 is at 
            top left     (0,9)
            bottom right (2,9)
    
        Box  7 is at 
            top left     (0,17)
            bottom right (1,18)
    
        Box  8 is at 
            top left     (0,15)
            bottom right (1,16)
    
        Box  9 is at 
            top left     (0,13)
            bottom right (1,14)
    
        Box 10 is at 
            top left     (0,11)
            bottom right (1,12)
    
        Box 11 is at 
            top left     (0,4)
            bottom right (2,6)
    
        Box 12 is at 
            top left     (0,0)
            bottom right (2,2)
    
        Roll length used: 19

    [1;34mTry max length:[0m 18
    [1;34m    At iteration:[0m 6
        lingeling found a solution in .251 ms

       | W
     L |  0  1  2 
    -------------
     0 |  5  5  5 
     1 |  6  6  6 
     2 |  1  .  4 
     3 |  .  .  . 
     4 | 12 12 12 
     5 | 12 12 12 
     6 | 12 12 12 
     7 | 11 11 11 
     8 | 11 11 11 
     9 | 11 11 11 
    10 | 10 10  . 
    11 | 10 10  . 
    12 |  9  9  . 
    13 |  9  9  . 
    14 |  8  8  3 
    15 |  8  8  2 
    16 |  7  7  . 
    17 |  7  7  . 
    
    Boxes' corners:       (w,l)
        Box  1 is at 
            top left     (0,2)
            bottom right (0,2)
    
        Box  2 is at 
            top left     (2,15)
            bottom right (2,15)
    
        Box  3 is at 
            top left     (2,14)
            bottom right (2,14)
    
        Box  4 is at 
            top left     (2,2)
            bottom right (2,2)
    
        Box  5 is at 
            top left     (0,0)
            bottom right (2,0)
    
        Box  6 is at 
            top left     (0,1)
            bottom right (2,1)
    
        Box  7 is at 
            top left     (0,16)
            bottom right (1,17)
    
        Box  8 is at 
            top left     (0,14)
            bottom right (1,15)
    
        Box  9 is at 
            top left     (0,12)
            bottom right (1,13)
    
        Box 10 is at 
            top left     (0,10)
            bottom right (1,11)
    
        Box 11 is at 
            top left     (0,7)
            bottom right (2,9)
    
        Box 12 is at 
            top left     (0,4)
            bottom right (2,6)
    
        Roll length used: 18

    [1;34mTry max length:[0m 17
    [1;34m    At iteration:[0m 7
        lingeling found a solution in .236 ms

       | W
     L |  0  1  2 
    -------------
     0 |  5  5  5 
     1 | 12 12 12 
     2 | 12 12 12 
     3 | 12 12 12 
     4 |  6  6  6 
     5 | 11 11 11 
     6 | 11 11 11 
     7 | 11 11 11 
     8 |  1  .  . 
     9 | 10 10  . 
    10 | 10 10  . 
    11 |  9  9  . 
    12 |  9  9  2 
    13 |  8  8  . 
    14 |  8  8  4 
    15 |  7  7  3 
    16 |  7  7  . 
    
    Boxes' corners:       (w,l)
        Box  1 is at 
            top left     (0,8)
            bottom right (0,8)
    
        Box  2 is at 
            top left     (2,12)
            bottom right (2,12)
    
        Box  3 is at 
            top left     (2,15)
            bottom right (2,15)
    
        Box  4 is at 
            top left     (2,14)
            bottom right (2,14)
    
        Box  5 is at 
            top left     (0,0)
            bottom right (2,0)
    
        Box  6 is at 
            top left     (0,4)
            bottom right (2,4)
    
        Box  7 is at 
            top left     (0,15)
            bottom right (1,16)
    
        Box  8 is at 
            top left     (0,13)
            bottom right (1,14)
    
        Box  9 is at 
            top left     (0,11)
            bottom right (1,12)
    
        Box 10 is at 
            top left     (0,9)
            bottom right (1,10)
    
        Box 11 is at 
            top left     (0,5)
            bottom right (2,7)
    
        Box 12 is at 
            top left     (0,1)
            bottom right (2,3)
    
        Roll length used: 17

    [1;34mTry max length:[0m 16
    [1;34m    At iteration:[0m 8
        lingeling found a solution in .223 ms

       | W
     L |  0  1  2 
    -------------
     0 | 12 12 12 
     1 | 12 12 12 
     2 | 12 12 12 
     3 | 11 11 11 
     4 | 11 11 11 
     5 | 11 11 11 
     6 |  .  8  8 
     7 |  1  8  8 
     8 |  5  .  2 
     9 |  5 10 10 
    10 |  5 10 10 
    11 |  3  9  9 
    12 |  4  9  9 
    13 |  .  .  6 
    14 |  7  7  6 
    15 |  7  7  6 
    
    Boxes' corners:       (w,l)
        Box  1 is at 
            top left     (0,7)
            bottom right (0,7)
    
        Box  2 is at 
            top left     (2,8)
            bottom right (2,8)
    
        Box  3 is at 
            top left     (0,11)
            bottom right (0,11)
    
        Box  4 is at 
            top left     (0,12)
            bottom right (0,12)
    
        Box  5 is at 
            top left     (0,8)
            bottom right (0,10)
    
        Box  6 is at 
            top left     (2,13)
            bottom right (2,15)
    
        Box  7 is at 
            top left     (0,14)
            bottom right (1,15)
    
        Box  8 is at 
            top left     (1,6)
            bottom right (2,7)
    
        Box  9 is at 
            top left     (1,11)
            bottom right (2,12)
    
        Box 10 is at 
            top left     (1,9)
            bottom right (2,10)
    
        Box 11 is at 
            top left     (0,3)
            bottom right (2,5)
    
        Box 12 is at 
            top left     (0,0)
            bottom right (2,2)
    
        Roll length used: 16

    [1;34mTry max length:[0m 15
    [1;34m    At iteration:[0m 9
        lingeling found a solution in .200 ms

       | W
     L |  0  1  2 
    -------------
     0 | 11 11 11 
     1 | 11 11 11 
     2 | 11 11 11 
     3 |  5  7  7 
     4 |  5  7  7 
     5 |  5  1  2 
     6 | 12 12 12 
     7 | 12 12 12 
     8 | 12 12 12 
     9 | 10 10  . 
    10 | 10 10  6 
    11 |  8  8  6 
    12 |  8  8  6 
    13 |  9  9  3 
    14 |  9  9  4 
    
    Boxes' corners:       (w,l)
        Box  1 is at 
            top left     (1,5)
            bottom right (1,5)
    
        Box  2 is at 
            top left     (2,5)
            bottom right (2,5)
    
        Box  3 is at 
            top left     (2,13)
            bottom right (2,13)
    
        Box  4 is at 
            top left     (2,14)
            bottom right (2,14)
    
        Box  5 is at 
            top left     (0,3)
            bottom right (0,5)
    
        Box  6 is at 
            top left     (2,10)
            bottom right (2,12)
    
        Box  7 is at 
            top left     (1,3)
            bottom right (2,4)
    
        Box  8 is at 
            top left     (0,11)
            bottom right (1,12)
    
        Box  9 is at 
            top left     (0,13)
            bottom right (1,14)
    
        Box 10 is at 
            top left     (0,9)
            bottom right (1,10)
    
        Box 11 is at 
            top left     (0,0)
            bottom right (2,2)
    
        Box 12 is at 
            top left     (0,6)
            bottom right (2,8)
    
        Roll length used: 15

    [1;34mTry max length:[0m 14
    [1;34m    At iteration:[0m 10
        [3;31mlingeling determined unsatisfiability of the Boolean formula[0m
        [1;32mOptimality reached![0m
