dt jun 5 19:11:22 CEST 2018
    [1;34mTry max length:[0m 999999
    [1;34m    At iteration:[0m 0
        lingeling found a solution in .018 ms

      | W
    L | 0 1 2 3 4 5 
    ----------------
    0 | . 1 . . . . 
    1 | . . . . . 3 
    2 | . . . . . 4 
    3 | . . . . . 2 
    
    Boxes' corners:      (w,l)
        Box 1 is at 
            top left     (1,0)
            bottom right (1,0)
    
        Box 2 is at 
            top left     (5,3)
            bottom right (5,3)
    
        Box 3 is at 
            top left     (5,1)
            bottom right (5,1)
    
        Box 4 is at 
            top left     (5,2)
            bottom right (5,2)
    
        Roll length used: 4

    [1;34mTry max length:[0m 3
    [1;34m    At iteration:[0m 1
        lingeling found a solution in .017 ms

      | W
    L | 0 1 2 3 4 5 
    ----------------
    0 | . . . . . . 
    1 | . 1 . . 2 . 
    2 | . . . . 3 4 
    
    Boxes' corners:      (w,l)
        Box 1 is at 
            top left     (1,1)
            bottom right (1,1)
    
        Box 2 is at 
            top left     (4,1)
            bottom right (4,1)
    
        Box 3 is at 
            top left     (4,2)
            bottom right (4,2)
    
        Box 4 is at 
            top left     (5,2)
            bottom right (5,2)
    
        Roll length used: 3

    [1;34mTry max length:[0m 2
    [1;34m    At iteration:[0m 2
        lingeling found a solution in .013 ms

      | W
    L | 0 1 2 3 4 5 
    ----------------
    0 | . 1 . . 4 . 
    1 | . . . . 2 3 
    
    Boxes' corners:      (w,l)
        Box 1 is at 
            top left     (1,0)
            bottom right (1,0)
    
        Box 2 is at 
            top left     (4,1)
            bottom right (4,1)
    
        Box 3 is at 
            top left     (5,1)
            bottom right (5,1)
    
        Box 4 is at 
            top left     (4,0)
            bottom right (4,0)
    
        Roll length used: 2

    [1;34mTry max length:[0m 1
    [1;34m    At iteration:[0m 3
        lingeling found a solution in .010 ms

      | W
    L | 0 1 2 3 4 5 
    ----------------
    0 | . 1 . 4 2 3 
    
    Boxes' corners:      (w,l)
        Box 1 is at 
            top left     (1,0)
            bottom right (1,0)
    
        Box 2 is at 
            top left     (4,0)
            bottom right (4,0)
    
        Box 3 is at 
            top left     (5,0)
            bottom right (5,0)
    
        Box 4 is at 
            top left     (3,0)
            bottom right (3,0)
    
        Roll length used: 1

    [1;34mTry max length:[0m 0
    [1;34m    At iteration:[0m 4
        [3;31mlingeling determined unsatisfiability of the Boolean formula[0m
        [1;32mOptimality reached![0m
