dt jun 5 19:34:59 CEST 2018
    [1;34mTry max length:[0m 999999
    [1;34m    At iteration:[0m 0
        lingeling found a solution in .782 ms

       | W
     L | 0 1 2 3 4 5 6 7 8 9 10 
    ----------------------------
     0 | . . . . . . . . 7 7  7 
     1 | . . . . . . . . . .  . 
     2 | . . . . . . . . . .  . 
     3 | . . . . . . . . . .  . 
     4 | . . . . . . . . . .  . 
     5 | . . . 1 . . . . . .  . 
     6 | . . . 1 . . . . . .  . 
     7 | . . . . . . . . . .  . 
     8 | . . . . . . . . . .  6 
     9 | 5 . . . . . . . . .  6 
    10 | 5 . . . . . . . . .  . 
    11 | 3 . . . . . . . . .  4 
    12 | 3 . . . . . . . . .  4 
    13 | 2 . . . . . . . . .  . 
    14 | 2 . . . . . . . . .  . 
    
    Boxes' corners:      (w,l)
        Box 1 is at 
            top left     (3,5)
            bottom right (3,6)
    
        Box 2 is at 
            top left     (0,13)
            bottom right (0,14)
    
        Box 3 is at 
            top left     (0,11)
            bottom right (0,12)
    
        Box 4 is at 
            top left     (10,11)
            bottom right (10,12)
    
        Box 5 is at 
            top left     (0,9)
            bottom right (0,10)
    
        Box 6 is at 
            top left     (10,8)
            bottom right (10,9)
    
        Box 7 is at 
            top left     (8,0)
            bottom right (10,0)
    
        Roll length used: 15

    [1;34mTry max length:[0m 14
    [1;34m    At iteration:[0m 1
        lingeling found a solution in .727 ms

       | W
     L | 0 1 2 3 4 5 6 7 8 9 10 
    ----------------------------
     0 | . . . . . . . . 7 7  7 
     1 | . . . . . . . . . .  . 
     2 | . . . . . . . . . .  . 
     3 | . . . . . . . . . .  . 
     4 | . . . . . . . . . .  . 
     5 | . . . . . . . . . .  . 
     6 | . . . . 1 . . . 4 .  . 
     7 | . . . . 1 . . . 4 .  . 
     8 | 3 . . . . . . . . .  . 
     9 | 3 . . 5 . . . . . .  . 
    10 | 2 . . 5 . . . . . .  . 
    11 | 2 . . . . . . . . .  . 
    12 | 6 . . . . . . . . .  . 
    13 | 6 . . . . . . . . .  . 
    
    Boxes' corners:      (w,l)
        Box 1 is at 
            top left     (4,6)
            bottom right (4,7)
    
        Box 2 is at 
            top left     (0,10)
            bottom right (0,11)
    
        Box 3 is at 
            top left     (0,8)
            bottom right (0,9)
    
        Box 4 is at 
            top left     (8,6)
            bottom right (8,7)
    
        Box 5 is at 
            top left     (3,9)
            bottom right (3,10)
    
        Box 6 is at 
            top left     (0,12)
            bottom right (0,13)
    
        Box 7 is at 
            top left     (8,0)
            bottom right (10,0)
    
        Roll length used: 14

    [1;34mTry max length:[0m 13
    [1;34m    At iteration:[0m 2
        lingeling found a solution in .534 ms

       | W
     L | 0 1 2 3 4 5 6 7 8 9 10 
    ----------------------------
     0 | . . . . . . . . 7 7  7 
     1 | . . . . . . . . . .  . 
     2 | . . . . . . . . . .  . 
     3 | . . . . . . . . . .  . 
     4 | . . . . . . . . . .  . 
     5 | . . . . 1 . . . . .  . 
     6 | . . . . 1 . . . . .  . 
     7 | 5 . . . . . . . . .  . 
     8 | 5 . . . . . . . . .  . 
     9 | 4 . . . . . . . . 2  . 
    10 | 4 . . . . . . . . 2  . 
    11 | 3 . . . . . . . . .  6 
    12 | 3 . . . . . . . . .  6 
    
    Boxes' corners:      (w,l)
        Box 1 is at 
            top left     (4,5)
            bottom right (4,6)
    
        Box 2 is at 
            top left     (9,9)
            bottom right (9,10)
    
        Box 3 is at 
            top left     (0,11)
            bottom right (0,12)
    
        Box 4 is at 
            top left     (0,9)
            bottom right (0,10)
    
        Box 5 is at 
            top left     (0,7)
            bottom right (0,8)
    
        Box 6 is at 
            top left     (10,11)
            bottom right (10,12)
    
        Box 7 is at 
            top left     (8,0)
            bottom right (10,0)
    
        Roll length used: 13

    [1;34mTry max length:[0m 12
    [1;34m    At iteration:[0m 3
        lingeling found a solution in .500 ms

       | W
     L | 0 1 2 3 4 5 6 7 8 9 10 
    ----------------------------
     0 | . . . . . . . . . .  . 
     1 | . . . . . . . . . .  . 
     2 | 1 . . . . . . . . .  . 
     3 | 1 . . . . . . . . .  . 
     4 | . . . . . . . . . .  . 
     5 | . . . . . . . . . .  6 
     6 | . . . . . . . . . .  6 
     7 | . . . . . . . . . .  5 
     8 | 4 . . . . . . . . .  5 
     9 | 4 . . . . . . . . .  3 
    10 | 2 . . . . . . . . .  3 
    11 | 2 . . . . . . . 7 7  7 
    
    Boxes' corners:      (w,l)
        Box 1 is at 
            top left     (0,2)
            bottom right (0,3)
    
        Box 2 is at 
            top left     (0,10)
            bottom right (0,11)
    
        Box 3 is at 
            top left     (10,9)
            bottom right (10,10)
    
        Box 4 is at 
            top left     (0,8)
            bottom right (0,9)
    
        Box 5 is at 
            top left     (10,7)
            bottom right (10,8)
    
        Box 6 is at 
            top left     (10,5)
            bottom right (10,6)
    
        Box 7 is at 
            top left     (8,11)
            bottom right (10,11)
    
        Roll length used: 12

    [1;34mTry max length:[0m 11
    [1;34m    At iteration:[0m 4
        lingeling found a solution in .438 ms

       | W
     L | 0 1 2 3 4 5 6 7 8 9 10 
    ----------------------------
     0 | 1 . . . . . . . . .  . 
     1 | 1 . . . . . . . . .  . 
     2 | . . . . . . . . . .  . 
     3 | . . . . . . . . . .  . 
     4 | 6 . . . . . . . . .  5 
     5 | 6 . . . . . . . . .  5 
     6 | . . . . . . . . . .  4 
     7 | 3 . . . . . . . . .  4 
     8 | 3 . . . . . . . . .  7 
     9 | 2 . . . . . . . . .  7 
    10 | 2 . . . . . . . . .  7 
    
    Boxes' corners:      (w,l)
        Box 1 is at 
            top left     (0,0)
            bottom right (0,1)
    
        Box 2 is at 
            top left     (0,9)
            bottom right (0,10)
    
        Box 3 is at 
            top left     (0,7)
            bottom right (0,8)
    
        Box 4 is at 
            top left     (10,6)
            bottom right (10,7)
    
        Box 5 is at 
            top left     (10,4)
            bottom right (10,5)
    
        Box 6 is at 
            top left     (0,4)
            bottom right (0,5)
    
        Box 7 is at 
            top left     (10,8)
            bottom right (10,10)
    
        Roll length used: 11

    [1;34mTry max length:[0m 10
    [1;34m    At iteration:[0m 5
        lingeling found a solution in .382 ms

       | W
     L | 0 1 2 3 4 5 6 7 8 9 10 
    ----------------------------
     0 | . . . . . . . . . .  6 
     1 | . . . . . . . . . .  6 
     2 | . . . . . . . . . .  . 
     3 | 5 . . . . . . . . .  4 
     4 | 5 . . . . . . . . .  4 
     5 | 1 . . . . . . . . .  3 
     6 | 1 . . . . . . . . .  3 
     7 | . . . . . . . . . .  7 
     8 | 2 . . . . . . . . .  7 
     9 | 2 . . . . . . . . .  7 
    
    Boxes' corners:      (w,l)
        Box 1 is at 
            top left     (0,5)
            bottom right (0,6)
    
        Box 2 is at 
            top left     (0,8)
            bottom right (0,9)
    
        Box 3 is at 
            top left     (10,5)
            bottom right (10,6)
    
        Box 4 is at 
            top left     (10,3)
            bottom right (10,4)
    
        Box 5 is at 
            top left     (0,3)
            bottom right (0,4)
    
        Box 6 is at 
            top left     (10,0)
            bottom right (10,1)
    
        Box 7 is at 
            top left     (10,7)
            bottom right (10,9)
    
        Roll length used: 10

    [1;34mTry max length:[0m 9
    [1;34m    At iteration:[0m 6
        lingeling found a solution in .442 ms

      | W
    L | 0 1 2 3 4 5 6 7 8 9 10 
    ----------------------------
    0 | . . . . . 1 1 . . .  6 
    1 | . . . . . . . . . .  6 
    2 | . . . . . . . . . .  5 
    3 | 4 . . . . . . . . .  5 
    4 | 4 . . . . . . . . .  3 
    5 | . . . . . . . . . .  3 
    6 | . . . . . . . . . .  7 
    7 | 2 . . . . . . . . .  7 
    8 | 2 . . . . . . . . .  7 
    
    Boxes' corners:      (w,l)
        Box 1 is at 
            top left     (5,0)
            bottom right (6,0)
    
        Box 2 is at 
            top left     (0,7)
            bottom right (0,8)
    
        Box 3 is at 
            top left     (10,4)
            bottom right (10,5)
    
        Box 4 is at 
            top left     (0,3)
            bottom right (0,4)
    
        Box 5 is at 
            top left     (10,2)
            bottom right (10,3)
    
        Box 6 is at 
            top left     (10,0)
            bottom right (10,1)
    
        Box 7 is at 
            top left     (10,6)
            bottom right (10,8)
    
        Roll length used: 9

    [1;34mTry max length:[0m 8
    [1;34m    At iteration:[0m 7
        lingeling found a solution in .376 ms

      | W
    L | 0 1 2 3 4 5 6 7 8 9 10 
    ----------------------------
    0 | 6 . . . . 1 1 . . .  5 
    1 | 6 . . . . . . . . .  5 
    2 | . . . . . . . . . .  . 
    3 | 4 . . . . . . . . .  3 
    4 | 4 . . . . . . . . .  3 
    5 | . . . . . . . . . .  7 
    6 | 2 . . . . . . . . .  7 
    7 | 2 . . . . . . . . .  7 
    
    Boxes' corners:      (w,l)
        Box 1 is at 
            top left     (5,0)
            bottom right (6,0)
    
        Box 2 is at 
            top left     (0,6)
            bottom right (0,7)
    
        Box 3 is at 
            top left     (10,3)
            bottom right (10,4)
    
        Box 4 is at 
            top left     (0,3)
            bottom right (0,4)
    
        Box 5 is at 
            top left     (10,0)
            bottom right (10,1)
    
        Box 6 is at 
            top left     (0,0)
            bottom right (0,1)
    
        Box 7 is at 
            top left     (10,5)
            bottom right (10,7)
    
        Roll length used: 8

    [1;34mTry max length:[0m 7
    [1;34m    At iteration:[0m 8
        lingeling found a solution in .321 ms

      | W
    L | 0 1 2 3 4 5 6 7 8 9 10 
    ----------------------------
    0 | 6 . . . . 1 1 . . .  5 
    1 | 6 . . . . . . . . .  5 
    2 | 4 . . . . . . . . .  3 
    3 | 4 . . . . . . . . .  3 
    4 | . . . . . . . . . .  7 
    5 | 2 . . . . . . . . .  7 
    6 | 2 . . . . . . . . .  7 
    
    Boxes' corners:      (w,l)
        Box 1 is at 
            top left     (5,0)
            bottom right (6,0)
    
        Box 2 is at 
            top left     (0,5)
            bottom right (0,6)
    
        Box 3 is at 
            top left     (10,2)
            bottom right (10,3)
    
        Box 4 is at 
            top left     (0,2)
            bottom right (0,3)
    
        Box 5 is at 
            top left     (10,0)
            bottom right (10,1)
    
        Box 6 is at 
            top left     (0,0)
            bottom right (0,1)
    
        Box 7 is at 
            top left     (10,4)
            bottom right (10,6)
    
        Roll length used: 7

    [1;34mTry max length:[0m 6
    [1;34m    At iteration:[0m 9
        lingeling found a solution in .220 ms

      | W
    L | 0 1 2 3 4 5 6 7 8 9 10 
    ----------------------------
    0 | 3 . 1 1 . . . . . .  . 
    1 | 3 . . . . . . . . .  4 
    2 | 6 . . . . . . . . .  4 
    3 | 6 . . . . . . . . 7  . 
    4 | . . . . . . 5 . . 7  2 
    5 | . . . . . . 5 . . 7  2 
    
    Boxes' corners:      (w,l)
        Box 1 is at 
            top left     (2,0)
            bottom right (3,0)
    
        Box 2 is at 
            top left     (10,4)
            bottom right (10,5)
    
        Box 3 is at 
            top left     (0,0)
            bottom right (0,1)
    
        Box 4 is at 
            top left     (10,1)
            bottom right (10,2)
    
        Box 5 is at 
            top left     (6,4)
            bottom right (6,5)
    
        Box 6 is at 
            top left     (0,2)
            bottom right (0,3)
    
        Box 7 is at 
            top left     (9,3)
            bottom right (9,5)
    
        Roll length used: 6

    [1;34mTry max length:[0m 5
    [1;34m    At iteration:[0m 10
        lingeling found a solution in .235 ms

      | W
    L | 0 1 2 3 4 5 6 7 8 9 10 
    ----------------------------
    0 | 1 1 . . . . . 5 . .  3 
    1 | 4 . . . . 2 . 5 . .  3 
    2 | 4 . . . . 2 . . . .  7 
    3 | 6 . . . . . . . . .  7 
    4 | 6 . . . . . . . . .  7 
    
    Boxes' corners:      (w,l)
        Box 1 is at 
            top left     (0,0)
            bottom right (1,0)
    
        Box 2 is at 
            top left     (5,1)
            bottom right (5,2)
    
        Box 3 is at 
            top left     (10,0)
            bottom right (10,1)
    
        Box 4 is at 
            top left     (0,1)
            bottom right (0,2)
    
        Box 5 is at 
            top left     (7,0)
            bottom right (7,1)
    
        Box 6 is at 
            top left     (0,3)
            bottom right (0,4)
    
        Box 7 is at 
            top left     (10,2)
            bottom right (10,4)
    
        Roll length used: 5

    [1;34mTry max length:[0m 4
    [1;34m    At iteration:[0m 11
        lingeling found a solution in .187 ms

      | W
    L | 0 1 2 3 4 5 6 7 8 9 10 
    ----------------------------
    0 | 6 . . . . 1 1 3 . .  7 
    1 | 6 . . . . . . 3 . .  7 
    2 | 2 . . . . 4 . . . .  7 
    3 | 2 . . . . 4 5 5 . .  . 
    
    Boxes' corners:      (w,l)
        Box 1 is at 
            top left     (5,0)
            bottom right (6,0)
    
        Box 2 is at 
            top left     (0,2)
            bottom right (0,3)
    
        Box 3 is at 
            top left     (7,0)
            bottom right (7,1)
    
        Box 4 is at 
            top left     (5,2)
            bottom right (5,3)
    
        Box 5 is at 
            top left     (6,3)
            bottom right (7,3)
    
        Box 6 is at 
            top left     (0,0)
            bottom right (0,1)
    
        Box 7 is at 
            top left     (10,0)
            bottom right (10,2)
    
        Roll length used: 4

    [1;34mTry max length:[0m 3
    [1;34m    At iteration:[0m 12
        lingeling found a solution in .133 ms

      | W
    L | 0 1 2 3 4 5 6 7 8 9 10 
    ----------------------------
    0 | 6 . . 1 . 3 . 5 . 7  2 
    1 | 6 . . 1 . 3 . 5 4 7  2 
    2 | . . . . . . . . 4 7  . 
    
    Boxes' corners:      (w,l)
        Box 1 is at 
            top left     (3,0)
            bottom right (3,1)
    
        Box 2 is at 
            top left     (10,0)
            bottom right (10,1)
    
        Box 3 is at 
            top left     (5,0)
            bottom right (5,1)
    
        Box 4 is at 
            top left     (8,1)
            bottom right (8,2)
    
        Box 5 is at 
            top left     (7,0)
            bottom right (7,1)
    
        Box 6 is at 
            top left     (0,0)
            bottom right (0,1)
    
        Box 7 is at 
            top left     (9,0)
            bottom right (9,2)
    
        Roll length used: 3

    [1;34mTry max length:[0m 2
    [1;34m    At iteration:[0m 13
        lingeling found a solution in .061 ms

      | W
    L | 0 1 2 3 4 5 6 7 8 9 10 
    ----------------------------
    0 | 1 3 . . . . . 7 7 7  . 
    1 | 1 3 6 6 4 4 . 5 5 2  2 
    
    Boxes' corners:      (w,l)
        Box 1 is at 
            top left     (0,0)
            bottom right (0,1)
    
        Box 2 is at 
            top left     (9,1)
            bottom right (10,1)
    
        Box 3 is at 
            top left     (1,0)
            bottom right (1,1)
    
        Box 4 is at 
            top left     (4,1)
            bottom right (5,1)
    
        Box 5 is at 
            top left     (7,1)
            bottom right (8,1)
    
        Box 6 is at 
            top left     (2,1)
            bottom right (3,1)
    
        Box 7 is at 
            top left     (7,0)
            bottom right (9,0)
    
        Roll length used: 2

    [1;34mTry max length:[0m 1
    [1;34m    At iteration:[0m 14
        [3;31mlingeling determined unsatisfiability of the Boolean formula[0m
        [1;32mOptimality reached![0m
