dc jun 6 21:00:31 CEST 2018
    [1;34mTry max length:[0m 999999
    [1;34m    At iteration:[0m 0
        lingeling found a solution in 1.016 ms

       | W
     L | 0 1 2 3 4 5 6 7 8 9 10 
    ----------------------------
     0 | 4 4 4 4 4 5 5 5 5 5  . 
     1 | 4 4 4 4 4 5 5 5 5 5  . 
     2 | . . . . . . . . . .  . 
     3 | . . . . . . . . . .  . 
     4 | . . . . . . . . . .  . 
     5 | . . . . . . . . . .  . 
     6 | . . . . . . . . . .  . 
     7 | . . . . . . . . . .  . 
     8 | . . . . . . . . . .  . 
     9 | . . . . . . . . . .  . 
    10 | . . . . . . . . . .  . 
    11 | 1 . . . . . . . . .  . 
    12 | 1 . . . . . . . . .  . 
    13 | . . . . . . . . . .  . 
    14 | . . . . . . . . . .  . 
    15 | . . . . . . . . . .  . 
    16 | . . . . . . . . . .  . 
    17 | . . 2 2 2 2 2 . . .  . 
    18 | . . 2 2 2 2 2 . . .  . 
    19 | . . . 3 3 3 3 3 . .  . 
    20 | . . . 3 3 3 3 3 . .  . 
    21 | . . . . . . . . . .  . 
    22 | . . . . . . . . . .  6 
    
    Boxes' corners:      (w,l)
        Box 1 is at 
            top left     (0,11)
            bottom right (0,12)
    
        Box 2 is at 
            top left     (2,17)
            bottom right (6,18)
    
        Box 3 is at 
            top left     (3,19)
            bottom right (7,20)
    
        Box 4 is at 
            top left     (0,0)
            bottom right (4,1)
    
        Box 5 is at 
            top left     (5,0)
            bottom right (9,1)
    
        Box 6 is at 
            top left     (10,22)
            bottom right (10,22)
    
        Roll length used: 23

    [1;34mTry max length:[0m 22
    [1;34m    At iteration:[0m 1
        lingeling found a solution in .914 ms

       | W
     L | 0 1 2 3 4 5 6 7 8 9 10 
    ----------------------------
     0 | . 3 3 3 3 3 5 5 5 5  5 
     1 | . 3 3 3 3 3 5 5 5 5  5 
     2 | . . . . . . . . . .  . 
     3 | . . . . . . . . . .  . 
     4 | . . . . . . . . . .  . 
     5 | . . . . . . . . . .  . 
     6 | . . . . . . . . . .  . 
     7 | . . . . . . . . . .  . 
     8 | . . . . . . . . . .  . 
     9 | 1 . . . . . . . . .  . 
    10 | 1 . . . . . . . . .  . 
    11 | . . . . . . . . . .  . 
    12 | . . . . . . . . . .  . 
    13 | . . . . . . . . . .  . 
    14 | . . . . . . . . . .  . 
    15 | . . . . . . . . . .  . 
    16 | . . 2 2 2 2 2 . . .  . 
    17 | . . 2 2 2 2 2 . . .  . 
    18 | . . . . . . . . . .  . 
    19 | . . . . . . . . . .  . 
    20 | 4 4 4 4 4 . . . . .  . 
    21 | 4 4 4 4 4 . . . . .  6 
    
    Boxes' corners:      (w,l)
        Box 1 is at 
            top left     (0,9)
            bottom right (0,10)
    
        Box 2 is at 
            top left     (2,16)
            bottom right (6,17)
    
        Box 3 is at 
            top left     (1,0)
            bottom right (5,1)
    
        Box 4 is at 
            top left     (0,20)
            bottom right (4,21)
    
        Box 5 is at 
            top left     (6,0)
            bottom right (10,1)
    
        Box 6 is at 
            top left     (10,21)
            bottom right (10,21)
    
        Roll length used: 22

    [1;34mTry max length:[0m 21
    [1;34m    At iteration:[0m 2
        lingeling found a solution in .873 ms

       | W
     L | 0 1 2 3 4 5 6 7 8 9 10 
    ----------------------------
     0 | . 4 4 4 4 4 5 5 5 5  5 
     1 | . 4 4 4 4 4 5 5 5 5  5 
     2 | . . . . . . . . . .  . 
     3 | . . . . . . . . . .  . 
     4 | . . . . . . . . . .  . 
     5 | 1 . . . . . . . . .  . 
     6 | 1 . . . . . . . . .  . 
     7 | . . . . . . . . . .  . 
     8 | . . . . . . . . . .  . 
     9 | . . . . . . . . . .  . 
    10 | . . . . . . . . . .  . 
    11 | . . . . . . . . . .  . 
    12 | . . . . . . . . . .  . 
    13 | . . . . . . . . . .  . 
    14 | . . . . . . . . . .  . 
    15 | . . . 2 2 2 2 2 . .  . 
    16 | . . . 2 2 2 2 2 . .  . 
    17 | . 3 3 3 3 3 . . . .  . 
    18 | . 3 3 3 3 3 . . . .  . 
    19 | . . . . . . . . . .  . 
    20 | . . . . . . . . . .  6 
    
    Boxes' corners:      (w,l)
        Box 1 is at 
            top left     (0,5)
            bottom right (0,6)
    
        Box 2 is at 
            top left     (3,15)
            bottom right (7,16)
    
        Box 3 is at 
            top left     (1,17)
            bottom right (5,18)
    
        Box 4 is at 
            top left     (1,0)
            bottom right (5,1)
    
        Box 5 is at 
            top left     (6,0)
            bottom right (10,1)
    
        Box 6 is at 
            top left     (10,20)
            bottom right (10,20)
    
        Roll length used: 21

    [1;34mTry max length:[0m 20
    [1;34m    At iteration:[0m 3
        lingeling found a solution in .862 ms

       | W
     L | 0 1 2 3 4 5 6 7 8 9 10 
    ----------------------------
     0 | 5 5 5 5 5 . 4 4 4 4  4 
     1 | 5 5 5 5 5 . 4 4 4 4  4 
     2 | . . . . . . . . . .  . 
     3 | . . . . . . . . . .  . 
     4 | . . . . . . . . . .  . 
     5 | 1 . . . . . . . . .  . 
     6 | 1 . . . . . . . . .  . 
     7 | . . . . . . . . . .  . 
     8 | . . . . . . . . . .  . 
     9 | . . . . . . . . . .  . 
    10 | . . . . . . . . . .  . 
    11 | . . . . . . . . . .  . 
    12 | . . . . . . . . . .  . 
    13 | . . . . . . . . . .  . 
    14 | . 3 3 3 3 3 . . . .  . 
    15 | . 3 3 3 3 3 . . . .  . 
    16 | . . 2 2 2 2 2 . . .  . 
    17 | . . 2 2 2 2 2 . . .  . 
    18 | . . . . . . . . . .  . 
    19 | . . . . . . . . . .  6 
    
    Boxes' corners:      (w,l)
        Box 1 is at 
            top left     (0,5)
            bottom right (0,6)
    
        Box 2 is at 
            top left     (2,16)
            bottom right (6,17)
    
        Box 3 is at 
            top left     (1,14)
            bottom right (5,15)
    
        Box 4 is at 
            top left     (6,0)
            bottom right (10,1)
    
        Box 5 is at 
            top left     (0,0)
            bottom right (4,1)
    
        Box 6 is at 
            top left     (10,19)
            bottom right (10,19)
    
        Roll length used: 20

    [1;34mTry max length:[0m 19
    [1;34m    At iteration:[0m 4
        lingeling found a solution in .777 ms

       | W
     L | 0 1 2 3 4 5 6 7 8 9 10 
    ----------------------------
     0 | . . . . . . 5 5 5 5  5 
     1 | . . . . . . 5 5 5 5  5 
     2 | . . . . . . . . . .  . 
     3 | . . . . . . . . . .  . 
     4 | . . . . . . . . . .  . 
     5 | . . . . . . . . . .  . 
     6 | . . . . . . . . . .  . 
     7 | . . . . . . . . . .  . 
     8 | . . . . . . . . . .  . 
     9 | 1 . . . . . . . . .  . 
    10 | 1 . . . . . . . . .  . 
    11 | . . . . . . . . . .  . 
    12 | . . . . . . . . . .  . 
    13 | . . . . . 2 2 2 2 2  . 
    14 | . . . . . 2 2 2 2 2  . 
    15 | . . . 4 4 4 4 4 . .  . 
    16 | . . . 4 4 4 4 4 . .  . 
    17 | 3 3 3 3 3 . . . . .  . 
    18 | 3 3 3 3 3 . . . . .  6 
    
    Boxes' corners:      (w,l)
        Box 1 is at 
            top left     (0,9)
            bottom right (0,10)
    
        Box 2 is at 
            top left     (5,13)
            bottom right (9,14)
    
        Box 3 is at 
            top left     (0,17)
            bottom right (4,18)
    
        Box 4 is at 
            top left     (3,15)
            bottom right (7,16)
    
        Box 5 is at 
            top left     (6,0)
            bottom right (10,1)
    
        Box 6 is at 
            top left     (10,18)
            bottom right (10,18)
    
        Roll length used: 19

    [1;34mTry max length:[0m 18
    [1;34m    At iteration:[0m 5
        lingeling found a solution in .714 ms

       | W
     L | 0 1 2 3 4 5 6 7 8 9 10 
    ----------------------------
     0 | 4 4 4 4 4 3 3 3 3 3  . 
     1 | 4 4 4 4 4 3 3 3 3 3  . 
     2 | . . . . . . . . . .  . 
     3 | . . . . . . . . . .  . 
     4 | . . . . . . . . . .  . 
     5 | . . . . . . . . . .  . 
     6 | . . . . . . . . . .  . 
     7 | . . . . . . . . . .  . 
     8 | 1 . . . . . . . . .  . 
     9 | 1 . . . . . . . . .  . 
    10 | . . . . . . . . . .  . 
    11 | . . . . . . . . . .  . 
    12 | . . 2 2 2 2 2 . . .  . 
    13 | . . 2 2 2 2 2 . . .  . 
    14 | 5 5 5 5 5 . . . . .  . 
    15 | 5 5 5 5 5 . . . . .  . 
    16 | . . . . . . . . . .  . 
    17 | . . . . . . . . . .  6 
    
    Boxes' corners:      (w,l)
        Box 1 is at 
            top left     (0,8)
            bottom right (0,9)
    
        Box 2 is at 
            top left     (2,12)
            bottom right (6,13)
    
        Box 3 is at 
            top left     (5,0)
            bottom right (9,1)
    
        Box 4 is at 
            top left     (0,0)
            bottom right (4,1)
    
        Box 5 is at 
            top left     (0,14)
            bottom right (4,15)
    
        Box 6 is at 
            top left     (10,17)
            bottom right (10,17)
    
        Roll length used: 18

    [1;34mTry max length:[0m 17
    [1;34m    At iteration:[0m 6
        lingeling found a solution in .666 ms

       | W
     L | 0 1 2 3 4 5 6 7 8 9 10 
    ----------------------------
     0 | 4 4 4 4 4 . . . . .  . 
     1 | 4 4 4 4 4 . 3 3 3 3  3 
     2 | . . . . . . 3 3 3 3  3 
     3 | . . . . . . . . . .  . 
     4 | . . . . . . . . . .  . 
     5 | . . . . . . . . . .  . 
     6 | . . . . . . . . . .  . 
     7 | . . . . . . . . . .  . 
     8 | 1 . . . . . . . . .  . 
     9 | 1 . . . . . . . . .  . 
    10 | . . . . . . . . . .  . 
    11 | . . 2 2 2 2 2 . . .  . 
    12 | . . 2 2 2 2 2 . . .  . 
    13 | . . . . . . . . . .  . 
    14 | . . . . . . . . . .  . 
    15 | . . . . . . 5 5 5 5  5 
    16 | . . . . . 6 5 5 5 5  5 
    
    Boxes' corners:      (w,l)
        Box 1 is at 
            top left     (0,8)
            bottom right (0,9)
    
        Box 2 is at 
            top left     (2,11)
            bottom right (6,12)
    
        Box 3 is at 
            top left     (6,1)
            bottom right (10,2)
    
        Box 4 is at 
            top left     (0,0)
            bottom right (4,1)
    
        Box 5 is at 
            top left     (6,15)
            bottom right (10,16)
    
        Box 6 is at 
            top left     (5,16)
            bottom right (5,16)
    
        Roll length used: 17

    [1;34mTry max length:[0m 16
    [1;34m    At iteration:[0m 7
        lingeling found a solution in .547 ms

       | W
     L | 0 1 2 3 4 5 6 7 8 9 10 
    ----------------------------
     0 | . 5 5 5 5 5 3 3 3 3  3 
     1 | . 5 5 5 5 5 3 3 3 3  3 
     2 | . . . . . . . . . .  . 
     3 | . . . . . . . . . .  . 
     4 | . . . . . . . . . .  . 
     5 | . . . . . . . . . .  . 
     6 | . . . . . . . . . .  . 
     7 | 1 . . . . . . . . .  . 
     8 | 1 . . . . . . . . .  . 
     9 | . . . . . . . . . .  . 
    10 | . . . . . 2 2 2 2 2  . 
    11 | . . . . . 2 2 2 2 2  . 
    12 | . . . . . . . . . .  . 
    13 | . . . . . . . . . .  . 
    14 | 4 4 4 4 4 . . . . .  . 
    15 | 4 4 4 4 4 . . . . .  6 
    
    Boxes' corners:      (w,l)
        Box 1 is at 
            top left     (0,7)
            bottom right (0,8)
    
        Box 2 is at 
            top left     (5,10)
            bottom right (9,11)
    
        Box 3 is at 
            top left     (6,0)
            bottom right (10,1)
    
        Box 4 is at 
            top left     (0,14)
            bottom right (4,15)
    
        Box 5 is at 
            top left     (1,0)
            bottom right (5,1)
    
        Box 6 is at 
            top left     (10,15)
            bottom right (10,15)
    
        Roll length used: 16

    [1;34mTry max length:[0m 15
    [1;34m    At iteration:[0m 8
        lingeling found a solution in .496 ms

       | W
     L | 0 1 2 3 4 5 6 7 8 9 10 
    ----------------------------
     0 | 3 3 3 3 3 5 5 5 5 5  . 
     1 | 3 3 3 3 3 5 5 5 5 5  . 
     2 | . . . . . . . . . .  . 
     3 | . . . . . . . . . .  . 
     4 | . . . . . . . . . .  . 
     5 | 1 . . . . . . . . .  . 
     6 | 1 . . . . . . . . .  . 
     7 | . . . . . . . . . .  . 
     8 | . . . . . . . . . .  . 
     9 | . . . . . 2 2 2 2 2  . 
    10 | . . . . . 2 2 2 2 2  . 
    11 | . . 4 4 4 4 4 . . .  . 
    12 | . . 4 4 4 4 4 . . .  . 
    13 | . . . . . . . . . .  . 
    14 | . . . . . . . . . .  6 
    
    Boxes' corners:      (w,l)
        Box 1 is at 
            top left     (0,5)
            bottom right (0,6)
    
        Box 2 is at 
            top left     (5,9)
            bottom right (9,10)
    
        Box 3 is at 
            top left     (0,0)
            bottom right (4,1)
    
        Box 4 is at 
            top left     (2,11)
            bottom right (6,12)
    
        Box 5 is at 
            top left     (5,0)
            bottom right (9,1)
    
        Box 6 is at 
            top left     (10,14)
            bottom right (10,14)
    
        Roll length used: 15

    [1;34mTry max length:[0m 14
    [1;34m    At iteration:[0m 9
        lingeling found a solution in .455 ms

       | W
     L | 0 1 2 3 4 5 6 7 8 9 10 
    ----------------------------
     0 | 3 3 3 3 3 4 4 4 4 4  . 
     1 | 3 3 3 3 3 4 4 4 4 4  . 
     2 | . . . . . . . . . .  . 
     3 | . . . . . . . . . .  . 
     4 | . . . . . . . . . .  . 
     5 | . . . . . . . . . .  . 
     6 | 1 . . . . . . . . .  . 
     7 | 1 . . . . . . . . .  . 
     8 | . . . . . . . . . .  . 
     9 | 5 5 5 5 5 . . . . .  . 
    10 | 5 5 5 5 5 . . . . .  . 
    11 | . . . 2 2 2 2 2 . .  . 
    12 | . . . 2 2 2 2 2 . .  . 
    13 | . . . . . . . . . .  6 
    
    Boxes' corners:      (w,l)
        Box 1 is at 
            top left     (0,6)
            bottom right (0,7)
    
        Box 2 is at 
            top left     (3,11)
            bottom right (7,12)
    
        Box 3 is at 
            top left     (0,0)
            bottom right (4,1)
    
        Box 4 is at 
            top left     (5,0)
            bottom right (9,1)
    
        Box 5 is at 
            top left     (0,9)
            bottom right (4,10)
    
        Box 6 is at 
            top left     (10,13)
            bottom right (10,13)
    
        Roll length used: 14

    [1;34mTry max length:[0m 13
    [1;34m    At iteration:[0m 10
        lingeling found a solution in .414 ms

       | W
     L | 0 1 2 3 4 5 6 7 8 9 10 
    ----------------------------
     0 | 4 4 4 4 4 5 5 5 5 5  . 
     1 | 4 4 4 4 4 5 5 5 5 5  . 
     2 | . . . . . . . . . .  . 
     3 | . . . . . . . . . .  . 
     4 | . . . . . . . . . .  . 
     5 | . . . . . . . . . .  . 
     6 | 1 . . . . . . . . .  . 
     7 | 1 . . . . 2 2 2 2 2  . 
     8 | . . . . . 2 2 2 2 2  . 
     9 | . 3 3 3 3 3 . . . .  . 
    10 | . 3 3 3 3 3 . . . .  . 
    11 | . . . . . . . . . .  . 
    12 | . . . . . . . . . .  6 
    
    Boxes' corners:      (w,l)
        Box 1 is at 
            top left     (0,6)
            bottom right (0,7)
    
        Box 2 is at 
            top left     (5,7)
            bottom right (9,8)
    
        Box 3 is at 
            top left     (1,9)
            bottom right (5,10)
    
        Box 4 is at 
            top left     (0,0)
            bottom right (4,1)
    
        Box 5 is at 
            top left     (5,0)
            bottom right (9,1)
    
        Box 6 is at 
            top left     (10,12)
            bottom right (10,12)
    
        Roll length used: 13

    [1;34mTry max length:[0m 12
    [1;34m    At iteration:[0m 11
        lingeling found a solution in .360 ms

       | W
     L | 0 1 2 3 4 5 6 7 8 9 10 
    ----------------------------
     0 | 3 3 3 3 3 1 1 . . .  . 
     1 | 3 3 3 3 3 . . . . .  . 
     2 | . . . . . . . . . .  . 
     3 | . . . . . . . . . .  . 
     4 | . . . . . . . . . .  . 
     5 | . . . . . . . . . .  . 
     6 | . . . . . . . . . .  . 
     7 | . . . . . . . . . .  . 
     8 | . . . 2 2 2 2 2 . .  . 
     9 | . . . 2 2 2 2 2 . .  6 
    10 | 5 5 5 5 5 . 4 4 4 4  4 
    11 | 5 5 5 5 5 . 4 4 4 4  4 
    
    Boxes' corners:      (w,l)
        Box 1 is at 
            top left     (5,0)
            bottom right (6,0)
    
        Box 2 is at 
            top left     (3,8)
            bottom right (7,9)
    
        Box 3 is at 
            top left     (0,0)
            bottom right (4,1)
    
        Box 4 is at 
            top left     (6,10)
            bottom right (10,11)
    
        Box 5 is at 
            top left     (0,10)
            bottom right (4,11)
    
        Box 6 is at 
            top left     (10,9)
            bottom right (10,9)
    
        Roll length used: 12

    [1;34mTry max length:[0m 11
    [1;34m    At iteration:[0m 12
        lingeling found a solution in .340 ms

       | W
     L | 0 1 2 3 4 5 6 7 8 9 10 
    ----------------------------
     0 | 5 5 . . . . . . . 3  3 
     1 | 5 5 . . . . . . . 3  3 
     2 | 5 5 . . . . . . . 3  3 
     3 | 5 5 . . . . . 2 2 3  3 
     4 | 5 5 . . . . . 2 2 3  3 
     5 | 1 . . . . . . 2 2 4  4 
     6 | 1 . . . . . . 2 2 4  4 
     7 | . . . . . . . 2 2 4  4 
     8 | . . . . . . . . . 4  4 
     9 | . . . . . . . . . 4  4 
    10 | . . . . . . . . 6 .  . 
    
    Boxes' corners:      (w,l)
        Box 1 is at 
            top left     (0,5)
            bottom right (0,6)
    
        Box 2 is at 
            top left     (7,3)
            bottom right (8,7)
    
        Box 3 is at 
            top left     (9,0)
            bottom right (10,4)
    
        Box 4 is at 
            top left     (9,5)
            bottom right (10,9)
    
        Box 5 is at 
            top left     (0,0)
            bottom right (1,4)
    
        Box 6 is at 
            top left     (8,10)
            bottom right (8,10)
    
        Roll length used: 11

    [1;34mTry max length:[0m 10
    [1;34m    At iteration:[0m 13
        lingeling found a solution in .293 ms

       | W
     L | 0 1 2 3 4 5 6 7 8 9 10 
    ----------------------------
     0 | 4 4 . . . 1 1 . . 3  3 
     1 | 4 4 . . . . . . . 3  3 
     2 | 4 4 . . . . . . . 3  3 
     3 | 4 4 . . . . . . . 3  3 
     4 | 4 4 . . . 2 2 . . 3  3 
     5 | . . . . . 2 2 . . 5  5 
     6 | . . . . . 2 2 . . 5  5 
     7 | . . . . . 2 2 . . 5  5 
     8 | . . . . . 2 2 . . 5  5 
     9 | . . . . . . . . 6 5  5 
    
    Boxes' corners:      (w,l)
        Box 1 is at 
            top left     (5,0)
            bottom right (6,0)
    
        Box 2 is at 
            top left     (5,4)
            bottom right (6,8)
    
        Box 3 is at 
            top left     (9,0)
            bottom right (10,4)
    
        Box 4 is at 
            top left     (0,0)
            bottom right (1,4)
    
        Box 5 is at 
            top left     (9,5)
            bottom right (10,9)
    
        Box 6 is at 
            top left     (8,9)
            bottom right (8,9)
    
        Roll length used: 10

    [1;34mTry max length:[0m 9
    [1;34m    At iteration:[0m 14
        lingeling found a solution in .251 ms

      | W
    L | 0 1 2 3 4 5 6 7 8 9 10 
    ----------------------------
    0 | . . . . . 1 1 4 4 .  . 
    1 | . . . . . . . 4 4 .  . 
    2 | 5 5 . . . . . 4 4 3  3 
    3 | 5 5 . . . 2 2 4 4 3  3 
    4 | 5 5 . . . 2 2 4 4 3  3 
    5 | 5 5 . . . 2 2 . . 3  3 
    6 | 5 5 . . . 2 2 . . 3  3 
    7 | . . . . . 2 2 . . .  . 
    8 | . . . . . . . . . .  6 
    
    Boxes' corners:      (w,l)
        Box 1 is at 
            top left     (5,0)
            bottom right (6,0)
    
        Box 2 is at 
            top left     (5,3)
            bottom right (6,7)
    
        Box 3 is at 
            top left     (9,2)
            bottom right (10,6)
    
        Box 4 is at 
            top left     (7,0)
            bottom right (8,4)
    
        Box 5 is at 
            top left     (0,2)
            bottom right (1,6)
    
        Box 6 is at 
            top left     (10,8)
            bottom right (10,8)
    
        Roll length used: 9

    [1;34mTry max length:[0m 8
    [1;34m    At iteration:[0m 15
        lingeling found a solution in .260 ms

      | W
    L | 0 1 2 3 4 5 6 7 8 9 10 
    ----------------------------
    0 | 5 5 4 4 . . . . . .  . 
    1 | 5 5 4 4 . . . . . .  . 
    2 | 5 5 4 4 1 . . . 3 3  . 
    3 | 5 5 4 4 1 . . . 3 3  . 
    4 | 5 5 4 4 . . . . 3 3  . 
    5 | . . . . . . 6 . 3 3  . 
    6 | . . . 2 2 2 2 2 3 3  . 
    7 | . . . 2 2 2 2 2 . .  . 
    
    Boxes' corners:      (w,l)
        Box 1 is at 
            top left     (4,2)
            bottom right (4,3)
    
        Box 2 is at 
            top left     (3,6)
            bottom right (7,7)
    
        Box 3 is at 
            top left     (8,2)
            bottom right (9,6)
    
        Box 4 is at 
            top left     (2,0)
            bottom right (3,4)
    
        Box 5 is at 
            top left     (0,0)
            bottom right (1,4)
    
        Box 6 is at 
            top left     (6,5)
            bottom right (6,5)
    
        Roll length used: 8

    [1;34mTry max length:[0m 7
    [1;34m    At iteration:[0m 16
        lingeling found a solution in .217 ms

      | W
    L | 0 1 2 3 4 5 6 7 8 9 10 
    ----------------------------
    0 | 4 4 . . . 1 1 . . .  . 
    1 | 4 4 . . . 2 2 . . .  . 
    2 | 4 4 . . . 2 2 3 3 5  5 
    3 | 4 4 . . . 2 2 3 3 5  5 
    4 | 4 4 . . . 2 2 3 3 5  5 
    5 | . . . . . 2 2 3 3 5  5 
    6 | . . . . . . 6 3 3 5  5 
    
    Boxes' corners:      (w,l)
        Box 1 is at 
            top left     (5,0)
            bottom right (6,0)
    
        Box 2 is at 
            top left     (5,1)
            bottom right (6,5)
    
        Box 3 is at 
            top left     (7,2)
            bottom right (8,6)
    
        Box 4 is at 
            top left     (0,0)
            bottom right (1,4)
    
        Box 5 is at 
            top left     (9,2)
            bottom right (10,6)
    
        Box 6 is at 
            top left     (6,6)
            bottom right (6,6)
    
        Roll length used: 7

    [1;34mTry max length:[0m 6
    [1;34m    At iteration:[0m 17
        lingeling found a solution in .178 ms

      | W
    L | 0 1 2 3 4 5 6 7 8 9 10 
    ----------------------------
    0 | . . . . . 1 1 5 5 .  . 
    1 | 4 4 . . . 2 2 5 5 3  3 
    2 | 4 4 . . . 2 2 5 5 3  3 
    3 | 4 4 . . . 2 2 5 5 3  3 
    4 | 4 4 . . . 2 2 5 5 3  3 
    5 | 4 4 . . . 2 2 6 . 3  3 
    
    Boxes' corners:      (w,l)
        Box 1 is at 
            top left     (5,0)
            bottom right (6,0)
    
        Box 2 is at 
            top left     (5,1)
            bottom right (6,5)
    
        Box 3 is at 
            top left     (9,1)
            bottom right (10,5)
    
        Box 4 is at 
            top left     (0,1)
            bottom right (1,5)
    
        Box 5 is at 
            top left     (7,0)
            bottom right (8,4)
    
        Box 6 is at 
            top left     (7,5)
            bottom right (7,5)
    
        Roll length used: 6

    [1;34mTry max length:[0m 5
    [1;34m    At iteration:[0m 18
        lingeling found a solution in .161 ms

      | W
    L | 0 1 2 3 4 5 6 7 8 9 10 
    ----------------------------
    0 | 2 2 5 5 . 1 1 4 4 3  3 
    1 | 2 2 5 5 . . . 4 4 3  3 
    2 | 2 2 5 5 . . . 4 4 3  3 
    3 | 2 2 5 5 . . . 4 4 3  3 
    4 | 2 2 5 5 . . 6 4 4 3  3 
    
    Boxes' corners:      (w,l)
        Box 1 is at 
            top left     (5,0)
            bottom right (6,0)
    
        Box 2 is at 
            top left     (0,0)
            bottom right (1,4)
    
        Box 3 is at 
            top left     (9,0)
            bottom right (10,4)
    
        Box 4 is at 
            top left     (7,0)
            bottom right (8,4)
    
        Box 5 is at 
            top left     (2,0)
            bottom right (3,4)
    
        Box 6 is at 
            top left     (6,4)
            bottom right (6,4)
    
        Roll length used: 5

    [1;34mTry max length:[0m 4
    [1;34m    At iteration:[0m 19
        lingeling found a solution in .127 ms

      | W
    L | 0 1 2 3 4 5 6 7 8 9 10 
    ----------------------------
    0 | 1 4 4 4 4 4 5 5 5 5  5 
    1 | 1 4 4 4 4 4 5 5 5 5  5 
    2 | 2 2 2 2 2 3 3 3 3 3  . 
    3 | 2 2 2 2 2 3 3 3 3 3  6 
    
    Boxes' corners:      (w,l)
        Box 1 is at 
            top left     (0,0)
            bottom right (0,1)
    
        Box 2 is at 
            top left     (0,2)
            bottom right (4,3)
    
        Box 3 is at 
            top left     (5,2)
            bottom right (9,3)
    
        Box 4 is at 
            top left     (1,0)
            bottom right (5,1)
    
        Box 5 is at 
            top left     (6,0)
            bottom right (10,1)
    
        Box 6 is at 
            top left     (10,3)
            bottom right (10,3)
    
        Roll length used: 4

    [1;34mTry max length:[0m 3
    [1;34m    At iteration:[0m 20
        [3;31mlingeling determined unsatisfiability of the Boolean formula[0m
        [1;32mOptimality reached![0m
