dc jun 6 20:49:16 CEST 2018
    [1;34mTry max length:[0m 999999
    [1;34m    At iteration:[0m 0
        lingeling found a solution in 2.401 ms

       | W
     L |  0 1  2 3 4  5  6  7 
    -------------------------
     0 |  . .  1 1 1  1  1  . 
     1 |  . .  1 1 1  1  1  . 
     2 |  . .  1 1 1  1  1  . 
     3 |  . .  1 1 1  1  1  . 
     4 |  . 9  9 . .  .  .  . 
     5 |  . 9  9 . .  .  .  . 
     6 |  . .  . . .  .  .  . 
     7 |  . .  . . .  .  .  . 
     8 |  . .  . . .  .  8  8 
     9 |  . .  . . .  .  8  8 
    10 |  . .  . . .  .  .  . 
    11 |  . .  . . .  .  .  . 
    12 |  . . 10 . .  .  .  . 
    13 |  . . 10 . .  .  .  . 
    14 |  . .  . . .  .  .  . 
    15 |  . .  . . .  .  .  . 
    16 |  . .  . . .  .  .  . 
    17 |  . .  . . .  .  .  . 
    18 |  . .  . . .  .  .  . 
    19 |  . .  . . .  .  .  . 
    20 |  . .  . . .  .  .  . 
    21 |  . .  . 2 2  2  2  . 
    22 |  . .  . 2 2  2  2  . 
    23 |  . .  . 2 2  2  2  . 
    24 |  . .  . 2 2  2  2  . 
    25 |  . .  . 2 2  2  2  . 
    26 |  . .  . . .  .  .  . 
    27 |  . .  5 5 5  5  5  . 
    28 |  . .  5 5 5  5  5  . 
    29 |  . .  5 5 5  5  5  . 
    30 |  . .  5 5 5  5  5  . 
    31 |  . .  3 3 3  3  3  . 
    32 | 12 .  3 3 3  3  3  . 
    33 | 12 .  3 3 3  3  3  . 
    34 |  . .  3 3 3  3  3  . 
    35 |  . .  . 4 4  4  4  4 
    36 |  . .  . 4 4  4  4  4 
    37 |  . .  . 4 4  4  4  4 
    38 |  . .  . 4 4  4  4  4 
    39 | 11 .  . . .  .  .  . 
    40 | 11 .  . . . 13 13 13 
    41 |  6 6  6 7 7 13 13 13 
    42 |  6 6  6 7 7 13 13 13 
    
    Boxes' corners:       (w,l)
        Box  1 is at 
            top left     (2,0)
            bottom right (6,3)
    
        Box  2 is at 
            top left     (3,21)
            bottom right (6,25)
    
        Box  3 is at 
            top left     (2,31)
            bottom right (6,34)
    
        Box  4 is at 
            top left     (3,35)
            bottom right (7,38)
    
        Box  5 is at 
            top left     (2,27)
            bottom right (6,30)
    
        Box  6 is at 
            top left     (0,41)
            bottom right (2,42)
    
        Box  7 is at 
            top left     (3,41)
            bottom right (4,42)
    
        Box  8 is at 
            top left     (6,8)
            bottom right (7,9)
    
        Box  9 is at 
            top left     (1,4)
            bottom right (2,5)
    
        Box 10 is at 
            top left     (2,12)
            bottom right (2,13)
    
        Box 11 is at 
            top left     (0,39)
            bottom right (0,40)
    
        Box 12 is at 
            top left     (0,32)
            bottom right (0,33)
    
        Box 13 is at 
            top left     (5,40)
            bottom right (7,42)
    
        Roll length used: 43

    [1;34mTry max length:[0m 42
    [1;34m    At iteration:[0m 1
        lingeling found a solution in 2.447 ms

       | W
     L | 0 1 2 3 4  5  6  7 
    -----------------------
     0 | . . 1 1 1  1  1  . 
     1 | . . 1 1 1  1  1  . 
     2 | . . 1 1 1  1  1  . 
     3 | . . 1 1 1  1  1  . 
     4 | . . . . .  .  .  . 
     5 | . . . . .  .  .  . 
     6 | . . . . .  .  .  . 
     7 | . . . . .  .  .  . 
     8 | . . . . .  .  .  . 
     9 | . . . . .  .  .  . 
    10 | . . . . .  .  .  . 
    11 | . . . . .  .  .  . 
    12 | . . . . .  .  .  . 
    13 | . . . . .  .  .  . 
    14 | . . . . .  .  .  . 
    15 | . . . . .  .  .  . 
    16 | . . . . .  .  .  . 
    17 | . . . . .  .  .  . 
    18 | . . . . .  .  .  . 
    19 | . . . . .  .  .  . 
    20 | . . . . .  .  .  . 
    21 | 2 2 2 2 2  .  .  . 
    22 | 2 2 2 2 2  .  .  . 
    23 | 2 2 2 2 2  .  .  . 
    24 | 2 2 2 2 2  .  .  . 
    25 | . . . . .  .  .  . 
    26 | . . . . .  .  .  . 
    27 | 5 5 5 5 5  .  .  . 
    28 | 5 5 5 5 5  .  .  . 
    29 | 5 5 5 5 5  .  .  . 
    30 | 5 5 5 5 5  .  .  . 
    31 | . . 4 4 4  4  4  . 
    32 | . . 4 4 4  4  4  . 
    33 | . . 4 4 4  4  4 12 
    34 | 9 9 4 4 4  4  4 12 
    35 | 9 9 . . . 13 13 13 
    36 | 6 6 6 . . 13 13 13 
    37 | 6 6 6 . . 13 13 13 
    38 | 8 8 3 3 3  3  3 11 
    39 | 8 8 3 3 3  3  3 11 
    40 | 7 7 3 3 3  3  3 10 
    41 | 7 7 3 3 3  3  3 10 
    
    Boxes' corners:       (w,l)
        Box  1 is at 
            top left     (2,0)
            bottom right (6,3)
    
        Box  2 is at 
            top left     (0,21)
            bottom right (4,24)
    
        Box  3 is at 
            top left     (2,38)
            bottom right (6,41)
    
        Box  4 is at 
            top left     (2,31)
            bottom right (6,34)
    
        Box  5 is at 
            top left     (0,27)
            bottom right (4,30)
    
        Box  6 is at 
            top left     (0,36)
            bottom right (2,37)
    
        Box  7 is at 
            top left     (0,40)
            bottom right (1,41)
    
        Box  8 is at 
            top left     (0,38)
            bottom right (1,39)
    
        Box  9 is at 
            top left     (0,34)
            bottom right (1,35)
    
        Box 10 is at 
            top left     (7,40)
            bottom right (7,41)
    
        Box 11 is at 
            top left     (7,38)
            bottom right (7,39)
    
        Box 12 is at 
            top left     (7,33)
            bottom right (7,34)
    
        Box 13 is at 
            top left     (5,35)
            bottom right (7,37)
    
        Roll length used: 42

    [1;34mTry max length:[0m 41
    [1;34m    At iteration:[0m 2
        lingeling found a solution in 2.255 ms

       | W
     L |  0  1  2 3 4 5 6  7 
    ------------------------
     0 |  .  .  1 1 1 1 1  . 
     1 |  .  .  1 1 1 1 1  . 
     2 |  .  .  1 1 1 1 1  . 
     3 |  .  .  1 1 1 1 1  . 
     4 |  .  .  . . . . .  . 
     5 |  .  .  . . . . .  . 
     6 |  .  .  . 3 3 3 3  3 
     7 |  .  .  . 3 3 3 3  3 
     8 |  .  .  . 3 3 3 3  3 
     9 |  .  .  . 3 3 3 3  3 
    10 |  .  .  . . . . .  . 
    11 |  .  .  . . . . .  . 
    12 |  .  .  . . . . .  . 
    13 |  .  .  . . . . .  . 
    14 |  .  .  . . . . .  . 
    15 |  .  .  . . . . .  . 
    16 |  .  .  . . . . .  . 
    17 |  .  .  . . . . .  . 
    18 |  .  .  . . . . .  . 
    19 |  .  .  . . . . .  . 
    20 |  .  .  . . . . .  . 
    21 |  .  .  . . . . .  . 
    22 |  .  .  . . . . .  . 
    23 |  .  .  . . . . .  . 
    24 |  .  .  . . . . .  . 
    25 |  .  .  . . . . .  . 
    26 |  .  .  . . . . .  . 
    27 |  .  .  . 2 2 2 2  2 
    28 |  6  6  6 2 2 2 2  2 
    29 |  6  6  6 2 2 2 2  2 
    30 | 13 13 13 2 2 2 2  2 
    31 | 13 13 13 . . . .  . 
    32 | 13 13 13 . . . .  . 
    33 |  .  .  4 4 4 4 4  . 
    34 |  .  .  4 4 4 4 4  . 
    35 |  9  9  4 4 4 4 4 12 
    36 |  9  9  4 4 4 4 4 12 
    37 |  8  8  5 5 5 5 5 11 
    38 |  8  8  5 5 5 5 5 11 
    39 |  7  7  5 5 5 5 5 10 
    40 |  7  7  5 5 5 5 5 10 
    
    Boxes' corners:       (w,l)
        Box  1 is at 
            top left     (2,0)
            bottom right (6,3)
    
        Box  2 is at 
            top left     (3,27)
            bottom right (7,30)
    
        Box  3 is at 
            top left     (3,6)
            bottom right (7,9)
    
        Box  4 is at 
            top left     (2,33)
            bottom right (6,36)
    
        Box  5 is at 
            top left     (2,37)
            bottom right (6,40)
    
        Box  6 is at 
            top left     (0,28)
            bottom right (2,29)
    
        Box  7 is at 
            top left     (0,39)
            bottom right (1,40)
    
        Box  8 is at 
            top left     (0,37)
            bottom right (1,38)
    
        Box  9 is at 
            top left     (0,35)
            bottom right (1,36)
    
        Box 10 is at 
            top left     (7,39)
            bottom right (7,40)
    
        Box 11 is at 
            top left     (7,37)
            bottom right (7,38)
    
        Box 12 is at 
            top left     (7,35)
            bottom right (7,36)
    
        Box 13 is at 
            top left     (0,30)
            bottom right (2,32)
    
        Roll length used: 41

    [1;34mTry max length:[0m 40
    [1;34m    At iteration:[0m 3
        lingeling found a solution in 2.297 ms

       | W
     L |  0 1 2 3 4  5  6  7 
    ------------------------
     0 |  . . . 1 1  1  1  1 
     1 |  . . . 1 1  1  1  1 
     2 |  . . . 1 1  1  1  1 
     3 |  . . . 1 1  1  1  1 
     4 |  . . . . .  .  .  . 
     5 |  . . . . .  .  .  . 
     6 |  . . . . .  .  .  . 
     7 |  . . . . .  .  .  . 
     8 |  . . . . .  .  .  . 
     9 |  . . . . .  .  .  . 
    10 |  . . . . .  .  .  . 
    11 |  . . . . .  .  .  . 
    12 |  . . . . .  .  .  . 
    13 |  . . . . .  .  .  . 
    14 |  . . . . .  .  .  . 
    15 |  . . . . .  .  .  . 
    16 |  . . . . .  .  .  . 
    17 |  . . . . .  .  .  . 
    18 |  . . . . .  .  .  . 
    19 |  . . . . .  .  .  . 
    20 |  . . . . .  .  .  . 
    21 |  . 3 3 3 3  3  .  . 
    22 |  . 3 3 3 3  3  .  . 
    23 |  . 3 3 3 3  3  .  . 
    24 |  . 3 3 3 3  3  . 11 
    25 |  . . 2 2 2  2  2 11 
    26 | 12 . 2 2 2  2  2  . 
    27 | 12 . 2 2 2  2  2  . 
    28 |  . . 2 2 2  2  2  . 
    29 |  . . . 4 4  4  4  4 
    30 |  . . . 4 4  4  4  4 
    31 |  . . . 4 4  4  4  4 
    32 |  9 9 . 4 4  4  4  4 
    33 |  9 9 . 5 5  5  5  5 
    34 |  8 8 . 5 5  5  5  5 
    35 |  8 8 . 5 5  5  5  5 
    36 |  7 7 . 5 5  5  5  5 
    37 |  7 7 . . . 13 13 13 
    38 | 10 6 6 6 . 13 13 13 
    39 | 10 6 6 6 . 13 13 13 
    
    Boxes' corners:       (w,l)
        Box  1 is at 
            top left     (3,0)
            bottom right (7,3)
    
        Box  2 is at 
            top left     (2,25)
            bottom right (6,28)
    
        Box  3 is at 
            top left     (1,21)
            bottom right (5,24)
    
        Box  4 is at 
            top left     (3,29)
            bottom right (7,32)
    
        Box  5 is at 
            top left     (3,33)
            bottom right (7,36)
    
        Box  6 is at 
            top left     (1,38)
            bottom right (3,39)
    
        Box  7 is at 
            top left     (0,36)
            bottom right (1,37)
    
        Box  8 is at 
            top left     (0,34)
            bottom right (1,35)
    
        Box  9 is at 
            top left     (0,32)
            bottom right (1,33)
    
        Box 10 is at 
            top left     (0,38)
            bottom right (0,39)
    
        Box 11 is at 
            top left     (7,24)
            bottom right (7,25)
    
        Box 12 is at 
            top left     (0,26)
            bottom right (0,27)
    
        Box 13 is at 
            top left     (5,37)
            bottom right (7,39)
    
        Roll length used: 40

    [1;34mTry max length:[0m 39
    [1;34m    At iteration:[0m 4
        lingeling found a solution in 2.213 ms

       | W
     L |  0  1  2 3 4 5 6  7 
    ------------------------
     0 |  .  .  1 1 1 1 1  . 
     1 |  .  .  1 1 1 1 1  . 
     2 |  .  .  1 1 1 1 1  . 
     3 |  .  .  1 1 1 1 1  . 
     4 |  .  .  . . . . .  . 
     5 |  .  .  . . . . .  . 
     6 |  .  .  . 4 4 4 4  4 
     7 |  .  .  . 4 4 4 4  4 
     8 |  .  .  . 4 4 4 4  4 
     9 |  .  .  . 4 4 4 4  4 
    10 |  .  .  . . . . .  . 
    11 |  .  .  . . . . .  . 
    12 |  .  .  . . . . .  . 
    13 |  .  .  . . . . .  . 
    14 |  .  .  . . . . .  . 
    15 |  .  .  . . . . .  . 
    16 |  .  .  . . . . .  . 
    17 |  .  .  . . . . .  . 
    18 |  .  .  . . . . .  . 
    19 |  .  .  . . . . .  . 
    20 |  5  5  5 5 5 . .  . 
    21 |  5  5  5 5 5 . .  . 
    22 |  5  5  5 5 5 . .  . 
    23 |  5  5  5 5 5 . .  . 
    24 | 12  .  . . . . .  . 
    25 | 12  .  . . . 6 6  6 
    26 |  .  .  . . . 6 6  6 
    27 |  .  2  2 2 2 2 .  . 
    28 |  .  2  2 2 2 2 .  . 
    29 |  .  2  2 2 2 2 .  . 
    30 |  .  2  2 2 2 2 .  . 
    31 |  .  .  . . . . . 11 
    32 | 10  .  . . . . . 11 
    33 | 10  .  . 9 9 . 8  8 
    34 |  7  7  . 9 9 . 8  8 
    35 |  7  7  . 3 3 3 3  3 
    36 | 13 13 13 3 3 3 3  3 
    37 | 13 13 13 3 3 3 3  3 
    38 | 13 13 13 3 3 3 3  3 
    
    Boxes' corners:       (w,l)
        Box  1 is at 
            top left     (2,0)
            bottom right (6,3)
    
        Box  2 is at 
            top left     (1,27)
            bottom right (5,30)
    
        Box  3 is at 
            top left     (3,35)
            bottom right (7,38)
    
        Box  4 is at 
            top left     (3,6)
            bottom right (7,9)
    
        Box  5 is at 
            top left     (0,20)
            bottom right (4,23)
    
        Box  6 is at 
            top left     (5,25)
            bottom right (7,26)
    
        Box  7 is at 
            top left     (0,34)
            bottom right (1,35)
    
        Box  8 is at 
            top left     (6,33)
            bottom right (7,34)
    
        Box  9 is at 
            top left     (3,33)
            bottom right (4,34)
    
        Box 10 is at 
            top left     (0,32)
            bottom right (0,33)
    
        Box 11 is at 
            top left     (7,31)
            bottom right (7,32)
    
        Box 12 is at 
            top left     (0,24)
            bottom right (0,25)
    
        Box 13 is at 
            top left     (0,36)
            bottom right (2,38)
    
        Roll length used: 39

    [1;34mTry max length:[0m 38
    [1;34m    At iteration:[0m 5
        lingeling found a solution in 2.144 ms

       | W
     L |  0 1 2 3 4  5  6  7 
    ------------------------
     0 |  . . 1 1 1  1  1  . 
     1 |  . . 1 1 1  1  1  . 
     2 |  . . 1 1 1  1  1  . 
     3 |  . . 1 1 1  1  1  . 
     4 |  . . . . .  .  .  . 
     5 |  . . . . .  .  .  . 
     6 |  . . . . .  .  .  . 
     7 |  . . . . .  .  .  . 
     8 |  . . . . .  .  .  . 
     9 |  . . . . .  .  .  . 
    10 |  . . . . .  .  .  . 
    11 |  . . . . .  .  .  . 
    12 |  . . . . .  .  .  . 
    13 |  . . . . .  .  .  . 
    14 |  . . . . .  .  .  . 
    15 |  . . . . .  .  .  . 
    16 |  . . . . .  .  .  . 
    17 |  . . . . .  .  .  . 
    18 |  . . . . .  .  .  . 
    19 |  . . . 4 4  4  4  4 
    20 |  . . . 4 4  4  4  4 
    21 | 12 . . 4 4  4  4  4 
    22 | 12 . . 4 4  4  4  4 
    23 | 10 . . . .  .  . 11 
    24 | 10 . . . .  .  . 11 
    25 |  3 3 3 3 3  .  .  . 
    26 |  3 3 3 3 3  .  9  9 
    27 |  3 3 3 3 3  .  9  9 
    28 |  3 3 3 3 3  .  8  8 
    29 |  . . . . .  .  8  8 
    30 |  7 7 . 2 2  2  2  2 
    31 |  7 7 . 2 2  2  2  2 
    32 |  6 6 6 2 2  2  2  2 
    33 |  6 6 6 2 2  2  2  2 
    34 |  5 5 5 5 5 13 13 13 
    35 |  5 5 5 5 5 13 13 13 
    36 |  5 5 5 5 5 13 13 13 
    37 |  5 5 5 5 5  .  .  . 
    
    Boxes' corners:       (w,l)
        Box  1 is at 
            top left     (2,0)
            bottom right (6,3)
    
        Box  2 is at 
            top left     (3,30)
            bottom right (7,33)
    
        Box  3 is at 
            top left     (0,25)
            bottom right (4,28)
    
        Box  4 is at 
            top left     (3,19)
            bottom right (7,22)
    
        Box  5 is at 
            top left     (0,34)
            bottom right (4,37)
    
        Box  6 is at 
            top left     (0,32)
            bottom right (2,33)
    
        Box  7 is at 
            top left     (0,30)
            bottom right (1,31)
    
        Box  8 is at 
            top left     (6,28)
            bottom right (7,29)
    
        Box  9 is at 
            top left     (6,26)
            bottom right (7,27)
    
        Box 10 is at 
            top left     (0,23)
            bottom right (0,24)
    
        Box 11 is at 
            top left     (7,23)
            bottom right (7,24)
    
        Box 12 is at 
            top left     (0,21)
            bottom right (0,22)
    
        Box 13 is at 
            top left     (5,34)
            bottom right (7,36)
    
        Roll length used: 38

    [1;34mTry max length:[0m 37
    [1;34m    At iteration:[0m 6
        lingeling found a solution in 1.903 ms

       | W
     L | 0 1 2 3 4  5  6  7 
    -----------------------
     0 | 6 6 6 1 1  1  1  1 
     1 | 6 6 6 1 1  1  1  1 
     2 | . . . 1 1  1  1  1 
     3 | . . . 1 1  1  1  1 
     4 | . . . . .  .  .  . 
     5 | . . . . .  .  .  . 
     6 | . . . . .  .  .  . 
     7 | . . . . .  .  .  . 
     8 | . . . . .  .  .  . 
     9 | . . . . .  .  .  . 
    10 | . . . . .  .  .  . 
    11 | . . . . .  .  .  . 
    12 | . . . . .  .  .  . 
    13 | . . . 3 3  3  3  3 
    14 | . . . 3 3  3  3  3 
    15 | . . . 3 3  3  3  3 
    16 | . . . 3 3  3  3  3 
    17 | . . . . .  .  .  . 
    18 | . . . . .  .  .  . 
    19 | . . . . .  .  .  . 
    20 | . . . . .  .  .  . 
    21 | . . . . .  .  .  . 
    22 | . . . . .  .  .  . 
    23 | . . . . .  .  .  . 
    24 | . . . . .  .  .  . 
    25 | . . 5 5 5  5  5  . 
    26 | 9 9 5 5 5  5  5  . 
    27 | 9 9 5 5 5  5  5  . 
    28 | 8 8 5 5 5  5  5 12 
    29 | 8 8 4 4 4  4  4 12 
    30 | 7 7 4 4 4  4  4 11 
    31 | 7 7 4 4 4  4  4 11 
    32 | . . 4 4 4  4  4 10 
    33 | 2 2 2 2 2  .  . 10 
    34 | 2 2 2 2 2 13 13 13 
    35 | 2 2 2 2 2 13 13 13 
    36 | 2 2 2 2 2 13 13 13 
    
    Boxes' corners:       (w,l)
        Box  1 is at 
            top left     (3,0)
            bottom right (7,3)
    
        Box  2 is at 
            top left     (0,33)
            bottom right (4,36)
    
        Box  3 is at 
            top left     (3,13)
            bottom right (7,16)
    
        Box  4 is at 
            top left     (2,29)
            bottom right (6,32)
    
        Box  5 is at 
            top left     (2,25)
            bottom right (6,28)
    
        Box  6 is at 
            top left     (0,0)
            bottom right (2,1)
    
        Box  7 is at 
            top left     (0,30)
            bottom right (1,31)
    
        Box  8 is at 
            top left     (0,28)
            bottom right (1,29)
    
        Box  9 is at 
            top left     (0,26)
            bottom right (1,27)
    
        Box 10 is at 
            top left     (7,32)
            bottom right (7,33)
    
        Box 11 is at 
            top left     (7,30)
            bottom right (7,31)
    
        Box 12 is at 
            top left     (7,28)
            bottom right (7,29)
    
        Box 13 is at 
            top left     (5,34)
            bottom right (7,36)
    
        Roll length used: 37

    [1;34mTry max length:[0m 36
    [1;34m    At iteration:[0m 7
        lingeling found a solution in 1.809 ms

       | W
     L |  0 1 2 3 4  5  6  7 
    ------------------------
     0 |  6 6 6 1 1  1  1  1 
     1 |  6 6 6 1 1  1  1  1 
     2 |  . . . 1 1  1  1  1 
     3 |  . . . 1 1  1  1  1 
     4 |  . . . 3 3  3  3  3 
     5 |  . . . 3 3  3  3  3 
     6 |  . . . 3 3  3  3  3 
     7 |  . . . 3 3  3  3  3 
     8 |  . . . . .  .  .  . 
     9 |  . . . . .  .  .  . 
    10 |  . . . . .  .  .  . 
    11 |  . . . 5 5  5  5  5 
    12 |  . . . 5 5  5  5  5 
    13 |  . . . 5 5  5  5  5 
    14 |  . . . 5 5  5  5  5 
    15 |  . . . . .  .  .  . 
    16 |  . . . . .  .  .  . 
    17 |  . . . . .  .  .  . 
    18 |  . . . . .  .  .  . 
    19 |  . . . . .  .  .  . 
    20 |  . . . . .  .  .  . 
    21 |  . . . . .  .  .  . 
    22 |  . . . . .  .  .  . 
    23 |  . . . . .  .  .  . 
    24 | 12 . . . .  .  . 11 
    25 | 12 . . . .  .  . 11 
    26 | 10 . . . .  .  9  9 
    27 | 10 . . . .  .  9  9 
    28 |  8 8 . 4 4  4  4  4 
    29 |  8 8 . 4 4  4  4  4 
    30 |  7 7 . 4 4  4  4  4 
    31 |  7 7 . 4 4  4  4  4 
    32 |  2 2 2 2 2  .  .  . 
    33 |  2 2 2 2 2 13 13 13 
    34 |  2 2 2 2 2 13 13 13 
    35 |  2 2 2 2 2 13 13 13 
    
    Boxes' corners:       (w,l)
        Box  1 is at 
            top left     (3,0)
            bottom right (7,3)
    
        Box  2 is at 
            top left     (0,32)
            bottom right (4,35)
    
        Box  3 is at 
            top left     (3,4)
            bottom right (7,7)
    
        Box  4 is at 
            top left     (3,28)
            bottom right (7,31)
    
        Box  5 is at 
            top left     (3,11)
            bottom right (7,14)
    
        Box  6 is at 
            top left     (0,0)
            bottom right (2,1)
    
        Box  7 is at 
            top left     (0,30)
            bottom right (1,31)
    
        Box  8 is at 
            top left     (0,28)
            bottom right (1,29)
    
        Box  9 is at 
            top left     (6,26)
            bottom right (7,27)
    
        Box 10 is at 
            top left     (0,26)
            bottom right (0,27)
    
        Box 11 is at 
            top left     (7,24)
            bottom right (7,25)
    
        Box 12 is at 
            top left     (0,24)
            bottom right (0,25)
    
        Box 13 is at 
            top left     (5,33)
            bottom right (7,35)
    
        Roll length used: 36

    [1;34mTry max length:[0m 35
    [1;34m    At iteration:[0m 8
        lingeling found a solution in 1.823 ms

       | W
     L |  0 1 2 3 4  5  6  7 
    ------------------------
     0 |  1 1 1 1 1  6  6  6 
     1 |  1 1 1 1 1  6  6  6 
     2 |  1 1 1 1 1  .  .  . 
     3 |  1 1 1 1 1  .  .  . 
     4 |  . . . . .  .  .  . 
     5 |  . . . . .  .  .  . 
     6 |  . . . . .  .  .  . 
     7 |  . . . . .  .  .  . 
     8 |  . . . 2 2  2  2  2 
     9 |  . . . 2 2  2  2  2 
    10 |  . . . 2 2  2  2  2 
    11 |  . . . 2 2  2  2  2 
    12 |  . . . . .  .  .  . 
    13 |  . . . . .  .  .  . 
    14 |  . . . . .  .  .  . 
    15 |  . . . . .  .  .  . 
    16 |  . . . . .  .  .  . 
    17 |  . . . . .  .  .  . 
    18 |  . . . . .  .  .  . 
    19 |  . . . . .  .  .  . 
    20 |  . . . . .  .  .  . 
    21 |  . . . . .  .  .  . 
    22 |  . . 5 5 5  5  5  . 
    23 |  . . 5 5 5  5  5  . 
    24 |  . . 5 5 5  5  5  . 
    25 | 12 . 5 5 5  5  5  . 
    26 | 12 4 4 4 4  4  9  9 
    27 | 11 4 4 4 4  4  9  9 
    28 | 11 4 4 4 4  4  8  8 
    29 | 10 4 4 4 4  4  8  8 
    30 | 10 . . . .  .  7  7 
    31 |  3 3 3 3 3  .  7  7 
    32 |  3 3 3 3 3 13 13 13 
    33 |  3 3 3 3 3 13 13 13 
    34 |  3 3 3 3 3 13 13 13 
    
    Boxes' corners:       (w,l)
        Box  1 is at 
            top left     (0,0)
            bottom right (4,3)
    
        Box  2 is at 
            top left     (3,8)
            bottom right (7,11)
    
        Box  3 is at 
            top left     (0,31)
            bottom right (4,34)
    
        Box  4 is at 
            top left     (1,26)
            bottom right (5,29)
    
        Box  5 is at 
            top left     (2,22)
            bottom right (6,25)
    
        Box  6 is at 
            top left     (5,0)
            bottom right (7,1)
    
        Box  7 is at 
            top left     (6,30)
            bottom right (7,31)
    
        Box  8 is at 
            top left     (6,28)
            bottom right (7,29)
    
        Box  9 is at 
            top left     (6,26)
            bottom right (7,27)
    
        Box 10 is at 
            top left     (0,29)
            bottom right (0,30)
    
        Box 11 is at 
            top left     (0,27)
            bottom right (0,28)
    
        Box 12 is at 
            top left     (0,25)
            bottom right (0,26)
    
        Box 13 is at 
            top left     (5,32)
            bottom right (7,34)
    
        Roll length used: 35

    [1;34mTry max length:[0m 34
    [1;34m    At iteration:[0m 9
        lingeling found a solution in 1.726 ms

       | W
     L | 0 1 2 3 4  5  6  7 
    -----------------------
     0 | 6 6 6 1 1  1  1  1 
     1 | 6 6 6 1 1  1  1  1 
     2 | . . . 1 1  1  1  1 
     3 | . . . 1 1  1  1  1 
     4 | . . . . .  .  .  . 
     5 | . . . . .  .  .  . 
     6 | . . . . .  .  .  . 
     7 | . . . . .  .  .  . 
     8 | . . . . .  .  .  . 
     9 | . . . . .  .  .  . 
    10 | . . . . .  .  .  . 
    11 | . . . . .  .  .  . 
    12 | . . . . . 13 13 13 
    13 | . . . . . 13 13 13 
    14 | . . . . . 13 13 13 
    15 | . . . . .  .  .  . 
    16 | . . . . .  .  .  . 
    17 | . 3 3 3 3  3  .  . 
    18 | . 3 3 3 3  3  .  . 
    19 | . 3 3 3 3  3  .  . 
    20 | . 3 3 3 3  3  .  . 
    21 | . . 2 2 2  2  2  . 
    22 | . . 2 2 2  2  2  . 
    23 | . . 2 2 2  2  2  . 
    24 | 9 9 2 2 2  2  2 12 
    25 | 9 9 4 4 4  4  4 12 
    26 | 8 8 4 4 4  4  4 11 
    27 | 8 8 4 4 4  4  4 11 
    28 | 7 7 4 4 4  4  4 10 
    29 | 7 7 . . .  .  . 10 
    30 | . . . 5 5  5  5  5 
    31 | . . . 5 5  5  5  5 
    32 | . . . 5 5  5  5  5 
    33 | . . . 5 5  5  5  5 
    
    Boxes' corners:       (w,l)
        Box  1 is at 
            top left     (3,0)
            bottom right (7,3)
    
        Box  2 is at 
            top left     (2,21)
            bottom right (6,24)
    
        Box  3 is at 
            top left     (1,17)
            bottom right (5,20)
    
        Box  4 is at 
            top left     (2,25)
            bottom right (6,28)
    
        Box  5 is at 
            top left     (3,30)
            bottom right (7,33)
    
        Box  6 is at 
            top left     (0,0)
            bottom right (2,1)
    
        Box  7 is at 
            top left     (0,28)
            bottom right (1,29)
    
        Box  8 is at 
            top left     (0,26)
            bottom right (1,27)
    
        Box  9 is at 
            top left     (0,24)
            bottom right (1,25)
    
        Box 10 is at 
            top left     (7,28)
            bottom right (7,29)
    
        Box 11 is at 
            top left     (7,26)
            bottom right (7,27)
    
        Box 12 is at 
            top left     (7,24)
            bottom right (7,25)
    
        Box 13 is at 
            top left     (5,12)
            bottom right (7,14)
    
        Roll length used: 34

    [1;34mTry max length:[0m 33
    [1;34m    At iteration:[0m 10
        lingeling found a solution in 1.737 ms

       | W
     L |  0  1  2 3  4  5  6 7 
    --------------------------
     0 |  .  .  . . 10  .  . . 
     1 |  1  1  1 1 10  .  . . 
     2 |  1  1  1 1  .  .  . . 
     3 |  1  1  1 1  .  .  . . 
     4 |  1  1  1 1  .  .  . . 
     5 |  1  1  1 1  . 11 11 . 
     6 |  .  .  . .  .  .  . . 
     7 |  .  .  . .  .  .  . . 
     8 |  .  .  . .  .  .  . . 
     9 |  .  .  . 4  4  4  4 4 
    10 |  .  .  . 4  4  4  4 4 
    11 |  .  .  . 4  4  4  4 4 
    12 |  .  .  . 4  4  4  4 4 
    13 |  .  .  . .  .  .  . . 
    14 |  .  .  . .  .  .  . . 
    15 |  3  3  3 3  3  .  . . 
    16 |  3  3  3 3  3  .  . . 
    17 |  3  3  3 3  3  6  6 6 
    18 |  3  3  3 3  3  6  6 6 
    19 |  .  .  . .  .  8  8 . 
    20 |  9  9  . .  .  8  8 . 
    21 |  9  9  . .  .  .  . . 
    22 |  2  2  2 2  2  .  . . 
    23 |  2  2  2 2  2  .  . . 
    24 |  2  2  2 2  2  .  . . 
    25 |  2  2  2 2  2  .  . . 
    26 |  .  .  . .  .  .  7 7 
    27 |  .  .  . .  .  .  7 7 
    28 | 12  .  . .  .  .  . . 
    29 | 12  .  . 5  5  5  5 5 
    30 | 13 13 13 5  5  5  5 5 
    31 | 13 13 13 5  5  5  5 5 
    32 | 13 13 13 5  5  5  5 5 
    
    Boxes' corners:       (w,l)
        Box  1 is at 
            top left     (0,1)
            bottom right (3,5)
    
        Box  2 is at 
            top left     (0,22)
            bottom right (4,25)
    
        Box  3 is at 
            top left     (0,15)
            bottom right (4,18)
    
        Box  4 is at 
            top left     (3,9)
            bottom right (7,12)
    
        Box  5 is at 
            top left     (3,29)
            bottom right (7,32)
    
        Box  6 is at 
            top left     (5,17)
            bottom right (7,18)
    
        Box  7 is at 
            top left     (6,26)
            bottom right (7,27)
    
        Box  8 is at 
            top left     (5,19)
            bottom right (6,20)
    
        Box  9 is at 
            top left     (0,20)
            bottom right (1,21)
    
        Box 10 is at 
            top left     (4,0)
            bottom right (4,1)
    
        Box 11 is at 
            top left     (5,5)
            bottom right (6,5)
    
        Box 12 is at 
            top left     (0,28)
            bottom right (0,29)
    
        Box 13 is at 
            top left     (0,30)
            bottom right (2,32)
    
        Roll length used: 33

    [1;34mTry max length:[0m 32
    [1;34m    At iteration:[0m 11
        lingeling found a solution in 1.620 ms

       | W
     L |  0 1 2 3 4  5  6  7 
    ------------------------
     0 |  . . 1 1 1  1  1  . 
     1 |  . . 1 1 1  1  1  . 
     2 |  . . 1 1 1  1  1  . 
     3 |  . . 1 1 1  1  1  . 
     4 |  6 6 6 . .  .  .  . 
     5 |  6 6 6 . .  .  .  . 
     6 |  . . . . .  .  .  . 
     7 |  . . . . .  .  .  . 
     8 |  . . . . .  .  .  . 
     9 |  . . 3 3 3  3  3  . 
    10 |  . . 3 3 3  3  3  . 
    11 |  . . 3 3 3  3  3  . 
    12 |  . . 3 3 3  3  3  . 
    13 |  . . . . .  .  .  . 
    14 |  . . . . .  .  . 12 
    15 |  . . . . .  .  . 12 
    16 | 10 . . . .  .  . 11 
    17 | 10 . . . .  .  . 11 
    18 |  9 9 . 8 8  .  7  7 
    19 |  9 9 . 8 8  .  7  7 
    20 |  5 5 5 5 5 13 13 13 
    21 |  5 5 5 5 5 13 13 13 
    22 |  5 5 5 5 5 13 13 13 
    23 |  5 5 5 5 5  .  .  . 
    24 |  . . 4 4 4  4  4  . 
    25 |  . . 4 4 4  4  4  . 
    26 |  . . 4 4 4  4  4  . 
    27 |  . . 4 4 4  4  4  . 
    28 |  2 2 2 2 2  .  .  . 
    29 |  2 2 2 2 2  .  .  . 
    30 |  2 2 2 2 2  .  .  . 
    31 |  2 2 2 2 2  .  .  . 
    
    Boxes' corners:       (w,l)
        Box  1 is at 
            top left     (2,0)
            bottom right (6,3)
    
        Box  2 is at 
            top left     (0,28)
            bottom right (4,31)
    
        Box  3 is at 
            top left     (2,9)
            bottom right (6,12)
    
        Box  4 is at 
            top left     (2,24)
            bottom right (6,27)
    
        Box  5 is at 
            top left     (0,20)
            bottom right (4,23)
    
        Box  6 is at 
            top left     (0,4)
            bottom right (2,5)
    
        Box  7 is at 
            top left     (6,18)
            bottom right (7,19)
    
        Box  8 is at 
            top left     (3,18)
            bottom right (4,19)
    
        Box  9 is at 
            top left     (0,18)
            bottom right (1,19)
    
        Box 10 is at 
            top left     (0,16)
            bottom right (0,17)
    
        Box 11 is at 
            top left     (7,16)
            bottom right (7,17)
    
        Box 12 is at 
            top left     (7,14)
            bottom right (7,15)
    
        Box 13 is at 
            top left     (5,20)
            bottom right (7,22)
    
        Roll length used: 32

    [1;34mTry max length:[0m 31
    [1;34m    At iteration:[0m 12
        lingeling found a solution in 1.403 ms

       | W
     L |  0  1  2 3 4 5 6  7 
    ------------------------
     0 |  6  6  6 1 1 1 1  1 
     1 |  6  6  6 1 1 1 1  1 
     2 |  .  .  . 1 1 1 1  1 
     3 |  .  .  . 1 1 1 1  1 
     4 |  .  .  . . . . .  . 
     5 |  .  .  . . . . .  . 
     6 |  .  .  . 3 3 3 3  3 
     7 |  .  .  . 3 3 3 3  3 
     8 |  .  .  . 3 3 3 3  3 
     9 |  .  .  . 3 3 3 3  3 
    10 |  .  .  . . . . .  . 
    11 |  .  .  . . . . .  . 
    12 |  .  .  . . . . .  . 
    13 |  .  .  . . . . .  . 
    14 |  .  .  . . . . .  . 
    15 |  .  .  . . . . .  . 
    16 |  .  .  . . . . . 12 
    17 | 11  .  . . . . . 12 
    18 | 11  .  . . . . .  . 
    19 |  2  2  2 2 2 . . 10 
    20 |  2  2  2 2 2 . . 10 
    21 |  2  2  2 2 2 . 9  9 
    22 |  2  2  2 2 2 . 9  9 
    23 |  5  5  5 5 5 . 8  8 
    24 |  5  5  5 5 5 . 8  8 
    25 |  5  5  5 5 5 . 7  7 
    26 |  5  5  5 5 5 . 7  7 
    27 |  .  .  . 4 4 4 4  4 
    28 | 13 13 13 4 4 4 4  4 
    29 | 13 13 13 4 4 4 4  4 
    30 | 13 13 13 4 4 4 4  4 
    
    Boxes' corners:       (w,l)
        Box  1 is at 
            top left     (3,0)
            bottom right (7,3)
    
        Box  2 is at 
            top left     (0,19)
            bottom right (4,22)
    
        Box  3 is at 
            top left     (3,6)
            bottom right (7,9)
    
        Box  4 is at 
            top left     (3,27)
            bottom right (7,30)
    
        Box  5 is at 
            top left     (0,23)
            bottom right (4,26)
    
        Box  6 is at 
            top left     (0,0)
            bottom right (2,1)
    
        Box  7 is at 
            top left     (6,25)
            bottom right (7,26)
    
        Box  8 is at 
            top left     (6,23)
            bottom right (7,24)
    
        Box  9 is at 
            top left     (6,21)
            bottom right (7,22)
    
        Box 10 is at 
            top left     (7,19)
            bottom right (7,20)
    
        Box 11 is at 
            top left     (0,17)
            bottom right (0,18)
    
        Box 12 is at 
            top left     (7,16)
            bottom right (7,17)
    
        Box 13 is at 
            top left     (0,28)
            bottom right (2,30)
    
        Roll length used: 31

    [1;34mTry max length:[0m 30
    [1;34m    At iteration:[0m 13
        lingeling found a solution in 1.436 ms

       | W
     L |  0  1  2 3 4 5 6  7 
    ------------------------
     0 |  1  1  1 1 1 6 6  6 
     1 |  1  1  1 1 1 6 6  6 
     2 |  1  1  1 1 1 . .  . 
     3 |  1  1  1 1 1 . .  . 
     4 |  .  .  . . . . .  . 
     5 |  .  .  . . . . .  . 
     6 |  .  .  . . . . .  . 
     7 |  .  .  . . . . .  . 
     8 |  .  .  . . . . .  . 
     9 |  .  .  . . . . .  . 
    10 |  .  .  . . . . . 12 
    11 |  .  .  . . . . . 12 
    12 | 11  .  . . . . 9  9 
    13 | 11  .  . . . . 9  9 
    14 |  2  2  2 2 2 . . 10 
    15 |  2  2  2 2 2 . . 10 
    16 |  2  2  2 2 2 . 8  8 
    17 |  2  2  2 2 2 . 8  8 
    18 |  4  4  4 4 4 . 7  7 
    19 |  4  4  4 4 4 . 7  7 
    20 |  4  4  4 4 4 . .  . 
    21 |  4  4  4 4 4 . .  . 
    22 |  .  .  3 3 3 3 3  . 
    23 |  .  .  3 3 3 3 3  . 
    24 |  .  .  3 3 3 3 3  . 
    25 |  .  .  3 3 3 3 3  . 
    26 |  .  .  . 5 5 5 5  5 
    27 | 13 13 13 5 5 5 5  5 
    28 | 13 13 13 5 5 5 5  5 
    29 | 13 13 13 5 5 5 5  5 
    
    Boxes' corners:       (w,l)
        Box  1 is at 
            top left     (0,0)
            bottom right (4,3)
    
        Box  2 is at 
            top left     (0,14)
            bottom right (4,17)
    
        Box  3 is at 
            top left     (2,22)
            bottom right (6,25)
    
        Box  4 is at 
            top left     (0,18)
            bottom right (4,21)
    
        Box  5 is at 
            top left     (3,26)
            bottom right (7,29)
    
        Box  6 is at 
            top left     (5,0)
            bottom right (7,1)
    
        Box  7 is at 
            top left     (6,18)
            bottom right (7,19)
    
        Box  8 is at 
            top left     (6,16)
            bottom right (7,17)
    
        Box  9 is at 
            top left     (6,12)
            bottom right (7,13)
    
        Box 10 is at 
            top left     (7,14)
            bottom right (7,15)
    
        Box 11 is at 
            top left     (0,12)
            bottom right (0,13)
    
        Box 12 is at 
            top left     (7,10)
            bottom right (7,11)
    
        Box 13 is at 
            top left     (0,27)
            bottom right (2,29)
    
        Roll length used: 30

    [1;34mTry max length:[0m 29
    [1;34m    At iteration:[0m 14
        lingeling found a solution in 1.340 ms

       | W
     L |  0  1  2 3 4 5 6  7 
    ------------------------
     0 |  .  .  1 1 1 1 1  . 
     1 |  .  .  1 1 1 1 1  . 
     2 |  .  .  1 1 1 1 1  . 
     3 |  .  .  1 1 1 1 1  . 
     4 |  .  .  . . . . .  . 
     5 |  .  .  . . . . .  . 
     6 |  .  .  . . . . .  . 
     7 |  .  .  . . . . .  . 
     8 |  .  .  . . . . .  . 
     9 |  .  .  . 4 4 4 4  4 
    10 |  .  .  . 4 4 4 4  4 
    11 |  6  6  6 4 4 4 4  4 
    12 |  6  6  6 4 4 4 4  4 
    13 |  .  2  2 2 2 2 .  . 
    14 |  .  2  2 2 2 2 .  . 
    15 |  .  2  2 2 2 2 .  . 
    16 |  .  2  2 2 2 2 .  . 
    17 |  .  .  . . . . .  . 
    18 | 13 13 13 . . . .  . 
    19 | 13 13 13 . . . 9  9 
    20 | 13 13 13 . . . 9  9 
    21 | 12  3  3 3 3 3 8  8 
    22 | 12  3  3 3 3 3 8  8 
    23 | 11  3  3 3 3 3 7  7 
    24 | 11  3  3 3 3 3 7  7 
    25 |  .  .  5 5 5 5 5  . 
    26 |  .  .  5 5 5 5 5  . 
    27 |  .  .  5 5 5 5 5 10 
    28 |  .  .  5 5 5 5 5 10 
    
    Boxes' corners:       (w,l)
        Box  1 is at 
            top left     (2,0)
            bottom right (6,3)
    
        Box  2 is at 
            top left     (1,13)
            bottom right (5,16)
    
        Box  3 is at 
            top left     (1,21)
            bottom right (5,24)
    
        Box  4 is at 
            top left     (3,9)
            bottom right (7,12)
    
        Box  5 is at 
            top left     (2,25)
            bottom right (6,28)
    
        Box  6 is at 
            top left     (0,11)
            bottom right (2,12)
    
        Box  7 is at 
            top left     (6,23)
            bottom right (7,24)
    
        Box  8 is at 
            top left     (6,21)
            bottom right (7,22)
    
        Box  9 is at 
            top left     (6,19)
            bottom right (7,20)
    
        Box 10 is at 
            top left     (7,27)
            bottom right (7,28)
    
        Box 11 is at 
            top left     (0,23)
            bottom right (0,24)
    
        Box 12 is at 
            top left     (0,21)
            bottom right (0,22)
    
        Box 13 is at 
            top left     (0,18)
            bottom right (2,20)
    
        Roll length used: 29

    [1;34mTry max length:[0m 28
    [1;34m    At iteration:[0m 15
        lingeling found a solution in 1.393 ms

       | W
     L |  0 1 2 3 4  5  6  7 
    ------------------------
     0 |  6 6 6 3 3  3  3  3 
     1 |  6 6 6 3 3  3  3  3 
     2 |  . . . 3 3  3  3  3 
     3 |  . . . 3 3  3  3  3 
     4 |  . . . . .  .  .  . 
     5 |  . . 1 1 1  1  1  . 
     6 |  . . 1 1 1  1  1  . 
     7 |  . . 1 1 1  1  1  . 
     8 |  . . 1 1 1  1  1  . 
     9 |  . . . . .  .  .  . 
    10 |  9 9 . . .  .  .  . 
    11 |  9 9 . . .  .  8  8 
    12 | 11 . . . .  .  8  8 
    13 | 11 . . 5 5  5  5  5 
    14 | 10 . . 5 5  5  5  5 
    15 | 10 . . 5 5  5  5  5 
    16 |  7 7 . 5 5  5  5  5 
    17 |  7 7 . . .  .  .  . 
    18 |  . 2 2 2 2  2  .  . 
    19 |  . 2 2 2 2  2  .  . 
    20 |  . 2 2 2 2  2  .  . 
    21 |  . 2 2 2 2  2  .  . 
    22 |  . . . . .  .  .  . 
    23 |  . . . . .  .  . 12 
    24 |  4 4 4 4 4  .  . 12 
    25 |  4 4 4 4 4 13 13 13 
    26 |  4 4 4 4 4 13 13 13 
    27 |  4 4 4 4 4 13 13 13 
    
    Boxes' corners:       (w,l)
        Box  1 is at 
            top left     (2,5)
            bottom right (6,8)
    
        Box  2 is at 
            top left     (1,18)
            bottom right (5,21)
    
        Box  3 is at 
            top left     (3,0)
            bottom right (7,3)
    
        Box  4 is at 
            top left     (0,24)
            bottom right (4,27)
    
        Box  5 is at 
            top left     (3,13)
            bottom right (7,16)
    
        Box  6 is at 
            top left     (0,0)
            bottom right (2,1)
    
        Box  7 is at 
            top left     (0,16)
            bottom right (1,17)
    
        Box  8 is at 
            top left     (6,11)
            bottom right (7,12)
    
        Box  9 is at 
            top left     (0,10)
            bottom right (1,11)
    
        Box 10 is at 
            top left     (0,14)
            bottom right (0,15)
    
        Box 11 is at 
            top left     (0,12)
            bottom right (0,13)
    
        Box 12 is at 
            top left     (7,23)
            bottom right (7,24)
    
        Box 13 is at 
            top left     (5,25)
            bottom right (7,27)
    
        Roll length used: 28

    [1;34mTry max length:[0m 27
    [1;34m    At iteration:[0m 16
        lingeling found a solution in 1.234 ms

       | W
     L | 0 1 2 3 4  5  6  7 
    -----------------------
     0 | . . 1 1 1  1  1  . 
     1 | . . 1 1 1  1  1  . 
     2 | . . 1 1 1  1  1  . 
     3 | . . 1 1 1  1  1  . 
     4 | . . . . .  6  6  6 
     5 | . . . . .  6  6  6 
     6 | . . . . .  .  .  . 
     7 | . . . . .  .  .  . 
     8 | . . . . .  .  .  . 
     9 | . . . . .  .  .  . 
    10 | 5 5 5 5 5  .  .  . 
    11 | 5 5 5 5 5 13 13 13 
    12 | 5 5 5 5 5 13 13 13 
    13 | 5 5 5 5 5 13 13 13 
    14 | . 3 3 3 3  3  .  . 
    15 | . 3 3 3 3  3  .  . 
    16 | . 3 3 3 3  3  .  . 
    17 | . 3 3 3 3  3  .  . 
    18 | . . . . .  .  .  . 
    19 | 2 2 2 2 2  .  . 10 
    20 | 2 2 2 2 2  .  . 10 
    21 | 2 2 2 2 2  .  9  9 
    22 | 2 2 2 2 2  .  9  9 
    23 | 8 8 4 4 4  4  4 12 
    24 | 8 8 4 4 4  4  4 12 
    25 | 7 7 4 4 4  4  4 11 
    26 | 7 7 4 4 4  4  4 11 
    
    Boxes' corners:       (w,l)
        Box  1 is at 
            top left     (2,0)
            bottom right (6,3)
    
        Box  2 is at 
            top left     (0,19)
            bottom right (4,22)
    
        Box  3 is at 
            top left     (1,14)
            bottom right (5,17)
    
        Box  4 is at 
            top left     (2,23)
            bottom right (6,26)
    
        Box  5 is at 
            top left     (0,10)
            bottom right (4,13)
    
        Box  6 is at 
            top left     (5,4)
            bottom right (7,5)
    
        Box  7 is at 
            top left     (0,25)
            bottom right (1,26)
    
        Box  8 is at 
            top left     (0,23)
            bottom right (1,24)
    
        Box  9 is at 
            top left     (6,21)
            bottom right (7,22)
    
        Box 10 is at 
            top left     (7,19)
            bottom right (7,20)
    
        Box 11 is at 
            top left     (7,25)
            bottom right (7,26)
    
        Box 12 is at 
            top left     (7,23)
            bottom right (7,24)
    
        Box 13 is at 
            top left     (5,11)
            bottom right (7,13)
    
        Roll length used: 27

    [1;34mTry max length:[0m 26
    [1;34m    At iteration:[0m 17
        lingeling found a solution in 2.092 ms

       | W
     L |  0  1  2 3 4 5  6  7 
    -------------------------
     0 | 13 13 13 1 1 1  1  1 
     1 | 13 13 13 1 1 1  1  1 
     2 | 13 13 13 1 1 1  1  1 
     3 |  .  .  . 1 1 1  1  1 
     4 |  .  .  . 2 2 2  2  . 
     5 |  .  .  . 2 2 2  2  . 
     6 |  6  6  . 2 2 2  2  . 
     7 |  6  6  . 2 2 2  2  . 
     8 |  6  6  . 2 2 2  2  . 
     9 |  3  3  3 3 . .  .  . 
    10 |  3  3  3 3 . . 10  . 
    11 |  3  3  3 3 . . 10  . 
    12 |  3  3  3 3 . .  .  . 
    13 |  3  3  3 3 . .  .  . 
    14 |  .  .  . . . .  .  . 
    15 |  .  .  . . . .  .  . 
    16 |  .  .  . . . . 11 11 
    17 |  .  4  4 4 4 4  .  . 
    18 |  .  4  4 4 4 4  .  . 
    19 |  .  4  4 4 4 4  .  . 
    20 |  .  4  4 4 4 4  9  9 
    21 |  .  .  . . . .  9  9 
    22 |  .  5  5 5 5 5  7  7 
    23 |  .  5  5 5 5 5  7  7 
    24 | 12  5  5 5 5 5  8  8 
    25 | 12  5  5 5 5 5  8  8 
    
    Boxes' corners:       (w,l)
        Box  1 is at 
            top left     (3,0)
            bottom right (7,3)
    
        Box  2 is at 
            top left     (3,4)
            bottom right (6,8)
    
        Box  3 is at 
            top left     (0,9)
            bottom right (3,13)
    
        Box  4 is at 
            top left     (1,17)
            bottom right (5,20)
    
        Box  5 is at 
            top left     (1,22)
            bottom right (5,25)
    
        Box  6 is at 
            top left     (0,6)
            bottom right (1,8)
    
        Box  7 is at 
            top left     (6,22)
            bottom right (7,23)
    
        Box  8 is at 
            top left     (6,24)
            bottom right (7,25)
    
        Box  9 is at 
            top left     (6,20)
            bottom right (7,21)
    
        Box 10 is at 
            top left     (6,10)
            bottom right (6,11)
    
        Box 11 is at 
            top left     (6,16)
            bottom right (7,16)
    
        Box 12 is at 
            top left     (0,24)
            bottom right (0,25)
    
        Box 13 is at 
            top left     (0,0)
            bottom right (2,2)
    
        Roll length used: 26

    [1;34mTry max length:[0m 25
    [1;34m    At iteration:[0m 18
        lingeling found a solution in 1.228 ms

       | W
     L |  0  1  2 3 4  5  6 7 
    -------------------------
     0 |  .  .  . 3 3  3  3 3 
     1 |  .  .  . 3 3  3  3 3 
     2 |  .  .  . 3 3  3  3 3 
     3 |  .  .  . 3 3  3  3 3 
     4 |  .  .  . . .  .  . . 
     5 |  .  .  . 1 1  1  1 1 
     6 | 12  .  . 1 1  1  1 1 
     7 | 12  .  . 1 1  1  1 1 
     8 |  6  6  6 1 1  1  1 1 
     9 |  6  6  6 . . 10 10 . 
    10 |  .  2  2 2 2  2  . . 
    11 |  .  2  2 2 2  2  . . 
    12 | 11  2  2 2 2  2  . . 
    13 | 11  2  2 2 2  2  9 9 
    14 |  .  .  . . .  .  9 9 
    15 |  .  .  . . .  .  . . 
    16 |  4  4  4 4 4  .  . . 
    17 |  4  4  4 4 4  .  . . 
    18 |  4  4  4 4 4  .  . . 
    19 |  4  4  4 4 4  .  8 8 
    20 |  7  7  . . .  .  8 8 
    21 |  7  7  . 5 5  5  5 5 
    22 | 13 13 13 5 5  5  5 5 
    23 | 13 13 13 5 5  5  5 5 
    24 | 13 13 13 5 5  5  5 5 
    
    Boxes' corners:       (w,l)
        Box  1 is at 
            top left     (3,5)
            bottom right (7,8)
    
        Box  2 is at 
            top left     (1,10)
            bottom right (5,13)
    
        Box  3 is at 
            top left     (3,0)
            bottom right (7,3)
    
        Box  4 is at 
            top left     (0,16)
            bottom right (4,19)
    
        Box  5 is at 
            top left     (3,21)
            bottom right (7,24)
    
        Box  6 is at 
            top left     (0,8)
            bottom right (2,9)
    
        Box  7 is at 
            top left     (0,20)
            bottom right (1,21)
    
        Box  8 is at 
            top left     (6,19)
            bottom right (7,20)
    
        Box  9 is at 
            top left     (6,13)
            bottom right (7,14)
    
        Box 10 is at 
            top left     (5,9)
            bottom right (6,9)
    
        Box 11 is at 
            top left     (0,12)
            bottom right (0,13)
    
        Box 12 is at 
            top left     (0,6)
            bottom right (0,7)
    
        Box 13 is at 
            top left     (0,22)
            bottom right (2,24)
    
        Roll length used: 25

    [1;34mTry max length:[0m 24
    [1;34m    At iteration:[0m 19
        lingeling found a solution in 1.072 ms

       | W
     L |  0  1 2 3 4  5  6  7 
    -------------------------
     0 |  .  . . 1 1  1  1  1 
     1 |  . 10 . 1 1  1  1  1 
     2 |  . 10 . 1 1  1  1  1 
     3 |  .  . . 1 1  1  1  1 
     4 |  .  . . . .  .  .  . 
     5 |  .  . . . .  . 11  . 
     6 |  .  . . . .  . 11  . 
     7 |  .  . . 4 4  4  4  4 
     8 |  .  . . 4 4  4  4  4 
     9 |  .  . . 4 4  4  4  4 
    10 |  .  . . 4 4  4  4  4 
    11 |  .  3 3 3 3  .  .  . 
    12 |  .  3 3 3 3  .  .  . 
    13 |  .  3 3 3 3 13 13 13 
    14 |  .  3 3 3 3 13 13 13 
    15 |  .  3 3 3 3 13 13 13 
    16 |  9  9 . 5 5  5  5  5 
    17 |  9  9 . 5 5  5  5  5 
    18 |  6  6 6 5 5  5  5  5 
    19 |  6  6 6 5 5  5  5  5 
    20 | 12  2 2 2 2  2  8  8 
    21 | 12  2 2 2 2  2  8  8 
    22 |  .  2 2 2 2  2  7  7 
    23 |  .  2 2 2 2  2  7  7 
    
    Boxes' corners:       (w,l)
        Box  1 is at 
            top left     (3,0)
            bottom right (7,3)
    
        Box  2 is at 
            top left     (1,20)
            bottom right (5,23)
    
        Box  3 is at 
            top left     (1,11)
            bottom right (4,15)
    
        Box  4 is at 
            top left     (3,7)
            bottom right (7,10)
    
        Box  5 is at 
            top left     (3,16)
            bottom right (7,19)
    
        Box  6 is at 
            top left     (0,18)
            bottom right (2,19)
    
        Box  7 is at 
            top left     (6,22)
            bottom right (7,23)
    
        Box  8 is at 
            top left     (6,20)
            bottom right (7,21)
    
        Box  9 is at 
            top left     (0,16)
            bottom right (1,17)
    
        Box 10 is at 
            top left     (1,1)
            bottom right (1,2)
    
        Box 11 is at 
            top left     (6,5)
            bottom right (6,6)
    
        Box 12 is at 
            top left     (0,20)
            bottom right (0,21)
    
        Box 13 is at 
            top left     (5,13)
            bottom right (7,15)
    
        Roll length used: 24

    [1;34mTry max length:[0m 23
    [1;34m    At iteration:[0m 20
        lingeling found a solution in 1.117 ms

       | W
     L |  0  1  2 3 4  5  6 7 
    -------------------------
     0 |  4  4  4 4 4  .  . . 
     1 |  4  4  4 4 4  .  . . 
     2 |  4  4  4 4 4  .  . . 
     3 |  4  4  4 4 4  .  8 8 
     4 |  .  5  5 5 5  5  8 8 
     5 |  .  5  5 5 5  5  . . 
     6 |  .  5  5 5 5  5  . . 
     7 |  .  5  5 5 5  5  . . 
     8 |  .  .  . . .  .  . . 
     9 |  .  .  . . .  .  . . 
    10 |  .  1  1 1 1  1  6 6 
    11 |  .  1  1 1 1  1  6 6 
    12 | 12  1  1 1 1  1  6 6 
    13 | 12  1  1 1 1  1  . . 
    14 |  9  9  7 7 3  3  3 3 
    15 |  9  9  7 7 3  3  3 3 
    16 | 13 13 13 . 3  3  3 3 
    17 | 13 13 13 . 3  3  3 3 
    18 | 13 13 13 . 3  3  3 3 
    19 |  2  2  2 2 2  .  . . 
    20 |  2  2  2 2 2 10 10 . 
    21 |  2  2  2 2 2 11 11 . 
    22 |  2  2  2 2 2  .  . . 
    
    Boxes' corners:       (w,l)
        Box  1 is at 
            top left     (1,10)
            bottom right (5,13)
    
        Box  2 is at 
            top left     (0,19)
            bottom right (4,22)
    
        Box  3 is at 
            top left     (4,14)
            bottom right (7,18)
    
        Box  4 is at 
            top left     (0,0)
            bottom right (4,3)
    
        Box  5 is at 
            top left     (1,4)
            bottom right (5,7)
    
        Box  6 is at 
            top left     (6,10)
            bottom right (7,12)
    
        Box  7 is at 
            top left     (2,14)
            bottom right (3,15)
    
        Box  8 is at 
            top left     (6,3)
            bottom right (7,4)
    
        Box  9 is at 
            top left     (0,14)
            bottom right (1,15)
    
        Box 10 is at 
            top left     (5,20)
            bottom right (6,20)
    
        Box 11 is at 
            top left     (5,21)
            bottom right (6,21)
    
        Box 12 is at 
            top left     (0,12)
            bottom right (0,13)
    
        Box 13 is at 
            top left     (0,16)
            bottom right (2,18)
    
        Roll length used: 23

    [1;34mTry max length:[0m 22
    [1;34m    At iteration:[0m 21
        lingeling found a solution in 1.020 ms

       | W
     L |  0  1  2 3  4  5  6  7 
    ---------------------------
     0 |  1  1  1 1  4  4  4  4 
     1 |  1  1  1 1  4  4  4  4 
     2 |  1  1  1 1  4  4  4  4 
     3 |  1  1  1 1  4  4  4  4 
     4 |  1  1  1 1  4  4  4  4 
     5 |  .  .  . .  .  .  .  . 
     6 |  .  .  . . 10 10  .  . 
     7 |  .  8  8 .  .  .  . 12 
     8 |  .  8  8 .  .  .  . 12 
     9 | 13 13 13 5  5  5  5  5 
    10 | 13 13 13 5  5  5  5  5 
    11 | 13 13 13 5  5  5  5  5 
    12 |  7  7  . 5  5  5  5  5 
    13 |  7  7  . .  9  9 11  . 
    14 |  6  6  6 .  9  9 11  . 
    15 |  6  6  6 .  .  .  .  . 
    16 |  .  .  . .  .  .  .  . 
    17 |  2  2  2 2  3  3  3  3 
    18 |  2  2  2 2  3  3  3  3 
    19 |  2  2  2 2  3  3  3  3 
    20 |  2  2  2 2  3  3  3  3 
    21 |  2  2  2 2  3  3  3  3 
    
    Boxes' corners:       (w,l)
        Box  1 is at 
            top left     (0,0)
            bottom right (3,4)
    
        Box  2 is at 
            top left     (0,17)
            bottom right (3,21)
    
        Box  3 is at 
            top left     (4,17)
            bottom right (7,21)
    
        Box  4 is at 
            top left     (4,0)
            bottom right (7,4)
    
        Box  5 is at 
            top left     (3,9)
            bottom right (7,12)
    
        Box  6 is at 
            top left     (0,14)
            bottom right (2,15)
    
        Box  7 is at 
            top left     (0,12)
            bottom right (1,13)
    
        Box  8 is at 
            top left     (1,7)
            bottom right (2,8)
    
        Box  9 is at 
            top left     (4,13)
            bottom right (5,14)
    
        Box 10 is at 
            top left     (4,6)
            bottom right (5,6)
    
        Box 11 is at 
            top left     (6,13)
            bottom right (6,14)
    
        Box 12 is at 
            top left     (7,7)
            bottom right (7,8)
    
        Box 13 is at 
            top left     (0,9)
            bottom right (2,11)
    
        Roll length used: 22

    [1;34mTry max length:[0m 21
    [1;34m    At iteration:[0m 22
        lingeling found a solution in 1.018 ms

       | W
     L |  0 1 2 3 4  5  6  7 
    ------------------------
     0 |  . . . . .  .  .  . 
     1 |  . . 3 3 3  3  3  . 
     2 |  . . 3 3 3  3  3  . 
     3 |  . . 3 3 3  3  3  . 
     4 |  . . 3 3 3  3  3  . 
     5 |  1 1 1 1 1  .  .  . 
     6 |  1 1 1 1 1  .  .  . 
     7 |  1 1 1 1 1  6  6  6 
     8 |  1 1 1 1 1  6  6  6 
     9 |  2 2 2 2 2 13 13 13 
    10 |  2 2 2 2 2 13 13 13 
    11 |  2 2 2 2 2 13 13 13 
    12 |  2 2 2 2 2  .  .  . 
    13 |  . . 4 4 4  4  4  . 
    14 |  . . 4 4 4  4  4  . 
    15 |  9 9 4 4 4  4  4 12 
    16 |  9 9 4 4 4  4  4 12 
    17 | 11 5 5 5 5  5  8  8 
    18 | 11 5 5 5 5  5  8  8 
    19 | 10 5 5 5 5  5  7  7 
    20 | 10 5 5 5 5  5  7  7 
    
    Boxes' corners:       (w,l)
        Box  1 is at 
            top left     (0,5)
            bottom right (4,8)
    
        Box  2 is at 
            top left     (0,9)
            bottom right (4,12)
    
        Box  3 is at 
            top left     (2,1)
            bottom right (6,4)
    
        Box  4 is at 
            top left     (2,13)
            bottom right (6,16)
    
        Box  5 is at 
            top left     (1,17)
            bottom right (5,20)
    
        Box  6 is at 
            top left     (5,7)
            bottom right (7,8)
    
        Box  7 is at 
            top left     (6,19)
            bottom right (7,20)
    
        Box  8 is at 
            top left     (6,17)
            bottom right (7,18)
    
        Box  9 is at 
            top left     (0,15)
            bottom right (1,16)
    
        Box 10 is at 
            top left     (0,19)
            bottom right (0,20)
    
        Box 11 is at 
            top left     (0,17)
            bottom right (0,18)
    
        Box 12 is at 
            top left     (7,15)
            bottom right (7,16)
    
        Box 13 is at 
            top left     (5,9)
            bottom right (7,11)
    
        Roll length used: 21

    [1;34mTry max length:[0m 20
    [1;34m    At iteration:[0m 23
        lingeling found a solution in 3.178 ms

       | W
     L | 0 1 2 3  4  5  6  7 
    ------------------------
     0 | 6 6 . 8  8  9  9  . 
     1 | 6 6 . 8  8  9  9  . 
     2 | 6 6 . .  2  2  2  2 
     3 | 1 1 1 1  2  2  2  2 
     4 | 1 1 1 1  2  2  2  2 
     5 | 1 1 1 1  2  2  2  2 
     6 | 1 1 1 1  2  2  2  2 
     7 | 1 1 1 1  .  .  . 12 
     8 | 4 4 4 4  .  . 10 12 
     9 | 4 4 4 4  .  . 10  . 
    10 | 4 4 4 4 13 13 13  . 
    11 | 4 4 4 4 13 13 13  . 
    12 | 4 4 4 4 13 13 13  . 
    13 | . . . . 11  7  7  . 
    14 | 3 3 3 3 11  7  7  . 
    15 | 3 3 3 3  5  5  5  5 
    16 | 3 3 3 3  5  5  5  5 
    17 | 3 3 3 3  5  5  5  5 
    18 | 3 3 3 3  5  5  5  5 
    19 | . . . .  5  5  5  5 
    
    Boxes' corners:       (w,l)
        Box  1 is at 
            top left     (0,3)
            bottom right (3,7)
    
        Box  2 is at 
            top left     (4,2)
            bottom right (7,6)
    
        Box  3 is at 
            top left     (0,14)
            bottom right (3,18)
    
        Box  4 is at 
            top left     (0,8)
            bottom right (3,12)
    
        Box  5 is at 
            top left     (4,15)
            bottom right (7,19)
    
        Box  6 is at 
            top left     (0,0)
            bottom right (1,2)
    
        Box  7 is at 
            top left     (5,13)
            bottom right (6,14)
    
        Box  8 is at 
            top left     (3,0)
            bottom right (4,1)
    
        Box  9 is at 
            top left     (5,0)
            bottom right (6,1)
    
        Box 10 is at 
            top left     (6,8)
            bottom right (6,9)
    
        Box 11 is at 
            top left     (4,13)
            bottom right (4,14)
    
        Box 12 is at 
            top left     (7,7)
            bottom right (7,8)
    
        Box 13 is at 
            top left     (4,10)
            bottom right (6,12)
    
        Roll length used: 20

    [1;34mTry max length:[0m 19
    [1;34m    At iteration:[0m 24
        lingeling found a solution in 3.189 ms

       | W
     L |  0 1  2  3 4  5  6  7 
    --------------------------
     0 |  5 5  5  5 5 11 11  . 
     1 |  5 5  5  5 5 13 13 13 
     2 |  5 5  5  5 5 13 13 13 
     3 |  5 5  5  5 5 13 13 13 
     4 |  4 4  4  4 2  2  2  2 
     5 |  4 4  4  4 2  2  2  2 
     6 |  4 4  4  4 2  2  2  2 
     7 |  4 4  4  4 2  2  2  2 
     8 |  4 4  4  4 2  2  2  2 
     9 |  1 1  1  1 1  .  .  . 
    10 |  1 1  1  1 1  8  8  . 
    11 |  1 1  1  1 1  8  8  . 
    12 |  1 1  1  1 1  9  9  . 
    13 |  . . 10 10 .  9  9  . 
    14 |  . 6  6  . 3  3  3  3 
    15 | 12 6  6  . 3  3  3  3 
    16 | 12 6  6  . 3  3  3  3 
    17 |  7 7  .  . 3  3  3  3 
    18 |  7 7  .  . 3  3  3  3 
    
    Boxes' corners:       (w,l)
        Box  1 is at 
            top left     (0,9)
            bottom right (4,12)
    
        Box  2 is at 
            top left     (4,4)
            bottom right (7,8)
    
        Box  3 is at 
            top left     (4,14)
            bottom right (7,18)
    
        Box  4 is at 
            top left     (0,4)
            bottom right (3,8)
    
        Box  5 is at 
            top left     (0,0)
            bottom right (4,3)
    
        Box  6 is at 
            top left     (1,14)
            bottom right (2,16)
    
        Box  7 is at 
            top left     (0,17)
            bottom right (1,18)
    
        Box  8 is at 
            top left     (5,10)
            bottom right (6,11)
    
        Box  9 is at 
            top left     (5,12)
            bottom right (6,13)
    
        Box 10 is at 
            top left     (2,13)
            bottom right (3,13)
    
        Box 11 is at 
            top left     (5,0)
            bottom right (6,0)
    
        Box 12 is at 
            top left     (0,15)
            bottom right (0,16)
    
        Box 13 is at 
            top left     (5,1)
            bottom right (7,3)
    
        Roll length used: 19

    [1;34mTry max length:[0m 18
    [1;34m    At iteration:[0m 25
        lingeling found a solution in 3.237 ms

       | W
     L |  0  1 2 3 4  5  6  7 
    -------------------------
     0 |  2  2 2 2 3  3  3  3 
     1 |  2  2 2 2 3  3  3  3 
     2 |  2  2 2 2 3  3  3  3 
     3 |  2  2 2 2 3  3  3  3 
     4 |  2  2 2 2 3  3  3  3 
     5 | 11  1 1 1 1  1  9  9 
     6 | 11  1 1 1 1  1  9  9 
     7 | 12  1 1 1 1  1  .  . 
     8 | 12  1 1 1 1  1  8  8 
     9 | 10 10 . . .  .  8  8 
    10 |  4  4 4 4 4  .  .  . 
    11 |  4  4 4 4 4 13 13 13 
    12 |  4  4 4 4 4 13 13 13 
    13 |  4  4 4 4 4 13 13 13 
    14 |  6  6 6 5 5  5  5  5 
    15 |  6  6 6 5 5  5  5  5 
    16 |  7  7 . 5 5  5  5  5 
    17 |  7  7 . 5 5  5  5  5 
    
    Boxes' corners:       (w,l)
        Box  1 is at 
            top left     (1,5)
            bottom right (5,8)
    
        Box  2 is at 
            top left     (0,0)
            bottom right (3,4)
    
        Box  3 is at 
            top left     (4,0)
            bottom right (7,4)
    
        Box  4 is at 
            top left     (0,10)
            bottom right (4,13)
    
        Box  5 is at 
            top left     (3,14)
            bottom right (7,17)
    
        Box  6 is at 
            top left     (0,14)
            bottom right (2,15)
    
        Box  7 is at 
            top left     (0,16)
            bottom right (1,17)
    
        Box  8 is at 
            top left     (6,8)
            bottom right (7,9)
    
        Box  9 is at 
            top left     (6,5)
            bottom right (7,6)
    
        Box 10 is at 
            top left     (0,9)
            bottom right (1,9)
    
        Box 11 is at 
            top left     (0,5)
            bottom right (0,6)
    
        Box 12 is at 
            top left     (0,7)
            bottom right (0,8)
    
        Box 13 is at 
            top left     (5,11)
            bottom right (7,13)
    
        Roll length used: 18

    [1;34mTry max length:[0m 17
    [1;34m    At iteration:[0m 26
        lingeling found a solution in 2.889 ms

       | W
     L | 0 1  2 3 4  5  6  7 
    ------------------------
     0 | 1 1  1 1 1 12 12  . 
     1 | 1 1  1 1 1 13 13 13 
     2 | 1 1  1 1 1 13 13 13 
     3 | 1 1  1 1 1 13 13 13 
     4 | 6 6  6 2 2  2  2  2 
     5 | 6 6  6 2 2  2  2  2 
     6 | 8 8 10 2 2  2  2  2 
     7 | 8 8 10 2 2  2  2  2 
     8 | 7 7 11 5 5  5  5  5 
     9 | 7 7 11 5 5  5  5  5 
    10 | . 9  9 5 5  5  5  5 
    11 | . 9  9 5 5  5  5  5 
    12 | 4 4  4 4 3  3  3  3 
    13 | 4 4  4 4 3  3  3  3 
    14 | 4 4  4 4 3  3  3  3 
    15 | 4 4  4 4 3  3  3  3 
    16 | 4 4  4 4 3  3  3  3 
    
    Boxes' corners:       (w,l)
        Box  1 is at 
            top left     (0,0)
            bottom right (4,3)
    
        Box  2 is at 
            top left     (3,4)
            bottom right (7,7)
    
        Box  3 is at 
            top left     (4,12)
            bottom right (7,16)
    
        Box  4 is at 
            top left     (0,12)
            bottom right (3,16)
    
        Box  5 is at 
            top left     (3,8)
            bottom right (7,11)
    
        Box  6 is at 
            top left     (0,4)
            bottom right (2,5)
    
        Box  7 is at 
            top left     (0,8)
            bottom right (1,9)
    
        Box  8 is at 
            top left     (0,6)
            bottom right (1,7)
    
        Box  9 is at 
            top left     (1,10)
            bottom right (2,11)
    
        Box 10 is at 
            top left     (2,6)
            bottom right (2,7)
    
        Box 11 is at 
            top left     (2,8)
            bottom right (2,9)
    
        Box 12 is at 
            top left     (5,0)
            bottom right (6,0)
    
        Box 13 is at 
            top left     (5,1)
            bottom right (7,3)
    
        Roll length used: 17

    [1;34mTry max length:[0m 16
    [1;34m    At iteration:[0m 27
        [3;31mlingeling was timeout-terminated[0m
        [1;31mScript reached time limit[0m
