dc jun 6 20:35:41 CEST 2018
    [1;34mTry max length:[0m 999999
    [1;34m    At iteration:[0m 0
        lingeling found a solution in .453 ms

       | W
     L | 0 1 2 3 4 
    --------------
     0 | . . . . . 
     1 | . . . . . 
     2 | . . . . . 
     3 | . . . . . 
     4 | . . . 2 2 
     5 | . . . 2 2 
     6 | . . . . . 
     7 | . . . . . 
     8 | . . . . . 
     9 | . . . . . 
    10 | . . . . . 
    11 | . . 1 1 . 
    12 | . . 1 1 . 
    13 | 3 3 . . . 
    14 | 3 3 . . . 
    15 | . . . . . 
    16 | 5 6 . . . 
    17 | 5 6 . . . 
    18 | 5 6 . . . 
    19 | 5 6 . . . 
    20 | 5 6 . . . 
    21 | 5 6 . . . 
    22 | 5 6 . 4 4 
    23 | 5 6 . 4 4 
    
    Boxes' corners:      (w,l)
        Box 1 is at 
            top left     (2,11)
            bottom right (3,12)
    
        Box 2 is at 
            top left     (3,4)
            bottom right (4,5)
    
        Box 3 is at 
            top left     (0,13)
            bottom right (1,14)
    
        Box 4 is at 
            top left     (3,22)
            bottom right (4,23)
    
        Box 5 is at 
            top left     (0,16)
            bottom right (0,23)
    
        Box 6 is at 
            top left     (1,16)
            bottom right (1,23)
    
        Roll length used: 24

    [1;34mTry max length:[0m 23
    [1;34m    At iteration:[0m 1
        lingeling found a solution in .503 ms

       | W
     L | 0 1 2 3 4 
    --------------
     0 | . . . . . 
     1 | . . . . . 
     2 | . . . . . 
     3 | . . . . . 
     4 | . . . . . 
     5 | . . . . . 
     6 | . . . . . 
     7 | . . . . . 
     8 | . . . . . 
     9 | . . . . . 
    10 | . . . . . 
    11 | . . 1 1 . 
    12 | . . 1 1 . 
    13 | . 6 . . . 
    14 | . 6 . . . 
    15 | . 6 5 . . 
    16 | . 6 5 . . 
    17 | . 6 5 . . 
    18 | . 6 5 . . 
    19 | . 6 5 4 4 
    20 | . 6 5 4 4 
    21 | 3 3 5 2 2 
    22 | 3 3 5 2 2 
    
    Boxes' corners:      (w,l)
        Box 1 is at 
            top left     (2,11)
            bottom right (3,12)
    
        Box 2 is at 
            top left     (3,21)
            bottom right (4,22)
    
        Box 3 is at 
            top left     (0,21)
            bottom right (1,22)
    
        Box 4 is at 
            top left     (3,19)
            bottom right (4,20)
    
        Box 5 is at 
            top left     (2,15)
            bottom right (2,22)
    
        Box 6 is at 
            top left     (1,13)
            bottom right (1,20)
    
        Roll length used: 23

    [1;34mTry max length:[0m 22
    [1;34m    At iteration:[0m 2
        lingeling found a solution in .318 ms

       | W
     L | 0 1 2 3 4 
    --------------
     0 | . . . . . 
     1 | . . . . . 
     2 | . . . . . 
     3 | . . . . . 
     4 | . . . 2 2 
     5 | . . . 2 2 
     6 | . . . . . 
     7 | . . . . . 
     8 | . . . . . 
     9 | . . . . . 
    10 | . . 1 1 . 
    11 | . . 1 1 . 
    12 | . . . . . 
    13 | . 5 . . . 
    14 | . 5 . . 6 
    15 | . 5 . . 6 
    16 | . 5 . . 6 
    17 | . 5 . . 6 
    18 | . 5 4 4 6 
    19 | . 5 4 4 6 
    20 | . 5 3 3 6 
    21 | . . 3 3 6 
    
    Boxes' corners:      (w,l)
        Box 1 is at 
            top left     (2,10)
            bottom right (3,11)
    
        Box 2 is at 
            top left     (3,4)
            bottom right (4,5)
    
        Box 3 is at 
            top left     (2,20)
            bottom right (3,21)
    
        Box 4 is at 
            top left     (2,18)
            bottom right (3,19)
    
        Box 5 is at 
            top left     (1,13)
            bottom right (1,20)
    
        Box 6 is at 
            top left     (4,14)
            bottom right (4,21)
    
        Roll length used: 22

    [1;34mTry max length:[0m 21
    [1;34m    At iteration:[0m 3
        lingeling found a solution in .817 ms

       | W
     L | 0 1 2 3 4 
    --------------
     0 | . . . . . 
     1 | 2 2 . . . 
     2 | 2 2 . . . 
     3 | . . . . . 
     4 | . . . . 6 
     5 | . . . . 6 
     6 | . . . . 6 
     7 | . . . . 6 
     8 | . . . . 6 
     9 | . . . . 6 
    10 | . . 1 1 6 
    11 | . . 1 1 6 
    12 | . . . . . 
    13 | . . . . 5 
    14 | . . . . 5 
    15 | . . . . 5 
    16 | . . . . 5 
    17 | . . 3 3 5 
    18 | . . 3 3 5 
    19 | . . 4 4 5 
    20 | . . 4 4 5 
    
    Boxes' corners:      (w,l)
        Box 1 is at 
            top left     (2,10)
            bottom right (3,11)
    
        Box 2 is at 
            top left     (0,1)
            bottom right (1,2)
    
        Box 3 is at 
            top left     (2,17)
            bottom right (3,18)
    
        Box 4 is at 
            top left     (2,19)
            bottom right (3,20)
    
        Box 5 is at 
            top left     (4,13)
            bottom right (4,20)
    
        Box 6 is at 
            top left     (4,4)
            bottom right (4,11)
    
        Roll length used: 21

    [1;34mTry max length:[0m 20
    [1;34m    At iteration:[0m 4
        lingeling found a solution in .795 ms

       | W
     L | 0 1 2 3 4 
    --------------
     0 | . . . . . 
     1 | . . . . . 
     2 | . . . . . 
     3 | . . . . . 
     4 | . . . . . 
     5 | . . . . . 
     6 | . . . . . 
     7 | 1 1 . . . 
     8 | 1 1 . . . 
     9 | . . . . . 
    10 | . 6 . . . 
    11 | . 6 . . . 
    12 | . 6 5 . . 
    13 | . 6 5 . . 
    14 | . 6 5 . . 
    15 | . 6 5 . . 
    16 | . 6 5 4 4 
    17 | . 6 5 4 4 
    18 | 3 3 5 2 2 
    19 | 3 3 5 2 2 
    
    Boxes' corners:      (w,l)
        Box 1 is at 
            top left     (0,7)
            bottom right (1,8)
    
        Box 2 is at 
            top left     (3,18)
            bottom right (4,19)
    
        Box 3 is at 
            top left     (0,18)
            bottom right (1,19)
    
        Box 4 is at 
            top left     (3,16)
            bottom right (4,17)
    
        Box 5 is at 
            top left     (2,12)
            bottom right (2,19)
    
        Box 6 is at 
            top left     (1,10)
            bottom right (1,17)
    
        Roll length used: 20

    [1;34mTry max length:[0m 19
    [1;34m    At iteration:[0m 5
        lingeling found a solution in .301 ms

       | W
     L | 0 1 2 3 4 
    --------------
     0 | . . . . . 
     1 | . . . . . 
     2 | . . . . . 
     3 | . . . . . 
     4 | . . . . . 
     5 | . . . . . 
     6 | . . . . . 
     7 | . . 1 1 . 
     8 | . . 1 1 . 
     9 | . 6 . . . 
    10 | . 6 . . . 
    11 | . 6 5 . . 
    12 | . 6 5 . . 
    13 | . 6 5 . . 
    14 | . 6 5 . . 
    15 | . 6 5 4 4 
    16 | . 6 5 4 4 
    17 | 3 3 5 2 2 
    18 | 3 3 5 2 2 
    
    Boxes' corners:      (w,l)
        Box 1 is at 
            top left     (2,7)
            bottom right (3,8)
    
        Box 2 is at 
            top left     (3,17)
            bottom right (4,18)
    
        Box 3 is at 
            top left     (0,17)
            bottom right (1,18)
    
        Box 4 is at 
            top left     (3,15)
            bottom right (4,16)
    
        Box 5 is at 
            top left     (2,11)
            bottom right (2,18)
    
        Box 6 is at 
            top left     (1,9)
            bottom right (1,16)
    
        Roll length used: 19

    [1;34mTry max length:[0m 18
    [1;34m    At iteration:[0m 6
        lingeling found a solution in .351 ms

       | W
     L | 0 1 2 3 4 
    --------------
     0 | . . . . . 
     1 | . . . . 5 
     2 | . . . . 5 
     3 | . 4 4 . 5 
     4 | . 4 4 . 5 
     5 | . . . . 5 
     6 | . . 2 2 5 
     7 | . . 2 2 5 
     8 | . . 1 1 5 
     9 | . . 1 1 . 
    10 | 6 3 3 . . 
    11 | 6 3 3 . . 
    12 | 6 . . . . 
    13 | 6 . . . . 
    14 | 6 . . . . 
    15 | 6 . . . . 
    16 | 6 . . . . 
    17 | 6 . . . . 
    
    Boxes' corners:      (w,l)
        Box 1 is at 
            top left     (2,8)
            bottom right (3,9)
    
        Box 2 is at 
            top left     (2,6)
            bottom right (3,7)
    
        Box 3 is at 
            top left     (1,10)
            bottom right (2,11)
    
        Box 4 is at 
            top left     (1,3)
            bottom right (2,4)
    
        Box 5 is at 
            top left     (4,1)
            bottom right (4,8)
    
        Box 6 is at 
            top left     (0,10)
            bottom right (0,17)
    
        Roll length used: 18

    [1;34mTry max length:[0m 17
    [1;34m    At iteration:[0m 7
        lingeling found a solution in .240 ms

       | W
     L | 0 1 2 3 4 
    --------------
     0 | . . . . . 
     1 | . . . . . 
     2 | . . . . 6 
     3 | . . . . 6 
     4 | . . . . 6 
     5 | . . . . 6 
     6 | 1 1 . . 6 
     7 | 1 1 . . 6 
     8 | . . . . 6 
     9 | . . 5 . 6 
    10 | . . 5 . . 
    11 | . . 5 . . 
    12 | . . 5 . . 
    13 | . . 5 4 4 
    14 | . . 5 4 4 
    15 | 3 3 5 2 2 
    16 | 3 3 5 2 2 
    
    Boxes' corners:      (w,l)
        Box 1 is at 
            top left     (0,6)
            bottom right (1,7)
    
        Box 2 is at 
            top left     (3,15)
            bottom right (4,16)
    
        Box 3 is at 
            top left     (0,15)
            bottom right (1,16)
    
        Box 4 is at 
            top left     (3,13)
            bottom right (4,14)
    
        Box 5 is at 
            top left     (2,9)
            bottom right (2,16)
    
        Box 6 is at 
            top left     (4,2)
            bottom right (4,9)
    
        Roll length used: 17

    [1;34mTry max length:[0m 16
    [1;34m    At iteration:[0m 8
        lingeling found a solution in .192 ms

       | W
     L | 0 1 2 3 4 
    --------------
     0 | . . . . 6 
     1 | . . . . 6 
     2 | . . . . 6 
     3 | . . . . 6 
     4 | . . . . 6 
     5 | . . 1 1 6 
     6 | . . 1 1 6 
     7 | . . . . 6 
     8 | . . 5 . . 
     9 | . . 5 . . 
    10 | . . 5 . . 
    11 | . . 5 . . 
    12 | . . 5 4 4 
    13 | . . 5 4 4 
    14 | 3 3 5 2 2 
    15 | 3 3 5 2 2 
    
    Boxes' corners:      (w,l)
        Box 1 is at 
            top left     (2,5)
            bottom right (3,6)
    
        Box 2 is at 
            top left     (3,14)
            bottom right (4,15)
    
        Box 3 is at 
            top left     (0,14)
            bottom right (1,15)
    
        Box 4 is at 
            top left     (3,12)
            bottom right (4,13)
    
        Box 5 is at 
            top left     (2,8)
            bottom right (2,15)
    
        Box 6 is at 
            top left     (4,0)
            bottom right (4,7)
    
        Roll length used: 16

    [1;34mTry max length:[0m 15
    [1;34m    At iteration:[0m 9
        lingeling found a solution in .201 ms

       | W
     L | 0 1 2 3 4 
    --------------
     0 | . . . . 5 
     1 | . . . . 5 
     2 | . . . . 5 
     3 | . . . . 5 
     4 | . . . . 5 
     5 | . . 1 1 5 
     6 | . . 1 1 5 
     7 | . . 6 . 5 
     8 | . . 6 . . 
     9 | . . 6 . . 
    10 | . . 6 . . 
    11 | . . 6 4 4 
    12 | . . 6 4 4 
    13 | 3 3 6 2 2 
    14 | 3 3 6 2 2 
    
    Boxes' corners:      (w,l)
        Box 1 is at 
            top left     (2,5)
            bottom right (3,6)
    
        Box 2 is at 
            top left     (3,13)
            bottom right (4,14)
    
        Box 3 is at 
            top left     (0,13)
            bottom right (1,14)
    
        Box 4 is at 
            top left     (3,11)
            bottom right (4,12)
    
        Box 5 is at 
            top left     (4,0)
            bottom right (4,7)
    
        Box 6 is at 
            top left     (2,7)
            bottom right (2,14)
    
        Roll length used: 15

    [1;34mTry max length:[0m 14
    [1;34m    At iteration:[0m 10
        lingeling found a solution in .187 ms

       | W
     L | 0 1 2 3 4 
    --------------
     0 | . . . . . 
     1 | . . . . . 
     2 | . . . . 5 
     3 | . . . . 5 
     4 | . . 1 1 5 
     5 | . . 1 1 5 
     6 | . . 6 . 5 
     7 | . . 6 . 5 
     8 | . . 6 . 5 
     9 | . . 6 . 5 
    10 | . . 6 4 4 
    11 | . . 6 4 4 
    12 | 3 3 6 2 2 
    13 | 3 3 6 2 2 
    
    Boxes' corners:      (w,l)
        Box 1 is at 
            top left     (2,4)
            bottom right (3,5)
    
        Box 2 is at 
            top left     (3,12)
            bottom right (4,13)
    
        Box 3 is at 
            top left     (0,12)
            bottom right (1,13)
    
        Box 4 is at 
            top left     (3,10)
            bottom right (4,11)
    
        Box 5 is at 
            top left     (4,2)
            bottom right (4,9)
    
        Box 6 is at 
            top left     (2,6)
            bottom right (2,13)
    
        Roll length used: 14

    [1;34mTry max length:[0m 13
    [1;34m    At iteration:[0m 11
        lingeling found a solution in .177 ms

       | W
     L | 0 1 2 3 4 
    --------------
     0 | . 6 . . 5 
     1 | . 6 . . 5 
     2 | . 6 . . 5 
     3 | . 6 . . 5 
     4 | . 6 1 1 5 
     5 | . 6 1 1 5 
     6 | . 6 . . 5 
     7 | . 6 . . 5 
     8 | . . . . . 
     9 | . . . 4 4 
    10 | . . . 4 4 
    11 | 3 3 . 2 2 
    12 | 3 3 . 2 2 
    
    Boxes' corners:      (w,l)
        Box 1 is at 
            top left     (2,4)
            bottom right (3,5)
    
        Box 2 is at 
            top left     (3,11)
            bottom right (4,12)
    
        Box 3 is at 
            top left     (0,11)
            bottom right (1,12)
    
        Box 4 is at 
            top left     (3,9)
            bottom right (4,10)
    
        Box 5 is at 
            top left     (4,0)
            bottom right (4,7)
    
        Box 6 is at 
            top left     (1,0)
            bottom right (1,7)
    
        Roll length used: 13

    [1;34mTry max length:[0m 12
    [1;34m    At iteration:[0m 12
        lingeling found a solution in .148 ms

       | W
     L | 0 1 2 3 4 
    --------------
     0 | . . . 3 3 
     1 | . . . 3 3 
     2 | . . . 6 5 
     3 | . . . 6 5 
     4 | . . . 6 5 
     5 | 1 1 . 6 5 
     6 | 1 1 . 6 5 
     7 | . . . 6 5 
     8 | . . . 6 5 
     9 | . . . 6 5 
    10 | 2 2 . 4 4 
    11 | 2 2 . 4 4 
    
    Boxes' corners:      (w,l)
        Box 1 is at 
            top left     (0,5)
            bottom right (1,6)
    
        Box 2 is at 
            top left     (0,10)
            bottom right (1,11)
    
        Box 3 is at 
            top left     (3,0)
            bottom right (4,1)
    
        Box 4 is at 
            top left     (3,10)
            bottom right (4,11)
    
        Box 5 is at 
            top left     (4,2)
            bottom right (4,9)
    
        Box 6 is at 
            top left     (3,2)
            bottom right (3,9)
    
        Roll length used: 12

    [1;34mTry max length:[0m 11
    [1;34m    At iteration:[0m 13
        lingeling found a solution in .113 ms

       | W
     L | 0 1 2 3 4 
    --------------
     0 | 6 5 . . . 
     1 | 6 5 . . . 
     2 | 6 5 . . . 
     3 | 6 5 1 1 . 
     4 | 6 5 1 1 . 
     5 | 6 5 . . . 
     6 | 6 5 . . . 
     7 | 6 5 . 4 4 
     8 | . . . 4 4 
     9 | 3 3 . 2 2 
    10 | 3 3 . 2 2 
    
    Boxes' corners:      (w,l)
        Box 1 is at 
            top left     (2,3)
            bottom right (3,4)
    
        Box 2 is at 
            top left     (3,9)
            bottom right (4,10)
    
        Box 3 is at 
            top left     (0,9)
            bottom right (1,10)
    
        Box 4 is at 
            top left     (3,7)
            bottom right (4,8)
    
        Box 5 is at 
            top left     (1,0)
            bottom right (1,7)
    
        Box 6 is at 
            top left     (0,0)
            bottom right (0,7)
    
        Roll length used: 11

    [1;34mTry max length:[0m 10
    [1;34m    At iteration:[0m 14
        lingeling found a solution in .097 ms

       | W
     L | 0 1 2 3 4 
    --------------
     0 | . . 6 5 . 
     1 | . . 6 5 . 
     2 | 1 1 6 5 . 
     3 | 1 1 6 5 . 
     4 | . . 6 5 . 
     5 | 4 4 6 5 . 
     6 | 4 4 6 5 . 
     7 | . . 6 5 . 
     8 | 3 3 . 2 2 
     9 | 3 3 . 2 2 
    
    Boxes' corners:      (w,l)
        Box 1 is at 
            top left     (0,2)
            bottom right (1,3)
    
        Box 2 is at 
            top left     (3,8)
            bottom right (4,9)
    
        Box 3 is at 
            top left     (0,8)
            bottom right (1,9)
    
        Box 4 is at 
            top left     (0,5)
            bottom right (1,6)
    
        Box 5 is at 
            top left     (3,0)
            bottom right (3,7)
    
        Box 6 is at 
            top left     (2,0)
            bottom right (2,7)
    
        Roll length used: 10

    [1;34mTry max length:[0m 9
    [1;34m    At iteration:[0m 15
        lingeling found a solution in .130 ms

      | W
    L | 0 1 2 3 4 
    --------------
    0 | 5 . 2 2 . 
    1 | 5 . 2 2 6 
    2 | 5 3 3 . 6 
    3 | 5 3 3 . 6 
    4 | 5 . 1 1 6 
    5 | 5 . 1 1 6 
    6 | 5 4 4 . 6 
    7 | 5 4 4 . 6 
    8 | . . . . 6 
    
    Boxes' corners:      (w,l)
        Box 1 is at 
            top left     (2,4)
            bottom right (3,5)
    
        Box 2 is at 
            top left     (2,0)
            bottom right (3,1)
    
        Box 3 is at 
            top left     (1,2)
            bottom right (2,3)
    
        Box 4 is at 
            top left     (1,6)
            bottom right (2,7)
    
        Box 5 is at 
            top left     (0,0)
            bottom right (0,7)
    
        Box 6 is at 
            top left     (4,1)
            bottom right (4,8)
    
        Roll length used: 9

    [1;34mTry max length:[0m 8
    [1;34m    At iteration:[0m 16
        lingeling found a solution in .061 ms

      | W
    L | 0 1 2 3 4 
    --------------
    0 | 1 1 6 . 5 
    1 | 1 1 6 . 5 
    2 | 3 3 6 . 5 
    3 | 3 3 6 . 5 
    4 | 4 4 6 . 5 
    5 | 4 4 6 . 5 
    6 | 2 2 6 . 5 
    7 | 2 2 6 . 5 
    
    Boxes' corners:      (w,l)
        Box 1 is at 
            top left     (0,0)
            bottom right (1,1)
    
        Box 2 is at 
            top left     (0,6)
            bottom right (1,7)
    
        Box 3 is at 
            top left     (0,2)
            bottom right (1,3)
    
        Box 4 is at 
            top left     (0,4)
            bottom right (1,5)
    
        Box 5 is at 
            top left     (4,0)
            bottom right (4,7)
    
        Box 6 is at 
            top left     (2,0)
            bottom right (2,7)
    
        Roll length used: 8

    [1;34mTry max length:[0m 7
    [1;34m    At iteration:[0m 17
        [3;31mlingeling determined unsatisfiability of the Boolean formula[0m
        [1;32mOptimality reached![0m
