dt jun 5 18:57:15 CEST 2018
    [1;34mTry max length:[0m 999999
    [1;34m    At iteration:[0m 0
        lingeling found a solution in .375 ms

       | W
     L |  0  1 2 
    ------------
     0 |  1  . . 
     1 |  1  . . 
     2 |  6  6 6 
     3 |  6  6 6 
     4 |  6  6 6 
     5 |  6  6 6 
     6 |  8  8 8 
     7 |  8  8 8 
     8 |  8  8 8 
     9 |  8  8 8 
    10 |  7  7 7 
    11 |  7  7 7 
    12 |  7  7 7 
    13 |  7  7 7 
    14 |  .  . . 
    15 |  9  9 9 
    16 |  9  9 9 
    17 |  9  9 9 
    18 |  9  9 9 
    19 |  .  . . 
    20 |  5  5 5 
    21 |  5  5 5 
    22 |  5  5 5 
    23 |  5  5 5 
    24 |  .  . . 
    25 |  .  . . 
    26 |  4  4 4 
    27 |  4  4 4 
    28 |  4  4 4 
    29 |  4  4 4 
    30 | 11 11 2 
    31 | 11 11 2 
    32 | 10 10 3 
    33 | 10 10 3 
    
    Boxes' corners:       (w,l)
        Box  1 is at 
            top left     (0,0)
            bottom right (0,1)
    
        Box  2 is at 
            top left     (2,30)
            bottom right (2,31)
    
        Box  3 is at 
            top left     (2,32)
            bottom right (2,33)
    
        Box  4 is at 
            top left     (0,26)
            bottom right (2,29)
    
        Box  5 is at 
            top left     (0,20)
            bottom right (2,23)
    
        Box  6 is at 
            top left     (0,2)
            bottom right (2,5)
    
        Box  7 is at 
            top left     (0,10)
            bottom right (2,13)
    
        Box  8 is at 
            top left     (0,6)
            bottom right (2,9)
    
        Box  9 is at 
            top left     (0,15)
            bottom right (2,18)
    
        Box 10 is at 
            top left     (0,32)
            bottom right (1,33)
    
        Box 11 is at 
            top left     (0,30)
            bottom right (1,31)
    
        Roll length used: 34

    [1;34mTry max length:[0m 33
    [1;34m    At iteration:[0m 1
        lingeling found a solution in .358 ms

       | W
     L |  0  1 2 
    ------------
     0 |  9  9 9 
     1 |  9  9 9 
     2 |  9  9 9 
     3 |  9  9 9 
     4 |  .  . . 
     5 |  .  1 . 
     6 |  .  1 . 
     7 |  .  2 . 
     8 |  .  2 . 
     9 |  8  8 8 
    10 |  8  8 8 
    11 |  8  8 8 
    12 |  8  8 8 
    13 |  7  7 7 
    14 |  7  7 7 
    15 |  7  7 7 
    16 |  7  7 7 
    17 |  6  6 6 
    18 |  6  6 6 
    19 |  6  6 6 
    20 |  6  6 6 
    21 |  4  4 4 
    22 |  4  4 4 
    23 |  4  4 4 
    24 |  4  4 4 
    25 |  5  5 5 
    26 |  5  5 5 
    27 |  5  5 5 
    28 |  5  5 5 
    29 | 11 11 . 
    30 | 11 11 3 
    31 | 10 10 3 
    32 | 10 10 . 
    
    Boxes' corners:       (w,l)
        Box  1 is at 
            top left     (1,5)
            bottom right (1,6)
    
        Box  2 is at 
            top left     (1,7)
            bottom right (1,8)
    
        Box  3 is at 
            top left     (2,30)
            bottom right (2,31)
    
        Box  4 is at 
            top left     (0,21)
            bottom right (2,24)
    
        Box  5 is at 
            top left     (0,25)
            bottom right (2,28)
    
        Box  6 is at 
            top left     (0,17)
            bottom right (2,20)
    
        Box  7 is at 
            top left     (0,13)
            bottom right (2,16)
    
        Box  8 is at 
            top left     (0,9)
            bottom right (2,12)
    
        Box  9 is at 
            top left     (0,0)
            bottom right (2,3)
    
        Box 10 is at 
            top left     (0,31)
            bottom right (1,32)
    
        Box 11 is at 
            top left     (0,29)
            bottom right (1,30)
    
        Roll length used: 33

    [1;34mTry max length:[0m 32
    [1;34m    At iteration:[0m 2
        lingeling found a solution in .380 ms

       | W
     L |  0  1 2 
    ------------
     0 |  1  . . 
     1 |  1  . . 
     2 |  6  6 6 
     3 |  6  6 6 
     4 |  6  6 6 
     5 |  6  6 6 
     6 |  8  8 8 
     7 |  8  8 8 
     8 |  8  8 8 
     9 |  8  8 8 
    10 |  9  9 9 
    11 |  9  9 9 
    12 |  9  9 9 
    13 |  9  9 9 
    14 |  7  7 7 
    15 |  7  7 7 
    16 |  7  7 7 
    17 |  7  7 7 
    18 |  5  5 5 
    19 |  5  5 5 
    20 |  5  5 5 
    21 |  5  5 5 
    22 |  4  4 4 
    23 |  4  4 4 
    24 |  4  4 4 
    25 |  4  4 4 
    26 |  .  . . 
    27 |  .  . . 
    28 | 11 11 2 
    29 | 11 11 2 
    30 | 10 10 3 
    31 | 10 10 3 
    
    Boxes' corners:       (w,l)
        Box  1 is at 
            top left     (0,0)
            bottom right (0,1)
    
        Box  2 is at 
            top left     (2,28)
            bottom right (2,29)
    
        Box  3 is at 
            top left     (2,30)
            bottom right (2,31)
    
        Box  4 is at 
            top left     (0,22)
            bottom right (2,25)
    
        Box  5 is at 
            top left     (0,18)
            bottom right (2,21)
    
        Box  6 is at 
            top left     (0,2)
            bottom right (2,5)
    
        Box  7 is at 
            top left     (0,14)
            bottom right (2,17)
    
        Box  8 is at 
            top left     (0,6)
            bottom right (2,9)
    
        Box  9 is at 
            top left     (0,10)
            bottom right (2,13)
    
        Box 10 is at 
            top left     (0,30)
            bottom right (1,31)
    
        Box 11 is at 
            top left     (0,28)
            bottom right (1,29)
    
        Roll length used: 32

    [1;34mTry max length:[0m 31
    [1;34m    At iteration:[0m 3
        lingeling found a solution in .241 ms

       | W
     L |  0  1 2 
    ------------
     0 |  9  9 9 
     1 |  9  9 9 
     2 |  9  9 9 
     3 |  9  9 9 
     4 | 10 10 . 
     5 | 10 10 . 
     6 |  3  1 . 
     7 |  3  1 2 
     8 |  .  . 2 
     9 |  5  5 5 
    10 |  5  5 5 
    11 |  5  5 5 
    12 |  5  5 5 
    13 |  4  4 4 
    14 |  4  4 4 
    15 |  4  4 4 
    16 |  4  4 4 
    17 |  8  8 8 
    18 |  8  8 8 
    19 |  8  8 8 
    20 |  8  8 8 
    21 |  7  7 7 
    22 |  7  7 7 
    23 |  7  7 7 
    24 |  7  7 7 
    25 |  6  6 6 
    26 |  6  6 6 
    27 |  6  6 6 
    28 |  6  6 6 
    29 | 11 11 . 
    30 | 11 11 . 
    
    Boxes' corners:       (w,l)
        Box  1 is at 
            top left     (1,6)
            bottom right (1,7)
    
        Box  2 is at 
            top left     (2,7)
            bottom right (2,8)
    
        Box  3 is at 
            top left     (0,6)
            bottom right (0,7)
    
        Box  4 is at 
            top left     (0,13)
            bottom right (2,16)
    
        Box  5 is at 
            top left     (0,9)
            bottom right (2,12)
    
        Box  6 is at 
            top left     (0,25)
            bottom right (2,28)
    
        Box  7 is at 
            top left     (0,21)
            bottom right (2,24)
    
        Box  8 is at 
            top left     (0,17)
            bottom right (2,20)
    
        Box  9 is at 
            top left     (0,0)
            bottom right (2,3)
    
        Box 10 is at 
            top left     (0,4)
            bottom right (1,5)
    
        Box 11 is at 
            top left     (0,29)
            bottom right (1,30)
    
        Roll length used: 31

    [1;34mTry max length:[0m 30
    [1;34m    At iteration:[0m 4
        lingeling found a solution in .327 ms

       | W
     L |  0  1 2 
    ------------
     0 |  8  8 8 
     1 |  8  8 8 
     2 |  8  8 8 
     3 |  8  8 8 
     4 |  9  9 9 
     5 |  9  9 9 
     6 |  9  9 9 
     7 |  9  9 9 
     8 |  1  . . 
     9 |  1  . . 
    10 |  6  6 6 
    11 |  6  6 6 
    12 |  6  6 6 
    13 |  6  6 6 
    14 |  7  7 7 
    15 |  7  7 7 
    16 |  7  7 7 
    17 |  7  7 7 
    18 |  5  5 5 
    19 |  5  5 5 
    20 |  5  5 5 
    21 |  5  5 5 
    22 |  4  4 4 
    23 |  4  4 4 
    24 |  4  4 4 
    25 |  4  4 4 
    26 | 11 11 2 
    27 | 11 11 2 
    28 | 10 10 3 
    29 | 10 10 3 
    
    Boxes' corners:       (w,l)
        Box  1 is at 
            top left     (0,8)
            bottom right (0,9)
    
        Box  2 is at 
            top left     (2,26)
            bottom right (2,27)
    
        Box  3 is at 
            top left     (2,28)
            bottom right (2,29)
    
        Box  4 is at 
            top left     (0,22)
            bottom right (2,25)
    
        Box  5 is at 
            top left     (0,18)
            bottom right (2,21)
    
        Box  6 is at 
            top left     (0,10)
            bottom right (2,13)
    
        Box  7 is at 
            top left     (0,14)
            bottom right (2,17)
    
        Box  8 is at 
            top left     (0,0)
            bottom right (2,3)
    
        Box  9 is at 
            top left     (0,4)
            bottom right (2,7)
    
        Box 10 is at 
            top left     (0,28)
            bottom right (1,29)
    
        Box 11 is at 
            top left     (0,26)
            bottom right (1,27)
    
        Roll length used: 30

    [1;34mTry max length:[0m 29
    [1;34m    At iteration:[0m 5
        lingeling found a solution in .310 ms

       | W
     L |  0  1 2 
    ------------
     0 |  9  9 9 
     1 |  9  9 9 
     2 |  9  9 9 
     3 |  9  9 9 
     4 |  7  7 7 
     5 |  7  7 7 
     6 |  7  7 7 
     7 |  7  7 7 
     8 |  5  5 5 
     9 |  5  5 5 
    10 |  5  5 5 
    11 |  5  5 5 
    12 |  .  1 1 
    13 |  6  6 6 
    14 |  6  6 6 
    15 |  6  6 6 
    16 |  6  6 6 
    17 |  4  4 4 
    18 |  4  4 4 
    19 |  4  4 4 
    20 |  4  4 4 
    21 |  8  8 8 
    22 |  8  8 8 
    23 |  8  8 8 
    24 |  8  8 8 
    25 | 11 11 3 
    26 | 11 11 3 
    27 | 10 10 2 
    28 | 10 10 2 
    
    Boxes' corners:       (w,l)
        Box  1 is at 
            top left     (1,12)
            bottom right (2,12)
    
        Box  2 is at 
            top left     (2,27)
            bottom right (2,28)
    
        Box  3 is at 
            top left     (2,25)
            bottom right (2,26)
    
        Box  4 is at 
            top left     (0,17)
            bottom right (2,20)
    
        Box  5 is at 
            top left     (0,8)
            bottom right (2,11)
    
        Box  6 is at 
            top left     (0,13)
            bottom right (2,16)
    
        Box  7 is at 
            top left     (0,4)
            bottom right (2,7)
    
        Box  8 is at 
            top left     (0,21)
            bottom right (2,24)
    
        Box  9 is at 
            top left     (0,0)
            bottom right (2,3)
    
        Box 10 is at 
            top left     (0,27)
            bottom right (1,28)
    
        Box 11 is at 
            top left     (0,25)
            bottom right (1,26)
    
        Roll length used: 29

    [1;34mTry max length:[0m 28
    [1;34m    At iteration:[0m 6
        [3;31mlingeling determined unsatisfiability of the Boolean formula[0m
        [1;32mOptimality reached![0m
