dc jun 6 20:51:48 CEST 2018
    [1;34mTry max length:[0m 999999
    [1;34m    At iteration:[0m 0
        lingeling found a solution in .819 ms

       | W
     L |  0  1  2  3 4 5 6 7 8 
    --------------------------
     0 |  .  .  .  . . 9 9 9 9 
     1 |  .  .  .  . . 9 9 9 9 
     2 |  .  .  .  . . . . . . 
     3 |  1  .  .  . . . . . . 
     4 |  1  .  .  . . . . . . 
     5 |  .  .  .  . . . . . . 
     6 |  .  .  .  . . . . . . 
     7 |  .  .  .  . . . . . . 
     8 |  .  .  .  . . . . . . 
     9 |  .  .  .  . . . . . . 
    10 |  .  .  .  . . . . . . 
    11 |  .  .  .  . . . . . . 
    12 |  .  .  .  . . . . . . 
    13 |  4  .  .  . . . . . . 
    14 |  4  .  .  . . . . . . 
    15 |  3  .  .  . . . . . . 
    16 |  3  .  .  . . . . . . 
    17 |  2  .  .  . . . . . 5 
    18 |  2  .  .  . . . . . 5 
    19 | 10 10 10 10 . . . . . 
    20 | 10 10 10 10 . . 8 7 6 
    
    Boxes' corners:       (w,l)
        Box  1 is at 
            top left     (0,3)
            bottom right (0,4)
    
        Box  2 is at 
            top left     (0,17)
            bottom right (0,18)
    
        Box  3 is at 
            top left     (0,15)
            bottom right (0,16)
    
        Box  4 is at 
            top left     (0,13)
            bottom right (0,14)
    
        Box  5 is at 
            top left     (8,17)
            bottom right (8,18)
    
        Box  6 is at 
            top left     (8,20)
            bottom right (8,20)
    
        Box  7 is at 
            top left     (7,20)
            bottom right (7,20)
    
        Box  8 is at 
            top left     (6,20)
            bottom right (6,20)
    
        Box  9 is at 
            top left     (5,0)
            bottom right (8,1)
    
        Box 10 is at 
            top left     (0,19)
            bottom right (3,20)
    
        Roll length used: 21

    [1;34mTry max length:[0m 20
    [1;34m    At iteration:[0m 1
        lingeling found a solution in .906 ms

       | W
     L |  0  1  2  3 4 5 6 7 8 
    --------------------------
     0 | 10 10 10 10 . 9 9 9 9 
     1 | 10 10 10 10 . 9 9 9 9 
     2 |  .  .  .  . . . . . . 
     3 |  .  .  .  . . . . . . 
     4 |  .  .  .  . . . . . . 
     5 |  .  .  .  . . . . . . 
     6 |  .  .  .  . . . . . . 
     7 |  .  .  .  . . . . . . 
     8 |  1  .  .  . . . . . . 
     9 |  1  .  .  . . . . . . 
    10 |  .  .  .  . . . . . . 
    11 |  .  .  .  . . . . . . 
    12 |  5  .  .  . . . . . . 
    13 |  5  .  .  . . . . . . 
    14 |  4  .  .  . . . . . . 
    15 |  4  .  .  . . . . . . 
    16 |  3  .  .  . . . . . . 
    17 |  3  .  .  . . . . . . 
    18 |  2  .  .  . . . . . . 
    19 |  2  .  .  . . . 8 7 6 
    
    Boxes' corners:       (w,l)
        Box  1 is at 
            top left     (0,8)
            bottom right (0,9)
    
        Box  2 is at 
            top left     (0,18)
            bottom right (0,19)
    
        Box  3 is at 
            top left     (0,16)
            bottom right (0,17)
    
        Box  4 is at 
            top left     (0,14)
            bottom right (0,15)
    
        Box  5 is at 
            top left     (0,12)
            bottom right (0,13)
    
        Box  6 is at 
            top left     (8,19)
            bottom right (8,19)
    
        Box  7 is at 
            top left     (7,19)
            bottom right (7,19)
    
        Box  8 is at 
            top left     (6,19)
            bottom right (6,19)
    
        Box  9 is at 
            top left     (5,0)
            bottom right (8,1)
    
        Box 10 is at 
            top left     (0,0)
            bottom right (3,1)
    
        Roll length used: 20

    [1;34mTry max length:[0m 19
    [1;34m    At iteration:[0m 2
        lingeling found a solution in .875 ms

       | W
     L | 0 1 2 3 4  5  6  7  8 
    --------------------------
     0 | . . . . .  9  9  9  9 
     1 | . . . . .  9  9  9  9 
     2 | . . . . .  .  .  .  . 
     3 | . . . . .  .  .  .  . 
     4 | . . . . .  .  .  .  . 
     5 | . . . . .  .  .  .  . 
     6 | . . . . .  .  .  .  . 
     7 | . . . . .  .  .  .  . 
     8 | . . . 1 .  .  .  .  . 
     9 | . . . 1 .  .  .  .  . 
    10 | . . . . .  .  .  .  . 
    11 | 5 . . . .  .  .  .  . 
    12 | 5 . . . .  .  .  .  . 
    13 | 4 . . . .  .  .  .  . 
    14 | 4 . . . .  .  .  .  . 
    15 | 3 . . . .  .  .  .  . 
    16 | 3 . . . .  .  .  .  . 
    17 | 2 . . . . 10 10 10 10 
    18 | 2 . 8 7 6 10 10 10 10 
    
    Boxes' corners:       (w,l)
        Box  1 is at 
            top left     (3,8)
            bottom right (3,9)
    
        Box  2 is at 
            top left     (0,17)
            bottom right (0,18)
    
        Box  3 is at 
            top left     (0,15)
            bottom right (0,16)
    
        Box  4 is at 
            top left     (0,13)
            bottom right (0,14)
    
        Box  5 is at 
            top left     (0,11)
            bottom right (0,12)
    
        Box  6 is at 
            top left     (4,18)
            bottom right (4,18)
    
        Box  7 is at 
            top left     (3,18)
            bottom right (3,18)
    
        Box  8 is at 
            top left     (2,18)
            bottom right (2,18)
    
        Box  9 is at 
            top left     (5,0)
            bottom right (8,1)
    
        Box 10 is at 
            top left     (5,17)
            bottom right (8,18)
    
        Roll length used: 19

    [1;34mTry max length:[0m 18
    [1;34m    At iteration:[0m 3
        lingeling found a solution in .710 ms

       | W
     L | 0 1 2 3 4  5  6  7  8 
    --------------------------
     0 | . . . . . 10 10 10 10 
     1 | . . . . . 10 10 10 10 
     2 | . . . . .  .  .  .  . 
     3 | . . . . .  .  .  .  . 
     4 | . . . . .  .  .  .  . 
     5 | . . . . .  .  .  .  . 
     6 | . . . . .  .  .  .  . 
     7 | . . . 1 .  .  .  .  . 
     8 | . . . 1 .  .  .  .  . 
     9 | . . . . .  .  .  .  . 
    10 | . . . . .  .  .  .  . 
    11 | . . . . .  .  .  .  . 
    12 | 4 . . . .  .  .  .  5 
    13 | 4 . . . .  .  .  .  5 
    14 | 3 . . . .  .  .  .  . 
    15 | 3 . . . .  .  .  .  . 
    16 | 2 . . . .  9  9  9  9 
    17 | 2 . 8 7 6  9  9  9  9 
    
    Boxes' corners:       (w,l)
        Box  1 is at 
            top left     (3,7)
            bottom right (3,8)
    
        Box  2 is at 
            top left     (0,16)
            bottom right (0,17)
    
        Box  3 is at 
            top left     (0,14)
            bottom right (0,15)
    
        Box  4 is at 
            top left     (0,12)
            bottom right (0,13)
    
        Box  5 is at 
            top left     (8,12)
            bottom right (8,13)
    
        Box  6 is at 
            top left     (4,17)
            bottom right (4,17)
    
        Box  7 is at 
            top left     (3,17)
            bottom right (3,17)
    
        Box  8 is at 
            top left     (2,17)
            bottom right (2,17)
    
        Box  9 is at 
            top left     (5,16)
            bottom right (8,17)
    
        Box 10 is at 
            top left     (5,0)
            bottom right (8,1)
    
        Roll length used: 18

    [1;34mTry max length:[0m 17
    [1;34m    At iteration:[0m 4
        lingeling found a solution in .668 ms

       | W
     L |  0  1  2  3 4 5 6 7 8 
    --------------------------
     0 | 10 10 10 10 . 9 9 9 9 
     1 | 10 10 10 10 . 9 9 9 9 
     2 |  .  .  .  . . . . . . 
     3 |  .  .  .  . . . . . . 
     4 |  .  .  .  . . . . . . 
     5 |  .  .  .  . . . . . . 
     6 |  .  .  .  . . . . . . 
     7 |  .  .  .  1 . . . . . 
     8 |  .  .  .  1 . . . . . 
     9 |  .  .  .  . . . . . . 
    10 |  .  .  .  . . . . . . 
    11 |  5  .  .  . . . . . . 
    12 |  5  .  .  . . . . . . 
    13 |  4  .  .  . . . . . . 
    14 |  4  .  .  . . . . . . 
    15 |  3  .  .  . . . . . 2 
    16 |  3  .  .  . . 8 7 6 2 
    
    Boxes' corners:       (w,l)
        Box  1 is at 
            top left     (3,7)
            bottom right (3,8)
    
        Box  2 is at 
            top left     (8,15)
            bottom right (8,16)
    
        Box  3 is at 
            top left     (0,15)
            bottom right (0,16)
    
        Box  4 is at 
            top left     (0,13)
            bottom right (0,14)
    
        Box  5 is at 
            top left     (0,11)
            bottom right (0,12)
    
        Box  6 is at 
            top left     (7,16)
            bottom right (7,16)
    
        Box  7 is at 
            top left     (6,16)
            bottom right (6,16)
    
        Box  8 is at 
            top left     (5,16)
            bottom right (5,16)
    
        Box  9 is at 
            top left     (5,0)
            bottom right (8,1)
    
        Box 10 is at 
            top left     (0,0)
            bottom right (3,1)
    
        Roll length used: 17

    [1;34mTry max length:[0m 16
    [1;34m    At iteration:[0m 5
        lingeling found a solution in .713 ms

       | W
     L |  0  1  2  3 4 5 6 7 8 
    --------------------------
     0 |  .  .  .  . . . . . . 
     1 |  .  .  .  . . . . . . 
     2 |  .  .  .  . . . . . . 
     3 |  .  .  .  . . . . . . 
     4 |  .  .  .  . . . . . . 
     5 |  .  .  .  . . . . . . 
     6 |  .  .  .  . . . . . . 
     7 |  1  .  .  . . . . . . 
     8 |  1  .  .  . . . . . . 
     9 |  .  .  .  . . . . . . 
    10 |  5  .  .  . . . . . 4 
    11 |  5  .  .  . . . . . 4 
    12 |  3  .  .  . . . . 8 2 
    13 |  3  .  .  . . . . . 2 
    14 | 10 10 10 10 7 9 9 9 9 
    15 | 10 10 10 10 6 9 9 9 9 
    
    Boxes' corners:       (w,l)
        Box  1 is at 
            top left     (0,7)
            bottom right (0,8)
    
        Box  2 is at 
            top left     (8,12)
            bottom right (8,13)
    
        Box  3 is at 
            top left     (0,12)
            bottom right (0,13)
    
        Box  4 is at 
            top left     (8,10)
            bottom right (8,11)
    
        Box  5 is at 
            top left     (0,10)
            bottom right (0,11)
    
        Box  6 is at 
            top left     (4,15)
            bottom right (4,15)
    
        Box  7 is at 
            top left     (4,14)
            bottom right (4,14)
    
        Box  8 is at 
            top left     (7,12)
            bottom right (7,12)
    
        Box  9 is at 
            top left     (5,14)
            bottom right (8,15)
    
        Box 10 is at 
            top left     (0,14)
            bottom right (3,15)
    
        Roll length used: 16

    [1;34mTry max length:[0m 15
    [1;34m    At iteration:[0m 6
        lingeling found a solution in .671 ms

       | W
     L |  0  1  2  3 4 5 6 7 8 
    --------------------------
     0 | 10 10 10 10 . 9 9 9 9 
     1 | 10 10 10 10 . 9 9 9 9 
     2 |  .  .  .  . . . . . . 
     3 |  .  .  .  . . . . . . 
     4 |  .  .  .  . . . . . . 
     5 |  5  .  .  . . . . . . 
     6 |  5  .  .  . . . . . . 
     7 |  1  .  .  . . . . . . 
     8 |  1  .  .  . . . . . . 
     9 |  3  .  .  . . . . . . 
    10 |  3  .  .  . . . . . . 
    11 |  2  .  .  . . . . . . 
    12 |  2  .  .  . . . . . . 
    13 |  4  .  .  . . . . . . 
    14 |  4  .  .  . . . 8 7 6 
    
    Boxes' corners:       (w,l)
        Box  1 is at 
            top left     (0,7)
            bottom right (0,8)
    
        Box  2 is at 
            top left     (0,11)
            bottom right (0,12)
    
        Box  3 is at 
            top left     (0,9)
            bottom right (0,10)
    
        Box  4 is at 
            top left     (0,13)
            bottom right (0,14)
    
        Box  5 is at 
            top left     (0,5)
            bottom right (0,6)
    
        Box  6 is at 
            top left     (8,14)
            bottom right (8,14)
    
        Box  7 is at 
            top left     (7,14)
            bottom right (7,14)
    
        Box  8 is at 
            top left     (6,14)
            bottom right (6,14)
    
        Box  9 is at 
            top left     (5,0)
            bottom right (8,1)
    
        Box 10 is at 
            top left     (0,0)
            bottom right (3,1)
    
        Roll length used: 15

    [1;34mTry max length:[0m 14
    [1;34m    At iteration:[0m 7
        lingeling found a solution in .674 ms

       | W
     L |  0  1  2  3 4 5 6 7 8 
    --------------------------
     0 |  .  .  .  . . . . . . 
     1 |  .  .  .  . . . . . . 
     2 |  .  .  .  . . . . . . 
     3 |  .  .  .  . . . . . . 
     4 |  .  .  .  . . . . . . 
     5 |  .  .  .  . . . . . . 
     6 |  1  .  .  . . . . . . 
     7 |  1  .  .  . . . . . . 
     8 |  5  .  .  . . . . . 4 
     9 |  5  .  .  . . . . . 4 
    10 |  3  8  .  . . . . . 2 
    11 |  3  .  .  . . . . . 2 
    12 | 10 10 10 10 7 9 9 9 9 
    13 | 10 10 10 10 6 9 9 9 9 
    
    Boxes' corners:       (w,l)
        Box  1 is at 
            top left     (0,6)
            bottom right (0,7)
    
        Box  2 is at 
            top left     (8,10)
            bottom right (8,11)
    
        Box  3 is at 
            top left     (0,10)
            bottom right (0,11)
    
        Box  4 is at 
            top left     (8,8)
            bottom right (8,9)
    
        Box  5 is at 
            top left     (0,8)
            bottom right (0,9)
    
        Box  6 is at 
            top left     (4,13)
            bottom right (4,13)
    
        Box  7 is at 
            top left     (4,12)
            bottom right (4,12)
    
        Box  8 is at 
            top left     (1,10)
            bottom right (1,10)
    
        Box  9 is at 
            top left     (5,12)
            bottom right (8,13)
    
        Box 10 is at 
            top left     (0,12)
            bottom right (3,13)
    
        Roll length used: 14

    [1;34mTry max length:[0m 13
    [1;34m    At iteration:[0m 8
        lingeling found a solution in .619 ms

       | W
     L |  0  1  2  3 4 5 6 7 8 
    --------------------------
     0 |  .  .  .  . . . . . . 
     1 |  .  .  .  . . . . . . 
     2 |  .  .  .  . . . . . . 
     3 |  .  .  .  . . . . . . 
     4 |  .  .  .  . . . . . . 
     5 |  .  .  .  . . . . . 5 
     6 |  1  .  .  . . . . . 5 
     7 |  1  .  .  . . . . . 4 
     8 |  .  .  .  . . . . . 4 
     9 |  3  .  .  . . . . . 2 
    10 |  3  8  .  . . . . . 2 
    11 | 10 10 10 10 7 9 9 9 9 
    12 | 10 10 10 10 6 9 9 9 9 
    
    Boxes' corners:       (w,l)
        Box  1 is at 
            top left     (0,6)
            bottom right (0,7)
    
        Box  2 is at 
            top left     (8,9)
            bottom right (8,10)
    
        Box  3 is at 
            top left     (0,9)
            bottom right (0,10)
    
        Box  4 is at 
            top left     (8,7)
            bottom right (8,8)
    
        Box  5 is at 
            top left     (8,5)
            bottom right (8,6)
    
        Box  6 is at 
            top left     (4,12)
            bottom right (4,12)
    
        Box  7 is at 
            top left     (4,11)
            bottom right (4,11)
    
        Box  8 is at 
            top left     (1,10)
            bottom right (1,10)
    
        Box  9 is at 
            top left     (5,11)
            bottom right (8,12)
    
        Box 10 is at 
            top left     (0,11)
            bottom right (3,12)
    
        Roll length used: 13

    [1;34mTry max length:[0m 12
    [1;34m    At iteration:[0m 9
        lingeling found a solution in .455 ms

       | W
     L |  0  1  2  3 4 5 6 7 8 
    --------------------------
     0 |  .  .  .  . . . . . . 
     1 |  .  .  .  . . . . . . 
     2 |  .  .  .  . . . . . . 
     3 |  .  .  .  . . . . . . 
     4 |  .  .  .  . . . . . 5 
     5 |  1  .  .  . . . . 8 5 
     6 |  1  .  .  . . . . . 4 
     7 |  .  .  .  . . . . . 4 
     8 |  3  .  .  . . . . . 2 
     9 |  3  .  .  . . . . . 2 
    10 | 10 10 10 10 7 9 9 9 9 
    11 | 10 10 10 10 6 9 9 9 9 
    
    Boxes' corners:       (w,l)
        Box  1 is at 
            top left     (0,5)
            bottom right (0,6)
    
        Box  2 is at 
            top left     (8,8)
            bottom right (8,9)
    
        Box  3 is at 
            top left     (0,8)
            bottom right (0,9)
    
        Box  4 is at 
            top left     (8,6)
            bottom right (8,7)
    
        Box  5 is at 
            top left     (8,4)
            bottom right (8,5)
    
        Box  6 is at 
            top left     (4,11)
            bottom right (4,11)
    
        Box  7 is at 
            top left     (4,10)
            bottom right (4,10)
    
        Box  8 is at 
            top left     (7,5)
            bottom right (7,5)
    
        Box  9 is at 
            top left     (5,10)
            bottom right (8,11)
    
        Box 10 is at 
            top left     (0,10)
            bottom right (3,11)
    
        Roll length used: 12

    [1;34mTry max length:[0m 11
    [1;34m    At iteration:[0m 10
        lingeling found a solution in .477 ms

       | W
     L |  0  1  2  3 4 5 6 7 8 
    --------------------------
     0 |  .  .  .  . . . . . . 
     1 |  .  .  .  . . . . . . 
     2 |  1  .  .  . . . . . . 
     3 |  1  .  .  . . . . . . 
     4 |  5  .  .  . . . . . . 
     5 |  5  .  .  . . . . . 4 
     6 |  .  .  .  . . . . . 4 
     7 |  3  8  .  . . . . . 2 
     8 |  3  .  .  . . . . . 2 
     9 | 10 10 10 10 7 9 9 9 9 
    10 | 10 10 10 10 6 9 9 9 9 
    
    Boxes' corners:       (w,l)
        Box  1 is at 
            top left     (0,2)
            bottom right (0,3)
    
        Box  2 is at 
            top left     (8,7)
            bottom right (8,8)
    
        Box  3 is at 
            top left     (0,7)
            bottom right (0,8)
    
        Box  4 is at 
            top left     (8,5)
            bottom right (8,6)
    
        Box  5 is at 
            top left     (0,4)
            bottom right (0,5)
    
        Box  6 is at 
            top left     (4,10)
            bottom right (4,10)
    
        Box  7 is at 
            top left     (4,9)
            bottom right (4,9)
    
        Box  8 is at 
            top left     (1,7)
            bottom right (1,7)
    
        Box  9 is at 
            top left     (5,9)
            bottom right (8,10)
    
        Box 10 is at 
            top left     (0,9)
            bottom right (3,10)
    
        Roll length used: 11

    [1;34mTry max length:[0m 10
    [1;34m    At iteration:[0m 11
        lingeling found a solution in .331 ms

       | W
     L | 0 1 2 3 4 5 6  7  8 
    ------------------------
     0 | . 1 . . . . .  .  4 
     1 | . 1 . . . . .  .  4 
     2 | . . . . . . .  .  2 
     3 | . . . . . . .  .  2 
     4 | 5 . . . . . .  7  3 
     5 | 5 . . . . . .  .  3 
     6 | 9 9 . . . 6 . 10 10 
     7 | 9 9 . . . . . 10 10 
     8 | 9 9 . . . . . 10 10 
     9 | 9 9 . . . . 8 10 10 
    
    Boxes' corners:       (w,l)
        Box  1 is at 
            top left     (1,0)
            bottom right (1,1)
    
        Box  2 is at 
            top left     (8,2)
            bottom right (8,3)
    
        Box  3 is at 
            top left     (8,4)
            bottom right (8,5)
    
        Box  4 is at 
            top left     (8,0)
            bottom right (8,1)
    
        Box  5 is at 
            top left     (0,4)
            bottom right (0,5)
    
        Box  6 is at 
            top left     (5,6)
            bottom right (5,6)
    
        Box  7 is at 
            top left     (7,4)
            bottom right (7,4)
    
        Box  8 is at 
            top left     (6,9)
            bottom right (6,9)
    
        Box  9 is at 
            top left     (0,6)
            bottom right (1,9)
    
        Box 10 is at 
            top left     (7,6)
            bottom right (8,9)
    
        Roll length used: 10

    [1;34mTry max length:[0m 9
    [1;34m    At iteration:[0m 12
        lingeling found a solution in .382 ms

      | W
    L | 0 1 2 3 4 5 6  7  8 
    ------------------------
    0 | 4 . . . . . . 10 10 
    1 | 4 . . . . . 8 10 10 
    2 | . . . 1 . . . 10 10 
    3 | . . . 1 . . . 10 10 
    4 | . . . . . . .  .  . 
    5 | . . . . . . .  9  9 
    6 | 3 . . . . . 2  9  9 
    7 | 3 . . . . 5 2  9  9 
    8 | . . . . 7 5 6  9  9 
    
    Boxes' corners:       (w,l)
        Box  1 is at 
            top left     (3,2)
            bottom right (3,3)
    
        Box  2 is at 
            top left     (6,6)
            bottom right (6,7)
    
        Box  3 is at 
            top left     (0,6)
            bottom right (0,7)
    
        Box  4 is at 
            top left     (0,0)
            bottom right (0,1)
    
        Box  5 is at 
            top left     (5,7)
            bottom right (5,8)
    
        Box  6 is at 
            top left     (6,8)
            bottom right (6,8)
    
        Box  7 is at 
            top left     (4,8)
            bottom right (4,8)
    
        Box  8 is at 
            top left     (6,1)
            bottom right (6,1)
    
        Box  9 is at 
            top left     (7,5)
            bottom right (8,8)
    
        Box 10 is at 
            top left     (7,0)
            bottom right (8,3)
    
        Roll length used: 9

    [1;34mTry max length:[0m 8
    [1;34m    At iteration:[0m 13
        lingeling found a solution in .325 ms

      | W
    L | 0 1 2 3 4 5 6  7  8 
    ------------------------
    0 | 4 . . . 1 1 . 10 10 
    1 | 4 . . . . . . 10 10 
    2 | 3 . . . 2 . . 10 10 
    3 | 3 . . . 2 . . 10 10 
    4 | . . . . . . 6  9  9 
    5 | . . . . . . .  9  9 
    6 | 5 . . . . 8 .  9  9 
    7 | 5 . . . . . 7  9  9 
    
    Boxes' corners:       (w,l)
        Box  1 is at 
            top left     (4,0)
            bottom right (5,0)
    
        Box  2 is at 
            top left     (4,2)
            bottom right (4,3)
    
        Box  3 is at 
            top left     (0,2)
            bottom right (0,3)
    
        Box  4 is at 
            top left     (0,0)
            bottom right (0,1)
    
        Box  5 is at 
            top left     (0,6)
            bottom right (0,7)
    
        Box  6 is at 
            top left     (6,4)
            bottom right (6,4)
    
        Box  7 is at 
            top left     (6,7)
            bottom right (6,7)
    
        Box  8 is at 
            top left     (5,6)
            bottom right (5,6)
    
        Box  9 is at 
            top left     (7,4)
            bottom right (8,7)
    
        Box 10 is at 
            top left     (7,0)
            bottom right (8,3)
    
        Roll length used: 8

    [1;34mTry max length:[0m 7
    [1;34m    At iteration:[0m 14
        lingeling found a solution in .299 ms

      | W
    L |  0  1 2 3 4 5 6 7 8 
    ------------------------
    0 |  .  . 4 . 1 1 . 9 9 
    1 | 10 10 4 . . . . 9 9 
    2 | 10 10 . . . . . 9 9 
    3 | 10 10 . . . . . 9 9 
    4 | 10 10 . . . 7 . . 3 
    5 |  2  . . . . . 8 5 3 
    6 |  2  . . . . . 6 5 . 
    
    Boxes' corners:       (w,l)
        Box  1 is at 
            top left     (4,0)
            bottom right (5,0)
    
        Box  2 is at 
            top left     (0,5)
            bottom right (0,6)
    
        Box  3 is at 
            top left     (8,4)
            bottom right (8,5)
    
        Box  4 is at 
            top left     (2,0)
            bottom right (2,1)
    
        Box  5 is at 
            top left     (7,5)
            bottom right (7,6)
    
        Box  6 is at 
            top left     (6,6)
            bottom right (6,6)
    
        Box  7 is at 
            top left     (5,4)
            bottom right (5,4)
    
        Box  8 is at 
            top left     (6,5)
            bottom right (6,5)
    
        Box  9 is at 
            top left     (7,0)
            bottom right (8,3)
    
        Box 10 is at 
            top left     (0,1)
            bottom right (1,4)
    
        Roll length used: 7

    [1;34mTry max length:[0m 6
    [1;34m    At iteration:[0m 15
        lingeling found a solution in .252 ms

      | W
    L |  0  1 2 3 4 5 6 7 8 
    ------------------------
    0 |  1  1 . . . . . 6 2 
    1 | 10 10 . . . . . . 2 
    2 | 10 10 . . . . 8 9 9 
    3 | 10 10 . . . . . 9 9 
    4 | 10 10 . . 5 4 3 9 9 
    5 |  .  . 7 . 5 4 3 9 9 
    
    Boxes' corners:       (w,l)
        Box  1 is at 
            top left     (0,0)
            bottom right (1,0)
    
        Box  2 is at 
            top left     (8,0)
            bottom right (8,1)
    
        Box  3 is at 
            top left     (6,4)
            bottom right (6,5)
    
        Box  4 is at 
            top left     (5,4)
            bottom right (5,5)
    
        Box  5 is at 
            top left     (4,4)
            bottom right (4,5)
    
        Box  6 is at 
            top left     (7,0)
            bottom right (7,0)
    
        Box  7 is at 
            top left     (2,5)
            bottom right (2,5)
    
        Box  8 is at 
            top left     (6,2)
            bottom right (6,2)
    
        Box  9 is at 
            top left     (7,2)
            bottom right (8,5)
    
        Box 10 is at 
            top left     (0,1)
            bottom right (1,4)
    
        Roll length used: 6

    [1;34mTry max length:[0m 5
    [1;34m    At iteration:[0m 16
        lingeling found a solution in .204 ms

      | W
    L |  0  1 2 3 4 5 6 7 8 
    ------------------------
    0 | 10 10 1 1 5 . 4 . 7 
    1 | 10 10 . . 5 . 4 9 9 
    2 | 10 10 . . . . . 9 9 
    3 | 10 10 . . . 3 2 9 9 
    4 |  .  8 . . 6 3 2 9 9 
    
    Boxes' corners:       (w,l)
        Box  1 is at 
            top left     (2,0)
            bottom right (3,0)
    
        Box  2 is at 
            top left     (6,3)
            bottom right (6,4)
    
        Box  3 is at 
            top left     (5,3)
            bottom right (5,4)
    
        Box  4 is at 
            top left     (6,0)
            bottom right (6,1)
    
        Box  5 is at 
            top left     (4,0)
            bottom right (4,1)
    
        Box  6 is at 
            top left     (4,4)
            bottom right (4,4)
    
        Box  7 is at 
            top left     (8,0)
            bottom right (8,0)
    
        Box  8 is at 
            top left     (1,4)
            bottom right (1,4)
    
        Box  9 is at 
            top left     (7,1)
            bottom right (8,4)
    
        Box 10 is at 
            top left     (0,0)
            bottom right (1,3)
    
        Roll length used: 5

    [1;34mTry max length:[0m 4
    [1;34m    At iteration:[0m 17
        lingeling found a solution in .162 ms

      | W
    L |  0  1 2 3 4 5 6 7 8 
    ------------------------
    0 | 10 10 . 1 . . 4 9 9 
    1 | 10 10 . 1 . . 4 9 9 
    2 | 10 10 . 8 5 2 3 9 9 
    3 | 10 10 6 7 5 2 3 9 9 
    
    Boxes' corners:       (w,l)
        Box  1 is at 
            top left     (3,0)
            bottom right (3,1)
    
        Box  2 is at 
            top left     (5,2)
            bottom right (5,3)
    
        Box  3 is at 
            top left     (6,2)
            bottom right (6,3)
    
        Box  4 is at 
            top left     (6,0)
            bottom right (6,1)
    
        Box  5 is at 
            top left     (4,2)
            bottom right (4,3)
    
        Box  6 is at 
            top left     (2,3)
            bottom right (2,3)
    
        Box  7 is at 
            top left     (3,3)
            bottom right (3,3)
    
        Box  8 is at 
            top left     (3,2)
            bottom right (3,2)
    
        Box  9 is at 
            top left     (7,0)
            bottom right (8,3)
    
        Box 10 is at 
            top left     (0,0)
            bottom right (1,3)
    
        Roll length used: 4

    [1;34mTry max length:[0m 3
    [1;34m    At iteration:[0m 18
        [3;31mlingeling determined unsatisfiability of the Boolean formula[0m
        [1;32mOptimality reached![0m
