dt jun 5 19:34:27 CEST 2018
    [1;34mTry max length:[0m 999999
    [1;34m    At iteration:[0m 0
        lingeling found a solution in .010 ms

      | W
    L | 0 1 2 3 4 5 6 7 8 9 10 
    ----------------------------
    0 | 1 2 . . . . . . . .  . 
    1 | . . . . . . . . . .  . 
    
    Boxes' corners:      (w,l)
        Box 1 is at 
            top left     (0,0)
            bottom right (0,0)
    
        Box 2 is at 
            top left     (1,0)
            bottom right (1,0)
    
        Roll length used: 1

    [1;34mTry max length:[0m 0
    [1;34m    At iteration:[0m 1
        [3;31mlingeling determined unsatisfiability of the Boolean formula[0m
        [1;32mOptimality reached![0m
