dc jun 6 20:54:17 CEST 2018
    [1;34mTry max length:[0m 999999
    [1;34m    At iteration:[0m 0
        lingeling found a solution in .259 ms

       | W
     L | 0 1 2 3 4 5 6 7 8 9 
    -------------------------
     0 | . . . . 1 . . . 4 4 
     1 | . . . . . . . . . . 
     2 | . . . . . . . . . . 
     3 | . . . . . . . . . . 
     4 | . . . . . . . . . . 
     5 | . . . . . . . . . . 
     6 | . . . . . . . . . . 
     7 | . . . . . . . . . 5 
     8 | . . . . 2 2 2 . . 5 
     9 | . . . . 2 2 2 3 3 3 
    10 | . . . . . . . 3 3 3 
    
    Boxes' corners:      (w,l)
        Box 1 is at 
            top left     (4,0)
            bottom right (4,0)
    
        Box 2 is at 
            top left     (4,8)
            bottom right (6,9)
    
        Box 3 is at 
            top left     (7,9)
            bottom right (9,10)
    
        Box 4 is at 
            top left     (8,0)
            bottom right (9,0)
    
        Box 5 is at 
            top left     (9,7)
            bottom right (9,8)
    
        Roll length used: 11

    [1;34mTry max length:[0m 10
    [1;34m    At iteration:[0m 1
        lingeling found a solution in .304 ms

       | W
     L | 0 1 2 3 4 5 6 7 8 9 
    -------------------------
     0 | . . . . . . . . 4 4 
     1 | . . . 1 . . . . . . 
     2 | . . . . . . . . . . 
     3 | . . . . . . . . . . 
     4 | . . . . . . . . . . 
     5 | . . . . . . . . . 5 
     6 | . . . . . . 2 2 . 5 
     7 | . . . . . . 2 2 3 3 
     8 | . . . . . . 2 2 3 3 
     9 | . . . . . . . . 3 3 
    
    Boxes' corners:      (w,l)
        Box 1 is at 
            top left     (3,1)
            bottom right (3,1)
    
        Box 2 is at 
            top left     (6,6)
            bottom right (7,8)
    
        Box 3 is at 
            top left     (8,7)
            bottom right (9,9)
    
        Box 4 is at 
            top left     (8,0)
            bottom right (9,0)
    
        Box 5 is at 
            top left     (9,5)
            bottom right (9,6)
    
        Roll length used: 10

    [1;34mTry max length:[0m 9
    [1;34m    At iteration:[0m 2
        lingeling found a solution in .265 ms

      | W
    L | 0 1 2 3 4 5 6 7 8 9 
    -------------------------
    0 | . . . . . . . . . . 
    1 | . . . . . . . . . . 
    2 | . . . . . . . . . . 
    3 | . . . . . . . . . . 
    4 | . 1 . . . . . . . . 
    5 | . . . . . . 2 2 . . 
    6 | . . . . . . 2 2 3 3 
    7 | 5 . . . . . 2 2 3 3 
    8 | 5 . . . . . 4 4 3 3 
    
    Boxes' corners:      (w,l)
        Box 1 is at 
            top left     (1,4)
            bottom right (1,4)
    
        Box 2 is at 
            top left     (6,5)
            bottom right (7,7)
    
        Box 3 is at 
            top left     (8,6)
            bottom right (9,8)
    
        Box 4 is at 
            top left     (6,8)
            bottom right (7,8)
    
        Box 5 is at 
            top left     (0,7)
            bottom right (0,8)
    
        Roll length used: 9

    [1;34mTry max length:[0m 8
    [1;34m    At iteration:[0m 3
        lingeling found a solution in .230 ms

      | W
    L | 0 1 2 3 4 5 6 7 8 9 
    -------------------------
    0 | . . 1 . . 5 5 . . . 
    1 | . . . . . . . . . . 
    2 | . . . . . . . . . . 
    3 | . . . . . . . . . 4 
    4 | . . . . . . 2 2 . 4 
    5 | . . . . . . 2 2 3 3 
    6 | . . . . . . 2 2 3 3 
    7 | . . . . . . . . 3 3 
    
    Boxes' corners:      (w,l)
        Box 1 is at 
            top left     (2,0)
            bottom right (2,0)
    
        Box 2 is at 
            top left     (6,4)
            bottom right (7,6)
    
        Box 3 is at 
            top left     (8,5)
            bottom right (9,7)
    
        Box 4 is at 
            top left     (9,3)
            bottom right (9,4)
    
        Box 5 is at 
            top left     (5,0)
            bottom right (6,0)
    
        Roll length used: 8

    [1;34mTry max length:[0m 7
    [1;34m    At iteration:[0m 4
        lingeling found a solution in .195 ms

      | W
    L | 0 1 2 3 4 5 6 7 8 9 
    -------------------------
    0 | . . . . . . . . . . 
    1 | . . . . . . . . . . 
    2 | . . . . . . . . . . 
    3 | 1 . . . . . 2 2 . . 
    4 | . . . . . . 2 2 3 3 
    5 | 5 . . . . . 2 2 3 3 
    6 | 5 . . . . . 4 4 3 3 
    
    Boxes' corners:      (w,l)
        Box 1 is at 
            top left     (0,3)
            bottom right (0,3)
    
        Box 2 is at 
            top left     (6,3)
            bottom right (7,5)
    
        Box 3 is at 
            top left     (8,4)
            bottom right (9,6)
    
        Box 4 is at 
            top left     (6,6)
            bottom right (7,6)
    
        Box 5 is at 
            top left     (0,5)
            bottom right (0,6)
    
        Roll length used: 7

    [1;34mTry max length:[0m 6
    [1;34m    At iteration:[0m 5
        lingeling found a solution in .169 ms

      | W
    L | 0 1 2 3 4 5 6 7 8 9 
    -------------------------
    0 | . . 1 . . . . . . . 
    1 | . . . . . . . . . . 
    2 | . . . . . . 2 2 . . 
    3 | . . . . . . 2 2 3 3 
    4 | 5 . . . . . 2 2 3 3 
    5 | 5 . . . . . 4 4 3 3 
    
    Boxes' corners:      (w,l)
        Box 1 is at 
            top left     (2,0)
            bottom right (2,0)
    
        Box 2 is at 
            top left     (6,2)
            bottom right (7,4)
    
        Box 3 is at 
            top left     (8,3)
            bottom right (9,5)
    
        Box 4 is at 
            top left     (6,5)
            bottom right (7,5)
    
        Box 5 is at 
            top left     (0,4)
            bottom right (0,5)
    
        Roll length used: 6

    [1;34mTry max length:[0m 5
    [1;34m    At iteration:[0m 6
        lingeling found a solution in .111 ms

      | W
    L | 0 1 2 3 4 5 6 7 8 9 
    -------------------------
    0 | . . 1 . . . . . . 4 
    1 | . . . . . . 2 2 . 4 
    2 | . . . . . . 2 2 3 3 
    3 | 5 . . . . . 2 2 3 3 
    4 | 5 . . . . . . . 3 3 
    
    Boxes' corners:      (w,l)
        Box 1 is at 
            top left     (2,0)
            bottom right (2,0)
    
        Box 2 is at 
            top left     (6,1)
            bottom right (7,3)
    
        Box 3 is at 
            top left     (8,2)
            bottom right (9,4)
    
        Box 4 is at 
            top left     (9,0)
            bottom right (9,1)
    
        Box 5 is at 
            top left     (0,3)
            bottom right (0,4)
    
        Roll length used: 5

    [1;34mTry max length:[0m 4
    [1;34m    At iteration:[0m 7
        lingeling found a solution in .093 ms

      | W
    L | 0 1 2 3 4 5 6 7 8 9 
    -------------------------
    0 | . . . . . . . . . . 
    1 | . 1 . . . . 2 2 3 3 
    2 | 5 . . . . 4 2 2 3 3 
    3 | 5 . . . . 4 2 2 3 3 
    
    Boxes' corners:      (w,l)
        Box 1 is at 
            top left     (1,1)
            bottom right (1,1)
    
        Box 2 is at 
            top left     (6,1)
            bottom right (7,3)
    
        Box 3 is at 
            top left     (8,1)
            bottom right (9,3)
    
        Box 4 is at 
            top left     (5,2)
            bottom right (5,3)
    
        Box 5 is at 
            top left     (0,2)
            bottom right (0,3)
    
        Roll length used: 4

    [1;34mTry max length:[0m 3
    [1;34m    At iteration:[0m 8
        lingeling found a solution in .063 ms

      | W
    L | 0 1 2 3 4 5 6 7 8 9 
    -------------------------
    0 | 3 3 . . 1 . 5 4 2 2 
    1 | 3 3 . . . . 5 4 2 2 
    2 | 3 3 . . . . . . 2 2 
    
    Boxes' corners:      (w,l)
        Box 1 is at 
            top left     (4,0)
            bottom right (4,0)
    
        Box 2 is at 
            top left     (8,0)
            bottom right (9,2)
    
        Box 3 is at 
            top left     (0,0)
            bottom right (1,2)
    
        Box 4 is at 
            top left     (7,0)
            bottom right (7,1)
    
        Box 5 is at 
            top left     (6,0)
            bottom right (6,1)
    
        Roll length used: 3

    [1;34mTry max length:[0m 2
    [1;34m    At iteration:[0m 9
        lingeling found a solution in .030 ms

      | W
    L | 0 1 2 3 4 5 6 7 8 9 
    -------------------------
    0 | 2 2 2 . 1 5 5 3 3 3 
    1 | 2 2 2 4 4 . . 3 3 3 
    
    Boxes' corners:      (w,l)
        Box 1 is at 
            top left     (4,0)
            bottom right (4,0)
    
        Box 2 is at 
            top left     (0,0)
            bottom right (2,1)
    
        Box 3 is at 
            top left     (7,0)
            bottom right (9,1)
    
        Box 4 is at 
            top left     (3,1)
            bottom right (4,1)
    
        Box 5 is at 
            top left     (5,0)
            bottom right (6,0)
    
        Roll length used: 2

    [1;34mTry max length:[0m 1
    [1;34m    At iteration:[0m 10
        [3;31mlingeling determined unsatisfiability of the Boolean formula[0m
        [1;32mOptimality reached![0m
