dc jun 6 20:33:34 CEST 2018
    [1;34mTry max length:[0m 999999
    [1;34m    At iteration:[0m 0
        lingeling found a solution in .680 ms

       | W
     L |  0  1  2  3 
    ----------------
     0 |  .  7  7  7 
     1 |  .  8  8  8 
     2 |  .  .  .  . 
     3 |  .  1  .  . 
     4 |  .  .  .  . 
     5 |  .  .  .  5 
     6 |  .  .  .  5 
     7 |  .  .  .  . 
     8 |  .  .  .  . 
     9 |  .  .  .  . 
    10 |  .  .  .  . 
    11 |  .  .  .  . 
    12 |  .  .  .  . 
    13 |  .  .  .  . 
    14 |  .  .  .  . 
    15 |  .  .  .  . 
    16 |  .  .  .  6 
    17 |  .  .  .  6 
    18 |  .  .  .  . 
    19 |  .  .  .  . 
    20 |  .  .  .  . 
    21 |  .  .  .  . 
    22 |  .  .  .  . 
    23 |  .  .  .  . 
    24 | 10 10 10  . 
    25 |  .  9  9  9 
    26 |  . 11 11 11 
    27 |  .  .  .  . 
    28 |  .  .  .  . 
    29 |  .  4  3  2 
    30 | 13 13 12 12 
    31 | 13 13 12 12 
    32 | 13 13 12 12 
    33 | 13 13 12 12 
    34 | 13 13 12 12 
    35 | 13 13 12 12 
    36 | 13 13 12 12 
    
    Boxes' corners:       (w,l)
        Box  1 is at 
            top left     (1,3)
            bottom right (1,3)
    
        Box  2 is at 
            top left     (3,29)
            bottom right (3,29)
    
        Box  3 is at 
            top left     (2,29)
            bottom right (2,29)
    
        Box  4 is at 
            top left     (1,29)
            bottom right (1,29)
    
        Box  5 is at 
            top left     (3,5)
            bottom right (3,6)
    
        Box  6 is at 
            top left     (3,16)
            bottom right (3,17)
    
        Box  7 is at 
            top left     (1,0)
            bottom right (3,0)
    
        Box  8 is at 
            top left     (1,1)
            bottom right (3,1)
    
        Box  9 is at 
            top left     (1,25)
            bottom right (3,25)
    
        Box 10 is at 
            top left     (0,24)
            bottom right (2,24)
    
        Box 11 is at 
            top left     (1,26)
            bottom right (3,26)
    
        Box 12 is at 
            top left     (2,30)
            bottom right (3,36)
    
        Box 13 is at 
            top left     (0,30)
            bottom right (1,36)
    
        Roll length used: 37

    [1;34mTry max length:[0m 36
    [1;34m    At iteration:[0m 1
        lingeling found a solution in .649 ms

       | W
     L |  0  1  2  3 
    ----------------
     0 |  . 11 11 11 
     1 |  9  9  9  . 
     2 |  . 10 10 10 
     3 |  .  8  8  8 
     4 |  .  .  .  . 
     5 |  .  .  .  . 
     6 |  .  .  .  6 
     7 |  .  .  .  6 
     8 |  .  7  7  7 
     9 |  .  .  .  . 
    10 |  .  .  .  . 
    11 |  .  .  .  . 
    12 |  .  .  .  . 
    13 |  .  .  .  . 
    14 |  .  .  .  . 
    15 |  .  .  .  . 
    16 |  .  .  .  5 
    17 |  .  1  .  5 
    18 |  .  .  .  . 
    19 |  .  .  .  . 
    20 |  .  .  .  . 
    21 |  .  .  .  . 
    22 |  .  .  .  . 
    23 |  .  .  .  . 
    24 |  .  .  .  . 
    25 |  .  .  .  . 
    26 |  .  .  .  . 
    27 |  .  .  .  . 
    28 |  .  4  3  2 
    29 | 13 13 12 12 
    30 | 13 13 12 12 
    31 | 13 13 12 12 
    32 | 13 13 12 12 
    33 | 13 13 12 12 
    34 | 13 13 12 12 
    35 | 13 13 12 12 
    
    Boxes' corners:       (w,l)
        Box  1 is at 
            top left     (1,17)
            bottom right (1,17)
    
        Box  2 is at 
            top left     (3,28)
            bottom right (3,28)
    
        Box  3 is at 
            top left     (2,28)
            bottom right (2,28)
    
        Box  4 is at 
            top left     (1,28)
            bottom right (1,28)
    
        Box  5 is at 
            top left     (3,16)
            bottom right (3,17)
    
        Box  6 is at 
            top left     (3,6)
            bottom right (3,7)
    
        Box  7 is at 
            top left     (1,8)
            bottom right (3,8)
    
        Box  8 is at 
            top left     (1,3)
            bottom right (3,3)
    
        Box  9 is at 
            top left     (0,1)
            bottom right (2,1)
    
        Box 10 is at 
            top left     (1,2)
            bottom right (3,2)
    
        Box 11 is at 
            top left     (1,0)
            bottom right (3,0)
    
        Box 12 is at 
            top left     (2,29)
            bottom right (3,35)
    
        Box 13 is at 
            top left     (0,29)
            bottom right (1,35)
    
        Roll length used: 36

    [1;34mTry max length:[0m 35
    [1;34m    At iteration:[0m 2
        lingeling found a solution in .605 ms

       | W
     L |  0  1  2  3 
    ----------------
     0 |  7  7  7  . 
     1 |  9  9  9  . 
     2 |  .  8  8  8 
     3 |  .  .  .  . 
     4 |  .  .  .  . 
     5 |  .  .  .  . 
     6 |  .  .  .  . 
     7 |  .  .  .  . 
     8 |  .  .  .  . 
     9 |  .  1  .  . 
    10 |  .  .  .  . 
    11 |  .  .  .  . 
    12 |  .  .  .  . 
    13 |  .  .  .  . 
    14 |  .  .  .  . 
    15 |  . 11 11 11 
    16 |  .  .  .  . 
    17 | 10 10 10  . 
    18 |  .  . 13 13 
    19 |  .  . 13 13 
    20 |  .  . 13 13 
    21 |  .  . 13 13 
    22 |  .  . 13 13 
    23 |  .  . 13 13 
    24 |  .  . 13 13 
    25 |  .  .  .  . 
    26 |  .  .  .  . 
    27 |  .  .  .  . 
    28 | 12 12  .  6 
    29 | 12 12  .  6 
    30 | 12 12  .  . 
    31 | 12 12  .  5 
    32 | 12 12  .  5 
    33 | 12 12  .  4 
    34 | 12 12  3  2 
    
    Boxes' corners:       (w,l)
        Box  1 is at 
            top left     (1,9)
            bottom right (1,9)
    
        Box  2 is at 
            top left     (3,34)
            bottom right (3,34)
    
        Box  3 is at 
            top left     (2,34)
            bottom right (2,34)
    
        Box  4 is at 
            top left     (3,33)
            bottom right (3,33)
    
        Box  5 is at 
            top left     (3,31)
            bottom right (3,32)
    
        Box  6 is at 
            top left     (3,28)
            bottom right (3,29)
    
        Box  7 is at 
            top left     (0,0)
            bottom right (2,0)
    
        Box  8 is at 
            top left     (1,2)
            bottom right (3,2)
    
        Box  9 is at 
            top left     (0,1)
            bottom right (2,1)
    
        Box 10 is at 
            top left     (0,17)
            bottom right (2,17)
    
        Box 11 is at 
            top left     (1,15)
            bottom right (3,15)
    
        Box 12 is at 
            top left     (0,28)
            bottom right (1,34)
    
        Box 13 is at 
            top left     (2,18)
            bottom right (3,24)
    
        Roll length used: 35

    [1;34mTry max length:[0m 34
    [1;34m    At iteration:[0m 3
        lingeling found a solution in .594 ms

       | W
     L |  0  1  2  3 
    ----------------
     0 |  8  8  8  . 
     1 | 10 10 10  . 
     2 |  .  9  9  9 
     3 |  1  .  .  . 
     4 |  .  .  .  . 
     5 |  .  .  .  5 
     6 |  .  .  .  5 
     7 |  .  .  .  . 
     8 |  .  .  .  . 
     9 |  .  .  .  . 
    10 |  .  .  .  . 
    11 |  .  .  .  . 
    12 |  .  .  .  . 
    13 |  .  .  .  . 
    14 |  .  .  .  . 
    15 |  .  .  .  . 
    16 |  .  .  .  . 
    17 |  .  .  .  . 
    18 |  . 11 11 11 
    19 |  .  .  6  . 
    20 |  .  .  6  . 
    21 |  .  7  7  7 
    22 |  .  .  .  . 
    23 |  .  .  .  . 
    24 |  .  .  .  . 
    25 | 12 12  .  . 
    26 | 12 12  .  . 
    27 | 12 12 13 13 
    28 | 12 12 13 13 
    29 | 12 12 13 13 
    30 | 12 12 13 13 
    31 | 12 12 13 13 
    32 |  .  4 13 13 
    33 |  3  2 13 13 
    
    Boxes' corners:       (w,l)
        Box  1 is at 
            top left     (0,3)
            bottom right (0,3)
    
        Box  2 is at 
            top left     (1,33)
            bottom right (1,33)
    
        Box  3 is at 
            top left     (0,33)
            bottom right (0,33)
    
        Box  4 is at 
            top left     (1,32)
            bottom right (1,32)
    
        Box  5 is at 
            top left     (3,5)
            bottom right (3,6)
    
        Box  6 is at 
            top left     (2,19)
            bottom right (2,20)
    
        Box  7 is at 
            top left     (1,21)
            bottom right (3,21)
    
        Box  8 is at 
            top left     (0,0)
            bottom right (2,0)
    
        Box  9 is at 
            top left     (1,2)
            bottom right (3,2)
    
        Box 10 is at 
            top left     (0,1)
            bottom right (2,1)
    
        Box 11 is at 
            top left     (1,18)
            bottom right (3,18)
    
        Box 12 is at 
            top left     (0,25)
            bottom right (1,31)
    
        Box 13 is at 
            top left     (2,27)
            bottom right (3,33)
    
        Roll length used: 34

    [1;34mTry max length:[0m 33
    [1;34m    At iteration:[0m 4
        lingeling found a solution in .574 ms

       | W
     L |  0  1  2  3 
    ----------------
     0 | 10 10 10  . 
     1 |  9  9  9  . 
     2 |  .  .  .  . 
     3 |  .  8  8  8 
     4 |  .  .  .  . 
     5 |  .  .  .  . 
     6 |  .  .  .  . 
     7 |  .  .  .  . 
     8 |  .  .  .  . 
     9 |  .  . 13 13 
    10 |  .  . 13 13 
    11 |  .  . 13 13 
    12 |  .  . 13 13 
    13 |  .  . 13 13 
    14 |  .  . 13 13 
    15 |  .  . 13 13 
    16 |  .  1  .  6 
    17 |  . 12 12  6 
    18 |  . 12 12  . 
    19 |  . 12 12  . 
    20 |  . 12 12  . 
    21 |  . 12 12  . 
    22 |  . 12 12  5 
    23 |  . 12 12  5 
    24 |  .  .  .  . 
    25 |  .  .  .  . 
    26 |  .  .  .  . 
    27 |  .  .  .  . 
    28 |  .  .  .  . 
    29 |  .  .  .  . 
    30 |  7  7  7  . 
    31 |  4  3  .  2 
    32 | 11 11 11  . 
    
    Boxes' corners:       (w,l)
        Box  1 is at 
            top left     (1,16)
            bottom right (1,16)
    
        Box  2 is at 
            top left     (3,31)
            bottom right (3,31)
    
        Box  3 is at 
            top left     (1,31)
            bottom right (1,31)
    
        Box  4 is at 
            top left     (0,31)
            bottom right (0,31)
    
        Box  5 is at 
            top left     (3,22)
            bottom right (3,23)
    
        Box  6 is at 
            top left     (3,16)
            bottom right (3,17)
    
        Box  7 is at 
            top left     (0,30)
            bottom right (2,30)
    
        Box  8 is at 
            top left     (1,3)
            bottom right (3,3)
    
        Box  9 is at 
            top left     (0,1)
            bottom right (2,1)
    
        Box 10 is at 
            top left     (0,0)
            bottom right (2,0)
    
        Box 11 is at 
            top left     (0,32)
            bottom right (2,32)
    
        Box 12 is at 
            top left     (1,17)
            bottom right (2,23)
    
        Box 13 is at 
            top left     (2,9)
            bottom right (3,15)
    
        Roll length used: 33

    [1;34mTry max length:[0m 32
    [1;34m    At iteration:[0m 5
        lingeling found a solution in .586 ms

       | W
     L |  0  1  2  3 
    ----------------
     0 |  .  .  .  . 
     1 |  .  8  8  8 
     2 |  9  9  9  . 
     3 |  .  .  .  . 
     4 |  .  .  .  . 
     5 |  .  .  .  . 
     6 |  .  .  .  . 
     7 |  .  .  .  . 
     8 |  .  .  .  . 
     9 |  .  .  .  . 
    10 |  .  .  .  . 
    11 |  .  .  .  . 
    12 |  .  1  .  . 
    13 | 13 13 12 12 
    14 | 13 13 12 12 
    15 | 13 13 12 12 
    16 | 13 13 12 12 
    17 | 13 13 12 12 
    18 | 13 13 12 12 
    19 | 13 13 12 12 
    20 | 10 10 10  . 
    21 |  .  .  .  . 
    22 |  6  .  .  . 
    23 |  6  .  .  . 
    24 | 11 11 11  . 
    25 |  .  .  .  . 
    26 |  .  .  .  . 
    27 |  .  .  .  . 
    28 |  .  .  .  . 
    29 |  4  7  7  7 
    30 |  3  .  .  . 
    31 |  5  5  .  2 
    
    Boxes' corners:       (w,l)
        Box  1 is at 
            top left     (1,12)
            bottom right (1,12)
    
        Box  2 is at 
            top left     (3,31)
            bottom right (3,31)
    
        Box  3 is at 
            top left     (0,30)
            bottom right (0,30)
    
        Box  4 is at 
            top left     (0,29)
            bottom right (0,29)
    
        Box  5 is at 
            top left     (0,31)
            bottom right (1,31)
    
        Box  6 is at 
            top left     (0,22)
            bottom right (0,23)
    
        Box  7 is at 
            top left     (1,29)
            bottom right (3,29)
    
        Box  8 is at 
            top left     (1,1)
            bottom right (3,1)
    
        Box  9 is at 
            top left     (0,2)
            bottom right (2,2)
    
        Box 10 is at 
            top left     (0,20)
            bottom right (2,20)
    
        Box 11 is at 
            top left     (0,24)
            bottom right (2,24)
    
        Box 12 is at 
            top left     (2,13)
            bottom right (3,19)
    
        Box 13 is at 
            top left     (0,13)
            bottom right (1,19)
    
        Roll length used: 32

    [1;34mTry max length:[0m 31
    [1;34m    At iteration:[0m 6
        lingeling found a solution in .596 ms

       | W
     L |  0  1  2  3 
    ----------------
     0 |  .  . 12 12 
     1 |  .  . 12 12 
     2 |  .  . 12 12 
     3 |  .  . 12 12 
     4 |  .  . 12 12 
     5 |  .  . 12 12 
     6 |  1  . 12 12 
     7 |  .  9  9  9 
     8 |  .  .  .  . 
     9 |  .  .  .  . 
    10 | 11 11 11  . 
    11 |  .  .  .  . 
    12 |  .  .  .  . 
    13 |  .  .  .  . 
    14 |  .  .  .  . 
    15 |  .  .  .  . 
    16 |  . 13 13  . 
    17 |  . 13 13  . 
    18 |  . 13 13  . 
    19 |  . 13 13  . 
    20 |  . 13 13  . 
    21 |  . 13 13  . 
    22 |  . 13 13  . 
    23 | 10 10 10  . 
    24 |  .  .  .  . 
    25 |  6  .  .  . 
    26 |  6  .  .  . 
    27 |  5  .  .  . 
    28 |  5  4  .  3 
    29 |  7  7  7  2 
    30 |  .  8  8  8 
    
    Boxes' corners:       (w,l)
        Box  1 is at 
            top left     (0,6)
            bottom right (0,6)
    
        Box  2 is at 
            top left     (3,29)
            bottom right (3,29)
    
        Box  3 is at 
            top left     (3,28)
            bottom right (3,28)
    
        Box  4 is at 
            top left     (1,28)
            bottom right (1,28)
    
        Box  5 is at 
            top left     (0,27)
            bottom right (0,28)
    
        Box  6 is at 
            top left     (0,25)
            bottom right (0,26)
    
        Box  7 is at 
            top left     (0,29)
            bottom right (2,29)
    
        Box  8 is at 
            top left     (1,30)
            bottom right (3,30)
    
        Box  9 is at 
            top left     (1,7)
            bottom right (3,7)
    
        Box 10 is at 
            top left     (0,23)
            bottom right (2,23)
    
        Box 11 is at 
            top left     (0,10)
            bottom right (2,10)
    
        Box 12 is at 
            top left     (2,0)
            bottom right (3,6)
    
        Box 13 is at 
            top left     (1,16)
            bottom right (2,22)
    
        Roll length used: 31

    [1;34mTry max length:[0m 30
    [1;34m    At iteration:[0m 7
        lingeling found a solution in .538 ms

       | W
     L | 0  1  2  3 
    ---------------
     0 | .  9  9  9 
     1 | . 10 10 10 
     2 | .  . 12 12 
     3 | .  . 12 12 
     4 | .  . 12 12 
     5 | .  . 12 12 
     6 | .  . 12 12 
     7 | .  . 12 12 
     8 | .  . 12 12 
     9 | .  5  5  . 
    10 | .  .  .  . 
    11 | .  .  .  . 
    12 | .  .  .  . 
    13 | .  1  .  . 
    14 | .  .  .  . 
    15 | .  .  .  . 
    16 | .  .  .  . 
    17 | .  .  .  . 
    18 | 7  7  7  . 
    19 | .  .  .  . 
    20 | .  . 13 13 
    21 | .  . 13 13 
    22 | .  . 13 13 
    23 | .  . 13 13 
    24 | .  . 13 13 
    25 | .  . 13 13 
    26 | 6  . 13 13 
    27 | 6  .  .  4 
    28 | 3 11 11 11 
    29 | 2  8  8  8 
    
    Boxes' corners:       (w,l)
        Box  1 is at 
            top left     (1,13)
            bottom right (1,13)
    
        Box  2 is at 
            top left     (0,29)
            bottom right (0,29)
    
        Box  3 is at 
            top left     (0,28)
            bottom right (0,28)
    
        Box  4 is at 
            top left     (3,27)
            bottom right (3,27)
    
        Box  5 is at 
            top left     (1,9)
            bottom right (2,9)
    
        Box  6 is at 
            top left     (0,26)
            bottom right (0,27)
    
        Box  7 is at 
            top left     (0,18)
            bottom right (2,18)
    
        Box  8 is at 
            top left     (1,29)
            bottom right (3,29)
    
        Box  9 is at 
            top left     (1,0)
            bottom right (3,0)
    
        Box 10 is at 
            top left     (1,1)
            bottom right (3,1)
    
        Box 11 is at 
            top left     (1,28)
            bottom right (3,28)
    
        Box 12 is at 
            top left     (2,2)
            bottom right (3,8)
    
        Box 13 is at 
            top left     (2,20)
            bottom right (3,26)
    
        Roll length used: 30

    [1;34mTry max length:[0m 29
    [1;34m    At iteration:[0m 8
        lingeling found a solution in .506 ms

       | W
     L | 0  1  2  3 
    ---------------
     0 | .  . 12 12 
     1 | .  5 12 12 
     2 | .  5 12 12 
     3 | .  . 12 12 
     4 | .  . 12 12 
     5 | .  . 12 12 
     6 | .  . 12 12 
     7 | .  .  .  . 
     8 | .  .  .  . 
     9 | .  .  .  . 
    10 | .  .  .  . 
    11 | .  .  .  . 
    12 | .  .  6  . 
    13 | .  .  6  . 
    14 | 1 11 11 11 
    15 | . 10 10 10 
    16 | .  . 13 13 
    17 | .  . 13 13 
    18 | .  . 13 13 
    19 | .  . 13 13 
    20 | .  . 13 13 
    21 | .  . 13 13 
    22 | .  . 13 13 
    23 | .  .  .  . 
    24 | .  .  .  . 
    25 | .  .  .  . 
    26 | 7  7  7  4 
    27 | 8  8  8  3 
    28 | 9  9  9  2 
    
    Boxes' corners:       (w,l)
        Box  1 is at 
            top left     (0,14)
            bottom right (0,14)
    
        Box  2 is at 
            top left     (3,28)
            bottom right (3,28)
    
        Box  3 is at 
            top left     (3,27)
            bottom right (3,27)
    
        Box  4 is at 
            top left     (3,26)
            bottom right (3,26)
    
        Box  5 is at 
            top left     (1,1)
            bottom right (1,2)
    
        Box  6 is at 
            top left     (2,12)
            bottom right (2,13)
    
        Box  7 is at 
            top left     (0,26)
            bottom right (2,26)
    
        Box  8 is at 
            top left     (0,27)
            bottom right (2,27)
    
        Box  9 is at 
            top left     (0,28)
            bottom right (2,28)
    
        Box 10 is at 
            top left     (1,15)
            bottom right (3,15)
    
        Box 11 is at 
            top left     (1,14)
            bottom right (3,14)
    
        Box 12 is at 
            top left     (2,0)
            bottom right (3,6)
    
        Box 13 is at 
            top left     (2,16)
            bottom right (3,22)
    
        Roll length used: 29

    [1;34mTry max length:[0m 28
    [1;34m    At iteration:[0m 9
        lingeling found a solution in .496 ms

       | W
     L |  0  1  2  3 
    ----------------
     0 |  .  . 12 12 
     1 |  .  . 12 12 
     2 |  .  . 12 12 
     3 |  .  . 12 12 
     4 |  .  . 12 12 
     5 |  .  . 12 12 
     6 |  .  . 12 12 
     7 |  .  .  .  . 
     8 |  .  .  .  . 
     9 |  .  .  .  . 
    10 |  .  .  .  . 
    11 |  1  .  .  . 
    12 |  .  .  .  . 
    13 |  .  .  .  . 
    14 |  .  .  .  . 
    15 |  .  .  .  . 
    16 | 11 11 11  . 
    17 | 10 10 10  . 
    18 |  9  9  9  . 
    19 |  8  8  8  . 
    20 |  7  7  7  . 
    21 |  .  . 13 13 
    22 |  .  . 13 13 
    23 |  .  . 13 13 
    24 |  6  . 13 13 
    25 |  6  4 13 13 
    26 |  5  3 13 13 
    27 |  5  2 13 13 
    
    Boxes' corners:       (w,l)
        Box  1 is at 
            top left     (0,11)
            bottom right (0,11)
    
        Box  2 is at 
            top left     (1,27)
            bottom right (1,27)
    
        Box  3 is at 
            top left     (1,26)
            bottom right (1,26)
    
        Box  4 is at 
            top left     (1,25)
            bottom right (1,25)
    
        Box  5 is at 
            top left     (0,26)
            bottom right (0,27)
    
        Box  6 is at 
            top left     (0,24)
            bottom right (0,25)
    
        Box  7 is at 
            top left     (0,20)
            bottom right (2,20)
    
        Box  8 is at 
            top left     (0,19)
            bottom right (2,19)
    
        Box  9 is at 
            top left     (0,18)
            bottom right (2,18)
    
        Box 10 is at 
            top left     (0,17)
            bottom right (2,17)
    
        Box 11 is at 
            top left     (0,16)
            bottom right (2,16)
    
        Box 12 is at 
            top left     (2,0)
            bottom right (3,6)
    
        Box 13 is at 
            top left     (2,21)
            bottom right (3,27)
    
        Roll length used: 28

    [1;34mTry max length:[0m 27
    [1;34m    At iteration:[0m 10
        lingeling found a solution in .459 ms

       | W
     L |  0  1  2  3 
    ----------------
     0 |  8  8  8  . 
     1 |  7  7  7  . 
     2 |  .  .  .  . 
     3 |  .  .  .  . 
     4 |  .  .  .  . 
     5 |  .  .  .  . 
     6 |  .  .  .  . 
     7 |  .  .  .  . 
     8 |  .  .  .  . 
     9 |  .  1  .  . 
    10 |  .  .  .  . 
    11 |  .  .  .  . 
    12 |  .  .  .  . 
    13 |  .  .  .  4 
    14 |  . 11 11 11 
    15 |  .  .  .  . 
    16 |  .  5  6  . 
    17 |  .  5  6  . 
    18 | 10 10 10  3 
    19 |  9  9  9  2 
    20 | 13 13 12 12 
    21 | 13 13 12 12 
    22 | 13 13 12 12 
    23 | 13 13 12 12 
    24 | 13 13 12 12 
    25 | 13 13 12 12 
    26 | 13 13 12 12 
    
    Boxes' corners:       (w,l)
        Box  1 is at 
            top left     (1,9)
            bottom right (1,9)
    
        Box  2 is at 
            top left     (3,19)
            bottom right (3,19)
    
        Box  3 is at 
            top left     (3,18)
            bottom right (3,18)
    
        Box  4 is at 
            top left     (3,13)
            bottom right (3,13)
    
        Box  5 is at 
            top left     (1,16)
            bottom right (1,17)
    
        Box  6 is at 
            top left     (2,16)
            bottom right (2,17)
    
        Box  7 is at 
            top left     (0,1)
            bottom right (2,1)
    
        Box  8 is at 
            top left     (0,0)
            bottom right (2,0)
    
        Box  9 is at 
            top left     (0,19)
            bottom right (2,19)
    
        Box 10 is at 
            top left     (0,18)
            bottom right (2,18)
    
        Box 11 is at 
            top left     (1,14)
            bottom right (3,14)
    
        Box 12 is at 
            top left     (2,20)
            bottom right (3,26)
    
        Box 13 is at 
            top left     (0,20)
            bottom right (1,26)
    
        Roll length used: 27

    [1;34mTry max length:[0m 26
    [1;34m    At iteration:[0m 11
        lingeling found a solution in .440 ms

       | W
     L |  0  1  2  3 
    ----------------
     0 |  8  8  8  . 
     1 |  .  7  7  7 
     2 |  .  .  .  . 
     3 |  .  .  .  . 
     4 |  .  .  .  . 
     5 |  .  .  .  . 
     6 |  .  .  .  . 
     7 |  .  .  .  . 
     8 |  1  .  .  . 
     9 |  .  .  .  . 
    10 |  .  .  .  . 
    11 |  .  .  .  . 
    12 |  .  .  .  . 
    13 | 11 11 11  . 
    14 |  .  .  .  . 
    15 |  . 10 10 10 
    16 |  3  6  5  . 
    17 |  .  6  5  4 
    18 |  9  9  9  2 
    19 | 13 13 12 12 
    20 | 13 13 12 12 
    21 | 13 13 12 12 
    22 | 13 13 12 12 
    23 | 13 13 12 12 
    24 | 13 13 12 12 
    25 | 13 13 12 12 
    
    Boxes' corners:       (w,l)
        Box  1 is at 
            top left     (0,8)
            bottom right (0,8)
    
        Box  2 is at 
            top left     (3,18)
            bottom right (3,18)
    
        Box  3 is at 
            top left     (0,16)
            bottom right (0,16)
    
        Box  4 is at 
            top left     (3,17)
            bottom right (3,17)
    
        Box  5 is at 
            top left     (2,16)
            bottom right (2,17)
    
        Box  6 is at 
            top left     (1,16)
            bottom right (1,17)
    
        Box  7 is at 
            top left     (1,1)
            bottom right (3,1)
    
        Box  8 is at 
            top left     (0,0)
            bottom right (2,0)
    
        Box  9 is at 
            top left     (0,18)
            bottom right (2,18)
    
        Box 10 is at 
            top left     (1,15)
            bottom right (3,15)
    
        Box 11 is at 
            top left     (0,13)
            bottom right (2,13)
    
        Box 12 is at 
            top left     (2,19)
            bottom right (3,25)
    
        Box 13 is at 
            top left     (0,19)
            bottom right (1,25)
    
        Roll length used: 26

    [1;34mTry max length:[0m 25
    [1;34m    At iteration:[0m 12
        lingeling found a solution in .448 ms

       | W
     L |  0  1  2  3 
    ----------------
     0 |  8  8  8  . 
     1 |  .  7  7  7 
     2 |  .  .  .  . 
     3 |  .  .  .  . 
     4 |  .  .  .  . 
     5 |  .  1  .  . 
     6 |  .  .  .  . 
     7 |  .  .  .  . 
     8 |  .  .  .  . 
     9 |  .  .  .  . 
    10 |  .  .  .  . 
    11 |  .  6  5  . 
    12 |  .  6  5  . 
    13 |  . 11 11 11 
    14 |  .  .  .  . 
    15 |  . 10 10 10 
    16 |  .  .  3  4 
    17 |  2  9  9  9 
    18 | 13 13 12 12 
    19 | 13 13 12 12 
    20 | 13 13 12 12 
    21 | 13 13 12 12 
    22 | 13 13 12 12 
    23 | 13 13 12 12 
    24 | 13 13 12 12 
    
    Boxes' corners:       (w,l)
        Box  1 is at 
            top left     (1,5)
            bottom right (1,5)
    
        Box  2 is at 
            top left     (0,17)
            bottom right (0,17)
    
        Box  3 is at 
            top left     (2,16)
            bottom right (2,16)
    
        Box  4 is at 
            top left     (3,16)
            bottom right (3,16)
    
        Box  5 is at 
            top left     (2,11)
            bottom right (2,12)
    
        Box  6 is at 
            top left     (1,11)
            bottom right (1,12)
    
        Box  7 is at 
            top left     (1,1)
            bottom right (3,1)
    
        Box  8 is at 
            top left     (0,0)
            bottom right (2,0)
    
        Box  9 is at 
            top left     (1,17)
            bottom right (3,17)
    
        Box 10 is at 
            top left     (1,15)
            bottom right (3,15)
    
        Box 11 is at 
            top left     (1,13)
            bottom right (3,13)
    
        Box 12 is at 
            top left     (2,18)
            bottom right (3,24)
    
        Box 13 is at 
            top left     (0,18)
            bottom right (1,24)
    
        Roll length used: 25

    [1;34mTry max length:[0m 24
    [1;34m    At iteration:[0m 13
        lingeling found a solution in .460 ms

       | W
     L |  0  1  2  3 
    ----------------
     0 |  8  8  8  . 
     1 |  .  7  7  7 
     2 |  .  .  .  . 
     3 |  .  .  .  . 
     4 |  .  .  .  . 
     5 |  .  .  .  . 
     6 |  .  .  .  . 
     7 |  .  .  .  . 
     8 |  .  .  .  . 
     9 |  .  .  .  . 
    10 |  .  .  .  . 
    11 |  .  1  .  . 
    12 |  . 11 11 11 
    13 |  3 10 10 10 
    14 |  .  6  5  . 
    15 |  .  6  5  4 
    16 |  2  9  9  9 
    17 | 13 13 12 12 
    18 | 13 13 12 12 
    19 | 13 13 12 12 
    20 | 13 13 12 12 
    21 | 13 13 12 12 
    22 | 13 13 12 12 
    23 | 13 13 12 12 
    
    Boxes' corners:       (w,l)
        Box  1 is at 
            top left     (1,11)
            bottom right (1,11)
    
        Box  2 is at 
            top left     (0,16)
            bottom right (0,16)
    
        Box  3 is at 
            top left     (0,13)
            bottom right (0,13)
    
        Box  4 is at 
            top left     (3,15)
            bottom right (3,15)
    
        Box  5 is at 
            top left     (2,14)
            bottom right (2,15)
    
        Box  6 is at 
            top left     (1,14)
            bottom right (1,15)
    
        Box  7 is at 
            top left     (1,1)
            bottom right (3,1)
    
        Box  8 is at 
            top left     (0,0)
            bottom right (2,0)
    
        Box  9 is at 
            top left     (1,16)
            bottom right (3,16)
    
        Box 10 is at 
            top left     (1,13)
            bottom right (3,13)
    
        Box 11 is at 
            top left     (1,12)
            bottom right (3,12)
    
        Box 12 is at 
            top left     (2,17)
            bottom right (3,23)
    
        Box 13 is at 
            top left     (0,17)
            bottom right (1,23)
    
        Roll length used: 24

    [1;34mTry max length:[0m 23
    [1;34m    At iteration:[0m 14
        lingeling found a solution in .416 ms

       | W
     L |  0  1  2  3 
    ----------------
     0 |  8  8  8  . 
     1 |  7  7  7  . 
     2 |  .  .  .  . 
     3 |  .  .  .  . 
     4 |  .  .  .  . 
     5 |  .  1  .  . 
     6 |  .  .  .  . 
     7 |  .  .  .  . 
     8 |  .  .  .  . 
     9 |  .  .  .  . 
    10 |  .  6  5  . 
    11 |  .  6  5  . 
    12 |  3 11 11 11 
    13 |  . 10 10 10 
    14 |  .  .  .  4 
    15 |  2  9  9  9 
    16 | 13 13 12 12 
    17 | 13 13 12 12 
    18 | 13 13 12 12 
    19 | 13 13 12 12 
    20 | 13 13 12 12 
    21 | 13 13 12 12 
    22 | 13 13 12 12 
    
    Boxes' corners:       (w,l)
        Box  1 is at 
            top left     (1,5)
            bottom right (1,5)
    
        Box  2 is at 
            top left     (0,15)
            bottom right (0,15)
    
        Box  3 is at 
            top left     (0,12)
            bottom right (0,12)
    
        Box  4 is at 
            top left     (3,14)
            bottom right (3,14)
    
        Box  5 is at 
            top left     (2,10)
            bottom right (2,11)
    
        Box  6 is at 
            top left     (1,10)
            bottom right (1,11)
    
        Box  7 is at 
            top left     (0,1)
            bottom right (2,1)
    
        Box  8 is at 
            top left     (0,0)
            bottom right (2,0)
    
        Box  9 is at 
            top left     (1,15)
            bottom right (3,15)
    
        Box 10 is at 
            top left     (1,13)
            bottom right (3,13)
    
        Box 11 is at 
            top left     (1,12)
            bottom right (3,12)
    
        Box 12 is at 
            top left     (2,16)
            bottom right (3,22)
    
        Box 13 is at 
            top left     (0,16)
            bottom right (1,22)
    
        Roll length used: 23

    [1;34mTry max length:[0m 22
    [1;34m    At iteration:[0m 15
        lingeling found a solution in .400 ms

       | W
     L |  0  1  2  3 
    ----------------
     0 |  .  8  8  8 
     1 |  7  7  7  . 
     2 |  .  .  .  . 
     3 |  .  .  .  . 
     4 |  .  .  .  . 
     5 |  .  .  .  . 
     6 |  .  1  .  3 
     7 |  .  .  .  . 
     8 |  .  .  .  . 
     9 |  .  6  5  . 
    10 |  .  6  5  . 
    11 |  . 10 10 10 
    12 |  . 11 11 11 
    13 |  .  .  .  4 
    14 |  9  9  9  2 
    15 | 13 13 12 12 
    16 | 13 13 12 12 
    17 | 13 13 12 12 
    18 | 13 13 12 12 
    19 | 13 13 12 12 
    20 | 13 13 12 12 
    21 | 13 13 12 12 
    
    Boxes' corners:       (w,l)
        Box  1 is at 
            top left     (1,6)
            bottom right (1,6)
    
        Box  2 is at 
            top left     (3,14)
            bottom right (3,14)
    
        Box  3 is at 
            top left     (3,6)
            bottom right (3,6)
    
        Box  4 is at 
            top left     (3,13)
            bottom right (3,13)
    
        Box  5 is at 
            top left     (2,9)
            bottom right (2,10)
    
        Box  6 is at 
            top left     (1,9)
            bottom right (1,10)
    
        Box  7 is at 
            top left     (0,1)
            bottom right (2,1)
    
        Box  8 is at 
            top left     (1,0)
            bottom right (3,0)
    
        Box  9 is at 
            top left     (0,14)
            bottom right (2,14)
    
        Box 10 is at 
            top left     (1,11)
            bottom right (3,11)
    
        Box 11 is at 
            top left     (1,12)
            bottom right (3,12)
    
        Box 12 is at 
            top left     (2,15)
            bottom right (3,21)
    
        Box 13 is at 
            top left     (0,15)
            bottom right (1,21)
    
        Roll length used: 22

    [1;34mTry max length:[0m 21
    [1;34m    At iteration:[0m 16
        lingeling found a solution in .392 ms

       | W
     L |  0  1  2  3 
    ----------------
     0 |  .  8  8  8 
     1 |  7  7  7  . 
     2 |  .  .  .  . 
     3 |  .  .  .  . 
     4 |  .  .  .  . 
     5 |  .  .  .  . 
     6 |  .  .  .  . 
     7 |  .  .  .  . 
     8 |  .  .  .  . 
     9 |  .  6  5  . 
    10 |  1  6  5  3 
    11 |  . 11 11 11 
    12 |  4 10 10 10 
    13 |  9  9  9  2 
    14 | 13 13 12 12 
    15 | 13 13 12 12 
    16 | 13 13 12 12 
    17 | 13 13 12 12 
    18 | 13 13 12 12 
    19 | 13 13 12 12 
    20 | 13 13 12 12 
    
    Boxes' corners:       (w,l)
        Box  1 is at 
            top left     (0,10)
            bottom right (0,10)
    
        Box  2 is at 
            top left     (3,13)
            bottom right (3,13)
    
        Box  3 is at 
            top left     (3,10)
            bottom right (3,10)
    
        Box  4 is at 
            top left     (0,12)
            bottom right (0,12)
    
        Box  5 is at 
            top left     (2,9)
            bottom right (2,10)
    
        Box  6 is at 
            top left     (1,9)
            bottom right (1,10)
    
        Box  7 is at 
            top left     (0,1)
            bottom right (2,1)
    
        Box  8 is at 
            top left     (1,0)
            bottom right (3,0)
    
        Box  9 is at 
            top left     (0,13)
            bottom right (2,13)
    
        Box 10 is at 
            top left     (1,12)
            bottom right (3,12)
    
        Box 11 is at 
            top left     (1,11)
            bottom right (3,11)
    
        Box 12 is at 
            top left     (2,14)
            bottom right (3,20)
    
        Box 13 is at 
            top left     (0,14)
            bottom right (1,20)
    
        Roll length used: 21

    [1;34mTry max length:[0m 20
    [1;34m    At iteration:[0m 17
        lingeling found a solution in .368 ms

       | W
     L |  0  1  2  3 
    ----------------
     0 |  8  8  8  . 
     1 |  7  7  7  . 
     2 |  .  .  .  . 
     3 |  .  .  .  . 
     4 |  .  .  .  . 
     5 |  .  .  .  . 
     6 |  .  .  .  4 
     7 |  .  .  .  . 
     8 |  .  6  5  . 
     9 |  1  6  5  . 
    10 |  . 11 11 11 
    11 | 10 10 10  3 
    12 |  2  9  9  9 
    13 | 13 13 12 12 
    14 | 13 13 12 12 
    15 | 13 13 12 12 
    16 | 13 13 12 12 
    17 | 13 13 12 12 
    18 | 13 13 12 12 
    19 | 13 13 12 12 
    
    Boxes' corners:       (w,l)
        Box  1 is at 
            top left     (0,9)
            bottom right (0,9)
    
        Box  2 is at 
            top left     (0,12)
            bottom right (0,12)
    
        Box  3 is at 
            top left     (3,11)
            bottom right (3,11)
    
        Box  4 is at 
            top left     (3,6)
            bottom right (3,6)
    
        Box  5 is at 
            top left     (2,8)
            bottom right (2,9)
    
        Box  6 is at 
            top left     (1,8)
            bottom right (1,9)
    
        Box  7 is at 
            top left     (0,1)
            bottom right (2,1)
    
        Box  8 is at 
            top left     (0,0)
            bottom right (2,0)
    
        Box  9 is at 
            top left     (1,12)
            bottom right (3,12)
    
        Box 10 is at 
            top left     (0,11)
            bottom right (2,11)
    
        Box 11 is at 
            top left     (1,10)
            bottom right (3,10)
    
        Box 12 is at 
            top left     (2,13)
            bottom right (3,19)
    
        Box 13 is at 
            top left     (0,13)
            bottom right (1,19)
    
        Roll length used: 20

    [1;34mTry max length:[0m 19
    [1;34m    At iteration:[0m 18
        lingeling found a solution in .336 ms

       | W
     L |  0  1  2  3 
    ----------------
     0 |  7  7  7  . 
     1 |  8  8  8  . 
     2 | 10 10 10  . 
     3 |  .  .  .  . 
     4 |  .  .  .  . 
     5 |  .  .  .  . 
     6 |  5  .  .  . 
     7 |  5  .  .  . 
     8 |  6  6  4  . 
     9 |  .  1  .  3 
    10 | 11 11 11  . 
    11 |  9  9  9  2 
    12 | 13 13 12 12 
    13 | 13 13 12 12 
    14 | 13 13 12 12 
    15 | 13 13 12 12 
    16 | 13 13 12 12 
    17 | 13 13 12 12 
    18 | 13 13 12 12 
    
    Boxes' corners:       (w,l)
        Box  1 is at 
            top left     (1,9)
            bottom right (1,9)
    
        Box  2 is at 
            top left     (3,11)
            bottom right (3,11)
    
        Box  3 is at 
            top left     (3,9)
            bottom right (3,9)
    
        Box  4 is at 
            top left     (2,8)
            bottom right (2,8)
    
        Box  5 is at 
            top left     (0,6)
            bottom right (0,7)
    
        Box  6 is at 
            top left     (0,8)
            bottom right (1,8)
    
        Box  7 is at 
            top left     (0,0)
            bottom right (2,0)
    
        Box  8 is at 
            top left     (0,1)
            bottom right (2,1)
    
        Box  9 is at 
            top left     (0,11)
            bottom right (2,11)
    
        Box 10 is at 
            top left     (0,2)
            bottom right (2,2)
    
        Box 11 is at 
            top left     (0,10)
            bottom right (2,10)
    
        Box 12 is at 
            top left     (2,12)
            bottom right (3,18)
    
        Box 13 is at 
            top left     (0,12)
            bottom right (1,18)
    
        Roll length used: 19

    [1;34mTry max length:[0m 18
    [1;34m    At iteration:[0m 19
        lingeling found a solution in .369 ms

       | W
     L |  0  1  2  3 
    ----------------
     0 |  1  7  7  7 
     1 | 11 11 11  . 
     2 | 12 12 13 13 
     3 | 12 12 13 13 
     4 | 12 12 13 13 
     5 | 12 12 13 13 
     6 | 12 12 13 13 
     7 | 12 12 13 13 
     8 | 12 12 13 13 
     9 |  .  8  8  8 
    10 |  9  9  9  . 
    11 |  .  .  .  . 
    12 |  .  4  .  . 
    13 |  .  5  5  . 
    14 |  6  .  3  . 
    15 |  6  .  2  . 
    16 |  .  .  .  . 
    17 |  . 10 10 10 
    
    Boxes' corners:       (w,l)
        Box  1 is at 
            top left     (0,0)
            bottom right (0,0)
    
        Box  2 is at 
            top left     (2,15)
            bottom right (2,15)
    
        Box  3 is at 
            top left     (2,14)
            bottom right (2,14)
    
        Box  4 is at 
            top left     (1,12)
            bottom right (1,12)
    
        Box  5 is at 
            top left     (1,13)
            bottom right (2,13)
    
        Box  6 is at 
            top left     (0,14)
            bottom right (0,15)
    
        Box  7 is at 
            top left     (1,0)
            bottom right (3,0)
    
        Box  8 is at 
            top left     (1,9)
            bottom right (3,9)
    
        Box  9 is at 
            top left     (0,10)
            bottom right (2,10)
    
        Box 10 is at 
            top left     (1,17)
            bottom right (3,17)
    
        Box 11 is at 
            top left     (0,1)
            bottom right (2,1)
    
        Box 12 is at 
            top left     (0,2)
            bottom right (1,8)
    
        Box 13 is at 
            top left     (2,2)
            bottom right (3,8)
    
        Roll length used: 18

    [1;34mTry max length:[0m 17
    [1;34m    At iteration:[0m 20
        lingeling found a solution in .355 ms

       | W
     L |  0  1  2  3 
    ----------------
     0 | 11 11 11  . 
     1 |  7  7  7  5 
     2 |  .  .  .  5 
     3 |  . 10 10 10 
     4 |  8  8  8  . 
     5 |  .  .  .  2 
     6 |  .  1  .  . 
     7 |  .  6  6  4 
     8 |  .  .  .  3 
     9 |  9  9  9  . 
    10 | 13 13 12 12 
    11 | 13 13 12 12 
    12 | 13 13 12 12 
    13 | 13 13 12 12 
    14 | 13 13 12 12 
    15 | 13 13 12 12 
    16 | 13 13 12 12 
    
    Boxes' corners:       (w,l)
        Box  1 is at 
            top left     (1,6)
            bottom right (1,6)
    
        Box  2 is at 
            top left     (3,5)
            bottom right (3,5)
    
        Box  3 is at 
            top left     (3,8)
            bottom right (3,8)
    
        Box  4 is at 
            top left     (3,7)
            bottom right (3,7)
    
        Box  5 is at 
            top left     (3,1)
            bottom right (3,2)
    
        Box  6 is at 
            top left     (1,7)
            bottom right (2,7)
    
        Box  7 is at 
            top left     (0,1)
            bottom right (2,1)
    
        Box  8 is at 
            top left     (0,4)
            bottom right (2,4)
    
        Box  9 is at 
            top left     (0,9)
            bottom right (2,9)
    
        Box 10 is at 
            top left     (1,3)
            bottom right (3,3)
    
        Box 11 is at 
            top left     (0,0)
            bottom right (2,0)
    
        Box 12 is at 
            top left     (2,10)
            bottom right (3,16)
    
        Box 13 is at 
            top left     (0,10)
            bottom right (1,16)
    
        Roll length used: 17

    [1;34mTry max length:[0m 16
    [1;34m    At iteration:[0m 21
        lingeling found a solution in .328 ms

       | W
     L |  0  1  2  3 
    ----------------
     0 | 10 10 10  . 
     1 |  . 11 11 11 
     2 |  .  . 13 13 
     3 |  .  . 13 13 
     4 |  8  1 13 13 
     5 |  8  9 13 13 
     6 |  8  9 13 13 
     7 |  .  9 13 13 
     8 |  7  . 13 13 
     9 |  7  . 12 12 
    10 |  7  . 12 12 
    11 |  5  . 12 12 
    12 |  5  . 12 12 
    13 |  .  3 12 12 
    14 |  4  2 12 12 
    15 |  6  6 12 12 
    
    Boxes' corners:       (w,l)
        Box  1 is at 
            top left     (1,4)
            bottom right (1,4)
    
        Box  2 is at 
            top left     (1,14)
            bottom right (1,14)
    
        Box  3 is at 
            top left     (1,13)
            bottom right (1,13)
    
        Box  4 is at 
            top left     (0,14)
            bottom right (0,14)
    
        Box  5 is at 
            top left     (0,11)
            bottom right (0,12)
    
        Box  6 is at 
            top left     (0,15)
            bottom right (1,15)
    
        Box  7 is at 
            top left     (0,8)
            bottom right (0,10)
    
        Box  8 is at 
            top left     (0,4)
            bottom right (0,6)
    
        Box  9 is at 
            top left     (1,5)
            bottom right (1,7)
    
        Box 10 is at 
            top left     (0,0)
            bottom right (2,0)
    
        Box 11 is at 
            top left     (1,1)
            bottom right (3,1)
    
        Box 12 is at 
            top left     (2,9)
            bottom right (3,15)
    
        Box 13 is at 
            top left     (2,2)
            bottom right (3,8)
    
        Roll length used: 16

    [1;34mTry max length:[0m 15
    [1;34m    At iteration:[0m 22
        lingeling found a solution in .318 ms

       | W
     L |  0  1  2  3 
    ----------------
     0 |  7  7  7  . 
     1 |  8  8  8  . 
     2 |  6  6  .  . 
     3 | 10 10 10  2 
     4 | 11 11 11  . 
     5 |  4  9  9  9 
     6 |  5  1 13 13 
     7 |  5  . 13 13 
     8 | 12 12 13 13 
     9 | 12 12 13 13 
    10 | 12 12 13 13 
    11 | 12 12 13 13 
    12 | 12 12 13 13 
    13 | 12 12  .  . 
    14 | 12 12  .  3 
    
    Boxes' corners:       (w,l)
        Box  1 is at 
            top left     (1,6)
            bottom right (1,6)
    
        Box  2 is at 
            top left     (3,3)
            bottom right (3,3)
    
        Box  3 is at 
            top left     (3,14)
            bottom right (3,14)
    
        Box  4 is at 
            top left     (0,5)
            bottom right (0,5)
    
        Box  5 is at 
            top left     (0,6)
            bottom right (0,7)
    
        Box  6 is at 
            top left     (0,2)
            bottom right (1,2)
    
        Box  7 is at 
            top left     (0,0)
            bottom right (2,0)
    
        Box  8 is at 
            top left     (0,1)
            bottom right (2,1)
    
        Box  9 is at 
            top left     (1,5)
            bottom right (3,5)
    
        Box 10 is at 
            top left     (0,3)
            bottom right (2,3)
    
        Box 11 is at 
            top left     (0,4)
            bottom right (2,4)
    
        Box 12 is at 
            top left     (0,8)
            bottom right (1,14)
    
        Box 13 is at 
            top left     (2,6)
            bottom right (3,12)
    
        Roll length used: 15

    [1;34mTry max length:[0m 14
    [1;34m    At iteration:[0m 23
        lingeling found a solution in .329 ms

       | W
     L |  0  1  2  3 
    ----------------
     0 |  1 13 13  7 
     1 |  6 13 13  7 
     2 |  6 13 13  7 
     3 |  . 13 13  8 
     4 |  5 13 13  8 
     5 |  5 13 13  8 
     6 |  . 13 13  2 
     7 |  3 12 12  9 
     8 |  . 12 12  9 
     9 | 11 12 12  9 
    10 | 11 12 12 10 
    11 | 11 12 12 10 
    12 |  . 12 12 10 
    13 |  4 12 12  . 
    
    Boxes' corners:       (w,l)
        Box  1 is at 
            top left     (0,0)
            bottom right (0,0)
    
        Box  2 is at 
            top left     (3,6)
            bottom right (3,6)
    
        Box  3 is at 
            top left     (0,7)
            bottom right (0,7)
    
        Box  4 is at 
            top left     (0,13)
            bottom right (0,13)
    
        Box  5 is at 
            top left     (0,4)
            bottom right (0,5)
    
        Box  6 is at 
            top left     (0,1)
            bottom right (0,2)
    
        Box  7 is at 
            top left     (3,0)
            bottom right (3,2)
    
        Box  8 is at 
            top left     (3,3)
            bottom right (3,5)
    
        Box  9 is at 
            top left     (3,7)
            bottom right (3,9)
    
        Box 10 is at 
            top left     (3,10)
            bottom right (3,12)
    
        Box 11 is at 
            top left     (0,9)
            bottom right (0,11)
    
        Box 12 is at 
            top left     (1,7)
            bottom right (2,13)
    
        Box 13 is at 
            top left     (1,0)
            bottom right (2,6)
    
        Roll length used: 14

    [1;34mTry max length:[0m 13
    [1;34m    At iteration:[0m 24
        lingeling found a solution in .284 ms

       | W
     L |  0  1  2  3 
    ----------------
     0 |  1  8  8  8 
     1 |  7  7  7  5 
     2 | 11 11 11  5 
     3 |  3  9  9  9 
     4 |  .  2  4  6 
     5 | 10 10 10  6 
     6 | 12 12 13 13 
     7 | 12 12 13 13 
     8 | 12 12 13 13 
     9 | 12 12 13 13 
    10 | 12 12 13 13 
    11 | 12 12 13 13 
    12 | 12 12 13 13 
    
    Boxes' corners:       (w,l)
        Box  1 is at 
            top left     (0,0)
            bottom right (0,0)
    
        Box  2 is at 
            top left     (1,4)
            bottom right (1,4)
    
        Box  3 is at 
            top left     (0,3)
            bottom right (0,3)
    
        Box  4 is at 
            top left     (2,4)
            bottom right (2,4)
    
        Box  5 is at 
            top left     (3,1)
            bottom right (3,2)
    
        Box  6 is at 
            top left     (3,4)
            bottom right (3,5)
    
        Box  7 is at 
            top left     (0,1)
            bottom right (2,1)
    
        Box  8 is at 
            top left     (1,0)
            bottom right (3,0)
    
        Box  9 is at 
            top left     (1,3)
            bottom right (3,3)
    
        Box 10 is at 
            top left     (0,5)
            bottom right (2,5)
    
        Box 11 is at 
            top left     (0,2)
            bottom right (2,2)
    
        Box 12 is at 
            top left     (0,6)
            bottom right (1,12)
    
        Box 13 is at 
            top left     (2,6)
            bottom right (3,12)
    
        Roll length used: 13

    [1;34mTry max length:[0m 12
    [1;34m    At iteration:[0m 25
        [3;31mlingeling was timeout-terminated[0m
        [1;31mScript reached time limit[0m
