dc jun 6 20:30:05 CEST 2018
    [1;34mTry max length:[0m 999999
    [1;34m    At iteration:[0m 0
        lingeling found a solution in .023 ms

      | W
    L | 0 1 2 3 
    ------------
    0 | . . . . 
    1 | . . . . 
    2 | 1 . . . 
    3 | 4 4 3 3 
    4 | 4 4 3 3 
    5 | . . 2 2 
    6 | . . 2 2 
    
    Boxes' corners:      (w,l)
        Box 1 is at 
            top left     (0,2)
            bottom right (0,2)
    
        Box 2 is at 
            top left     (2,5)
            bottom right (3,6)
    
        Box 3 is at 
            top left     (2,3)
            bottom right (3,4)
    
        Box 4 is at 
            top left     (0,3)
            bottom right (1,4)
    
        Roll length used: 7

    [1;34mTry max length:[0m 6
    [1;34m    At iteration:[0m 1
        lingeling found a solution in .023 ms

      | W
    L | 0 1 2 3 
    ------------
    0 | . 1 3 3 
    1 | 2 2 3 3 
    2 | 2 2 4 4 
    3 | . . 4 4 
    4 | . . . . 
    5 | . . . . 
    
    Boxes' corners:      (w,l)
        Box 1 is at 
            top left     (1,0)
            bottom right (1,0)
    
        Box 2 is at 
            top left     (0,1)
            bottom right (1,2)
    
        Box 3 is at 
            top left     (2,0)
            bottom right (3,1)
    
        Box 4 is at 
            top left     (2,2)
            bottom right (3,3)
    
        Roll length used: 4

    [1;34mTry max length:[0m 3
    [1;34m    At iteration:[0m 2
        [3;31mlingeling determined unsatisfiability of the Boolean formula[0m
        [1;32mOptimality reached![0m
