dg jun 3 19:35:36 CEST 2018
    [1;34mTry max length:[0m 999999
    [1;34m    At iteration:[0m 0
        lingeling found a solution in .423 ms

       | W
     L | 0 1 2 3 4 5 6 7 8 
    ----------------------
     0 | . . . . . . . . . 
     1 | . . . . . . . . . 
     2 | . . . . . . . . . 
     3 | . . . . . . . . . 
     4 | . . . . . . . . . 
     5 | . . . . . . . . . 
     6 | . . 8 8 8 8 8 . . 
     7 | . . 8 8 8 8 8 . . 
     8 | . . 8 8 8 8 8 . . 
     9 | . . 8 8 8 8 8 . . 
    10 | . . . . . . . . . 
    11 | . . . . . . . . . 
    12 | . . . 4 . 7 7 6 6 
    13 | . 5 3 2 1 7 7 6 6 
    
    Boxes' corners:      (w,l)
        Box 1 is at 
            top left     (4,13)
            bottom right (4,13)
    
        Box 2 is at 
            top left     (3,13)
            bottom right (3,13)
    
        Box 3 is at 
            top left     (2,13)
            bottom right (2,13)
    
        Box 4 is at 
            top left     (3,12)
            bottom right (3,12)
    
        Box 5 is at 
            top left     (1,13)
            bottom right (1,13)
    
        Box 6 is at 
            top left     (7,12)
            bottom right (8,13)
    
        Box 7 is at 
            top left     (5,12)
            bottom right (6,13)
    
        Box 8 is at 
            top left     (2,6)
            bottom right (6,9)
    
        Roll length used: 14

    [1;34mTry max length:[0m 13
    [1;34m    At iteration:[0m 1
        lingeling found a solution in .552 ms

       | W
     L | 0 1 2 3 4 5 6 7 8 
    ----------------------
     0 | . . . . . . . . . 
     1 | . . . . . . . . . 
     2 | . . . . . . . . . 
     3 | . . . . . . . . . 
     4 | . . . . . . . . . 
     5 | . . 8 8 8 8 8 . . 
     6 | . . 8 8 8 8 8 . . 
     7 | . . 8 8 8 8 8 . . 
     8 | . . 8 8 8 8 8 . . 
     9 | . . . . . . . . . 
    10 | . . 4 . . . . . . 
    11 | . . . . 3 7 7 6 6 
    12 | . 2 . 5 1 7 7 6 6 
    
    Boxes' corners:      (w,l)
        Box 1 is at 
            top left     (4,12)
            bottom right (4,12)
    
        Box 2 is at 
            top left     (1,12)
            bottom right (1,12)
    
        Box 3 is at 
            top left     (4,11)
            bottom right (4,11)
    
        Box 4 is at 
            top left     (2,10)
            bottom right (2,10)
    
        Box 5 is at 
            top left     (3,12)
            bottom right (3,12)
    
        Box 6 is at 
            top left     (7,11)
            bottom right (8,12)
    
        Box 7 is at 
            top left     (5,11)
            bottom right (6,12)
    
        Box 8 is at 
            top left     (2,5)
            bottom right (6,8)
    
        Roll length used: 13

    [1;34mTry max length:[0m 12
    [1;34m    At iteration:[0m 2
        lingeling found a solution in .376 ms

       | W
     L | 0 1 2 3 4 5 6 7 8 
    ----------------------
     0 | . . . . . . . . . 
     1 | . . . . . . . . . 
     2 | . . . . . . . . . 
     3 | . . . . . . . . . 
     4 | . . 8 8 8 8 8 . . 
     5 | . . 8 8 8 8 8 . . 
     6 | . . 8 8 8 8 8 . . 
     7 | . . 8 8 8 8 8 . . 
     8 | . . . . . . . . . 
     9 | . . . . . . . . 4 
    10 | . . . . . 7 7 6 6 
    11 | . 3 5 2 1 7 7 6 6 
    
    Boxes' corners:      (w,l)
        Box 1 is at 
            top left     (4,11)
            bottom right (4,11)
    
        Box 2 is at 
            top left     (3,11)
            bottom right (3,11)
    
        Box 3 is at 
            top left     (1,11)
            bottom right (1,11)
    
        Box 4 is at 
            top left     (8,9)
            bottom right (8,9)
    
        Box 5 is at 
            top left     (2,11)
            bottom right (2,11)
    
        Box 6 is at 
            top left     (7,10)
            bottom right (8,11)
    
        Box 7 is at 
            top left     (5,10)
            bottom right (6,11)
    
        Box 8 is at 
            top left     (2,4)
            bottom right (6,7)
    
        Roll length used: 12

    [1;34mTry max length:[0m 11
    [1;34m    At iteration:[0m 3
        lingeling found a solution in .342 ms

       | W
     L | 0 1 2 3 4 5 6 7 8 
    ----------------------
     0 | . . . . . . . . . 
     1 | . . . . . . . . . 
     2 | . . . . . . . . . 
     3 | . . . . . . . . . 
     4 | . . . . . . . . . 
     5 | . . . . . . . . . 
     6 | . . . . . . . . 4 
     7 | 3 . . . 8 8 8 8 8 
     8 | 2 . 5 1 8 8 8 8 8 
     9 | 7 7 6 6 8 8 8 8 8 
    10 | 7 7 6 6 8 8 8 8 8 
    
    Boxes' corners:      (w,l)
        Box 1 is at 
            top left     (3,8)
            bottom right (3,8)
    
        Box 2 is at 
            top left     (0,8)
            bottom right (0,8)
    
        Box 3 is at 
            top left     (0,7)
            bottom right (0,7)
    
        Box 4 is at 
            top left     (8,6)
            bottom right (8,6)
    
        Box 5 is at 
            top left     (2,8)
            bottom right (2,8)
    
        Box 6 is at 
            top left     (2,9)
            bottom right (3,10)
    
        Box 7 is at 
            top left     (0,9)
            bottom right (1,10)
    
        Box 8 is at 
            top left     (4,7)
            bottom right (8,10)
    
        Roll length used: 11

    [1;34mTry max length:[0m 10
    [1;34m    At iteration:[0m 4
        lingeling found a solution in .322 ms

       | W
     L | 0 1 2 3 4 5 6 7 8 
    ----------------------
     0 | . . . . . . . . . 
     1 | . . . . . . . . . 
     2 | . . . . . . . . . 
     3 | . . . . . . . . . 
     4 | 1 . . . . . . . 5 
     5 | . . . . 8 8 8 8 8 
     6 | . . 3 . 8 8 8 8 8 
     7 | . . . . 8 8 8 8 8 
     8 | 7 7 6 6 8 8 8 8 8 
     9 | 7 7 6 6 . 4 . 2 . 
    
    Boxes' corners:      (w,l)
        Box 1 is at 
            top left     (0,4)
            bottom right (0,4)
    
        Box 2 is at 
            top left     (7,9)
            bottom right (7,9)
    
        Box 3 is at 
            top left     (2,6)
            bottom right (2,6)
    
        Box 4 is at 
            top left     (5,9)
            bottom right (5,9)
    
        Box 5 is at 
            top left     (8,4)
            bottom right (8,4)
    
        Box 6 is at 
            top left     (2,8)
            bottom right (3,9)
    
        Box 7 is at 
            top left     (0,8)
            bottom right (1,9)
    
        Box 8 is at 
            top left     (4,5)
            bottom right (8,8)
    
        Roll length used: 10

    [1;34mTry max length:[0m 9
    [1;34m    At iteration:[0m 5
        lingeling found a solution in .297 ms

      | W
    L | 0 1 2 3 4 5 6 7 8 
    ----------------------
    0 | . . . . . . . 2 . 
    1 | . . . . . . . . . 
    2 | . . . . . . . . 4 
    3 | . 3 . . . . . 7 7 
    4 | 8 8 8 8 . . . 7 7 
    5 | 8 8 8 8 . . . . . 
    6 | 8 8 8 8 . . . . . 
    7 | 8 8 8 8 . . 5 6 6 
    8 | 8 8 8 8 1 . . 6 6 
    
    Boxes' corners:      (w,l)
        Box 1 is at 
            top left     (4,8)
            bottom right (4,8)
    
        Box 2 is at 
            top left     (7,0)
            bottom right (7,0)
    
        Box 3 is at 
            top left     (1,3)
            bottom right (1,3)
    
        Box 4 is at 
            top left     (8,2)
            bottom right (8,2)
    
        Box 5 is at 
            top left     (6,7)
            bottom right (6,7)
    
        Box 6 is at 
            top left     (7,7)
            bottom right (8,8)
    
        Box 7 is at 
            top left     (7,3)
            bottom right (8,4)
    
        Box 8 is at 
            top left     (0,4)
            bottom right (3,8)
    
        Roll length used: 9

    [1;34mTry max length:[0m 8
    [1;34m    At iteration:[0m 6
        lingeling found a solution in .260 ms

      | W
    L | 0 1 2 3 4 5 6 7 8 
    ----------------------
    0 | . . . . . . . . . 
    1 | . . . . . 1 . . . 
    2 | . . . . . . . . . 
    3 | . . 5 . . 8 8 8 8 
    4 | . . . . . 8 8 8 8 
    5 | . . 4 . . 8 8 8 8 
    6 | 7 7 3 6 6 8 8 8 8 
    7 | 7 7 2 6 6 8 8 8 8 
    
    Boxes' corners:      (w,l)
        Box 1 is at 
            top left     (5,1)
            bottom right (5,1)
    
        Box 2 is at 
            top left     (2,7)
            bottom right (2,7)
    
        Box 3 is at 
            top left     (2,6)
            bottom right (2,6)
    
        Box 4 is at 
            top left     (2,5)
            bottom right (2,5)
    
        Box 5 is at 
            top left     (2,3)
            bottom right (2,3)
    
        Box 6 is at 
            top left     (3,6)
            bottom right (4,7)
    
        Box 7 is at 
            top left     (0,6)
            bottom right (1,7)
    
        Box 8 is at 
            top left     (5,3)
            bottom right (8,7)
    
        Roll length used: 8

    [1;34mTry max length:[0m 7
    [1;34m    At iteration:[0m 7
        lingeling found a solution in .217 ms

      | W
    L | 0 1 2 3 4 5 6 7 8 
    ----------------------
    0 | 1 . . . . . 5 . . 
    1 | . . . . . 8 8 8 8 
    2 | . . . . . 8 8 8 8 
    3 | . . . . . 8 8 8 8 
    4 | . . . . . 8 8 8 8 
    5 | 7 7 . 6 6 8 8 8 8 
    6 | 7 7 2 6 6 . 4 3 . 
    
    Boxes' corners:      (w,l)
        Box 1 is at 
            top left     (0,0)
            bottom right (0,0)
    
        Box 2 is at 
            top left     (2,6)
            bottom right (2,6)
    
        Box 3 is at 
            top left     (7,6)
            bottom right (7,6)
    
        Box 4 is at 
            top left     (6,6)
            bottom right (6,6)
    
        Box 5 is at 
            top left     (6,0)
            bottom right (6,0)
    
        Box 6 is at 
            top left     (3,5)
            bottom right (4,6)
    
        Box 7 is at 
            top left     (0,5)
            bottom right (1,6)
    
        Box 8 is at 
            top left     (5,1)
            bottom right (8,5)
    
        Roll length used: 7

    [1;34mTry max length:[0m 6
    [1;34m    At iteration:[0m 8
        lingeling found a solution in .171 ms

      | W
    L | 0 1 2 3 4 5 6 7 8 
    ----------------------
    0 | 8 8 8 8 . . 5 . . 
    1 | 8 8 8 8 . 4 . . . 
    2 | 8 8 8 8 . 1 . . . 
    3 | 8 8 8 8 . . . 3 . 
    4 | 8 8 8 8 . 7 7 6 6 
    5 | . . . 2 . 7 7 6 6 
    
    Boxes' corners:      (w,l)
        Box 1 is at 
            top left     (5,2)
            bottom right (5,2)
    
        Box 2 is at 
            top left     (3,5)
            bottom right (3,5)
    
        Box 3 is at 
            top left     (7,3)
            bottom right (7,3)
    
        Box 4 is at 
            top left     (5,1)
            bottom right (5,1)
    
        Box 5 is at 
            top left     (6,0)
            bottom right (6,0)
    
        Box 6 is at 
            top left     (7,4)
            bottom right (8,5)
    
        Box 7 is at 
            top left     (5,4)
            bottom right (6,5)
    
        Box 8 is at 
            top left     (0,0)
            bottom right (3,4)
    
        Roll length used: 6

    [1;34mTry max length:[0m 5
    [1;34m    At iteration:[0m 9
        lingeling found a solution in .131 ms

      | W
    L | 0 1 2 3 4 5 6 7 8 
    ----------------------
    0 | 8 8 8 8 . . . 7 7 
    1 | 8 8 8 8 . . . 7 7 
    2 | 8 8 8 8 . . . . . 
    3 | 8 8 8 8 . 4 5 6 6 
    4 | 8 8 8 8 3 2 1 6 6 
    
    Boxes' corners:      (w,l)
        Box 1 is at 
            top left     (6,4)
            bottom right (6,4)
    
        Box 2 is at 
            top left     (5,4)
            bottom right (5,4)
    
        Box 3 is at 
            top left     (4,4)
            bottom right (4,4)
    
        Box 4 is at 
            top left     (5,3)
            bottom right (5,3)
    
        Box 5 is at 
            top left     (6,3)
            bottom right (6,3)
    
        Box 6 is at 
            top left     (7,3)
            bottom right (8,4)
    
        Box 7 is at 
            top left     (7,0)
            bottom right (8,1)
    
        Box 8 is at 
            top left     (0,0)
            bottom right (3,4)
    
        Roll length used: 5

    [1;34mTry max length:[0m 4
    [1;34m    At iteration:[0m 10
        lingeling found a solution in .091 ms

      | W
    L | 0 1 2 3 4 5 6 7 8 
    ----------------------
    0 | 7 7 4 8 8 8 8 8 . 
    1 | 7 7 5 8 8 8 8 8 . 
    2 | 6 6 2 8 8 8 8 8 3 
    3 | 6 6 1 8 8 8 8 8 . 
    
    Boxes' corners:      (w,l)
        Box 1 is at 
            top left     (2,3)
            bottom right (2,3)
    
        Box 2 is at 
            top left     (2,2)
            bottom right (2,2)
    
        Box 3 is at 
            top left     (8,2)
            bottom right (8,2)
    
        Box 4 is at 
            top left     (2,0)
            bottom right (2,0)
    
        Box 5 is at 
            top left     (2,1)
            bottom right (2,1)
    
        Box 6 is at 
            top left     (0,2)
            bottom right (1,3)
    
        Box 7 is at 
            top left     (0,0)
            bottom right (1,1)
    
        Box 8 is at 
            top left     (3,0)
            bottom right (7,3)
    
        Roll length used: 4

    [1;34mTry max length:[0m 3
    [1;34m    At iteration:[0m 11
        [3;31mlingeling determined unsatisfiability of the Boolean formula[0m
        [1;32mOptimality reached![0m
