dg jun 3 19:17:27 CEST 2018
    [1;34mTry max length:[0m 999999
    [1;34m    At iteration:[0m 0
        lingeling found a solution in .400 ms

       | W
     L | 0 1 2 3 4 
    --------------
     0 | . . . . . 
     1 | . . . . . 
     2 | . 2 . . . 
     3 | . . . . . 
     4 | . . . . . 
     5 | . . . . . 
     6 | . . . . . 
     7 | . . . . . 
     8 | . . 1 . . 
     9 | 9 9 . 8 8 
    10 | 9 9 . 8 8 
    11 | 7 7 . 6 6 
    12 | 7 7 . 6 6 
    13 | 5 5 . 4 4 
    14 | 5 5 3 4 4 
    
    Boxes' corners:      (w,l)
        Box 1 is at 
            top left     (2,8)
            bottom right (2,8)
    
        Box 2 is at 
            top left     (1,2)
            bottom right (1,2)
    
        Box 3 is at 
            top left     (2,14)
            bottom right (2,14)
    
        Box 4 is at 
            top left     (3,13)
            bottom right (4,14)
    
        Box 5 is at 
            top left     (0,13)
            bottom right (1,14)
    
        Box 6 is at 
            top left     (3,11)
            bottom right (4,12)
    
        Box 7 is at 
            top left     (0,11)
            bottom right (1,12)
    
        Box 8 is at 
            top left     (3,9)
            bottom right (4,10)
    
        Box 9 is at 
            top left     (0,9)
            bottom right (1,10)
    
        Roll length used: 15

    [1;34mTry max length:[0m 14
    [1;34m    At iteration:[0m 1
        lingeling found a solution in .360 ms

       | W
     L | 0 1 2 3 4 
    --------------
     0 | . . . . . 
     1 | . . . . . 
     2 | . . . . . 
     3 | . . . . . 
     4 | . . . . . 
     5 | . . . . . 
     6 | . . . . . 
     7 | . . . 1 2 
     8 | . 9 9 8 8 
     9 | 3 9 9 8 8 
    10 | 7 7 . 6 6 
    11 | 7 7 . 6 6 
    12 | 5 5 . 4 4 
    13 | 5 5 . 4 4 
    
    Boxes' corners:      (w,l)
        Box 1 is at 
            top left     (3,7)
            bottom right (3,7)
    
        Box 2 is at 
            top left     (4,7)
            bottom right (4,7)
    
        Box 3 is at 
            top left     (0,9)
            bottom right (0,9)
    
        Box 4 is at 
            top left     (3,12)
            bottom right (4,13)
    
        Box 5 is at 
            top left     (0,12)
            bottom right (1,13)
    
        Box 6 is at 
            top left     (3,10)
            bottom right (4,11)
    
        Box 7 is at 
            top left     (0,10)
            bottom right (1,11)
    
        Box 8 is at 
            top left     (3,8)
            bottom right (4,9)
    
        Box 9 is at 
            top left     (1,8)
            bottom right (2,9)
    
        Roll length used: 14

    [1;34mTry max length:[0m 13
    [1;34m    At iteration:[0m 2
        lingeling found a solution in .324 ms

       | W
     L | 0 1 2 3 4 
    --------------
     0 | . . . . . 
     1 | . . . . . 
     2 | . . 2 . . 
     3 | . 3 . . . 
     4 | . . . . . 
     5 | 1 . . . . 
     6 | . . . . . 
     7 | 9 9 . 8 8 
     8 | 9 9 . 8 8 
     9 | 7 7 . 6 6 
    10 | 7 7 . 6 6 
    11 | 5 5 . 4 4 
    12 | 5 5 . 4 4 
    
    Boxes' corners:      (w,l)
        Box 1 is at 
            top left     (0,5)
            bottom right (0,5)
    
        Box 2 is at 
            top left     (2,2)
            bottom right (2,2)
    
        Box 3 is at 
            top left     (1,3)
            bottom right (1,3)
    
        Box 4 is at 
            top left     (3,11)
            bottom right (4,12)
    
        Box 5 is at 
            top left     (0,11)
            bottom right (1,12)
    
        Box 6 is at 
            top left     (3,9)
            bottom right (4,10)
    
        Box 7 is at 
            top left     (0,9)
            bottom right (1,10)
    
        Box 8 is at 
            top left     (3,7)
            bottom right (4,8)
    
        Box 9 is at 
            top left     (0,7)
            bottom right (1,8)
    
        Roll length used: 13

    [1;34mTry max length:[0m 12
    [1;34m    At iteration:[0m 3
        lingeling found a solution in .287 ms

       | W
     L | 0 1 2 3 4 
    --------------
     0 | . . . . . 
     1 | . . . . . 
     2 | 3 . . . . 
     3 | . . . . 2 
     4 | . . . . . 
     5 | . . . . . 
     6 | 9 9 . 8 8 
     7 | 9 9 . 8 8 
     8 | 7 7 . 6 6 
     9 | 7 7 . 6 6 
    10 | 5 5 . 4 4 
    11 | 5 5 1 4 4 
    
    Boxes' corners:      (w,l)
        Box 1 is at 
            top left     (2,11)
            bottom right (2,11)
    
        Box 2 is at 
            top left     (4,3)
            bottom right (4,3)
    
        Box 3 is at 
            top left     (0,2)
            bottom right (0,2)
    
        Box 4 is at 
            top left     (3,10)
            bottom right (4,11)
    
        Box 5 is at 
            top left     (0,10)
            bottom right (1,11)
    
        Box 6 is at 
            top left     (3,8)
            bottom right (4,9)
    
        Box 7 is at 
            top left     (0,8)
            bottom right (1,9)
    
        Box 8 is at 
            top left     (3,6)
            bottom right (4,7)
    
        Box 9 is at 
            top left     (0,6)
            bottom right (1,7)
    
        Roll length used: 12

    [1;34mTry max length:[0m 11
    [1;34m    At iteration:[0m 4
        lingeling found a solution in .252 ms

       | W
     L | 0 1 2 3 4 
    --------------
     0 | . . . . . 
     1 | . . . . 1 
     2 | . . . . . 
     3 | . . . . . 
     4 | . . . . . 
     5 | 9 9 . 8 8 
     6 | 9 9 . 8 8 
     7 | 7 7 . 6 6 
     8 | 7 7 . 6 6 
     9 | 5 5 2 4 4 
    10 | 5 5 3 4 4 
    
    Boxes' corners:      (w,l)
        Box 1 is at 
            top left     (4,1)
            bottom right (4,1)
    
        Box 2 is at 
            top left     (2,9)
            bottom right (2,9)
    
        Box 3 is at 
            top left     (2,10)
            bottom right (2,10)
    
        Box 4 is at 
            top left     (3,9)
            bottom right (4,10)
    
        Box 5 is at 
            top left     (0,9)
            bottom right (1,10)
    
        Box 6 is at 
            top left     (3,7)
            bottom right (4,8)
    
        Box 7 is at 
            top left     (0,7)
            bottom right (1,8)
    
        Box 8 is at 
            top left     (3,5)
            bottom right (4,6)
    
        Box 9 is at 
            top left     (0,5)
            bottom right (1,6)
    
        Roll length used: 11

    [1;34mTry max length:[0m 10
    [1;34m    At iteration:[0m 5
        lingeling found a solution in .221 ms

       | W
     L | 0 1 2 3 4 
    --------------
     0 | . . . . . 
     1 | . 1 . . . 
     2 | . . . . . 
     3 | . . . . . 
     4 | 9 9 . 8 8 
     5 | 9 9 . 8 8 
     6 | 2 7 7 6 6 
     7 | . 7 7 6 6 
     8 | 5 5 . 4 4 
     9 | 5 5 3 4 4 
    
    Boxes' corners:      (w,l)
        Box 1 is at 
            top left     (1,1)
            bottom right (1,1)
    
        Box 2 is at 
            top left     (0,6)
            bottom right (0,6)
    
        Box 3 is at 
            top left     (2,9)
            bottom right (2,9)
    
        Box 4 is at 
            top left     (3,8)
            bottom right (4,9)
    
        Box 5 is at 
            top left     (0,8)
            bottom right (1,9)
    
        Box 6 is at 
            top left     (3,6)
            bottom right (4,7)
    
        Box 7 is at 
            top left     (1,6)
            bottom right (2,7)
    
        Box 8 is at 
            top left     (3,4)
            bottom right (4,5)
    
        Box 9 is at 
            top left     (0,4)
            bottom right (1,5)
    
        Roll length used: 10

    [1;34mTry max length:[0m 9
    [1;34m    At iteration:[0m 6
        lingeling found a solution in .192 ms

      | W
    L | 0 1 2 3 4 
    --------------
    0 | . . 2 3 . 
    1 | . . . . . 
    2 | . . . . . 
    3 | 7 7 . 9 9 
    4 | 7 7 . 9 9 
    5 | 6 6 . 8 8 
    6 | 6 6 1 8 8 
    7 | 5 5 . 4 4 
    8 | 5 5 . 4 4 
    
    Boxes' corners:      (w,l)
        Box 1 is at 
            top left     (2,6)
            bottom right (2,6)
    
        Box 2 is at 
            top left     (2,0)
            bottom right (2,0)
    
        Box 3 is at 
            top left     (3,0)
            bottom right (3,0)
    
        Box 4 is at 
            top left     (3,7)
            bottom right (4,8)
    
        Box 5 is at 
            top left     (0,7)
            bottom right (1,8)
    
        Box 6 is at 
            top left     (0,5)
            bottom right (1,6)
    
        Box 7 is at 
            top left     (0,3)
            bottom right (1,4)
    
        Box 8 is at 
            top left     (3,5)
            bottom right (4,6)
    
        Box 9 is at 
            top left     (3,3)
            bottom right (4,4)
    
        Roll length used: 9

    [1;34mTry max length:[0m 8
    [1;34m    At iteration:[0m 7
        lingeling found a solution in .166 ms

      | W
    L | 0 1 2 3 4 
    --------------
    0 | . . . 7 7 
    1 | . . . 7 7 
    2 | 9 9 . . . 
    3 | 9 9 . 8 8 
    4 | 6 6 . 8 8 
    5 | 6 6 2 . . 
    6 | 5 5 3 4 4 
    7 | 5 5 1 4 4 
    
    Boxes' corners:      (w,l)
        Box 1 is at 
            top left     (2,7)
            bottom right (2,7)
    
        Box 2 is at 
            top left     (2,5)
            bottom right (2,5)
    
        Box 3 is at 
            top left     (2,6)
            bottom right (2,6)
    
        Box 4 is at 
            top left     (3,6)
            bottom right (4,7)
    
        Box 5 is at 
            top left     (0,6)
            bottom right (1,7)
    
        Box 6 is at 
            top left     (0,4)
            bottom right (1,5)
    
        Box 7 is at 
            top left     (3,0)
            bottom right (4,1)
    
        Box 8 is at 
            top left     (3,3)
            bottom right (4,4)
    
        Box 9 is at 
            top left     (0,2)
            bottom right (1,3)
    
        Roll length used: 8

    [1;34mTry max length:[0m 7
    [1;34m    At iteration:[0m 8
        lingeling found a solution in .137 ms

      | W
    L | 0 1 2 3 4 
    --------------
    0 | 8 8 . 9 9 
    1 | 8 8 . 9 9 
    2 | . . . 3 . 
    3 | 7 7 . 6 6 
    4 | 7 7 2 6 6 
    5 | 5 5 1 4 4 
    6 | 5 5 . 4 4 
    
    Boxes' corners:      (w,l)
        Box 1 is at 
            top left     (2,5)
            bottom right (2,5)
    
        Box 2 is at 
            top left     (2,4)
            bottom right (2,4)
    
        Box 3 is at 
            top left     (3,2)
            bottom right (3,2)
    
        Box 4 is at 
            top left     (3,5)
            bottom right (4,6)
    
        Box 5 is at 
            top left     (0,5)
            bottom right (1,6)
    
        Box 6 is at 
            top left     (3,3)
            bottom right (4,4)
    
        Box 7 is at 
            top left     (0,3)
            bottom right (1,4)
    
        Box 8 is at 
            top left     (0,0)
            bottom right (1,1)
    
        Box 9 is at 
            top left     (3,0)
            bottom right (4,1)
    
        Roll length used: 7

    [1;34mTry max length:[0m 6
    [1;34m    At iteration:[0m 9
        lingeling found a solution in .104 ms

      | W
    L | 0 1 2 3 4 
    --------------
    0 | 8 8 . 6 6 
    1 | 8 8 . 6 6 
    2 | 9 9 . 7 7 
    3 | 9 9 3 7 7 
    4 | 2 5 5 4 4 
    5 | 1 5 5 4 4 
    
    Boxes' corners:      (w,l)
        Box 1 is at 
            top left     (0,5)
            bottom right (0,5)
    
        Box 2 is at 
            top left     (0,4)
            bottom right (0,4)
    
        Box 3 is at 
            top left     (2,3)
            bottom right (2,3)
    
        Box 4 is at 
            top left     (3,4)
            bottom right (4,5)
    
        Box 5 is at 
            top left     (1,4)
            bottom right (2,5)
    
        Box 6 is at 
            top left     (3,0)
            bottom right (4,1)
    
        Box 7 is at 
            top left     (3,2)
            bottom right (4,3)
    
        Box 8 is at 
            top left     (0,0)
            bottom right (1,1)
    
        Box 9 is at 
            top left     (0,2)
            bottom right (1,3)
    
        Roll length used: 6

    [1;34mTry max length:[0m 5
    [1;34m    At iteration:[0m 10
        [3;31mlingeling determined unsatisfiability of the Boolean formula[0m
        [1;32mOptimality reached![0m
