dg jun 3 19:08:46 CEST 2018
    [1;34mTry max length:[0m 999999
    [1;34m    At iteration:[0m 0
        lingeling found a solution in .129 ms

       | W
     L | 0 1 2 3 
    ------------
     0 | 5 . 3 3 
     1 | 5 . 3 3 
     2 | . . . . 
     3 | . . . . 
     4 | . . . . 
     5 | 1 1 . . 
     6 | 1 1 . . 
     7 | 2 2 6 . 
     8 | 2 2 6 . 
     9 | . . . . 
    10 | 4 . . . 
    11 | 4 . . . 
    
    Boxes' corners:      (w,l)
        Box 1 is at 
            top left     (0,5)
            bottom right (1,6)
    
        Box 2 is at 
            top left     (0,7)
            bottom right (1,8)
    
        Box 3 is at 
            top left     (2,0)
            bottom right (3,1)
    
        Box 4 is at 
            top left     (0,10)
            bottom right (0,11)
    
        Box 5 is at 
            top left     (0,0)
            bottom right (0,1)
    
        Box 6 is at 
            top left     (2,7)
            bottom right (2,8)
    
        Roll length used: 12

    [1;34mTry max length:[0m 11
    [1;34m    At iteration:[0m 1
        lingeling found a solution in .143 ms

       | W
     L | 0 1 2 3 
    ------------
     0 | . . . . 
     1 | . . . . 
     2 | . . . . 
     3 | . . . . 
     4 | . . . . 
     5 | 6 . . 5 
     6 | 6 . . 5 
     7 | 4 . 3 3 
     8 | 4 . 3 3 
     9 | 2 2 1 1 
    10 | 2 2 1 1 
    
    Boxes' corners:      (w,l)
        Box 1 is at 
            top left     (2,9)
            bottom right (3,10)
    
        Box 2 is at 
            top left     (0,9)
            bottom right (1,10)
    
        Box 3 is at 
            top left     (2,7)
            bottom right (3,8)
    
        Box 4 is at 
            top left     (0,7)
            bottom right (0,8)
    
        Box 5 is at 
            top left     (3,5)
            bottom right (3,6)
    
        Box 6 is at 
            top left     (0,5)
            bottom right (0,6)
    
        Roll length used: 11

    [1;34mTry max length:[0m 10
    [1;34m    At iteration:[0m 2
        lingeling found a solution in .124 ms

       | W
     L | 0 1 2 3 
    ------------
     0 | . . . 5 
     1 | . . . 5 
     2 | . . . . 
     3 | . . 3 3 
     4 | 2 2 3 3 
     5 | 2 2 . . 
     6 | . . . 6 
     7 | . . . 6 
     8 | 4 . 1 1 
     9 | 4 . 1 1 
    
    Boxes' corners:      (w,l)
        Box 1 is at 
            top left     (2,8)
            bottom right (3,9)
    
        Box 2 is at 
            top left     (0,4)
            bottom right (1,5)
    
        Box 3 is at 
            top left     (2,3)
            bottom right (3,4)
    
        Box 4 is at 
            top left     (0,8)
            bottom right (0,9)
    
        Box 5 is at 
            top left     (3,0)
            bottom right (3,1)
    
        Box 6 is at 
            top left     (3,6)
            bottom right (3,7)
    
        Roll length used: 10

    [1;34mTry max length:[0m 9
    [1;34m    At iteration:[0m 3
        lingeling found a solution in .105 ms

      | W
    L | 0 1 2 3 
    ------------
    0 | 6 . . . 
    1 | 6 . . . 
    2 | 5 . . . 
    3 | 5 . 2 2 
    4 | 3 3 2 2 
    5 | 3 3 . . 
    6 | . . . . 
    7 | 4 . 1 1 
    8 | 4 . 1 1 
    
    Boxes' corners:      (w,l)
        Box 1 is at 
            top left     (2,7)
            bottom right (3,8)
    
        Box 2 is at 
            top left     (2,3)
            bottom right (3,4)
    
        Box 3 is at 
            top left     (0,4)
            bottom right (1,5)
    
        Box 4 is at 
            top left     (0,7)
            bottom right (0,8)
    
        Box 5 is at 
            top left     (0,2)
            bottom right (0,3)
    
        Box 6 is at 
            top left     (0,0)
            bottom right (0,1)
    
        Roll length used: 9

    [1;34mTry max length:[0m 8
    [1;34m    At iteration:[0m 4
        lingeling found a solution in .078 ms

      | W
    L | 0 1 2 3 
    ------------
    0 | . . 1 1 
    1 | . . 1 1 
    2 | . . . 6 
    3 | . . . 6 
    4 | 5 . . 4 
    5 | 5 . . 4 
    6 | 3 3 2 2 
    7 | 3 3 2 2 
    
    Boxes' corners:      (w,l)
        Box 1 is at 
            top left     (2,0)
            bottom right (3,1)
    
        Box 2 is at 
            top left     (2,6)
            bottom right (3,7)
    
        Box 3 is at 
            top left     (0,6)
            bottom right (1,7)
    
        Box 4 is at 
            top left     (3,4)
            bottom right (3,5)
    
        Box 5 is at 
            top left     (0,4)
            bottom right (0,5)
    
        Box 6 is at 
            top left     (3,2)
            bottom right (3,3)
    
        Roll length used: 8

    [1;34mTry max length:[0m 7
    [1;34m    At iteration:[0m 5
        lingeling found a solution in .061 ms

      | W
    L | 0 1 2 3 
    ------------
    0 | . . . . 
    1 | . . 1 1 
    2 | . 4 1 1 
    3 | . 4 3 3 
    4 | . 5 3 3 
    5 | 6 5 2 2 
    6 | 6 . 2 2 
    
    Boxes' corners:      (w,l)
        Box 1 is at 
            top left     (2,1)
            bottom right (3,2)
    
        Box 2 is at 
            top left     (2,5)
            bottom right (3,6)
    
        Box 3 is at 
            top left     (2,3)
            bottom right (3,4)
    
        Box 4 is at 
            top left     (1,2)
            bottom right (1,3)
    
        Box 5 is at 
            top left     (1,4)
            bottom right (1,5)
    
        Box 6 is at 
            top left     (0,5)
            bottom right (0,6)
    
        Roll length used: 7

    [1;34mTry max length:[0m 6
    [1;34m    At iteration:[0m 6
        lingeling found a solution in .052 ms

      | W
    L | 0 1 2 3 
    ------------
    0 | 4 . . . 
    1 | 4 . . . 
    2 | 5 6 2 2 
    3 | 5 6 2 2 
    4 | 3 3 1 1 
    5 | 3 3 1 1 
    
    Boxes' corners:      (w,l)
        Box 1 is at 
            top left     (2,4)
            bottom right (3,5)
    
        Box 2 is at 
            top left     (2,2)
            bottom right (3,3)
    
        Box 3 is at 
            top left     (0,4)
            bottom right (1,5)
    
        Box 4 is at 
            top left     (0,0)
            bottom right (0,1)
    
        Box 5 is at 
            top left     (0,2)
            bottom right (0,3)
    
        Box 6 is at 
            top left     (1,2)
            bottom right (1,3)
    
        Roll length used: 6

    [1;34mTry max length:[0m 5
    [1;34m    At iteration:[0m 7
        lingeling found a solution in .049 ms

      | W
    L | 0 1 2 3 
    ------------
    0 | 3 3 5 . 
    1 | 3 3 5 4 
    2 | 2 2 . 4 
    3 | 2 2 1 1 
    4 | 6 6 1 1 
    
    Boxes' corners:      (w,l)
        Box 1 is at 
            top left     (2,3)
            bottom right (3,4)
    
        Box 2 is at 
            top left     (0,2)
            bottom right (1,3)
    
        Box 3 is at 
            top left     (0,0)
            bottom right (1,1)
    
        Box 4 is at 
            top left     (3,1)
            bottom right (3,2)
    
        Box 5 is at 
            top left     (2,0)
            bottom right (2,1)
    
        Box 6 is at 
            top left     (0,4)
            bottom right (1,4)
    
        Roll length used: 5

    [1;34mTry max length:[0m 4
    [1;34m    At iteration:[0m 8
        [3;31mlingeling determined unsatisfiability of the Boolean formula[0m
        [1;32mOptimality reached![0m
