dg jun 3 19:38:24 CEST 2018
    [1;34mTry max length:[0m 999999
    [1;34m    At iteration:[0m 0
        lingeling found a solution in .187 ms

       | W
     L | 0 1 2 3 4 5 6 7 8 9 
    -------------------------
     0 | . . . . . . . . . . 
     1 | . . . 2 2 2 . . . . 
     2 | . . . 2 2 2 . . . . 
     3 | . . . 2 2 2 . . . . 
     4 | . . . . . . . . . . 
     5 | . . . . . . . . . . 
     6 | . . . . . . . . . . 
     7 | . . . . 4 4 4 3 3 3 
     8 | . . . . 4 4 4 3 3 3 
     9 | . . . 1 4 4 4 3 3 3 
    
    Boxes' corners:      (w,l)
        Box 1 is at 
            top left     (3,9)
            bottom right (3,9)
    
        Box 2 is at 
            top left     (3,1)
            bottom right (5,3)
    
        Box 3 is at 
            top left     (7,7)
            bottom right (9,9)
    
        Box 4 is at 
            top left     (4,7)
            bottom right (6,9)
    
        Roll length used: 10

    [1;34mTry max length:[0m 9
    [1;34m    At iteration:[0m 1
        lingeling found a solution in .219 ms

      | W
    L | 0 1 2 3 4 5 6 7 8 9 
    -------------------------
    0 | . . . . . . . . . . 
    1 | 3 3 3 . . . . . . . 
    2 | 3 3 3 . . . . . . . 
    3 | 3 3 3 . . . . . . . 
    4 | . . . . . . . . . . 
    5 | . . . . 2 2 2 . . 1 
    6 | . . . . 2 2 2 4 4 4 
    7 | . . . . 2 2 2 4 4 4 
    8 | . . . . . . . 4 4 4 
    
    Boxes' corners:      (w,l)
        Box 1 is at 
            top left     (9,5)
            bottom right (9,5)
    
        Box 2 is at 
            top left     (4,5)
            bottom right (6,7)
    
        Box 3 is at 
            top left     (0,1)
            bottom right (2,3)
    
        Box 4 is at 
            top left     (7,6)
            bottom right (9,8)
    
        Roll length used: 9

    [1;34mTry max length:[0m 8
    [1;34m    At iteration:[0m 2
        lingeling found a solution in .179 ms

      | W
    L | 0 1 2 3 4 5 6 7 8 9 
    -------------------------
    0 | . . . . . . . . . . 
    1 | . . . . . . . . . . 
    2 | . . . . . . . . . . 
    3 | . 2 2 2 . . . . . . 
    4 | . 2 2 2 . . . . . . 
    5 | . 2 2 2 3 3 3 4 4 4 
    6 | . 1 . . 3 3 3 4 4 4 
    7 | . . . . 3 3 3 4 4 4 
    
    Boxes' corners:      (w,l)
        Box 1 is at 
            top left     (1,6)
            bottom right (1,6)
    
        Box 2 is at 
            top left     (1,3)
            bottom right (3,5)
    
        Box 3 is at 
            top left     (4,5)
            bottom right (6,7)
    
        Box 4 is at 
            top left     (7,5)
            bottom right (9,7)
    
        Roll length used: 8

    [1;34mTry max length:[0m 7
    [1;34m    At iteration:[0m 3
        lingeling found a solution in .145 ms

      | W
    L | 0 1 2 3 4 5 6 7 8 9 
    -------------------------
    0 | . . . . . . . . . . 
    1 | . . 2 2 2 . . . . . 
    2 | . . 2 2 2 . . . . . 
    3 | . . 2 2 2 . . . . . 
    4 | 4 4 4 . . . . 3 3 3 
    5 | 4 4 4 . . . . 3 3 3 
    6 | 4 4 4 . . . 1 3 3 3 
    
    Boxes' corners:      (w,l)
        Box 1 is at 
            top left     (6,6)
            bottom right (6,6)
    
        Box 2 is at 
            top left     (2,1)
            bottom right (4,3)
    
        Box 3 is at 
            top left     (7,4)
            bottom right (9,6)
    
        Box 4 is at 
            top left     (0,4)
            bottom right (2,6)
    
        Roll length used: 7

    [1;34mTry max length:[0m 6
    [1;34m    At iteration:[0m 4
        lingeling found a solution in .111 ms

      | W
    L | 0 1 2 3 4 5 6 7 8 9 
    -------------------------
    0 | . . . 2 2 2 . . . . 
    1 | . . . 2 2 2 . . . . 
    2 | . . . 2 2 2 . . . . 
    3 | . . . . 4 4 4 3 3 3 
    4 | . . . . 4 4 4 3 3 3 
    5 | . . . 1 4 4 4 3 3 3 
    
    Boxes' corners:      (w,l)
        Box 1 is at 
            top left     (3,5)
            bottom right (3,5)
    
        Box 2 is at 
            top left     (3,0)
            bottom right (5,2)
    
        Box 3 is at 
            top left     (7,3)
            bottom right (9,5)
    
        Box 4 is at 
            top left     (4,3)
            bottom right (6,5)
    
        Roll length used: 6

    [1;34mTry max length:[0m 5
    [1;34m    At iteration:[0m 5
        lingeling found a solution in .084 ms

      | W
    L | 0 1 2 3 4 5 6 7 8 9 
    -------------------------
    0 | . . . . 3 3 3 . . 1 
    1 | 4 4 4 . 3 3 3 . . . 
    2 | 4 4 4 . 3 3 3 2 2 2 
    3 | 4 4 4 . . . . 2 2 2 
    4 | . . . . . . . 2 2 2 
    
    Boxes' corners:      (w,l)
        Box 1 is at 
            top left     (9,0)
            bottom right (9,0)
    
        Box 2 is at 
            top left     (7,2)
            bottom right (9,4)
    
        Box 3 is at 
            top left     (4,0)
            bottom right (6,2)
    
        Box 4 is at 
            top left     (0,1)
            bottom right (2,3)
    
        Roll length used: 5

    [1;34mTry max length:[0m 4
    [1;34m    At iteration:[0m 6
        lingeling found a solution in .066 ms

      | W
    L | 0 1 2 3 4 5 6 7 8 9 
    -------------------------
    0 | . . . 3 3 3 . . . . 
    1 | 4 4 4 3 3 3 2 2 2 . 
    2 | 4 4 4 3 3 3 2 2 2 . 
    3 | 4 4 4 . . . 2 2 2 1 
    
    Boxes' corners:      (w,l)
        Box 1 is at 
            top left     (9,3)
            bottom right (9,3)
    
        Box 2 is at 
            top left     (6,1)
            bottom right (8,3)
    
        Box 3 is at 
            top left     (3,0)
            bottom right (5,2)
    
        Box 4 is at 
            top left     (0,1)
            bottom right (2,3)
    
        Roll length used: 4

    [1;34mTry max length:[0m 3
    [1;34m    At iteration:[0m 7
        lingeling found a solution in .039 ms

      | W
    L | 0 1 2 3 4 5 6 7 8 9 
    -------------------------
    0 | 4 4 4 2 2 2 3 3 3 . 
    1 | 4 4 4 2 2 2 3 3 3 1 
    2 | 4 4 4 2 2 2 3 3 3 . 
    
    Boxes' corners:      (w,l)
        Box 1 is at 
            top left     (9,1)
            bottom right (9,1)
    
        Box 2 is at 
            top left     (3,0)
            bottom right (5,2)
    
        Box 3 is at 
            top left     (6,0)
            bottom right (8,2)
    
        Box 4 is at 
            top left     (0,0)
            bottom right (2,2)
    
        Roll length used: 3

    [1;34mTry max length:[0m 2
    [1;34m    At iteration:[0m 8
        [3;31mlingeling determined unsatisfiability of the Boolean formula[0m
        [1;32mOptimality reached![0m
