dg jun 3 19:36:09 CEST 2018
    [1;34mTry max length:[0m 999999
    [1;34m    At iteration:[0m 0
        lingeling found a solution in 1.752 ms

       | W
     L | 0 1 2 3 4  5  6  7  8 
    --------------------------
     0 | . . . . . 11 11 11 11 
     1 | . . . . . 11 11 11 11 
     2 | . . . . . 11 11 11 11 
     3 | . . 2 2 2  2  2  2  . 
     4 | . . 2 2 2  2  2  2  . 
     5 | . . . . .  .  .  .  . 
     6 | . . . . .  .  .  .  . 
     7 | . . . . .  .  .  .  . 
     8 | . . . . .  .  .  .  . 
     9 | . . . . .  .  .  .  . 
    10 | . . . . .  .  .  .  . 
    11 | . . . . .  .  .  .  . 
    12 | . . . . .  .  .  .  . 
    13 | . . . . .  .  .  .  . 
    14 | . . . . .  .  .  .  . 
    15 | . . . . .  .  .  .  . 
    16 | . . . . .  .  .  .  . 
    17 | . . . . .  .  .  .  . 
    18 | . . . . .  .  .  .  . 
    19 | . . . . .  .  .  .  . 
    20 | . . . . .  .  .  .  . 
    21 | . . . . .  .  .  .  . 
    22 | . . . . .  .  .  . 10 
    23 | . . . . .  .  .  . 10 
    24 | 8 . . . .  .  .  .  9 
    25 | 8 . . . .  .  .  .  9 
    26 | 7 . . . .  .  .  .  6 
    27 | 7 . . . .  .  .  .  6 
    28 | 5 5 4 1 1  1  1  1  1 
    29 | 5 5 3 1 1  1  1  1  1 
    
    Boxes' corners:       (w,l)
        Box  1 is at 
            top left     (3,28)
            bottom right (8,29)
    
        Box  2 is at 
            top left     (2,3)
            bottom right (7,4)
    
        Box  3 is at 
            top left     (2,29)
            bottom right (2,29)
    
        Box  4 is at 
            top left     (2,28)
            bottom right (2,28)
    
        Box  5 is at 
            top left     (0,28)
            bottom right (1,29)
    
        Box  6 is at 
            top left     (8,26)
            bottom right (8,27)
    
        Box  7 is at 
            top left     (0,26)
            bottom right (0,27)
    
        Box  8 is at 
            top left     (0,24)
            bottom right (0,25)
    
        Box  9 is at 
            top left     (8,24)
            bottom right (8,25)
    
        Box 10 is at 
            top left     (8,22)
            bottom right (8,23)
    
        Box 11 is at 
            top left     (5,0)
            bottom right (8,2)
    
        Roll length used: 30

    [1;34mTry max length:[0m 29
    [1;34m    At iteration:[0m 1
        lingeling found a solution in 1.758 ms

       | W
     L | 0 1 2 3 4  5  6  7  8 
    --------------------------
     0 | . . . 1 1  1  1  1  1 
     1 | . . . 1 1  1  1  1  1 
     2 | . 2 2 2 2  2  2  .  . 
     3 | . 2 2 2 2  2  2  .  . 
     4 | . . . . .  .  .  .  . 
     5 | . . . . .  .  .  .  . 
     6 | . . . . .  .  .  .  . 
     7 | . . . . .  .  .  .  . 
     8 | . . . . .  .  .  .  . 
     9 | . . . . .  .  .  .  . 
    10 | . . . . .  .  .  .  . 
    11 | . . . . .  .  .  .  . 
    12 | . . . . .  .  .  .  . 
    13 | . . . . .  .  .  .  . 
    14 | . . . . .  .  .  .  . 
    15 | . . . . .  .  .  .  . 
    16 | . . . . .  .  .  .  . 
    17 | . . . . .  .  .  .  . 
    18 | . . . . .  .  .  .  . 
    19 | . . . . .  .  .  .  . 
    20 | . . . . .  .  .  .  . 
    21 | . . . . .  .  .  .  . 
    22 | . . . . .  .  .  . 10 
    23 | 9 . . . .  .  .  . 10 
    24 | 9 . . . .  .  .  .  8 
    25 | 7 . . . .  .  .  .  8 
    26 | 7 . . . . 11 11 11 11 
    27 | 6 . . 5 5 11 11 11 11 
    28 | 6 4 3 5 5 11 11 11 11 
    
    Boxes' corners:       (w,l)
        Box  1 is at 
            top left     (3,0)
            bottom right (8,1)
    
        Box  2 is at 
            top left     (1,2)
            bottom right (6,3)
    
        Box  3 is at 
            top left     (2,28)
            bottom right (2,28)
    
        Box  4 is at 
            top left     (1,28)
            bottom right (1,28)
    
        Box  5 is at 
            top left     (3,27)
            bottom right (4,28)
    
        Box  6 is at 
            top left     (0,27)
            bottom right (0,28)
    
        Box  7 is at 
            top left     (0,25)
            bottom right (0,26)
    
        Box  8 is at 
            top left     (8,24)
            bottom right (8,25)
    
        Box  9 is at 
            top left     (0,23)
            bottom right (0,24)
    
        Box 10 is at 
            top left     (8,22)
            bottom right (8,23)
    
        Box 11 is at 
            top left     (5,26)
            bottom right (8,28)
    
        Roll length used: 29

    [1;34mTry max length:[0m 28
    [1;34m    At iteration:[0m 2
        lingeling found a solution in 1.532 ms

       | W
     L |  0 1 2 3 4  5  6  7  8 
    ---------------------------
     0 |  2 2 2 2 2  2  .  .  . 
     1 |  2 2 2 2 2  2  .  .  . 
     2 |  . . 1 1 1  1  1  1  . 
     3 |  . . 1 1 1  1  1  1  . 
     4 |  . . . . .  .  .  .  . 
     5 |  . . . . .  .  .  .  . 
     6 |  . . . . .  .  .  .  . 
     7 |  . . . . .  .  .  .  . 
     8 |  . . . . .  .  .  .  . 
     9 |  . . . . .  .  .  .  . 
    10 |  . . . . .  .  .  .  . 
    11 |  . . . . .  .  .  .  . 
    12 |  . . . . .  .  .  .  . 
    13 |  . . . . .  .  .  .  . 
    14 |  . . . . .  .  .  .  . 
    15 |  . . . . .  .  .  .  . 
    16 |  . . . . .  .  .  .  . 
    17 |  . . . . .  .  .  .  . 
    18 | 10 . . . .  .  .  .  . 
    19 | 10 . . . .  .  .  .  . 
    20 |  9 . . . .  .  .  .  . 
    21 |  9 . . . .  .  .  .  . 
    22 |  8 . . . .  .  .  .  . 
    23 |  8 . . . .  .  .  .  . 
    24 |  7 . . . .  .  .  .  . 
    25 |  7 . . . . 11 11 11 11 
    26 |  6 . . 5 5 11 11 11 11 
    27 |  6 4 3 5 5 11 11 11 11 
    
    Boxes' corners:       (w,l)
        Box  1 is at 
            top left     (2,2)
            bottom right (7,3)
    
        Box  2 is at 
            top left     (0,0)
            bottom right (5,1)
    
        Box  3 is at 
            top left     (2,27)
            bottom right (2,27)
    
        Box  4 is at 
            top left     (1,27)
            bottom right (1,27)
    
        Box  5 is at 
            top left     (3,26)
            bottom right (4,27)
    
        Box  6 is at 
            top left     (0,26)
            bottom right (0,27)
    
        Box  7 is at 
            top left     (0,24)
            bottom right (0,25)
    
        Box  8 is at 
            top left     (0,22)
            bottom right (0,23)
    
        Box  9 is at 
            top left     (0,20)
            bottom right (0,21)
    
        Box 10 is at 
            top left     (0,18)
            bottom right (0,19)
    
        Box 11 is at 
            top left     (5,25)
            bottom right (8,27)
    
        Roll length used: 28

    [1;34mTry max length:[0m 27
    [1;34m    At iteration:[0m 3
        lingeling found a solution in 1.412 ms

       | W
     L | 0 1 2 3 4  5  6  7  8 
    --------------------------
     0 | . . . . . 11 11 11 11 
     1 | . . . . . 11 11 11 11 
     2 | . . . . . 11 11 11 11 
     3 | 2 2 2 2 2  2  .  .  . 
     4 | 2 2 2 2 2  2  .  .  . 
     5 | . . . . .  .  .  .  . 
     6 | . . . . .  .  .  .  . 
     7 | . . . . .  .  .  .  . 
     8 | . . . . .  .  .  .  . 
     9 | . . . . .  .  .  .  . 
    10 | . . . . .  .  .  .  . 
    11 | . . . . .  .  .  .  . 
    12 | . . . . .  .  .  .  . 
    13 | . . . . .  .  .  .  . 
    14 | . . . . .  .  .  .  . 
    15 | . . . . .  .  .  .  . 
    16 | . . . . .  .  .  .  . 
    17 | . . . . .  .  .  .  . 
    18 | . . . . .  .  .  .  . 
    19 | . . . . .  .  .  . 10 
    20 | . . . . .  .  .  . 10 
    21 | 9 . . . .  .  .  .  8 
    22 | 9 . . . .  .  .  .  8 
    23 | 7 . . . .  .  .  .  6 
    24 | 7 . . . .  .  .  .  6 
    25 | 1 1 1 1 1  1  4  5  5 
    26 | 1 1 1 1 1  1  3  5  5 
    
    Boxes' corners:       (w,l)
        Box  1 is at 
            top left     (0,25)
            bottom right (5,26)
    
        Box  2 is at 
            top left     (0,3)
            bottom right (5,4)
    
        Box  3 is at 
            top left     (6,26)
            bottom right (6,26)
    
        Box  4 is at 
            top left     (6,25)
            bottom right (6,25)
    
        Box  5 is at 
            top left     (7,25)
            bottom right (8,26)
    
        Box  6 is at 
            top left     (8,23)
            bottom right (8,24)
    
        Box  7 is at 
            top left     (0,23)
            bottom right (0,24)
    
        Box  8 is at 
            top left     (8,21)
            bottom right (8,22)
    
        Box  9 is at 
            top left     (0,21)
            bottom right (0,22)
    
        Box 10 is at 
            top left     (8,19)
            bottom right (8,20)
    
        Box 11 is at 
            top left     (5,0)
            bottom right (8,2)
    
        Roll length used: 27

    [1;34mTry max length:[0m 26
    [1;34m    At iteration:[0m 4
        lingeling found a solution in 1.345 ms

       | W
     L |  0 1 2 3 4  5  6  7  8 
    ---------------------------
     0 |  . . . . . 11 11 11 11 
     1 |  . . . . . 11 11 11 11 
     2 |  . . . . . 11 11 11 11 
     3 |  . . . 1 1  1  1  1  1 
     4 |  . . . 1 1  1  1  1  1 
     5 |  . . . . .  .  .  .  . 
     6 |  . . . . .  .  .  .  . 
     7 |  . . . . .  .  .  .  . 
     8 |  . . . . .  .  .  .  . 
     9 |  . . . . .  .  .  .  . 
    10 |  . . . . .  .  .  .  . 
    11 |  . . . . .  .  .  .  . 
    12 |  . . . . .  .  .  .  . 
    13 |  . . . . .  .  .  .  . 
    14 |  . . . . .  .  .  .  . 
    15 |  . . . . .  .  .  .  . 
    16 |  . . . . .  .  .  .  . 
    17 |  . . . . .  .  .  .  . 
    18 |  . . . . .  .  .  .  . 
    19 |  . . . . .  .  .  .  . 
    20 | 10 . . . .  .  .  .  9 
    21 | 10 . . . .  .  .  .  9 
    22 |  8 . . . .  .  .  .  7 
    23 |  8 . . . .  .  4  3  7 
    24 |  6 2 2 2 2  2  2  5  5 
    25 |  6 2 2 2 2  2  2  5  5 
    
    Boxes' corners:       (w,l)
        Box  1 is at 
            top left     (3,3)
            bottom right (8,4)
    
        Box  2 is at 
            top left     (1,24)
            bottom right (6,25)
    
        Box  3 is at 
            top left     (7,23)
            bottom right (7,23)
    
        Box  4 is at 
            top left     (6,23)
            bottom right (6,23)
    
        Box  5 is at 
            top left     (7,24)
            bottom right (8,25)
    
        Box  6 is at 
            top left     (0,24)
            bottom right (0,25)
    
        Box  7 is at 
            top left     (8,22)
            bottom right (8,23)
    
        Box  8 is at 
            top left     (0,22)
            bottom right (0,23)
    
        Box  9 is at 
            top left     (8,20)
            bottom right (8,21)
    
        Box 10 is at 
            top left     (0,20)
            bottom right (0,21)
    
        Box 11 is at 
            top left     (5,0)
            bottom right (8,2)
    
        Roll length used: 26

    [1;34mTry max length:[0m 25
    [1;34m    At iteration:[0m 5
        lingeling found a solution in 1.276 ms

       | W
     L | 0 1 2 3 4  5  6  7  8 
    --------------------------
     0 | . . . . . 11 11 11 11 
     1 | . . . . . 11 11 11 11 
     2 | . . . . . 11 11 11 11 
     3 | . . . . .  .  .  .  . 
     4 | . . . . .  .  .  .  . 
     5 | . . . . .  .  .  .  . 
     6 | . . . . .  .  .  .  . 
     7 | . . . . .  .  .  .  . 
     8 | . . . . .  .  .  .  . 
     9 | . . . . .  .  .  .  . 
    10 | . . . . .  .  .  .  . 
    11 | . . . . .  .  .  .  . 
    12 | . . . . .  .  .  .  . 
    13 | . . . . .  .  .  .  . 
    14 | . . . . .  .  .  .  . 
    15 | . . . . .  .  .  . 10 
    16 | . . . . .  .  .  . 10 
    17 | 9 . . . .  .  .  .  7 
    18 | 9 . . . .  .  .  .  7 
    19 | 6 . . . .  .  .  .  8 
    20 | 6 . . . .  .  .  .  8 
    21 | 5 5 . 1 1  1  1  1  1 
    22 | 5 5 . 1 1  1  1  1  1 
    23 | 2 2 2 2 2  2  .  .  . 
    24 | 2 2 2 2 2  2  .  4  3 
    
    Boxes' corners:       (w,l)
        Box  1 is at 
            top left     (3,21)
            bottom right (8,22)
    
        Box  2 is at 
            top left     (0,23)
            bottom right (5,24)
    
        Box  3 is at 
            top left     (8,24)
            bottom right (8,24)
    
        Box  4 is at 
            top left     (7,24)
            bottom right (7,24)
    
        Box  5 is at 
            top left     (0,21)
            bottom right (1,22)
    
        Box  6 is at 
            top left     (0,19)
            bottom right (0,20)
    
        Box  7 is at 
            top left     (8,17)
            bottom right (8,18)
    
        Box  8 is at 
            top left     (8,19)
            bottom right (8,20)
    
        Box  9 is at 
            top left     (0,17)
            bottom right (0,18)
    
        Box 10 is at 
            top left     (8,15)
            bottom right (8,16)
    
        Box 11 is at 
            top left     (5,0)
            bottom right (8,2)
    
        Roll length used: 25

    [1;34mTry max length:[0m 24
    [1;34m    At iteration:[0m 6
        lingeling found a solution in 1.192 ms

       | W
     L |  0 1 2 3 4  5  6  7  8 
    ---------------------------
     0 |  . . . . . 11 11 11 11 
     1 |  . . . . . 11 11 11 11 
     2 |  . . . . . 11 11 11 11 
     3 |  . . . . .  .  .  .  . 
     4 |  . . . . .  .  .  .  . 
     5 |  . . . . .  .  .  .  . 
     6 |  . . . . .  .  .  .  . 
     7 |  . . . . .  .  .  .  . 
     8 |  . . . . .  .  .  .  . 
     9 |  . . . . .  .  .  .  . 
    10 |  . . . . .  .  .  .  . 
    11 |  . . . . .  .  .  .  . 
    12 |  . . . . .  .  .  .  . 
    13 |  . . . . .  .  .  .  . 
    14 |  . . . . .  .  .  .  . 
    15 | 10 . . . .  .  .  .  . 
    16 | 10 . . . .  .  .  .  . 
    17 |  1 1 1 1 1  1  .  .  . 
    18 |  1 1 1 1 1  1  .  .  9 
    19 |  . . . . .  .  .  .  9 
    20 |  7 . . . .  .  .  .  8 
    21 |  7 . . . .  .  4  3  8 
    22 |  6 2 2 2 2  2  2  5  5 
    23 |  6 2 2 2 2  2  2  5  5 
    
    Boxes' corners:       (w,l)
        Box  1 is at 
            top left     (0,17)
            bottom right (5,18)
    
        Box  2 is at 
            top left     (1,22)
            bottom right (6,23)
    
        Box  3 is at 
            top left     (7,21)
            bottom right (7,21)
    
        Box  4 is at 
            top left     (6,21)
            bottom right (6,21)
    
        Box  5 is at 
            top left     (7,22)
            bottom right (8,23)
    
        Box  6 is at 
            top left     (0,22)
            bottom right (0,23)
    
        Box  7 is at 
            top left     (0,20)
            bottom right (0,21)
    
        Box  8 is at 
            top left     (8,20)
            bottom right (8,21)
    
        Box  9 is at 
            top left     (8,18)
            bottom right (8,19)
    
        Box 10 is at 
            top left     (0,15)
            bottom right (0,16)
    
        Box 11 is at 
            top left     (5,0)
            bottom right (8,2)
    
        Roll length used: 24

    [1;34mTry max length:[0m 23
    [1;34m    At iteration:[0m 7
        lingeling found a solution in 1.134 ms

       | W
     L |  0  1  2  3 4 5 6 7  8 
    ---------------------------
     0 | 11 11 11 11 . . . .  . 
     1 | 11 11 11 11 . . . .  . 
     2 | 11 11 11 11 . . . .  . 
     3 |  .  .  2  2 2 2 2 2  . 
     4 |  .  .  2  2 2 2 2 2  . 
     5 |  .  .  .  . . . . .  . 
     6 |  .  .  .  . . . . .  . 
     7 |  .  .  .  . . . . .  . 
     8 |  .  .  .  . . . . .  . 
     9 |  .  .  .  . . . . .  . 
    10 |  .  .  .  . . . . .  . 
    11 |  .  .  .  . . . . .  . 
    12 |  .  .  .  . . . . .  . 
    13 |  .  .  .  . . . . .  . 
    14 |  .  .  .  . . . . .  . 
    15 |  9  .  .  . . . . .  . 
    16 |  9  .  .  . . . . .  . 
    17 |  8  .  .  . . . . . 10 
    18 |  8  .  .  . . . . . 10 
    19 |  6  .  .  . . . . .  7 
    20 |  6  .  .  . . . . .  7 
    21 |  5  5  4  1 1 1 1 1  1 
    22 |  5  5  3  1 1 1 1 1  1 
    
    Boxes' corners:       (w,l)
        Box  1 is at 
            top left     (3,21)
            bottom right (8,22)
    
        Box  2 is at 
            top left     (2,3)
            bottom right (7,4)
    
        Box  3 is at 
            top left     (2,22)
            bottom right (2,22)
    
        Box  4 is at 
            top left     (2,21)
            bottom right (2,21)
    
        Box  5 is at 
            top left     (0,21)
            bottom right (1,22)
    
        Box  6 is at 
            top left     (0,19)
            bottom right (0,20)
    
        Box  7 is at 
            top left     (8,19)
            bottom right (8,20)
    
        Box  8 is at 
            top left     (0,17)
            bottom right (0,18)
    
        Box  9 is at 
            top left     (0,15)
            bottom right (0,16)
    
        Box 10 is at 
            top left     (8,17)
            bottom right (8,18)
    
        Box 11 is at 
            top left     (0,0)
            bottom right (3,2)
    
        Roll length used: 23

    [1;34mTry max length:[0m 22
    [1;34m    At iteration:[0m 8
        lingeling found a solution in .983 ms

       | W
     L | 0 1 2 3 4  5  6  7  8 
    --------------------------
     0 | . . . 2 2  2  2  2  2 
     1 | . . . 2 2  2  2  2  2 
     2 | . 1 1 1 1  1  1  .  . 
     3 | . 1 1 1 1  1  1  .  . 
     4 | . . . . .  .  .  .  . 
     5 | . . . . .  .  .  .  . 
     6 | . . . . .  .  .  .  . 
     7 | . . . . .  .  .  .  . 
     8 | . . . . .  .  .  .  . 
     9 | . . . . .  .  .  .  . 
    10 | . . . . .  .  .  .  . 
    11 | . . . . .  .  .  .  . 
    12 | . . . . .  .  .  .  . 
    13 | . . . . .  .  .  .  . 
    14 | 9 . . . .  .  .  .  . 
    15 | 9 . . . .  .  .  . 10 
    16 | 8 . . . .  .  .  . 10 
    17 | 8 . . . .  .  .  .  . 
    18 | 7 . . . .  .  .  .  . 
    19 | 7 . . . . 11 11 11 11 
    20 | 6 . . 5 5 11 11 11 11 
    21 | 6 4 3 5 5 11 11 11 11 
    
    Boxes' corners:       (w,l)
        Box  1 is at 
            top left     (1,2)
            bottom right (6,3)
    
        Box  2 is at 
            top left     (3,0)
            bottom right (8,1)
    
        Box  3 is at 
            top left     (2,21)
            bottom right (2,21)
    
        Box  4 is at 
            top left     (1,21)
            bottom right (1,21)
    
        Box  5 is at 
            top left     (3,20)
            bottom right (4,21)
    
        Box  6 is at 
            top left     (0,20)
            bottom right (0,21)
    
        Box  7 is at 
            top left     (0,18)
            bottom right (0,19)
    
        Box  8 is at 
            top left     (0,16)
            bottom right (0,17)
    
        Box  9 is at 
            top left     (0,14)
            bottom right (0,15)
    
        Box 10 is at 
            top left     (8,15)
            bottom right (8,16)
    
        Box 11 is at 
            top left     (5,19)
            bottom right (8,21)
    
        Roll length used: 22

    [1;34mTry max length:[0m 21
    [1;34m    At iteration:[0m 9
        lingeling found a solution in .973 ms

       | W
     L | 0 1 2 3 4  5  6  7  8 
    --------------------------
     0 | . . . . . 11 11 11 11 
     1 | . . . . . 11 11 11 11 
     2 | . . . . . 11 11 11 11 
     3 | . . . . .  .  .  .  . 
     4 | . . . . .  .  .  .  . 
     5 | . . . . .  .  .  .  . 
     6 | . . . . .  .  .  .  . 
     7 | . . . . .  .  .  .  . 
     8 | . . . . .  .  .  .  . 
     9 | . . . . .  .  .  .  . 
    10 | . . . . .  .  .  .  . 
    11 | . . . . .  .  .  .  . 
    12 | . . . . .  .  .  .  . 
    13 | . . . . .  .  .  .  . 
    14 | . . . . .  .  .  . 10 
    15 | 9 . . . .  .  .  . 10 
    16 | 9 . 2 2 2  2  2  2  . 
    17 | 7 . 2 2 2  2  2  2  8 
    18 | 7 . . . .  .  4  3  8 
    19 | 5 5 1 1 1  1  1  1  6 
    20 | 5 5 1 1 1  1  1  1  6 
    
    Boxes' corners:       (w,l)
        Box  1 is at 
            top left     (2,19)
            bottom right (7,20)
    
        Box  2 is at 
            top left     (2,16)
            bottom right (7,17)
    
        Box  3 is at 
            top left     (7,18)
            bottom right (7,18)
    
        Box  4 is at 
            top left     (6,18)
            bottom right (6,18)
    
        Box  5 is at 
            top left     (0,19)
            bottom right (1,20)
    
        Box  6 is at 
            top left     (8,19)
            bottom right (8,20)
    
        Box  7 is at 
            top left     (0,17)
            bottom right (0,18)
    
        Box  8 is at 
            top left     (8,17)
            bottom right (8,18)
    
        Box  9 is at 
            top left     (0,15)
            bottom right (0,16)
    
        Box 10 is at 
            top left     (8,14)
            bottom right (8,15)
    
        Box 11 is at 
            top left     (5,0)
            bottom right (8,2)
    
        Roll length used: 21

    [1;34mTry max length:[0m 20
    [1;34m    At iteration:[0m 10
        lingeling found a solution in .901 ms

       | W
     L |  0  1  2  3 4 5 6 7  8 
    ---------------------------
     0 | 11 11 11 11 . . . .  . 
     1 | 11 11 11 11 . . . .  . 
     2 | 11 11 11 11 . . . .  . 
     3 |  .  .  .  . . . . .  . 
     4 |  .  .  .  . . . . .  . 
     5 |  .  .  .  . . . . .  . 
     6 |  .  .  .  . . . . .  . 
     7 |  .  .  .  . . . . .  . 
     8 |  .  .  .  . . . . .  . 
     9 |  .  .  .  . . . . .  . 
    10 |  .  .  .  . . . . .  . 
    11 |  .  .  .  . . . . .  . 
    12 |  9  .  .  . . . . .  . 
    13 |  9  .  .  . . . . .  8 
    14 |  6  .  .  . . . . .  8 
    15 |  6  .  .  . . . . .  . 
    16 |  1  1  1  1 1 1 . . 10 
    17 |  1  1  1  1 1 1 4 3 10 
    18 |  5  5  2  2 2 2 2 2  7 
    19 |  5  5  2  2 2 2 2 2  7 
    
    Boxes' corners:       (w,l)
        Box  1 is at 
            top left     (0,16)
            bottom right (5,17)
    
        Box  2 is at 
            top left     (2,18)
            bottom right (7,19)
    
        Box  3 is at 
            top left     (7,17)
            bottom right (7,17)
    
        Box  4 is at 
            top left     (6,17)
            bottom right (6,17)
    
        Box  5 is at 
            top left     (0,18)
            bottom right (1,19)
    
        Box  6 is at 
            top left     (0,14)
            bottom right (0,15)
    
        Box  7 is at 
            top left     (8,18)
            bottom right (8,19)
    
        Box  8 is at 
            top left     (8,13)
            bottom right (8,14)
    
        Box  9 is at 
            top left     (0,12)
            bottom right (0,13)
    
        Box 10 is at 
            top left     (8,16)
            bottom right (8,17)
    
        Box 11 is at 
            top left     (0,0)
            bottom right (3,2)
    
        Roll length used: 20

    [1;34mTry max length:[0m 19
    [1;34m    At iteration:[0m 11
        lingeling found a solution in .840 ms

       | W
     L |  0  1  2  3 4 5 6 7 8 
    --------------------------
     0 | 11 11 11 11 . . . . . 
     1 | 11 11 11 11 . . . . . 
     2 | 11 11 11 11 . . . . . 
     3 |  2  2  2  2 2 2 . . . 
     4 |  2  2  2  2 2 2 . . . 
     5 |  .  .  .  . . . . . . 
     6 |  .  .  .  . . . . . . 
     7 |  .  .  .  . . . . . . 
     8 |  .  .  .  . . . . . . 
     9 |  .  .  .  . . . . . . 
    10 |  .  .  .  . . . . . . 
    11 | 10  .  .  . . . . . . 
    12 | 10  .  .  . . . . . . 
    13 |  9  .  .  . . . . . . 
    14 |  9  .  .  . . . . . . 
    15 |  7  .  .  . . . . . 8 
    16 |  7  .  .  . . . 4 3 8 
    17 |  6  1  1  1 1 1 1 5 5 
    18 |  6  1  1  1 1 1 1 5 5 
    
    Boxes' corners:       (w,l)
        Box  1 is at 
            top left     (1,17)
            bottom right (6,18)
    
        Box  2 is at 
            top left     (0,3)
            bottom right (5,4)
    
        Box  3 is at 
            top left     (7,16)
            bottom right (7,16)
    
        Box  4 is at 
            top left     (6,16)
            bottom right (6,16)
    
        Box  5 is at 
            top left     (7,17)
            bottom right (8,18)
    
        Box  6 is at 
            top left     (0,17)
            bottom right (0,18)
    
        Box  7 is at 
            top left     (0,15)
            bottom right (0,16)
    
        Box  8 is at 
            top left     (8,15)
            bottom right (8,16)
    
        Box  9 is at 
            top left     (0,13)
            bottom right (0,14)
    
        Box 10 is at 
            top left     (0,11)
            bottom right (0,12)
    
        Box 11 is at 
            top left     (0,0)
            bottom right (3,2)
    
        Roll length used: 19

    [1;34mTry max length:[0m 18
    [1;34m    At iteration:[0m 12
        lingeling found a solution in .717 ms

       | W
     L |  0  1  2  3 4 5 6 7 8 
    --------------------------
     0 | 11 11 11 11 . . . . . 
     1 | 11 11 11 11 . . . . . 
     2 | 11 11 11 11 . . . . . 
     3 |  .  2  2  2 2 2 2 . . 
     4 |  .  2  2  2 2 2 2 . . 
     5 |  .  .  .  . . . . . . 
     6 |  .  .  .  . . . . . . 
     7 |  .  .  .  . . . . . . 
     8 |  .  .  .  . . . . . . 
     9 |  .  .  .  . . . . . . 
    10 | 10  .  .  . . . . . . 
    11 | 10  .  .  . . . . . . 
    12 |  8  .  .  . . . . . 9 
    13 |  8  .  .  . . . . . 9 
    14 |  7  .  .  . . . . . . 
    15 |  7  .  .  . . . . 4 3 
    16 |  6  1  1  1 1 1 1 5 5 
    17 |  6  1  1  1 1 1 1 5 5 
    
    Boxes' corners:       (w,l)
        Box  1 is at 
            top left     (1,16)
            bottom right (6,17)
    
        Box  2 is at 
            top left     (1,3)
            bottom right (6,4)
    
        Box  3 is at 
            top left     (8,15)
            bottom right (8,15)
    
        Box  4 is at 
            top left     (7,15)
            bottom right (7,15)
    
        Box  5 is at 
            top left     (7,16)
            bottom right (8,17)
    
        Box  6 is at 
            top left     (0,16)
            bottom right (0,17)
    
        Box  7 is at 
            top left     (0,14)
            bottom right (0,15)
    
        Box  8 is at 
            top left     (0,12)
            bottom right (0,13)
    
        Box  9 is at 
            top left     (8,12)
            bottom right (8,13)
    
        Box 10 is at 
            top left     (0,10)
            bottom right (0,11)
    
        Box 11 is at 
            top left     (0,0)
            bottom right (3,2)
    
        Roll length used: 18

    [1;34mTry max length:[0m 17
    [1;34m    At iteration:[0m 13
        lingeling found a solution in .709 ms

       | W
     L |  0 1 2 3 4  5  6  7  8 
    ---------------------------
     0 |  . . 1 1 1  1  1  1  . 
     1 |  . . 1 1 1  1  1  1  . 
     2 |  2 2 2 2 2  2  .  .  . 
     3 |  2 2 2 2 2  2  .  .  . 
     4 |  . . . . .  .  .  .  . 
     5 |  . . . . .  .  .  .  . 
     6 |  . . . . .  .  .  .  . 
     7 |  . . . . .  .  .  .  . 
     8 |  . . . . .  .  .  .  . 
     9 | 10 . . . .  .  .  .  9 
    10 | 10 . . . .  .  .  .  9 
    11 |  8 . . . .  .  .  .  . 
    12 |  8 . . . .  .  .  .  . 
    13 |  7 . . . .  .  .  .  . 
    14 |  7 . . . . 11 11 11 11 
    15 |  6 . . 5 5 11 11 11 11 
    16 |  6 4 3 5 5 11 11 11 11 
    
    Boxes' corners:       (w,l)
        Box  1 is at 
            top left     (2,0)
            bottom right (7,1)
    
        Box  2 is at 
            top left     (0,2)
            bottom right (5,3)
    
        Box  3 is at 
            top left     (2,16)
            bottom right (2,16)
    
        Box  4 is at 
            top left     (1,16)
            bottom right (1,16)
    
        Box  5 is at 
            top left     (3,15)
            bottom right (4,16)
    
        Box  6 is at 
            top left     (0,15)
            bottom right (0,16)
    
        Box  7 is at 
            top left     (0,13)
            bottom right (0,14)
    
        Box  8 is at 
            top left     (0,11)
            bottom right (0,12)
    
        Box  9 is at 
            top left     (8,9)
            bottom right (8,10)
    
        Box 10 is at 
            top left     (0,9)
            bottom right (0,10)
    
        Box 11 is at 
            top left     (5,14)
            bottom right (8,16)
    
        Roll length used: 17

    [1;34mTry max length:[0m 16
    [1;34m    At iteration:[0m 14
        lingeling found a solution in 1.052 ms

       | W
     L | 0 1 2 3 4  5  6  7  8 
    --------------------------
     0 | . . . . . 11 11 11 11 
     1 | . . . . . 11 11 11 11 
     2 | . . . . . 11 11 11 11 
     3 | . . . 1 1  1  1  1  1 
     4 | . . . 1 1  1  1  1  1 
     5 | . . . . .  .  .  .  . 
     6 | . . . . .  .  .  .  . 
     7 | . . . . .  .  .  .  . 
     8 | 9 . . . .  .  .  .  . 
     9 | 9 . . . .  .  .  .  . 
    10 | 8 . . . .  .  .  . 10 
    11 | 8 . . . .  .  .  . 10 
    12 | 7 . . . .  .  .  .  . 
    13 | 7 . . . 4  3  .  .  . 
    14 | 5 5 2 2 2  2  2  2  6 
    15 | 5 5 2 2 2  2  2  2  6 
    
    Boxes' corners:       (w,l)
        Box  1 is at 
            top left     (3,3)
            bottom right (8,4)
    
        Box  2 is at 
            top left     (2,14)
            bottom right (7,15)
    
        Box  3 is at 
            top left     (5,13)
            bottom right (5,13)
    
        Box  4 is at 
            top left     (4,13)
            bottom right (4,13)
    
        Box  5 is at 
            top left     (0,14)
            bottom right (1,15)
    
        Box  6 is at 
            top left     (8,14)
            bottom right (8,15)
    
        Box  7 is at 
            top left     (0,12)
            bottom right (0,13)
    
        Box  8 is at 
            top left     (0,10)
            bottom right (0,11)
    
        Box  9 is at 
            top left     (0,8)
            bottom right (0,9)
    
        Box 10 is at 
            top left     (8,10)
            bottom right (8,11)
    
        Box 11 is at 
            top left     (5,0)
            bottom right (8,2)
    
        Roll length used: 16

    [1;34mTry max length:[0m 15
    [1;34m    At iteration:[0m 15
        lingeling found a solution in .592 ms

       | W
     L |  0 1 2 3  4  5  6  7 8 
    ---------------------------
     0 |  . . . . 11 11 11 11 . 
     1 |  . . . . 11 11 11 11 . 
     2 |  . . . . 11 11 11 11 . 
     3 |  . . 2 2  2  2  2  2 . 
     4 | 10 . 2 2  2  2  2  2 . 
     5 | 10 . . .  .  .  .  . . 
     6 |  9 . . .  .  .  .  . . 
     7 |  9 . . .  .  .  .  . . 
     8 |  8 . . .  .  .  .  . . 
     9 |  8 . . .  .  .  .  . . 
    10 |  6 . . .  .  .  7  7 . 
    11 |  6 . . .  .  .  .  . . 
    12 |  5 5 . .  .  .  .  . . 
    13 |  5 5 1 1  1  1  1  1 . 
    14 |  . 4 1 1  1  1  1  1 3 
    
    Boxes' corners:       (w,l)
        Box  1 is at 
            top left     (2,13)
            bottom right (7,14)
    
        Box  2 is at 
            top left     (2,3)
            bottom right (7,4)
    
        Box  3 is at 
            top left     (8,14)
            bottom right (8,14)
    
        Box  4 is at 
            top left     (1,14)
            bottom right (1,14)
    
        Box  5 is at 
            top left     (0,12)
            bottom right (1,13)
    
        Box  6 is at 
            top left     (0,10)
            bottom right (0,11)
    
        Box  7 is at 
            top left     (6,10)
            bottom right (7,10)
    
        Box  8 is at 
            top left     (0,8)
            bottom right (0,9)
    
        Box  9 is at 
            top left     (0,6)
            bottom right (0,7)
    
        Box 10 is at 
            top left     (0,4)
            bottom right (0,5)
    
        Box 11 is at 
            top left     (4,0)
            bottom right (7,2)
    
        Roll length used: 15

    [1;34mTry max length:[0m 14
    [1;34m    At iteration:[0m 16
        lingeling found a solution in .567 ms

       | W
     L |  0  1  2  3  4 5 6 7 8 
    ---------------------------
     0 |  .  .  .  .  . . . . . 
     1 |  .  .  .  1  1 1 1 1 1 
     2 |  .  .  .  1  1 1 1 1 1 
     3 | 10  .  .  .  . . . . . 
     4 | 10  .  .  .  . . . . . 
     5 |  9  .  .  .  . . . . . 
     6 |  9  .  .  .  . . . . . 
     7 |  8  .  .  2  2 2 2 2 2 
     8 |  8  .  .  2  2 2 2 2 2 
     9 |  7  .  .  .  5 5 6 6 . 
    10 |  7  .  .  .  5 5 . . . 
    11 |  . 11 11 11 11 . . . . 
    12 |  . 11 11 11 11 . . . 4 
    13 |  3 11 11 11 11 . . . . 
    
    Boxes' corners:       (w,l)
        Box  1 is at 
            top left     (3,1)
            bottom right (8,2)
    
        Box  2 is at 
            top left     (3,7)
            bottom right (8,8)
    
        Box  3 is at 
            top left     (0,13)
            bottom right (0,13)
    
        Box  4 is at 
            top left     (8,12)
            bottom right (8,12)
    
        Box  5 is at 
            top left     (4,9)
            bottom right (5,10)
    
        Box  6 is at 
            top left     (6,9)
            bottom right (7,9)
    
        Box  7 is at 
            top left     (0,9)
            bottom right (0,10)
    
        Box  8 is at 
            top left     (0,7)
            bottom right (0,8)
    
        Box  9 is at 
            top left     (0,5)
            bottom right (0,6)
    
        Box 10 is at 
            top left     (0,3)
            bottom right (0,4)
    
        Box 11 is at 
            top left     (1,11)
            bottom right (4,13)
    
        Roll length used: 14

    [1;34mTry max length:[0m 13
    [1;34m    At iteration:[0m 17
        lingeling found a solution in .509 ms

       | W
     L | 0 1 2 3 4  5  6  7  8 
    --------------------------
     0 | . 1 1 1 1  1  1  .  . 
     1 | . 1 1 1 1  1  1  .  . 
     2 | 2 2 2 2 2  2  .  .  . 
     3 | 2 2 2 2 2  2  .  .  . 
     4 | . . . . .  .  .  .  . 
     5 | . . . . .  .  .  .  . 
     6 | . . . . .  .  .  . 10 
     7 | 9 . . . .  .  .  . 10 
     8 | 9 . . . .  .  .  .  8 
     9 | 7 . . . .  .  .  .  8 
    10 | 7 . . . . 11 11 11 11 
    11 | 6 3 . 5 5 11 11 11 11 
    12 | 6 . 4 5 5 11 11 11 11 
    
    Boxes' corners:       (w,l)
        Box  1 is at 
            top left     (1,0)
            bottom right (6,1)
    
        Box  2 is at 
            top left     (0,2)
            bottom right (5,3)
    
        Box  3 is at 
            top left     (1,11)
            bottom right (1,11)
    
        Box  4 is at 
            top left     (2,12)
            bottom right (2,12)
    
        Box  5 is at 
            top left     (3,11)
            bottom right (4,12)
    
        Box  6 is at 
            top left     (0,11)
            bottom right (0,12)
    
        Box  7 is at 
            top left     (0,9)
            bottom right (0,10)
    
        Box  8 is at 
            top left     (8,8)
            bottom right (8,9)
    
        Box  9 is at 
            top left     (0,7)
            bottom right (0,8)
    
        Box 10 is at 
            top left     (8,6)
            bottom right (8,7)
    
        Box 11 is at 
            top left     (5,10)
            bottom right (8,12)
    
        Roll length used: 13

    [1;34mTry max length:[0m 12
    [1;34m    At iteration:[0m 18
        lingeling found a solution in .466 ms

       | W
     L | 0 1 2 3 4  5  6  7  8 
    --------------------------
     0 | . . 1 1 1  1  1  1  . 
     1 | . . 1 1 1  1  1  1  . 
     2 | 2 2 2 2 2  2  .  .  . 
     3 | 2 2 2 2 2  2  .  .  . 
     4 | . . . . .  .  .  .  . 
     5 | . . . . .  .  .  . 10 
     6 | 9 . . . .  .  .  . 10 
     7 | 9 . . . .  .  .  .  8 
     8 | 7 . . . .  .  .  .  8 
     9 | 7 . . . . 11 11 11 11 
    10 | 6 . . 5 5 11 11 11 11 
    11 | 6 3 4 5 5 11 11 11 11 
    
    Boxes' corners:       (w,l)
        Box  1 is at 
            top left     (2,0)
            bottom right (7,1)
    
        Box  2 is at 
            top left     (0,2)
            bottom right (5,3)
    
        Box  3 is at 
            top left     (1,11)
            bottom right (1,11)
    
        Box  4 is at 
            top left     (2,11)
            bottom right (2,11)
    
        Box  5 is at 
            top left     (3,10)
            bottom right (4,11)
    
        Box  6 is at 
            top left     (0,10)
            bottom right (0,11)
    
        Box  7 is at 
            top left     (0,8)
            bottom right (0,9)
    
        Box  8 is at 
            top left     (8,7)
            bottom right (8,8)
    
        Box  9 is at 
            top left     (0,6)
            bottom right (0,7)
    
        Box 10 is at 
            top left     (8,5)
            bottom right (8,6)
    
        Box 11 is at 
            top left     (5,9)
            bottom right (8,11)
    
        Roll length used: 12

    [1;34mTry max length:[0m 11
    [1;34m    At iteration:[0m 19
        lingeling found a solution in .543 ms

       | W
     L | 0 1 2 3 4  5  6  7  8 
    --------------------------
     0 | . . 1 1 1  1  1  1  . 
     1 | . . 1 1 1  1  1  1  . 
     2 | 2 2 2 2 2  2  .  .  . 
     3 | 2 2 2 2 2  2  .  .  . 
     4 | . . . . .  .  .  . 10 
     5 | 9 . . . .  .  .  . 10 
     6 | 9 . . . .  .  .  .  8 
     7 | 7 . . . .  .  .  .  8 
     8 | 7 . . . . 11 11 11 11 
     9 | 6 . . 5 5 11 11 11 11 
    10 | 6 4 3 5 5 11 11 11 11 
    
    Boxes' corners:       (w,l)
        Box  1 is at 
            top left     (2,0)
            bottom right (7,1)
    
        Box  2 is at 
            top left     (0,2)
            bottom right (5,3)
    
        Box  3 is at 
            top left     (2,10)
            bottom right (2,10)
    
        Box  4 is at 
            top left     (1,10)
            bottom right (1,10)
    
        Box  5 is at 
            top left     (3,9)
            bottom right (4,10)
    
        Box  6 is at 
            top left     (0,9)
            bottom right (0,10)
    
        Box  7 is at 
            top left     (0,7)
            bottom right (0,8)
    
        Box  8 is at 
            top left     (8,6)
            bottom right (8,7)
    
        Box  9 is at 
            top left     (0,5)
            bottom right (0,6)
    
        Box 10 is at 
            top left     (8,4)
            bottom right (8,5)
    
        Box 11 is at 
            top left     (5,8)
            bottom right (8,10)
    
        Roll length used: 11

    [1;34mTry max length:[0m 10
    [1;34m    At iteration:[0m 20
        lingeling found a solution in .388 ms

       | W
     L | 0 1 2 3 4  5  6  7  8 
    --------------------------
     0 | . 1 1 1 1  1  1  .  . 
     1 | . 1 1 1 1  1  1  .  . 
     2 | 2 2 2 2 2  2  .  .  3 
     3 | 2 2 2 2 2  2  .  . 10 
     4 | 9 . . . .  .  .  . 10 
     5 | 9 . . . .  .  .  .  8 
     6 | 7 . . . .  .  .  .  8 
     7 | 7 . . . . 11 11 11 11 
     8 | 6 . . 5 5 11 11 11 11 
     9 | 6 . 4 5 5 11 11 11 11 
    
    Boxes' corners:       (w,l)
        Box  1 is at 
            top left     (1,0)
            bottom right (6,1)
    
        Box  2 is at 
            top left     (0,2)
            bottom right (5,3)
    
        Box  3 is at 
            top left     (8,2)
            bottom right (8,2)
    
        Box  4 is at 
            top left     (2,9)
            bottom right (2,9)
    
        Box  5 is at 
            top left     (3,8)
            bottom right (4,9)
    
        Box  6 is at 
            top left     (0,8)
            bottom right (0,9)
    
        Box  7 is at 
            top left     (0,6)
            bottom right (0,7)
    
        Box  8 is at 
            top left     (8,5)
            bottom right (8,6)
    
        Box  9 is at 
            top left     (0,4)
            bottom right (0,5)
    
        Box 10 is at 
            top left     (8,3)
            bottom right (8,4)
    
        Box 11 is at 
            top left     (5,7)
            bottom right (8,9)
    
        Roll length used: 10

    [1;34mTry max length:[0m 9
    [1;34m    At iteration:[0m 21
        lingeling found a solution in .395 ms

      | W
    L | 0 1 2 3 4  5  6  7  8 
    --------------------------
    0 | . . . . .  .  5  5  . 
    1 | . . 3 . .  .  5  5 10 
    2 | 7 7 2 2 .  .  .  . 10 
    3 | 1 1 2 2 .  .  .  .  8 
    4 | 1 1 2 2 .  .  9  .  8 
    5 | 1 1 2 2 .  .  9  .  . 
    6 | 1 1 2 2 . 11 11 11 11 
    7 | 1 1 2 2 6 11 11 11 11 
    8 | 1 1 4 . 6 11 11 11 11 
    
    Boxes' corners:       (w,l)
        Box  1 is at 
            top left     (0,3)
            bottom right (1,8)
    
        Box  2 is at 
            top left     (2,2)
            bottom right (3,7)
    
        Box  3 is at 
            top left     (2,1)
            bottom right (2,1)
    
        Box  4 is at 
            top left     (2,8)
            bottom right (2,8)
    
        Box  5 is at 
            top left     (6,0)
            bottom right (7,1)
    
        Box  6 is at 
            top left     (4,7)
            bottom right (4,8)
    
        Box  7 is at 
            top left     (0,2)
            bottom right (1,2)
    
        Box  8 is at 
            top left     (8,3)
            bottom right (8,4)
    
        Box  9 is at 
            top left     (6,4)
            bottom right (6,5)
    
        Box 10 is at 
            top left     (8,1)
            bottom right (8,2)
    
        Box 11 is at 
            top left     (5,6)
            bottom right (8,8)
    
        Roll length used: 9

    [1;34mTry max length:[0m 8
    [1;34m    At iteration:[0m 22
        lingeling found a solution in .359 ms

      | W
    L |  0 1 2 3  4  5  6  7 8 
    ---------------------------
    0 | 10 4 2 2 11 11 11 11 . 
    1 | 10 . 2 2 11 11 11 11 8 
    2 |  . 9 2 2 11 11 11 11 8 
    3 |  7 9 2 2  .  .  6  3 . 
    4 |  7 . 2 2  5  5  6  . . 
    5 |  . . 2 2  5  5  .  . . 
    6 |  1 1 1 1  1  1  .  . . 
    7 |  1 1 1 1  1  1  .  . . 
    
    Boxes' corners:       (w,l)
        Box  1 is at 
            top left     (0,6)
            bottom right (5,7)
    
        Box  2 is at 
            top left     (2,0)
            bottom right (3,5)
    
        Box  3 is at 
            top left     (7,3)
            bottom right (7,3)
    
        Box  4 is at 
            top left     (1,0)
            bottom right (1,0)
    
        Box  5 is at 
            top left     (4,4)
            bottom right (5,5)
    
        Box  6 is at 
            top left     (6,3)
            bottom right (6,4)
    
        Box  7 is at 
            top left     (0,3)
            bottom right (0,4)
    
        Box  8 is at 
            top left     (8,1)
            bottom right (8,2)
    
        Box  9 is at 
            top left     (1,2)
            bottom right (1,3)
    
        Box 10 is at 
            top left     (0,0)
            bottom right (0,1)
    
        Box 11 is at 
            top left     (4,0)
            bottom right (7,2)
    
        Roll length used: 8

    [1;34mTry max length:[0m 7
    [1;34m    At iteration:[0m 23
        lingeling found a solution in .267 ms

      | W
    L | 0 1 2 3  4 5  6  7  8 
    --------------------------
    0 | 1 1 . .  9 .  .  .  6 
    1 | 1 1 2 2  9 .  .  8  6 
    2 | 1 1 2 2 10 .  4  8  . 
    3 | 1 1 2 2 10 7 11 11 11 
    4 | 1 1 2 2  . 7 11 11 11 
    5 | 1 1 2 2  5 5 11 11 11 
    6 | . 3 2 2  5 5 11 11 11 
    
    Boxes' corners:       (w,l)
        Box  1 is at 
            top left     (0,0)
            bottom right (1,5)
    
        Box  2 is at 
            top left     (2,1)
            bottom right (3,6)
    
        Box  3 is at 
            top left     (1,6)
            bottom right (1,6)
    
        Box  4 is at 
            top left     (6,2)
            bottom right (6,2)
    
        Box  5 is at 
            top left     (4,5)
            bottom right (5,6)
    
        Box  6 is at 
            top left     (8,0)
            bottom right (8,1)
    
        Box  7 is at 
            top left     (5,3)
            bottom right (5,4)
    
        Box  8 is at 
            top left     (7,1)
            bottom right (7,2)
    
        Box  9 is at 
            top left     (4,0)
            bottom right (4,1)
    
        Box 10 is at 
            top left     (4,2)
            bottom right (4,3)
    
        Box 11 is at 
            top left     (6,3)
            bottom right (8,6)
    
        Roll length used: 7

    [1;34mTry max length:[0m 6
    [1;34m    At iteration:[0m 24
        lingeling found a solution in .258 ms

      | W
    L |  0  1  2  3  4  5 6 7 8 
    ----------------------------
    0 | 10 10 11 11 11 11 1 1 4 
    1 |  5  5 11 11 11 11 1 1 . 
    2 |  5  5 11 11 11 11 1 1 9 
    3 |  2  2  2  2  2  2 1 1 9 
    4 |  2  2  2  2  2  2 1 1 6 
    5 |  3  7  7  .  8  8 1 1 6 
    
    Boxes' corners:       (w,l)
        Box  1 is at 
            top left     (6,0)
            bottom right (7,5)
    
        Box  2 is at 
            top left     (0,3)
            bottom right (5,4)
    
        Box  3 is at 
            top left     (0,5)
            bottom right (0,5)
    
        Box  4 is at 
            top left     (8,0)
            bottom right (8,0)
    
        Box  5 is at 
            top left     (0,1)
            bottom right (1,2)
    
        Box  6 is at 
            top left     (8,4)
            bottom right (8,5)
    
        Box  7 is at 
            top left     (1,5)
            bottom right (2,5)
    
        Box  8 is at 
            top left     (4,5)
            bottom right (5,5)
    
        Box  9 is at 
            top left     (8,2)
            bottom right (8,3)
    
        Box 10 is at 
            top left     (0,0)
            bottom right (1,0)
    
        Box 11 is at 
            top left     (2,0)
            bottom right (5,2)
    
        Roll length used: 6

    [1;34mTry max length:[0m 5
    [1;34m    At iteration:[0m 25
        [3;31mlingeling determined unsatisfiability of the Boolean formula[0m
        [1;32mOptimality reached![0m
