dg jun 3 19:12:55 CEST 2018
    [1;34mTry max length:[0m 999999
    [1;34m    At iteration:[0m 0
        lingeling found a solution in .498 ms

       | W
     L |  0  1  2  3 
    ----------------
     0 |  .  9  9  9 
     1 |  .  9  9  9 
     2 | 11 11 11  . 
     3 | 11 11 11  . 
     4 |  . 10 10 10 
     5 |  . 10 10 10 
     6 |  .  .  .  . 
     7 |  .  .  .  . 
     8 |  .  .  .  . 
     9 |  1  1  .  . 
    10 |  1  1  .  . 
    11 |  .  .  .  . 
    12 |  .  .  .  . 
    13 |  .  .  .  . 
    14 |  .  .  2  2 
    15 |  7  .  2  2 
    16 |  7  .  .  . 
    17 |  6  .  .  . 
    18 |  6  .  .  . 
    19 |  5  .  .  . 
    20 |  5  .  .  . 
    21 |  4  .  .  . 
    22 |  4  .  .  . 
    23 |  8  8  8  3 
    24 |  8  8  8  . 
    
    Boxes' corners:       (w,l)
        Box  1 is at 
            top left     (0,9)
            bottom right (1,10)
    
        Box  2 is at 
            top left     (2,14)
            bottom right (3,15)
    
        Box  3 is at 
            top left     (3,23)
            bottom right (3,23)
    
        Box  4 is at 
            top left     (0,21)
            bottom right (0,22)
    
        Box  5 is at 
            top left     (0,19)
            bottom right (0,20)
    
        Box  6 is at 
            top left     (0,17)
            bottom right (0,18)
    
        Box  7 is at 
            top left     (0,15)
            bottom right (0,16)
    
        Box  8 is at 
            top left     (0,23)
            bottom right (2,24)
    
        Box  9 is at 
            top left     (1,0)
            bottom right (3,1)
    
        Box 10 is at 
            top left     (1,4)
            bottom right (3,5)
    
        Box 11 is at 
            top left     (0,2)
            bottom right (2,3)
    
        Roll length used: 25

    [1;34mTry max length:[0m 24
    [1;34m    At iteration:[0m 1
        lingeling found a solution in .498 ms

       | W
     L | 0  1  2  3 
    ---------------
     0 | .  9  9  9 
     1 | .  9  9  9 
     2 | .  .  .  . 
     3 | .  .  .  . 
     4 | .  .  .  . 
     5 | . 10 10 10 
     6 | . 10 10 10 
     7 | .  .  .  . 
     8 | .  .  .  . 
     9 | .  .  .  . 
    10 | .  .  .  . 
    11 | .  .  1  1 
    12 | .  .  1  1 
    13 | 7  .  .  . 
    14 | 7  .  .  . 
    15 | 6  .  .  . 
    16 | 6  .  .  . 
    17 | 5  .  .  . 
    18 | 5  .  2  2 
    19 | 4  3  2  2 
    20 | 4 11 11 11 
    21 | . 11 11 11 
    22 | .  8  8  8 
    23 | .  8  8  8 
    
    Boxes' corners:       (w,l)
        Box  1 is at 
            top left     (2,11)
            bottom right (3,12)
    
        Box  2 is at 
            top left     (2,18)
            bottom right (3,19)
    
        Box  3 is at 
            top left     (1,19)
            bottom right (1,19)
    
        Box  4 is at 
            top left     (0,19)
            bottom right (0,20)
    
        Box  5 is at 
            top left     (0,17)
            bottom right (0,18)
    
        Box  6 is at 
            top left     (0,15)
            bottom right (0,16)
    
        Box  7 is at 
            top left     (0,13)
            bottom right (0,14)
    
        Box  8 is at 
            top left     (1,22)
            bottom right (3,23)
    
        Box  9 is at 
            top left     (1,0)
            bottom right (3,1)
    
        Box 10 is at 
            top left     (1,5)
            bottom right (3,6)
    
        Box 11 is at 
            top left     (1,20)
            bottom right (3,21)
    
        Roll length used: 24

    [1;34mTry max length:[0m 23
    [1;34m    At iteration:[0m 2
        lingeling found a solution in .489 ms

       | W
     L |  0  1  2  3 
    ----------------
     0 |  8  8  8  . 
     1 |  8  8  8  . 
     2 |  .  .  .  . 
     3 |  .  .  .  . 
     4 |  .  .  .  . 
     5 |  .  .  .  . 
     6 |  .  .  .  . 
     7 |  .  .  .  . 
     8 |  .  .  .  . 
     9 |  .  .  .  . 
    10 | 11 11 11  . 
    11 | 11 11 11  . 
    12 |  .  .  .  . 
    13 |  .  .  .  7 
    14 |  .  .  .  7 
    15 |  1  1  .  6 
    16 |  1  1  .  6 
    17 |  3  2  2  5 
    18 |  4  2  2  5 
    19 |  4 10 10 10 
    20 |  . 10 10 10 
    21 |  9  9  9  . 
    22 |  9  9  9  . 
    
    Boxes' corners:       (w,l)
        Box  1 is at 
            top left     (0,15)
            bottom right (1,16)
    
        Box  2 is at 
            top left     (1,17)
            bottom right (2,18)
    
        Box  3 is at 
            top left     (0,17)
            bottom right (0,17)
    
        Box  4 is at 
            top left     (0,18)
            bottom right (0,19)
    
        Box  5 is at 
            top left     (3,17)
            bottom right (3,18)
    
        Box  6 is at 
            top left     (3,15)
            bottom right (3,16)
    
        Box  7 is at 
            top left     (3,13)
            bottom right (3,14)
    
        Box  8 is at 
            top left     (0,0)
            bottom right (2,1)
    
        Box  9 is at 
            top left     (0,21)
            bottom right (2,22)
    
        Box 10 is at 
            top left     (1,19)
            bottom right (3,20)
    
        Box 11 is at 
            top left     (0,10)
            bottom right (2,11)
    
        Roll length used: 23

    [1;34mTry max length:[0m 22
    [1;34m    At iteration:[0m 3
        lingeling found a solution in .403 ms

       | W
     L |  0  1  2 3 
    ---------------
     0 |  .  8  8 8 
     1 |  .  8  8 8 
     2 | 10 10 10 . 
     3 | 10 10 10 . 
     4 |  .  .  . . 
     5 |  .  .  . . 
     6 |  .  .  . . 
     7 |  .  .  . . 
     8 |  .  .  . . 
     9 |  .  .  . . 
    10 | 11 11 11 . 
    11 | 11 11 11 . 
    12 |  .  .  . . 
    13 |  .  .  . 7 
    14 |  6  2  2 7 
    15 |  6  2  2 5 
    16 |  1  1  . 5 
    17 |  1  1  . 4 
    18 |  .  .  . 4 
    19 |  .  .  3 . 
    20 |  9  9  9 . 
    21 |  9  9  9 . 
    
    Boxes' corners:       (w,l)
        Box  1 is at 
            top left     (0,16)
            bottom right (1,17)
    
        Box  2 is at 
            top left     (1,14)
            bottom right (2,15)
    
        Box  3 is at 
            top left     (2,19)
            bottom right (2,19)
    
        Box  4 is at 
            top left     (3,17)
            bottom right (3,18)
    
        Box  5 is at 
            top left     (3,15)
            bottom right (3,16)
    
        Box  6 is at 
            top left     (0,14)
            bottom right (0,15)
    
        Box  7 is at 
            top left     (3,13)
            bottom right (3,14)
    
        Box  8 is at 
            top left     (1,0)
            bottom right (3,1)
    
        Box  9 is at 
            top left     (0,20)
            bottom right (2,21)
    
        Box 10 is at 
            top left     (0,2)
            bottom right (2,3)
    
        Box 11 is at 
            top left     (0,10)
            bottom right (2,11)
    
        Roll length used: 22

    [1;34mTry max length:[0m 21
    [1;34m    At iteration:[0m 4
        lingeling found a solution in .654 ms

       | W
     L |  0  1  2  3 
    ----------------
     0 |  8  8  8  . 
     1 |  8  8  8  . 
     2 |  .  .  .  . 
     3 | 11 11 11  . 
     4 | 11 11 11  . 
     5 |  .  .  .  . 
     6 |  .  .  .  . 
     7 |  .  .  .  . 
     8 |  .  1  1  . 
     9 |  .  1  1  . 
    10 |  .  .  .  . 
    11 |  .  .  .  . 
    12 |  .  2  2  . 
    13 |  .  2  2  7 
    14 |  6  .  .  7 
    15 |  6  .  .  5 
    16 |  4  .  3  5 
    17 |  4 10 10 10 
    18 |  . 10 10 10 
    19 |  .  9  9  9 
    20 |  .  9  9  9 
    
    Boxes' corners:       (w,l)
        Box  1 is at 
            top left     (1,8)
            bottom right (2,9)
    
        Box  2 is at 
            top left     (1,12)
            bottom right (2,13)
    
        Box  3 is at 
            top left     (2,16)
            bottom right (2,16)
    
        Box  4 is at 
            top left     (0,16)
            bottom right (0,17)
    
        Box  5 is at 
            top left     (3,15)
            bottom right (3,16)
    
        Box  6 is at 
            top left     (0,14)
            bottom right (0,15)
    
        Box  7 is at 
            top left     (3,13)
            bottom right (3,14)
    
        Box  8 is at 
            top left     (0,0)
            bottom right (2,1)
    
        Box  9 is at 
            top left     (1,19)
            bottom right (3,20)
    
        Box 10 is at 
            top left     (1,17)
            bottom right (3,18)
    
        Box 11 is at 
            top left     (0,3)
            bottom right (2,4)
    
        Roll length used: 21

    [1;34mTry max length:[0m 20
    [1;34m    At iteration:[0m 5
        lingeling found a solution in .471 ms

       | W
     L | 0  1  2  3 
    ---------------
     0 | 8  8  8  . 
     1 | 8  8  8  . 
     2 | . 10 10 10 
     3 | . 10 10 10 
     4 | .  .  .  . 
     5 | .  .  1  1 
     6 | .  .  1  1 
     7 | .  .  .  . 
     8 | .  .  .  . 
     9 | .  .  .  . 
    10 | .  .  .  . 
    11 | .  .  .  7 
    12 | .  .  .  7 
    13 | 6  2  2  5 
    14 | 6  2  2  5 
    15 | 4 11 11 11 
    16 | 4 11 11 11 
    17 | .  .  .  3 
    18 | 9  9  9  . 
    19 | 9  9  9  . 
    
    Boxes' corners:       (w,l)
        Box  1 is at 
            top left     (2,5)
            bottom right (3,6)
    
        Box  2 is at 
            top left     (1,13)
            bottom right (2,14)
    
        Box  3 is at 
            top left     (3,17)
            bottom right (3,17)
    
        Box  4 is at 
            top left     (0,15)
            bottom right (0,16)
    
        Box  5 is at 
            top left     (3,13)
            bottom right (3,14)
    
        Box  6 is at 
            top left     (0,13)
            bottom right (0,14)
    
        Box  7 is at 
            top left     (3,11)
            bottom right (3,12)
    
        Box  8 is at 
            top left     (0,0)
            bottom right (2,1)
    
        Box  9 is at 
            top left     (0,18)
            bottom right (2,19)
    
        Box 10 is at 
            top left     (1,2)
            bottom right (3,3)
    
        Box 11 is at 
            top left     (1,15)
            bottom right (3,16)
    
        Roll length used: 20

    [1;34mTry max length:[0m 19
    [1;34m    At iteration:[0m 6
        lingeling found a solution in .400 ms

       | W
     L |  0  1  2  3 
    ----------------
     0 |  .  8  8  8 
     1 |  .  8  8  8 
     2 |  . 10 10 10 
     3 |  . 10 10 10 
     4 |  .  .  .  . 
     5 |  .  .  .  . 
     6 |  .  .  .  . 
     7 |  .  .  .  . 
     8 |  .  .  .  . 
     9 |  .  2  2  . 
    10 |  7  2  2  . 
    11 |  7  .  1  1 
    12 |  6  .  1  1 
    13 |  6  .  .  5 
    14 | 11 11 11  5 
    15 | 11 11 11  4 
    16 |  .  .  3  4 
    17 |  .  9  9  9 
    18 |  .  9  9  9 
    
    Boxes' corners:       (w,l)
        Box  1 is at 
            top left     (2,11)
            bottom right (3,12)
    
        Box  2 is at 
            top left     (1,9)
            bottom right (2,10)
    
        Box  3 is at 
            top left     (2,16)
            bottom right (2,16)
    
        Box  4 is at 
            top left     (3,15)
            bottom right (3,16)
    
        Box  5 is at 
            top left     (3,13)
            bottom right (3,14)
    
        Box  6 is at 
            top left     (0,12)
            bottom right (0,13)
    
        Box  7 is at 
            top left     (0,10)
            bottom right (0,11)
    
        Box  8 is at 
            top left     (1,0)
            bottom right (3,1)
    
        Box  9 is at 
            top left     (1,17)
            bottom right (3,18)
    
        Box 10 is at 
            top left     (1,2)
            bottom right (3,3)
    
        Box 11 is at 
            top left     (0,14)
            bottom right (2,15)
    
        Roll length used: 19

    [1;34mTry max length:[0m 18
    [1;34m    At iteration:[0m 7
        lingeling found a solution in .389 ms

       | W
     L | 0  1  2  3 
    ---------------
     0 | .  9  9  9 
     1 | .  9  9  9 
     2 | . 10 10 10 
     3 | . 10 10 10 
     4 | .  .  .  . 
     5 | .  .  .  . 
     6 | 1  1  .  . 
     7 | 1  1  .  . 
     8 | .  .  .  . 
     9 | .  .  .  . 
    10 | 7 11 11 11 
    11 | 7 11 11 11 
    12 | 6  .  .  . 
    13 | 6  2  2  5 
    14 | 4  2  2  5 
    15 | 4  .  3  . 
    16 | .  8  8  8 
    17 | .  8  8  8 
    
    Boxes' corners:       (w,l)
        Box  1 is at 
            top left     (0,6)
            bottom right (1,7)
    
        Box  2 is at 
            top left     (1,13)
            bottom right (2,14)
    
        Box  3 is at 
            top left     (2,15)
            bottom right (2,15)
    
        Box  4 is at 
            top left     (0,14)
            bottom right (0,15)
    
        Box  5 is at 
            top left     (3,13)
            bottom right (3,14)
    
        Box  6 is at 
            top left     (0,12)
            bottom right (0,13)
    
        Box  7 is at 
            top left     (0,10)
            bottom right (0,11)
    
        Box  8 is at 
            top left     (1,16)
            bottom right (3,17)
    
        Box  9 is at 
            top left     (1,0)
            bottom right (3,1)
    
        Box 10 is at 
            top left     (1,2)
            bottom right (3,3)
    
        Box 11 is at 
            top left     (1,10)
            bottom right (3,11)
    
        Roll length used: 18

    [1;34mTry max length:[0m 17
    [1;34m    At iteration:[0m 8
        lingeling found a solution in .323 ms

       | W
     L | 0  1  2  3 
    ---------------
     0 | 9  9  9  . 
     1 | 9  9  9  . 
     2 | .  .  .  . 
     3 | .  .  .  3 
     4 | .  .  .  . 
     5 | .  .  .  . 
     6 | .  .  .  . 
     7 | .  2  2  . 
     8 | .  2  2  . 
     9 | 7  1  1  6 
    10 | 7  1  1  6 
    11 | 5 11 11 11 
    12 | 5 11 11 11 
    13 | 4 10 10 10 
    14 | 4 10 10 10 
    15 | .  8  8  8 
    16 | .  8  8  8 
    
    Boxes' corners:       (w,l)
        Box  1 is at 
            top left     (1,9)
            bottom right (2,10)
    
        Box  2 is at 
            top left     (1,7)
            bottom right (2,8)
    
        Box  3 is at 
            top left     (3,3)
            bottom right (3,3)
    
        Box  4 is at 
            top left     (0,13)
            bottom right (0,14)
    
        Box  5 is at 
            top left     (0,11)
            bottom right (0,12)
    
        Box  6 is at 
            top left     (3,9)
            bottom right (3,10)
    
        Box  7 is at 
            top left     (0,9)
            bottom right (0,10)
    
        Box  8 is at 
            top left     (1,15)
            bottom right (3,16)
    
        Box  9 is at 
            top left     (0,0)
            bottom right (2,1)
    
        Box 10 is at 
            top left     (1,13)
            bottom right (3,14)
    
        Box 11 is at 
            top left     (1,11)
            bottom right (3,12)
    
        Roll length used: 17

    [1;34mTry max length:[0m 16
    [1;34m    At iteration:[0m 9
        lingeling found a solution in .505 ms

       | W
     L |  0  1  2 3 
    ---------------
     0 |  8  8  8 . 
     1 |  8  8  8 . 
     2 | 11 11 11 . 
     3 | 11 11 11 . 
     4 |  .  .  . . 
     5 |  .  2  2 . 
     6 |  .  2  2 . 
     7 |  .  1  1 . 
     8 |  7  1  1 . 
     9 |  7  .  . 6 
    10 | 10 10 10 6 
    11 | 10 10 10 5 
    12 |  4  .  . 5 
    13 |  4  .  . . 
    14 |  9  9  9 . 
    15 |  9  9  9 3 
    
    Boxes' corners:       (w,l)
        Box  1 is at 
            top left     (1,7)
            bottom right (2,8)
    
        Box  2 is at 
            top left     (1,5)
            bottom right (2,6)
    
        Box  3 is at 
            top left     (3,15)
            bottom right (3,15)
    
        Box  4 is at 
            top left     (0,12)
            bottom right (0,13)
    
        Box  5 is at 
            top left     (3,11)
            bottom right (3,12)
    
        Box  6 is at 
            top left     (3,9)
            bottom right (3,10)
    
        Box  7 is at 
            top left     (0,8)
            bottom right (0,9)
    
        Box  8 is at 
            top left     (0,0)
            bottom right (2,1)
    
        Box  9 is at 
            top left     (0,14)
            bottom right (2,15)
    
        Box 10 is at 
            top left     (0,10)
            bottom right (2,11)
    
        Box 11 is at 
            top left     (0,2)
            bottom right (2,3)
    
        Roll length used: 16

    [1;34mTry max length:[0m 15
    [1;34m    At iteration:[0m 10
        lingeling found a solution in .268 ms

       | W
     L |  0  1  2  3 
    ----------------
     0 |  8  8  8  . 
     1 |  8  8  8  . 
     2 |  . 11 11 11 
     3 |  . 11 11 11 
     4 |  .  .  .  . 
     5 |  3  .  .  . 
     6 | 10 10 10  7 
     7 | 10 10 10  7 
     8 |  6  2  2  5 
     9 |  6  2  2  5 
    10 |  4  .  1  1 
    11 |  4  .  1  1 
    12 |  .  .  .  . 
    13 |  .  9  9  9 
    14 |  .  9  9  9 
    
    Boxes' corners:       (w,l)
        Box  1 is at 
            top left     (2,10)
            bottom right (3,11)
    
        Box  2 is at 
            top left     (1,8)
            bottom right (2,9)
    
        Box  3 is at 
            top left     (0,5)
            bottom right (0,5)
    
        Box  4 is at 
            top left     (0,10)
            bottom right (0,11)
    
        Box  5 is at 
            top left     (3,8)
            bottom right (3,9)
    
        Box  6 is at 
            top left     (0,8)
            bottom right (0,9)
    
        Box  7 is at 
            top left     (3,6)
            bottom right (3,7)
    
        Box  8 is at 
            top left     (0,0)
            bottom right (2,1)
    
        Box  9 is at 
            top left     (1,13)
            bottom right (3,14)
    
        Box 10 is at 
            top left     (0,6)
            bottom right (2,7)
    
        Box 11 is at 
            top left     (1,2)
            bottom right (3,3)
    
        Roll length used: 15

    [1;34mTry max length:[0m 14
    [1;34m    At iteration:[0m 11
        lingeling found a solution in .291 ms

       | W
     L |  0  1  2  3 
    ----------------
     0 |  .  8  8  8 
     1 |  .  8  8  8 
     2 |  . 11 11 11 
     3 |  . 11 11 11 
     4 |  7  2  2  . 
     5 |  7  2  2  6 
     6 | 10 10 10  6 
     7 | 10 10 10  5 
     8 |  .  .  .  5 
     9 |  1  1  .  4 
    10 |  1  1  .  4 
    11 |  .  3  .  . 
    12 |  9  9  9  . 
    13 |  9  9  9  . 
    
    Boxes' corners:       (w,l)
        Box  1 is at 
            top left     (0,9)
            bottom right (1,10)
    
        Box  2 is at 
            top left     (1,4)
            bottom right (2,5)
    
        Box  3 is at 
            top left     (1,11)
            bottom right (1,11)
    
        Box  4 is at 
            top left     (3,9)
            bottom right (3,10)
    
        Box  5 is at 
            top left     (3,7)
            bottom right (3,8)
    
        Box  6 is at 
            top left     (3,5)
            bottom right (3,6)
    
        Box  7 is at 
            top left     (0,4)
            bottom right (0,5)
    
        Box  8 is at 
            top left     (1,0)
            bottom right (3,1)
    
        Box  9 is at 
            top left     (0,12)
            bottom right (2,13)
    
        Box 10 is at 
            top left     (0,6)
            bottom right (2,7)
    
        Box 11 is at 
            top left     (1,2)
            bottom right (3,3)
    
        Roll length used: 14

    [1;34mTry max length:[0m 13
    [1;34m    At iteration:[0m 12
        lingeling found a solution in .256 ms

       | W
     L |  0  1  2  3 
    ----------------
     0 |  .  9  9  9 
     1 |  .  9  9  9 
     2 |  . 10 10 10 
     3 |  . 10 10 10 
     4 | 11 11 11  . 
     5 | 11 11 11  7 
     6 |  .  .  .  7 
     7 |  6  2  2  5 
     8 |  6  2  2  5 
     9 |  4  .  1  1 
    10 |  4  3  1  1 
    11 |  .  8  8  8 
    12 |  .  8  8  8 
    
    Boxes' corners:       (w,l)
        Box  1 is at 
            top left     (2,9)
            bottom right (3,10)
    
        Box  2 is at 
            top left     (1,7)
            bottom right (2,8)
    
        Box  3 is at 
            top left     (1,10)
            bottom right (1,10)
    
        Box  4 is at 
            top left     (0,9)
            bottom right (0,10)
    
        Box  5 is at 
            top left     (3,7)
            bottom right (3,8)
    
        Box  6 is at 
            top left     (0,7)
            bottom right (0,8)
    
        Box  7 is at 
            top left     (3,5)
            bottom right (3,6)
    
        Box  8 is at 
            top left     (1,11)
            bottom right (3,12)
    
        Box  9 is at 
            top left     (1,0)
            bottom right (3,1)
    
        Box 10 is at 
            top left     (1,2)
            bottom right (3,3)
    
        Box 11 is at 
            top left     (0,4)
            bottom right (2,5)
    
        Roll length used: 13

    [1;34mTry max length:[0m 12
    [1;34m    At iteration:[0m 13
        lingeling found a solution in .234 ms

       | W
     L |  0  1  2  3 
    ----------------
     0 |  8  8  8  . 
     1 |  8  8  8  7 
     2 | 10 10 10  7 
     3 | 10 10 10  5 
     4 |  4  .  3  5 
     5 |  4 11 11 11 
     6 |  . 11 11 11 
     7 |  1  1  .  . 
     8 |  1  1  2  2 
     9 |  6  .  2  2 
    10 |  6  9  9  9 
    11 |  .  9  9  9 
    
    Boxes' corners:       (w,l)
        Box  1 is at 
            top left     (0,7)
            bottom right (1,8)
    
        Box  2 is at 
            top left     (2,8)
            bottom right (3,9)
    
        Box  3 is at 
            top left     (2,4)
            bottom right (2,4)
    
        Box  4 is at 
            top left     (0,4)
            bottom right (0,5)
    
        Box  5 is at 
            top left     (3,3)
            bottom right (3,4)
    
        Box  6 is at 
            top left     (0,9)
            bottom right (0,10)
    
        Box  7 is at 
            top left     (3,1)
            bottom right (3,2)
    
        Box  8 is at 
            top left     (0,0)
            bottom right (2,1)
    
        Box  9 is at 
            top left     (1,10)
            bottom right (3,11)
    
        Box 10 is at 
            top left     (0,2)
            bottom right (2,3)
    
        Box 11 is at 
            top left     (1,5)
            bottom right (3,6)
    
        Roll length used: 12

    [1;34mTry max length:[0m 11
    [1;34m    At iteration:[0m 14
        lingeling found a solution in .210 ms

       | W
     L | 0  1  2  3 
    ---------------
     0 | 7  8  8  8 
     1 | 7  8  8  8 
     2 | 6 11 11 11 
     3 | 6 11 11 11 
     4 | 2  2  .  3 
     5 | 2  2  1  1 
     6 | 5  .  1  1 
     7 | 5 10 10 10 
     8 | 4 10 10 10 
     9 | 4  9  9  9 
    10 | .  9  9  9 
    
    Boxes' corners:       (w,l)
        Box  1 is at 
            top left     (2,5)
            bottom right (3,6)
    
        Box  2 is at 
            top left     (0,4)
            bottom right (1,5)
    
        Box  3 is at 
            top left     (3,4)
            bottom right (3,4)
    
        Box  4 is at 
            top left     (0,8)
            bottom right (0,9)
    
        Box  5 is at 
            top left     (0,6)
            bottom right (0,7)
    
        Box  6 is at 
            top left     (0,2)
            bottom right (0,3)
    
        Box  7 is at 
            top left     (0,0)
            bottom right (0,1)
    
        Box  8 is at 
            top left     (1,0)
            bottom right (3,1)
    
        Box  9 is at 
            top left     (1,9)
            bottom right (3,10)
    
        Box 10 is at 
            top left     (1,7)
            bottom right (3,8)
    
        Box 11 is at 
            top left     (1,2)
            bottom right (3,3)
    
        Roll length used: 11

    [1;34mTry max length:[0m 10
    [1;34m    At iteration:[0m 15
        [3;31mlingeling was timeout-terminated[0m
        [1;31mScript reached time limit[0m
