dg jun 3 19:18:23 CEST 2018
    [1;34mTry max length:[0m 999999
    [1;34m    At iteration:[0m 0
        lingeling found a solution in .513 ms

       | W
     L | 0 1  2  3  4 
    -----------------
     0 | . . 13 13 13 
     1 | . .  .  .  . 
     2 | . .  .  .  . 
     3 | . .  .  .  . 
     4 | . .  .  .  . 
     5 | . .  .  .  . 
     6 | . .  .  .  7 
     7 | . .  .  .  7 
     8 | . .  .  .  . 
     9 | . .  .  .  . 
    10 | . .  .  .  9 
    11 | . .  .  .  9 
    12 | . .  .  .  . 
    13 | . .  .  .  . 
    14 | . .  .  .  . 
    15 | . .  .  .  . 
    16 | . .  .  .  6 
    17 | . .  .  .  6 
    18 | . . 10 11  . 
    19 | . . 10 11  5 
    20 | 4 8 12 12 12 
    21 | 3 8 12 12 12 
    22 | 2 1 12 12 12 
    
    Boxes' corners:       (w,l)
        Box  1 is at 
            top left     (1,22)
            bottom right (1,22)
    
        Box  2 is at 
            top left     (0,22)
            bottom right (0,22)
    
        Box  3 is at 
            top left     (0,21)
            bottom right (0,21)
    
        Box  4 is at 
            top left     (0,20)
            bottom right (0,20)
    
        Box  5 is at 
            top left     (4,19)
            bottom right (4,19)
    
        Box  6 is at 
            top left     (4,16)
            bottom right (4,17)
    
        Box  7 is at 
            top left     (4,6)
            bottom right (4,7)
    
        Box  8 is at 
            top left     (1,20)
            bottom right (1,21)
    
        Box  9 is at 
            top left     (4,10)
            bottom right (4,11)
    
        Box 10 is at 
            top left     (2,18)
            bottom right (2,19)
    
        Box 11 is at 
            top left     (3,18)
            bottom right (3,19)
    
        Box 12 is at 
            top left     (2,20)
            bottom right (4,22)
    
        Box 13 is at 
            top left     (2,0)
            bottom right (4,0)
    
        Roll length used: 23

    [1;34mTry max length:[0m 22
    [1;34m    At iteration:[0m 1
        lingeling found a solution in .533 ms

       | W
     L | 0  1  2  3 4 
    -----------------
     0 | . 13 13 13 . 
     1 | .  .  .  . . 
     2 | .  .  .  . . 
     3 | .  .  .  . . 
     4 | .  .  .  . 3 
     5 | .  .  .  . . 
     6 | .  .  .  . . 
     7 | .  .  .  . . 
     8 | .  .  .  . . 
     9 | .  .  .  . . 
    10 | .  .  .  . . 
    11 | .  .  .  . . 
    12 | .  .  .  . . 
    13 | .  .  .  . . 
    14 | .  .  .  . . 
    15 | . 11 10  9 . 
    16 | . 11 10  9 . 
    17 | .  8  7  6 . 
    18 | 4  8  7  6 . 
    19 | . 12 12 12 . 
    20 | . 12 12 12 5 
    21 | 1 12 12 12 2 
    
    Boxes' corners:       (w,l)
        Box  1 is at 
            top left     (0,21)
            bottom right (0,21)
    
        Box  2 is at 
            top left     (4,21)
            bottom right (4,21)
    
        Box  3 is at 
            top left     (4,4)
            bottom right (4,4)
    
        Box  4 is at 
            top left     (0,18)
            bottom right (0,18)
    
        Box  5 is at 
            top left     (4,20)
            bottom right (4,20)
    
        Box  6 is at 
            top left     (3,17)
            bottom right (3,18)
    
        Box  7 is at 
            top left     (2,17)
            bottom right (2,18)
    
        Box  8 is at 
            top left     (1,17)
            bottom right (1,18)
    
        Box  9 is at 
            top left     (3,15)
            bottom right (3,16)
    
        Box 10 is at 
            top left     (2,15)
            bottom right (2,16)
    
        Box 11 is at 
            top left     (1,15)
            bottom right (1,16)
    
        Box 12 is at 
            top left     (1,19)
            bottom right (3,21)
    
        Box 13 is at 
            top left     (1,0)
            bottom right (3,0)
    
        Roll length used: 22

    [1;34mTry max length:[0m 21
    [1;34m    At iteration:[0m 2
        lingeling found a solution in .549 ms

       | W
     L | 0  1  2  3  4 
    ------------------
     0 | . 13 13 13  . 
     1 | 3  .  2  5  . 
     2 | .  .  .  .  . 
     3 | .  .  .  .  . 
     4 | .  .  .  .  . 
     5 | .  .  .  .  . 
     6 | .  .  .  .  . 
     7 | .  .  .  .  . 
     8 | .  .  .  .  . 
     9 | .  .  .  .  . 
    10 | .  .  .  .  . 
    11 | .  .  .  .  . 
    12 | .  .  .  .  . 
    13 | .  .  .  .  . 
    14 | .  . 11 10  . 
    15 | .  . 11 10  . 
    16 | .  9  8  7  . 
    17 | .  9  8  7  . 
    18 | .  6 12 12 12 
    19 | .  6 12 12 12 
    20 | 4  1 12 12 12 
    
    Boxes' corners:       (w,l)
        Box  1 is at 
            top left     (1,20)
            bottom right (1,20)
    
        Box  2 is at 
            top left     (2,1)
            bottom right (2,1)
    
        Box  3 is at 
            top left     (0,1)
            bottom right (0,1)
    
        Box  4 is at 
            top left     (0,20)
            bottom right (0,20)
    
        Box  5 is at 
            top left     (3,1)
            bottom right (3,1)
    
        Box  6 is at 
            top left     (1,18)
            bottom right (1,19)
    
        Box  7 is at 
            top left     (3,16)
            bottom right (3,17)
    
        Box  8 is at 
            top left     (2,16)
            bottom right (2,17)
    
        Box  9 is at 
            top left     (1,16)
            bottom right (1,17)
    
        Box 10 is at 
            top left     (3,14)
            bottom right (3,15)
    
        Box 11 is at 
            top left     (2,14)
            bottom right (2,15)
    
        Box 12 is at 
            top left     (2,18)
            bottom right (4,20)
    
        Box 13 is at 
            top left     (1,0)
            bottom right (3,0)
    
        Roll length used: 21

    [1;34mTry max length:[0m 20
    [1;34m    At iteration:[0m 3
        lingeling found a solution in .449 ms

       | W
     L |  0  1  2  3 4 
    ------------------
     0 |  . 13 13 13 . 
     1 |  .  .  .  . . 
     2 |  .  .  .  . . 
     3 |  .  .  .  . . 
     4 |  .  .  .  . . 
     5 |  .  .  .  . . 
     6 |  .  .  .  . . 
     7 |  .  .  .  . . 
     8 |  .  .  .  . . 
     9 |  .  .  .  . . 
    10 |  .  .  .  . . 
    11 |  .  .  .  . . 
    12 |  .  .  .  . . 
    13 |  .  . 11 10 . 
    14 |  .  . 11 10 . 
    15 |  .  9  7  6 . 
    16 |  .  9  7  6 4 
    17 | 12 12 12  8 1 
    18 | 12 12 12  8 5 
    19 | 12 12 12  2 3 
    
    Boxes' corners:       (w,l)
        Box  1 is at 
            top left     (4,17)
            bottom right (4,17)
    
        Box  2 is at 
            top left     (3,19)
            bottom right (3,19)
    
        Box  3 is at 
            top left     (4,19)
            bottom right (4,19)
    
        Box  4 is at 
            top left     (4,16)
            bottom right (4,16)
    
        Box  5 is at 
            top left     (4,18)
            bottom right (4,18)
    
        Box  6 is at 
            top left     (3,15)
            bottom right (3,16)
    
        Box  7 is at 
            top left     (2,15)
            bottom right (2,16)
    
        Box  8 is at 
            top left     (3,17)
            bottom right (3,18)
    
        Box  9 is at 
            top left     (1,15)
            bottom right (1,16)
    
        Box 10 is at 
            top left     (3,13)
            bottom right (3,14)
    
        Box 11 is at 
            top left     (2,13)
            bottom right (2,14)
    
        Box 12 is at 
            top left     (0,17)
            bottom right (2,19)
    
        Box 13 is at 
            top left     (1,0)
            bottom right (3,0)
    
        Roll length used: 20

    [1;34mTry max length:[0m 19
    [1;34m    At iteration:[0m 4
        lingeling found a solution in .492 ms

       | W
     L | 0  1  2  3 4 
    -----------------
     0 | . 13 13 13 . 
     1 | .  .  .  . . 
     2 | .  .  .  . . 
     3 | .  .  .  . . 
     4 | .  .  .  . . 
     5 | .  .  .  . . 
     6 | .  .  .  . . 
     7 | .  .  .  . . 
     8 | .  .  .  . . 
     9 | .  .  .  . . 
    10 | .  .  .  . . 
    11 | .  .  .  . . 
    12 | . 11 10  9 . 
    13 | . 11 10  9 . 
    14 | 4  8  7  6 5 
    15 | .  8  7  6 . 
    16 | . 12 12 12 . 
    17 | . 12 12 12 1 
    18 | 2 12 12 12 3 
    
    Boxes' corners:       (w,l)
        Box  1 is at 
            top left     (4,17)
            bottom right (4,17)
    
        Box  2 is at 
            top left     (0,18)
            bottom right (0,18)
    
        Box  3 is at 
            top left     (4,18)
            bottom right (4,18)
    
        Box  4 is at 
            top left     (0,14)
            bottom right (0,14)
    
        Box  5 is at 
            top left     (4,14)
            bottom right (4,14)
    
        Box  6 is at 
            top left     (3,14)
            bottom right (3,15)
    
        Box  7 is at 
            top left     (2,14)
            bottom right (2,15)
    
        Box  8 is at 
            top left     (1,14)
            bottom right (1,15)
    
        Box  9 is at 
            top left     (3,12)
            bottom right (3,13)
    
        Box 10 is at 
            top left     (2,12)
            bottom right (2,13)
    
        Box 11 is at 
            top left     (1,12)
            bottom right (1,13)
    
        Box 12 is at 
            top left     (1,16)
            bottom right (3,18)
    
        Box 13 is at 
            top left     (1,0)
            bottom right (3,0)
    
        Roll length used: 19

    [1;34mTry max length:[0m 18
    [1;34m    At iteration:[0m 5
        lingeling found a solution in .411 ms

       | W
     L | 0  1  2  3  4 
    ------------------
     0 | .  . 13 13 13 
     1 | .  .  .  .  . 
     2 | .  .  .  .  . 
     3 | .  .  .  .  . 
     4 | .  .  .  .  . 
     5 | .  .  .  .  . 
     6 | .  .  .  .  . 
     7 | .  .  .  .  . 
     8 | .  .  .  .  . 
     9 | .  .  .  .  . 
    10 | .  .  .  .  . 
    11 | . 11 10  9  . 
    12 | . 11 10  9  . 
    13 | .  8  7  6  . 
    14 | .  8  7  6  4 
    15 | . 12 12 12  . 
    16 | 1 12 12 12  5 
    17 | 2 12 12 12  3 
    
    Boxes' corners:       (w,l)
        Box  1 is at 
            top left     (0,16)
            bottom right (0,16)
    
        Box  2 is at 
            top left     (0,17)
            bottom right (0,17)
    
        Box  3 is at 
            top left     (4,17)
            bottom right (4,17)
    
        Box  4 is at 
            top left     (4,14)
            bottom right (4,14)
    
        Box  5 is at 
            top left     (4,16)
            bottom right (4,16)
    
        Box  6 is at 
            top left     (3,13)
            bottom right (3,14)
    
        Box  7 is at 
            top left     (2,13)
            bottom right (2,14)
    
        Box  8 is at 
            top left     (1,13)
            bottom right (1,14)
    
        Box  9 is at 
            top left     (3,11)
            bottom right (3,12)
    
        Box 10 is at 
            top left     (2,11)
            bottom right (2,12)
    
        Box 11 is at 
            top left     (1,11)
            bottom right (1,12)
    
        Box 12 is at 
            top left     (1,15)
            bottom right (3,17)
    
        Box 13 is at 
            top left     (2,0)
            bottom right (4,0)
    
        Roll length used: 18

    [1;34mTry max length:[0m 17
    [1;34m    At iteration:[0m 6
        lingeling found a solution in .424 ms

       | W
     L | 0  1  2  3  4 
    ------------------
     0 | .  . 13 13 13 
     1 | .  .  .  .  . 
     2 | .  .  .  .  . 
     3 | .  .  2  .  . 
     4 | .  .  .  .  . 
     5 | .  .  .  .  . 
     6 | .  .  .  .  . 
     7 | 5  .  .  .  . 
     8 | .  .  4  .  . 
     9 | .  .  .  .  . 
    10 | 1 11  9  8  . 
    11 | . 11  9  8  . 
    12 | .  7  6 10  . 
    13 | .  7  6 10  . 
    14 | . 12 12 12  . 
    15 | . 12 12 12  . 
    16 | . 12 12 12  3 
    
    Boxes' corners:       (w,l)
        Box  1 is at 
            top left     (0,10)
            bottom right (0,10)
    
        Box  2 is at 
            top left     (2,3)
            bottom right (2,3)
    
        Box  3 is at 
            top left     (4,16)
            bottom right (4,16)
    
        Box  4 is at 
            top left     (2,8)
            bottom right (2,8)
    
        Box  5 is at 
            top left     (0,7)
            bottom right (0,7)
    
        Box  6 is at 
            top left     (2,12)
            bottom right (2,13)
    
        Box  7 is at 
            top left     (1,12)
            bottom right (1,13)
    
        Box  8 is at 
            top left     (3,10)
            bottom right (3,11)
    
        Box  9 is at 
            top left     (2,10)
            bottom right (2,11)
    
        Box 10 is at 
            top left     (3,12)
            bottom right (3,13)
    
        Box 11 is at 
            top left     (1,10)
            bottom right (1,11)
    
        Box 12 is at 
            top left     (1,14)
            bottom right (3,16)
    
        Box 13 is at 
            top left     (2,0)
            bottom right (4,0)
    
        Roll length used: 17

    [1;34mTry max length:[0m 16
    [1;34m    At iteration:[0m 7
        lingeling found a solution in .536 ms

       | W
     L | 0  1  2  3  4 
    ------------------
     0 | .  . 13 13 13 
     1 | 3  5  .  .  . 
     2 | .  .  .  .  . 
     3 | 2  .  .  .  . 
     4 | .  .  .  .  . 
     5 | .  .  .  .  . 
     6 | .  .  .  .  . 
     7 | .  .  . 11  . 
     8 | .  .  . 11  . 
     9 | . 10  9  8  1 
    10 | . 10  9  8  . 
    11 | .  7  6  4  . 
    12 | .  7  6  .  . 
    13 | . 12 12 12  . 
    14 | . 12 12 12  . 
    15 | . 12 12 12  . 
    
    Boxes' corners:       (w,l)
        Box  1 is at 
            top left     (4,9)
            bottom right (4,9)
    
        Box  2 is at 
            top left     (0,3)
            bottom right (0,3)
    
        Box  3 is at 
            top left     (0,1)
            bottom right (0,1)
    
        Box  4 is at 
            top left     (3,11)
            bottom right (3,11)
    
        Box  5 is at 
            top left     (1,1)
            bottom right (1,1)
    
        Box  6 is at 
            top left     (2,11)
            bottom right (2,12)
    
        Box  7 is at 
            top left     (1,11)
            bottom right (1,12)
    
        Box  8 is at 
            top left     (3,9)
            bottom right (3,10)
    
        Box  9 is at 
            top left     (2,9)
            bottom right (2,10)
    
        Box 10 is at 
            top left     (1,9)
            bottom right (1,10)
    
        Box 11 is at 
            top left     (3,7)
            bottom right (3,8)
    
        Box 12 is at 
            top left     (1,13)
            bottom right (3,15)
    
        Box 13 is at 
            top left     (2,0)
            bottom right (4,0)
    
        Roll length used: 16

    [1;34mTry max length:[0m 15
    [1;34m    At iteration:[0m 8
        lingeling found a solution in .388 ms

       | W
     L | 0  1  2  3  4 
    ------------------
     0 | .  . 13 13 13 
     1 | .  .  .  .  . 
     2 | .  .  .  .  . 
     3 | .  .  .  .  . 
     4 | .  .  .  .  . 
     5 | .  .  .  .  . 
     6 | .  .  . 11  . 
     7 | .  . 10 11  . 
     8 | .  9 10  8  . 
     9 | .  9  5  8  . 
    10 | .  7  .  6  . 
    11 | .  7  3  6  . 
    12 | 2 12 12 12  . 
    13 | 4 12 12 12  . 
    14 | 1 12 12 12  . 
    
    Boxes' corners:       (w,l)
        Box  1 is at 
            top left     (0,14)
            bottom right (0,14)
    
        Box  2 is at 
            top left     (0,12)
            bottom right (0,12)
    
        Box  3 is at 
            top left     (2,11)
            bottom right (2,11)
    
        Box  4 is at 
            top left     (0,13)
            bottom right (0,13)
    
        Box  5 is at 
            top left     (2,9)
            bottom right (2,9)
    
        Box  6 is at 
            top left     (3,10)
            bottom right (3,11)
    
        Box  7 is at 
            top left     (1,10)
            bottom right (1,11)
    
        Box  8 is at 
            top left     (3,8)
            bottom right (3,9)
    
        Box  9 is at 
            top left     (1,8)
            bottom right (1,9)
    
        Box 10 is at 
            top left     (2,7)
            bottom right (2,8)
    
        Box 11 is at 
            top left     (3,6)
            bottom right (3,7)
    
        Box 12 is at 
            top left     (1,12)
            bottom right (3,14)
    
        Box 13 is at 
            top left     (2,0)
            bottom right (4,0)
    
        Roll length used: 15

    [1;34mTry max length:[0m 14
    [1;34m    At iteration:[0m 9
        lingeling found a solution in .366 ms

       | W
     L |  0  1  2  3  4 
    -------------------
     0 | 13 13 13  .  . 
     1 |  .  4  5  .  . 
     2 |  .  .  .  .  . 
     3 |  .  .  .  .  . 
     4 |  .  .  .  .  . 
     5 |  .  .  . 11  . 
     6 |  .  .  . 11  . 
     7 |  .  3  1 10  . 
     8 |  .  .  . 10  . 
     9 |  .  9  8  7  . 
    10 |  .  9  8  7  . 
    11 |  .  6 12 12 12 
    12 |  .  6 12 12 12 
    13 |  .  2 12 12 12 
    
    Boxes' corners:       (w,l)
        Box  1 is at 
            top left     (2,7)
            bottom right (2,7)
    
        Box  2 is at 
            top left     (1,13)
            bottom right (1,13)
    
        Box  3 is at 
            top left     (1,7)
            bottom right (1,7)
    
        Box  4 is at 
            top left     (1,1)
            bottom right (1,1)
    
        Box  5 is at 
            top left     (2,1)
            bottom right (2,1)
    
        Box  6 is at 
            top left     (1,11)
            bottom right (1,12)
    
        Box  7 is at 
            top left     (3,9)
            bottom right (3,10)
    
        Box  8 is at 
            top left     (2,9)
            bottom right (2,10)
    
        Box  9 is at 
            top left     (1,9)
            bottom right (1,10)
    
        Box 10 is at 
            top left     (3,7)
            bottom right (3,8)
    
        Box 11 is at 
            top left     (3,5)
            bottom right (3,6)
    
        Box 12 is at 
            top left     (2,11)
            bottom right (4,13)
    
        Box 13 is at 
            top left     (0,0)
            bottom right (2,0)
    
        Roll length used: 14

    [1;34mTry max length:[0m 13
    [1;34m    At iteration:[0m 10
        lingeling found a solution in .329 ms

       | W
     L | 0 1  2  3  4 
    -----------------
     0 | . . 13 13 13 
     1 | . .  .  .  . 
     2 | . .  2  .  . 
     3 | . .  1  .  . 
     4 | . .  .  .  . 
     5 | . .  .  .  . 
     6 | . . 10  9  . 
     7 | 4 . 10  9  . 
     8 | . 7 11  8  . 
     9 | 5 7 11  8  . 
    10 | . 6 12 12 12 
    11 | . 6 12 12 12 
    12 | . 3 12 12 12 
    
    Boxes' corners:       (w,l)
        Box  1 is at 
            top left     (2,3)
            bottom right (2,3)
    
        Box  2 is at 
            top left     (2,2)
            bottom right (2,2)
    
        Box  3 is at 
            top left     (1,12)
            bottom right (1,12)
    
        Box  4 is at 
            top left     (0,7)
            bottom right (0,7)
    
        Box  5 is at 
            top left     (0,9)
            bottom right (0,9)
    
        Box  6 is at 
            top left     (1,10)
            bottom right (1,11)
    
        Box  7 is at 
            top left     (1,8)
            bottom right (1,9)
    
        Box  8 is at 
            top left     (3,8)
            bottom right (3,9)
    
        Box  9 is at 
            top left     (3,6)
            bottom right (3,7)
    
        Box 10 is at 
            top left     (2,6)
            bottom right (2,7)
    
        Box 11 is at 
            top left     (2,8)
            bottom right (2,9)
    
        Box 12 is at 
            top left     (2,10)
            bottom right (4,12)
    
        Box 13 is at 
            top left     (2,0)
            bottom right (4,0)
    
        Roll length used: 13

    [1;34mTry max length:[0m 12
    [1;34m    At iteration:[0m 11
        lingeling found a solution in .297 ms

       | W
     L | 0  1  2  3  4 
    ------------------
     0 | . 13 13 13  2 
     1 | .  .  .  .  . 
     2 | .  .  .  .  . 
     3 | .  .  .  .  . 
     4 | .  .  .  .  5 
     5 | .  .  9 10  . 
     6 | 4  .  9 10  . 
     7 | .  8 11  7  3 
     8 | .  8 11  7  1 
     9 | .  6 12 12 12 
    10 | .  6 12 12 12 
    11 | .  . 12 12 12 
    
    Boxes' corners:       (w,l)
        Box  1 is at 
            top left     (4,8)
            bottom right (4,8)
    
        Box  2 is at 
            top left     (4,0)
            bottom right (4,0)
    
        Box  3 is at 
            top left     (4,7)
            bottom right (4,7)
    
        Box  4 is at 
            top left     (0,6)
            bottom right (0,6)
    
        Box  5 is at 
            top left     (4,4)
            bottom right (4,4)
    
        Box  6 is at 
            top left     (1,9)
            bottom right (1,10)
    
        Box  7 is at 
            top left     (3,7)
            bottom right (3,8)
    
        Box  8 is at 
            top left     (1,7)
            bottom right (1,8)
    
        Box  9 is at 
            top left     (2,5)
            bottom right (2,6)
    
        Box 10 is at 
            top left     (3,5)
            bottom right (3,6)
    
        Box 11 is at 
            top left     (2,7)
            bottom right (2,8)
    
        Box 12 is at 
            top left     (2,9)
            bottom right (4,11)
    
        Box 13 is at 
            top left     (1,0)
            bottom right (3,0)
    
        Roll length used: 12

    [1;34mTry max length:[0m 11
    [1;34m    At iteration:[0m 12
        lingeling found a solution in .287 ms

       | W
     L | 0  1  2  3 4 
    -----------------
     0 | . 13 13 13 . 
     1 | .  .  .  . . 
     2 | .  .  4  . . 
     3 | .  .  2  . . 
     4 | 5 10  6  8 . 
     5 | 3 10  6  8 . 
     6 | .  7 11  9 1 
     7 | .  7 11  9 . 
     8 | . 12 12 12 . 
     9 | . 12 12 12 . 
    10 | . 12 12 12 . 
    
    Boxes' corners:       (w,l)
        Box  1 is at 
            top left     (4,6)
            bottom right (4,6)
    
        Box  2 is at 
            top left     (2,3)
            bottom right (2,3)
    
        Box  3 is at 
            top left     (0,5)
            bottom right (0,5)
    
        Box  4 is at 
            top left     (2,2)
            bottom right (2,2)
    
        Box  5 is at 
            top left     (0,4)
            bottom right (0,4)
    
        Box  6 is at 
            top left     (2,4)
            bottom right (2,5)
    
        Box  7 is at 
            top left     (1,6)
            bottom right (1,7)
    
        Box  8 is at 
            top left     (3,4)
            bottom right (3,5)
    
        Box  9 is at 
            top left     (3,6)
            bottom right (3,7)
    
        Box 10 is at 
            top left     (1,4)
            bottom right (1,5)
    
        Box 11 is at 
            top left     (2,6)
            bottom right (2,7)
    
        Box 12 is at 
            top left     (1,8)
            bottom right (3,10)
    
        Box 13 is at 
            top left     (1,0)
            bottom right (3,0)
    
        Roll length used: 11

    [1;34mTry max length:[0m 10
    [1;34m    At iteration:[0m 13
        lingeling found a solution in .257 ms

       | W
     L |  0  1  2  3  4 
    -------------------
     0 | 13 13 13  5  . 
     1 |  .  .  .  .  . 
     2 |  1  .  .  .  . 
     3 |  4  .  7  9  . 
     4 |  .  .  7  9  . 
     5 |  .  8 10  6  . 
     6 |  .  8 10  6  . 
     7 |  . 11 12 12 12 
     8 |  . 11 12 12 12 
     9 |  3  2 12 12 12 
    
    Boxes' corners:       (w,l)
        Box  1 is at 
            top left     (0,2)
            bottom right (0,2)
    
        Box  2 is at 
            top left     (1,9)
            bottom right (1,9)
    
        Box  3 is at 
            top left     (0,9)
            bottom right (0,9)
    
        Box  4 is at 
            top left     (0,3)
            bottom right (0,3)
    
        Box  5 is at 
            top left     (3,0)
            bottom right (3,0)
    
        Box  6 is at 
            top left     (3,5)
            bottom right (3,6)
    
        Box  7 is at 
            top left     (2,3)
            bottom right (2,4)
    
        Box  8 is at 
            top left     (1,5)
            bottom right (1,6)
    
        Box  9 is at 
            top left     (3,3)
            bottom right (3,4)
    
        Box 10 is at 
            top left     (2,5)
            bottom right (2,6)
    
        Box 11 is at 
            top left     (1,7)
            bottom right (1,8)
    
        Box 12 is at 
            top left     (2,7)
            bottom right (4,9)
    
        Box 13 is at 
            top left     (0,0)
            bottom right (2,0)
    
        Roll length used: 10

    [1;34mTry max length:[0m 9
    [1;34m    At iteration:[0m 14
        lingeling found a solution in .244 ms

      | W
    L | 0  1  2  3  4 
    ------------------
    0 | . 13 13 13  . 
    1 | .  1  .  7  . 
    2 | .  . 10  7  . 
    3 | . 11 10  .  5 
    4 | 8 11 12 12 12 
    5 | 8  9 12 12 12 
    6 | 6  9 12 12 12 
    7 | 6  .  .  .  2 
    8 | 4  .  .  .  3 
    
    Boxes' corners:       (w,l)
        Box  1 is at 
            top left     (1,1)
            bottom right (1,1)
    
        Box  2 is at 
            top left     (4,7)
            bottom right (4,7)
    
        Box  3 is at 
            top left     (4,8)
            bottom right (4,8)
    
        Box  4 is at 
            top left     (0,8)
            bottom right (0,8)
    
        Box  5 is at 
            top left     (4,3)
            bottom right (4,3)
    
        Box  6 is at 
            top left     (0,6)
            bottom right (0,7)
    
        Box  7 is at 
            top left     (3,1)
            bottom right (3,2)
    
        Box  8 is at 
            top left     (0,4)
            bottom right (0,5)
    
        Box  9 is at 
            top left     (1,5)
            bottom right (1,6)
    
        Box 10 is at 
            top left     (2,2)
            bottom right (2,3)
    
        Box 11 is at 
            top left     (1,3)
            bottom right (1,4)
    
        Box 12 is at 
            top left     (2,4)
            bottom right (4,6)
    
        Box 13 is at 
            top left     (1,0)
            bottom right (3,0)
    
        Roll length used: 9

    [1;34mTry max length:[0m 8
    [1;34m    At iteration:[0m 15
        lingeling found a solution in .171 ms

      | W
    L |  0  1  2 3  4 
    ------------------
    0 |  7  9  3 . 13 
    1 |  7  9  . . 13 
    2 |  8  . 10 . 13 
    3 |  8  . 10 1 11 
    4 |  .  5  . . 11 
    5 | 12 12 12 2  . 
    6 | 12 12 12 .  6 
    7 | 12 12 12 4  6 
    
    Boxes' corners:       (w,l)
        Box  1 is at 
            top left     (3,3)
            bottom right (3,3)
    
        Box  2 is at 
            top left     (3,5)
            bottom right (3,5)
    
        Box  3 is at 
            top left     (2,0)
            bottom right (2,0)
    
        Box  4 is at 
            top left     (3,7)
            bottom right (3,7)
    
        Box  5 is at 
            top left     (1,4)
            bottom right (1,4)
    
        Box  6 is at 
            top left     (4,6)
            bottom right (4,7)
    
        Box  7 is at 
            top left     (0,0)
            bottom right (0,1)
    
        Box  8 is at 
            top left     (0,2)
            bottom right (0,3)
    
        Box  9 is at 
            top left     (1,0)
            bottom right (1,1)
    
        Box 10 is at 
            top left     (2,2)
            bottom right (2,3)
    
        Box 11 is at 
            top left     (4,3)
            bottom right (4,4)
    
        Box 12 is at 
            top left     (0,5)
            bottom right (2,7)
    
        Box 13 is at 
            top left     (4,0)
            bottom right (4,2)
    
        Roll length used: 8

    [1;34mTry max length:[0m 7
    [1;34m    At iteration:[0m 16
        lingeling found a solution in .144 ms

      | W
    L |  0  1  2  3  4 
    -------------------
    0 |  9  .  6  .  8 
    1 |  9  .  6  .  8 
    2 |  7  .  5  1 10 
    3 |  7  4  3  2 10 
    4 | 13 12 12 12 11 
    5 | 13 12 12 12 11 
    6 | 13 12 12 12  . 
    
    Boxes' corners:       (w,l)
        Box  1 is at 
            top left     (3,2)
            bottom right (3,2)
    
        Box  2 is at 
            top left     (3,3)
            bottom right (3,3)
    
        Box  3 is at 
            top left     (2,3)
            bottom right (2,3)
    
        Box  4 is at 
            top left     (1,3)
            bottom right (1,3)
    
        Box  5 is at 
            top left     (2,2)
            bottom right (2,2)
    
        Box  6 is at 
            top left     (2,0)
            bottom right (2,1)
    
        Box  7 is at 
            top left     (0,2)
            bottom right (0,3)
    
        Box  8 is at 
            top left     (4,0)
            bottom right (4,1)
    
        Box  9 is at 
            top left     (0,0)
            bottom right (0,1)
    
        Box 10 is at 
            top left     (4,2)
            bottom right (4,3)
    
        Box 11 is at 
            top left     (4,4)
            bottom right (4,5)
    
        Box 12 is at 
            top left     (1,4)
            bottom right (3,6)
    
        Box 13 is at 
            top left     (0,4)
            bottom right (0,6)
    
        Roll length used: 7

    [1;34mTry max length:[0m 6
    [1;34m    At iteration:[0m 17
        lingeling found a solution in .126 ms

      | W
    L |  0  1  2  3  4 
    -------------------
    0 |  5 13 13 13  . 
    1 |  8  8  6  6  4 
    2 |  1  7  7 10 10 
    3 | 11 11 12 12 12 
    4 |  9  9 12 12 12 
    5 |  2  3 12 12 12 
    
    Boxes' corners:       (w,l)
        Box  1 is at 
            top left     (0,2)
            bottom right (0,2)
    
        Box  2 is at 
            top left     (0,5)
            bottom right (0,5)
    
        Box  3 is at 
            top left     (1,5)
            bottom right (1,5)
    
        Box  4 is at 
            top left     (4,1)
            bottom right (4,1)
    
        Box  5 is at 
            top left     (0,0)
            bottom right (0,0)
    
        Box  6 is at 
            top left     (2,1)
            bottom right (3,1)
    
        Box  7 is at 
            top left     (1,2)
            bottom right (2,2)
    
        Box  8 is at 
            top left     (0,1)
            bottom right (1,1)
    
        Box  9 is at 
            top left     (0,4)
            bottom right (1,4)
    
        Box 10 is at 
            top left     (3,2)
            bottom right (4,2)
    
        Box 11 is at 
            top left     (0,3)
            bottom right (1,3)
    
        Box 12 is at 
            top left     (2,3)
            bottom right (4,5)
    
        Box 13 is at 
            top left     (1,0)
            bottom right (3,0)
    
        Roll length used: 6

    [1;34mTry max length:[0m 5
    [1;34m    At iteration:[0m 18
        [3;31mlingeling was timeout-terminated[0m
        [1;31mScript reached time limit[0m
