dg jun 3 19:44:36 CEST 2018
    [1;34mTry max length:[0m 999999
    [1;34m    At iteration:[0m 0
        lingeling found a solution in .823 ms

       | W
     L | 0 1 2 3 4 5 6 7 8 9 10 
    ----------------------------
     0 | . . 2 2 2 2 1 1 1 1  . 
     1 | 5 5 5 5 . . . 3 3 3  3 
     2 | . . . . . . . . . .  . 
     3 | . . . . . . . . . .  . 
     4 | . . . . . . . . . .  . 
     5 | . . . . . . . . . .  . 
     6 | . . . . . . . . . .  . 
     7 | . . . . . . . . . .  . 
     8 | . . . . . . . . . .  . 
     9 | . . . . . . . . . .  . 
    10 | . . . . . . . . . .  . 
    11 | . . . . . . . . . .  . 
    12 | . . . . . . . . . .  . 
    13 | . . . . . . . . . .  . 
    14 | . . . . . . . . . .  . 
    15 | . . . . . . . . . .  . 
    16 | . . . . . . . . . .  . 
    17 | . . . . . . . . . .  . 
    18 | . . . . . . . . . .  . 
    19 | 4 4 4 4 . . . . . .  . 
    
    Boxes' corners:      (w,l)
        Box 1 is at 
            top left     (6,0)
            bottom right (9,0)
    
        Box 2 is at 
            top left     (2,0)
            bottom right (5,0)
    
        Box 3 is at 
            top left     (7,1)
            bottom right (10,1)
    
        Box 4 is at 
            top left     (0,19)
            bottom right (3,19)
    
        Box 5 is at 
            top left     (0,1)
            bottom right (3,1)
    
        Roll length used: 20

    [1;34mTry max length:[0m 19
    [1;34m    At iteration:[0m 1
        lingeling found a solution in .803 ms

       | W
     L | 0 1 2 3 4 5 6 7 8 9 10 
    ----------------------------
     0 | 1 1 1 1 . . . 2 2 2  2 
     1 | . . . . 4 4 4 4 . .  . 
     2 | . . . . . . . . . .  . 
     3 | . . . . . . . . . .  . 
     4 | 5 5 5 5 . . . . . .  . 
     5 | . . . . . . . . . .  . 
     6 | . . . . . . . . . .  . 
     7 | . . . . . . . . . .  . 
     8 | . . . . . . . . . .  . 
     9 | . . . . . . . . . .  . 
    10 | . . . . . . . . . .  . 
    11 | . . . . . . . . . .  . 
    12 | . . . . . . . . . .  . 
    13 | . . . . 3 3 3 3 . .  . 
    14 | . . . . . . . . . .  . 
    15 | . . . . . . . . . .  . 
    16 | . . . . . . . . . .  . 
    17 | . . . . . . . . . .  . 
    18 | . . . . . . . . . .  . 
    
    Boxes' corners:      (w,l)
        Box 1 is at 
            top left     (0,0)
            bottom right (3,0)
    
        Box 2 is at 
            top left     (7,0)
            bottom right (10,0)
    
        Box 3 is at 
            top left     (4,13)
            bottom right (7,13)
    
        Box 4 is at 
            top left     (4,1)
            bottom right (7,1)
    
        Box 5 is at 
            top left     (0,4)
            bottom right (3,4)
    
        Roll length used: 14

    [1;34mTry max length:[0m 13
    [1;34m    At iteration:[0m 2
        lingeling found a solution in .515 ms

       | W
     L | 0 1 2 3 4 5 6 7 8 9 10 
    ----------------------------
     0 | 4 4 4 4 . . . 5 5 5  5 
     1 | . . . . . . . . . .  . 
     2 | . . . . . . . . . .  . 
     3 | . . . . . . . . . .  . 
     4 | . . . . . . . . . .  . 
     5 | . . . . . . . . . .  . 
     6 | . . . . . . . . . .  2 
     7 | . . . . . . . . . .  2 
     8 | . . . . . . . . . .  2 
     9 | . . . . . . . . . .  2 
    10 | . . . . . . . . . .  . 
    11 | . . . . . . . . . .  . 
    12 | . . 3 3 3 3 . 1 1 1  1 
    
    Boxes' corners:      (w,l)
        Box 1 is at 
            top left     (7,12)
            bottom right (10,12)
    
        Box 2 is at 
            top left     (10,6)
            bottom right (10,9)
    
        Box 3 is at 
            top left     (2,12)
            bottom right (5,12)
    
        Box 4 is at 
            top left     (0,0)
            bottom right (3,0)
    
        Box 5 is at 
            top left     (7,0)
            bottom right (10,0)
    
        Roll length used: 13

    [1;34mTry max length:[0m 12
    [1;34m    At iteration:[0m 3
        lingeling found a solution in .646 ms

       | W
     L | 0 1 2 3 4 5 6 7 8 9 10 
    ----------------------------
     0 | 3 3 3 3 2 2 2 2 . .  . 
     1 | . . . . . . . . . .  . 
     2 | . . . . . . . . . .  . 
     3 | . . . . . . . . . .  . 
     4 | . . . . . . . . . .  . 
     5 | . . . . . . . . . .  . 
     6 | . . . . . . . . . .  . 
     7 | . . . . . . . . . .  . 
     8 | . . . . . . . . . .  . 
     9 | . . . . 4 4 4 4 . .  . 
    10 | . . . . . . . . . .  . 
    11 | . . 5 5 5 5 . 1 1 1  1 
    
    Boxes' corners:      (w,l)
        Box 1 is at 
            top left     (7,11)
            bottom right (10,11)
    
        Box 2 is at 
            top left     (4,0)
            bottom right (7,0)
    
        Box 3 is at 
            top left     (0,0)
            bottom right (3,0)
    
        Box 4 is at 
            top left     (4,9)
            bottom right (7,9)
    
        Box 5 is at 
            top left     (2,11)
            bottom right (5,11)
    
        Roll length used: 12

    [1;34mTry max length:[0m 11
    [1;34m    At iteration:[0m 4
        lingeling found a solution in .562 ms

       | W
     L | 0 1 2 3 4 5 6 7 8 9 10 
    ----------------------------
     0 | . . . . . . . . . .  3 
     1 | 5 . . . . . . . . .  3 
     2 | 5 . . . . . . . . .  3 
     3 | 5 . . . . . . . 2 .  3 
     4 | 5 . . . . . . . 2 .  . 
     5 | 4 . . . . . . . 2 .  . 
     6 | 4 . . . . . . . 2 .  . 
     7 | 4 . . . . . . . . .  1 
     8 | 4 . . . . . . . . .  1 
     9 | . . . . . . . . . .  1 
    10 | . . . . . . . . . .  1 
    
    Boxes' corners:      (w,l)
        Box 1 is at 
            top left     (10,7)
            bottom right (10,10)
    
        Box 2 is at 
            top left     (8,3)
            bottom right (8,6)
    
        Box 3 is at 
            top left     (10,0)
            bottom right (10,3)
    
        Box 4 is at 
            top left     (0,5)
            bottom right (0,8)
    
        Box 5 is at 
            top left     (0,1)
            bottom right (0,4)
    
        Roll length used: 11

    [1;34mTry max length:[0m 10
    [1;34m    At iteration:[0m 5
        lingeling found a solution in .488 ms

       | W
     L | 0 1 2 3 4 5 6 7 8 9 10 
    ----------------------------
     0 | 5 . . . . . . . . .  3 
     1 | 5 . . . . . . . . .  3 
     2 | 5 . . . . . . . . .  3 
     3 | 5 . . . . . . . . .  3 
     4 | . . . . . . . . . .  2 
     5 | 4 . . . . . . . . .  2 
     6 | 4 . . . . . . . . 1  2 
     7 | 4 . . . . . . . . 1  2 
     8 | 4 . . . . . . . . 1  . 
     9 | . . . . . . . . . 1  . 
    
    Boxes' corners:      (w,l)
        Box 1 is at 
            top left     (9,6)
            bottom right (9,9)
    
        Box 2 is at 
            top left     (10,4)
            bottom right (10,7)
    
        Box 3 is at 
            top left     (10,0)
            bottom right (10,3)
    
        Box 4 is at 
            top left     (0,5)
            bottom right (0,8)
    
        Box 5 is at 
            top left     (0,0)
            bottom right (0,3)
    
        Roll length used: 10

    [1;34mTry max length:[0m 9
    [1;34m    At iteration:[0m 6
        lingeling found a solution in .430 ms

      | W
    L | 0 1 2 3 4 5 6 7 8 9 10 
    ----------------------------
    0 | 5 . . . . . . . . .  4 
    1 | 5 . . . . . . . . .  4 
    2 | 5 . . . . . . . . .  4 
    3 | 5 . . . . . . . . .  4 
    4 | 3 . . . . . . . . .  . 
    5 | 3 . 2 . . . . . . .  1 
    6 | 3 . 2 . . . . . . .  1 
    7 | 3 . 2 . . . . . . .  1 
    8 | . . 2 . . . . . . .  1 
    
    Boxes' corners:      (w,l)
        Box 1 is at 
            top left     (10,5)
            bottom right (10,8)
    
        Box 2 is at 
            top left     (2,5)
            bottom right (2,8)
    
        Box 3 is at 
            top left     (0,4)
            bottom right (0,7)
    
        Box 4 is at 
            top left     (10,0)
            bottom right (10,3)
    
        Box 5 is at 
            top left     (0,0)
            bottom right (0,3)
    
        Roll length used: 9

    [1;34mTry max length:[0m 8
    [1;34m    At iteration:[0m 7
        lingeling found a solution in .373 ms

      | W
    L | 0 1 2 3 4 5 6 7 8 9 10 
    ----------------------------
    0 | . . . . . . 5 . . .  3 
    1 | . . . . . . 5 . . .  3 
    2 | . . . . . . 5 . . .  3 
    3 | 1 . . . . . 5 . . .  3 
    4 | 1 . . . . . . . . 2  4 
    5 | 1 . . . . . . . . 2  4 
    6 | 1 . . . . . . . . 2  4 
    7 | . . . . . . . . . 2  4 
    
    Boxes' corners:      (w,l)
        Box 1 is at 
            top left     (0,3)
            bottom right (0,6)
    
        Box 2 is at 
            top left     (9,4)
            bottom right (9,7)
    
        Box 3 is at 
            top left     (10,0)
            bottom right (10,3)
    
        Box 4 is at 
            top left     (10,4)
            bottom right (10,7)
    
        Box 5 is at 
            top left     (6,0)
            bottom right (6,3)
    
        Roll length used: 8

    [1;34mTry max length:[0m 7
    [1;34m    At iteration:[0m 8
        lingeling found a solution in .224 ms

      | W
    L | 0 1 2 3 4 5 6 7 8 9 10 
    ----------------------------
    0 | 1 2 4 . . . . . . .  . 
    1 | 1 2 4 . . . 5 . . .  . 
    2 | 1 2 4 . . . 5 . . .  3 
    3 | 1 2 4 . . . 5 . . .  3 
    4 | . . . . . . 5 . . .  3 
    5 | . . . . . . . . . .  3 
    6 | . . . . . . . . . .  . 
    
    Boxes' corners:      (w,l)
        Box 1 is at 
            top left     (0,0)
            bottom right (0,3)
    
        Box 2 is at 
            top left     (1,0)
            bottom right (1,3)
    
        Box 3 is at 
            top left     (10,2)
            bottom right (10,5)
    
        Box 4 is at 
            top left     (2,0)
            bottom right (2,3)
    
        Box 5 is at 
            top left     (6,1)
            bottom right (6,4)
    
        Roll length used: 6

    [1;34mTry max length:[0m 5
    [1;34m    At iteration:[0m 9
        lingeling found a solution in .139 ms

      | W
    L | 0 1 2 3 4 5 6 7 8 9 10 
    ----------------------------
    0 | . . . . . . 5 . . .  . 
    1 | 2 . . 4 . . 5 . . .  3 
    2 | 2 . . 4 . . 5 . . .  3 
    3 | 2 . . 4 . . 5 . . .  3 
    4 | 2 . . 4 1 1 1 1 . .  3 
    
    Boxes' corners:      (w,l)
        Box 1 is at 
            top left     (4,4)
            bottom right (7,4)
    
        Box 2 is at 
            top left     (0,1)
            bottom right (0,4)
    
        Box 3 is at 
            top left     (10,1)
            bottom right (10,4)
    
        Box 4 is at 
            top left     (3,1)
            bottom right (3,4)
    
        Box 5 is at 
            top left     (6,0)
            bottom right (6,3)
    
        Roll length used: 5

    [1;34mTry max length:[0m 4
    [1;34m    At iteration:[0m 10
        lingeling found a solution in .104 ms

      | W
    L | 0 1 2 3 4 5 6 7 8 9 10 
    ----------------------------
    0 | 3 4 . . . . . . 5 2  1 
    1 | 3 4 . . . . . . 5 2  1 
    2 | 3 4 . . . . . . 5 2  1 
    3 | 3 4 . . . . . . 5 2  1 
    
    Boxes' corners:      (w,l)
        Box 1 is at 
            top left     (10,0)
            bottom right (10,3)
    
        Box 2 is at 
            top left     (9,0)
            bottom right (9,3)
    
        Box 3 is at 
            top left     (0,0)
            bottom right (0,3)
    
        Box 4 is at 
            top left     (1,0)
            bottom right (1,3)
    
        Box 5 is at 
            top left     (8,0)
            bottom right (8,3)
    
        Roll length used: 4

    [1;34mTry max length:[0m 3
    [1;34m    At iteration:[0m 11
        lingeling found a solution in .079 ms

      | W
    L | 0 1 2 3 4 5 6 7 8 9 10 
    ----------------------------
    0 | . . . . . . . 5 5 5  5 
    1 | 3 3 3 3 . . . 4 4 4  4 
    2 | 1 1 1 1 . . . 2 2 2  2 
    
    Boxes' corners:      (w,l)
        Box 1 is at 
            top left     (0,2)
            bottom right (3,2)
    
        Box 2 is at 
            top left     (7,2)
            bottom right (10,2)
    
        Box 3 is at 
            top left     (0,1)
            bottom right (3,1)
    
        Box 4 is at 
            top left     (7,1)
            bottom right (10,1)
    
        Box 5 is at 
            top left     (7,0)
            bottom right (10,0)
    
        Roll length used: 3

    [1;34mTry max length:[0m 2
    [1;34m    At iteration:[0m 12
        [3;31mlingeling determined unsatisfiability of the Boolean formula[0m
        [1;32mOptimality reached![0m
