dg jun 3 19:21:13 CEST 2018
    [1;34mTry max length:[0m 999999
    [1;34m    At iteration:[0m 0
        lingeling found a solution in .666 ms

       | W
     L |  0  1  2 3 4  5 
    --------------------
     0 | 12 12 12 . .  . 
     1 | 12 12 12 . .  . 
     2 |  .  .  . . .  . 
     3 |  .  .  . . .  . 
     4 |  .  .  . . .  . 
     5 |  .  .  . . .  . 
     6 |  .  .  . . .  . 
     7 |  .  .  . . .  . 
     8 |  .  .  . . .  . 
     9 |  .  .  . . .  . 
    10 |  .  .  . . .  . 
    11 |  .  .  . . .  . 
    12 |  .  .  . . .  . 
    13 | 10  .  . . . 11 
    14 | 10  .  . . . 11 
    15 |  9  .  . . .  . 
    16 |  9  .  . . .  . 
    17 |  8  .  . . .  . 
    18 |  8  .  . . .  . 
    19 |  7  .  . . .  . 
    20 |  7  .  . 5 5  5 
    21 |  6  .  . 5 5  5 
    22 |  6  2  1 5 5  5 
    23 |  4  4  4 3 3  3 
    24 |  4  4  4 3 3  3 
    25 |  4  4  4 3 3  3 
    
    Boxes' corners:       (w,l)
        Box  1 is at 
            top left     (2,22)
            bottom right (2,22)
    
        Box  2 is at 
            top left     (1,22)
            bottom right (1,22)
    
        Box  3 is at 
            top left     (3,23)
            bottom right (5,25)
    
        Box  4 is at 
            top left     (0,23)
            bottom right (2,25)
    
        Box  5 is at 
            top left     (3,20)
            bottom right (5,22)
    
        Box  6 is at 
            top left     (0,21)
            bottom right (0,22)
    
        Box  7 is at 
            top left     (0,19)
            bottom right (0,20)
    
        Box  8 is at 
            top left     (0,17)
            bottom right (0,18)
    
        Box  9 is at 
            top left     (0,15)
            bottom right (0,16)
    
        Box 10 is at 
            top left     (0,13)
            bottom right (0,14)
    
        Box 11 is at 
            top left     (5,13)
            bottom right (5,14)
    
        Box 12 is at 
            top left     (0,0)
            bottom right (2,1)
    
        Roll length used: 26

    [1;34mTry max length:[0m 25
    [1;34m    At iteration:[0m 1
        lingeling found a solution in .680 ms

       | W
     L |  0  1  2 3 4  5 
    --------------------
     0 | 12 12 12 . .  . 
     1 | 12 12 12 4 4  4 
     2 |  .  .  . 4 4  4 
     3 |  .  .  . 4 4  4 
     4 |  .  .  . . .  . 
     5 |  .  .  . . .  . 
     6 |  .  .  . . .  . 
     7 |  .  .  . . .  . 
     8 |  .  .  . . .  . 
     9 |  .  .  . . .  . 
    10 |  .  .  . . .  . 
    11 |  .  .  . 5 5  5 
    12 |  .  .  . 5 5  5 
    13 |  .  .  . 5 5  5 
    14 |  9  .  . . .  . 
    15 |  9  .  . . .  . 
    16 |  8  .  . . .  . 
    17 |  8  .  . . . 10 
    18 |  3  3  3 . . 10 
    19 |  3  3  3 . .  . 
    20 |  3  3  3 . .  . 
    21 |  7  .  . . .  . 
    22 |  7  .  . . .  . 
    23 |  6  .  . . . 11 
    24 |  6  .  . 2 1 11 
    
    Boxes' corners:       (w,l)
        Box  1 is at 
            top left     (4,24)
            bottom right (4,24)
    
        Box  2 is at 
            top left     (3,24)
            bottom right (3,24)
    
        Box  3 is at 
            top left     (0,18)
            bottom right (2,20)
    
        Box  4 is at 
            top left     (3,1)
            bottom right (5,3)
    
        Box  5 is at 
            top left     (3,11)
            bottom right (5,13)
    
        Box  6 is at 
            top left     (0,23)
            bottom right (0,24)
    
        Box  7 is at 
            top left     (0,21)
            bottom right (0,22)
    
        Box  8 is at 
            top left     (0,16)
            bottom right (0,17)
    
        Box  9 is at 
            top left     (0,14)
            bottom right (0,15)
    
        Box 10 is at 
            top left     (5,17)
            bottom right (5,18)
    
        Box 11 is at 
            top left     (5,23)
            bottom right (5,24)
    
        Box 12 is at 
            top left     (0,0)
            bottom right (2,1)
    
        Roll length used: 25

    [1;34mTry max length:[0m 24
    [1;34m    At iteration:[0m 2
        lingeling found a solution in .696 ms

       | W
     L |  0  1  2 3 4  5 
    --------------------
     0 | 12 12 12 . .  . 
     1 | 12 12 12 . .  . 
     2 |  .  .  . . .  . 
     3 |  .  .  . . .  . 
     4 |  .  .  . . .  . 
     5 |  .  .  . . .  . 
     6 |  4  4  4 . .  . 
     7 |  4  4  4 3 3  3 
     8 |  4  4  4 3 3  3 
     9 |  .  .  . 3 3  3 
    10 |  .  .  . . .  . 
    11 |  .  .  . . .  . 
    12 |  .  .  . . .  . 
    13 |  .  .  . . .  . 
    14 | 11  .  . . .  . 
    15 | 11  .  . . .  . 
    16 |  9  .  . . . 10 
    17 |  9  .  . . . 10 
    18 |  8  .  . . .  . 
    19 |  8  .  . . .  . 
    20 |  7  .  . . .  . 
    21 |  7  .  . 5 5  5 
    22 |  6  .  . 5 5  5 
    23 |  6  2  1 5 5  5 
    
    Boxes' corners:       (w,l)
        Box  1 is at 
            top left     (2,23)
            bottom right (2,23)
    
        Box  2 is at 
            top left     (1,23)
            bottom right (1,23)
    
        Box  3 is at 
            top left     (3,7)
            bottom right (5,9)
    
        Box  4 is at 
            top left     (0,6)
            bottom right (2,8)
    
        Box  5 is at 
            top left     (3,21)
            bottom right (5,23)
    
        Box  6 is at 
            top left     (0,22)
            bottom right (0,23)
    
        Box  7 is at 
            top left     (0,20)
            bottom right (0,21)
    
        Box  8 is at 
            top left     (0,18)
            bottom right (0,19)
    
        Box  9 is at 
            top left     (0,16)
            bottom right (0,17)
    
        Box 10 is at 
            top left     (5,16)
            bottom right (5,17)
    
        Box 11 is at 
            top left     (0,14)
            bottom right (0,15)
    
        Box 12 is at 
            top left     (0,0)
            bottom right (2,1)
    
        Roll length used: 24

    [1;34mTry max length:[0m 23
    [1;34m    At iteration:[0m 3
        lingeling found a solution in .850 ms

       | W
     L |  0 1 2  3  4  5 
    --------------------
     0 |  . . . 12 12 12 
     1 |  4 4 4 12 12 12 
     2 |  4 4 4  .  .  . 
     3 |  4 4 4  .  .  . 
     4 |  . . .  .  .  . 
     5 |  . . .  .  .  . 
     6 |  . . .  .  .  . 
     7 |  . . .  .  .  . 
     8 |  . . .  .  .  . 
     9 |  . . .  .  .  . 
    10 | 11 . .  .  .  . 
    11 | 11 . .  .  .  . 
    12 | 10 . .  .  .  . 
    13 | 10 . .  .  .  . 
    14 |  9 . .  .  .  . 
    15 |  9 . .  .  .  . 
    16 |  3 3 3  .  .  . 
    17 |  3 3 3  .  .  8 
    18 |  3 3 3  .  .  8 
    19 |  7 . .  .  .  . 
    20 |  7 . .  5  5  5 
    21 |  6 . .  5  5  5 
    22 |  6 2 1  5  5  5 
    
    Boxes' corners:       (w,l)
        Box  1 is at 
            top left     (2,22)
            bottom right (2,22)
    
        Box  2 is at 
            top left     (1,22)
            bottom right (1,22)
    
        Box  3 is at 
            top left     (0,16)
            bottom right (2,18)
    
        Box  4 is at 
            top left     (0,1)
            bottom right (2,3)
    
        Box  5 is at 
            top left     (3,20)
            bottom right (5,22)
    
        Box  6 is at 
            top left     (0,21)
            bottom right (0,22)
    
        Box  7 is at 
            top left     (0,19)
            bottom right (0,20)
    
        Box  8 is at 
            top left     (5,17)
            bottom right (5,18)
    
        Box  9 is at 
            top left     (0,14)
            bottom right (0,15)
    
        Box 10 is at 
            top left     (0,12)
            bottom right (0,13)
    
        Box 11 is at 
            top left     (0,10)
            bottom right (0,11)
    
        Box 12 is at 
            top left     (3,0)
            bottom right (5,1)
    
        Roll length used: 23

    [1;34mTry max length:[0m 22
    [1;34m    At iteration:[0m 4
        lingeling found a solution in .578 ms

       | W
     L |  0  1  2 3 4  5 
    --------------------
     0 |  .  .  . . .  . 
     1 |  .  .  . . .  . 
     2 |  .  .  . . .  . 
     3 |  .  .  . . .  . 
     4 |  .  .  . . .  . 
     5 |  .  .  . . .  . 
     6 |  .  .  . . .  . 
     7 | 11  .  . . .  . 
     8 | 11  .  . . .  . 
     9 |  9  .  . . .  . 
    10 |  9  .  . 4 4  4 
    11 |  8  .  . 4 4  4 
    12 |  8  .  . 4 4  4 
    13 |  7  .  . . .  . 
    14 |  7  .  . . .  . 
    15 |  5  5  5 . .  . 
    16 |  5  5  5 3 3  3 
    17 |  5  5  5 3 3  3 
    18 |  6  .  . 3 3  3 
    19 |  6  .  . . .  . 
    20 | 12 12 12 . . 10 
    21 | 12 12 12 2 1 10 
    
    Boxes' corners:       (w,l)
        Box  1 is at 
            top left     (4,21)
            bottom right (4,21)
    
        Box  2 is at 
            top left     (3,21)
            bottom right (3,21)
    
        Box  3 is at 
            top left     (3,16)
            bottom right (5,18)
    
        Box  4 is at 
            top left     (3,10)
            bottom right (5,12)
    
        Box  5 is at 
            top left     (0,15)
            bottom right (2,17)
    
        Box  6 is at 
            top left     (0,18)
            bottom right (0,19)
    
        Box  7 is at 
            top left     (0,13)
            bottom right (0,14)
    
        Box  8 is at 
            top left     (0,11)
            bottom right (0,12)
    
        Box  9 is at 
            top left     (0,9)
            bottom right (0,10)
    
        Box 10 is at 
            top left     (5,20)
            bottom right (5,21)
    
        Box 11 is at 
            top left     (0,7)
            bottom right (0,8)
    
        Box 12 is at 
            top left     (0,20)
            bottom right (2,21)
    
        Roll length used: 22

    [1;34mTry max length:[0m 21
    [1;34m    At iteration:[0m 5
        lingeling found a solution in 1.158 ms

       | W
     L |  0 1 2  3  4  5 
    --------------------
     0 |  . . .  .  .  . 
     1 |  . . .  .  .  . 
     2 |  . . .  .  .  . 
     3 |  . . .  .  .  . 
     4 |  . . .  .  .  . 
     5 |  . . .  .  .  . 
     6 |  . . .  4  4  4 
     7 |  . . .  4  4  4 
     8 |  . . .  4  4  4 
     9 |  . . .  .  .  . 
    10 | 10 . .  .  . 11 
    11 | 10 . .  .  . 11 
    12 |  5 5 5  .  .  . 
    13 |  5 5 5  3  3  3 
    14 |  5 5 5  3  3  3 
    15 |  9 . .  3  3  3 
    16 |  9 . .  .  .  . 
    17 |  7 . .  .  .  8 
    18 |  7 . .  .  .  8 
    19 |  6 . . 12 12 12 
    20 |  6 2 1 12 12 12 
    
    Boxes' corners:       (w,l)
        Box  1 is at 
            top left     (2,20)
            bottom right (2,20)
    
        Box  2 is at 
            top left     (1,20)
            bottom right (1,20)
    
        Box  3 is at 
            top left     (3,13)
            bottom right (5,15)
    
        Box  4 is at 
            top left     (3,6)
            bottom right (5,8)
    
        Box  5 is at 
            top left     (0,12)
            bottom right (2,14)
    
        Box  6 is at 
            top left     (0,19)
            bottom right (0,20)
    
        Box  7 is at 
            top left     (0,17)
            bottom right (0,18)
    
        Box  8 is at 
            top left     (5,17)
            bottom right (5,18)
    
        Box  9 is at 
            top left     (0,15)
            bottom right (0,16)
    
        Box 10 is at 
            top left     (0,10)
            bottom right (0,11)
    
        Box 11 is at 
            top left     (5,10)
            bottom right (5,11)
    
        Box 12 is at 
            top left     (3,19)
            bottom right (5,20)
    
        Roll length used: 21

    [1;34mTry max length:[0m 20
    [1;34m    At iteration:[0m 6
        lingeling found a solution in .764 ms

       | W
     L |  0 1 2  3  4  5 
    --------------------
     0 |  . . .  .  .  . 
     1 |  . . .  .  .  . 
     2 |  . . .  .  .  . 
     3 |  4 4 4  .  .  . 
     4 |  4 4 4  .  .  . 
     5 |  4 4 4  .  .  . 
     6 |  . . .  3  3  3 
     7 |  . . .  3  3  3 
     8 |  . . .  3  3  3 
     9 |  . . .  .  .  . 
    10 | 11 . .  5  5  5 
    11 | 11 . .  5  5  5 
    12 | 10 . .  5  5  5 
    13 | 10 . .  .  .  . 
    14 |  9 . .  .  .  8 
    15 |  9 . .  .  .  8 
    16 |  7 . .  .  .  . 
    17 |  7 . .  .  .  . 
    18 |  6 . . 12 12 12 
    19 |  6 2 1 12 12 12 
    
    Boxes' corners:       (w,l)
        Box  1 is at 
            top left     (2,19)
            bottom right (2,19)
    
        Box  2 is at 
            top left     (1,19)
            bottom right (1,19)
    
        Box  3 is at 
            top left     (3,6)
            bottom right (5,8)
    
        Box  4 is at 
            top left     (0,3)
            bottom right (2,5)
    
        Box  5 is at 
            top left     (3,10)
            bottom right (5,12)
    
        Box  6 is at 
            top left     (0,18)
            bottom right (0,19)
    
        Box  7 is at 
            top left     (0,16)
            bottom right (0,17)
    
        Box  8 is at 
            top left     (5,14)
            bottom right (5,15)
    
        Box  9 is at 
            top left     (0,14)
            bottom right (0,15)
    
        Box 10 is at 
            top left     (0,12)
            bottom right (0,13)
    
        Box 11 is at 
            top left     (0,10)
            bottom right (0,11)
    
        Box 12 is at 
            top left     (3,18)
            bottom right (5,19)
    
        Roll length used: 20

    [1;34mTry max length:[0m 19
    [1;34m    At iteration:[0m 7
        lingeling found a solution in .623 ms

       | W
     L |  0 1 2  3  4  5 
    --------------------
     0 |  . . . 12 12 12 
     1 |  4 4 4 12 12 12 
     2 |  4 4 4  .  .  . 
     3 |  4 4 4  .  .  . 
     4 |  . . .  .  .  . 
     5 |  . . .  3  3  3 
     6 |  5 5 5  3  3  3 
     7 |  5 5 5  3  3  3 
     8 |  5 5 5  .  .  . 
     9 | 11 . .  .  .  . 
    10 | 11 . .  .  .  . 
    11 | 10 . .  .  .  . 
    12 | 10 . .  .  .  . 
    13 |  9 . .  .  .  . 
    14 |  9 . .  .  .  . 
    15 |  8 . .  .  .  . 
    16 |  8 . .  .  .  . 
    17 |  7 . .  .  .  6 
    18 |  7 . .  2  1  6 
    
    Boxes' corners:       (w,l)
        Box  1 is at 
            top left     (4,18)
            bottom right (4,18)
    
        Box  2 is at 
            top left     (3,18)
            bottom right (3,18)
    
        Box  3 is at 
            top left     (3,5)
            bottom right (5,7)
    
        Box  4 is at 
            top left     (0,1)
            bottom right (2,3)
    
        Box  5 is at 
            top left     (0,6)
            bottom right (2,8)
    
        Box  6 is at 
            top left     (5,17)
            bottom right (5,18)
    
        Box  7 is at 
            top left     (0,17)
            bottom right (0,18)
    
        Box  8 is at 
            top left     (0,15)
            bottom right (0,16)
    
        Box  9 is at 
            top left     (0,13)
            bottom right (0,14)
    
        Box 10 is at 
            top left     (0,11)
            bottom right (0,12)
    
        Box 11 is at 
            top left     (0,9)
            bottom right (0,10)
    
        Box 12 is at 
            top left     (3,0)
            bottom right (5,1)
    
        Roll length used: 19

    [1;34mTry max length:[0m 18
    [1;34m    At iteration:[0m 8
        lingeling found a solution in .491 ms

       | W
     L |  0 1 2  3  4  5 
    --------------------
     0 |  . . .  .  .  . 
     1 |  . . .  4  4  4 
     2 |  . . .  4  4  4 
     3 |  5 5 5  4  4  4 
     4 |  5 5 5  3  3  3 
     5 |  5 5 5  3  3  3 
     6 | 11 . .  3  3  3 
     7 | 11 . .  .  .  . 
     8 | 10 . .  .  .  . 
     9 | 10 . .  .  .  . 
    10 |  9 . .  .  .  . 
    11 |  9 . .  .  .  . 
    12 |  8 . .  .  .  . 
    13 |  8 . .  .  .  . 
    14 |  7 . .  .  .  . 
    15 |  7 . .  .  .  . 
    16 |  6 . . 12 12 12 
    17 |  6 2 1 12 12 12 
    
    Boxes' corners:       (w,l)
        Box  1 is at 
            top left     (2,17)
            bottom right (2,17)
    
        Box  2 is at 
            top left     (1,17)
            bottom right (1,17)
    
        Box  3 is at 
            top left     (3,4)
            bottom right (5,6)
    
        Box  4 is at 
            top left     (3,1)
            bottom right (5,3)
    
        Box  5 is at 
            top left     (0,3)
            bottom right (2,5)
    
        Box  6 is at 
            top left     (0,16)
            bottom right (0,17)
    
        Box  7 is at 
            top left     (0,14)
            bottom right (0,15)
    
        Box  8 is at 
            top left     (0,12)
            bottom right (0,13)
    
        Box  9 is at 
            top left     (0,10)
            bottom right (0,11)
    
        Box 10 is at 
            top left     (0,8)
            bottom right (0,9)
    
        Box 11 is at 
            top left     (0,6)
            bottom right (0,7)
    
        Box 12 is at 
            top left     (3,16)
            bottom right (5,17)
    
        Roll length used: 18

    [1;34mTry max length:[0m 17
    [1;34m    At iteration:[0m 9
        lingeling found a solution in .443 ms

       | W
     L |  0 1 2  3  4  5 
    --------------------
     0 | 11 . . 12 12 12 
     1 | 11 . . 12 12 12 
     2 |  . . .  4  4  4 
     3 | 10 . .  4  4  4 
     4 | 10 . .  4  4  4 
     5 |  3 3 3  .  .  . 
     6 |  3 3 3  .  .  . 
     7 |  3 3 3  .  .  . 
     8 |  . . .  .  .  . 
     9 |  9 . .  .  .  . 
    10 |  9 . .  .  .  . 
    11 |  8 . .  .  .  . 
    12 |  8 . .  .  .  . 
    13 |  7 . .  .  .  . 
    14 |  7 . .  5  5  5 
    15 |  6 . .  5  5  5 
    16 |  6 2 1  5  5  5 
    
    Boxes' corners:       (w,l)
        Box  1 is at 
            top left     (2,16)
            bottom right (2,16)
    
        Box  2 is at 
            top left     (1,16)
            bottom right (1,16)
    
        Box  3 is at 
            top left     (0,5)
            bottom right (2,7)
    
        Box  4 is at 
            top left     (3,2)
            bottom right (5,4)
    
        Box  5 is at 
            top left     (3,14)
            bottom right (5,16)
    
        Box  6 is at 
            top left     (0,15)
            bottom right (0,16)
    
        Box  7 is at 
            top left     (0,13)
            bottom right (0,14)
    
        Box  8 is at 
            top left     (0,11)
            bottom right (0,12)
    
        Box  9 is at 
            top left     (0,9)
            bottom right (0,10)
    
        Box 10 is at 
            top left     (0,3)
            bottom right (0,4)
    
        Box 11 is at 
            top left     (0,0)
            bottom right (0,1)
    
        Box 12 is at 
            top left     (3,0)
            bottom right (5,1)
    
        Roll length used: 17

    [1;34mTry max length:[0m 16
    [1;34m    At iteration:[0m 10
        lingeling found a solution in .643 ms

       | W
     L |  0 1 2  3  4  5 
    --------------------
     0 | 11 . . 12 12 12 
     1 | 11 . . 12 12 12 
     2 |  . . .  .  .  . 
     3 |  4 4 4  .  .  . 
     4 |  4 4 4  3  3  3 
     5 |  4 4 4  3  3  3 
     6 | 10 . .  3  3  3 
     7 | 10 . .  .  .  . 
     8 |  9 . .  5  5  5 
     9 |  9 . .  5  5  5 
    10 |  8 . .  5  5  5 
    11 |  8 . .  .  .  . 
    12 |  7 . .  .  .  . 
    13 |  7 . .  .  .  . 
    14 |  6 . .  .  .  . 
    15 |  6 . .  .  2  1 
    
    Boxes' corners:       (w,l)
        Box  1 is at 
            top left     (5,15)
            bottom right (5,15)
    
        Box  2 is at 
            top left     (4,15)
            bottom right (4,15)
    
        Box  3 is at 
            top left     (3,4)
            bottom right (5,6)
    
        Box  4 is at 
            top left     (0,3)
            bottom right (2,5)
    
        Box  5 is at 
            top left     (3,8)
            bottom right (5,10)
    
        Box  6 is at 
            top left     (0,14)
            bottom right (0,15)
    
        Box  7 is at 
            top left     (0,12)
            bottom right (0,13)
    
        Box  8 is at 
            top left     (0,10)
            bottom right (0,11)
    
        Box  9 is at 
            top left     (0,8)
            bottom right (0,9)
    
        Box 10 is at 
            top left     (0,6)
            bottom right (0,7)
    
        Box 11 is at 
            top left     (0,0)
            bottom right (0,1)
    
        Box 12 is at 
            top left     (3,0)
            bottom right (5,1)
    
        Roll length used: 16

    [1;34mTry max length:[0m 15
    [1;34m    At iteration:[0m 11
        lingeling found a solution in .413 ms

       | W
     L |  0 1 2  3  4  5 
    --------------------
     0 |  . . . 12 12 12 
     1 |  . . . 12 12 12 
     2 |  . . .  .  .  . 
     3 |  . . .  .  .  . 
     4 | 11 . .  .  .  . 
     5 | 11 . .  .  . 10 
     6 |  9 . .  .  . 10 
     7 |  9 . .  .  .  8 
     8 |  7 . .  .  .  8 
     9 |  7 2 .  5  5  5 
    10 |  6 . 1  5  5  5 
    11 |  6 . .  5  5  5 
    12 |  4 4 4  3  3  3 
    13 |  4 4 4  3  3  3 
    14 |  4 4 4  3  3  3 
    
    Boxes' corners:       (w,l)
        Box  1 is at 
            top left     (2,10)
            bottom right (2,10)
    
        Box  2 is at 
            top left     (1,9)
            bottom right (1,9)
    
        Box  3 is at 
            top left     (3,12)
            bottom right (5,14)
    
        Box  4 is at 
            top left     (0,12)
            bottom right (2,14)
    
        Box  5 is at 
            top left     (3,9)
            bottom right (5,11)
    
        Box  6 is at 
            top left     (0,10)
            bottom right (0,11)
    
        Box  7 is at 
            top left     (0,8)
            bottom right (0,9)
    
        Box  8 is at 
            top left     (5,7)
            bottom right (5,8)
    
        Box  9 is at 
            top left     (0,6)
            bottom right (0,7)
    
        Box 10 is at 
            top left     (5,5)
            bottom right (5,6)
    
        Box 11 is at 
            top left     (0,4)
            bottom right (0,5)
    
        Box 12 is at 
            top left     (3,0)
            bottom right (5,1)
    
        Roll length used: 15

    [1;34mTry max length:[0m 14
    [1;34m    At iteration:[0m 12
        lingeling found a solution in .503 ms

       | W
     L |  0 1 2  3  4  5 
    --------------------
     0 |  . . . 12 12 12 
     1 |  . . . 12 12 12 
     2 |  . . .  .  1  . 
     3 | 11 . .  .  .  . 
     4 | 11 . .  .  . 10 
     5 |  9 . .  .  . 10 
     6 |  9 . .  .  .  8 
     7 |  7 . .  .  .  8 
     8 |  7 . .  5  5  5 
     9 |  6 . .  5  5  5 
    10 |  6 . 2  5  5  5 
    11 |  4 4 4  3  3  3 
    12 |  4 4 4  3  3  3 
    13 |  4 4 4  3  3  3 
    
    Boxes' corners:       (w,l)
        Box  1 is at 
            top left     (4,2)
            bottom right (4,2)
    
        Box  2 is at 
            top left     (2,10)
            bottom right (2,10)
    
        Box  3 is at 
            top left     (3,11)
            bottom right (5,13)
    
        Box  4 is at 
            top left     (0,11)
            bottom right (2,13)
    
        Box  5 is at 
            top left     (3,8)
            bottom right (5,10)
    
        Box  6 is at 
            top left     (0,9)
            bottom right (0,10)
    
        Box  7 is at 
            top left     (0,7)
            bottom right (0,8)
    
        Box  8 is at 
            top left     (5,6)
            bottom right (5,7)
    
        Box  9 is at 
            top left     (0,5)
            bottom right (0,6)
    
        Box 10 is at 
            top left     (5,4)
            bottom right (5,5)
    
        Box 11 is at 
            top left     (0,3)
            bottom right (0,4)
    
        Box 12 is at 
            top left     (3,0)
            bottom right (5,1)
    
        Roll length used: 14

    [1;34mTry max length:[0m 13
    [1;34m    At iteration:[0m 13
        lingeling found a solution in .366 ms

       | W
     L |  0 1 2  3  4  5 
    --------------------
     0 |  . . . 12 12 12 
     1 |  . . . 12 12 12 
     2 | 11 . .  .  .  . 
     3 | 11 . .  .  . 10 
     4 |  9 . .  .  . 10 
     5 |  9 . .  2  .  8 
     6 |  7 . .  .  .  8 
     7 |  7 . .  5  5  5 
     8 |  6 . .  5  5  5 
     9 |  6 . 1  5  5  5 
    10 |  4 4 4  3  3  3 
    11 |  4 4 4  3  3  3 
    12 |  4 4 4  3  3  3 
    
    Boxes' corners:       (w,l)
        Box  1 is at 
            top left     (2,9)
            bottom right (2,9)
    
        Box  2 is at 
            top left     (3,5)
            bottom right (3,5)
    
        Box  3 is at 
            top left     (3,10)
            bottom right (5,12)
    
        Box  4 is at 
            top left     (0,10)
            bottom right (2,12)
    
        Box  5 is at 
            top left     (3,7)
            bottom right (5,9)
    
        Box  6 is at 
            top left     (0,8)
            bottom right (0,9)
    
        Box  7 is at 
            top left     (0,6)
            bottom right (0,7)
    
        Box  8 is at 
            top left     (5,5)
            bottom right (5,6)
    
        Box  9 is at 
            top left     (0,4)
            bottom right (0,5)
    
        Box 10 is at 
            top left     (5,3)
            bottom right (5,4)
    
        Box 11 is at 
            top left     (0,2)
            bottom right (0,3)
    
        Box 12 is at 
            top left     (3,0)
            bottom right (5,1)
    
        Roll length used: 13

    [1;34mTry max length:[0m 12
    [1;34m    At iteration:[0m 14
        lingeling found a solution in .397 ms

       | W
     L |  0 1 2  3  4  5 
    --------------------
     0 | 11 . . 12 12 12 
     1 | 11 . . 12 12 12 
     2 |  1 . .  .  . 10 
     3 |  9 . .  .  . 10 
     4 |  9 . .  .  .  8 
     5 |  7 . .  .  .  8 
     6 |  7 . 2  5  5  5 
     7 |  6 . .  5  5  5 
     8 |  6 . .  5  5  5 
     9 |  4 4 4  3  3  3 
    10 |  4 4 4  3  3  3 
    11 |  4 4 4  3  3  3 
    
    Boxes' corners:       (w,l)
        Box  1 is at 
            top left     (0,2)
            bottom right (0,2)
    
        Box  2 is at 
            top left     (2,6)
            bottom right (2,6)
    
        Box  3 is at 
            top left     (3,9)
            bottom right (5,11)
    
        Box  4 is at 
            top left     (0,9)
            bottom right (2,11)
    
        Box  5 is at 
            top left     (3,6)
            bottom right (5,8)
    
        Box  6 is at 
            top left     (0,7)
            bottom right (0,8)
    
        Box  7 is at 
            top left     (0,5)
            bottom right (0,6)
    
        Box  8 is at 
            top left     (5,4)
            bottom right (5,5)
    
        Box  9 is at 
            top left     (0,3)
            bottom right (0,4)
    
        Box 10 is at 
            top left     (5,2)
            bottom right (5,3)
    
        Box 11 is at 
            top left     (0,0)
            bottom right (0,1)
    
        Box 12 is at 
            top left     (3,0)
            bottom right (5,1)
    
        Roll length used: 12

    [1;34mTry max length:[0m 11
    [1;34m    At iteration:[0m 15
        lingeling found a solution in .320 ms

       | W
     L |  0  1  2 3 4  5 
    --------------------
     0 |  8 12 12 . .  . 
     1 |  8 12 12 7 .  . 
     2 | 10 12 12 7 .  . 
     3 | 10  .  . 1 . 11 
     4 |  9  .  . . . 11 
     5 |  9  .  . 5 5  5 
     6 |  6  .  2 5 5  5 
     7 |  6  .  . 5 5  5 
     8 |  4  4  4 3 3  3 
     9 |  4  4  4 3 3  3 
    10 |  4  4  4 3 3  3 
    
    Boxes' corners:       (w,l)
        Box  1 is at 
            top left     (3,3)
            bottom right (3,3)
    
        Box  2 is at 
            top left     (2,6)
            bottom right (2,6)
    
        Box  3 is at 
            top left     (3,8)
            bottom right (5,10)
    
        Box  4 is at 
            top left     (0,8)
            bottom right (2,10)
    
        Box  5 is at 
            top left     (3,5)
            bottom right (5,7)
    
        Box  6 is at 
            top left     (0,6)
            bottom right (0,7)
    
        Box  7 is at 
            top left     (3,1)
            bottom right (3,2)
    
        Box  8 is at 
            top left     (0,0)
            bottom right (0,1)
    
        Box  9 is at 
            top left     (0,4)
            bottom right (0,5)
    
        Box 10 is at 
            top left     (0,2)
            bottom right (0,3)
    
        Box 11 is at 
            top left     (5,3)
            bottom right (5,4)
    
        Box 12 is at 
            top left     (1,0)
            bottom right (2,2)
    
        Roll length used: 11

    [1;34mTry max length:[0m 10
    [1;34m    At iteration:[0m 16
        lingeling found a solution in .327 ms

       | W
     L | 0  1 2  3  4  5 
    --------------------
     0 | 8  . 6 12 12 12 
     1 | 8  . 6 12 12 12 
     2 | 9 10 .  .  . 11 
     3 | 9 10 .  .  . 11 
     4 | .  . .  5  5  5 
     5 | 7  . .  5  5  5 
     6 | 7  1 2  5  5  5 
     7 | 4  4 4  3  3  3 
     8 | 4  4 4  3  3  3 
     9 | 4  4 4  3  3  3 
    
    Boxes' corners:       (w,l)
        Box  1 is at 
            top left     (1,6)
            bottom right (1,6)
    
        Box  2 is at 
            top left     (2,6)
            bottom right (2,6)
    
        Box  3 is at 
            top left     (3,7)
            bottom right (5,9)
    
        Box  4 is at 
            top left     (0,7)
            bottom right (2,9)
    
        Box  5 is at 
            top left     (3,4)
            bottom right (5,6)
    
        Box  6 is at 
            top left     (2,0)
            bottom right (2,1)
    
        Box  7 is at 
            top left     (0,5)
            bottom right (0,6)
    
        Box  8 is at 
            top left     (0,0)
            bottom right (0,1)
    
        Box  9 is at 
            top left     (0,2)
            bottom right (0,3)
    
        Box 10 is at 
            top left     (1,2)
            bottom right (1,3)
    
        Box 11 is at 
            top left     (5,2)
            bottom right (5,3)
    
        Box 12 is at 
            top left     (3,0)
            bottom right (5,1)
    
        Roll length used: 10

    [1;34mTry max length:[0m 9
    [1;34m    At iteration:[0m 17
        lingeling found a solution in .264 ms

      | W
    L | 0 1  2  3  4  5 
    --------------------
    0 | 6 . 10 12 12 12 
    1 | 6 . 10 12 12 12 
    2 | 8 . 11  .  .  . 
    3 | 8 . 11  3  3  3 
    4 | 7 1  9  3  3  3 
    5 | 7 2  9  3  3  3 
    6 | 5 5  5  4  4  4 
    7 | 5 5  5  4  4  4 
    8 | 5 5  5  4  4  4 
    
    Boxes' corners:       (w,l)
        Box  1 is at 
            top left     (1,4)
            bottom right (1,4)
    
        Box  2 is at 
            top left     (1,5)
            bottom right (1,5)
    
        Box  3 is at 
            top left     (3,3)
            bottom right (5,5)
    
        Box  4 is at 
            top left     (3,6)
            bottom right (5,8)
    
        Box  5 is at 
            top left     (0,6)
            bottom right (2,8)
    
        Box  6 is at 
            top left     (0,0)
            bottom right (0,1)
    
        Box  7 is at 
            top left     (0,4)
            bottom right (0,5)
    
        Box  8 is at 
            top left     (0,2)
            bottom right (0,3)
    
        Box  9 is at 
            top left     (2,4)
            bottom right (2,5)
    
        Box 10 is at 
            top left     (2,0)
            bottom right (2,1)
    
        Box 11 is at 
            top left     (2,2)
            bottom right (2,3)
    
        Box 12 is at 
            top left     (3,0)
            bottom right (5,1)
    
        Roll length used: 9

    [1;34mTry max length:[0m 8
    [1;34m    At iteration:[0m 18
        lingeling found a solution in .282 ms

      | W
    L | 0 1 2  3  4  5 
    -------------------
    0 | 6 6 2  3  3  3 
    1 | 5 5 5  3  3  3 
    2 | 5 5 5  3  3  3 
    3 | 5 5 5 10  .  1 
    4 | 4 4 4 10  9  9 
    5 | 4 4 4 12 12 12 
    6 | 4 4 4 12 12 12 
    7 | 8 8 7  7 11 11 
    
    Boxes' corners:       (w,l)
        Box  1 is at 
            top left     (5,3)
            bottom right (5,3)
    
        Box  2 is at 
            top left     (2,0)
            bottom right (2,0)
    
        Box  3 is at 
            top left     (3,0)
            bottom right (5,2)
    
        Box  4 is at 
            top left     (0,4)
            bottom right (2,6)
    
        Box  5 is at 
            top left     (0,1)
            bottom right (2,3)
    
        Box  6 is at 
            top left     (0,0)
            bottom right (1,0)
    
        Box  7 is at 
            top left     (2,7)
            bottom right (3,7)
    
        Box  8 is at 
            top left     (0,7)
            bottom right (1,7)
    
        Box  9 is at 
            top left     (4,4)
            bottom right (5,4)
    
        Box 10 is at 
            top left     (3,3)
            bottom right (3,4)
    
        Box 11 is at 
            top left     (4,7)
            bottom right (5,7)
    
        Box 12 is at 
            top left     (3,5)
            bottom right (5,6)
    
        Roll length used: 8

    [1;34mTry max length:[0m 7
    [1;34m    At iteration:[0m 19
        [3;31mlingeling determined unsatisfiability of the Boolean formula[0m
        [1;32mOptimality reached![0m
