dg jun 3 19:08:48 CEST 2018
    [1;34mTry max length:[0m 999999
    [1;34m    At iteration:[0m 0
        lingeling found a solution in .218 ms

       | W
     L | 0 1 2 3 
    ------------
     0 | . 3 3 3 
     1 | . 3 3 3 
     2 | . . . . 
     3 | . . . . 
     4 | . . . . 
     5 | . . . . 
     6 | . . . . 
     7 | . . . . 
     8 | . . . . 
     9 | 5 5 5 2 
    10 | 5 5 5 2 
    11 | . . . 1 
    12 | . . 7 1 
    13 | . 4 4 4 
    14 | 6 4 4 4 
    
    Boxes' corners:      (w,l)
        Box 1 is at 
            top left     (3,11)
            bottom right (3,12)
    
        Box 2 is at 
            top left     (3,9)
            bottom right (3,10)
    
        Box 3 is at 
            top left     (1,0)
            bottom right (3,1)
    
        Box 4 is at 
            top left     (1,13)
            bottom right (3,14)
    
        Box 5 is at 
            top left     (0,9)
            bottom right (2,10)
    
        Box 6 is at 
            top left     (0,14)
            bottom right (0,14)
    
        Box 7 is at 
            top left     (2,12)
            bottom right (2,12)
    
        Roll length used: 15

    [1;34mTry max length:[0m 14
    [1;34m    At iteration:[0m 1
        lingeling found a solution in .200 ms

       | W
     L | 0 1 2 3 
    ------------
     0 | 4 4 4 6 
     1 | 4 4 4 . 
     2 | . . . 7 
     3 | . . . . 
     4 | . . . . 
     5 | . . . . 
     6 | . . . . 
     7 | . . . . 
     8 | . . . . 
     9 | . . . . 
    10 | 5 5 5 2 
    11 | 5 5 5 2 
    12 | 1 3 3 3 
    13 | 1 3 3 3 
    
    Boxes' corners:      (w,l)
        Box 1 is at 
            top left     (0,12)
            bottom right (0,13)
    
        Box 2 is at 
            top left     (3,10)
            bottom right (3,11)
    
        Box 3 is at 
            top left     (1,12)
            bottom right (3,13)
    
        Box 4 is at 
            top left     (0,0)
            bottom right (2,1)
    
        Box 5 is at 
            top left     (0,10)
            bottom right (2,11)
    
        Box 6 is at 
            top left     (3,0)
            bottom right (3,0)
    
        Box 7 is at 
            top left     (3,2)
            bottom right (3,2)
    
        Roll length used: 14

    [1;34mTry max length:[0m 13
    [1;34m    At iteration:[0m 2
        lingeling found a solution in .191 ms

       | W
     L | 0 1 2 3 
    ------------
     0 | . 4 4 4 
     1 | . 4 4 4 
     2 | 1 . . . 
     3 | 1 . . . 
     4 | . . . . 
     5 | . . . . 
     6 | . . . . 
     7 | 2 . . . 
     8 | 2 . . . 
     9 | 7 5 5 5 
    10 | 6 5 5 5 
    11 | . 3 3 3 
    12 | . 3 3 3 
    
    Boxes' corners:      (w,l)
        Box 1 is at 
            top left     (0,2)
            bottom right (0,3)
    
        Box 2 is at 
            top left     (0,7)
            bottom right (0,8)
    
        Box 3 is at 
            top left     (1,11)
            bottom right (3,12)
    
        Box 4 is at 
            top left     (1,0)
            bottom right (3,1)
    
        Box 5 is at 
            top left     (1,9)
            bottom right (3,10)
    
        Box 6 is at 
            top left     (0,10)
            bottom right (0,10)
    
        Box 7 is at 
            top left     (0,9)
            bottom right (0,9)
    
        Roll length used: 13

    [1;34mTry max length:[0m 12
    [1;34m    At iteration:[0m 3
        lingeling found a solution in .176 ms

       | W
     L | 0 1 2 3 
    ------------
     0 | 4 4 4 . 
     1 | 4 4 4 . 
     2 | . . . . 
     3 | 7 . . . 
     4 | . . . . 
     5 | . . . . 
     6 | . . . . 
     7 | . . . 6 
     8 | 2 5 5 5 
     9 | 2 5 5 5 
    10 | 3 3 3 1 
    11 | 3 3 3 1 
    
    Boxes' corners:      (w,l)
        Box 1 is at 
            top left     (3,10)
            bottom right (3,11)
    
        Box 2 is at 
            top left     (0,8)
            bottom right (0,9)
    
        Box 3 is at 
            top left     (0,10)
            bottom right (2,11)
    
        Box 4 is at 
            top left     (0,0)
            bottom right (2,1)
    
        Box 5 is at 
            top left     (1,8)
            bottom right (3,9)
    
        Box 6 is at 
            top left     (3,7)
            bottom right (3,7)
    
        Box 7 is at 
            top left     (0,3)
            bottom right (0,3)
    
        Roll length used: 12

    [1;34mTry max length:[0m 11
    [1;34m    At iteration:[0m 4
        lingeling found a solution in .159 ms

       | W
     L | 0 1 2 3 
    ------------
     0 | 4 4 4 . 
     1 | 4 4 4 7 
     2 | . . . . 
     3 | . . . . 
     4 | . . . . 
     5 | . 5 5 5 
     6 | . 5 5 5 
     7 | 2 . . 1 
     8 | 2 . 6 1 
     9 | . 3 3 3 
    10 | . 3 3 3 
    
    Boxes' corners:      (w,l)
        Box 1 is at 
            top left     (3,7)
            bottom right (3,8)
    
        Box 2 is at 
            top left     (0,7)
            bottom right (0,8)
    
        Box 3 is at 
            top left     (1,9)
            bottom right (3,10)
    
        Box 4 is at 
            top left     (0,0)
            bottom right (2,1)
    
        Box 5 is at 
            top left     (1,5)
            bottom right (3,6)
    
        Box 6 is at 
            top left     (2,8)
            bottom right (2,8)
    
        Box 7 is at 
            top left     (3,1)
            bottom right (3,1)
    
        Roll length used: 11

    [1;34mTry max length:[0m 10
    [1;34m    At iteration:[0m 5
        lingeling found a solution in .141 ms

       | W
     L | 0 1 2 3 
    ------------
     0 | 5 5 1 . 
     1 | 5 5 1 . 
     2 | 5 5 . . 
     3 | . . . . 
     4 | 4 4 . . 
     5 | 4 4 . . 
     6 | 4 4 . . 
     7 | 3 3 . . 
     8 | 3 3 7 2 
     9 | 3 3 6 2 
    
    Boxes' corners:      (w,l)
        Box 1 is at 
            top left     (2,0)
            bottom right (2,1)
    
        Box 2 is at 
            top left     (3,8)
            bottom right (3,9)
    
        Box 3 is at 
            top left     (0,7)
            bottom right (1,9)
    
        Box 4 is at 
            top left     (0,4)
            bottom right (1,6)
    
        Box 5 is at 
            top left     (0,0)
            bottom right (1,2)
    
        Box 6 is at 
            top left     (2,9)
            bottom right (2,9)
    
        Box 7 is at 
            top left     (2,8)
            bottom right (2,8)
    
        Roll length used: 10

    [1;34mTry max length:[0m 9
    [1;34m    At iteration:[0m 6
        lingeling found a solution in .128 ms

      | W
    L | 0 1 2 3 
    ------------
    0 | 5 5 . 2 
    1 | 5 5 . 2 
    2 | 5 5 . . 
    3 | 4 4 6 . 
    4 | 4 4 . . 
    5 | 4 4 . . 
    6 | 3 3 . . 
    7 | 3 3 . 1 
    8 | 3 3 7 1 
    
    Boxes' corners:      (w,l)
        Box 1 is at 
            top left     (3,7)
            bottom right (3,8)
    
        Box 2 is at 
            top left     (3,0)
            bottom right (3,1)
    
        Box 3 is at 
            top left     (0,6)
            bottom right (1,8)
    
        Box 4 is at 
            top left     (0,3)
            bottom right (1,5)
    
        Box 5 is at 
            top left     (0,0)
            bottom right (1,2)
    
        Box 6 is at 
            top left     (2,3)
            bottom right (2,3)
    
        Box 7 is at 
            top left     (2,8)
            bottom right (2,8)
    
        Roll length used: 9

    [1;34mTry max length:[0m 8
    [1;34m    At iteration:[0m 7
        lingeling found a solution in .096 ms

      | W
    L | 0 1 2 3 
    ------------
    0 | 4 4 4 . 
    1 | 4 4 4 . 
    2 | . . 6 2 
    3 | . 7 . 2 
    4 | 1 5 5 5 
    5 | 1 5 5 5 
    6 | . 3 3 3 
    7 | . 3 3 3 
    
    Boxes' corners:      (w,l)
        Box 1 is at 
            top left     (0,4)
            bottom right (0,5)
    
        Box 2 is at 
            top left     (3,2)
            bottom right (3,3)
    
        Box 3 is at 
            top left     (1,6)
            bottom right (3,7)
    
        Box 4 is at 
            top left     (0,0)
            bottom right (2,1)
    
        Box 5 is at 
            top left     (1,4)
            bottom right (3,5)
    
        Box 6 is at 
            top left     (2,2)
            bottom right (2,2)
    
        Box 7 is at 
            top left     (1,3)
            bottom right (1,3)
    
        Roll length used: 8

    [1;34mTry max length:[0m 7
    [1;34m    At iteration:[0m 8
        lingeling found a solution in .079 ms

      | W
    L | 0 1 2 3 
    ------------
    0 | 3 3 3 6 
    1 | 3 3 3 . 
    2 | 2 2 1 1 
    3 | 7 5 5 5 
    4 | . 5 5 5 
    5 | . 4 4 4 
    6 | . 4 4 4 
    
    Boxes' corners:      (w,l)
        Box 1 is at 
            top left     (2,2)
            bottom right (3,2)
    
        Box 2 is at 
            top left     (0,2)
            bottom right (1,2)
    
        Box 3 is at 
            top left     (0,0)
            bottom right (2,1)
    
        Box 4 is at 
            top left     (1,5)
            bottom right (3,6)
    
        Box 5 is at 
            top left     (1,3)
            bottom right (3,4)
    
        Box 6 is at 
            top left     (3,0)
            bottom right (3,0)
    
        Box 7 is at 
            top left     (0,3)
            bottom right (0,3)
    
        Roll length used: 7

    [1;34mTry max length:[0m 6
    [1;34m    At iteration:[0m 9
        lingeling found a solution in .060 ms

      | W
    L | 0 1 2 3 
    ------------
    0 | 5 5 6 7 
    1 | 5 5 1 2 
    2 | 5 5 1 2 
    3 | 4 4 3 3 
    4 | 4 4 3 3 
    5 | 4 4 3 3 
    
    Boxes' corners:      (w,l)
        Box 1 is at 
            top left     (2,1)
            bottom right (2,2)
    
        Box 2 is at 
            top left     (3,1)
            bottom right (3,2)
    
        Box 3 is at 
            top left     (2,3)
            bottom right (3,5)
    
        Box 4 is at 
            top left     (0,3)
            bottom right (1,5)
    
        Box 5 is at 
            top left     (0,0)
            bottom right (1,2)
    
        Box 6 is at 
            top left     (2,0)
            bottom right (2,0)
    
        Box 7 is at 
            top left     (3,0)
            bottom right (3,0)
    
        Roll length used: 6

    [1;34mTry max length:[0m 5
    [1;34m    At iteration:[0m 10
        [3;31mlingeling determined unsatisfiability of the Boolean formula[0m
        [1;32mOptimality reached![0m
