dg jun 3 19:17:25 CEST 2018
    [1;34mTry max length:[0m 999999
    [1;34m    At iteration:[0m 0
        lingeling found a solution in .214 ms

       | W
     L | 0 1 2 3 4 
    --------------
     0 | . . . . . 
     1 | . . 2 . . 
     2 | . . . . . 
     3 | . . . . . 
     4 | . . . . . 
     5 | . . . . . 
     6 | . . . . . 
     7 | . 3 . . . 
     8 | 8 8 . 7 7 
     9 | 8 8 4 7 7 
    10 | 1 6 6 5 5 
    11 | . 6 6 5 5 
    
    Boxes' corners:      (w,l)
        Box 1 is at 
            top left     (0,10)
            bottom right (0,10)
    
        Box 2 is at 
            top left     (2,1)
            bottom right (2,1)
    
        Box 3 is at 
            top left     (1,7)
            bottom right (1,7)
    
        Box 4 is at 
            top left     (2,9)
            bottom right (2,9)
    
        Box 5 is at 
            top left     (3,10)
            bottom right (4,11)
    
        Box 6 is at 
            top left     (1,10)
            bottom right (2,11)
    
        Box 7 is at 
            top left     (3,8)
            bottom right (4,9)
    
        Box 8 is at 
            top left     (0,8)
            bottom right (1,9)
    
        Roll length used: 12

    [1;34mTry max length:[0m 11
    [1;34m    At iteration:[0m 1
        lingeling found a solution in .193 ms

       | W
     L | 0 1 2 3 4 
    --------------
     0 | . . . . . 
     1 | . . . . . 
     2 | . . . . . 
     3 | . . . . . 
     4 | . . . . . 
     5 | . . . . . 
     6 | . 3 . 4 . 
     7 | 2 8 8 7 7 
     8 | 1 8 8 7 7 
     9 | . 6 6 5 5 
    10 | . 6 6 5 5 
    
    Boxes' corners:      (w,l)
        Box 1 is at 
            top left     (0,8)
            bottom right (0,8)
    
        Box 2 is at 
            top left     (0,7)
            bottom right (0,7)
    
        Box 3 is at 
            top left     (1,6)
            bottom right (1,6)
    
        Box 4 is at 
            top left     (3,6)
            bottom right (3,6)
    
        Box 5 is at 
            top left     (3,9)
            bottom right (4,10)
    
        Box 6 is at 
            top left     (1,9)
            bottom right (2,10)
    
        Box 7 is at 
            top left     (3,7)
            bottom right (4,8)
    
        Box 8 is at 
            top left     (1,7)
            bottom right (2,8)
    
        Roll length used: 11

    [1;34mTry max length:[0m 10
    [1;34m    At iteration:[0m 2
        lingeling found a solution in .171 ms

       | W
     L | 0 1 2 3 4 
    --------------
     0 | . . . . . 
     1 | . . 1 . . 
     2 | . . . . 3 
     3 | . . . . . 
     4 | . . . 4 . 
     5 | . . . . 2 
     6 | 8 8 . 7 7 
     7 | 8 8 . 7 7 
     8 | 6 6 . 5 5 
     9 | 6 6 . 5 5 
    
    Boxes' corners:      (w,l)
        Box 1 is at 
            top left     (2,1)
            bottom right (2,1)
    
        Box 2 is at 
            top left     (4,5)
            bottom right (4,5)
    
        Box 3 is at 
            top left     (4,2)
            bottom right (4,2)
    
        Box 4 is at 
            top left     (3,4)
            bottom right (3,4)
    
        Box 5 is at 
            top left     (3,8)
            bottom right (4,9)
    
        Box 6 is at 
            top left     (0,8)
            bottom right (1,9)
    
        Box 7 is at 
            top left     (3,6)
            bottom right (4,7)
    
        Box 8 is at 
            top left     (0,6)
            bottom right (1,7)
    
        Roll length used: 10

    [1;34mTry max length:[0m 9
    [1;34m    At iteration:[0m 3
        lingeling found a solution in .140 ms

      | W
    L | 0 1 2 3 4 
    --------------
    0 | 4 . 1 . . 
    1 | . . . . . 
    2 | . 2 . . . 
    3 | . . . . . 
    4 | . . . . . 
    5 | 8 8 . 7 7 
    6 | 8 8 . 7 7 
    7 | 5 5 . 6 6 
    8 | 5 5 3 6 6 
    
    Boxes' corners:      (w,l)
        Box 1 is at 
            top left     (2,0)
            bottom right (2,0)
    
        Box 2 is at 
            top left     (1,2)
            bottom right (1,2)
    
        Box 3 is at 
            top left     (2,8)
            bottom right (2,8)
    
        Box 4 is at 
            top left     (0,0)
            bottom right (0,0)
    
        Box 5 is at 
            top left     (0,7)
            bottom right (1,8)
    
        Box 6 is at 
            top left     (3,7)
            bottom right (4,8)
    
        Box 7 is at 
            top left     (3,5)
            bottom right (4,6)
    
        Box 8 is at 
            top left     (0,5)
            bottom right (1,6)
    
        Roll length used: 9

    [1;34mTry max length:[0m 8
    [1;34m    At iteration:[0m 4
        lingeling found a solution in .120 ms

      | W
    L | 0 1 2 3 4 
    --------------
    0 | . . . . . 
    1 | . . 1 2 . 
    2 | 8 8 . 7 7 
    3 | 8 8 . 7 7 
    4 | . . . . 4 
    5 | . . . . . 
    6 | 5 5 3 6 6 
    7 | 5 5 . 6 6 
    
    Boxes' corners:      (w,l)
        Box 1 is at 
            top left     (2,1)
            bottom right (2,1)
    
        Box 2 is at 
            top left     (3,1)
            bottom right (3,1)
    
        Box 3 is at 
            top left     (2,6)
            bottom right (2,6)
    
        Box 4 is at 
            top left     (4,4)
            bottom right (4,4)
    
        Box 5 is at 
            top left     (0,6)
            bottom right (1,7)
    
        Box 6 is at 
            top left     (3,6)
            bottom right (4,7)
    
        Box 7 is at 
            top left     (3,2)
            bottom right (4,3)
    
        Box 8 is at 
            top left     (0,2)
            bottom right (1,3)
    
        Roll length used: 8

    [1;34mTry max length:[0m 7
    [1;34m    At iteration:[0m 5
        lingeling found a solution in .102 ms

      | W
    L | 0 1 2 3 4 
    --------------
    0 | . . . . . 
    1 | . 3 1 . . 
    2 | 7 7 . . . 
    3 | 7 7 . 8 8 
    4 | . . . 8 8 
    5 | 5 5 2 6 6 
    6 | 5 5 4 6 6 
    
    Boxes' corners:      (w,l)
        Box 1 is at 
            top left     (2,1)
            bottom right (2,1)
    
        Box 2 is at 
            top left     (2,5)
            bottom right (2,5)
    
        Box 3 is at 
            top left     (1,1)
            bottom right (1,1)
    
        Box 4 is at 
            top left     (2,6)
            bottom right (2,6)
    
        Box 5 is at 
            top left     (0,5)
            bottom right (1,6)
    
        Box 6 is at 
            top left     (3,5)
            bottom right (4,6)
    
        Box 7 is at 
            top left     (0,2)
            bottom right (1,3)
    
        Box 8 is at 
            top left     (3,3)
            bottom right (4,4)
    
        Roll length used: 7

    [1;34mTry max length:[0m 6
    [1;34m    At iteration:[0m 6
        lingeling found a solution in .084 ms

      | W
    L | 0 1 2 3 4 
    --------------
    0 | 1 . . 6 6 
    1 | . . 3 6 6 
    2 | 7 7 . 8 8 
    3 | 7 7 . 8 8 
    4 | . 4 . 5 5 
    5 | . . 2 5 5 
    
    Boxes' corners:      (w,l)
        Box 1 is at 
            top left     (0,0)
            bottom right (0,0)
    
        Box 2 is at 
            top left     (2,5)
            bottom right (2,5)
    
        Box 3 is at 
            top left     (2,1)
            bottom right (2,1)
    
        Box 4 is at 
            top left     (1,4)
            bottom right (1,4)
    
        Box 5 is at 
            top left     (3,4)
            bottom right (4,5)
    
        Box 6 is at 
            top left     (3,0)
            bottom right (4,1)
    
        Box 7 is at 
            top left     (0,2)
            bottom right (1,3)
    
        Box 8 is at 
            top left     (3,2)
            bottom right (4,3)
    
        Roll length used: 6

    [1;34mTry max length:[0m 5
    [1;34m    At iteration:[0m 7
        lingeling found a solution in .059 ms

      | W
    L | 0 1 2 3 4 
    --------------
    0 | . 7 7 8 8 
    1 | . 7 7 8 8 
    2 | 6 6 3 . 2 
    3 | 6 6 4 5 5 
    4 | 1 . . 5 5 
    
    Boxes' corners:      (w,l)
        Box 1 is at 
            top left     (0,4)
            bottom right (0,4)
    
        Box 2 is at 
            top left     (4,2)
            bottom right (4,2)
    
        Box 3 is at 
            top left     (2,2)
            bottom right (2,2)
    
        Box 4 is at 
            top left     (2,3)
            bottom right (2,3)
    
        Box 5 is at 
            top left     (3,3)
            bottom right (4,4)
    
        Box 6 is at 
            top left     (0,2)
            bottom right (1,3)
    
        Box 7 is at 
            top left     (1,0)
            bottom right (2,1)
    
        Box 8 is at 
            top left     (3,0)
            bottom right (4,1)
    
        Roll length used: 5

    [1;34mTry max length:[0m 4
    [1;34m    At iteration:[0m 8
        lingeling found a solution in .050 ms

      | W
    L | 0 1 2 3 4 
    --------------
    0 | 6 6 3 7 7 
    1 | 6 6 4 7 7 
    2 | 8 8 2 5 5 
    3 | 8 8 1 5 5 
    
    Boxes' corners:      (w,l)
        Box 1 is at 
            top left     (2,3)
            bottom right (2,3)
    
        Box 2 is at 
            top left     (2,2)
            bottom right (2,2)
    
        Box 3 is at 
            top left     (2,0)
            bottom right (2,0)
    
        Box 4 is at 
            top left     (2,1)
            bottom right (2,1)
    
        Box 5 is at 
            top left     (3,2)
            bottom right (4,3)
    
        Box 6 is at 
            top left     (0,0)
            bottom right (1,1)
    
        Box 7 is at 
            top left     (3,0)
            bottom right (4,1)
    
        Box 8 is at 
            top left     (0,2)
            bottom right (1,3)
    
        Roll length used: 4

    [1;34mTry max length:[0m 3
    [1;34m    At iteration:[0m 9
        [3;31mlingeling determined unsatisfiability of the Boolean formula[0m
        [1;32mOptimality reached![0m
