dg jun 3 19:24:33 CEST 2018
    [1;34mTry max length:[0m 999999
    [1;34m    At iteration:[0m 0
        lingeling found a solution in .618 ms

       | W
     L | 0 1 2 3 4 5 6 
    ------------------
     0 | 1 1 1 2 2 2 . 
     1 | 1 1 1 2 2 2 . 
     2 | . . . . . . . 
     3 | . . . . . . . 
     4 | . 3 3 3 . . . 
     5 | . 3 3 3 . . . 
     6 | . . . . . . . 
     7 | . . . . . . . 
     8 | . . . . . . . 
     9 | . . . . . . . 
    10 | . . . . . . . 
    11 | . . . . . . . 
    12 | . . . 6 6 6 . 
    13 | . . . 6 6 6 . 
    14 | . . . . . . . 
    15 | . . . . . . . 
    16 | . . 5 5 5 . . 
    17 | . . 5 5 5 . . 
    18 | . . 4 4 4 . . 
    19 | . . 4 4 4 . . 
    20 | . . . . 9 8 7 
    
    Boxes' corners:      (w,l)
        Box 1 is at 
            top left     (0,0)
            bottom right (2,1)
    
        Box 2 is at 
            top left     (3,0)
            bottom right (5,1)
    
        Box 3 is at 
            top left     (1,4)
            bottom right (3,5)
    
        Box 4 is at 
            top left     (2,18)
            bottom right (4,19)
    
        Box 5 is at 
            top left     (2,16)
            bottom right (4,17)
    
        Box 6 is at 
            top left     (3,12)
            bottom right (5,13)
    
        Box 7 is at 
            top left     (6,20)
            bottom right (6,20)
    
        Box 8 is at 
            top left     (5,20)
            bottom right (5,20)
    
        Box 9 is at 
            top left     (4,20)
            bottom right (4,20)
    
        Roll length used: 21

    [1;34mTry max length:[0m 20
    [1;34m    At iteration:[0m 1
        lingeling found a solution in .575 ms

       | W
     L | 0 1 2 3 4 5 6 
    ------------------
     0 | 4 4 4 . 2 2 2 
     1 | 4 4 4 . 2 2 2 
     2 | . . . . . . . 
     3 | . . . . . . . 
     4 | . . . . . . . 
     5 | . . . . 6 6 6 
     6 | . . . . 6 6 6 
     7 | . . . . . . . 
     8 | . . . . . . . 
     9 | . . . . . . . 
    10 | . . . . . . . 
    11 | . . . . . . . 
    12 | . . . . . . . 
    13 | . . . . . . 8 
    14 | . . . . . . . 
    15 | . . . . . . . 
    16 | . 1 1 1 . . . 
    17 | 9 1 1 1 5 5 5 
    18 | 3 3 3 7 5 5 5 
    19 | 3 3 3 . . . . 
    
    Boxes' corners:      (w,l)
        Box 1 is at 
            top left     (1,16)
            bottom right (3,17)
    
        Box 2 is at 
            top left     (4,0)
            bottom right (6,1)
    
        Box 3 is at 
            top left     (0,18)
            bottom right (2,19)
    
        Box 4 is at 
            top left     (0,0)
            bottom right (2,1)
    
        Box 5 is at 
            top left     (4,17)
            bottom right (6,18)
    
        Box 6 is at 
            top left     (4,5)
            bottom right (6,6)
    
        Box 7 is at 
            top left     (3,18)
            bottom right (3,18)
    
        Box 8 is at 
            top left     (6,13)
            bottom right (6,13)
    
        Box 9 is at 
            top left     (0,17)
            bottom right (0,17)
    
        Roll length used: 20

    [1;34mTry max length:[0m 19
    [1;34m    At iteration:[0m 2
        lingeling found a solution in .546 ms

       | W
     L | 0 1 2 3 4 5 6 
    ------------------
     0 | 3 3 3 4 4 4 . 
     1 | 3 3 3 4 4 4 . 
     2 | . . 6 6 6 . . 
     3 | . . 6 6 6 . . 
     4 | . . . . 2 2 2 
     5 | . . . . 2 2 2 
     6 | . . . . 1 1 1 
     7 | . . . . 1 1 1 
     8 | . . . . . . . 
     9 | . . . . . . . 
    10 | . . . . . . . 
    11 | . . . . . . . 
    12 | . . . . . . . 
    13 | . . . . . . . 
    14 | . . . . . . . 
    15 | . . . . . . . 
    16 | . . . . 9 8 7 
    17 | . . 5 5 5 . . 
    18 | . . 5 5 5 . . 
    
    Boxes' corners:      (w,l)
        Box 1 is at 
            top left     (4,6)
            bottom right (6,7)
    
        Box 2 is at 
            top left     (4,4)
            bottom right (6,5)
    
        Box 3 is at 
            top left     (0,0)
            bottom right (2,1)
    
        Box 4 is at 
            top left     (3,0)
            bottom right (5,1)
    
        Box 5 is at 
            top left     (2,17)
            bottom right (4,18)
    
        Box 6 is at 
            top left     (2,2)
            bottom right (4,3)
    
        Box 7 is at 
            top left     (6,16)
            bottom right (6,16)
    
        Box 8 is at 
            top left     (5,16)
            bottom right (5,16)
    
        Box 9 is at 
            top left     (4,16)
            bottom right (4,16)
    
        Roll length used: 19

    [1;34mTry max length:[0m 18
    [1;34m    At iteration:[0m 3
        lingeling found a solution in .493 ms

       | W
     L | 0 1 2 3 4 5 6 
    ------------------
     0 | 4 4 4 3 3 3 . 
     1 | 4 4 4 3 3 3 . 
     2 | . . . . . . . 
     3 | . . . . . . . 
     4 | . . . . . . . 
     5 | . . . . . . . 
     6 | . . . . . . . 
     7 | . . . . . . . 
     8 | . . . . . . . 
     9 | . . . . 2 2 2 
    10 | . . . . 2 2 2 
    11 | . . . . . . . 
    12 | . . . 6 6 6 . 
    13 | . . . 6 6 6 . 
    14 | . . . . . . . 
    15 | . . . . 8 9 7 
    16 | 5 5 5 . 1 1 1 
    17 | 5 5 5 . 1 1 1 
    
    Boxes' corners:      (w,l)
        Box 1 is at 
            top left     (4,16)
            bottom right (6,17)
    
        Box 2 is at 
            top left     (4,9)
            bottom right (6,10)
    
        Box 3 is at 
            top left     (3,0)
            bottom right (5,1)
    
        Box 4 is at 
            top left     (0,0)
            bottom right (2,1)
    
        Box 5 is at 
            top left     (0,16)
            bottom right (2,17)
    
        Box 6 is at 
            top left     (3,12)
            bottom right (5,13)
    
        Box 7 is at 
            top left     (6,15)
            bottom right (6,15)
    
        Box 8 is at 
            top left     (4,15)
            bottom right (4,15)
    
        Box 9 is at 
            top left     (5,15)
            bottom right (5,15)
    
        Roll length used: 18

    [1;34mTry max length:[0m 17
    [1;34m    At iteration:[0m 4
        lingeling found a solution in .476 ms

       | W
     L | 0 1 2 3 4 5 6 
    ------------------
     0 | 5 5 5 4 4 4 . 
     1 | 5 5 5 4 4 4 . 
     2 | . . . . . . . 
     3 | . . . 3 3 3 . 
     4 | . . . 3 3 3 . 
     5 | . . . . . . . 
     6 | . . . . . . . 
     7 | . . . . . . . 
     8 | . . . . . . . 
     9 | . . . . . . . 
    10 | . . . . . . . 
    11 | . . . . . . . 
    12 | . . . . . . . 
    13 | . 2 2 2 . . . 
    14 | . 2 2 2 . 8 . 
    15 | 6 6 6 9 1 1 1 
    16 | 6 6 6 7 1 1 1 
    
    Boxes' corners:      (w,l)
        Box 1 is at 
            top left     (4,15)
            bottom right (6,16)
    
        Box 2 is at 
            top left     (1,13)
            bottom right (3,14)
    
        Box 3 is at 
            top left     (3,3)
            bottom right (5,4)
    
        Box 4 is at 
            top left     (3,0)
            bottom right (5,1)
    
        Box 5 is at 
            top left     (0,0)
            bottom right (2,1)
    
        Box 6 is at 
            top left     (0,15)
            bottom right (2,16)
    
        Box 7 is at 
            top left     (3,16)
            bottom right (3,16)
    
        Box 8 is at 
            top left     (5,14)
            bottom right (5,14)
    
        Box 9 is at 
            top left     (3,15)
            bottom right (3,15)
    
        Roll length used: 17

    [1;34mTry max length:[0m 16
    [1;34m    At iteration:[0m 5
        lingeling found a solution in .461 ms

       | W
     L | 0 1 2 3 4 5 6 
    ------------------
     0 | 1 1 1 6 6 6 . 
     1 | 1 1 1 6 6 6 . 
     2 | . . . . . . . 
     3 | . . . . . . . 
     4 | . . . . . . . 
     5 | . 4 4 4 . . . 
     6 | . 4 4 4 . . . 
     7 | . . . . 5 5 5 
     8 | . . . . 5 5 5 
     9 | . . . . . . . 
    10 | . . . . . . . 
    11 | . . . . . . . 
    12 | . . . . . . . 
    13 | . . . . . 9 8 
    14 | 3 3 3 7 2 2 2 
    15 | 3 3 3 . 2 2 2 
    
    Boxes' corners:      (w,l)
        Box 1 is at 
            top left     (0,0)
            bottom right (2,1)
    
        Box 2 is at 
            top left     (4,14)
            bottom right (6,15)
    
        Box 3 is at 
            top left     (0,14)
            bottom right (2,15)
    
        Box 4 is at 
            top left     (1,5)
            bottom right (3,6)
    
        Box 5 is at 
            top left     (4,7)
            bottom right (6,8)
    
        Box 6 is at 
            top left     (3,0)
            bottom right (5,1)
    
        Box 7 is at 
            top left     (3,14)
            bottom right (3,14)
    
        Box 8 is at 
            top left     (6,13)
            bottom right (6,13)
    
        Box 9 is at 
            top left     (5,13)
            bottom right (5,13)
    
        Roll length used: 16

    [1;34mTry max length:[0m 15
    [1;34m    At iteration:[0m 6
        lingeling found a solution in .385 ms

       | W
     L | 0 1 2 3 4 5 6 
    ------------------
     0 | 5 5 5 . 2 2 2 
     1 | 5 5 5 . 2 2 2 
     2 | . . . . . . . 
     3 | . . . . . . . 
     4 | . . . . . . . 
     5 | . . 3 3 3 . . 
     6 | . . 3 3 3 . . 
     7 | . . . . . . . 
     8 | . . . . . . . 
     9 | . . . 6 6 6 . 
    10 | . . . 6 6 6 . 
    11 | . . . . . . . 
    12 | . . . . 8 9 7 
    13 | . 4 4 4 1 1 1 
    14 | . 4 4 4 1 1 1 
    
    Boxes' corners:      (w,l)
        Box 1 is at 
            top left     (4,13)
            bottom right (6,14)
    
        Box 2 is at 
            top left     (4,0)
            bottom right (6,1)
    
        Box 3 is at 
            top left     (2,5)
            bottom right (4,6)
    
        Box 4 is at 
            top left     (1,13)
            bottom right (3,14)
    
        Box 5 is at 
            top left     (0,0)
            bottom right (2,1)
    
        Box 6 is at 
            top left     (3,9)
            bottom right (5,10)
    
        Box 7 is at 
            top left     (6,12)
            bottom right (6,12)
    
        Box 8 is at 
            top left     (4,12)
            bottom right (4,12)
    
        Box 9 is at 
            top left     (5,12)
            bottom right (5,12)
    
        Roll length used: 15

    [1;34mTry max length:[0m 14
    [1;34m    At iteration:[0m 7
        lingeling found a solution in .347 ms

       | W
     L | 0 1 2 3 4 5 6 
    ------------------
     0 | 4 4 4 . 6 6 6 
     1 | 4 4 4 . 6 6 6 
     2 | . . . . . . . 
     3 | . . . . 2 2 2 
     4 | . . . . 2 2 2 
     5 | . . . . . . . 
     6 | . . . 3 3 3 . 
     7 | . . . 3 3 3 . 
     8 | . . . . . . . 
     9 | . . . . . . . 
    10 | . . . . . . . 
    11 | . . . . 8 . 7 
    12 | 5 5 5 9 1 1 1 
    13 | 5 5 5 . 1 1 1 
    
    Boxes' corners:      (w,l)
        Box 1 is at 
            top left     (4,12)
            bottom right (6,13)
    
        Box 2 is at 
            top left     (4,3)
            bottom right (6,4)
    
        Box 3 is at 
            top left     (3,6)
            bottom right (5,7)
    
        Box 4 is at 
            top left     (0,0)
            bottom right (2,1)
    
        Box 5 is at 
            top left     (0,12)
            bottom right (2,13)
    
        Box 6 is at 
            top left     (4,0)
            bottom right (6,1)
    
        Box 7 is at 
            top left     (6,11)
            bottom right (6,11)
    
        Box 8 is at 
            top left     (4,11)
            bottom right (4,11)
    
        Box 9 is at 
            top left     (3,12)
            bottom right (3,12)
    
        Roll length used: 14

    [1;34mTry max length:[0m 13
    [1;34m    At iteration:[0m 8
        lingeling found a solution in .366 ms

       | W
     L | 0 1 2 3 4 5 6 
    ------------------
     0 | 6 6 6 4 4 4 . 
     1 | 6 6 6 4 4 4 . 
     2 | . . . . 3 3 3 
     3 | . . . . 3 3 3 
     4 | . . . . . . . 
     5 | . . 1 1 1 . . 
     6 | . . 1 1 1 . . 
     7 | . . . . . . . 
     8 | . . . . 7 . . 
     9 | . . . . . 2 2 
    10 | . . . 9 8 2 2 
    11 | 5 5 5 . . 2 2 
    12 | 5 5 5 . . . . 
    
    Boxes' corners:      (w,l)
        Box 1 is at 
            top left     (2,5)
            bottom right (4,6)
    
        Box 2 is at 
            top left     (5,9)
            bottom right (6,11)
    
        Box 3 is at 
            top left     (4,2)
            bottom right (6,3)
    
        Box 4 is at 
            top left     (3,0)
            bottom right (5,1)
    
        Box 5 is at 
            top left     (0,11)
            bottom right (2,12)
    
        Box 6 is at 
            top left     (0,0)
            bottom right (2,1)
    
        Box 7 is at 
            top left     (4,8)
            bottom right (4,8)
    
        Box 8 is at 
            top left     (4,10)
            bottom right (4,10)
    
        Box 9 is at 
            top left     (3,10)
            bottom right (3,10)
    
        Roll length used: 13

    [1;34mTry max length:[0m 12
    [1;34m    At iteration:[0m 9
        lingeling found a solution in .335 ms

       | W
     L | 0 1 2 3 4 5 6 
    ------------------
     0 | 2 2 3 3 3 . . 
     1 | 2 2 3 3 3 . . 
     2 | 2 2 . . . . . 
     3 | . . . . . . . 
     4 | 1 1 . . . . . 
     5 | 1 1 . 6 6 6 . 
     6 | 1 1 . 6 6 6 . 
     7 | . . . . . . . 
     8 | . . . . . . . 
     9 | . . . . 9 . . 
    10 | 4 4 4 5 5 5 8 
    11 | 4 4 4 5 5 5 7 
    
    Boxes' corners:      (w,l)
        Box 1 is at 
            top left     (0,4)
            bottom right (1,6)
    
        Box 2 is at 
            top left     (0,0)
            bottom right (1,2)
    
        Box 3 is at 
            top left     (2,0)
            bottom right (4,1)
    
        Box 4 is at 
            top left     (0,10)
            bottom right (2,11)
    
        Box 5 is at 
            top left     (3,10)
            bottom right (5,11)
    
        Box 6 is at 
            top left     (3,5)
            bottom right (5,6)
    
        Box 7 is at 
            top left     (6,11)
            bottom right (6,11)
    
        Box 8 is at 
            top left     (6,10)
            bottom right (6,10)
    
        Box 9 is at 
            top left     (4,9)
            bottom right (4,9)
    
        Roll length used: 12

    [1;34mTry max length:[0m 11
    [1;34m    At iteration:[0m 10
        lingeling found a solution in .289 ms

       | W
     L | 0 1 2 3 4 5 6 
    ------------------
     0 | . 6 6 6 5 5 5 
     1 | . 6 6 6 5 5 5 
     2 | . . . . . . . 
     3 | . . . . . . 7 
     4 | . . . . . . . 
     5 | 9 . . . . 2 2 
     6 | . . 3 3 3 2 2 
     7 | . . 3 3 3 2 2 
     8 | . . . . . . . 
     9 | . 4 4 4 1 1 1 
    10 | 8 4 4 4 1 1 1 
    
    Boxes' corners:      (w,l)
        Box 1 is at 
            top left     (4,9)
            bottom right (6,10)
    
        Box 2 is at 
            top left     (5,5)
            bottom right (6,7)
    
        Box 3 is at 
            top left     (2,6)
            bottom right (4,7)
    
        Box 4 is at 
            top left     (1,9)
            bottom right (3,10)
    
        Box 5 is at 
            top left     (4,0)
            bottom right (6,1)
    
        Box 6 is at 
            top left     (1,0)
            bottom right (3,1)
    
        Box 7 is at 
            top left     (6,3)
            bottom right (6,3)
    
        Box 8 is at 
            top left     (0,10)
            bottom right (0,10)
    
        Box 9 is at 
            top left     (0,5)
            bottom right (0,5)
    
        Roll length used: 11

    [1;34mTry max length:[0m 10
    [1;34m    At iteration:[0m 11
        lingeling found a solution in .260 ms

       | W
     L | 0 1 2 3 4 5 6 
    ------------------
     0 | . 3 3 3 6 6 6 
     1 | . 3 3 3 6 6 6 
     2 | 9 . 5 5 5 . . 
     3 | . . 5 5 5 . . 
     4 | . . . . . . . 
     5 | . 8 . . . . . 
     6 | . . 2 2 2 . . 
     7 | . . 2 2 2 . 7 
     8 | 4 4 4 . 1 1 1 
     9 | 4 4 4 . 1 1 1 
    
    Boxes' corners:      (w,l)
        Box 1 is at 
            top left     (4,8)
            bottom right (6,9)
    
        Box 2 is at 
            top left     (2,6)
            bottom right (4,7)
    
        Box 3 is at 
            top left     (1,0)
            bottom right (3,1)
    
        Box 4 is at 
            top left     (0,8)
            bottom right (2,9)
    
        Box 5 is at 
            top left     (2,2)
            bottom right (4,3)
    
        Box 6 is at 
            top left     (4,0)
            bottom right (6,1)
    
        Box 7 is at 
            top left     (6,7)
            bottom right (6,7)
    
        Box 8 is at 
            top left     (1,5)
            bottom right (1,5)
    
        Box 9 is at 
            top left     (0,2)
            bottom right (0,2)
    
        Roll length used: 10

    [1;34mTry max length:[0m 9
    [1;34m    At iteration:[0m 12
        lingeling found a solution in .226 ms

      | W
    L | 0 1 2 3 4 5 6 
    ------------------
    0 | 4 4 4 5 5 5 . 
    1 | 4 4 4 5 5 5 . 
    2 | . . . . . 2 2 
    3 | . . . . . 2 2 
    4 | . . . . . 2 2 
    5 | . . . . 1 1 1 
    6 | . . 9 . 1 1 1 
    7 | 3 3 3 8 6 6 6 
    8 | 3 3 3 7 6 6 6 
    
    Boxes' corners:      (w,l)
        Box 1 is at 
            top left     (4,5)
            bottom right (6,6)
    
        Box 2 is at 
            top left     (5,2)
            bottom right (6,4)
    
        Box 3 is at 
            top left     (0,7)
            bottom right (2,8)
    
        Box 4 is at 
            top left     (0,0)
            bottom right (2,1)
    
        Box 5 is at 
            top left     (3,0)
            bottom right (5,1)
    
        Box 6 is at 
            top left     (4,7)
            bottom right (6,8)
    
        Box 7 is at 
            top left     (3,8)
            bottom right (3,8)
    
        Box 8 is at 
            top left     (3,7)
            bottom right (3,7)
    
        Box 9 is at 
            top left     (2,6)
            bottom right (2,6)
    
        Roll length used: 9

    [1;34mTry max length:[0m 8
    [1;34m    At iteration:[0m 13
        lingeling found a solution in .217 ms

      | W
    L | 0 1 2 3 4 5 6 
    ------------------
    0 | . 4 4 4 6 6 6 
    1 | . 4 4 4 6 6 6 
    2 | . . 8 . . 2 2 
    3 | . . . 9 . 2 2 
    4 | . 3 3 3 . 2 2 
    5 | 7 3 3 3 . 1 1 
    6 | . 5 5 5 . 1 1 
    7 | . 5 5 5 . 1 1 
    
    Boxes' corners:      (w,l)
        Box 1 is at 
            top left     (5,5)
            bottom right (6,7)
    
        Box 2 is at 
            top left     (5,2)
            bottom right (6,4)
    
        Box 3 is at 
            top left     (1,4)
            bottom right (3,5)
    
        Box 4 is at 
            top left     (1,0)
            bottom right (3,1)
    
        Box 5 is at 
            top left     (1,6)
            bottom right (3,7)
    
        Box 6 is at 
            top left     (4,0)
            bottom right (6,1)
    
        Box 7 is at 
            top left     (0,5)
            bottom right (0,5)
    
        Box 8 is at 
            top left     (2,2)
            bottom right (2,2)
    
        Box 9 is at 
            top left     (3,3)
            bottom right (3,3)
    
        Roll length used: 8

    [1;34mTry max length:[0m 7
    [1;34m    At iteration:[0m 14
        lingeling found a solution in .188 ms

      | W
    L | 0 1 2 3 4 5 6 
    ------------------
    0 | 6 6 . 2 2 5 5 
    1 | 6 6 . 2 2 5 5 
    2 | 6 6 . 2 2 5 5 
    3 | . . . . . . . 
    4 | 4 4 9 8 7 1 1 
    5 | 4 4 3 3 3 1 1 
    6 | 4 4 3 3 3 1 1 
    
    Boxes' corners:      (w,l)
        Box 1 is at 
            top left     (5,4)
            bottom right (6,6)
    
        Box 2 is at 
            top left     (3,0)
            bottom right (4,2)
    
        Box 3 is at 
            top left     (2,5)
            bottom right (4,6)
    
        Box 4 is at 
            top left     (0,4)
            bottom right (1,6)
    
        Box 5 is at 
            top left     (5,0)
            bottom right (6,2)
    
        Box 6 is at 
            top left     (0,0)
            bottom right (1,2)
    
        Box 7 is at 
            top left     (4,4)
            bottom right (4,4)
    
        Box 8 is at 
            top left     (3,4)
            bottom right (3,4)
    
        Box 9 is at 
            top left     (2,4)
            bottom right (2,4)
    
        Roll length used: 7

    [1;34mTry max length:[0m 6
    [1;34m    At iteration:[0m 15
        lingeling found a solution in .158 ms

      | W
    L | 0 1 2 3 4 5 6 
    ------------------
    0 | 2 2 8 . 7 3 3 
    1 | 2 2 9 4 4 3 3 
    2 | 2 2 . 4 4 3 3 
    3 | 1 1 . 4 4 5 5 
    4 | 1 1 6 6 6 5 5 
    5 | 1 1 6 6 6 5 5 
    
    Boxes' corners:      (w,l)
        Box 1 is at 
            top left     (0,3)
            bottom right (1,5)
    
        Box 2 is at 
            top left     (0,0)
            bottom right (1,2)
    
        Box 3 is at 
            top left     (5,0)
            bottom right (6,2)
    
        Box 4 is at 
            top left     (3,1)
            bottom right (4,3)
    
        Box 5 is at 
            top left     (5,3)
            bottom right (6,5)
    
        Box 6 is at 
            top left     (2,4)
            bottom right (4,5)
    
        Box 7 is at 
            top left     (4,0)
            bottom right (4,0)
    
        Box 8 is at 
            top left     (2,0)
            bottom right (2,0)
    
        Box 9 is at 
            top left     (2,1)
            bottom right (2,1)
    
        Roll length used: 6

    [1;34mTry max length:[0m 5
    [1;34m    At iteration:[0m 16
        [3;31mlingeling determined unsatisfiability of the Boolean formula[0m
        [1;32mOptimality reached![0m
