dg jun 3 19:24:45 CEST 2018
    [1;34mTry max length:[0m 999999
    [1;34m    At iteration:[0m 0
        lingeling found a solution in .830 ms

       | W
     L | 0  1  2  3  4  5 6 
    -----------------------
     0 | . 10 10 10 10 10 . 
     1 | . 10 10 10 10 10 . 
     2 | . 10 10 10 10 10 . 
     3 | .  .  .  .  .  . . 
     4 | .  .  .  .  .  . . 
     5 | .  .  .  .  .  . . 
     6 | .  .  8  8  8  8 8 
     7 | .  .  8  8  8  8 8 
     8 | .  .  8  8  8  8 8 
     9 | .  .  .  .  .  . . 
    10 | .  .  .  .  .  . . 
    11 | .  .  .  .  .  . . 
    12 | .  .  .  .  .  . . 
    13 | .  .  .  .  .  . . 
    14 | .  .  .  .  .  . . 
    15 | .  .  .  .  .  . . 
    16 | .  .  .  .  .  . . 
    17 | .  .  .  .  .  . . 
    18 | .  .  .  .  .  . . 
    19 | 7  .  .  .  .  . . 
    20 | 7  .  .  .  .  . . 
    21 | 6  .  .  .  .  4 3 
    22 | 6  .  9  9  9  9 9 
    23 | 5  2  9  9  9  9 9 
    24 | 5  1  9  9  9  9 9 
    
    Boxes' corners:       (w,l)
        Box  1 is at 
            top left     (1,24)
            bottom right (1,24)
    
        Box  2 is at 
            top left     (1,23)
            bottom right (1,23)
    
        Box  3 is at 
            top left     (6,21)
            bottom right (6,21)
    
        Box  4 is at 
            top left     (5,21)
            bottom right (5,21)
    
        Box  5 is at 
            top left     (0,23)
            bottom right (0,24)
    
        Box  6 is at 
            top left     (0,21)
            bottom right (0,22)
    
        Box  7 is at 
            top left     (0,19)
            bottom right (0,20)
    
        Box  8 is at 
            top left     (2,6)
            bottom right (6,8)
    
        Box  9 is at 
            top left     (2,22)
            bottom right (6,24)
    
        Box 10 is at 
            top left     (1,0)
            bottom right (5,2)
    
        Roll length used: 25

    [1;34mTry max length:[0m 24
    [1;34m    At iteration:[0m 1
        lingeling found a solution in .765 ms

       | W
     L |  0  1  2  3  4 5 6 
    -----------------------
     0 |  .  8  8  8  8 8 . 
     1 |  .  8  8  8  8 8 . 
     2 |  .  8  8  8  8 8 . 
     3 |  .  .  .  .  . . . 
     4 |  .  .  .  .  . . . 
     5 |  .  .  .  .  . . . 
     6 |  .  .  .  .  . . . 
     7 |  .  .  .  .  . . . 
     8 |  .  .  .  .  . . . 
     9 |  .  .  .  .  . . . 
    10 |  .  .  .  .  . . . 
    11 |  .  .  .  .  . . . 
    12 |  .  .  .  .  9 9 9 
    13 |  .  .  .  .  9 9 9 
    14 |  .  .  .  .  9 9 9 
    15 |  .  .  .  .  9 9 9 
    16 |  7  .  .  .  9 9 9 
    17 |  7  .  .  .  . . . 
    18 |  6  .  .  3  5 . . 
    19 |  6  .  .  .  5 2 1 
    20 | 10 10 10 10 10 . . 
    21 | 10 10 10 10 10 . . 
    22 | 10 10 10 10 10 . . 
    23 |  4  .  .  .  . . . 
    
    Boxes' corners:       (w,l)
        Box  1 is at 
            top left     (6,19)
            bottom right (6,19)
    
        Box  2 is at 
            top left     (5,19)
            bottom right (5,19)
    
        Box  3 is at 
            top left     (3,18)
            bottom right (3,18)
    
        Box  4 is at 
            top left     (0,23)
            bottom right (0,23)
    
        Box  5 is at 
            top left     (4,18)
            bottom right (4,19)
    
        Box  6 is at 
            top left     (0,18)
            bottom right (0,19)
    
        Box  7 is at 
            top left     (0,16)
            bottom right (0,17)
    
        Box  8 is at 
            top left     (1,0)
            bottom right (5,2)
    
        Box  9 is at 
            top left     (4,12)
            bottom right (6,16)
    
        Box 10 is at 
            top left     (0,20)
            bottom right (4,22)
    
        Roll length used: 24

    [1;34mTry max length:[0m 23
    [1;34m    At iteration:[0m 2
        lingeling found a solution in .732 ms

       | W
     L | 0  1  2  3  4  5 6 
    -----------------------
     0 | .  .  .  .  .  . . 
     1 | 8  8  8  8  8  . . 
     2 | 8  8  8  8  8  . . 
     3 | 8  8  8  8  8  . . 
     4 | .  .  .  .  .  . . 
     5 | .  .  .  .  .  . . 
     6 | .  .  .  .  .  . . 
     7 | .  .  .  .  .  . . 
     8 | .  9  9  9  9  9 . 
     9 | .  9  9  9  9  9 . 
    10 | .  9  9  9  9  9 . 
    11 | .  .  .  .  .  . . 
    12 | .  .  .  .  .  . . 
    13 | .  .  .  .  .  . . 
    14 | .  .  .  .  .  . . 
    15 | 7  .  .  .  .  . . 
    16 | 7  .  .  .  .  . . 
    17 | 6  .  .  .  .  . . 
    18 | 6  .  .  .  .  . . 
    19 | 5  .  .  .  .  . . 
    20 | 5 10 10 10 10 10 4 
    21 | . 10 10 10 10 10 3 
    22 | 2 10 10 10 10 10 1 
    
    Boxes' corners:       (w,l)
        Box  1 is at 
            top left     (6,22)
            bottom right (6,22)
    
        Box  2 is at 
            top left     (0,22)
            bottom right (0,22)
    
        Box  3 is at 
            top left     (6,21)
            bottom right (6,21)
    
        Box  4 is at 
            top left     (6,20)
            bottom right (6,20)
    
        Box  5 is at 
            top left     (0,19)
            bottom right (0,20)
    
        Box  6 is at 
            top left     (0,17)
            bottom right (0,18)
    
        Box  7 is at 
            top left     (0,15)
            bottom right (0,16)
    
        Box  8 is at 
            top left     (0,1)
            bottom right (4,3)
    
        Box  9 is at 
            top left     (1,8)
            bottom right (5,10)
    
        Box 10 is at 
            top left     (1,20)
            bottom right (5,22)
    
        Roll length used: 23

    [1;34mTry max length:[0m 22
    [1;34m    At iteration:[0m 3
        lingeling found a solution in .638 ms

       | W
     L |  0  1  2  3  4 5 6 
    -----------------------
     0 |  .  .  8  8  8 8 8 
     1 |  .  .  8  8  8 8 8 
     2 |  .  .  8  8  8 8 8 
     3 | 10 10 10 10 10 . . 
     4 | 10 10 10 10 10 . . 
     5 | 10 10 10 10 10 . . 
     6 |  .  .  .  .  . . . 
     7 |  .  .  .  .  . . . 
     8 |  .  .  .  .  . . . 
     9 |  .  .  .  .  . . . 
    10 |  .  .  .  .  . . . 
    11 |  .  .  .  .  . . . 
    12 |  .  .  .  .  . . . 
    13 |  .  .  .  .  . . . 
    14 |  .  .  .  .  . . . 
    15 |  .  .  .  .  . . . 
    16 |  7  .  .  .  . . . 
    17 |  7  .  .  .  . . . 
    18 |  6  .  .  .  . 4 3 
    19 |  6  .  9  9  9 9 9 
    20 |  5  2  9  9  9 9 9 
    21 |  5  1  9  9  9 9 9 
    
    Boxes' corners:       (w,l)
        Box  1 is at 
            top left     (1,21)
            bottom right (1,21)
    
        Box  2 is at 
            top left     (1,20)
            bottom right (1,20)
    
        Box  3 is at 
            top left     (6,18)
            bottom right (6,18)
    
        Box  4 is at 
            top left     (5,18)
            bottom right (5,18)
    
        Box  5 is at 
            top left     (0,20)
            bottom right (0,21)
    
        Box  6 is at 
            top left     (0,18)
            bottom right (0,19)
    
        Box  7 is at 
            top left     (0,16)
            bottom right (0,17)
    
        Box  8 is at 
            top left     (2,0)
            bottom right (6,2)
    
        Box  9 is at 
            top left     (2,19)
            bottom right (6,21)
    
        Box 10 is at 
            top left     (0,3)
            bottom right (4,5)
    
        Roll length used: 22

    [1;34mTry max length:[0m 21
    [1;34m    At iteration:[0m 4
        lingeling found a solution in .682 ms

       | W
     L |  0  1  2  3  4 5 6 
    -----------------------
     0 |  .  9  9  9  9 9 . 
     1 |  .  9  9  9  9 9 . 
     2 |  .  9  9  9  9 9 . 
     3 |  .  .  .  .  . . . 
     4 |  .  .  .  .  . . . 
     5 |  .  .  .  .  . . . 
     6 |  .  .  .  .  . . . 
     7 |  .  .  .  .  . . . 
     8 |  .  .  .  .  . . . 
     9 |  .  .  .  .  . . . 
    10 |  .  .  .  .  . . . 
    11 |  7  .  .  .  . . . 
    12 |  7  .  .  .  . . . 
    13 |  6  .  .  .  . . . 
    14 |  6  .  .  .  . . . 
    15 | 10 10 10 10 10 . 4 
    16 | 10 10 10 10 10 3 2 
    17 | 10 10 10 10 10 1 . 
    18 |  .  .  8  8  8 8 8 
    19 |  5  .  8  8  8 8 8 
    20 |  5  .  8  8  8 8 8 
    
    Boxes' corners:       (w,l)
        Box  1 is at 
            top left     (5,17)
            bottom right (5,17)
    
        Box  2 is at 
            top left     (6,16)
            bottom right (6,16)
    
        Box  3 is at 
            top left     (5,16)
            bottom right (5,16)
    
        Box  4 is at 
            top left     (6,15)
            bottom right (6,15)
    
        Box  5 is at 
            top left     (0,19)
            bottom right (0,20)
    
        Box  6 is at 
            top left     (0,13)
            bottom right (0,14)
    
        Box  7 is at 
            top left     (0,11)
            bottom right (0,12)
    
        Box  8 is at 
            top left     (2,18)
            bottom right (6,20)
    
        Box  9 is at 
            top left     (1,0)
            bottom right (5,2)
    
        Box 10 is at 
            top left     (0,15)
            bottom right (4,17)
    
        Roll length used: 21

    [1;34mTry max length:[0m 20
    [1;34m    At iteration:[0m 5
        lingeling found a solution in .591 ms

       | W
     L | 0 1  2  3  4  5  6 
    -----------------------
     0 | . .  9  9  9  9  9 
     1 | . .  9  9  9  9  9 
     2 | . .  9  9  9  9  9 
     3 | . .  .  .  .  .  . 
     4 | . .  .  .  .  .  . 
     5 | . .  .  .  .  .  . 
     6 | . .  .  .  .  .  . 
     7 | . .  .  .  .  .  . 
     8 | . .  .  .  .  .  . 
     9 | . . 10 10 10 10 10 
    10 | 7 . 10 10 10 10 10 
    11 | 7 . 10 10 10 10 10 
    12 | 6 .  .  .  .  .  . 
    13 | 6 .  .  .  .  .  . 
    14 | 5 .  .  .  .  .  . 
    15 | 5 .  .  .  .  .  4 
    16 | . .  .  3  .  2  1 
    17 | . .  8  8  8  8  8 
    18 | . .  8  8  8  8  8 
    19 | . .  8  8  8  8  8 
    
    Boxes' corners:       (w,l)
        Box  1 is at 
            top left     (6,16)
            bottom right (6,16)
    
        Box  2 is at 
            top left     (5,16)
            bottom right (5,16)
    
        Box  3 is at 
            top left     (3,16)
            bottom right (3,16)
    
        Box  4 is at 
            top left     (6,15)
            bottom right (6,15)
    
        Box  5 is at 
            top left     (0,14)
            bottom right (0,15)
    
        Box  6 is at 
            top left     (0,12)
            bottom right (0,13)
    
        Box  7 is at 
            top left     (0,10)
            bottom right (0,11)
    
        Box  8 is at 
            top left     (2,17)
            bottom right (6,19)
    
        Box  9 is at 
            top left     (2,0)
            bottom right (6,2)
    
        Box 10 is at 
            top left     (2,9)
            bottom right (6,11)
    
        Roll length used: 20

    [1;34mTry max length:[0m 19
    [1;34m    At iteration:[0m 6
        lingeling found a solution in .597 ms

       | W
     L | 0  1  2  3  4  5 6 
    -----------------------
     0 | 9  9  9  9  9  . . 
     1 | 9  9  9  9  9  . . 
     2 | 9  9  9  9  9  . . 
     3 | .  .  .  .  .  . . 
     4 | .  .  .  .  .  . . 
     5 | .  .  .  .  .  . . 
     6 | .  .  .  .  .  . . 
     7 | .  .  .  .  .  . . 
     8 | .  .  5  .  .  . . 
     9 | 7  .  5  .  .  . . 
    10 | 7  .  .  .  .  . . 
    11 | 6  .  .  .  .  . . 
    12 | 6  .  .  .  .  . . 
    13 | 8  8  8  8  8  . . 
    14 | 8  8  8  8  8  . . 
    15 | 8  8  8  8  8  . . 
    16 | 4 10 10 10 10 10 . 
    17 | 3 10 10 10 10 10 . 
    18 | 2 10 10 10 10 10 1 
    
    Boxes' corners:       (w,l)
        Box  1 is at 
            top left     (6,18)
            bottom right (6,18)
    
        Box  2 is at 
            top left     (0,18)
            bottom right (0,18)
    
        Box  3 is at 
            top left     (0,17)
            bottom right (0,17)
    
        Box  4 is at 
            top left     (0,16)
            bottom right (0,16)
    
        Box  5 is at 
            top left     (2,8)
            bottom right (2,9)
    
        Box  6 is at 
            top left     (0,11)
            bottom right (0,12)
    
        Box  7 is at 
            top left     (0,9)
            bottom right (0,10)
    
        Box  8 is at 
            top left     (0,13)
            bottom right (4,15)
    
        Box  9 is at 
            top left     (0,0)
            bottom right (4,2)
    
        Box 10 is at 
            top left     (1,16)
            bottom right (5,18)
    
        Roll length used: 19

    [1;34mTry max length:[0m 18
    [1;34m    At iteration:[0m 7
        lingeling found a solution in .507 ms

       | W
     L | 0  1  2  3  4  5 6 
    -----------------------
     0 | .  .  9  9  9  9 9 
     1 | .  .  9  9  9  9 9 
     2 | .  .  9  9  9  9 9 
     3 | .  .  .  .  .  . . 
     4 | .  .  .  .  .  . . 
     5 | .  .  .  .  .  . . 
     6 | . 10 10 10 10 10 . 
     7 | . 10 10 10 10 10 . 
     8 | . 10 10 10 10 10 . 
     9 | .  .  .  .  .  . . 
    10 | .  .  .  .  .  . . 
    11 | .  .  .  .  .  . . 
    12 | 7  .  .  .  .  . . 
    13 | 7  .  .  .  4  3 2 
    14 | 6  .  8  8  8  8 8 
    15 | 6  .  8  8  8  8 8 
    16 | 5  .  8  8  8  8 8 
    17 | 5  1  .  .  .  . . 
    
    Boxes' corners:       (w,l)
        Box  1 is at 
            top left     (1,17)
            bottom right (1,17)
    
        Box  2 is at 
            top left     (6,13)
            bottom right (6,13)
    
        Box  3 is at 
            top left     (5,13)
            bottom right (5,13)
    
        Box  4 is at 
            top left     (4,13)
            bottom right (4,13)
    
        Box  5 is at 
            top left     (0,16)
            bottom right (0,17)
    
        Box  6 is at 
            top left     (0,14)
            bottom right (0,15)
    
        Box  7 is at 
            top left     (0,12)
            bottom right (0,13)
    
        Box  8 is at 
            top left     (2,14)
            bottom right (6,16)
    
        Box  9 is at 
            top left     (2,0)
            bottom right (6,2)
    
        Box 10 is at 
            top left     (1,6)
            bottom right (5,8)
    
        Roll length used: 18

    [1;34mTry max length:[0m 17
    [1;34m    At iteration:[0m 8
        lingeling found a solution in .449 ms

       | W
     L | 0  1  2  3  4  5 6 
    -----------------------
     0 | .  9  9  9  9  9 . 
     1 | .  9  9  9  9  9 . 
     2 | .  9  9  9  9  9 . 
     3 | .  .  .  .  .  . . 
     4 | . 10 10 10 10 10 . 
     5 | . 10 10 10 10 10 . 
     6 | . 10 10 10 10 10 . 
     7 | .  .  .  .  .  . . 
     8 | .  .  .  .  .  . . 
     9 | .  .  .  .  .  . 7 
    10 | 6  .  .  .  .  . 7 
    11 | 6  .  .  .  .  . 5 
    12 | .  .  .  3  2  1 5 
    13 | .  .  .  .  4  . . 
    14 | .  .  8  8  8  8 8 
    15 | .  .  8  8  8  8 8 
    16 | .  .  8  8  8  8 8 
    
    Boxes' corners:       (w,l)
        Box  1 is at 
            top left     (5,12)
            bottom right (5,12)
    
        Box  2 is at 
            top left     (4,12)
            bottom right (4,12)
    
        Box  3 is at 
            top left     (3,12)
            bottom right (3,12)
    
        Box  4 is at 
            top left     (4,13)
            bottom right (4,13)
    
        Box  5 is at 
            top left     (6,11)
            bottom right (6,12)
    
        Box  6 is at 
            top left     (0,10)
            bottom right (0,11)
    
        Box  7 is at 
            top left     (6,9)
            bottom right (6,10)
    
        Box  8 is at 
            top left     (2,14)
            bottom right (6,16)
    
        Box  9 is at 
            top left     (1,0)
            bottom right (5,2)
    
        Box 10 is at 
            top left     (1,4)
            bottom right (5,6)
    
        Roll length used: 17

    [1;34mTry max length:[0m 16
    [1;34m    At iteration:[0m 9
        lingeling found a solution in .467 ms

       | W
     L | 0  1  2  3  4  5 6 
    -----------------------
     0 | 8  8  8  8  8  . . 
     1 | 8  8  8  8  8  . . 
     2 | 8  8  8  8  8  . . 
     3 | .  .  .  .  .  . . 
     4 | .  .  9  9  9  9 9 
     5 | .  .  9  9  9  9 9 
     6 | .  .  9  9  9  9 9 
     7 | .  .  .  .  .  . . 
     8 | .  .  .  .  5  . . 
     9 | .  .  .  .  5  . . 
    10 | 7  .  .  .  .  . . 
    11 | 7  .  .  .  .  . . 
    12 | 6  .  .  .  .  . . 
    13 | 6 10 10 10 10 10 . 
    14 | 3 10 10 10 10 10 2 
    15 | 4 10 10 10 10 10 1 
    
    Boxes' corners:       (w,l)
        Box  1 is at 
            top left     (6,15)
            bottom right (6,15)
    
        Box  2 is at 
            top left     (6,14)
            bottom right (6,14)
    
        Box  3 is at 
            top left     (0,14)
            bottom right (0,14)
    
        Box  4 is at 
            top left     (0,15)
            bottom right (0,15)
    
        Box  5 is at 
            top left     (4,8)
            bottom right (4,9)
    
        Box  6 is at 
            top left     (0,12)
            bottom right (0,13)
    
        Box  7 is at 
            top left     (0,10)
            bottom right (0,11)
    
        Box  8 is at 
            top left     (0,0)
            bottom right (4,2)
    
        Box  9 is at 
            top left     (2,4)
            bottom right (6,6)
    
        Box 10 is at 
            top left     (1,13)
            bottom right (5,15)
    
        Roll length used: 16

    [1;34mTry max length:[0m 15
    [1;34m    At iteration:[0m 10
        lingeling found a solution in .433 ms

       | W
     L | 0 1  2  3  4  5  6 
    -----------------------
     0 | 6 .  9  9  9  9  9 
     1 | 6 .  9  9  9  9  9 
     2 | 5 .  9  9  9  9  9 
     3 | 5 .  .  .  .  .  . 
     4 | . .  .  .  .  .  . 
     5 | . .  .  .  .  .  . 
     6 | . .  .  .  .  .  . 
     7 | . .  .  8  8  8  . 
     8 | . .  .  8  8  8  . 
     9 | . .  .  8  8  8  . 
    10 | . .  .  8  8  8  . 
    11 | . .  .  8  8  8  . 
    12 | 3 4 10 10 10 10 10 
    13 | 2 1 10 10 10 10 10 
    14 | 7 7 10 10 10 10 10 
    
    Boxes' corners:       (w,l)
        Box  1 is at 
            top left     (1,13)
            bottom right (1,13)
    
        Box  2 is at 
            top left     (0,13)
            bottom right (0,13)
    
        Box  3 is at 
            top left     (0,12)
            bottom right (0,12)
    
        Box  4 is at 
            top left     (1,12)
            bottom right (1,12)
    
        Box  5 is at 
            top left     (0,2)
            bottom right (0,3)
    
        Box  6 is at 
            top left     (0,0)
            bottom right (0,1)
    
        Box  7 is at 
            top left     (0,14)
            bottom right (1,14)
    
        Box  8 is at 
            top left     (3,7)
            bottom right (5,11)
    
        Box  9 is at 
            top left     (2,0)
            bottom right (6,2)
    
        Box 10 is at 
            top left     (2,12)
            bottom right (6,14)
    
        Roll length used: 15

    [1;34mTry max length:[0m 14
    [1;34m    At iteration:[0m 11
        lingeling found a solution in .404 ms

       | W
     L |  0  1  2  3  4 5 6 
    -----------------------
     0 | 10 10 10 10 10 . . 
     1 | 10 10 10 10 10 . . 
     2 | 10 10 10 10 10 . . 
     3 |  .  .  .  .  . . . 
     4 |  .  .  .  8  8 8 . 
     5 |  .  .  .  8  8 8 . 
     6 |  .  .  .  8  8 8 . 
     7 |  .  .  .  8  8 8 . 
     8 |  5  .  .  8  8 8 . 
     9 |  5  .  .  .  . . 3 
    10 |  .  .  .  .  4 6 6 
    11 |  9  9  9  9  9 2 1 
    12 |  9  9  9  9  9 . . 
    13 |  9  9  9  9  9 7 7 
    
    Boxes' corners:       (w,l)
        Box  1 is at 
            top left     (6,11)
            bottom right (6,11)
    
        Box  2 is at 
            top left     (5,11)
            bottom right (5,11)
    
        Box  3 is at 
            top left     (6,9)
            bottom right (6,9)
    
        Box  4 is at 
            top left     (4,10)
            bottom right (4,10)
    
        Box  5 is at 
            top left     (0,8)
            bottom right (0,9)
    
        Box  6 is at 
            top left     (5,10)
            bottom right (6,10)
    
        Box  7 is at 
            top left     (5,13)
            bottom right (6,13)
    
        Box  8 is at 
            top left     (3,4)
            bottom right (5,8)
    
        Box  9 is at 
            top left     (0,11)
            bottom right (4,13)
    
        Box 10 is at 
            top left     (0,0)
            bottom right (4,2)
    
        Roll length used: 14

    [1;34mTry max length:[0m 13
    [1;34m    At iteration:[0m 12
        lingeling found a solution in .382 ms

       | W
     L | 0  1  2  3  4  5 6 
    -----------------------
     0 | 7  7  9  9  9  9 9 
     1 | .  .  9  9  9  9 9 
     2 | .  .  9  9  9  9 9 
     3 | .  .  .  .  8  8 8 
     4 | .  .  .  .  8  8 8 
     5 | .  .  .  .  8  8 8 
     6 | .  .  .  .  8  8 8 
     7 | 6  .  .  .  8  8 8 
     8 | 6  3  5  5  .  2 4 
     9 | .  .  .  1  .  . . 
    10 | . 10 10 10 10 10 . 
    11 | . 10 10 10 10 10 . 
    12 | . 10 10 10 10 10 . 
    
    Boxes' corners:       (w,l)
        Box  1 is at 
            top left     (3,9)
            bottom right (3,9)
    
        Box  2 is at 
            top left     (5,8)
            bottom right (5,8)
    
        Box  3 is at 
            top left     (1,8)
            bottom right (1,8)
    
        Box  4 is at 
            top left     (6,8)
            bottom right (6,8)
    
        Box  5 is at 
            top left     (2,8)
            bottom right (3,8)
    
        Box  6 is at 
            top left     (0,7)
            bottom right (0,8)
    
        Box  7 is at 
            top left     (0,0)
            bottom right (1,0)
    
        Box  8 is at 
            top left     (4,3)
            bottom right (6,7)
    
        Box  9 is at 
            top left     (2,0)
            bottom right (6,2)
    
        Box 10 is at 
            top left     (1,10)
            bottom right (5,12)
    
        Roll length used: 13

    [1;34mTry max length:[0m 12
    [1;34m    At iteration:[0m 13
        lingeling found a solution in .410 ms

       | W
     L |  0  1  2  3  4 5 6 
    -----------------------
     0 | 10 10 10 10 10 . . 
     1 | 10 10 10 10 10 6 6 
     2 | 10 10 10 10 10 . . 
     3 |  .  .  .  .  . . 3 
     4 |  .  .  8  8  8 8 8 
     5 |  .  .  8  8  8 8 8 
     6 |  .  .  8  8  8 8 8 
     7 |  7  .  .  .  . . 4 
     8 |  7  .  .  2  1 5 5 
     9 |  9  9  9  9  9 . . 
    10 |  9  9  9  9  9 . . 
    11 |  9  9  9  9  9 . . 
    
    Boxes' corners:       (w,l)
        Box  1 is at 
            top left     (4,8)
            bottom right (4,8)
    
        Box  2 is at 
            top left     (3,8)
            bottom right (3,8)
    
        Box  3 is at 
            top left     (6,3)
            bottom right (6,3)
    
        Box  4 is at 
            top left     (6,7)
            bottom right (6,7)
    
        Box  5 is at 
            top left     (5,8)
            bottom right (6,8)
    
        Box  6 is at 
            top left     (5,1)
            bottom right (6,1)
    
        Box  7 is at 
            top left     (0,7)
            bottom right (0,8)
    
        Box  8 is at 
            top left     (2,4)
            bottom right (6,6)
    
        Box  9 is at 
            top left     (0,9)
            bottom right (4,11)
    
        Box 10 is at 
            top left     (0,0)
            bottom right (4,2)
    
        Roll length used: 12

    [1;34mTry max length:[0m 11
    [1;34m    At iteration:[0m 14
        lingeling found a solution in .327 ms

       | W
     L | 0 1  2  3  4  5  6 
    -----------------------
     0 | . .  .  .  .  .  . 
     1 | 9 9  9  9  9  6  . 
     2 | 9 9  9  9  9  6  . 
     3 | 9 9  9  9  9  .  . 
     4 | 5 .  .  .  3  2  . 
     5 | 5 4 10 10 10 10 10 
     6 | . . 10 10 10 10 10 
     7 | . . 10 10 10 10 10 
     8 | . .  8  8  8  8  8 
     9 | 7 .  8  8  8  8  8 
    10 | 7 1  8  8  8  8  8 
    
    Boxes' corners:       (w,l)
        Box  1 is at 
            top left     (1,10)
            bottom right (1,10)
    
        Box  2 is at 
            top left     (5,4)
            bottom right (5,4)
    
        Box  3 is at 
            top left     (4,4)
            bottom right (4,4)
    
        Box  4 is at 
            top left     (1,5)
            bottom right (1,5)
    
        Box  5 is at 
            top left     (0,4)
            bottom right (0,5)
    
        Box  6 is at 
            top left     (5,1)
            bottom right (5,2)
    
        Box  7 is at 
            top left     (0,9)
            bottom right (0,10)
    
        Box  8 is at 
            top left     (2,8)
            bottom right (6,10)
    
        Box  9 is at 
            top left     (0,1)
            bottom right (4,3)
    
        Box 10 is at 
            top left     (2,5)
            bottom right (6,7)
    
        Roll length used: 11

    [1;34mTry max length:[0m 10
    [1;34m    At iteration:[0m 15
        lingeling found a solution in .257 ms

       | W
     L | 0  1  2  3  4  5 6 
    -----------------------
     0 | 9  9  9  9  9  . . 
     1 | 9  9  9  9  9  . . 
     2 | 9  9  9  9  9  . 3 
     3 | . 10 10 10 10 10 7 
     4 | 4 10 10 10 10 10 7 
     5 | 6 10 10 10 10 10 5 
     6 | 6  .  .  2  1  . 5 
     7 | 8  8  8  8  8  . . 
     8 | 8  8  8  8  8  . . 
     9 | 8  8  8  8  8  . . 
    
    Boxes' corners:       (w,l)
        Box  1 is at 
            top left     (4,6)
            bottom right (4,6)
    
        Box  2 is at 
            top left     (3,6)
            bottom right (3,6)
    
        Box  3 is at 
            top left     (6,2)
            bottom right (6,2)
    
        Box  4 is at 
            top left     (0,4)
            bottom right (0,4)
    
        Box  5 is at 
            top left     (6,5)
            bottom right (6,6)
    
        Box  6 is at 
            top left     (0,5)
            bottom right (0,6)
    
        Box  7 is at 
            top left     (6,3)
            bottom right (6,4)
    
        Box  8 is at 
            top left     (0,7)
            bottom right (4,9)
    
        Box  9 is at 
            top left     (0,0)
            bottom right (4,2)
    
        Box 10 is at 
            top left     (1,3)
            bottom right (5,5)
    
        Roll length used: 10

    [1;34mTry max length:[0m 9
    [1;34m    At iteration:[0m 16
        lingeling found a solution in .248 ms

      | W
    L | 0 1  2  3  4  5  6 
    -----------------------
    0 | 7 2 10 10 10 10 10 
    1 | 7 6 10 10 10 10 10 
    2 | . 6 10 10 10 10 10 
    3 | 9 9  9  9  9  .  . 
    4 | 9 9  9  9  9  .  . 
    5 | 9 9  9  9  9  .  5 
    6 | 3 8  8  8  8  8  5 
    7 | . 8  8  8  8  8  . 
    8 | 4 8  8  8  8  8  1 
    
    Boxes' corners:       (w,l)
        Box  1 is at 
            top left     (6,8)
            bottom right (6,8)
    
        Box  2 is at 
            top left     (1,0)
            bottom right (1,0)
    
        Box  3 is at 
            top left     (0,6)
            bottom right (0,6)
    
        Box  4 is at 
            top left     (0,8)
            bottom right (0,8)
    
        Box  5 is at 
            top left     (6,5)
            bottom right (6,6)
    
        Box  6 is at 
            top left     (1,1)
            bottom right (1,2)
    
        Box  7 is at 
            top left     (0,0)
            bottom right (0,1)
    
        Box  8 is at 
            top left     (1,6)
            bottom right (5,8)
    
        Box  9 is at 
            top left     (0,3)
            bottom right (4,5)
    
        Box 10 is at 
            top left     (2,0)
            bottom right (6,2)
    
        Roll length used: 9

    [1;34mTry max length:[0m 8
    [1;34m    At iteration:[0m 17
        lingeling found a solution in .237 ms

      | W
    L | 0 1 2 3  4  5  6 
    ---------------------
    0 | 3 2 8 8  8  8  8 
    1 | 7 1 8 8  8  8  8 
    2 | 7 . 8 8  8  8  8 
    3 | 4 9 9 9 10 10 10 
    4 | 6 9 9 9 10 10 10 
    5 | 6 9 9 9 10 10 10 
    6 | 5 9 9 9 10 10 10 
    7 | 5 9 9 9 10 10 10 
    
    Boxes' corners:       (w,l)
        Box  1 is at 
            top left     (1,1)
            bottom right (1,1)
    
        Box  2 is at 
            top left     (1,0)
            bottom right (1,0)
    
        Box  3 is at 
            top left     (0,0)
            bottom right (0,0)
    
        Box  4 is at 
            top left     (0,3)
            bottom right (0,3)
    
        Box  5 is at 
            top left     (0,6)
            bottom right (0,7)
    
        Box  6 is at 
            top left     (0,4)
            bottom right (0,5)
    
        Box  7 is at 
            top left     (0,1)
            bottom right (0,2)
    
        Box  8 is at 
            top left     (2,0)
            bottom right (6,2)
    
        Box  9 is at 
            top left     (1,3)
            bottom right (3,7)
    
        Box 10 is at 
            top left     (4,3)
            bottom right (6,7)
    
        Roll length used: 8

    [1;34mTry max length:[0m 7
    [1;34m    At iteration:[0m 18
        [3;31mlingeling determined unsatisfiability of the Boolean formula[0m
        [1;32mOptimality reached![0m
