dg jun 3 19:39:18 CEST 2018
    [1;34mTry max length:[0m 999999
    [1;34m    At iteration:[0m 0
        lingeling found a solution in 1.406 ms

       | W
     L | 0 1 2 3 4 5 6 7  8  9 
    ---------------------------
     0 | . . 2 2 2 2 1 1  1  1 
     1 | . . 2 2 2 2 1 1  1  1 
     2 | . . . . . . . .  .  . 
     3 | . . . . . . . .  .  . 
     4 | . . . . . . . .  .  . 
     5 | . . . . . . . .  .  . 
     6 | . . . . . . . .  .  . 
     7 | . . . . . . . .  .  . 
     8 | . . . . . . . .  .  . 
     9 | . . . . . . . .  .  . 
    10 | . . . . . . . .  .  . 
    11 | . . . . . . . .  .  . 
    12 | . . . . . . . .  .  . 
    13 | . . . . . . . .  .  . 
    14 | . . . . . . . .  .  . 
    15 | . . . . . . . .  .  . 
    16 | . . . . . . . .  .  9 
    17 | . . . . . . . .  .  9 
    18 | 8 . . . . . . .  .  7 
    19 | 8 . . . . . . .  .  7 
    20 | 6 . . . . . . .  .  . 
    21 | 6 . . . . . . .  .  . 
    22 | 4 . . . . . . .  .  5 
    23 | 4 . . . . . . .  .  5 
    24 | 3 3 3 3 . . . . 10 10 
    25 | 3 3 3 3 . . . . 10 10 
    
    Boxes' corners:       (w,l)
        Box  1 is at 
            top left     (6,0)
            bottom right (9,1)
    
        Box  2 is at 
            top left     (2,0)
            bottom right (5,1)
    
        Box  3 is at 
            top left     (0,24)
            bottom right (3,25)
    
        Box  4 is at 
            top left     (0,22)
            bottom right (0,23)
    
        Box  5 is at 
            top left     (9,22)
            bottom right (9,23)
    
        Box  6 is at 
            top left     (0,20)
            bottom right (0,21)
    
        Box  7 is at 
            top left     (9,18)
            bottom right (9,19)
    
        Box  8 is at 
            top left     (0,18)
            bottom right (0,19)
    
        Box  9 is at 
            top left     (9,16)
            bottom right (9,17)
    
        Box 10 is at 
            top left     (8,24)
            bottom right (9,25)
    
        Roll length used: 26

    [1;34mTry max length:[0m 25
    [1;34m    At iteration:[0m 1
        lingeling found a solution in 1.302 ms

       | W
     L | 0 1 2 3 4 5 6 7  8  9 
    ---------------------------
     0 | . . . . . . 3 3  3  3 
     1 | . . . . . . 3 3  3  3 
     2 | . . . . . . . .  .  . 
     3 | . . . . . . . .  .  . 
     4 | . . . . . . . .  .  . 
     5 | . . . . . . . .  .  . 
     6 | . . . . . . . .  .  . 
     7 | . . . . . . . .  .  . 
     8 | . . . . . . . .  .  . 
     9 | . . . . . . . .  .  . 
    10 | . . . . . . . .  .  . 
    11 | . . . . . . . .  .  . 
    12 | . . . . . . . .  .  . 
    13 | . . . . . . . .  .  . 
    14 | . . . . . . . .  .  . 
    15 | . . . . . . . .  .  . 
    16 | . . . . . . . .  .  . 
    17 | 9 . . . . . . .  .  8 
    18 | 9 . . . . . . .  .  8 
    19 | 7 . . . . . . .  .  6 
    20 | 7 . . . . . . .  .  6 
    21 | 5 . . . . . . . 10 10 
    22 | 5 . . . . . . . 10 10 
    23 | 4 2 2 2 2 . 1 1  1  1 
    24 | 4 2 2 2 2 . 1 1  1  1 
    
    Boxes' corners:       (w,l)
        Box  1 is at 
            top left     (6,23)
            bottom right (9,24)
    
        Box  2 is at 
            top left     (1,23)
            bottom right (4,24)
    
        Box  3 is at 
            top left     (6,0)
            bottom right (9,1)
    
        Box  4 is at 
            top left     (0,23)
            bottom right (0,24)
    
        Box  5 is at 
            top left     (0,21)
            bottom right (0,22)
    
        Box  6 is at 
            top left     (9,19)
            bottom right (9,20)
    
        Box  7 is at 
            top left     (0,19)
            bottom right (0,20)
    
        Box  8 is at 
            top left     (9,17)
            bottom right (9,18)
    
        Box  9 is at 
            top left     (0,17)
            bottom right (0,18)
    
        Box 10 is at 
            top left     (8,21)
            bottom right (9,22)
    
        Roll length used: 25

    [1;34mTry max length:[0m 24
    [1;34m    At iteration:[0m 2
        lingeling found a solution in 1.168 ms

       | W
     L | 0 1 2  3  4 5 6 7 8 9 
    ---------------------------
     0 | . . 1  1  1 1 2 2 2 2 
     1 | . . 1  1  1 1 2 2 2 2 
     2 | . . .  .  . . . . . . 
     3 | . . .  .  . . . . . . 
     4 | . . .  .  . . . . . . 
     5 | . . .  .  . . . . . . 
     6 | . . .  .  . . . . . . 
     7 | . . .  .  . . . . . . 
     8 | . . .  .  . . . . . . 
     9 | . . .  .  . . . . . . 
    10 | . . .  .  . . . . . . 
    11 | . . .  .  . . . . . . 
    12 | . . .  .  . . . . . . 
    13 | . . .  .  . . . . . . 
    14 | . . .  .  . . . . . . 
    15 | . . .  .  . . . . . . 
    16 | 9 . .  .  . . . . . . 
    17 | 9 . .  .  . . . . . . 
    18 | 7 . .  .  . . . . . . 
    19 | 7 . .  .  . . . . . . 
    20 | 6 . .  .  . . . . . 8 
    21 | 6 . .  .  . . . . . 8 
    22 | 5 . . 10 10 3 3 3 3 4 
    23 | 5 . . 10 10 3 3 3 3 4 
    
    Boxes' corners:       (w,l)
        Box  1 is at 
            top left     (2,0)
            bottom right (5,1)
    
        Box  2 is at 
            top left     (6,0)
            bottom right (9,1)
    
        Box  3 is at 
            top left     (5,22)
            bottom right (8,23)
    
        Box  4 is at 
            top left     (9,22)
            bottom right (9,23)
    
        Box  5 is at 
            top left     (0,22)
            bottom right (0,23)
    
        Box  6 is at 
            top left     (0,20)
            bottom right (0,21)
    
        Box  7 is at 
            top left     (0,18)
            bottom right (0,19)
    
        Box  8 is at 
            top left     (9,20)
            bottom right (9,21)
    
        Box  9 is at 
            top left     (0,16)
            bottom right (0,17)
    
        Box 10 is at 
            top left     (3,22)
            bottom right (4,23)
    
        Roll length used: 24

    [1;34mTry max length:[0m 23
    [1;34m    At iteration:[0m 3
        lingeling found a solution in 1.103 ms

       | W
     L | 0 1 2 3 4 5 6 7  8  9 
    ---------------------------
     0 | 3 3 3 3 . 1 1 1  1  . 
     1 | 3 3 3 3 . 1 1 1  1  . 
     2 | . . . . . . . .  .  . 
     3 | . . . . . . . .  .  . 
     4 | . . . . . . . .  .  . 
     5 | . . . . . . . .  .  . 
     6 | . . . . . . . .  .  . 
     7 | . . . . . . . .  .  . 
     8 | . . . . . . . .  .  . 
     9 | . . . . . . . .  .  . 
    10 | . . . . . . . .  .  . 
    11 | . . . . . . . .  .  . 
    12 | . . . . . . . .  .  . 
    13 | . . . . . . . .  .  . 
    14 | . . . . . . . .  .  . 
    15 | 9 . . . . . . .  .  8 
    16 | 9 . . . . . . .  .  8 
    17 | 7 . . . . . . .  .  6 
    18 | 7 . . . . . . .  .  6 
    19 | 5 . . . . . . .  .  4 
    20 | 5 . . . . . . .  .  4 
    21 | 2 2 2 2 . . . . 10 10 
    22 | 2 2 2 2 . . . . 10 10 
    
    Boxes' corners:       (w,l)
        Box  1 is at 
            top left     (5,0)
            bottom right (8,1)
    
        Box  2 is at 
            top left     (0,21)
            bottom right (3,22)
    
        Box  3 is at 
            top left     (0,0)
            bottom right (3,1)
    
        Box  4 is at 
            top left     (9,19)
            bottom right (9,20)
    
        Box  5 is at 
            top left     (0,19)
            bottom right (0,20)
    
        Box  6 is at 
            top left     (9,17)
            bottom right (9,18)
    
        Box  7 is at 
            top left     (0,17)
            bottom right (0,18)
    
        Box  8 is at 
            top left     (9,15)
            bottom right (9,16)
    
        Box  9 is at 
            top left     (0,15)
            bottom right (0,16)
    
        Box 10 is at 
            top left     (8,21)
            bottom right (9,22)
    
        Roll length used: 23

    [1;34mTry max length:[0m 22
    [1;34m    At iteration:[0m 4
        lingeling found a solution in 1.032 ms

       | W
     L | 0 1 2 3  4  5 6 7 8 9 
    ---------------------------
     0 | . . . .  .  . 1 1 1 1 
     1 | . . . .  .  . 1 1 1 1 
     2 | . . . .  .  . . . . . 
     3 | . . . .  .  . . . . . 
     4 | . . . .  .  . . . . . 
     5 | . . . .  .  . . . . . 
     6 | . . . .  .  . . . . . 
     7 | . . . .  .  . . . . . 
     8 | . . . .  .  . . . . . 
     9 | . . . .  .  . . . . . 
    10 | . . . .  .  . . . . . 
    11 | . . . .  .  . . . . . 
    12 | . . . .  .  . . . . . 
    13 | . . . .  .  . . . . . 
    14 | 7 . . .  .  . . . . 9 
    15 | 7 . . .  .  . . . . 9 
    16 | 5 . . .  .  . . . . 8 
    17 | 5 . . .  .  . . . . 8 
    18 | 6 . . .  .  . . . . 4 
    19 | 6 . . .  .  . . . . 4 
    20 | 2 2 2 2 10 10 3 3 3 3 
    21 | 2 2 2 2 10 10 3 3 3 3 
    
    Boxes' corners:       (w,l)
        Box  1 is at 
            top left     (6,0)
            bottom right (9,1)
    
        Box  2 is at 
            top left     (0,20)
            bottom right (3,21)
    
        Box  3 is at 
            top left     (6,20)
            bottom right (9,21)
    
        Box  4 is at 
            top left     (9,18)
            bottom right (9,19)
    
        Box  5 is at 
            top left     (0,16)
            bottom right (0,17)
    
        Box  6 is at 
            top left     (0,18)
            bottom right (0,19)
    
        Box  7 is at 
            top left     (0,14)
            bottom right (0,15)
    
        Box  8 is at 
            top left     (9,16)
            bottom right (9,17)
    
        Box  9 is at 
            top left     (9,14)
            bottom right (9,15)
    
        Box 10 is at 
            top left     (4,20)
            bottom right (5,21)
    
        Roll length used: 22

    [1;34mTry max length:[0m 21
    [1;34m    At iteration:[0m 5
        lingeling found a solution in .969 ms

       | W
     L | 0 1 2 3 4 5 6 7  8  9 
    ---------------------------
     0 | 2 2 2 2 . . 1 1  1  1 
     1 | 2 2 2 2 . . 1 1  1  1 
     2 | . . . . . . . .  .  . 
     3 | . . . . . . . .  .  . 
     4 | . . . . . . . .  .  . 
     5 | . . . . . . . .  .  . 
     6 | . . . . . . . .  .  . 
     7 | . . . . . . . .  .  . 
     8 | . . . . . . . .  .  . 
     9 | . . . . . . . .  .  . 
    10 | . . . . . . . .  .  . 
    11 | . . . . . . . .  .  . 
    12 | . . . . . . . .  .  . 
    13 | 9 . . . . . . .  .  8 
    14 | 9 . . . . . . .  .  8 
    15 | 7 . . . . . . .  .  6 
    16 | 7 . . . . . . .  .  6 
    17 | 4 . . . . . . .  .  5 
    18 | 4 . . . . . . .  .  5 
    19 | 3 3 3 3 . . . . 10 10 
    20 | 3 3 3 3 . . . . 10 10 
    
    Boxes' corners:       (w,l)
        Box  1 is at 
            top left     (6,0)
            bottom right (9,1)
    
        Box  2 is at 
            top left     (0,0)
            bottom right (3,1)
    
        Box  3 is at 
            top left     (0,19)
            bottom right (3,20)
    
        Box  4 is at 
            top left     (0,17)
            bottom right (0,18)
    
        Box  5 is at 
            top left     (9,17)
            bottom right (9,18)
    
        Box  6 is at 
            top left     (9,15)
            bottom right (9,16)
    
        Box  7 is at 
            top left     (0,15)
            bottom right (0,16)
    
        Box  8 is at 
            top left     (9,13)
            bottom right (9,14)
    
        Box  9 is at 
            top left     (0,13)
            bottom right (0,14)
    
        Box 10 is at 
            top left     (8,19)
            bottom right (9,20)
    
        Roll length used: 21

    [1;34mTry max length:[0m 20
    [1;34m    At iteration:[0m 6
        lingeling found a solution in .930 ms

       | W
     L | 0 1 2 3 4 5 6 7  8  9 
    ---------------------------
     0 | 2 2 2 2 3 3 3 3  .  . 
     1 | 2 2 2 2 3 3 3 3  .  . 
     2 | . . . . . . . .  .  . 
     3 | . . . . . . . .  .  . 
     4 | . . . . . . . .  .  . 
     5 | . . . . . . . .  .  . 
     6 | . . . . . . . .  .  . 
     7 | . . . . . . . .  .  . 
     8 | . . . . . . . .  .  . 
     9 | . . . . . . . .  .  . 
    10 | . . . . . . . .  .  9 
    11 | . . . . . . . .  .  9 
    12 | 8 . . . . . . .  .  7 
    13 | 8 . . . . . . .  .  7 
    14 | 6 . . . . . . .  .  5 
    15 | 6 . . . . . . .  .  5 
    16 | 4 . . . . . . .  .  . 
    17 | 4 . . . . . . .  .  . 
    18 | 1 1 1 1 . . . . 10 10 
    19 | 1 1 1 1 . . . . 10 10 
    
    Boxes' corners:       (w,l)
        Box  1 is at 
            top left     (0,18)
            bottom right (3,19)
    
        Box  2 is at 
            top left     (0,0)
            bottom right (3,1)
    
        Box  3 is at 
            top left     (4,0)
            bottom right (7,1)
    
        Box  4 is at 
            top left     (0,16)
            bottom right (0,17)
    
        Box  5 is at 
            top left     (9,14)
            bottom right (9,15)
    
        Box  6 is at 
            top left     (0,14)
            bottom right (0,15)
    
        Box  7 is at 
            top left     (9,12)
            bottom right (9,13)
    
        Box  8 is at 
            top left     (0,12)
            bottom right (0,13)
    
        Box  9 is at 
            top left     (9,10)
            bottom right (9,11)
    
        Box 10 is at 
            top left     (8,18)
            bottom right (9,19)
    
        Roll length used: 20

    [1;34mTry max length:[0m 19
    [1;34m    At iteration:[0m 7
        lingeling found a solution in .867 ms

       | W
     L | 0 1 2 3 4 5 6 7  8  9 
    ---------------------------
     0 | . . . . . . 1 1  1  1 
     1 | 3 3 3 3 . . 1 1  1  1 
     2 | 3 3 3 3 . . . .  .  . 
     3 | . . . . . . . .  .  . 
     4 | . . . . . . . .  .  . 
     5 | . . . . . . . .  .  . 
     6 | . . . . . . . .  .  . 
     7 | . . . . . . . .  .  . 
     8 | . . . . . . . .  .  . 
     9 | 8 . . . . . . .  .  . 
    10 | 8 . . . . . . .  .  . 
    11 | 7 . . . . . . .  .  6 
    12 | 7 . . . . . . .  .  6 
    13 | 5 . . . . . . .  .  9 
    14 | 5 . . . . . . .  .  9 
    15 | 4 . . . . . . .  .  . 
    16 | 4 . . . . . . .  .  . 
    17 | 2 2 2 2 . . . . 10 10 
    18 | 2 2 2 2 . . . . 10 10 
    
    Boxes' corners:       (w,l)
        Box  1 is at 
            top left     (6,0)
            bottom right (9,1)
    
        Box  2 is at 
            top left     (0,17)
            bottom right (3,18)
    
        Box  3 is at 
            top left     (0,1)
            bottom right (3,2)
    
        Box  4 is at 
            top left     (0,15)
            bottom right (0,16)
    
        Box  5 is at 
            top left     (0,13)
            bottom right (0,14)
    
        Box  6 is at 
            top left     (9,11)
            bottom right (9,12)
    
        Box  7 is at 
            top left     (0,11)
            bottom right (0,12)
    
        Box  8 is at 
            top left     (0,9)
            bottom right (0,10)
    
        Box  9 is at 
            top left     (9,13)
            bottom right (9,14)
    
        Box 10 is at 
            top left     (8,17)
            bottom right (9,18)
    
        Roll length used: 19

    [1;34mTry max length:[0m 18
    [1;34m    At iteration:[0m 8
        lingeling found a solution in .794 ms

       | W
     L | 0 1 2 3  4  5 6 7 8 9 
    ---------------------------
     0 | . . . .  1  1 1 1 . . 
     1 | 3 3 3 3  1  1 1 1 . . 
     2 | 3 3 3 3  .  . . . . . 
     3 | . . . .  .  . . . . . 
     4 | . . . .  .  . . . . . 
     5 | . . . .  .  . . . . . 
     6 | . . . .  .  . . . . . 
     7 | . . . .  .  . . . . . 
     8 | 8 . . .  .  . . . . 9 
     9 | 8 . . .  .  . . . . 9 
    10 | 7 . . .  .  . . . . . 
    11 | 7 . . .  .  . . . . . 
    12 | 6 . . .  .  . . . . . 
    13 | 6 . . .  .  . . . . . 
    14 | 5 . . .  .  . . . . . 
    15 | 5 . . .  .  . . . . . 
    16 | 4 . . . 10 10 2 2 2 2 
    17 | 4 . . . 10 10 2 2 2 2 
    
    Boxes' corners:       (w,l)
        Box  1 is at 
            top left     (4,0)
            bottom right (7,1)
    
        Box  2 is at 
            top left     (6,16)
            bottom right (9,17)
    
        Box  3 is at 
            top left     (0,1)
            bottom right (3,2)
    
        Box  4 is at 
            top left     (0,16)
            bottom right (0,17)
    
        Box  5 is at 
            top left     (0,14)
            bottom right (0,15)
    
        Box  6 is at 
            top left     (0,12)
            bottom right (0,13)
    
        Box  7 is at 
            top left     (0,10)
            bottom right (0,11)
    
        Box  8 is at 
            top left     (0,8)
            bottom right (0,9)
    
        Box  9 is at 
            top left     (9,8)
            bottom right (9,9)
    
        Box 10 is at 
            top left     (4,16)
            bottom right (5,17)
    
        Roll length used: 18

    [1;34mTry max length:[0m 17
    [1;34m    At iteration:[0m 9
        lingeling found a solution in .734 ms

       | W
     L | 0 1 2 3 4 5 6 7  8  9 
    ---------------------------
     0 | 1 1 1 1 . . 2 2  2  2 
     1 | 1 1 1 1 . . 2 2  2  2 
     2 | . . . . . . . .  .  . 
     3 | . . . . . . . .  .  . 
     4 | . . . . . . . .  .  . 
     5 | . . . . . . . .  .  . 
     6 | . . . . . . . .  .  . 
     7 | . . . . . . . .  .  . 
     8 | . . . . . . . .  .  . 
     9 | 7 . . . . . . .  .  . 
    10 | 7 . . . . . . .  .  9 
    11 | 6 . . . . . . .  .  9 
    12 | 6 . . . . . . .  .  . 
    13 | 5 . . . . . . .  .  8 
    14 | 5 . . . . . . .  .  8 
    15 | 4 3 3 3 3 . . . 10 10 
    16 | 4 3 3 3 3 . . . 10 10 
    
    Boxes' corners:       (w,l)
        Box  1 is at 
            top left     (0,0)
            bottom right (3,1)
    
        Box  2 is at 
            top left     (6,0)
            bottom right (9,1)
    
        Box  3 is at 
            top left     (1,15)
            bottom right (4,16)
    
        Box  4 is at 
            top left     (0,15)
            bottom right (0,16)
    
        Box  5 is at 
            top left     (0,13)
            bottom right (0,14)
    
        Box  6 is at 
            top left     (0,11)
            bottom right (0,12)
    
        Box  7 is at 
            top left     (0,9)
            bottom right (0,10)
    
        Box  8 is at 
            top left     (9,13)
            bottom right (9,14)
    
        Box  9 is at 
            top left     (9,10)
            bottom right (9,11)
    
        Box 10 is at 
            top left     (8,15)
            bottom right (9,16)
    
        Roll length used: 17

    [1;34mTry max length:[0m 16
    [1;34m    At iteration:[0m 10
        lingeling found a solution in .674 ms

       | W
     L | 0 1 2 3  4  5 6 7 8 9 
    ---------------------------
     0 | . 1 1 1  1  . 3 3 3 3 
     1 | . 1 1 1  1  . 3 3 3 3 
     2 | . . . .  .  . . . . . 
     3 | . . . .  .  . . . . . 
     4 | . . . .  .  . . . . . 
     5 | . . . .  .  . . . . . 
     6 | 9 . . .  .  . . . . . 
     7 | 9 . . .  .  . . . . . 
     8 | 8 . . .  .  . . . . . 
     9 | 8 . . .  .  . . . . . 
    10 | 7 . . .  .  . . . . . 
    11 | 7 . . .  .  . . . . . 
    12 | 5 . . .  .  . . . . 6 
    13 | 5 . . .  .  . . . . 6 
    14 | 4 . . . 10 10 2 2 2 2 
    15 | 4 . . . 10 10 2 2 2 2 
    
    Boxes' corners:       (w,l)
        Box  1 is at 
            top left     (1,0)
            bottom right (4,1)
    
        Box  2 is at 
            top left     (6,14)
            bottom right (9,15)
    
        Box  3 is at 
            top left     (6,0)
            bottom right (9,1)
    
        Box  4 is at 
            top left     (0,14)
            bottom right (0,15)
    
        Box  5 is at 
            top left     (0,12)
            bottom right (0,13)
    
        Box  6 is at 
            top left     (9,12)
            bottom right (9,13)
    
        Box  7 is at 
            top left     (0,10)
            bottom right (0,11)
    
        Box  8 is at 
            top left     (0,8)
            bottom right (0,9)
    
        Box  9 is at 
            top left     (0,6)
            bottom right (0,7)
    
        Box 10 is at 
            top left     (4,14)
            bottom right (5,15)
    
        Roll length used: 16

    [1;34mTry max length:[0m 15
    [1;34m    At iteration:[0m 11
        lingeling found a solution in .609 ms

       | W
     L | 0 1 2 3 4 5 6 7  8  9 
    ---------------------------
     0 | 2 2 2 2 1 1 1 1  .  . 
     1 | 2 2 2 2 1 1 1 1  .  . 
     2 | . . . . . . . .  .  . 
     3 | 9 . . . . . . .  .  . 
     4 | 9 . . . . . . .  .  . 
     5 | 8 . . . . . . .  .  . 
     6 | 8 . . . . . . .  .  . 
     7 | 6 . . . . . . .  .  7 
     8 | 6 . . . . . . .  .  7 
     9 | 5 . . . . . . .  .  . 
    10 | 5 . . . . . . .  .  . 
    11 | 4 . . . . . . .  .  . 
    12 | 4 . . . . . . .  .  . 
    13 | 3 3 3 3 . . . . 10 10 
    14 | 3 3 3 3 . . . . 10 10 
    
    Boxes' corners:       (w,l)
        Box  1 is at 
            top left     (4,0)
            bottom right (7,1)
    
        Box  2 is at 
            top left     (0,0)
            bottom right (3,1)
    
        Box  3 is at 
            top left     (0,13)
            bottom right (3,14)
    
        Box  4 is at 
            top left     (0,11)
            bottom right (0,12)
    
        Box  5 is at 
            top left     (0,9)
            bottom right (0,10)
    
        Box  6 is at 
            top left     (0,7)
            bottom right (0,8)
    
        Box  7 is at 
            top left     (9,7)
            bottom right (9,8)
    
        Box  8 is at 
            top left     (0,5)
            bottom right (0,6)
    
        Box  9 is at 
            top left     (0,3)
            bottom right (0,4)
    
        Box 10 is at 
            top left     (8,13)
            bottom right (9,14)
    
        Roll length used: 15

    [1;34mTry max length:[0m 14
    [1;34m    At iteration:[0m 12
        lingeling found a solution in .622 ms

       | W
     L | 0 1 2 3  4  5 6 7 8 9 
    ---------------------------
     0 | . 1 1 1  1  2 2 2 2 . 
     1 | . 1 1 1  1  2 2 2 2 . 
     2 | . . . .  .  . . . . . 
     3 | . . . .  .  . . . . . 
     4 | 9 . . .  .  . . . . . 
     5 | 9 . . .  .  . . . . . 
     6 | 8 . . .  .  . . . . . 
     7 | 8 . . .  .  . . . . 7 
     8 | 6 . . .  .  . . . . 7 
     9 | 6 . . .  .  . . . . . 
    10 | 5 . . .  .  . . . . . 
    11 | 5 . . .  .  . . . . . 
    12 | 4 . . . 10 10 3 3 3 3 
    13 | 4 . . . 10 10 3 3 3 3 
    
    Boxes' corners:       (w,l)
        Box  1 is at 
            top left     (1,0)
            bottom right (4,1)
    
        Box  2 is at 
            top left     (5,0)
            bottom right (8,1)
    
        Box  3 is at 
            top left     (6,12)
            bottom right (9,13)
    
        Box  4 is at 
            top left     (0,12)
            bottom right (0,13)
    
        Box  5 is at 
            top left     (0,10)
            bottom right (0,11)
    
        Box  6 is at 
            top left     (0,8)
            bottom right (0,9)
    
        Box  7 is at 
            top left     (9,7)
            bottom right (9,8)
    
        Box  8 is at 
            top left     (0,6)
            bottom right (0,7)
    
        Box  9 is at 
            top left     (0,4)
            bottom right (0,5)
    
        Box 10 is at 
            top left     (4,12)
            bottom right (5,13)
    
        Roll length used: 14

    [1;34mTry max length:[0m 13
    [1;34m    At iteration:[0m 13
        lingeling found a solution in .532 ms

       | W
     L | 0 1 2 3  4  5 6 7 8 9 
    ---------------------------
     0 | . . . .  .  3 3 3 3 . 
     1 | 2 2 2 2  .  3 3 3 3 . 
     2 | 2 2 2 2  .  . . . . . 
     3 | 8 . . .  .  . . . . . 
     4 | 8 . . .  .  . . . . . 
     5 | 7 . . .  .  . . . . . 
     6 | 7 . . .  .  . . . . . 
     7 | 6 . . .  .  . . . . . 
     8 | 6 . . .  .  . . . . . 
     9 | 5 . . .  .  . . . . 9 
    10 | 5 . . .  .  . . . . 9 
    11 | 4 . . . 10 10 1 1 1 1 
    12 | 4 . . . 10 10 1 1 1 1 
    
    Boxes' corners:       (w,l)
        Box  1 is at 
            top left     (6,11)
            bottom right (9,12)
    
        Box  2 is at 
            top left     (0,1)
            bottom right (3,2)
    
        Box  3 is at 
            top left     (5,0)
            bottom right (8,1)
    
        Box  4 is at 
            top left     (0,11)
            bottom right (0,12)
    
        Box  5 is at 
            top left     (0,9)
            bottom right (0,10)
    
        Box  6 is at 
            top left     (0,7)
            bottom right (0,8)
    
        Box  7 is at 
            top left     (0,5)
            bottom right (0,6)
    
        Box  8 is at 
            top left     (0,3)
            bottom right (0,4)
    
        Box  9 is at 
            top left     (9,9)
            bottom right (9,10)
    
        Box 10 is at 
            top left     (4,11)
            bottom right (5,12)
    
        Roll length used: 13

    [1;34mTry max length:[0m 12
    [1;34m    At iteration:[0m 14
        lingeling found a solution in .518 ms

       | W
     L | 0 1 2 3 4 5 6 7  8  9 
    ---------------------------
     0 | 2 2 2 2 3 3 3 3  .  . 
     1 | 2 2 2 2 3 3 3 3  .  . 
     2 | 7 . . . . . . .  .  . 
     3 | 7 . . . . . . .  .  . 
     4 | 8 . . . . . . .  .  . 
     5 | 8 . . . 9 . . .  .  . 
     6 | . 6 . . 9 . . .  .  . 
     7 | . 6 . . . . . .  .  5 
     8 | 4 . . . . . . .  .  5 
     9 | 4 . . . . . . .  .  . 
    10 | 1 1 1 1 . . . . 10 10 
    11 | 1 1 1 1 . . . . 10 10 
    
    Boxes' corners:       (w,l)
        Box  1 is at 
            top left     (0,10)
            bottom right (3,11)
    
        Box  2 is at 
            top left     (0,0)
            bottom right (3,1)
    
        Box  3 is at 
            top left     (4,0)
            bottom right (7,1)
    
        Box  4 is at 
            top left     (0,8)
            bottom right (0,9)
    
        Box  5 is at 
            top left     (9,7)
            bottom right (9,8)
    
        Box  6 is at 
            top left     (1,6)
            bottom right (1,7)
    
        Box  7 is at 
            top left     (0,2)
            bottom right (0,3)
    
        Box  8 is at 
            top left     (0,4)
            bottom right (0,5)
    
        Box  9 is at 
            top left     (4,5)
            bottom right (4,6)
    
        Box 10 is at 
            top left     (8,10)
            bottom right (9,11)
    
        Roll length used: 12

    [1;34mTry max length:[0m 11
    [1;34m    At iteration:[0m 15
        lingeling found a solution in .489 ms

       | W
     L |  0  1 2 3 4 5 6 7 8 9 
    ---------------------------
     0 |  2  2 2 2 9 3 3 3 3 . 
     1 |  2  2 2 2 9 3 3 3 3 . 
     2 |  6  . . . . . . 5 . . 
     3 |  6  . . . . . . 5 . . 
     4 |  .  . . . . . . . . . 
     5 |  .  . . . . . . . . . 
     6 |  .  . . . . . . . . . 
     7 |  4  . . . . . . . . 8 
     8 |  4  . . . . . . . . 8 
     9 | 10 10 . . . . 1 1 1 1 
    10 | 10 10 7 7 . . 1 1 1 1 
    
    Boxes' corners:       (w,l)
        Box  1 is at 
            top left     (6,9)
            bottom right (9,10)
    
        Box  2 is at 
            top left     (0,0)
            bottom right (3,1)
    
        Box  3 is at 
            top left     (5,0)
            bottom right (8,1)
    
        Box  4 is at 
            top left     (0,7)
            bottom right (0,8)
    
        Box  5 is at 
            top left     (7,2)
            bottom right (7,3)
    
        Box  6 is at 
            top left     (0,2)
            bottom right (0,3)
    
        Box  7 is at 
            top left     (2,10)
            bottom right (3,10)
    
        Box  8 is at 
            top left     (9,7)
            bottom right (9,8)
    
        Box  9 is at 
            top left     (4,0)
            bottom right (4,1)
    
        Box 10 is at 
            top left     (0,9)
            bottom right (1,10)
    
        Roll length used: 11

    [1;34mTry max length:[0m 10
    [1;34m    At iteration:[0m 16
        lingeling found a solution in .445 ms

       | W
     L | 0 1 2 3 4  5  6 7 8 9 
    ---------------------------
     0 | . . . . .  .  . . . . 
     1 | 3 3 . . .  .  . . . . 
     2 | 3 3 . . .  .  . . . 9 
     3 | 3 3 . . . 10 10 . . 9 
     4 | 3 3 . . . 10 10 . . . 
     5 | . . . . .  .  . 2 2 . 
     6 | . 1 1 . .  .  . 2 2 . 
     7 | . 1 1 . .  7  . 2 2 . 
     8 | . 1 1 . .  7  . 2 2 8 
     9 | . 1 1 6 6  5  5 4 4 8 
    
    Boxes' corners:       (w,l)
        Box  1 is at 
            top left     (1,6)
            bottom right (2,9)
    
        Box  2 is at 
            top left     (7,5)
            bottom right (8,8)
    
        Box  3 is at 
            top left     (0,1)
            bottom right (1,4)
    
        Box  4 is at 
            top left     (7,9)
            bottom right (8,9)
    
        Box  5 is at 
            top left     (5,9)
            bottom right (6,9)
    
        Box  6 is at 
            top left     (3,9)
            bottom right (4,9)
    
        Box  7 is at 
            top left     (5,7)
            bottom right (5,8)
    
        Box  8 is at 
            top left     (9,8)
            bottom right (9,9)
    
        Box  9 is at 
            top left     (9,2)
            bottom right (9,3)
    
        Box 10 is at 
            top left     (5,3)
            bottom right (6,4)
    
        Roll length used: 10

    [1;34mTry max length:[0m 9
    [1;34m    At iteration:[0m 17
        lingeling found a solution in .424 ms

      | W
    L | 0 1 2  3  4 5 6 7 8 9 
    ---------------------------
    0 | 5 . .  .  . . . 3 3 . 
    1 | 5 . .  .  . . . 3 3 . 
    2 | . . .  .  . . . 3 3 . 
    3 | 4 . .  .  . . . 3 3 . 
    4 | 4 . .  7  . . . . . . 
    5 | 2 2 .  7  . . . . 1 1 
    6 | 2 2 .  .  . . . . 1 1 
    7 | 2 2 6 10 10 8 9 . 1 1 
    8 | 2 2 6 10 10 8 9 . 1 1 
    
    Boxes' corners:       (w,l)
        Box  1 is at 
            top left     (8,5)
            bottom right (9,8)
    
        Box  2 is at 
            top left     (0,5)
            bottom right (1,8)
    
        Box  3 is at 
            top left     (7,0)
            bottom right (8,3)
    
        Box  4 is at 
            top left     (0,3)
            bottom right (0,4)
    
        Box  5 is at 
            top left     (0,0)
            bottom right (0,1)
    
        Box  6 is at 
            top left     (2,7)
            bottom right (2,8)
    
        Box  7 is at 
            top left     (3,4)
            bottom right (3,5)
    
        Box  8 is at 
            top left     (5,7)
            bottom right (5,8)
    
        Box  9 is at 
            top left     (6,7)
            bottom right (6,8)
    
        Box 10 is at 
            top left     (3,7)
            bottom right (4,8)
    
        Roll length used: 9

    [1;34mTry max length:[0m 8
    [1;34m    At iteration:[0m 18
        lingeling found a solution in .383 ms

      | W
    L | 0 1 2 3 4 5  6  7 8 9 
    ---------------------------
    0 | 5 . . 7 . 9  .  . 3 3 
    1 | 5 . . 7 . 9  .  . 3 3 
    2 | 4 . . . . .  .  . 3 3 
    3 | 4 . . . . .  .  . 3 3 
    4 | 2 2 . . . .  .  . 1 1 
    5 | 2 2 . . . .  .  . 1 1 
    6 | 2 2 . . 8 6 10 10 1 1 
    7 | 2 2 . . 8 6 10 10 1 1 
    
    Boxes' corners:       (w,l)
        Box  1 is at 
            top left     (8,4)
            bottom right (9,7)
    
        Box  2 is at 
            top left     (0,4)
            bottom right (1,7)
    
        Box  3 is at 
            top left     (8,0)
            bottom right (9,3)
    
        Box  4 is at 
            top left     (0,2)
            bottom right (0,3)
    
        Box  5 is at 
            top left     (0,0)
            bottom right (0,1)
    
        Box  6 is at 
            top left     (5,6)
            bottom right (5,7)
    
        Box  7 is at 
            top left     (3,0)
            bottom right (3,1)
    
        Box  8 is at 
            top left     (4,6)
            bottom right (4,7)
    
        Box  9 is at 
            top left     (5,0)
            bottom right (5,1)
    
        Box 10 is at 
            top left     (6,6)
            bottom right (7,7)
    
        Roll length used: 8

    [1;34mTry max length:[0m 7
    [1;34m    At iteration:[0m 19
        lingeling found a solution in .325 ms

      | W
    L | 0 1 2 3  4  5 6 7 8 9 
    ---------------------------
    0 | 4 . 5 .  .  7 7 . 2 2 
    1 | 4 . 5 .  .  . . . 2 2 
    2 | 1 1 . .  6  . . . 2 2 
    3 | 1 1 . .  6  . 3 3 2 2 
    4 | 1 1 . .  .  . 3 3 8 8 
    5 | 1 1 . 9 10 10 3 3 . . 
    6 | . . . 9 10 10 3 3 . . 
    
    Boxes' corners:       (w,l)
        Box  1 is at 
            top left     (0,2)
            bottom right (1,5)
    
        Box  2 is at 
            top left     (8,0)
            bottom right (9,3)
    
        Box  3 is at 
            top left     (6,3)
            bottom right (7,6)
    
        Box  4 is at 
            top left     (0,0)
            bottom right (0,1)
    
        Box  5 is at 
            top left     (2,0)
            bottom right (2,1)
    
        Box  6 is at 
            top left     (4,2)
            bottom right (4,3)
    
        Box  7 is at 
            top left     (5,0)
            bottom right (6,0)
    
        Box  8 is at 
            top left     (8,4)
            bottom right (9,4)
    
        Box  9 is at 
            top left     (3,5)
            bottom right (3,6)
    
        Box 10 is at 
            top left     (4,5)
            bottom right (5,6)
    
        Roll length used: 7

    [1;34mTry max length:[0m 6
    [1;34m    At iteration:[0m 20
        lingeling found a solution in .246 ms

      | W
    L | 0 1 2 3 4  5  6 7 8 9 
    ---------------------------
    0 | . . . 4 . 10 10 . . 5 
    1 | 1 1 . 4 . 10 10 . . 5 
    2 | 1 1 3 3 .  6  6 . 2 2 
    3 | 1 1 3 3 .  8  8 . 2 2 
    4 | 1 1 3 3 .  .  7 7 2 2 
    5 | . . 3 3 9  9  . . 2 2 
    
    Boxes' corners:       (w,l)
        Box  1 is at 
            top left     (0,1)
            bottom right (1,4)
    
        Box  2 is at 
            top left     (8,2)
            bottom right (9,5)
    
        Box  3 is at 
            top left     (2,2)
            bottom right (3,5)
    
        Box  4 is at 
            top left     (3,0)
            bottom right (3,1)
    
        Box  5 is at 
            top left     (9,0)
            bottom right (9,1)
    
        Box  6 is at 
            top left     (5,2)
            bottom right (6,2)
    
        Box  7 is at 
            top left     (6,4)
            bottom right (7,4)
    
        Box  8 is at 
            top left     (5,3)
            bottom right (6,3)
    
        Box  9 is at 
            top left     (4,5)
            bottom right (5,5)
    
        Box 10 is at 
            top left     (5,0)
            bottom right (6,1)
    
        Roll length used: 6

    [1;34mTry max length:[0m 5
    [1;34m    At iteration:[0m 21
        lingeling found a solution in .203 ms

      | W
    L | 0 1 2 3 4 5  6  7 8 9 
    ---------------------------
    0 | 1 1 . 8 3 3  2  2 2 2 
    1 | 1 1 7 8 3 3  2  2 2 2 
    2 | 1 1 7 . 3 3  .  . . . 
    3 | 1 1 4 6 3 3 10 10 9 . 
    4 | . . 4 6 5 5 10 10 9 . 
    
    Boxes' corners:       (w,l)
        Box  1 is at 
            top left     (0,0)
            bottom right (1,3)
    
        Box  2 is at 
            top left     (6,0)
            bottom right (9,1)
    
        Box  3 is at 
            top left     (4,0)
            bottom right (5,3)
    
        Box  4 is at 
            top left     (2,3)
            bottom right (2,4)
    
        Box  5 is at 
            top left     (4,4)
            bottom right (5,4)
    
        Box  6 is at 
            top left     (3,3)
            bottom right (3,4)
    
        Box  7 is at 
            top left     (2,1)
            bottom right (2,2)
    
        Box  8 is at 
            top left     (3,0)
            bottom right (3,1)
    
        Box  9 is at 
            top left     (8,3)
            bottom right (8,4)
    
        Box 10 is at 
            top left     (6,3)
            bottom right (7,4)
    
        Roll length used: 5

    [1;34mTry max length:[0m 4
    [1;34m    At iteration:[0m 22
        lingeling found a solution in .201 ms

      | W
    L | 0 1 2  3  4 5 6 7 8 9 
    ---------------------------
    0 | 2 2 7 10 10 4 3 3 1 1 
    1 | 2 2 7 10 10 4 3 3 1 1 
    2 | 2 2 8  6  5 9 3 3 1 1 
    3 | 2 2 8  6  5 9 3 3 1 1 
    
    Boxes' corners:       (w,l)
        Box  1 is at 
            top left     (8,0)
            bottom right (9,3)
    
        Box  2 is at 
            top left     (0,0)
            bottom right (1,3)
    
        Box  3 is at 
            top left     (6,0)
            bottom right (7,3)
    
        Box  4 is at 
            top left     (5,0)
            bottom right (5,1)
    
        Box  5 is at 
            top left     (4,2)
            bottom right (4,3)
    
        Box  6 is at 
            top left     (3,2)
            bottom right (3,3)
    
        Box  7 is at 
            top left     (2,0)
            bottom right (2,1)
    
        Box  8 is at 
            top left     (2,2)
            bottom right (2,3)
    
        Box  9 is at 
            top left     (5,2)
            bottom right (5,3)
    
        Box 10 is at 
            top left     (3,0)
            bottom right (4,1)
    
        Roll length used: 4

    [1;34mTry max length:[0m 3
    [1;34m    At iteration:[0m 23
        [3;31mlingeling determined unsatisfiability of the Boolean formula[0m
        [1;32mOptimality reached![0m
