dg jun 3 19:06:44 CEST 2018
    [1;34mTry max length:[0m 999999
    [1;34m    At iteration:[0m 0
        lingeling found a solution in .604 ms

       | W
     L |  0  1  2 
    -------------
     0 |  2  2  2 
     1 |  1  1  1 
     2 |  .  .  . 
     3 |  .  .  . 
     4 |  .  .  . 
     5 |  .  .  . 
     6 |  .  .  . 
     7 |  .  .  . 
     8 |  .  .  . 
     9 |  .  .  . 
    10 |  .  .  . 
    11 |  .  .  . 
    12 |  .  .  . 
    13 |  .  .  . 
    14 |  .  .  . 
    15 |  .  .  . 
    16 |  .  .  . 
    17 |  .  8  8 
    18 |  .  8  8 
    19 |  .  8  8 
    20 |  .  8  8 
    21 |  .  .  . 
    22 |  .  .  . 
    23 |  3  3  3 
    24 |  .  7  7 
    25 |  .  7  7 
    26 |  .  7  7 
    27 |  .  7  7 
    28 |  .  5  5 
    29 |  .  5  5 
    30 |  .  5  5 
    31 |  .  5  5 
    32 |  6  6  . 
    33 |  6  6 13 
    34 |  6  6 13 
    35 |  6  6 13 
    36 | 12  . 13 
    37 | 12  . 13 
    38 | 12  4  4 
    39 | 12  4  4 
    40 | 12  4  4 
    41 | 11  4  4 
    42 | 11  .  . 
    43 | 11  .  . 
    44 | 11  .  . 
    45 | 11 10  9 
    
    Boxes' corners:       (w,l)
        Box  1 is at 
            top left     (0,1)
            bottom right (2,1)
    
        Box  2 is at 
            top left     (0,0)
            bottom right (2,0)
    
        Box  3 is at 
            top left     (0,23)
            bottom right (2,23)
    
        Box  4 is at 
            top left     (1,38)
            bottom right (2,41)
    
        Box  5 is at 
            top left     (1,28)
            bottom right (2,31)
    
        Box  6 is at 
            top left     (0,32)
            bottom right (1,35)
    
        Box  7 is at 
            top left     (1,24)
            bottom right (2,27)
    
        Box  8 is at 
            top left     (1,17)
            bottom right (2,20)
    
        Box  9 is at 
            top left     (2,45)
            bottom right (2,45)
    
        Box 10 is at 
            top left     (1,45)
            bottom right (1,45)
    
        Box 11 is at 
            top left     (0,41)
            bottom right (0,45)
    
        Box 12 is at 
            top left     (0,36)
            bottom right (0,40)
    
        Box 13 is at 
            top left     (2,33)
            bottom right (2,37)
    
        Roll length used: 46

    [1;34mTry max length:[0m 45
    [1;34m    At iteration:[0m 1
        lingeling found a solution in .579 ms

       | W
     L |  0  1  2 
    -------------
     0 |  2  2  2 
     1 |  1  1  1 
     2 |  .  .  . 
     3 |  .  .  . 
     4 |  .  .  . 
     5 |  .  .  . 
     6 |  .  .  . 
     7 |  .  .  . 
     8 |  .  .  . 
     9 |  .  .  . 
    10 |  .  8  8 
    11 |  .  8  8 
    12 |  .  8  8 
    13 |  .  8  8 
    14 |  .  .  . 
    15 |  .  .  . 
    16 |  .  .  . 
    17 |  .  .  . 
    18 |  .  .  . 
    19 |  .  .  . 
    20 |  .  .  . 
    21 |  .  7  7 
    22 |  .  7  7 
    23 |  .  7  7 
    24 |  .  7  7 
    25 |  .  6  6 
    26 |  .  6  6 
    27 |  .  6  6 
    28 |  .  6  6 
    29 |  .  4  4 
    30 |  .  4  4 
    31 |  .  4  4 
    32 |  .  4  4 
    33 |  .  5  5 
    34 |  .  5  5 
    35 |  .  5  5 
    36 |  .  5  5 
    37 |  .  .  . 
    38 |  . 10  9 
    39 |  3  3  3 
    40 | 13 12 11 
    41 | 13 12 11 
    42 | 13 12 11 
    43 | 13 12 11 
    44 | 13 12 11 
    
    Boxes' corners:       (w,l)
        Box  1 is at 
            top left     (0,1)
            bottom right (2,1)
    
        Box  2 is at 
            top left     (0,0)
            bottom right (2,0)
    
        Box  3 is at 
            top left     (0,39)
            bottom right (2,39)
    
        Box  4 is at 
            top left     (1,29)
            bottom right (2,32)
    
        Box  5 is at 
            top left     (1,33)
            bottom right (2,36)
    
        Box  6 is at 
            top left     (1,25)
            bottom right (2,28)
    
        Box  7 is at 
            top left     (1,21)
            bottom right (2,24)
    
        Box  8 is at 
            top left     (1,10)
            bottom right (2,13)
    
        Box  9 is at 
            top left     (2,38)
            bottom right (2,38)
    
        Box 10 is at 
            top left     (1,38)
            bottom right (1,38)
    
        Box 11 is at 
            top left     (2,40)
            bottom right (2,44)
    
        Box 12 is at 
            top left     (1,40)
            bottom right (1,44)
    
        Box 13 is at 
            top left     (0,40)
            bottom right (0,44)
    
        Roll length used: 45

    [1;34mTry max length:[0m 44
    [1;34m    At iteration:[0m 2
        lingeling found a solution in .567 ms

       | W
     L |  0  1  2 
    -------------
     0 |  2  2  2 
     1 |  1  1  1 
     2 |  .  .  . 
     3 |  .  .  . 
     4 |  .  .  . 
     5 |  .  .  . 
     6 |  .  .  . 
     7 |  .  4  4 
     8 |  .  4  4 
     9 |  .  4  4 
    10 |  .  4  4 
    11 |  .  .  . 
    12 |  .  .  . 
    13 |  .  .  . 
    14 |  .  .  . 
    15 |  .  .  . 
    16 |  .  .  . 
    17 |  .  .  . 
    18 |  .  .  . 
    19 |  .  .  . 
    20 |  .  .  . 
    21 |  .  .  . 
    22 |  3  3  3 
    23 |  .  8  8 
    24 |  .  8  8 
    25 |  .  8  8 
    26 |  .  8  8 
    27 |  .  7  7 
    28 |  .  7  7 
    29 |  .  7  7 
    30 |  .  7  7 
    31 |  .  5  5 
    32 |  .  5  5 
    33 |  .  5  5 
    34 |  .  5  5 
    35 |  .  6  6 
    36 |  .  6  6 
    37 | 10  6  6 
    38 |  9  6  6 
    39 | 13 12 11 
    40 | 13 12 11 
    41 | 13 12 11 
    42 | 13 12 11 
    43 | 13 12 11 
    
    Boxes' corners:       (w,l)
        Box  1 is at 
            top left     (0,1)
            bottom right (2,1)
    
        Box  2 is at 
            top left     (0,0)
            bottom right (2,0)
    
        Box  3 is at 
            top left     (0,22)
            bottom right (2,22)
    
        Box  4 is at 
            top left     (1,7)
            bottom right (2,10)
    
        Box  5 is at 
            top left     (1,31)
            bottom right (2,34)
    
        Box  6 is at 
            top left     (1,35)
            bottom right (2,38)
    
        Box  7 is at 
            top left     (1,27)
            bottom right (2,30)
    
        Box  8 is at 
            top left     (1,23)
            bottom right (2,26)
    
        Box  9 is at 
            top left     (0,38)
            bottom right (0,38)
    
        Box 10 is at 
            top left     (0,37)
            bottom right (0,37)
    
        Box 11 is at 
            top left     (2,39)
            bottom right (2,43)
    
        Box 12 is at 
            top left     (1,39)
            bottom right (1,43)
    
        Box 13 is at 
            top left     (0,39)
            bottom right (0,43)
    
        Roll length used: 44

    [1;34mTry max length:[0m 43
    [1;34m    At iteration:[0m 3
        lingeling found a solution in .556 ms

       | W
     L |  0  1  2 
    -------------
     0 |  2  2  2 
     1 |  1  1  1 
     2 |  .  .  . 
     3 |  .  .  . 
     4 |  .  .  . 
     5 |  .  .  . 
     6 |  .  .  . 
     7 |  .  .  . 
     8 |  .  .  . 
     9 |  .  .  . 
    10 |  .  .  . 
    11 |  .  8  8 
    12 |  .  8  8 
    13 |  .  8  8 
    14 |  .  8  8 
    15 |  .  .  . 
    16 |  .  .  . 
    17 |  .  .  . 
    18 |  .  .  . 
    19 |  .  7  7 
    20 |  .  7  7 
    21 |  .  7  7 
    22 |  .  7  7 
    23 |  .  4  4 
    24 |  .  4  4 
    25 |  .  4  4 
    26 |  .  4  4 
    27 |  .  .  . 
    28 |  .  .  . 
    29 |  3  3  3 
    30 |  .  6  6 
    31 |  .  6  6 
    32 |  .  6  6 
    33 |  .  6  6 
    34 |  .  5  5 
    35 |  .  5  5 
    36 | 10  5  5 
    37 |  9  5  5 
    38 | 13 12 11 
    39 | 13 12 11 
    40 | 13 12 11 
    41 | 13 12 11 
    42 | 13 12 11 
    
    Boxes' corners:       (w,l)
        Box  1 is at 
            top left     (0,1)
            bottom right (2,1)
    
        Box  2 is at 
            top left     (0,0)
            bottom right (2,0)
    
        Box  3 is at 
            top left     (0,29)
            bottom right (2,29)
    
        Box  4 is at 
            top left     (1,23)
            bottom right (2,26)
    
        Box  5 is at 
            top left     (1,34)
            bottom right (2,37)
    
        Box  6 is at 
            top left     (1,30)
            bottom right (2,33)
    
        Box  7 is at 
            top left     (1,19)
            bottom right (2,22)
    
        Box  8 is at 
            top left     (1,11)
            bottom right (2,14)
    
        Box  9 is at 
            top left     (0,37)
            bottom right (0,37)
    
        Box 10 is at 
            top left     (0,36)
            bottom right (0,36)
    
        Box 11 is at 
            top left     (2,38)
            bottom right (2,42)
    
        Box 12 is at 
            top left     (1,38)
            bottom right (1,42)
    
        Box 13 is at 
            top left     (0,38)
            bottom right (0,42)
    
        Roll length used: 43

    [1;34mTry max length:[0m 42
    [1;34m    At iteration:[0m 4
        lingeling found a solution in .514 ms

       | W
     L |  0  1  2 
    -------------
     0 |  2  2  2 
     1 |  1  1  1 
     2 |  .  .  . 
     3 |  .  .  . 
     4 |  .  .  . 
     5 |  .  .  . 
     6 |  .  .  . 
     7 |  .  .  . 
     8 |  .  .  . 
     9 |  .  .  . 
    10 |  .  .  . 
    11 |  .  .  . 
    12 |  .  .  . 
    13 |  .  .  . 
    14 |  .  .  . 
    15 |  .  8  8 
    16 |  .  8  8 
    17 |  .  8  8 
    18 |  .  8  8 
    19 |  .  .  . 
    20 |  .  7  7 
    21 |  .  7  7 
    22 |  .  7  7 
    23 |  .  7  7 
    24 |  .  5  5 
    25 |  .  5  5 
    26 |  .  5  5 
    27 |  .  5  5 
    28 |  4  4  . 
    29 |  4  4  . 
    30 |  4  4  . 
    31 |  4  4  . 
    32 |  3  3  3 
    33 |  .  6  6 
    34 |  .  6  6 
    35 | 10  6  6 
    36 |  9  6  6 
    37 | 13 12 11 
    38 | 13 12 11 
    39 | 13 12 11 
    40 | 13 12 11 
    41 | 13 12 11 
    
    Boxes' corners:       (w,l)
        Box  1 is at 
            top left     (0,1)
            bottom right (2,1)
    
        Box  2 is at 
            top left     (0,0)
            bottom right (2,0)
    
        Box  3 is at 
            top left     (0,32)
            bottom right (2,32)
    
        Box  4 is at 
            top left     (0,28)
            bottom right (1,31)
    
        Box  5 is at 
            top left     (1,24)
            bottom right (2,27)
    
        Box  6 is at 
            top left     (1,33)
            bottom right (2,36)
    
        Box  7 is at 
            top left     (1,20)
            bottom right (2,23)
    
        Box  8 is at 
            top left     (1,15)
            bottom right (2,18)
    
        Box  9 is at 
            top left     (0,36)
            bottom right (0,36)
    
        Box 10 is at 
            top left     (0,35)
            bottom right (0,35)
    
        Box 11 is at 
            top left     (2,37)
            bottom right (2,41)
    
        Box 12 is at 
            top left     (1,37)
            bottom right (1,41)
    
        Box 13 is at 
            top left     (0,37)
            bottom right (0,41)
    
        Roll length used: 42

    [1;34mTry max length:[0m 41
    [1;34m    At iteration:[0m 5
        lingeling found a solution in .481 ms

       | W
     L | 0 1  2 
    -----------
     0 | 1 1  1 
     1 | 2 2  2 
     2 | . .  . 
     3 | . .  . 
     4 | . .  . 
     5 | . .  . 
     6 | . .  . 
     7 | . .  . 
     8 | . .  . 
     9 | . .  . 
    10 | . .  . 
    11 | . .  . 
    12 | . .  . 
    13 | . .  . 
    14 | . .  . 
    15 | . .  . 
    16 | . .  . 
    17 | . .  . 
    18 | . .  . 
    19 | . .  . 
    20 | 3 3  3 
    21 | 8 8  . 
    22 | 8 8  . 
    23 | 8 8  . 
    24 | 8 8  9 
    25 | 7 7 10 
    26 | 7 7 13 
    27 | 7 7 13 
    28 | 7 7 13 
    29 | 6 6 13 
    30 | 6 6 13 
    31 | 6 6 12 
    32 | 6 6 12 
    33 | 5 5 12 
    34 | 5 5 12 
    35 | 5 5 12 
    36 | 5 5 11 
    37 | 4 4 11 
    38 | 4 4 11 
    39 | 4 4 11 
    40 | 4 4 11 
    
    Boxes' corners:       (w,l)
        Box  1 is at 
            top left     (0,0)
            bottom right (2,0)
    
        Box  2 is at 
            top left     (0,1)
            bottom right (2,1)
    
        Box  3 is at 
            top left     (0,20)
            bottom right (2,20)
    
        Box  4 is at 
            top left     (0,37)
            bottom right (1,40)
    
        Box  5 is at 
            top left     (0,33)
            bottom right (1,36)
    
        Box  6 is at 
            top left     (0,29)
            bottom right (1,32)
    
        Box  7 is at 
            top left     (0,25)
            bottom right (1,28)
    
        Box  8 is at 
            top left     (0,21)
            bottom right (1,24)
    
        Box  9 is at 
            top left     (2,24)
            bottom right (2,24)
    
        Box 10 is at 
            top left     (2,25)
            bottom right (2,25)
    
        Box 11 is at 
            top left     (2,36)
            bottom right (2,40)
    
        Box 12 is at 
            top left     (2,31)
            bottom right (2,35)
    
        Box 13 is at 
            top left     (2,26)
            bottom right (2,30)
    
        Roll length used: 41

    [1;34mTry max length:[0m 40
    [1;34m    At iteration:[0m 6
        lingeling found a solution in .504 ms

       | W
     L |  0  1  2 
    -------------
     0 |  2  2  2 
     1 |  1  1  1 
     2 |  .  .  . 
     3 |  .  .  . 
     4 |  .  .  . 
     5 |  .  .  . 
     6 |  .  .  . 
     7 |  .  .  . 
     8 |  .  .  . 
     9 |  .  .  . 
    10 |  .  8  8 
    11 |  .  8  8 
    12 |  .  8  8 
    13 |  .  8  8 
    14 |  4  4  . 
    15 |  4  4  . 
    16 |  4  4  . 
    17 |  4  4  . 
    18 |  .  .  . 
    19 |  .  .  . 
    20 |  .  .  . 
    21 |  .  .  . 
    22 |  3  3  3 
    23 |  .  7  7 
    24 |  .  7  7 
    25 |  .  7  7 
    26 |  .  7  7 
    27 |  .  6  6 
    28 |  .  6  6 
    29 |  .  6  6 
    30 |  .  6  6 
    31 |  .  5  5 
    32 |  .  5  5 
    33 | 10  5  5 
    34 |  9  5  5 
    35 | 13 12 11 
    36 | 13 12 11 
    37 | 13 12 11 
    38 | 13 12 11 
    39 | 13 12 11 
    
    Boxes' corners:       (w,l)
        Box  1 is at 
            top left     (0,1)
            bottom right (2,1)
    
        Box  2 is at 
            top left     (0,0)
            bottom right (2,0)
    
        Box  3 is at 
            top left     (0,22)
            bottom right (2,22)
    
        Box  4 is at 
            top left     (0,14)
            bottom right (1,17)
    
        Box  5 is at 
            top left     (1,31)
            bottom right (2,34)
    
        Box  6 is at 
            top left     (1,27)
            bottom right (2,30)
    
        Box  7 is at 
            top left     (1,23)
            bottom right (2,26)
    
        Box  8 is at 
            top left     (1,10)
            bottom right (2,13)
    
        Box  9 is at 
            top left     (0,34)
            bottom right (0,34)
    
        Box 10 is at 
            top left     (0,33)
            bottom right (0,33)
    
        Box 11 is at 
            top left     (2,35)
            bottom right (2,39)
    
        Box 12 is at 
            top left     (1,35)
            bottom right (1,39)
    
        Box 13 is at 
            top left     (0,35)
            bottom right (0,39)
    
        Roll length used: 40

    [1;34mTry max length:[0m 39
    [1;34m    At iteration:[0m 7
        lingeling found a solution in .462 ms

       | W
     L |  0  1  2 
    -------------
     0 |  2  2  2 
     1 |  1  1  1 
     2 |  .  .  . 
     3 |  .  .  . 
     4 |  .  .  . 
     5 |  .  4  4 
     6 |  .  4  4 
     7 |  .  4  4 
     8 |  .  4  4 
     9 |  .  .  . 
    10 |  .  .  . 
    11 |  .  .  . 
    12 |  .  .  . 
    13 |  .  .  . 
    14 |  .  .  . 
    15 |  .  .  . 
    16 |  .  .  . 
    17 |  .  8  8 
    18 |  .  8  8 
    19 |  .  8  8 
    20 |  .  8  8 
    21 |  .  7  7 
    22 |  .  7  7 
    23 |  .  7  7 
    24 |  .  7  7 
    25 |  .  5  5 
    26 |  .  5  5 
    27 |  .  5  5 
    28 |  .  5  5 
    29 |  3  3  3 
    30 |  .  6  6 
    31 |  .  6  6 
    32 | 10  6  6 
    33 |  9  6  6 
    34 | 13 12 11 
    35 | 13 12 11 
    36 | 13 12 11 
    37 | 13 12 11 
    38 | 13 12 11 
    
    Boxes' corners:       (w,l)
        Box  1 is at 
            top left     (0,1)
            bottom right (2,1)
    
        Box  2 is at 
            top left     (0,0)
            bottom right (2,0)
    
        Box  3 is at 
            top left     (0,29)
            bottom right (2,29)
    
        Box  4 is at 
            top left     (1,5)
            bottom right (2,8)
    
        Box  5 is at 
            top left     (1,25)
            bottom right (2,28)
    
        Box  6 is at 
            top left     (1,30)
            bottom right (2,33)
    
        Box  7 is at 
            top left     (1,21)
            bottom right (2,24)
    
        Box  8 is at 
            top left     (1,17)
            bottom right (2,20)
    
        Box  9 is at 
            top left     (0,33)
            bottom right (0,33)
    
        Box 10 is at 
            top left     (0,32)
            bottom right (0,32)
    
        Box 11 is at 
            top left     (2,34)
            bottom right (2,38)
    
        Box 12 is at 
            top left     (1,34)
            bottom right (1,38)
    
        Box 13 is at 
            top left     (0,34)
            bottom right (0,38)
    
        Roll length used: 39

    [1;34mTry max length:[0m 38
    [1;34m    At iteration:[0m 8
        lingeling found a solution in .443 ms

       | W
     L | 0 1  2 
    -----------
     0 | 1 1  1 
     1 | 2 2  2 
     2 | . .  . 
     3 | . .  . 
     4 | . .  . 
     5 | . .  . 
     6 | . .  . 
     7 | . .  . 
     8 | . .  . 
     9 | . .  . 
    10 | . .  . 
    11 | . .  . 
    12 | . .  . 
    13 | . .  . 
    14 | . .  . 
    15 | . .  . 
    16 | . .  9 
    17 | 3 3  3 
    18 | 8 8  . 
    19 | 8 8  . 
    20 | 8 8  . 
    21 | 8 8  . 
    22 | 7 7 10 
    23 | 7 7 13 
    24 | 7 7 13 
    25 | 7 7 13 
    26 | 6 6 13 
    27 | 6 6 13 
    28 | 6 6 12 
    29 | 6 6 12 
    30 | 5 5 12 
    31 | 5 5 12 
    32 | 5 5 12 
    33 | 5 5 11 
    34 | 4 4 11 
    35 | 4 4 11 
    36 | 4 4 11 
    37 | 4 4 11 
    
    Boxes' corners:       (w,l)
        Box  1 is at 
            top left     (0,0)
            bottom right (2,0)
    
        Box  2 is at 
            top left     (0,1)
            bottom right (2,1)
    
        Box  3 is at 
            top left     (0,17)
            bottom right (2,17)
    
        Box  4 is at 
            top left     (0,34)
            bottom right (1,37)
    
        Box  5 is at 
            top left     (0,30)
            bottom right (1,33)
    
        Box  6 is at 
            top left     (0,26)
            bottom right (1,29)
    
        Box  7 is at 
            top left     (0,22)
            bottom right (1,25)
    
        Box  8 is at 
            top left     (0,18)
            bottom right (1,21)
    
        Box  9 is at 
            top left     (2,16)
            bottom right (2,16)
    
        Box 10 is at 
            top left     (2,22)
            bottom right (2,22)
    
        Box 11 is at 
            top left     (2,33)
            bottom right (2,37)
    
        Box 12 is at 
            top left     (2,28)
            bottom right (2,32)
    
        Box 13 is at 
            top left     (2,23)
            bottom right (2,27)
    
        Roll length used: 38

    [1;34mTry max length:[0m 37
    [1;34m    At iteration:[0m 9
        lingeling found a solution in .429 ms

       | W
     L |  0 1  2 
    ------------
     0 |  1 1  1 
     1 |  2 2  2 
     2 |  . .  . 
     3 |  . .  . 
     4 |  . .  . 
     5 |  . .  . 
     6 |  . .  . 
     7 |  . .  . 
     8 |  . .  . 
     9 |  . .  . 
    10 |  . .  . 
    11 |  . .  . 
    12 |  . .  . 
    13 |  . .  . 
    14 |  . .  . 
    15 |  . .  . 
    16 |  3 3  3 
    17 | 10 8  8 
    18 |  . 8  8 
    19 |  . 8  8 
    20 |  . 8  8 
    21 |  7 7  9 
    22 |  7 7 13 
    23 |  7 7 13 
    24 |  7 7 13 
    25 |  6 6 13 
    26 |  6 6 13 
    27 |  6 6 12 
    28 |  6 6 12 
    29 |  5 5 12 
    30 |  5 5 12 
    31 |  5 5 12 
    32 |  5 5 11 
    33 |  4 4 11 
    34 |  4 4 11 
    35 |  4 4 11 
    36 |  4 4 11 
    
    Boxes' corners:       (w,l)
        Box  1 is at 
            top left     (0,0)
            bottom right (2,0)
    
        Box  2 is at 
            top left     (0,1)
            bottom right (2,1)
    
        Box  3 is at 
            top left     (0,16)
            bottom right (2,16)
    
        Box  4 is at 
            top left     (0,33)
            bottom right (1,36)
    
        Box  5 is at 
            top left     (0,29)
            bottom right (1,32)
    
        Box  6 is at 
            top left     (0,25)
            bottom right (1,28)
    
        Box  7 is at 
            top left     (0,21)
            bottom right (1,24)
    
        Box  8 is at 
            top left     (1,17)
            bottom right (2,20)
    
        Box  9 is at 
            top left     (2,21)
            bottom right (2,21)
    
        Box 10 is at 
            top left     (0,17)
            bottom right (0,17)
    
        Box 11 is at 
            top left     (2,32)
            bottom right (2,36)
    
        Box 12 is at 
            top left     (2,27)
            bottom right (2,31)
    
        Box 13 is at 
            top left     (2,22)
            bottom right (2,26)
    
        Roll length used: 37

    [1;34mTry max length:[0m 36
    [1;34m    At iteration:[0m 10
        lingeling found a solution in .409 ms

       | W
     L |  0 1  2 
    ------------
     0 |  2 2  2 
     1 |  1 1  1 
     2 |  . .  . 
     3 |  . .  . 
     4 |  . .  . 
     5 |  . .  . 
     6 |  . .  . 
     7 |  . .  . 
     8 |  . 8  8 
     9 |  . 8  8 
    10 |  . 8  8 
    11 |  . 8  8 
    12 |  7 7 11 
    13 |  7 7 11 
    14 |  7 7 11 
    15 |  7 7 11 
    16 | 12 . 11 
    17 | 12 .  . 
    18 | 12 4  4 
    19 | 12 4  4 
    20 | 12 4  4 
    21 |  . 4  4 
    22 |  3 3  3 
    23 |  . 6  6 
    24 |  . 6  6 
    25 |  . 6  6 
    26 |  . 6  6 
    27 |  . 5  5 
    28 |  . 5  5 
    29 |  . 5  5 
    30 |  . 5  5 
    31 |  . . 13 
    32 |  . . 13 
    33 |  . . 13 
    34 |  . . 13 
    35 | 10 9 13 
    
    Boxes' corners:       (w,l)
        Box  1 is at 
            top left     (0,1)
            bottom right (2,1)
    
        Box  2 is at 
            top left     (0,0)
            bottom right (2,0)
    
        Box  3 is at 
            top left     (0,22)
            bottom right (2,22)
    
        Box  4 is at 
            top left     (1,18)
            bottom right (2,21)
    
        Box  5 is at 
            top left     (1,27)
            bottom right (2,30)
    
        Box  6 is at 
            top left     (1,23)
            bottom right (2,26)
    
        Box  7 is at 
            top left     (0,12)
            bottom right (1,15)
    
        Box  8 is at 
            top left     (1,8)
            bottom right (2,11)
    
        Box  9 is at 
            top left     (1,35)
            bottom right (1,35)
    
        Box 10 is at 
            top left     (0,35)
            bottom right (0,35)
    
        Box 11 is at 
            top left     (2,12)
            bottom right (2,16)
    
        Box 12 is at 
            top left     (0,16)
            bottom right (0,20)
    
        Box 13 is at 
            top left     (2,31)
            bottom right (2,35)
    
        Roll length used: 36

    [1;34mTry max length:[0m 35
    [1;34m    At iteration:[0m 11
        lingeling found a solution in .427 ms

       | W
     L |  0  1  2 
    -------------
     0 |  1  1  1 
     1 |  .  .  . 
     2 |  .  . 11 
     3 |  .  . 11 
     4 |  .  . 11 
     5 |  .  . 11 
     6 |  8  8 11 
     7 |  8  8  . 
     8 |  8  8  . 
     9 |  8  8  . 
    10 |  . 12  . 
    11 |  . 12  . 
    12 |  . 12  . 
    13 |  . 12  . 
    14 |  . 12  . 
    15 |  .  7  7 
    16 | 13  7  7 
    17 | 13  7  7 
    18 | 13  7  7 
    19 | 13  6  6 
    20 | 13  6  6 
    21 |  .  6  6 
    22 |  .  6  6 
    23 |  .  5  5 
    24 |  .  5  5 
    25 |  .  5  5 
    26 |  .  5  5 
    27 |  4  4  . 
    28 |  4  4  . 
    29 |  4  4  . 
    30 |  4  4  . 
    31 |  .  .  . 
    32 |  . 10  9 
    33 |  2  2  2 
    34 |  3  3  3 
    
    Boxes' corners:       (w,l)
        Box  1 is at 
            top left     (0,0)
            bottom right (2,0)
    
        Box  2 is at 
            top left     (0,33)
            bottom right (2,33)
    
        Box  3 is at 
            top left     (0,34)
            bottom right (2,34)
    
        Box  4 is at 
            top left     (0,27)
            bottom right (1,30)
    
        Box  5 is at 
            top left     (1,23)
            bottom right (2,26)
    
        Box  6 is at 
            top left     (1,19)
            bottom right (2,22)
    
        Box  7 is at 
            top left     (1,15)
            bottom right (2,18)
    
        Box  8 is at 
            top left     (0,6)
            bottom right (1,9)
    
        Box  9 is at 
            top left     (2,32)
            bottom right (2,32)
    
        Box 10 is at 
            top left     (1,32)
            bottom right (1,32)
    
        Box 11 is at 
            top left     (2,2)
            bottom right (2,6)
    
        Box 12 is at 
            top left     (1,10)
            bottom right (1,14)
    
        Box 13 is at 
            top left     (0,16)
            bottom right (0,20)
    
        Roll length used: 35

    [1;34mTry max length:[0m 34
    [1;34m    At iteration:[0m 12
        lingeling found a solution in .430 ms

       | W
     L |  0  1  2 
    -------------
     0 |  .  .  . 
     1 |  .  . 11 
     2 |  .  . 11 
     3 |  .  . 11 
     4 |  5  5 11 
     5 |  5  5 11 
     6 |  5  5  . 
     7 |  5  5  . 
     8 |  2  2  2 
     9 |  .  .  . 
    10 | 12  .  . 
    11 | 12  8  8 
    12 | 12  8  8 
    13 | 12  8  8 
    14 | 12  8  8 
    15 |  6  6  . 
    16 |  6  6  . 
    17 |  6  6  . 
    18 |  6  6  . 
    19 |  .  .  . 
    20 |  .  .  . 
    21 |  .  .  . 
    22 |  1  1  1 
    23 |  3  3  3 
    24 |  7  7  . 
    25 |  7  7  . 
    26 |  7  7  . 
    27 |  7  7  . 
    28 |  .  4  4 
    29 | 13  4  4 
    30 | 13  4  4 
    31 | 13  4  4 
    32 | 13  .  . 
    33 | 13 10  9 
    
    Boxes' corners:       (w,l)
        Box  1 is at 
            top left     (0,22)
            bottom right (2,22)
    
        Box  2 is at 
            top left     (0,8)
            bottom right (2,8)
    
        Box  3 is at 
            top left     (0,23)
            bottom right (2,23)
    
        Box  4 is at 
            top left     (1,28)
            bottom right (2,31)
    
        Box  5 is at 
            top left     (0,4)
            bottom right (1,7)
    
        Box  6 is at 
            top left     (0,15)
            bottom right (1,18)
    
        Box  7 is at 
            top left     (0,24)
            bottom right (1,27)
    
        Box  8 is at 
            top left     (1,11)
            bottom right (2,14)
    
        Box  9 is at 
            top left     (2,33)
            bottom right (2,33)
    
        Box 10 is at 
            top left     (1,33)
            bottom right (1,33)
    
        Box 11 is at 
            top left     (2,1)
            bottom right (2,5)
    
        Box 12 is at 
            top left     (0,10)
            bottom right (0,14)
    
        Box 13 is at 
            top left     (0,29)
            bottom right (0,33)
    
        Roll length used: 34

    [1;34mTry max length:[0m 33
    [1;34m    At iteration:[0m 13
        lingeling found a solution in .426 ms

       | W
     L | 0 1  2 
    -----------
     0 | 1 1  1 
     1 | 2 2  2 
     2 | . .  . 
     3 | . .  . 
     4 | . .  . 
     5 | . .  . 
     6 | . .  . 
     7 | . .  . 
     8 | . .  . 
     9 | . .  . 
    10 | . .  . 
    11 | . .  . 
    12 | 3 3  3 
    13 | 8 8  . 
    14 | 8 8  . 
    15 | 8 8  . 
    16 | 8 8  9 
    17 | 7 7 10 
    18 | 7 7 13 
    19 | 7 7 13 
    20 | 7 7 13 
    21 | 6 6 13 
    22 | 6 6 13 
    23 | 6 6 12 
    24 | 6 6 12 
    25 | 5 5 12 
    26 | 5 5 12 
    27 | 5 5 12 
    28 | 5 5 11 
    29 | 4 4 11 
    30 | 4 4 11 
    31 | 4 4 11 
    32 | 4 4 11 
    
    Boxes' corners:       (w,l)
        Box  1 is at 
            top left     (0,0)
            bottom right (2,0)
    
        Box  2 is at 
            top left     (0,1)
            bottom right (2,1)
    
        Box  3 is at 
            top left     (0,12)
            bottom right (2,12)
    
        Box  4 is at 
            top left     (0,29)
            bottom right (1,32)
    
        Box  5 is at 
            top left     (0,25)
            bottom right (1,28)
    
        Box  6 is at 
            top left     (0,21)
            bottom right (1,24)
    
        Box  7 is at 
            top left     (0,17)
            bottom right (1,20)
    
        Box  8 is at 
            top left     (0,13)
            bottom right (1,16)
    
        Box  9 is at 
            top left     (2,16)
            bottom right (2,16)
    
        Box 10 is at 
            top left     (2,17)
            bottom right (2,17)
    
        Box 11 is at 
            top left     (2,28)
            bottom right (2,32)
    
        Box 12 is at 
            top left     (2,23)
            bottom right (2,27)
    
        Box 13 is at 
            top left     (2,18)
            bottom right (2,22)
    
        Roll length used: 33

    [1;34mTry max length:[0m 32
    [1;34m    At iteration:[0m 14
        lingeling found a solution in .355 ms

       | W
     L | 0 1  2 
    -----------
     0 | 1 1  1 
     1 | 2 2  2 
     2 | . .  . 
     3 | . .  . 
     4 | . .  . 
     5 | . .  . 
     6 | . .  . 
     7 | . .  . 
     8 | . .  . 
     9 | . .  . 
    10 | . .  . 
    11 | 3 3  3 
    12 | 8 8  . 
    13 | 8 8  . 
    14 | 8 8  9 
    15 | 8 8  . 
    16 | 7 7 10 
    17 | 7 7 13 
    18 | 7 7 13 
    19 | 7 7 13 
    20 | 6 6 13 
    21 | 6 6 13 
    22 | 6 6 12 
    23 | 6 6 12 
    24 | 5 5 12 
    25 | 5 5 12 
    26 | 5 5 12 
    27 | 5 5 11 
    28 | 4 4 11 
    29 | 4 4 11 
    30 | 4 4 11 
    31 | 4 4 11 
    
    Boxes' corners:       (w,l)
        Box  1 is at 
            top left     (0,0)
            bottom right (2,0)
    
        Box  2 is at 
            top left     (0,1)
            bottom right (2,1)
    
        Box  3 is at 
            top left     (0,11)
            bottom right (2,11)
    
        Box  4 is at 
            top left     (0,28)
            bottom right (1,31)
    
        Box  5 is at 
            top left     (0,24)
            bottom right (1,27)
    
        Box  6 is at 
            top left     (0,20)
            bottom right (1,23)
    
        Box  7 is at 
            top left     (0,16)
            bottom right (1,19)
    
        Box  8 is at 
            top left     (0,12)
            bottom right (1,15)
    
        Box  9 is at 
            top left     (2,14)
            bottom right (2,14)
    
        Box 10 is at 
            top left     (2,16)
            bottom right (2,16)
    
        Box 11 is at 
            top left     (2,27)
            bottom right (2,31)
    
        Box 12 is at 
            top left     (2,22)
            bottom right (2,26)
    
        Box 13 is at 
            top left     (2,17)
            bottom right (2,21)
    
        Roll length used: 32

    [1;34mTry max length:[0m 31
    [1;34m    At iteration:[0m 15
        lingeling found a solution in .374 ms

       | W
     L | 0 1  2 
    -----------
     0 | 1 1  1 
     1 | 2 2  2 
     2 | . .  . 
     3 | . .  . 
     4 | . .  . 
     5 | . .  . 
     6 | . .  . 
     7 | . .  . 
     8 | . .  . 
     9 | . .  . 
    10 | 3 3  3 
    11 | 8 8  . 
    12 | 8 8 10 
    13 | 8 8  . 
    14 | 8 8  . 
    15 | 7 7  9 
    16 | 7 7 13 
    17 | 7 7 13 
    18 | 7 7 13 
    19 | 6 6 13 
    20 | 6 6 13 
    21 | 6 6 12 
    22 | 6 6 12 
    23 | 5 5 12 
    24 | 5 5 12 
    25 | 5 5 12 
    26 | 5 5 11 
    27 | 4 4 11 
    28 | 4 4 11 
    29 | 4 4 11 
    30 | 4 4 11 
    
    Boxes' corners:       (w,l)
        Box  1 is at 
            top left     (0,0)
            bottom right (2,0)
    
        Box  2 is at 
            top left     (0,1)
            bottom right (2,1)
    
        Box  3 is at 
            top left     (0,10)
            bottom right (2,10)
    
        Box  4 is at 
            top left     (0,27)
            bottom right (1,30)
    
        Box  5 is at 
            top left     (0,23)
            bottom right (1,26)
    
        Box  6 is at 
            top left     (0,19)
            bottom right (1,22)
    
        Box  7 is at 
            top left     (0,15)
            bottom right (1,18)
    
        Box  8 is at 
            top left     (0,11)
            bottom right (1,14)
    
        Box  9 is at 
            top left     (2,15)
            bottom right (2,15)
    
        Box 10 is at 
            top left     (2,12)
            bottom right (2,12)
    
        Box 11 is at 
            top left     (2,26)
            bottom right (2,30)
    
        Box 12 is at 
            top left     (2,21)
            bottom right (2,25)
    
        Box 13 is at 
            top left     (2,16)
            bottom right (2,20)
    
        Roll length used: 31

    [1;34mTry max length:[0m 30
    [1;34m    At iteration:[0m 16
        lingeling found a solution in .389 ms

       | W
     L | 0 1  2 
    -----------
     0 | 1 1  1 
     1 | 2 2  2 
     2 | . .  . 
     3 | . .  . 
     4 | . .  . 
     5 | . .  . 
     6 | . .  . 
     7 | . .  . 
     8 | . .  . 
     9 | 3 3  3 
    10 | 8 8  . 
    11 | 8 8  . 
    12 | 8 8  . 
    13 | 8 8  9 
    14 | 7 7 10 
    15 | 7 7 13 
    16 | 7 7 13 
    17 | 7 7 13 
    18 | 6 6 13 
    19 | 6 6 13 
    20 | 6 6 12 
    21 | 6 6 12 
    22 | 5 5 12 
    23 | 5 5 12 
    24 | 5 5 12 
    25 | 5 5 11 
    26 | 4 4 11 
    27 | 4 4 11 
    28 | 4 4 11 
    29 | 4 4 11 
    
    Boxes' corners:       (w,l)
        Box  1 is at 
            top left     (0,0)
            bottom right (2,0)
    
        Box  2 is at 
            top left     (0,1)
            bottom right (2,1)
    
        Box  3 is at 
            top left     (0,9)
            bottom right (2,9)
    
        Box  4 is at 
            top left     (0,26)
            bottom right (1,29)
    
        Box  5 is at 
            top left     (0,22)
            bottom right (1,25)
    
        Box  6 is at 
            top left     (0,18)
            bottom right (1,21)
    
        Box  7 is at 
            top left     (0,14)
            bottom right (1,17)
    
        Box  8 is at 
            top left     (0,10)
            bottom right (1,13)
    
        Box  9 is at 
            top left     (2,13)
            bottom right (2,13)
    
        Box 10 is at 
            top left     (2,14)
            bottom right (2,14)
    
        Box 11 is at 
            top left     (2,25)
            bottom right (2,29)
    
        Box 12 is at 
            top left     (2,20)
            bottom right (2,24)
    
        Box 13 is at 
            top left     (2,15)
            bottom right (2,19)
    
        Roll length used: 30

    [1;34mTry max length:[0m 29
    [1;34m    At iteration:[0m 17
        lingeling found a solution in .400 ms

       | W
     L | 0 1  2 
    -----------
     0 | 1 1  1 
     1 | 2 2  2 
     2 | . .  . 
     3 | . .  . 
     4 | . .  . 
     5 | . .  . 
     6 | . .  . 
     7 | . .  . 
     8 | 3 3  3 
     9 | 8 8  . 
    10 | 8 8  . 
    11 | 8 8  . 
    12 | 8 8  9 
    13 | 7 7 10 
    14 | 7 7 13 
    15 | 7 7 13 
    16 | 7 7 13 
    17 | 6 6 13 
    18 | 6 6 13 
    19 | 6 6 12 
    20 | 6 6 12 
    21 | 5 5 12 
    22 | 5 5 12 
    23 | 5 5 12 
    24 | 5 5 11 
    25 | 4 4 11 
    26 | 4 4 11 
    27 | 4 4 11 
    28 | 4 4 11 
    
    Boxes' corners:       (w,l)
        Box  1 is at 
            top left     (0,0)
            bottom right (2,0)
    
        Box  2 is at 
            top left     (0,1)
            bottom right (2,1)
    
        Box  3 is at 
            top left     (0,8)
            bottom right (2,8)
    
        Box  4 is at 
            top left     (0,25)
            bottom right (1,28)
    
        Box  5 is at 
            top left     (0,21)
            bottom right (1,24)
    
        Box  6 is at 
            top left     (0,17)
            bottom right (1,20)
    
        Box  7 is at 
            top left     (0,13)
            bottom right (1,16)
    
        Box  8 is at 
            top left     (0,9)
            bottom right (1,12)
    
        Box  9 is at 
            top left     (2,12)
            bottom right (2,12)
    
        Box 10 is at 
            top left     (2,13)
            bottom right (2,13)
    
        Box 11 is at 
            top left     (2,24)
            bottom right (2,28)
    
        Box 12 is at 
            top left     (2,19)
            bottom right (2,23)
    
        Box 13 is at 
            top left     (2,14)
            bottom right (2,18)
    
        Roll length used: 29

    [1;34mTry max length:[0m 28
    [1;34m    At iteration:[0m 18
        lingeling found a solution in .388 ms

       | W
     L |  0 1  2 
    ------------
     0 |  1 1  1 
     1 |  2 2  2 
     2 |  . .  . 
     3 |  . .  . 
     4 |  . .  . 
     5 |  . .  . 
     6 |  . .  . 
     7 |  3 3  3 
     8 |  . 8  8 
     9 |  . 8  8 
    10 |  . 8  8 
    11 | 10 8  8 
    12 |  7 7  9 
    13 |  7 7 13 
    14 |  7 7 13 
    15 |  7 7 13 
    16 |  6 6 13 
    17 |  6 6 13 
    18 |  6 6 12 
    19 |  6 6 12 
    20 |  5 5 12 
    21 |  5 5 12 
    22 |  5 5 12 
    23 |  5 5 11 
    24 |  4 4 11 
    25 |  4 4 11 
    26 |  4 4 11 
    27 |  4 4 11 
    
    Boxes' corners:       (w,l)
        Box  1 is at 
            top left     (0,0)
            bottom right (2,0)
    
        Box  2 is at 
            top left     (0,1)
            bottom right (2,1)
    
        Box  3 is at 
            top left     (0,7)
            bottom right (2,7)
    
        Box  4 is at 
            top left     (0,24)
            bottom right (1,27)
    
        Box  5 is at 
            top left     (0,20)
            bottom right (1,23)
    
        Box  6 is at 
            top left     (0,16)
            bottom right (1,19)
    
        Box  7 is at 
            top left     (0,12)
            bottom right (1,15)
    
        Box  8 is at 
            top left     (1,8)
            bottom right (2,11)
    
        Box  9 is at 
            top left     (2,12)
            bottom right (2,12)
    
        Box 10 is at 
            top left     (0,11)
            bottom right (0,11)
    
        Box 11 is at 
            top left     (2,23)
            bottom right (2,27)
    
        Box 12 is at 
            top left     (2,18)
            bottom right (2,22)
    
        Box 13 is at 
            top left     (2,13)
            bottom right (2,17)
    
        Roll length used: 28

    [1;34mTry max length:[0m 27
    [1;34m    At iteration:[0m 19
        lingeling found a solution in .351 ms

       | W
     L |  0 1  2 
    ------------
     0 |  5 5 10 
     1 |  5 5  3 
     2 |  5 5  3 
     3 |  5 5  3 
     4 |  . .  . 
     5 | 13 .  . 
     6 | 13 .  . 
     7 | 13 . 11 
     8 | 13 . 11 
     9 | 13 9 11 
    10 |  8 8 11 
    11 |  8 8 11 
    12 |  8 8  . 
    13 |  8 8  . 
    14 |  . 7  7 
    15 |  . 7  7 
    16 |  2 7  7 
    17 |  2 7  7 
    18 |  2 6  6 
    19 |  . 6  6 
    20 |  1 6  6 
    21 |  1 6  6 
    22 |  1 . 12 
    23 |  4 4 12 
    24 |  4 4 12 
    25 |  4 4 12 
    26 |  4 4 12 
    
    Boxes' corners:       (w,l)
        Box  1 is at 
            top left     (0,20)
            bottom right (0,22)
    
        Box  2 is at 
            top left     (0,16)
            bottom right (0,18)
    
        Box  3 is at 
            top left     (2,1)
            bottom right (2,3)
    
        Box  4 is at 
            top left     (0,23)
            bottom right (1,26)
    
        Box  5 is at 
            top left     (0,0)
            bottom right (1,3)
    
        Box  6 is at 
            top left     (1,18)
            bottom right (2,21)
    
        Box  7 is at 
            top left     (1,14)
            bottom right (2,17)
    
        Box  8 is at 
            top left     (0,10)
            bottom right (1,13)
    
        Box  9 is at 
            top left     (1,9)
            bottom right (1,9)
    
        Box 10 is at 
            top left     (2,0)
            bottom right (2,0)
    
        Box 11 is at 
            top left     (2,7)
            bottom right (2,11)
    
        Box 12 is at 
            top left     (2,22)
            bottom right (2,26)
    
        Box 13 is at 
            top left     (0,5)
            bottom right (0,9)
    
        Roll length used: 27

    [1;34mTry max length:[0m 26
    [1;34m    At iteration:[0m 20
        lingeling found a solution in .363 ms

       | W
     L |  0 1  2 
    ------------
     0 |  1 1  1 
     1 |  2 2  2 
     2 |  . .  . 
     3 | 10 .  . 
     4 |  . .  . 
     5 |  3 3  3 
     6 |  8 8  . 
     7 |  8 8  . 
     8 |  8 8  . 
     9 |  8 8  . 
    10 |  7 7  9 
    11 |  7 7 13 
    12 |  7 7 13 
    13 |  7 7 13 
    14 |  6 6 13 
    15 |  6 6 13 
    16 |  6 6 12 
    17 |  6 6 12 
    18 |  5 5 12 
    19 |  5 5 12 
    20 |  5 5 12 
    21 |  5 5 11 
    22 |  4 4 11 
    23 |  4 4 11 
    24 |  4 4 11 
    25 |  4 4 11 
    
    Boxes' corners:       (w,l)
        Box  1 is at 
            top left     (0,0)
            bottom right (2,0)
    
        Box  2 is at 
            top left     (0,1)
            bottom right (2,1)
    
        Box  3 is at 
            top left     (0,5)
            bottom right (2,5)
    
        Box  4 is at 
            top left     (0,22)
            bottom right (1,25)
    
        Box  5 is at 
            top left     (0,18)
            bottom right (1,21)
    
        Box  6 is at 
            top left     (0,14)
            bottom right (1,17)
    
        Box  7 is at 
            top left     (0,10)
            bottom right (1,13)
    
        Box  8 is at 
            top left     (0,6)
            bottom right (1,9)
    
        Box  9 is at 
            top left     (2,10)
            bottom right (2,10)
    
        Box 10 is at 
            top left     (0,3)
            bottom right (0,3)
    
        Box 11 is at 
            top left     (2,21)
            bottom right (2,25)
    
        Box 12 is at 
            top left     (2,16)
            bottom right (2,20)
    
        Box 13 is at 
            top left     (2,11)
            bottom right (2,15)
    
        Roll length used: 26

    [1;34mTry max length:[0m 25
    [1;34m    At iteration:[0m 21
        lingeling found a solution in .346 ms

       | W
     L | 0  1  2 
    ------------
     0 | 1  1  1 
     1 | 2  2  2 
     2 | . 10  . 
     3 | .  .  . 
     4 | 3  3  3 
     5 | 8  8  . 
     6 | 8  8 13 
     7 | 8  8 13 
     8 | 8  8 13 
     9 | 7  7 13 
    10 | 7  7 13 
    11 | 7  7 12 
    12 | 7  7 12 
    13 | 6  6 12 
    14 | 6  6 12 
    15 | 6  6 12 
    16 | 6  6 11 
    17 | 5  5 11 
    18 | 5  5 11 
    19 | 5  5 11 
    20 | 5  5 11 
    21 | .  4  4 
    22 | .  4  4 
    23 | 9  4  4 
    24 | .  4  4 
    
    Boxes' corners:       (w,l)
        Box  1 is at 
            top left     (0,0)
            bottom right (2,0)
    
        Box  2 is at 
            top left     (0,1)
            bottom right (2,1)
    
        Box  3 is at 
            top left     (0,4)
            bottom right (2,4)
    
        Box  4 is at 
            top left     (1,21)
            bottom right (2,24)
    
        Box  5 is at 
            top left     (0,17)
            bottom right (1,20)
    
        Box  6 is at 
            top left     (0,13)
            bottom right (1,16)
    
        Box  7 is at 
            top left     (0,9)
            bottom right (1,12)
    
        Box  8 is at 
            top left     (0,5)
            bottom right (1,8)
    
        Box  9 is at 
            top left     (0,23)
            bottom right (0,23)
    
        Box 10 is at 
            top left     (1,2)
            bottom right (1,2)
    
        Box 11 is at 
            top left     (2,16)
            bottom right (2,20)
    
        Box 12 is at 
            top left     (2,11)
            bottom right (2,15)
    
        Box 13 is at 
            top left     (2,6)
            bottom right (2,10)
    
        Roll length used: 25

    [1;34mTry max length:[0m 24
    [1;34m    At iteration:[0m 22
        lingeling found a solution in .353 ms

       | W
     L |  0  1 2 
    ------------
     0 |  3  3 3 
     1 | 11 10 . 
     2 | 11  . . 
     3 | 11  6 6 
     4 | 11  6 6 
     5 | 11  6 6 
     6 |  1  6 6 
     7 |  1  7 7 
     8 |  1  7 7 
     9 | 13  7 7 
    10 | 13  7 7 
    11 | 13  . 9 
    12 | 13  5 5 
    13 | 13  5 5 
    14 | 12  5 5 
    15 | 12  5 5 
    16 | 12  8 8 
    17 | 12  8 8 
    18 | 12  8 8 
    19 |  .  8 8 
    20 |  4  4 . 
    21 |  4  4 2 
    22 |  4  4 2 
    23 |  4  4 2 
    
    Boxes' corners:       (w,l)
        Box  1 is at 
            top left     (0,6)
            bottom right (0,8)
    
        Box  2 is at 
            top left     (2,21)
            bottom right (2,23)
    
        Box  3 is at 
            top left     (0,0)
            bottom right (2,0)
    
        Box  4 is at 
            top left     (0,20)
            bottom right (1,23)
    
        Box  5 is at 
            top left     (1,12)
            bottom right (2,15)
    
        Box  6 is at 
            top left     (1,3)
            bottom right (2,6)
    
        Box  7 is at 
            top left     (1,7)
            bottom right (2,10)
    
        Box  8 is at 
            top left     (1,16)
            bottom right (2,19)
    
        Box  9 is at 
            top left     (2,11)
            bottom right (2,11)
    
        Box 10 is at 
            top left     (1,1)
            bottom right (1,1)
    
        Box 11 is at 
            top left     (0,1)
            bottom right (0,5)
    
        Box 12 is at 
            top left     (0,14)
            bottom right (0,18)
    
        Box 13 is at 
            top left     (0,9)
            bottom right (0,13)
    
        Roll length used: 24

    [1;34mTry max length:[0m 23
    [1;34m    At iteration:[0m 23
        lingeling found a solution in .363 ms

       | W
     L |  0  1  2 
    -------------
     0 |  3  6  6 
     1 |  3  6  6 
     2 |  3  6  6 
     3 |  .  6  6 
     4 |  4  4 13 
     5 |  4  4 13 
     6 |  4  4 13 
     7 |  4  4 13 
     8 | 12  9 13 
     9 | 12  8  8 
    10 | 12  8  8 
    11 | 12  8  8 
    12 | 12  8  8 
    13 |  7  7 11 
    14 |  7  7 11 
    15 |  7  7 11 
    16 |  7  7 11 
    17 |  . 10 11 
    18 |  .  5  5 
    19 |  1  5  5 
    20 |  1  5  5 
    21 |  1  5  5 
    22 |  2  2  2 
    
    Boxes' corners:       (w,l)
        Box  1 is at 
            top left     (0,19)
            bottom right (0,21)
    
        Box  2 is at 
            top left     (0,22)
            bottom right (2,22)
    
        Box  3 is at 
            top left     (0,0)
            bottom right (0,2)
    
        Box  4 is at 
            top left     (0,4)
            bottom right (1,7)
    
        Box  5 is at 
            top left     (1,18)
            bottom right (2,21)
    
        Box  6 is at 
            top left     (1,0)
            bottom right (2,3)
    
        Box  7 is at 
            top left     (0,13)
            bottom right (1,16)
    
        Box  8 is at 
            top left     (1,9)
            bottom right (2,12)
    
        Box  9 is at 
            top left     (1,8)
            bottom right (1,8)
    
        Box 10 is at 
            top left     (1,17)
            bottom right (1,17)
    
        Box 11 is at 
            top left     (2,13)
            bottom right (2,17)
    
        Box 12 is at 
            top left     (0,8)
            bottom right (0,12)
    
        Box 13 is at 
            top left     (2,4)
            bottom right (2,8)
    
        Roll length used: 23

    [1;34mTry max length:[0m 22
    [1;34m    At iteration:[0m 24
        lingeling found a solution in 1.474 ms

       | W
     L |  0  1  2 
    -------------
     0 |  4  4 12 
     1 |  4  4 12 
     2 |  4  4 12 
     3 |  4  4 12 
     4 | 11 10 12 
     5 | 11  8  8 
     6 | 11  8  8 
     7 | 11  8  8 
     8 | 11  8  8 
     9 |  6  6  1 
    10 |  6  6  1 
    11 |  6  6  1 
    12 |  6  6 13 
    13 |  7  7 13 
    14 |  7  7 13 
    15 |  7  7 13 
    16 |  7  7 13 
    17 |  9  5  5 
    18 |  2  5  5 
    19 |  2  5  5 
    20 |  2  5  5 
    21 |  3  3  3 
    
    Boxes' corners:       (w,l)
        Box  1 is at 
            top left     (2,9)
            bottom right (2,11)
    
        Box  2 is at 
            top left     (0,18)
            bottom right (0,20)
    
        Box  3 is at 
            top left     (0,21)
            bottom right (2,21)
    
        Box  4 is at 
            top left     (0,0)
            bottom right (1,3)
    
        Box  5 is at 
            top left     (1,17)
            bottom right (2,20)
    
        Box  6 is at 
            top left     (0,9)
            bottom right (1,12)
    
        Box  7 is at 
            top left     (0,13)
            bottom right (1,16)
    
        Box  8 is at 
            top left     (1,5)
            bottom right (2,8)
    
        Box  9 is at 
            top left     (0,17)
            bottom right (0,17)
    
        Box 10 is at 
            top left     (1,4)
            bottom right (1,4)
    
        Box 11 is at 
            top left     (0,4)
            bottom right (0,8)
    
        Box 12 is at 
            top left     (2,0)
            bottom right (2,4)
    
        Box 13 is at 
            top left     (2,12)
            bottom right (2,16)
    
        Roll length used: 22

    [1;34mTry max length:[0m 21
    [1;34m    At iteration:[0m 25
        [3;31mlingeling was timeout-terminated[0m
        [1;31mScript reached time limit[0m
