dg jun 3 19:42:29 CEST 2018
    [1;34mTry max length:[0m 999999
    [1;34m    At iteration:[0m 0
        lingeling found a solution in 6.087 ms

       | W
     L |  0 1  2  3  4  5  6  7 8  9 
    ---------------------------------
     0 |  . 6  6  6  6  6  6  . .  . 
     1 |  . 6  6  6  6  6  6  . .  . 
     2 |  . 6  6  6  6  6  6  . .  . 
     3 |  . .  .  .  .  .  .  . .  . 
     4 |  . .  .  .  .  .  .  . .  . 
     5 |  . .  .  .  .  .  .  . .  . 
     6 |  . .  .  .  .  .  .  . .  . 
     7 |  . .  .  .  .  .  .  . .  . 
     8 |  . .  .  .  .  .  .  . .  . 
     9 |  . .  .  .  .  .  .  . .  . 
    10 |  . .  .  .  .  .  .  . .  . 
    11 |  . .  .  .  .  .  .  . .  . 
    12 |  . .  .  .  .  .  .  . .  . 
    13 |  . .  .  .  .  .  .  . .  . 
    14 |  . .  .  .  .  .  .  . .  . 
    15 |  . .  .  .  .  .  .  . .  . 
    16 |  . .  .  .  .  .  .  . .  . 
    17 |  . .  .  .  .  .  .  . .  . 
    18 |  . .  .  .  .  .  .  . .  . 
    19 |  . .  .  .  .  .  .  . .  . 
    20 |  . .  .  .  .  .  .  . .  . 
    21 |  . .  .  .  .  .  .  . .  . 
    22 |  . .  .  .  .  .  .  . .  . 
    23 |  . .  .  .  .  .  .  . .  . 
    24 |  . .  .  .  .  .  .  . .  . 
    25 |  . .  .  .  .  .  .  . .  . 
    26 |  . .  .  .  .  .  .  . .  . 
    27 |  5 5  5  .  .  .  .  . .  . 
    28 |  5 5  5  .  .  .  .  . .  . 
    29 |  7 7  7  7  7  7  .  . .  . 
    30 |  7 7  7  7  7  7  .  . .  . 
    31 |  7 7  7  7  7  7  .  . .  . 
    32 |  . .  .  .  .  .  .  . .  . 
    33 |  4 4  4  .  .  .  .  . .  . 
    34 |  4 4  4  .  .  .  .  . .  . 
    35 |  3 3  3  .  .  .  .  . .  . 
    36 |  3 3  3  .  .  .  .  . .  . 
    37 |  2 2  2  .  .  .  .  . .  . 
    38 |  2 2  2  .  .  .  .  . .  . 
    39 |  . 8  8  8  8  8  8  . .  . 
    40 |  . 8  8  8  8  8  8  . .  . 
    41 |  . 8  8  8  8  8  8  . .  . 
    42 |  9 9  9  9  9  9  .  . .  . 
    43 |  9 9  9  9  9  9  .  . . 13 
    44 |  9 9  9  9  9  9  .  . . 13 
    45 |  . .  .  .  .  .  .  . . 12 
    46 |  1 1  1  .  .  .  .  . . 12 
    47 |  1 1  1  .  .  .  .  . .  . 
    48 |  . . 10 10 10 10 10 10 .  . 
    49 | 11 . 10 10 10 10 10 10 .  . 
    50 | 11 . 10 10 10 10 10 10 .  . 
    
    Boxes' corners:       (w,l)
        Box  1 is at 
            top left     (0,46)
            bottom right (2,47)
    
        Box  2 is at 
            top left     (0,37)
            bottom right (2,38)
    
        Box  3 is at 
            top left     (0,35)
            bottom right (2,36)
    
        Box  4 is at 
            top left     (0,33)
            bottom right (2,34)
    
        Box  5 is at 
            top left     (0,27)
            bottom right (2,28)
    
        Box  6 is at 
            top left     (1,0)
            bottom right (6,2)
    
        Box  7 is at 
            top left     (0,29)
            bottom right (5,31)
    
        Box  8 is at 
            top left     (1,39)
            bottom right (6,41)
    
        Box  9 is at 
            top left     (0,42)
            bottom right (5,44)
    
        Box 10 is at 
            top left     (2,48)
            bottom right (7,50)
    
        Box 11 is at 
            top left     (0,49)
            bottom right (0,50)
    
        Box 12 is at 
            top left     (9,45)
            bottom right (9,46)
    
        Box 13 is at 
            top left     (9,43)
            bottom right (9,44)
    
        Roll length used: 51

    [1;34mTry max length:[0m 50
    [1;34m    At iteration:[0m 1
        lingeling found a solution in 5.893 ms

       | W
     L |  0  1  2  3  4  5 6 7  8 9 
    --------------------------------
     0 |  .  .  9  9  9  9 9 9  . . 
     1 |  .  .  9  9  9  9 9 9  . . 
     2 |  .  .  9  9  9  9 9 9  . . 
     3 |  .  .  .  .  .  . . .  . . 
     4 |  .  .  .  .  .  . . 3  3 3 
     5 |  .  .  .  .  .  . . 3  3 3 
     6 |  8  8  8  8  8  8 . .  . . 
     7 |  8  8  8  8  8  8 . .  . . 
     8 |  8  8  8  8  8  8 . .  . . 
     9 |  .  .  .  .  .  . . .  . . 
    10 |  .  .  .  .  .  . . .  . . 
    11 |  .  .  .  .  .  . . .  . . 
    12 |  .  .  .  .  .  . . .  . . 
    13 |  .  .  .  .  .  . . .  . . 
    14 |  .  .  .  .  .  . . .  . . 
    15 |  .  .  .  .  .  . . .  . . 
    16 |  .  .  .  .  .  . . 6  6 6 
    17 |  .  .  .  .  .  . . 6  6 6 
    18 |  .  .  .  .  .  . . 6  6 6 
    19 |  .  .  .  .  .  . . 6  6 6 
    20 |  .  .  .  .  .  . . 6  6 6 
    21 |  .  .  .  .  .  . . 6  6 6 
    22 |  .  .  .  .  .  . . .  . . 
    23 |  .  .  .  .  .  . . 4  4 4 
    24 |  .  .  .  .  .  . . 4  4 4 
    25 |  .  .  .  .  .  . . .  . . 
    26 |  .  .  .  .  .  . . . 11 . 
    27 |  7  7  7  7  7  7 . . 11 . 
    28 |  7  7  7  7  7  7 . .  . . 
    29 |  7  7  7  7  7  7 . .  . . 
    30 |  .  .  .  .  .  . . .  . . 
    31 |  .  .  .  .  .  . . .  . . 
    32 |  .  .  .  .  .  . . .  . . 
    33 |  .  .  .  .  .  . . .  . . 
    34 |  2  2  2  .  .  . . .  . . 
    35 |  2  2  2  .  .  . . .  . . 
    36 |  .  .  .  .  .  . . .  . . 
    37 |  .  .  .  .  .  . . .  . . 
    38 |  .  .  .  .  .  . . .  . . 
    39 |  .  .  .  .  .  . . .  . . 
    40 |  .  .  .  .  .  . . .  . . 
    41 |  .  .  .  .  .  . . .  . . 
    42 |  .  .  .  .  .  . . .  . . 
    43 | 13  .  .  .  .  . . .  . . 
    44 | 13  .  5  5  5  . . .  . . 
    45 | 12  .  5  5  5  . . .  . . 
    46 | 12  .  .  .  .  . . .  . . 
    47 | 10 10 10 10 10 10 . .  . . 
    48 | 10 10 10 10 10 10 1 1  1 . 
    49 | 10 10 10 10 10 10 1 1  1 . 
    
    Boxes' corners:       (w,l)
        Box  1 is at 
            top left     (6,48)
            bottom right (8,49)
    
        Box  2 is at 
            top left     (0,34)
            bottom right (2,35)
    
        Box  3 is at 
            top left     (7,4)
            bottom right (9,5)
    
        Box  4 is at 
            top left     (7,23)
            bottom right (9,24)
    
        Box  5 is at 
            top left     (2,44)
            bottom right (4,45)
    
        Box  6 is at 
            top left     (7,16)
            bottom right (9,21)
    
        Box  7 is at 
            top left     (0,27)
            bottom right (5,29)
    
        Box  8 is at 
            top left     (0,6)
            bottom right (5,8)
    
        Box  9 is at 
            top left     (2,0)
            bottom right (7,2)
    
        Box 10 is at 
            top left     (0,47)
            bottom right (5,49)
    
        Box 11 is at 
            top left     (8,26)
            bottom right (8,27)
    
        Box 12 is at 
            top left     (0,45)
            bottom right (0,46)
    
        Box 13 is at 
            top left     (0,43)
            bottom right (0,44)
    
        Roll length used: 50

    [1;34mTry max length:[0m 49
    [1;34m    At iteration:[0m 2
        lingeling found a solution in 5.405 ms

       | W
     L |  0  1  2  3  4  5  6 7 8  9 
    ---------------------------------
     0 |  . 10 10 10 10 10 10 1 1  1 
     1 |  . 10 10 10 10 10 10 1 1  1 
     2 |  . 10 10 10 10 10 10 . .  . 
     3 |  .  .  .  .  .  .  . . .  . 
     4 |  .  .  .  .  .  .  . . .  . 
     5 |  .  .  .  .  .  .  . . .  . 
     6 |  .  .  .  .  .  .  . . .  . 
     7 |  .  .  .  .  .  .  . . .  . 
     8 |  .  .  .  .  .  .  . . .  . 
     9 |  .  .  .  .  .  .  . . .  . 
    10 |  .  .  .  .  .  .  . . .  . 
    11 |  .  .  .  .  .  .  . . .  . 
    12 |  .  .  .  .  .  .  . . .  . 
    13 |  .  .  .  .  .  .  . . .  . 
    14 |  .  5  5  5  .  .  . . .  . 
    15 |  .  5  5  5  .  .  . . .  . 
    16 |  .  .  .  .  .  .  . . .  . 
    17 |  .  .  .  .  .  .  . . .  . 
    18 |  .  .  .  .  .  .  . . .  . 
    19 |  .  .  .  .  .  .  . . .  . 
    20 |  9  9  9  9  9  9  . . .  . 
    21 |  9  9  9  9  9  9  . . .  . 
    22 |  9  9  9  9  9  9  . . .  . 
    23 |  .  .  .  .  .  .  . . .  . 
    24 |  .  .  .  .  .  .  . . .  . 
    25 |  .  .  .  .  .  .  . . .  . 
    26 |  .  .  8  8  8  8  8 8 .  . 
    27 |  .  .  8  8  8  8  8 8 .  . 
    28 |  .  .  8  8  8  8  8 8 .  . 
    29 |  .  .  .  .  .  .  . . .  . 
    30 |  .  .  .  .  .  .  . . .  . 
    31 |  .  .  .  .  .  .  . . .  . 
    32 |  6  6  6  6  6  6  . . .  . 
    33 |  6  6  6  6  6  6  . . .  . 
    34 |  6  6  6  6  6  6  . . .  . 
    35 |  .  .  .  .  .  .  . . .  . 
    36 |  .  .  .  .  .  .  . . .  . 
    37 |  .  3  3  3  .  .  . . .  . 
    38 |  .  3  3  3  .  .  . . .  . 
    39 |  .  .  .  .  .  .  . . .  . 
    40 |  .  .  .  .  .  .  . . .  . 
    41 |  .  .  .  .  .  .  . . .  . 
    42 |  .  .  .  .  .  .  . . .  . 
    43 | 13  .  .  .  .  .  . . .  . 
    44 | 13  4  4  4  .  .  . . . 12 
    45 | 11  4  4  4  .  .  . . . 12 
    46 | 11  .  .  .  7  7  7 7 7  7 
    47 |  .  2  2  2  7  7  7 7 7  7 
    48 |  .  2  2  2  7  7  7 7 7  7 
    
    Boxes' corners:       (w,l)
        Box  1 is at 
            top left     (7,0)
            bottom right (9,1)
    
        Box  2 is at 
            top left     (1,47)
            bottom right (3,48)
    
        Box  3 is at 
            top left     (1,37)
            bottom right (3,38)
    
        Box  4 is at 
            top left     (1,44)
            bottom right (3,45)
    
        Box  5 is at 
            top left     (1,14)
            bottom right (3,15)
    
        Box  6 is at 
            top left     (0,32)
            bottom right (5,34)
    
        Box  7 is at 
            top left     (4,46)
            bottom right (9,48)
    
        Box  8 is at 
            top left     (2,26)
            bottom right (7,28)
    
        Box  9 is at 
            top left     (0,20)
            bottom right (5,22)
    
        Box 10 is at 
            top left     (1,0)
            bottom right (6,2)
    
        Box 11 is at 
            top left     (0,45)
            bottom right (0,46)
    
        Box 12 is at 
            top left     (9,44)
            bottom right (9,45)
    
        Box 13 is at 
            top left     (0,43)
            bottom right (0,44)
    
        Roll length used: 49

    [1;34mTry max length:[0m 48
    [1;34m    At iteration:[0m 3
        lingeling found a solution in 5.144 ms

       | W
     L | 0  1  2  3  4  5  6 7 8  9 
    --------------------------------
     0 | . 10 10 10 10 10 10 1 1  1 
     1 | . 10 10 10 10 10 10 1 1  1 
     2 | . 10 10 10 10 10 10 . .  . 
     3 | .  .  .  9  9  9  9 9 9  . 
     4 | .  .  .  9  9  9  9 9 9  . 
     5 | .  .  .  9  9  9  9 9 9  . 
     6 | .  .  .  .  .  .  . . .  . 
     7 | .  .  .  .  .  .  . . .  . 
     8 | .  .  .  .  .  .  . . .  . 
     9 | .  .  .  .  .  .  . . .  . 
    10 | .  .  .  .  .  .  . 6 6  6 
    11 | .  .  .  .  .  .  . 6 6  6 
    12 | .  .  .  .  .  .  . 6 6  6 
    13 | .  .  .  .  .  .  . 6 6  6 
    14 | .  .  .  .  .  .  . 6 6  6 
    15 | .  .  .  .  .  .  . 6 6  6 
    16 | .  .  .  .  .  .  . . .  . 
    17 | .  .  .  .  .  .  . . .  . 
    18 | .  .  .  .  .  .  . . .  . 
    19 | .  .  .  .  .  .  . . .  . 
    20 | .  .  .  .  .  .  . . .  . 
    21 | .  .  .  .  .  .  . . .  . 
    22 | .  .  .  .  .  .  . . .  . 
    23 | .  .  .  .  .  .  . . .  . 
    24 | .  .  .  .  .  .  . . .  . 
    25 | .  .  .  .  .  .  . . .  . 
    26 | .  .  .  .  .  .  . . . 12 
    27 | .  .  .  8  8  8  8 8 8 12 
    28 | .  .  .  8  8  8  8 8 8  . 
    29 | .  .  .  8  8  8  8 8 8  . 
    30 | .  .  .  .  .  .  . . .  . 
    31 | .  .  .  .  .  .  . . .  . 
    32 | .  .  .  .  7  7  7 7 7  7 
    33 | .  .  .  .  7  7  7 7 7  7 
    34 | .  .  .  .  7  7  7 7 7  7 
    35 | .  .  .  5  5  5  . . .  . 
    36 | .  .  .  5  5  5  . . .  . 
    37 | .  .  .  .  .  .  . . .  . 
    38 | .  .  .  .  .  .  . . .  . 
    39 | .  .  .  .  .  .  . . .  . 
    40 | .  .  .  .  .  .  . . .  . 
    41 | .  .  .  .  .  .  . . . 13 
    42 | .  .  .  .  .  .  . . . 13 
    43 | .  .  .  .  .  .  . 4 4  . 
    44 | 3  3  .  .  .  .  . 4 4  . 
    45 | 3  3  .  .  .  .  . 4 4  . 
    46 | 3  3  .  .  .  .  2 2 2  . 
    47 | .  .  . 11 11  .  2 2 2  . 
    
    Boxes' corners:       (w,l)
        Box  1 is at 
            top left     (7,0)
            bottom right (9,1)
    
        Box  2 is at 
            top left     (6,46)
            bottom right (8,47)
    
        Box  3 is at 
            top left     (0,44)
            bottom right (1,46)
    
        Box  4 is at 
            top left     (7,43)
            bottom right (8,45)
    
        Box  5 is at 
            top left     (3,35)
            bottom right (5,36)
    
        Box  6 is at 
            top left     (7,10)
            bottom right (9,15)
    
        Box  7 is at 
            top left     (4,32)
            bottom right (9,34)
    
        Box  8 is at 
            top left     (3,27)
            bottom right (8,29)
    
        Box  9 is at 
            top left     (3,3)
            bottom right (8,5)
    
        Box 10 is at 
            top left     (1,0)
            bottom right (6,2)
    
        Box 11 is at 
            top left     (3,47)
            bottom right (4,47)
    
        Box 12 is at 
            top left     (9,26)
            bottom right (9,27)
    
        Box 13 is at 
            top left     (9,41)
            bottom right (9,42)
    
        Roll length used: 48

    [1;34mTry max length:[0m 47
    [1;34m    At iteration:[0m 4
        lingeling found a solution in 4.687 ms

       | W
     L |  0  1  2  3  4  5 6 7 8  9 
    --------------------------------
     0 |  .  .  7  7  7  7 7 7 .  . 
     1 |  .  .  7  7  7  7 7 7 .  . 
     2 |  .  .  7  7  7  7 7 7 .  . 
     3 |  .  .  .  .  .  . . . .  . 
     4 |  .  .  .  .  .  . . . .  . 
     5 |  .  .  .  .  .  . . . .  . 
     6 |  .  .  .  .  .  . . . .  . 
     7 |  .  .  .  .  .  . . . .  . 
     8 |  .  .  .  .  .  . . . .  . 
     9 |  .  .  .  .  .  . . . .  . 
    10 |  .  .  .  .  .  . . . .  . 
    11 |  .  .  .  .  .  . . . .  . 
    12 |  .  .  .  .  .  . . . .  . 
    13 |  .  .  .  .  .  . . . .  . 
    14 |  .  .  .  .  .  . . . .  . 
    15 |  .  .  .  .  .  . . . .  . 
    16 |  .  .  .  .  .  . . . .  . 
    17 |  .  .  .  .  .  . . . .  . 
    18 |  .  .  .  .  .  . . . .  . 
    19 |  .  .  .  .  .  . . . .  . 
    20 |  .  .  .  .  .  . . . .  . 
    21 |  .  .  .  .  .  . . . .  . 
    22 |  .  .  .  .  .  . . . .  . 
    23 |  .  4  4  4  .  . . . .  . 
    24 |  .  4  4  4  .  . . . .  . 
    25 |  .  .  .  .  .  . . . .  . 
    26 |  .  .  .  6  6  6 . . .  . 
    27 |  .  .  .  6  6  6 . . .  . 
    28 |  .  .  .  6  6  6 . . .  . 
    29 |  .  .  .  6  6  6 . . .  . 
    30 |  .  .  .  6  6  6 . . .  . 
    31 |  .  .  .  6  6  6 . . .  . 
    32 |  .  .  .  8  8  8 8 8 8  . 
    33 |  .  .  .  8  8  8 8 8 8  . 
    34 |  .  .  .  8  8  8 8 8 8  . 
    35 | 10 10 10 10 10 10 . . .  . 
    36 | 10 10 10 10 10 10 . . . 13 
    37 | 10 10 10 10 10 10 . . . 13 
    38 |  .  .  .  .  .  . . . . 12 
    39 |  1  1  .  .  .  . . . . 12 
    40 |  1  1  .  .  .  . . 3 3  3 
    41 |  1  1  .  .  .  . . 3 3  3 
    42 |  2  2  2  .  .  . 5 5 .  . 
    43 |  2  2  2  .  .  . 5 5 .  . 
    44 |  9  9  9  9  9  9 5 5 .  . 
    45 |  9  9  9  9  9  9 . . . 11 
    46 |  9  9  9  9  9  9 . . . 11 
    
    Boxes' corners:       (w,l)
        Box  1 is at 
            top left     (0,39)
            bottom right (1,41)
    
        Box  2 is at 
            top left     (0,42)
            bottom right (2,43)
    
        Box  3 is at 
            top left     (7,40)
            bottom right (9,41)
    
        Box  4 is at 
            top left     (1,23)
            bottom right (3,24)
    
        Box  5 is at 
            top left     (6,42)
            bottom right (7,44)
    
        Box  6 is at 
            top left     (3,26)
            bottom right (5,31)
    
        Box  7 is at 
            top left     (2,0)
            bottom right (7,2)
    
        Box  8 is at 
            top left     (3,32)
            bottom right (8,34)
    
        Box  9 is at 
            top left     (0,44)
            bottom right (5,46)
    
        Box 10 is at 
            top left     (0,35)
            bottom right (5,37)
    
        Box 11 is at 
            top left     (9,45)
            bottom right (9,46)
    
        Box 12 is at 
            top left     (9,38)
            bottom right (9,39)
    
        Box 13 is at 
            top left     (9,36)
            bottom right (9,37)
    
        Roll length used: 47

    [1;34mTry max length:[0m 46
    [1;34m    At iteration:[0m 5
        lingeling found a solution in 4.902 ms

       | W
     L |  0  1  2  3  4  5 6 7 8  9 
    --------------------------------
     0 |  .  .  .  .  .  . . . .  . 
     1 |  .  .  9  9  9  9 9 9 .  . 
     2 |  .  .  9  9  9  9 9 9 .  . 
     3 |  .  .  9  9  9  9 9 9 .  . 
     4 | 10 10 10 10 10 10 . . .  . 
     5 | 10 10 10 10 10 10 . . .  . 
     6 | 10 10 10 10 10 10 . . .  . 
     7 |  .  .  .  .  .  . . . .  . 
     8 |  .  .  .  .  .  . . . .  . 
     9 |  .  .  .  .  .  . . . .  . 
    10 |  .  .  .  .  .  . . . .  . 
    11 |  .  .  .  .  .  . . . .  . 
    12 |  .  .  .  .  .  . . . .  . 
    13 |  .  .  .  .  .  . . . .  . 
    14 |  .  .  .  .  .  . . . .  . 
    15 |  .  .  .  .  .  . . . .  . 
    16 |  .  .  .  .  .  . . . .  . 
    17 |  .  .  .  .  .  . . . .  . 
    18 |  .  .  .  .  .  . . . .  . 
    19 |  2  2  2  .  .  . . . .  . 
    20 |  2  2  2  .  .  . . . .  . 
    21 |  .  .  .  .  .  . . . .  . 
    22 |  .  .  .  .  .  . . . .  . 
    23 |  .  .  1  1  1  . . . .  . 
    24 |  .  .  1  1  1  . . . .  . 
    25 |  .  .  .  .  .  . . . .  . 
    26 |  .  .  .  .  .  . . . .  . 
    27 |  .  .  .  .  .  . . . .  . 
    28 |  .  .  .  .  .  . . . .  . 
    29 |  .  .  .  .  .  . . . .  . 
    30 |  .  .  .  .  .  . . . .  . 
    31 |  .  .  .  .  .  . . . .  . 
    32 |  .  .  .  .  .  . . . .  . 
    33 |  .  .  .  .  .  . . . .  . 
    34 |  .  .  .  .  .  . . . .  . 
    35 |  .  .  .  .  .  . . . . 13 
    36 |  5  5  5  6  6  6 6 6 6 13 
    37 |  5  5  5  6  6  6 6 6 6 12 
    38 | 11  .  .  6  6  6 6 6 6 12 
    39 | 11  .  .  .  .  . . 4 4  4 
    40 |  8  8  8  8  8  8 . 4 4  4 
    41 |  8  8  8  8  8  8 . 3 3  3 
    42 |  8  8  8  8  8  8 . 3 3  3 
    43 |  7  7  7  7  7  7 . . .  . 
    44 |  7  7  7  7  7  7 . . .  . 
    45 |  7  7  7  7  7  7 . . .  . 
    
    Boxes' corners:       (w,l)
        Box  1 is at 
            top left     (2,23)
            bottom right (4,24)
    
        Box  2 is at 
            top left     (0,19)
            bottom right (2,20)
    
        Box  3 is at 
            top left     (7,41)
            bottom right (9,42)
    
        Box  4 is at 
            top left     (7,39)
            bottom right (9,40)
    
        Box  5 is at 
            top left     (0,36)
            bottom right (2,37)
    
        Box  6 is at 
            top left     (3,36)
            bottom right (8,38)
    
        Box  7 is at 
            top left     (0,43)
            bottom right (5,45)
    
        Box  8 is at 
            top left     (0,40)
            bottom right (5,42)
    
        Box  9 is at 
            top left     (2,1)
            bottom right (7,3)
    
        Box 10 is at 
            top left     (0,4)
            bottom right (5,6)
    
        Box 11 is at 
            top left     (0,38)
            bottom right (0,39)
    
        Box 12 is at 
            top left     (9,37)
            bottom right (9,38)
    
        Box 13 is at 
            top left     (9,35)
            bottom right (9,36)
    
        Roll length used: 46

    [1;34mTry max length:[0m 45
    [1;34m    At iteration:[0m 6
        lingeling found a solution in 4.513 ms

       | W
     L |  0  1  2  3  4  5 6 7 8  9 
    --------------------------------
     0 |  .  9  9  9  9  9 9 . .  . 
     1 |  .  9  9  9  9  9 9 . .  . 
     2 |  .  9  9  9  9  9 9 . .  . 
     3 |  .  .  .  .  .  . . . .  . 
     4 |  .  .  .  .  .  . . . .  . 
     5 |  .  .  .  .  .  . . . .  . 
     6 |  .  .  .  .  .  . . . .  . 
     7 |  .  .  .  .  .  . . . .  . 
     8 |  .  .  .  .  .  . . . .  . 
     9 |  .  .  .  .  .  . . . .  . 
    10 |  .  .  .  .  .  . . . 2  2 
    11 |  .  .  .  .  .  . . . 2  2 
    12 |  .  .  .  .  .  . . . 2  2 
    13 |  .  .  .  .  .  . . . .  . 
    14 |  .  8  8  8  .  . . . .  . 
    15 |  .  8  8  8  .  . . . .  . 
    16 |  .  8  8  8  .  . . . .  . 
    17 |  .  8  8  8  .  . . . .  . 
    18 |  .  8  8  8  .  . . . .  . 
    19 |  .  8  8  8  .  . . . .  . 
    20 |  .  .  .  .  .  . . . .  . 
    21 |  .  .  .  .  .  . . . .  . 
    22 |  .  .  .  .  .  . . . .  . 
    23 |  .  .  .  .  .  . . . .  . 
    24 |  .  .  3  3  .  . . . .  . 
    25 |  .  .  3  3  .  . . . .  . 
    26 |  .  .  3  3  .  . . . .  . 
    27 |  .  .  .  .  .  . . . .  . 
    28 |  .  .  .  .  .  . . . .  . 
    29 |  .  .  .  .  .  . . . .  . 
    30 |  .  .  .  4  4  4 . . .  . 
    31 |  .  .  .  4  4  4 . . .  . 
    32 |  .  .  .  .  .  . . . .  . 
    33 |  .  .  .  .  6  6 6 . . 13 
    34 |  .  .  .  .  6  6 6 . . 13 
    35 | 12  .  .  .  6  6 6 . .  . 
    36 | 12  .  .  .  6  6 6 . .  . 
    37 | 11  .  .  .  6  6 6 . .  . 
    38 | 11  .  .  .  6  6 6 . .  . 
    39 | 10 10 10 10 10 10 . . .  . 
    40 | 10 10 10 10 10 10 . . .  . 
    41 | 10 10 10 10 10 10 . 5 5  5 
    42 |  7  7  7  7  7  7 . 5 5  5 
    43 |  7  7  7  7  7  7 1 1 1  . 
    44 |  7  7  7  7  7  7 1 1 1  . 
    
    Boxes' corners:       (w,l)
        Box  1 is at 
            top left     (6,43)
            bottom right (8,44)
    
        Box  2 is at 
            top left     (8,10)
            bottom right (9,12)
    
        Box  3 is at 
            top left     (2,24)
            bottom right (3,26)
    
        Box  4 is at 
            top left     (3,30)
            bottom right (5,31)
    
        Box  5 is at 
            top left     (7,41)
            bottom right (9,42)
    
        Box  6 is at 
            top left     (4,33)
            bottom right (6,38)
    
        Box  7 is at 
            top left     (0,42)
            bottom right (5,44)
    
        Box  8 is at 
            top left     (1,14)
            bottom right (3,19)
    
        Box  9 is at 
            top left     (1,0)
            bottom right (6,2)
    
        Box 10 is at 
            top left     (0,39)
            bottom right (5,41)
    
        Box 11 is at 
            top left     (0,37)
            bottom right (0,38)
    
        Box 12 is at 
            top left     (0,35)
            bottom right (0,36)
    
        Box 13 is at 
            top left     (9,33)
            bottom right (9,34)
    
        Roll length used: 45

    [1;34mTry max length:[0m 44
    [1;34m    At iteration:[0m 7
        lingeling found a solution in 4.340 ms

       | W
     L |  0  1  2 3  4  5  6  7  8  9 
    ----------------------------------
     0 |  9  9  9 9  9  9  1  1  1  . 
     1 |  9  9  9 9  9  9  1  1  1  . 
     2 |  9  9  9 9  9  9  .  3  3  3 
     3 |  .  .  . .  .  .  .  3  3  3 
     4 |  .  .  . .  .  .  .  .  .  . 
     5 |  .  .  . .  .  .  .  .  .  . 
     6 |  .  .  . .  .  .  .  .  .  . 
     7 |  .  .  . .  .  .  .  .  .  . 
     8 |  .  .  . .  .  .  .  .  .  . 
     9 |  .  .  . .  .  .  .  .  .  . 
    10 |  .  .  . .  .  .  .  .  .  . 
    11 |  .  .  . .  .  .  .  .  .  . 
    12 |  .  .  . .  .  .  .  .  .  . 
    13 |  .  .  . .  .  .  .  .  .  . 
    14 |  .  .  . .  .  .  .  .  .  . 
    15 |  .  .  . .  .  .  .  .  .  . 
    16 |  5  5  5 .  .  .  .  .  .  . 
    17 |  5  5  5 .  .  .  .  .  .  . 
    18 |  .  .  . .  .  .  .  .  .  . 
    19 |  .  .  . .  .  .  .  .  .  . 
    20 |  .  .  . .  .  .  .  .  .  . 
    21 |  .  .  . .  .  .  .  .  .  . 
    22 |  .  .  . .  .  .  .  .  .  . 
    23 |  .  2  2 .  .  .  .  .  .  . 
    24 |  .  2  2 .  .  .  .  .  .  . 
    25 |  .  2  2 .  .  .  .  .  .  . 
    26 |  .  .  . .  .  .  .  .  .  . 
    27 |  .  .  . .  .  .  .  .  .  . 
    28 |  .  .  . .  .  .  .  .  .  . 
    29 |  .  .  . .  .  .  .  .  .  . 
    30 |  6  6  6 .  .  .  .  .  .  . 
    31 |  6  6  6 .  7  7  7  7  7  7 
    32 |  6  6  6 .  7  7  7  7  7  7 
    33 |  6  6  6 .  7  7  7  7  7  7 
    34 |  6  6  6 .  .  .  .  .  .  . 
    35 |  6  6  6 . 10 10 10 10 10 10 
    36 |  .  .  . . 10 10 10 10 10 10 
    37 | 12  .  . . 10 10 10 10 10 10 
    38 | 12  .  . .  .  .  .  .  .  . 
    39 |  .  .  . .  .  .  .  .  .  . 
    40 |  .  .  . 8  8  8  8  8  8  . 
    41 |  4  4  4 8  8  8  8  8  8  . 
    42 |  4  4  4 8  8  8  8  8  8  . 
    43 |  . 11 11 .  .  .  .  . 13 13 
    
    Boxes' corners:       (w,l)
        Box  1 is at 
            top left     (6,0)
            bottom right (8,1)
    
        Box  2 is at 
            top left     (1,23)
            bottom right (2,25)
    
        Box  3 is at 
            top left     (7,2)
            bottom right (9,3)
    
        Box  4 is at 
            top left     (0,41)
            bottom right (2,42)
    
        Box  5 is at 
            top left     (0,16)
            bottom right (2,17)
    
        Box  6 is at 
            top left     (0,30)
            bottom right (2,35)
    
        Box  7 is at 
            top left     (4,31)
            bottom right (9,33)
    
        Box  8 is at 
            top left     (3,40)
            bottom right (8,42)
    
        Box  9 is at 
            top left     (0,0)
            bottom right (5,2)
    
        Box 10 is at 
            top left     (4,35)
            bottom right (9,37)
    
        Box 11 is at 
            top left     (1,43)
            bottom right (2,43)
    
        Box 12 is at 
            top left     (0,37)
            bottom right (0,38)
    
        Box 13 is at 
            top left     (8,43)
            bottom right (9,43)
    
        Roll length used: 44

    [1;34mTry max length:[0m 43
    [1;34m    At iteration:[0m 8
        lingeling found a solution in 3.908 ms

       | W
     L | 0 1 2 3  4  5  6  7  8  9 
    -------------------------------
     0 | 2 2 2 7  7  7  7  7  7  . 
     1 | 2 2 2 7  7  7  7  7  7  . 
     2 | . . . 7  7  7  7  7  7  . 
     3 | . . . 1  1  1  .  .  .  . 
     4 | . . . 1  1  1  .  .  .  . 
     5 | . . . .  .  .  .  .  .  . 
     6 | . . . .  .  .  .  .  .  . 
     7 | . . . .  .  .  .  .  .  . 
     8 | . . . .  .  .  .  .  .  . 
     9 | . . . .  .  .  .  .  .  . 
    10 | . . . .  .  .  .  .  .  . 
    11 | . . . .  .  .  .  .  .  . 
    12 | . . . .  .  .  .  .  . 12 
    13 | . . . .  .  .  .  .  . 12 
    14 | . . . .  .  .  .  .  .  . 
    15 | . . . .  .  .  .  .  .  . 
    16 | . . . .  .  .  .  .  .  . 
    17 | . . . .  .  .  .  .  .  . 
    18 | . . . .  .  .  .  .  .  . 
    19 | . . 5 5  5  .  .  .  .  . 
    20 | . . 5 5  5  .  .  .  .  . 
    21 | . . . .  .  .  .  .  .  . 
    22 | . . . .  .  .  .  .  .  . 
    23 | . . . .  .  .  .  .  .  . 
    24 | . . . .  .  .  .  .  .  . 
    25 | . . . .  .  .  .  .  .  . 
    26 | 9 9 9 9  9  9  .  .  .  . 
    27 | 9 9 9 9  9  9  .  .  .  . 
    28 | 9 9 9 9  9  9  .  .  .  . 
    29 | . . . .  .  .  .  .  . 11 
    30 | . . . .  .  .  .  .  . 11 
    31 | 6 6 6 .  .  .  .  .  .  . 
    32 | 6 6 6 .  .  .  .  .  .  . 
    33 | 6 6 6 .  .  . 13 13  .  . 
    34 | 6 6 6 .  .  .  .  .  .  . 
    35 | 6 6 6 .  .  .  .  .  .  . 
    36 | 6 6 6 .  8  8  8  8  8  8 
    37 | . . . .  8  8  8  8  8  8 
    38 | . 3 3 3  8  8  8  8  8  8 
    39 | . 3 3 3  .  .  .  .  .  . 
    40 | . 4 4 4 10 10 10 10 10 10 
    41 | . 4 4 4 10 10 10 10 10 10 
    42 | . . . . 10 10 10 10 10 10 
    
    Boxes' corners:       (w,l)
        Box  1 is at 
            top left     (3,3)
            bottom right (5,4)
    
        Box  2 is at 
            top left     (0,0)
            bottom right (2,1)
    
        Box  3 is at 
            top left     (1,38)
            bottom right (3,39)
    
        Box  4 is at 
            top left     (1,40)
            bottom right (3,41)
    
        Box  5 is at 
            top left     (2,19)
            bottom right (4,20)
    
        Box  6 is at 
            top left     (0,31)
            bottom right (2,36)
    
        Box  7 is at 
            top left     (3,0)
            bottom right (8,2)
    
        Box  8 is at 
            top left     (4,36)
            bottom right (9,38)
    
        Box  9 is at 
            top left     (0,26)
            bottom right (5,28)
    
        Box 10 is at 
            top left     (4,40)
            bottom right (9,42)
    
        Box 11 is at 
            top left     (9,29)
            bottom right (9,30)
    
        Box 12 is at 
            top left     (9,12)
            bottom right (9,13)
    
        Box 13 is at 
            top left     (6,33)
            bottom right (7,33)
    
        Roll length used: 43

    [1;34mTry max length:[0m 42
    [1;34m    At iteration:[0m 9
        lingeling found a solution in 3.897 ms

       | W
     L |  0  1  2  3  4  5 6 7 8 9 
    -------------------------------
     0 |  6  6  6  6  6  6 . . . . 
     1 |  6  6  6  6  6  6 . . . . 
     2 |  6  6  6  6  6  6 . . . . 
     3 |  .  .  .  .  .  . . . . . 
     4 |  .  .  .  .  .  . . . . . 
     5 |  .  .  .  .  .  . . . . . 
     6 |  .  .  .  4  4  4 . . . . 
     7 |  .  .  .  4  4  4 . . . . 
     8 |  .  .  .  .  .  . . . . . 
     9 |  .  .  .  .  .  . . . . . 
    10 |  .  .  .  .  .  . . . . . 
    11 |  .  .  .  .  .  . . . . . 
    12 |  .  .  .  .  .  . . . . . 
    13 |  1  1  1  .  .  . . . . . 
    14 |  1  1  1  .  .  . . . . . 
    15 | 10 10 10 10 10 10 . 7 7 7 
    16 | 10 10 10 10 10 10 . 7 7 7 
    17 | 10 10 10 10 10 10 . 7 7 7 
    18 |  .  .  .  .  .  . . 7 7 7 
    19 |  .  .  .  .  .  . . 7 7 7 
    20 |  .  .  .  .  .  . . 7 7 7 
    21 |  .  .  .  .  .  . . . . . 
    22 |  9  9  9  9  9  9 . . . . 
    23 |  9  9  9  9  9  9 . . . . 
    24 |  9  9  9  9  9  9 . . . . 
    25 |  .  .  .  .  .  . . . . . 
    26 |  .  .  .  .  .  . . . . . 
    27 |  .  .  .  .  .  . . . . . 
    28 |  .  .  .  .  .  . . . . . 
    29 |  .  .  .  .  .  . . . . . 
    30 |  .  .  .  .  .  . . . . . 
    31 |  .  .  .  .  .  . . . . . 
    32 |  .  .  .  . 11  . . . . . 
    33 |  .  .  .  . 11  . . . . . 
    34 |  .  .  .  .  .  . . . . . 
    35 | 13  .  .  .  .  . . . . . 
    36 | 13  .  .  .  2  2 . . . . 
    37 | 12  .  .  .  2  2 . 3 3 3 
    38 | 12  .  .  .  2  2 . 3 3 3 
    39 |  8  8  8  8  8  8 . . . . 
    40 |  8  8  8  8  8  8 . 5 5 5 
    41 |  8  8  8  8  8  8 . 5 5 5 
    
    Boxes' corners:       (w,l)
        Box  1 is at 
            top left     (0,13)
            bottom right (2,14)
    
        Box  2 is at 
            top left     (4,36)
            bottom right (5,38)
    
        Box  3 is at 
            top left     (7,37)
            bottom right (9,38)
    
        Box  4 is at 
            top left     (3,6)
            bottom right (5,7)
    
        Box  5 is at 
            top left     (7,40)
            bottom right (9,41)
    
        Box  6 is at 
            top left     (0,0)
            bottom right (5,2)
    
        Box  7 is at 
            top left     (7,15)
            bottom right (9,20)
    
        Box  8 is at 
            top left     (0,39)
            bottom right (5,41)
    
        Box  9 is at 
            top left     (0,22)
            bottom right (5,24)
    
        Box 10 is at 
            top left     (0,15)
            bottom right (5,17)
    
        Box 11 is at 
            top left     (4,32)
            bottom right (4,33)
    
        Box 12 is at 
            top left     (0,37)
            bottom right (0,38)
    
        Box 13 is at 
            top left     (0,35)
            bottom right (0,36)
    
        Roll length used: 42

    [1;34mTry max length:[0m 41
    [1;34m    At iteration:[0m 10
        [3;31mlingeling was timeout-terminated[0m
        [1;31mScript reached time limit[0m
