Tue 5 Jun 21:05:06 CEST 2018
    [1;34mTry max length:[0m 999999
    [1;34m    At iteration:[0m 0
        lingeling found a solution in .158 ms

       | W
     L | 0 1 2 3 4 5 
    ----------------
     0 | . . . . . . 
     1 | . . . . . . 
     2 | . . . . . . 
     3 | . . . . . . 
     4 | . . . . . . 
     5 | . . . . . . 
     6 | . . . . . . 
     7 | . . . . . . 
     8 | . . . 1 1 . 
     9 | . . . 1 1 . 
    10 | 8 . . . . 7 
    11 | 8 . . . . 7 
    12 | 6 . . . . 5 
    13 | 6 . . . . 5 
    14 | 4 4 3 3 2 2 
    15 | 4 4 3 3 2 2 
    
    Boxes' corners:      (w,l)
        Box 1 is at 
            top left     (3,8)
            bottom right (4,9)
    
        Box 2 is at 
            top left     (4,14)
            bottom right (5,15)
    
        Box 3 is at 
            top left     (2,14)
            bottom right (3,15)
    
        Box 4 is at 
            top left     (0,14)
            bottom right (1,15)
    
        Box 5 is at 
            top left     (5,12)
            bottom right (5,13)
    
        Box 6 is at 
            top left     (0,12)
            bottom right (0,13)
    
        Box 7 is at 
            top left     (5,10)
            bottom right (5,11)
    
        Box 8 is at 
            top left     (0,10)
            bottom right (0,11)
    
        Roll length used: 16

    [1;34mTry max length:[0m 15
    [1;34m    At iteration:[0m 1
        lingeling found a solution in .080 ms

       | W
     L | 0 1 2 3 4 5 
    ----------------
     0 | . . . . . . 
     1 | . . . . . . 
     2 | . . . . . . 
     3 | . . . . . . 
     4 | . . . . . . 
     5 | . . . . . . 
     6 | . . . . . . 
     7 | 1 1 . . . . 
     8 | 1 1 . . . . 
     9 | 8 . . . . 7 
    10 | 8 . . . . 7 
    11 | 6 . . . . 5 
    12 | 6 . . . . 5 
    13 | 4 4 3 3 2 2 
    14 | 4 4 3 3 2 2 
    
    Boxes' corners:      (w,l)
        Box 1 is at 
            top left     (0,7)
            bottom right (1,8)
    
        Box 2 is at 
            top left     (4,13)
            bottom right (5,14)
    
        Box 3 is at 
            top left     (2,13)
            bottom right (3,14)
    
        Box 4 is at 
            top left     (0,13)
            bottom right (1,14)
    
        Box 5 is at 
            top left     (5,11)
            bottom right (5,12)
    
        Box 6 is at 
            top left     (0,11)
            bottom right (0,12)
    
        Box 7 is at 
            top left     (5,9)
            bottom right (5,10)
    
        Box 8 is at 
            top left     (0,9)
            bottom right (0,10)
    
        Roll length used: 15

    [1;34mTry max length:[0m 14
    [1;34m    At iteration:[0m 2
        lingeling found a solution in .114 ms

       | W
     L | 0 1 2 3 4 5 
    ----------------
     0 | . . . . . . 
     1 | . . . . . . 
     2 | . . . . . . 
     3 | . . . . . . 
     4 | . . . . . . 
     5 | . . . . . . 
     6 | . . . . . 8 
     7 | 1 1 . . . 8 
     8 | 1 1 . . . 7 
     9 | . . . . . 7 
    10 | 6 . . . . 5 
    11 | 6 . . . . 5 
    12 | 4 4 3 3 2 2 
    13 | 4 4 3 3 2 2 
    
    Boxes' corners:      (w,l)
        Box 1 is at 
            top left     (0,7)
            bottom right (1,8)
    
        Box 2 is at 
            top left     (4,12)
            bottom right (5,13)
    
        Box 3 is at 
            top left     (2,12)
            bottom right (3,13)
    
        Box 4 is at 
            top left     (0,12)
            bottom right (1,13)
    
        Box 5 is at 
            top left     (5,10)
            bottom right (5,11)
    
        Box 6 is at 
            top left     (0,10)
            bottom right (0,11)
    
        Box 7 is at 
            top left     (5,8)
            bottom right (5,9)
    
        Box 8 is at 
            top left     (5,6)
            bottom right (5,7)
    
        Roll length used: 14

    [1;34mTry max length:[0m 13
    [1;34m    At iteration:[0m 3
        lingeling found a solution in .094 ms

       | W
     L | 0 1 2 3 4 5 
    ----------------
     0 | . . . . . . 
     1 | . . . . . . 
     2 | . . . . . . 
     3 | . . . . . . 
     4 | . . . . . . 
     5 | . . . . . 8 
     6 | 1 1 . . . 8 
     7 | 1 1 . . . 7 
     8 | . . . . . 7 
     9 | 6 . . . . 5 
    10 | 6 . . . . 5 
    11 | 4 4 3 3 2 2 
    12 | 4 4 3 3 2 2 
    
    Boxes' corners:      (w,l)
        Box 1 is at 
            top left     (0,6)
            bottom right (1,7)
    
        Box 2 is at 
            top left     (4,11)
            bottom right (5,12)
    
        Box 3 is at 
            top left     (2,11)
            bottom right (3,12)
    
        Box 4 is at 
            top left     (0,11)
            bottom right (1,12)
    
        Box 5 is at 
            top left     (5,9)
            bottom right (5,10)
    
        Box 6 is at 
            top left     (0,9)
            bottom right (0,10)
    
        Box 7 is at 
            top left     (5,7)
            bottom right (5,8)
    
        Box 8 is at 
            top left     (5,5)
            bottom right (5,6)
    
        Roll length used: 13

    [1;34mTry max length:[0m 12
    [1;34m    At iteration:[0m 4
        lingeling found a solution in .079 ms

       | W
     L | 0 1 2 3 4 5 
    ----------------
     0 | . . . . . . 
     1 | . . . . . . 
     2 | . . . . . . 
     3 | . . . . . . 
     4 | . . . . . 8 
     5 | . . . . . 8 
     6 | 1 1 . . . 7 
     7 | 1 1 . . . 7 
     8 | 6 . . . . 5 
     9 | 6 . . . . 5 
    10 | 4 4 3 3 2 2 
    11 | 4 4 3 3 2 2 
    
    Boxes' corners:      (w,l)
        Box 1 is at 
            top left     (0,6)
            bottom right (1,7)
    
        Box 2 is at 
            top left     (4,10)
            bottom right (5,11)
    
        Box 3 is at 
            top left     (2,10)
            bottom right (3,11)
    
        Box 4 is at 
            top left     (0,10)
            bottom right (1,11)
    
        Box 5 is at 
            top left     (5,8)
            bottom right (5,9)
    
        Box 6 is at 
            top left     (0,8)
            bottom right (0,9)
    
        Box 7 is at 
            top left     (5,6)
            bottom right (5,7)
    
        Box 8 is at 
            top left     (5,4)
            bottom right (5,5)
    
        Roll length used: 12

    [1;34mTry max length:[0m 11
    [1;34m    At iteration:[0m 5
        lingeling found a solution in .060 ms

       | W
     L | 0 1 2 3 4 5 
    ----------------
     0 | . . . . . . 
     1 | . . . . . . 
     2 | . . . . . . 
     3 | . . . . . 8 
     4 | . . . . . 8 
     5 | 1 1 . . . 7 
     6 | 1 1 . . . 7 
     7 | 6 . . . . 5 
     8 | 6 . . . . 5 
     9 | 4 4 3 3 2 2 
    10 | 4 4 3 3 2 2 
    
    Boxes' corners:      (w,l)
        Box 1 is at 
            top left     (0,5)
            bottom right (1,6)
    
        Box 2 is at 
            top left     (4,9)
            bottom right (5,10)
    
        Box 3 is at 
            top left     (2,9)
            bottom right (3,10)
    
        Box 4 is at 
            top left     (0,9)
            bottom right (1,10)
    
        Box 5 is at 
            top left     (5,7)
            bottom right (5,8)
    
        Box 6 is at 
            top left     (0,7)
            bottom right (0,8)
    
        Box 7 is at 
            top left     (5,5)
            bottom right (5,6)
    
        Box 8 is at 
            top left     (5,3)
            bottom right (5,4)
    
        Roll length used: 11

    [1;34mTry max length:[0m 10
    [1;34m    At iteration:[0m 6
        lingeling found a solution in .049 ms

       | W
     L | 0 1 2 3 4 5 
    ----------------
     0 | . . . . . . 
     1 | . . . . . . 
     2 | . . . . . 8 
     3 | 7 . . . . 8 
     4 | 7 . . . . 6 
     5 | 1 1 . . . 6 
     6 | 1 1 . . . 5 
     7 | . . . . . 5 
     8 | 4 4 3 3 2 2 
     9 | 4 4 3 3 2 2 
    
    Boxes' corners:      (w,l)
        Box 1 is at 
            top left     (0,5)
            bottom right (1,6)
    
        Box 2 is at 
            top left     (4,8)
            bottom right (5,9)
    
        Box 3 is at 
            top left     (2,8)
            bottom right (3,9)
    
        Box 4 is at 
            top left     (0,8)
            bottom right (1,9)
    
        Box 5 is at 
            top left     (5,6)
            bottom right (5,7)
    
        Box 6 is at 
            top left     (5,4)
            bottom right (5,5)
    
        Box 7 is at 
            top left     (0,3)
            bottom right (0,4)
    
        Box 8 is at 
            top left     (5,2)
            bottom right (5,3)
    
        Roll length used: 10

    [1;34mTry max length:[0m 9
    [1;34m    At iteration:[0m 7
        lingeling found a solution in .051 ms

      | W
    L | 0 1 2 3 4 5 
    ----------------
    0 | . . . . . 8 
    1 | . . . . . 8 
    2 | 7 . . . . . 
    3 | 7 . . . . 6 
    4 | 1 1 . . . 6 
    5 | 1 1 . . . 5 
    6 | . . . . . 5 
    7 | 4 4 3 3 2 2 
    8 | 4 4 3 3 2 2 
    
    Boxes' corners:      (w,l)
        Box 1 is at 
            top left     (0,4)
            bottom right (1,5)
    
        Box 2 is at 
            top left     (4,7)
            bottom right (5,8)
    
        Box 3 is at 
            top left     (2,7)
            bottom right (3,8)
    
        Box 4 is at 
            top left     (0,7)
            bottom right (1,8)
    
        Box 5 is at 
            top left     (5,5)
            bottom right (5,6)
    
        Box 6 is at 
            top left     (5,3)
            bottom right (5,4)
    
        Box 7 is at 
            top left     (0,2)
            bottom right (0,3)
    
        Box 8 is at 
            top left     (5,0)
            bottom right (5,1)
    
        Roll length used: 9

    [1;34mTry max length:[0m 8
    [1;34m    At iteration:[0m 8
        lingeling found a solution in .042 ms

      | W
    L | 0 1 2 3 4 5 
    ----------------
    0 | . . . . . 8 
    1 | . . . . . 8 
    2 | 7 . . . . 6 
    3 | 7 . . . . 6 
    4 | 1 1 . . . 5 
    5 | 1 1 . . . 5 
    6 | 4 4 3 3 2 2 
    7 | 4 4 3 3 2 2 
    
    Boxes' corners:      (w,l)
        Box 1 is at 
            top left     (0,4)
            bottom right (1,5)
    
        Box 2 is at 
            top left     (4,6)
            bottom right (5,7)
    
        Box 3 is at 
            top left     (2,6)
            bottom right (3,7)
    
        Box 4 is at 
            top left     (0,6)
            bottom right (1,7)
    
        Box 5 is at 
            top left     (5,4)
            bottom right (5,5)
    
        Box 6 is at 
            top left     (5,2)
            bottom right (5,3)
    
        Box 7 is at 
            top left     (0,2)
            bottom right (0,3)
    
        Box 8 is at 
            top left     (5,0)
            bottom right (5,1)
    
        Roll length used: 8

    [1;34mTry max length:[0m 7
    [1;34m    At iteration:[0m 9
        lingeling found a solution in .042 ms

      | W
    L | 0 1 2 3 4 5 
    ----------------
    0 | 6 . 2 2 . 5 
    1 | 6 . 2 2 . 5 
    2 | . . . . . . 
    3 | 8 1 1 . . . 
    4 | 8 1 1 . . . 
    5 | 7 . 4 4 3 3 
    6 | 7 . 4 4 3 3 
    
    Boxes' corners:      (w,l)
        Box 1 is at 
            top left     (1,3)
            bottom right (2,4)
    
        Box 2 is at 
            top left     (2,0)
            bottom right (3,1)
    
        Box 3 is at 
            top left     (4,5)
            bottom right (5,6)
    
        Box 4 is at 
            top left     (2,5)
            bottom right (3,6)
    
        Box 5 is at 
            top left     (5,0)
            bottom right (5,1)
    
        Box 6 is at 
            top left     (0,0)
            bottom right (0,1)
    
        Box 7 is at 
            top left     (0,5)
            bottom right (0,6)
    
        Box 8 is at 
            top left     (0,3)
            bottom right (0,4)
    
        Roll length used: 7

    [1;34mTry max length:[0m 6
    [1;34m    At iteration:[0m 10
        lingeling found a solution in .037 ms

      | W
    L | 0 1 2 3 4 5 
    ----------------
    0 | 6 . 3 3 . 8 
    1 | 6 . 3 3 . 8 
    2 | 5 4 4 . . . 
    3 | 5 4 4 1 1 . 
    4 | 2 2 . 1 1 7 
    5 | 2 2 . . . 7 
    
    Boxes' corners:      (w,l)
        Box 1 is at 
            top left     (3,3)
            bottom right (4,4)
    
        Box 2 is at 
            top left     (0,4)
            bottom right (1,5)
    
        Box 3 is at 
            top left     (2,0)
            bottom right (3,1)
    
        Box 4 is at 
            top left     (1,2)
            bottom right (2,3)
    
        Box 5 is at 
            top left     (0,2)
            bottom right (0,3)
    
        Box 6 is at 
            top left     (0,0)
            bottom right (0,1)
    
        Box 7 is at 
            top left     (5,4)
            bottom right (5,5)
    
        Box 8 is at 
            top left     (5,0)
            bottom right (5,1)
    
        Roll length used: 6

    [1;34mTry max length:[0m 5
    [1;34m    At iteration:[0m 11
        lingeling found a solution in .026 ms

      | W
    L | 0 1 2 3 4 5 
    ----------------
    0 | 1 1 4 4 7 . 
    1 | 1 1 4 4 7 8 
    2 | . . . . 5 8 
    3 | 2 2 3 3 5 6 
    4 | 2 2 3 3 . 6 
    
    Boxes' corners:      (w,l)
        Box 1 is at 
            top left     (0,0)
            bottom right (1,1)
    
        Box 2 is at 
            top left     (0,3)
            bottom right (1,4)
    
        Box 3 is at 
            top left     (2,3)
            bottom right (3,4)
    
        Box 4 is at 
            top left     (2,0)
            bottom right (3,1)
    
        Box 5 is at 
            top left     (4,2)
            bottom right (4,3)
    
        Box 6 is at 
            top left     (5,3)
            bottom right (5,4)
    
        Box 7 is at 
            top left     (4,0)
            bottom right (4,1)
    
        Box 8 is at 
            top left     (5,1)
            bottom right (5,2)
    
        Roll length used: 5

    [1;34mTry max length:[0m 4
    [1;34m    At iteration:[0m 12
        lingeling found a solution in .023 ms

      | W
    L | 0 1 2 3 4 5 
    ----------------
    0 | 2 2 8 6 3 3 
    1 | 2 2 8 6 3 3 
    2 | 1 1 4 4 5 7 
    3 | 1 1 4 4 5 7 
    
    Boxes' corners:      (w,l)
        Box 1 is at 
            top left     (0,2)
            bottom right (1,3)
    
        Box 2 is at 
            top left     (0,0)
            bottom right (1,1)
    
        Box 3 is at 
            top left     (4,0)
            bottom right (5,1)
    
        Box 4 is at 
            top left     (2,2)
            bottom right (3,3)
    
        Box 5 is at 
            top left     (4,2)
            bottom right (4,3)
    
        Box 6 is at 
            top left     (3,0)
            bottom right (3,1)
    
        Box 7 is at 
            top left     (5,2)
            bottom right (5,3)
    
        Box 8 is at 
            top left     (2,0)
            bottom right (2,1)
    
        Roll length used: 4

    [1;34mTry max length:[0m 3
    [1;34m    At iteration:[0m 13
        [3;31mlingeling determined unsatisfiability of the Boolean formula[0m
        [1;32mOptimality reached![0m
