Tue 5 Jun 21:09:42 CEST 2018
    [1;34mTry max length:[0m 999999
    [1;34m    At iteration:[0m 0
        lingeling found a solution in .024 ms

      | W
    L | 0 1 2 3 4 5 6 
    ------------------
    0 | 1 . . . . . . 
    1 | . . . . . . . 
    2 | . . . . . . . 
    3 | . . . . . . . 
    4 | . . . . . . . 
    5 | . . . . . 5 5 
    6 | . . . . . 5 5 
    7 | 4 4 . 3 3 2 2 
    8 | 4 4 . 3 3 2 2 
    
    Boxes' corners:      (w,l)
        Box 1 is at 
            top left     (0,0)
            bottom right (0,0)
    
        Box 2 is at 
            top left     (5,7)
            bottom right (6,8)
    
        Box 3 is at 
            top left     (3,7)
            bottom right (4,8)
    
        Box 4 is at 
            top left     (0,7)
            bottom right (1,8)
    
        Box 5 is at 
            top left     (5,5)
            bottom right (6,6)
    
        Roll length used: 9

    [1;34mTry max length:[0m 8
    [1;34m    At iteration:[0m 1
        lingeling found a solution in .019 ms

      | W
    L | 0 1 2 3 4 5 6 
    ------------------
    0 | . . . . . . . 
    1 | . . . . . . . 
    2 | . . . . . . . 
    3 | . . . . . . . 
    4 | 1 . . . . 5 5 
    5 | . . . . . 5 5 
    6 | 4 4 . 3 3 2 2 
    7 | 4 4 . 3 3 2 2 
    
    Boxes' corners:      (w,l)
        Box 1 is at 
            top left     (0,4)
            bottom right (0,4)
    
        Box 2 is at 
            top left     (5,6)
            bottom right (6,7)
    
        Box 3 is at 
            top left     (3,6)
            bottom right (4,7)
    
        Box 4 is at 
            top left     (0,6)
            bottom right (1,7)
    
        Box 5 is at 
            top left     (5,4)
            bottom right (6,5)
    
        Roll length used: 8

    [1;34mTry max length:[0m 7
    [1;34m    At iteration:[0m 2
        lingeling found a solution in .020 ms

      | W
    L | 0 1 2 3 4 5 6 
    ------------------
    0 | . . . 3 3 . . 
    1 | . . . 3 3 . . 
    2 | . . . . . 4 4 
    3 | . . . 1 . 4 4 
    4 | . . . . . . . 
    5 | 2 2 . . . 5 5 
    6 | 2 2 . . . 5 5 
    
    Boxes' corners:      (w,l)
        Box 1 is at 
            top left     (3,3)
            bottom right (3,3)
    
        Box 2 is at 
            top left     (0,5)
            bottom right (1,6)
    
        Box 3 is at 
            top left     (3,0)
            bottom right (4,1)
    
        Box 4 is at 
            top left     (5,2)
            bottom right (6,3)
    
        Box 5 is at 
            top left     (5,5)
            bottom right (6,6)
    
        Roll length used: 7

    [1;34mTry max length:[0m 6
    [1;34m    At iteration:[0m 3
        lingeling found a solution in .014 ms

      | W
    L | 0 1 2 3 4 5 6 
    ------------------
    0 | . . . . . 5 5 
    1 | . . . . . 5 5 
    2 | . . . . . . . 
    3 | . . . 1 . 4 4 
    4 | 3 3 . 2 2 4 4 
    5 | 3 3 . 2 2 . . 
    
    Boxes' corners:      (w,l)
        Box 1 is at 
            top left     (3,3)
            bottom right (3,3)
    
        Box 2 is at 
            top left     (3,4)
            bottom right (4,5)
    
        Box 3 is at 
            top left     (0,4)
            bottom right (1,5)
    
        Box 4 is at 
            top left     (5,3)
            bottom right (6,4)
    
        Box 5 is at 
            top left     (5,0)
            bottom right (6,1)
    
        Roll length used: 6

    [1;34mTry max length:[0m 5
    [1;34m    At iteration:[0m 4
        lingeling found a solution in .013 ms

      | W
    L | 0 1 2 3 4 5 6 
    ------------------
    0 | . . . . . 4 4 
    1 | . . . . . 4 4 
    2 | . 1 . . . . . 
    3 | . 3 3 5 5 2 2 
    4 | . 3 3 5 5 2 2 
    
    Boxes' corners:      (w,l)
        Box 1 is at 
            top left     (1,2)
            bottom right (1,2)
    
        Box 2 is at 
            top left     (5,3)
            bottom right (6,4)
    
        Box 3 is at 
            top left     (1,3)
            bottom right (2,4)
    
        Box 4 is at 
            top left     (5,0)
            bottom right (6,1)
    
        Box 5 is at 
            top left     (3,3)
            bottom right (4,4)
    
        Roll length used: 5

    [1;34mTry max length:[0m 4
    [1;34m    At iteration:[0m 5
        lingeling found a solution in .011 ms

      | W
    L | 0 1 2 3 4 5 6 
    ------------------
    0 | . 1 3 3 . 4 4 
    1 | . . 3 3 . 4 4 
    2 | 2 2 . . 5 5 . 
    3 | 2 2 . . 5 5 . 
    
    Boxes' corners:      (w,l)
        Box 1 is at 
            top left     (1,0)
            bottom right (1,0)
    
        Box 2 is at 
            top left     (0,2)
            bottom right (1,3)
    
        Box 3 is at 
            top left     (2,0)
            bottom right (3,1)
    
        Box 4 is at 
            top left     (5,0)
            bottom right (6,1)
    
        Box 5 is at 
            top left     (4,2)
            bottom right (5,3)
    
        Roll length used: 4

    [1;34mTry max length:[0m 3
    [1;34m    At iteration:[0m 6
        [3;31mlingeling determined unsatisfiability of the Boolean formula[0m
        [1;32mOptimality reached![0m
