Tue 5 Jun 21:16:35 CEST 2018
    [1;34mTry max length:[0m 999999
    [1;34m    At iteration:[0m 0
        lingeling found a solution in .258 ms

       | W
     L | 0 1 2 3 4 5 6 7 
    --------------------
     0 | . . . . 1 1 1 1 
     1 | . . . . 1 1 1 1 
     2 | . . . . 1 1 1 1 
     3 | . . . . . . . . 
     4 | . . . . . . . . 
     5 | . . . . . . . . 
     6 | . . . . . . . . 
     7 | . . . . . . . . 
     8 | . . . . . . . . 
     9 | . . . . . . . . 
    10 | . . . . . . . . 
    11 | . . . . . . . . 
    12 | . . . . . . . . 
    13 | . . . . . . . . 
    14 | . . . . . . . . 
    15 | . . . . . . . . 
    16 | . . . . . . . . 
    17 | . . 9 9 9 9 . . 
    18 | 7 . 9 9 9 9 . . 
    19 | 7 . 9 9 9 9 . 6 
    20 | 5 . 9 9 9 9 . 6 
    21 | 5 . . 8 8 8 8 8 
    22 | 4 . . . . . . 3 
    23 | 4 . . . . . . 3 
    24 | 2 2 2 2 . . . . 
    25 | 2 2 2 2 . . . . 
    26 | 2 2 2 2 . . . . 
    
    Boxes' corners:      (w,l)
        Box 1 is at 
            top left     (4,0)
            bottom right (7,2)
    
        Box 2 is at 
            top left     (0,24)
            bottom right (3,26)
    
        Box 3 is at 
            top left     (7,22)
            bottom right (7,23)
    
        Box 4 is at 
            top left     (0,22)
            bottom right (0,23)
    
        Box 5 is at 
            top left     (0,20)
            bottom right (0,21)
    
        Box 6 is at 
            top left     (7,19)
            bottom right (7,20)
    
        Box 7 is at 
            top left     (0,18)
            bottom right (0,19)
    
        Box 8 is at 
            top left     (3,21)
            bottom right (7,21)
    
        Box 9 is at 
            top left     (2,17)
            bottom right (5,20)
    
        Roll length used: 27

    [1;34mTry max length:[0m 26
    [1;34m    At iteration:[0m 1
        lingeling found a solution in .244 ms

       | W
     L | 0 1 2 3 4 5 6 7 
    --------------------
     0 | . . . . 1 1 1 1 
     1 | . . . . 1 1 1 1 
     2 | . . . . 1 1 1 1 
     3 | . . . . . . . . 
     4 | . . . . . . . . 
     5 | . . . . . . . . 
     6 | . . . . . . . . 
     7 | . . . . . . . . 
     8 | . . . . . . . . 
     9 | . . . . . . . . 
    10 | . . . . . . . . 
    11 | . . . . . . . . 
    12 | . . . . . . . . 
    13 | . . . . . . . . 
    14 | . . . . . . . . 
    15 | . . . . . . . . 
    16 | . . 9 9 9 9 . 7 
    17 | . . 9 9 9 9 . 7 
    18 | 6 . 9 9 9 9 . . 
    19 | 6 . 9 9 9 9 . . 
    20 | 5 . 8 8 8 8 8 3 
    21 | 5 . . . . . . 3 
    22 | 4 . . . . . . . 
    23 | 4 . . . 2 2 2 2 
    24 | . . . . 2 2 2 2 
    25 | . . . . 2 2 2 2 
    
    Boxes' corners:      (w,l)
        Box 1 is at 
            top left     (4,0)
            bottom right (7,2)
    
        Box 2 is at 
            top left     (4,23)
            bottom right (7,25)
    
        Box 3 is at 
            top left     (7,20)
            bottom right (7,21)
    
        Box 4 is at 
            top left     (0,22)
            bottom right (0,23)
    
        Box 5 is at 
            top left     (0,20)
            bottom right (0,21)
    
        Box 6 is at 
            top left     (0,18)
            bottom right (0,19)
    
        Box 7 is at 
            top left     (7,16)
            bottom right (7,17)
    
        Box 8 is at 
            top left     (2,20)
            bottom right (6,20)
    
        Box 9 is at 
            top left     (2,16)
            bottom right (5,19)
    
        Roll length used: 26

    [1;34mTry max length:[0m 25
    [1;34m    At iteration:[0m 2
        lingeling found a solution in .274 ms

       | W
     L | 0 1 2 3 4 5 6 7 
    --------------------
     0 | 1 1 1 1 2 2 2 2 
     1 | 1 1 1 1 2 2 2 2 
     2 | 1 1 1 1 2 2 2 2 
     3 | . . . . . . . . 
     4 | . . . . . . . . 
     5 | . . . . . . . . 
     6 | . . . . . . . . 
     7 | . . . . . . . . 
     8 | . . . . . . . . 
     9 | . . . . . . . . 
    10 | . . . . . . . . 
    11 | . . . . . . . . 
    12 | . . . . . . . . 
    13 | . . . . . . . . 
    14 | . . . . . . . . 
    15 | . . 9 9 9 9 . . 
    16 | 7 . 9 9 9 9 . . 
    17 | 7 . 9 9 9 9 . . 
    18 | 6 . 9 9 9 9 . 5 
    19 | 6 . . . . . . 5 
    20 | 3 . . . . . . 4 
    21 | 3 . . . . . . 4 
    22 | . . . . . . . . 
    23 | . . . . . . . . 
    24 | . . 8 8 8 8 8 . 
    
    Boxes' corners:      (w,l)
        Box 1 is at 
            top left     (0,0)
            bottom right (3,2)
    
        Box 2 is at 
            top left     (4,0)
            bottom right (7,2)
    
        Box 3 is at 
            top left     (0,20)
            bottom right (0,21)
    
        Box 4 is at 
            top left     (7,20)
            bottom right (7,21)
    
        Box 5 is at 
            top left     (7,18)
            bottom right (7,19)
    
        Box 6 is at 
            top left     (0,18)
            bottom right (0,19)
    
        Box 7 is at 
            top left     (0,16)
            bottom right (0,17)
    
        Box 8 is at 
            top left     (2,24)
            bottom right (6,24)
    
        Box 9 is at 
            top left     (2,15)
            bottom right (5,18)
    
        Roll length used: 25

    [1;34mTry max length:[0m 24
    [1;34m    At iteration:[0m 3
        lingeling found a solution in .263 ms

       | W
     L | 0 1 2 3 4 5 6 7 
    --------------------
     0 | 1 1 1 1 2 2 2 2 
     1 | 1 1 1 1 2 2 2 2 
     2 | 1 1 1 1 2 2 2 2 
     3 | . . . . . . . . 
     4 | . . . . . . . . 
     5 | . . . . . . . . 
     6 | . . . . . . . . 
     7 | . . . . . . . . 
     8 | . . . . . . . . 
     9 | . . . . . . . . 
    10 | . . . . . . . . 
    11 | 3 . . . . . . . 
    12 | 3 . . . . . . . 
    13 | . 7 . . . . . . 
    14 | 6 7 . . . . . . 
    15 | 6 . . . . . . . 
    16 | 4 . . . . . . . 
    17 | 4 . . 9 9 9 9 . 
    18 | . . . 9 9 9 9 . 
    19 | . . . 9 9 9 9 5 
    20 | . . . 9 9 9 9 5 
    21 | . . . . . . . . 
    22 | . . . . . . . . 
    23 | 8 8 8 8 8 . . . 
    
    Boxes' corners:      (w,l)
        Box 1 is at 
            top left     (0,0)
            bottom right (3,2)
    
        Box 2 is at 
            top left     (4,0)
            bottom right (7,2)
    
        Box 3 is at 
            top left     (0,11)
            bottom right (0,12)
    
        Box 4 is at 
            top left     (0,16)
            bottom right (0,17)
    
        Box 5 is at 
            top left     (7,19)
            bottom right (7,20)
    
        Box 6 is at 
            top left     (0,14)
            bottom right (0,15)
    
        Box 7 is at 
            top left     (1,13)
            bottom right (1,14)
    
        Box 8 is at 
            top left     (0,23)
            bottom right (4,23)
    
        Box 9 is at 
            top left     (3,17)
            bottom right (6,20)
    
        Roll length used: 24

    [1;34mTry max length:[0m 23
    [1;34m    At iteration:[0m 4
        lingeling found a solution in .202 ms

       | W
     L | 0 1 2 3 4 5 6 7 
    --------------------
     0 | . . . . 1 1 1 1 
     1 | . . . . 1 1 1 1 
     2 | . . . . 1 1 1 1 
     3 | . . . . . . . . 
     4 | . . . . . . . . 
     5 | . . . . . . . . 
     6 | . . . . . . . . 
     7 | . . . . . . . 5 
     8 | . . . . . . . 5 
     9 | . . . . . . . . 
    10 | . . . . . . . 3 
    11 | . . 9 9 9 9 . 3 
    12 | . . 9 9 9 9 . . 
    13 | . . 9 9 9 9 . . 
    14 | . . 9 9 9 9 . . 
    15 | . . . 6 6 . . . 
    16 | 8 8 8 8 8 . . . 
    17 | 4 . . . . . . 7 
    18 | 4 . . . . . . 7 
    19 | . . . . . . . . 
    20 | 2 2 2 2 . . . . 
    21 | 2 2 2 2 . . . . 
    22 | 2 2 2 2 . . . . 
    
    Boxes' corners:      (w,l)
        Box 1 is at 
            top left     (4,0)
            bottom right (7,2)
    
        Box 2 is at 
            top left     (0,20)
            bottom right (3,22)
    
        Box 3 is at 
            top left     (7,10)
            bottom right (7,11)
    
        Box 4 is at 
            top left     (0,17)
            bottom right (0,18)
    
        Box 5 is at 
            top left     (7,7)
            bottom right (7,8)
    
        Box 6 is at 
            top left     (3,15)
            bottom right (4,15)
    
        Box 7 is at 
            top left     (7,17)
            bottom right (7,18)
    
        Box 8 is at 
            top left     (0,16)
            bottom right (4,16)
    
        Box 9 is at 
            top left     (2,11)
            bottom right (5,14)
    
        Roll length used: 23

    [1;34mTry max length:[0m 22
    [1;34m    At iteration:[0m 5
        lingeling found a solution in .234 ms

       | W
     L | 0 1 2 3 4 5 6 7 
    --------------------
     0 | 1 1 1 1 . . . . 
     1 | 1 1 1 1 . . . . 
     2 | 1 1 1 1 . . . 6 
     3 | . . . . . . . 6 
     4 | . . . . . . . . 
     5 | . . . . . . . . 
     6 | . . . . . . . . 
     7 | . . 5 . . . . . 
     8 | . . 5 . . . . . 
     9 | . . . . . . . . 
    10 | . . . . . . . . 
    11 | . . . . . . . . 
    12 | . . . . 9 9 9 9 
    13 | 4 . . . 9 9 9 9 
    14 | 4 . . . 9 9 9 9 
    15 | 7 . . . 9 9 9 9 
    16 | 7 2 2 2 2 . . . 
    17 | . 2 2 2 2 . . . 
    18 | . 2 2 2 2 . . . 
    19 | . 8 8 8 8 8 . . 
    20 | 3 . . . . . . . 
    21 | 3 . . . . . . . 
    
    Boxes' corners:      (w,l)
        Box 1 is at 
            top left     (0,0)
            bottom right (3,2)
    
        Box 2 is at 
            top left     (1,16)
            bottom right (4,18)
    
        Box 3 is at 
            top left     (0,20)
            bottom right (0,21)
    
        Box 4 is at 
            top left     (0,13)
            bottom right (0,14)
    
        Box 5 is at 
            top left     (2,7)
            bottom right (2,8)
    
        Box 6 is at 
            top left     (7,2)
            bottom right (7,3)
    
        Box 7 is at 
            top left     (0,15)
            bottom right (0,16)
    
        Box 8 is at 
            top left     (1,19)
            bottom right (5,19)
    
        Box 9 is at 
            top left     (4,12)
            bottom right (7,15)
    
        Roll length used: 22

    [1;34mTry max length:[0m 21
    [1;34m    At iteration:[0m 6
        lingeling found a solution in .202 ms

       | W
     L | 0 1 2 3 4 5 6 7 
    --------------------
     0 | 1 1 1 1 2 2 2 2 
     1 | 1 1 1 1 2 2 2 2 
     2 | 1 1 1 1 2 2 2 2 
     3 | . . . . . . . . 
     4 | . . . . . . . . 
     5 | . . 9 9 9 9 5 . 
     6 | . . 9 9 9 9 5 . 
     7 | . . 9 9 9 9 . . 
     8 | . . 9 9 9 9 . . 
     9 | . . . . . . . . 
    10 | . . . . . . . . 
    11 | . . . . . . . . 
    12 | . . . . . . . . 
    13 | . . . . . . . . 
    14 | 4 . . . . . . 7 
    15 | 4 . . . . . . 7 
    16 | . . . . . . . 6 
    17 | . . . 3 . . . 6 
    18 | . . . 3 . . . . 
    19 | . . 8 8 8 8 8 . 
    20 | . . . . . . . . 
    
    Boxes' corners:      (w,l)
        Box 1 is at 
            top left     (0,0)
            bottom right (3,2)
    
        Box 2 is at 
            top left     (4,0)
            bottom right (7,2)
    
        Box 3 is at 
            top left     (3,17)
            bottom right (3,18)
    
        Box 4 is at 
            top left     (0,14)
            bottom right (0,15)
    
        Box 5 is at 
            top left     (6,5)
            bottom right (6,6)
    
        Box 6 is at 
            top left     (7,16)
            bottom right (7,17)
    
        Box 7 is at 
            top left     (7,14)
            bottom right (7,15)
    
        Box 8 is at 
            top left     (2,19)
            bottom right (6,19)
    
        Box 9 is at 
            top left     (2,5)
            bottom right (5,8)
    
        Roll length used: 20

    [1;34mTry max length:[0m 19
    [1;34m    At iteration:[0m 7
        lingeling found a solution in .158 ms

       | W
     L | 0 1 2 3 4 5 6 7 
    --------------------
     0 | . . . . 1 1 1 1 
     1 | . . . . 1 1 1 1 
     2 | 7 . . . 1 1 1 1 
     3 | 7 . . . . . . . 
     4 | 9 9 9 9 . . . . 
     5 | 9 9 9 9 . . . . 
     6 | 9 9 9 9 . . . . 
     7 | 9 9 9 9 . . . . 
     8 | . . . . . . . . 
     9 | 5 . . . . . . . 
    10 | 5 . . . . . . . 
    11 | 4 . . . . . . . 
    12 | 4 . . . . . . . 
    13 | 2 2 2 2 . . . . 
    14 | 2 2 2 2 . . . . 
    15 | 2 2 2 2 . . . . 
    16 | 3 . . . . . . . 
    17 | 3 . . . . . . 6 
    18 | 8 8 8 8 8 . . 6 
    
    Boxes' corners:      (w,l)
        Box 1 is at 
            top left     (4,0)
            bottom right (7,2)
    
        Box 2 is at 
            top left     (0,13)
            bottom right (3,15)
    
        Box 3 is at 
            top left     (0,16)
            bottom right (0,17)
    
        Box 4 is at 
            top left     (0,11)
            bottom right (0,12)
    
        Box 5 is at 
            top left     (0,9)
            bottom right (0,10)
    
        Box 6 is at 
            top left     (7,17)
            bottom right (7,18)
    
        Box 7 is at 
            top left     (0,2)
            bottom right (0,3)
    
        Box 8 is at 
            top left     (0,18)
            bottom right (4,18)
    
        Box 9 is at 
            top left     (0,4)
            bottom right (3,7)
    
        Roll length used: 19

    [1;34mTry max length:[0m 18
    [1;34m    At iteration:[0m 8
        lingeling found a solution in .151 ms

       | W
     L | 0 1 2 3 4 5 6 7 
    --------------------
     0 | 1 1 1 1 . . . . 
     1 | 1 1 1 1 . . . . 
     2 | 1 1 1 1 . . . . 
     3 | . . . . . . . . 
     4 | . . . . . . . . 
     5 | . . . . . . . . 
     6 | 7 . . . . . . . 
     7 | 7 . . . . . . . 
     8 | 5 . . . . . . . 
     9 | 5 . . . . . . . 
    10 | 4 . 9 9 9 9 . . 
    11 | 4 . 9 9 9 9 . . 
    12 | 3 . 9 9 9 9 . . 
    13 | 3 . 9 9 9 9 . 6 
    14 | 8 8 8 8 8 . . 6 
    15 | . . . . 2 2 2 2 
    16 | . . . . 2 2 2 2 
    17 | . . . . 2 2 2 2 
    
    Boxes' corners:      (w,l)
        Box 1 is at 
            top left     (0,0)
            bottom right (3,2)
    
        Box 2 is at 
            top left     (4,15)
            bottom right (7,17)
    
        Box 3 is at 
            top left     (0,12)
            bottom right (0,13)
    
        Box 4 is at 
            top left     (0,10)
            bottom right (0,11)
    
        Box 5 is at 
            top left     (0,8)
            bottom right (0,9)
    
        Box 6 is at 
            top left     (7,13)
            bottom right (7,14)
    
        Box 7 is at 
            top left     (0,6)
            bottom right (0,7)
    
        Box 8 is at 
            top left     (0,14)
            bottom right (4,14)
    
        Box 9 is at 
            top left     (2,10)
            bottom right (5,13)
    
        Roll length used: 18

    [1;34mTry max length:[0m 17
    [1;34m    At iteration:[0m 9
        lingeling found a solution in .142 ms

       | W
     L | 0 1 2 3 4 5 6 7 
    --------------------
     0 | . . . . . . 6 . 
     1 | . . . . . . 6 . 
     2 | . . . . 9 9 9 9 
     3 | . . . . 9 9 9 9 
     4 | 4 . . . 9 9 9 9 
     5 | 4 . . . 9 9 9 9 
     6 | 1 1 1 1 . . 5 . 
     7 | 1 1 1 1 . . 5 . 
     8 | 1 1 1 1 . . . . 
     9 | . . . . 7 . . . 
    10 | . . . . 7 . . . 
    11 | . . . . . . . . 
    12 | 3 . . 8 8 8 8 8 
    13 | 3 . . . . . . . 
    14 | 2 2 2 2 . . . . 
    15 | 2 2 2 2 . . . . 
    16 | 2 2 2 2 . . . . 
    
    Boxes' corners:      (w,l)
        Box 1 is at 
            top left     (0,6)
            bottom right (3,8)
    
        Box 2 is at 
            top left     (0,14)
            bottom right (3,16)
    
        Box 3 is at 
            top left     (0,12)
            bottom right (0,13)
    
        Box 4 is at 
            top left     (0,4)
            bottom right (0,5)
    
        Box 5 is at 
            top left     (6,6)
            bottom right (6,7)
    
        Box 6 is at 
            top left     (6,0)
            bottom right (6,1)
    
        Box 7 is at 
            top left     (4,9)
            bottom right (4,10)
    
        Box 8 is at 
            top left     (3,12)
            bottom right (7,12)
    
        Box 9 is at 
            top left     (4,2)
            bottom right (7,5)
    
        Roll length used: 17

    [1;34mTry max length:[0m 16
    [1;34m    At iteration:[0m 10
        lingeling found a solution in .135 ms

       | W
     L | 0 1 2 3 4 5 6 7 
    --------------------
     0 | . . . . 1 1 1 1 
     1 | . . . . 1 1 1 1 
     2 | . . . . 1 1 1 1 
     3 | 7 . . . . . . . 
     4 | 7 . . . . . . . 
     5 | 6 . . . . . . . 
     6 | 6 . . . . . . . 
     7 | 5 . . . . . . . 
     8 | 5 . 9 9 9 9 . . 
     9 | 4 . 9 9 9 9 . . 
    10 | 4 . 9 9 9 9 . . 
    11 | 3 . 9 9 9 9 . . 
    12 | 3 . 8 8 8 8 8 . 
    13 | . . . . 2 2 2 2 
    14 | . . . . 2 2 2 2 
    15 | . . . . 2 2 2 2 
    
    Boxes' corners:      (w,l)
        Box 1 is at 
            top left     (4,0)
            bottom right (7,2)
    
        Box 2 is at 
            top left     (4,13)
            bottom right (7,15)
    
        Box 3 is at 
            top left     (0,11)
            bottom right (0,12)
    
        Box 4 is at 
            top left     (0,9)
            bottom right (0,10)
    
        Box 5 is at 
            top left     (0,7)
            bottom right (0,8)
    
        Box 6 is at 
            top left     (0,5)
            bottom right (0,6)
    
        Box 7 is at 
            top left     (0,3)
            bottom right (0,4)
    
        Box 8 is at 
            top left     (2,12)
            bottom right (6,12)
    
        Box 9 is at 
            top left     (2,8)
            bottom right (5,11)
    
        Roll length used: 16

    [1;34mTry max length:[0m 15
    [1;34m    At iteration:[0m 11
        lingeling found a solution in .124 ms

       | W
     L | 0 1 2 3 4 5 6 7 
    --------------------
     0 | . 3 . . . . . . 
     1 | . 3 . . . . . . 
     2 | . . . . 9 9 9 9 
     3 | 1 1 1 1 9 9 9 9 
     4 | 1 1 1 1 9 9 9 9 
     5 | 1 1 1 1 9 9 9 9 
     6 | . . . 8 8 8 8 8 
     7 | 4 . . . 7 . . . 
     8 | 4 . . . 7 . . 5 
     9 | . . . . . . . 5 
    10 | . . . . . . . . 
    11 | . . . . . . . . 
    12 | . . 2 2 2 2 . . 
    13 | 6 . 2 2 2 2 . . 
    14 | 6 . 2 2 2 2 . . 
    
    Boxes' corners:      (w,l)
        Box 1 is at 
            top left     (0,3)
            bottom right (3,5)
    
        Box 2 is at 
            top left     (2,12)
            bottom right (5,14)
    
        Box 3 is at 
            top left     (1,0)
            bottom right (1,1)
    
        Box 4 is at 
            top left     (0,7)
            bottom right (0,8)
    
        Box 5 is at 
            top left     (7,8)
            bottom right (7,9)
    
        Box 6 is at 
            top left     (0,13)
            bottom right (0,14)
    
        Box 7 is at 
            top left     (4,7)
            bottom right (4,8)
    
        Box 8 is at 
            top left     (3,6)
            bottom right (7,6)
    
        Box 9 is at 
            top left     (4,2)
            bottom right (7,5)
    
        Roll length used: 15

    [1;34mTry max length:[0m 14
    [1;34m    At iteration:[0m 12
        lingeling found a solution in .142 ms

       | W
     L | 0 1 2 3 4 5 6 7 
    --------------------
     0 | 2 2 2 2 1 1 1 1 
     1 | 2 2 2 2 1 1 1 1 
     2 | 2 2 2 2 1 1 1 1 
     3 | 7 . 6 . . . . . 
     4 | 7 . 6 . . . . . 
     5 | 5 4 . . . . . . 
     6 | 5 4 . . . . . . 
     7 | . 9 9 9 9 . . . 
     8 | . 9 9 9 9 . . . 
     9 | 3 9 9 9 9 . . . 
    10 | 3 9 9 9 9 . . . 
    11 | . . . . . . . . 
    12 | . 8 8 8 8 8 . . 
    13 | . . . . . . . . 
    
    Boxes' corners:      (w,l)
        Box 1 is at 
            top left     (4,0)
            bottom right (7,2)
    
        Box 2 is at 
            top left     (0,0)
            bottom right (3,2)
    
        Box 3 is at 
            top left     (0,9)
            bottom right (0,10)
    
        Box 4 is at 
            top left     (1,5)
            bottom right (1,6)
    
        Box 5 is at 
            top left     (0,5)
            bottom right (0,6)
    
        Box 6 is at 
            top left     (2,3)
            bottom right (2,4)
    
        Box 7 is at 
            top left     (0,3)
            bottom right (0,4)
    
        Box 8 is at 
            top left     (1,12)
            bottom right (5,12)
    
        Box 9 is at 
            top left     (1,7)
            bottom right (4,10)
    
        Roll length used: 13

    [1;34mTry max length:[0m 12
    [1;34m    At iteration:[0m 13
        lingeling found a solution in .126 ms

       | W
     L | 0 1 2 3 4 5 6 7 
    --------------------
     0 | 2 2 2 2 1 1 1 1 
     1 | 2 2 2 2 1 1 1 1 
     2 | 2 2 2 2 1 1 1 1 
     3 | 3 9 9 9 9 . . . 
     4 | 3 9 9 9 9 . . . 
     5 | . 9 9 9 9 . . . 
     6 | . 9 9 9 9 . . . 
     7 | 6 . . 7 . . . . 
     8 | 6 . . 7 . . . . 
     9 | . 8 8 8 8 8 . . 
    10 | 5 . 4 4 . . . . 
    11 | 5 . . . . . . . 
    
    Boxes' corners:      (w,l)
        Box 1 is at 
            top left     (4,0)
            bottom right (7,2)
    
        Box 2 is at 
            top left     (0,0)
            bottom right (3,2)
    
        Box 3 is at 
            top left     (0,3)
            bottom right (0,4)
    
        Box 4 is at 
            top left     (2,10)
            bottom right (3,10)
    
        Box 5 is at 
            top left     (0,10)
            bottom right (0,11)
    
        Box 6 is at 
            top left     (0,7)
            bottom right (0,8)
    
        Box 7 is at 
            top left     (3,7)
            bottom right (3,8)
    
        Box 8 is at 
            top left     (1,9)
            bottom right (5,9)
    
        Box 9 is at 
            top left     (1,3)
            bottom right (4,6)
    
        Roll length used: 12

    [1;34mTry max length:[0m 11
    [1;34m    At iteration:[0m 14
        lingeling found a solution in .114 ms

       | W
     L | 0 1 2 3 4 5 6 7 
    --------------------
     0 | 1 1 1 1 . . . . 
     1 | 1 1 1 1 6 . . . 
     2 | 1 1 1 1 6 . . . 
     3 | 7 . 9 9 9 9 . 5 
     4 | 7 . 9 9 9 9 . 5 
     5 | . . 9 9 9 9 . . 
     6 | 3 . 9 9 9 9 . . 
     7 | 3 . 2 2 2 2 4 . 
     8 | . . 2 2 2 2 4 . 
     9 | . . 2 2 2 2 . . 
    10 | . . 8 8 8 8 8 . 
    
    Boxes' corners:      (w,l)
        Box 1 is at 
            top left     (0,0)
            bottom right (3,2)
    
        Box 2 is at 
            top left     (2,7)
            bottom right (5,9)
    
        Box 3 is at 
            top left     (0,6)
            bottom right (0,7)
    
        Box 4 is at 
            top left     (6,7)
            bottom right (6,8)
    
        Box 5 is at 
            top left     (7,3)
            bottom right (7,4)
    
        Box 6 is at 
            top left     (4,1)
            bottom right (4,2)
    
        Box 7 is at 
            top left     (0,3)
            bottom right (0,4)
    
        Box 8 is at 
            top left     (2,10)
            bottom right (6,10)
    
        Box 9 is at 
            top left     (2,3)
            bottom right (5,6)
    
        Roll length used: 11

    [1;34mTry max length:[0m 10
    [1;34m    At iteration:[0m 15
        lingeling found a solution in .103 ms

       | W
     L | 0 1 2 3 4 5 6 7 
    --------------------
     0 | 1 1 1 2 2 2 . 5 
     1 | 1 1 1 2 2 2 . 5 
     2 | 1 1 1 2 2 2 . . 
     3 | 1 1 1 2 2 2 3 6 
     4 | 9 9 9 9 8 . 3 6 
     5 | 9 9 9 9 8 . . . 
     6 | 9 9 9 9 8 . . . 
     7 | 9 9 9 9 8 . . 4 
     8 | . . . . 8 7 . 4 
     9 | . . . . . 7 . . 
    
    Boxes' corners:      (w,l)
        Box 1 is at 
            top left     (0,0)
            bottom right (2,3)
    
        Box 2 is at 
            top left     (3,0)
            bottom right (5,3)
    
        Box 3 is at 
            top left     (6,3)
            bottom right (6,4)
    
        Box 4 is at 
            top left     (7,7)
            bottom right (7,8)
    
        Box 5 is at 
            top left     (7,0)
            bottom right (7,1)
    
        Box 6 is at 
            top left     (7,3)
            bottom right (7,4)
    
        Box 7 is at 
            top left     (5,8)
            bottom right (5,9)
    
        Box 8 is at 
            top left     (4,4)
            bottom right (4,8)
    
        Box 9 is at 
            top left     (0,4)
            bottom right (3,7)
    
        Roll length used: 10

    [1;34mTry max length:[0m 9
    [1;34m    At iteration:[0m 16
        lingeling found a solution in .092 ms

      | W
    L | 0 1 2 3 4 5 6 7 
    --------------------
    0 | 1 1 1 . 9 9 9 9 
    1 | 1 1 1 5 9 9 9 9 
    2 | 1 1 1 5 9 9 9 9 
    3 | 1 1 1 . 9 9 9 9 
    4 | 6 . 7 . . 4 8 . 
    5 | 6 . 7 . . 4 8 . 
    6 | 2 2 2 2 . . 8 . 
    7 | 2 2 2 2 . . 8 3 
    8 | 2 2 2 2 . . 8 3 
    
    Boxes' corners:      (w,l)
        Box 1 is at 
            top left     (0,0)
            bottom right (2,3)
    
        Box 2 is at 
            top left     (0,6)
            bottom right (3,8)
    
        Box 3 is at 
            top left     (7,7)
            bottom right (7,8)
    
        Box 4 is at 
            top left     (5,4)
            bottom right (5,5)
    
        Box 5 is at 
            top left     (3,1)
            bottom right (3,2)
    
        Box 6 is at 
            top left     (0,4)
            bottom right (0,5)
    
        Box 7 is at 
            top left     (2,4)
            bottom right (2,5)
    
        Box 8 is at 
            top left     (6,4)
            bottom right (6,8)
    
        Box 9 is at 
            top left     (4,0)
            bottom right (7,3)
    
        Roll length used: 9

    [1;34mTry max length:[0m 8
    [1;34m    At iteration:[0m 17
        lingeling found a solution in .069 ms

      | W
    L | 0 1 2 3 4 5 6 7 
    --------------------
    0 | 9 9 9 9 4 . 7 7 
    1 | 9 9 9 9 4 2 2 2 
    2 | 9 9 9 9 . 2 2 2 
    3 | 9 9 9 9 . 2 2 2 
    4 | 1 1 1 3 3 2 2 2 
    5 | 1 1 1 6 6 . . . 
    6 | 1 1 1 8 8 8 8 8 
    7 | 1 1 1 . 5 5 . . 
    
    Boxes' corners:      (w,l)
        Box 1 is at 
            top left     (0,4)
            bottom right (2,7)
    
        Box 2 is at 
            top left     (5,1)
            bottom right (7,4)
    
        Box 3 is at 
            top left     (3,4)
            bottom right (4,4)
    
        Box 4 is at 
            top left     (4,0)
            bottom right (4,1)
    
        Box 5 is at 
            top left     (4,7)
            bottom right (5,7)
    
        Box 6 is at 
            top left     (3,5)
            bottom right (4,5)
    
        Box 7 is at 
            top left     (6,0)
            bottom right (7,0)
    
        Box 8 is at 
            top left     (3,6)
            bottom right (7,6)
    
        Box 9 is at 
            top left     (0,0)
            bottom right (3,3)
    
        Roll length used: 8

    [1;34mTry max length:[0m 7
    [1;34m    At iteration:[0m 18
        lingeling found a solution in .076 ms

      | W
    L | 0 1 2 3 4 5 6 7 
    --------------------
    0 | 2 2 2 2 5 5 7 7 
    1 | 2 2 2 2 1 1 1 8 
    2 | 2 2 2 2 1 1 1 8 
    3 | 9 9 9 9 1 1 1 8 
    4 | 9 9 9 9 1 1 1 8 
    5 | 9 9 9 9 6 3 . 8 
    6 | 9 9 9 9 6 3 4 4 
    
    Boxes' corners:      (w,l)
        Box 1 is at 
            top left     (4,1)
            bottom right (6,4)
    
        Box 2 is at 
            top left     (0,0)
            bottom right (3,2)
    
        Box 3 is at 
            top left     (5,5)
            bottom right (5,6)
    
        Box 4 is at 
            top left     (6,6)
            bottom right (7,6)
    
        Box 5 is at 
            top left     (4,0)
            bottom right (5,0)
    
        Box 6 is at 
            top left     (4,5)
            bottom right (4,6)
    
        Box 7 is at 
            top left     (6,0)
            bottom right (7,0)
    
        Box 8 is at 
            top left     (7,1)
            bottom right (7,5)
    
        Box 9 is at 
            top left     (0,3)
            bottom right (3,6)
    
        Roll length used: 7

    [1;34mTry max length:[0m 6
    [1;34m    At iteration:[0m 19
        [3;31mlingeling determined unsatisfiability of the Boolean formula[0m
        [1;32mOptimality reached![0m
