Wed 6 Jun 09:27:23 CEST 2018
    [1;34mTry max length:[0m 999999
    [1;34m    At iteration:[0m 0
        lingeling found a solution in .361 ms

       | W
     L | 0 1 2 3 4 5 6 7  8  9 
    ---------------------------
     0 | . . . . . . 2 2  2  2 
     1 | . . . . . . 2 2  2  2 
     2 | . . . . . . . .  .  . 
     3 | . . . . . . . .  .  . 
     4 | . . . . . . . .  .  . 
     5 | . . . . . . . .  .  . 
     6 | . . . . . . . .  .  . 
     7 | . . . . . . . .  .  . 
     8 | . . . . . . . .  .  . 
     9 | . . . . . . . .  .  . 
    10 | . . . . . . . .  .  . 
    11 | . . . 1 1 1 1 .  .  . 
    12 | . . . 1 1 1 1 .  .  6 
    13 | . . . . . . . .  .  6 
    14 | . . . . . . . .  .  . 
    15 | . . . . . . . .  .  . 
    16 | . . . . . . . .  .  . 
    17 | . . . . . . . .  .  . 
    18 | . . . . . . . .  .  9 
    19 | . . . . . . . .  .  9 
    20 | 8 . . . . . . .  .  7 
    21 | 8 . . . . . . .  .  7 
    22 | 4 . . . . . . .  .  5 
    23 | 4 . . . . . . .  .  5 
    24 | 3 3 3 3 . . . . 10 10 
    25 | 3 3 3 3 . . . . 10 10 
    
    Boxes' corners:       (w,l)
        Box  1 is at 
            top left     (3,11)
            bottom right (6,12)
    
        Box  2 is at 
            top left     (6,0)
            bottom right (9,1)
    
        Box  3 is at 
            top left     (0,24)
            bottom right (3,25)
    
        Box  4 is at 
            top left     (0,22)
            bottom right (0,23)
    
        Box  5 is at 
            top left     (9,22)
            bottom right (9,23)
    
        Box  6 is at 
            top left     (9,12)
            bottom right (9,13)
    
        Box  7 is at 
            top left     (9,20)
            bottom right (9,21)
    
        Box  8 is at 
            top left     (0,20)
            bottom right (0,21)
    
        Box  9 is at 
            top left     (9,18)
            bottom right (9,19)
    
        Box 10 is at 
            top left     (8,24)
            bottom right (9,25)
    
        Roll length used: 26

    [1;34mTry max length:[0m 25
    [1;34m    At iteration:[0m 1
        lingeling found a solution in .331 ms

       | W
     L | 0 1 2 3 4 5 6 7  8  9 
    ---------------------------
     0 | . . . 3 3 3 3 .  .  . 
     1 | . . . 3 3 3 3 .  .  . 
     2 | . . . . . . . .  .  . 
     3 | . . . . . . . .  .  . 
     4 | . . . . . . . .  .  . 
     5 | . . . . . . . .  .  . 
     6 | . . . . . . . .  .  . 
     7 | . . . . . . . .  .  . 
     8 | . . . . . . . .  .  . 
     9 | . . . . . . . .  .  . 
    10 | . . . . . . . .  .  . 
    11 | . . . 1 1 1 1 .  .  . 
    12 | . . . 1 1 1 1 .  .  . 
    13 | . . . . . . . .  .  . 
    14 | . . . . . . . .  .  . 
    15 | . . . . . . . .  .  . 
    16 | . . . . . . . .  .  . 
    17 | 9 . . . . . . .  .  . 
    18 | 9 . . . . . . .  .  . 
    19 | 7 . . . . . . .  .  8 
    20 | 7 . . . . . . .  .  8 
    21 | 6 . . . . . . .  .  5 
    22 | 6 . . . . . . .  .  5 
    23 | 4 2 2 2 2 . . . 10 10 
    24 | 4 2 2 2 2 . . . 10 10 
    
    Boxes' corners:       (w,l)
        Box  1 is at 
            top left     (3,11)
            bottom right (6,12)
    
        Box  2 is at 
            top left     (1,23)
            bottom right (4,24)
    
        Box  3 is at 
            top left     (3,0)
            bottom right (6,1)
    
        Box  4 is at 
            top left     (0,23)
            bottom right (0,24)
    
        Box  5 is at 
            top left     (9,21)
            bottom right (9,22)
    
        Box  6 is at 
            top left     (0,21)
            bottom right (0,22)
    
        Box  7 is at 
            top left     (0,19)
            bottom right (0,20)
    
        Box  8 is at 
            top left     (9,19)
            bottom right (9,20)
    
        Box  9 is at 
            top left     (0,17)
            bottom right (0,18)
    
        Box 10 is at 
            top left     (8,23)
            bottom right (9,24)
    
        Roll length used: 25

    [1;34mTry max length:[0m 24
    [1;34m    At iteration:[0m 2
        lingeling found a solution in .302 ms

       | W
     L | 0 1 2 3  4  5 6 7 8 9 
    ---------------------------
     0 | . . . .  .  . 2 2 2 2 
     1 | . . . .  .  . 2 2 2 2 
     2 | . . . .  .  . . . . . 
     3 | . . . .  .  . . . . . 
     4 | . . . .  .  . . . . . 
     5 | . . . .  .  . . . . . 
     6 | . . . .  .  . . . . . 
     7 | . . . .  .  . . . . . 
     8 | . . . .  .  . . . . . 
     9 | . . . .  .  . . . . . 
    10 | . . 1 1  1  1 . . . . 
    11 | . . 1 1  1  1 . . . . 
    12 | . . . .  .  . . . . . 
    13 | . . . .  .  . . . . . 
    14 | . . . .  .  . . . . . 
    15 | . . . .  .  . . . . . 
    16 | . . . .  .  . . . . 9 
    17 | . . . .  .  . . . . 9 
    18 | 7 . . .  .  . . . . 8 
    19 | 7 . . .  .  . . . . 8 
    20 | 5 . . .  .  . . . . 6 
    21 | 5 . . .  .  . . . . 6 
    22 | 4 . . . 10 10 3 3 3 3 
    23 | 4 . . . 10 10 3 3 3 3 
    
    Boxes' corners:       (w,l)
        Box  1 is at 
            top left     (2,10)
            bottom right (5,11)
    
        Box  2 is at 
            top left     (6,0)
            bottom right (9,1)
    
        Box  3 is at 
            top left     (6,22)
            bottom right (9,23)
    
        Box  4 is at 
            top left     (0,22)
            bottom right (0,23)
    
        Box  5 is at 
            top left     (0,20)
            bottom right (0,21)
    
        Box  6 is at 
            top left     (9,20)
            bottom right (9,21)
    
        Box  7 is at 
            top left     (0,18)
            bottom right (0,19)
    
        Box  8 is at 
            top left     (9,18)
            bottom right (9,19)
    
        Box  9 is at 
            top left     (9,16)
            bottom right (9,17)
    
        Box 10 is at 
            top left     (4,22)
            bottom right (5,23)
    
        Roll length used: 24

    [1;34mTry max length:[0m 23
    [1;34m    At iteration:[0m 3
        lingeling found a solution in .285 ms

       | W
     L | 0 1 2 3 4 5 6 7  8  9 
    ---------------------------
     0 | . . . . . . 3 3  3  3 
     1 | . . . . . . 3 3  3  3 
     2 | . . . . . . . .  .  . 
     3 | . . . . . . . .  .  . 
     4 | . . . . . . . .  .  . 
     5 | . . . . . . . .  .  . 
     6 | . . . . . . . .  .  . 
     7 | . . . . . . . .  .  . 
     8 | . . . . . . . .  .  . 
     9 | . . . . . . . .  .  . 
    10 | . . . 1 1 1 1 .  .  . 
    11 | . . . 1 1 1 1 .  .  . 
    12 | . . . . . . . .  .  . 
    13 | . . . . . . . .  .  . 
    14 | . . . . . . . .  .  . 
    15 | 9 . . . . . . .  .  8 
    16 | 9 . . . . . . .  .  8 
    17 | 7 . . . . . . .  .  6 
    18 | 7 . . . . . . .  .  6 
    19 | 5 . . . . . . .  .  4 
    20 | 5 . . . . . . .  .  4 
    21 | 2 2 2 2 . . . . 10 10 
    22 | 2 2 2 2 . . . . 10 10 
    
    Boxes' corners:       (w,l)
        Box  1 is at 
            top left     (3,10)
            bottom right (6,11)
    
        Box  2 is at 
            top left     (0,21)
            bottom right (3,22)
    
        Box  3 is at 
            top left     (6,0)
            bottom right (9,1)
    
        Box  4 is at 
            top left     (9,19)
            bottom right (9,20)
    
        Box  5 is at 
            top left     (0,19)
            bottom right (0,20)
    
        Box  6 is at 
            top left     (9,17)
            bottom right (9,18)
    
        Box  7 is at 
            top left     (0,17)
            bottom right (0,18)
    
        Box  8 is at 
            top left     (9,15)
            bottom right (9,16)
    
        Box  9 is at 
            top left     (0,15)
            bottom right (0,16)
    
        Box 10 is at 
            top left     (8,21)
            bottom right (9,22)
    
        Roll length used: 23

    [1;34mTry max length:[0m 22
    [1;34m    At iteration:[0m 4
        lingeling found a solution in .267 ms

       | W
     L | 0 1 2 3 4 5 6 7  8  9 
    ---------------------------
     0 | 3 3 3 3 . . 2 2  2  2 
     1 | 3 3 3 3 . . 2 2  2  2 
     2 | . . . . . . . .  .  . 
     3 | . . . . . . . .  .  . 
     4 | . . . . . . . .  .  . 
     5 | . . . . . . . .  .  . 
     6 | . . . . . . . .  .  . 
     7 | . . . . . . . .  .  . 
     8 | . . . . . . . .  .  . 
     9 | . . 1 1 1 1 . .  .  . 
    10 | . . 1 1 1 1 . .  .  . 
    11 | . . . . . . . .  .  . 
    12 | . . . . . . . .  .  . 
    13 | . . . . . . . .  .  . 
    14 | 9 . . . . . . .  .  . 
    15 | 9 . . . . . . .  .  . 
    16 | 6 . . . . . . .  .  8 
    17 | 6 . . . . . . .  .  8 
    18 | 5 . . . . . . .  .  7 
    19 | 5 . . . . . . .  .  7 
    20 | 4 . . . . . . . 10 10 
    21 | 4 . . . . . . . 10 10 
    
    Boxes' corners:       (w,l)
        Box  1 is at 
            top left     (2,9)
            bottom right (5,10)
    
        Box  2 is at 
            top left     (6,0)
            bottom right (9,1)
    
        Box  3 is at 
            top left     (0,0)
            bottom right (3,1)
    
        Box  4 is at 
            top left     (0,20)
            bottom right (0,21)
    
        Box  5 is at 
            top left     (0,18)
            bottom right (0,19)
    
        Box  6 is at 
            top left     (0,16)
            bottom right (0,17)
    
        Box  7 is at 
            top left     (9,18)
            bottom right (9,19)
    
        Box  8 is at 
            top left     (9,16)
            bottom right (9,17)
    
        Box  9 is at 
            top left     (0,14)
            bottom right (0,15)
    
        Box 10 is at 
            top left     (8,20)
            bottom right (9,21)
    
        Roll length used: 22

    [1;34mTry max length:[0m 21
    [1;34m    At iteration:[0m 5
        lingeling found a solution in .246 ms

       | W
     L | 0 1 2 3  4  5 6 7 8 9 
    ---------------------------
     0 | . . . .  .  . 3 3 3 3 
     1 | . . . .  .  . 3 3 3 3 
     2 | . . . .  .  . . . . . 
     3 | . . . .  .  . . . . . 
     4 | . . . .  .  . . . . . 
     5 | . . . .  .  . . . . . 
     6 | . . . .  .  . . . . . 
     7 | . . . .  .  . . . . . 
     8 | . . . .  .  . . . . . 
     9 | . . 1 1  1  1 . . . . 
    10 | . . 1 1  1  1 . . . . 
    11 | . . . .  .  . . . . . 
    12 | . . . .  .  . . . . 9 
    13 | . . . .  .  . . . . 9 
    14 | . . . .  .  . . . . . 
    15 | 8 . . .  .  . . . . 6 
    16 | 8 . . .  .  . . . . 6 
    17 | 5 . . .  .  . . . . 7 
    18 | 5 . . .  .  . . . . 7 
    19 | 4 . . . 10 10 2 2 2 2 
    20 | 4 . . . 10 10 2 2 2 2 
    
    Boxes' corners:       (w,l)
        Box  1 is at 
            top left     (2,9)
            bottom right (5,10)
    
        Box  2 is at 
            top left     (6,19)
            bottom right (9,20)
    
        Box  3 is at 
            top left     (6,0)
            bottom right (9,1)
    
        Box  4 is at 
            top left     (0,19)
            bottom right (0,20)
    
        Box  5 is at 
            top left     (0,17)
            bottom right (0,18)
    
        Box  6 is at 
            top left     (9,15)
            bottom right (9,16)
    
        Box  7 is at 
            top left     (9,17)
            bottom right (9,18)
    
        Box  8 is at 
            top left     (0,15)
            bottom right (0,16)
    
        Box  9 is at 
            top left     (9,12)
            bottom right (9,13)
    
        Box 10 is at 
            top left     (4,19)
            bottom right (5,20)
    
        Roll length used: 21

    [1;34mTry max length:[0m 20
    [1;34m    At iteration:[0m 6
        lingeling found a solution in .239 ms

       | W
     L | 0 1 2 3 4 5 6 7  8  9 
    ---------------------------
     0 | 3 3 3 3 . . 2 2  2  2 
     1 | 3 3 3 3 . . 2 2  2  2 
     2 | . . . . . . . .  .  . 
     3 | . . . . . . . .  .  . 
     4 | . . . . . . . .  .  . 
     5 | . . . . . . . .  .  . 
     6 | . . . . . . . .  .  . 
     7 | . . . . . . . .  .  . 
     8 | . . 1 1 1 1 . .  .  9 
     9 | . . 1 1 1 1 . .  .  9 
    10 | . . . . . . . .  .  . 
    11 | . . . . . . . .  .  . 
    12 | . . . . . . . .  .  . 
    13 | . . . . . . . .  .  8 
    14 | 6 . . . . . . .  .  8 
    15 | 6 . . . . . . .  .  7 
    16 | 5 . . . . . . .  .  7 
    17 | 5 . . . . . . .  .  . 
    18 | 4 . . . . . . . 10 10 
    19 | 4 . . . . . . . 10 10 
    
    Boxes' corners:       (w,l)
        Box  1 is at 
            top left     (2,8)
            bottom right (5,9)
    
        Box  2 is at 
            top left     (6,0)
            bottom right (9,1)
    
        Box  3 is at 
            top left     (0,0)
            bottom right (3,1)
    
        Box  4 is at 
            top left     (0,18)
            bottom right (0,19)
    
        Box  5 is at 
            top left     (0,16)
            bottom right (0,17)
    
        Box  6 is at 
            top left     (0,14)
            bottom right (0,15)
    
        Box  7 is at 
            top left     (9,15)
            bottom right (9,16)
    
        Box  8 is at 
            top left     (9,13)
            bottom right (9,14)
    
        Box  9 is at 
            top left     (9,8)
            bottom right (9,9)
    
        Box 10 is at 
            top left     (8,18)
            bottom right (9,19)
    
        Roll length used: 20

    [1;34mTry max length:[0m 19
    [1;34m    At iteration:[0m 7
        lingeling found a solution in .220 ms

       | W
     L | 0 1 2 3 4 5 6 7  8  9 
    ---------------------------
     0 | . . 3 3 3 3 2 2  2  2 
     1 | . . 3 3 3 3 2 2  2  2 
     2 | . . . . . . . .  .  7 
     3 | . . . . . . . .  .  7 
     4 | . . . . . . . .  .  . 
     5 | . . . . . . . .  .  . 
     6 | . . . . . . . .  .  . 
     7 | . . . . . . . .  .  9 
     8 | . . 1 1 1 1 . .  .  9 
     9 | . . 1 1 1 1 . .  .  8 
    10 | . . . . . . . .  .  8 
    11 | . . . . . . . .  .  . 
    12 | . . . . . . . .  .  . 
    13 | 6 . . . . . . .  .  . 
    14 | 6 . . . . . . .  .  . 
    15 | 5 . . . . . . .  .  . 
    16 | 5 . . . . . . .  .  . 
    17 | 4 . . . . . . . 10 10 
    18 | 4 . . . . . . . 10 10 
    
    Boxes' corners:       (w,l)
        Box  1 is at 
            top left     (2,8)
            bottom right (5,9)
    
        Box  2 is at 
            top left     (6,0)
            bottom right (9,1)
    
        Box  3 is at 
            top left     (2,0)
            bottom right (5,1)
    
        Box  4 is at 
            top left     (0,17)
            bottom right (0,18)
    
        Box  5 is at 
            top left     (0,15)
            bottom right (0,16)
    
        Box  6 is at 
            top left     (0,13)
            bottom right (0,14)
    
        Box  7 is at 
            top left     (9,2)
            bottom right (9,3)
    
        Box  8 is at 
            top left     (9,9)
            bottom right (9,10)
    
        Box  9 is at 
            top left     (9,7)
            bottom right (9,8)
    
        Box 10 is at 
            top left     (8,17)
            bottom right (9,18)
    
        Roll length used: 19

    [1;34mTry max length:[0m 18
    [1;34m    At iteration:[0m 8
        lingeling found a solution in .204 ms

       | W
     L | 0 1 2 3 4 5 6 7  8  9 
    ---------------------------
     0 | 3 3 3 3 . . 2 2  2  2 
     1 | 3 3 3 3 . . 2 2  2  2 
     2 | . . . . . . . .  .  . 
     3 | . . . . . . . .  .  . 
     4 | . . . . . . . .  .  . 
     5 | . . . . . . . .  .  8 
     6 | . . . . . . . .  .  8 
     7 | . 1 1 1 1 . . .  .  . 
     8 | . 1 1 1 1 . . .  .  . 
     9 | . . . . . . . .  .  . 
    10 | . . . . . . . .  .  . 
    11 | . . . . . . . .  .  7 
    12 | 6 . . . . . . .  .  7 
    13 | 6 . . . . . . .  .  . 
    14 | 5 . . . . . . .  .  9 
    15 | 5 . . . . . . .  .  9 
    16 | 4 . . . . . . . 10 10 
    17 | 4 . . . . . . . 10 10 
    
    Boxes' corners:       (w,l)
        Box  1 is at 
            top left     (1,7)
            bottom right (4,8)
    
        Box  2 is at 
            top left     (6,0)
            bottom right (9,1)
    
        Box  3 is at 
            top left     (0,0)
            bottom right (3,1)
    
        Box  4 is at 
            top left     (0,16)
            bottom right (0,17)
    
        Box  5 is at 
            top left     (0,14)
            bottom right (0,15)
    
        Box  6 is at 
            top left     (0,12)
            bottom right (0,13)
    
        Box  7 is at 
            top left     (9,11)
            bottom right (9,12)
    
        Box  8 is at 
            top left     (9,5)
            bottom right (9,6)
    
        Box  9 is at 
            top left     (9,14)
            bottom right (9,15)
    
        Box 10 is at 
            top left     (8,16)
            bottom right (9,17)
    
        Roll length used: 18

    [1;34mTry max length:[0m 17
    [1;34m    At iteration:[0m 9
        lingeling found a solution in .188 ms

       | W
     L | 0 1 2 3 4 5 6 7  8  9 
    ---------------------------
     0 | 3 3 3 3 . . 2 2  2  2 
     1 | 3 3 3 3 . . 2 2  2  2 
     2 | . . . . . . . .  .  4 
     3 | . . . . . . . .  .  4 
     4 | . . . . . . . .  .  . 
     5 | . . . . . . . .  .  . 
     6 | . . . . . . . .  .  . 
     7 | . . 1 1 1 1 . .  .  . 
     8 | . . 1 1 1 1 . .  .  . 
     9 | . . . . . . . .  .  . 
    10 | . . . . . . . .  .  9 
    11 | 8 . . . . . . .  .  9 
    12 | 8 . . . . . . .  .  . 
    13 | 7 . . . . . . .  .  6 
    14 | 7 . . . . . . .  .  6 
    15 | 5 . . . . . . . 10 10 
    16 | 5 . . . . . . . 10 10 
    
    Boxes' corners:       (w,l)
        Box  1 is at 
            top left     (2,7)
            bottom right (5,8)
    
        Box  2 is at 
            top left     (6,0)
            bottom right (9,1)
    
        Box  3 is at 
            top left     (0,0)
            bottom right (3,1)
    
        Box  4 is at 
            top left     (9,2)
            bottom right (9,3)
    
        Box  5 is at 
            top left     (0,15)
            bottom right (0,16)
    
        Box  6 is at 
            top left     (9,13)
            bottom right (9,14)
    
        Box  7 is at 
            top left     (0,13)
            bottom right (0,14)
    
        Box  8 is at 
            top left     (0,11)
            bottom right (0,12)
    
        Box  9 is at 
            top left     (9,10)
            bottom right (9,11)
    
        Box 10 is at 
            top left     (8,15)
            bottom right (9,16)
    
        Roll length used: 17

    [1;34mTry max length:[0m 16
    [1;34m    At iteration:[0m 10
        lingeling found a solution in .172 ms

       | W
     L | 0 1 2 3  4  5 6 7 8 9 
    ---------------------------
     0 | . . . .  .  . 3 3 3 3 
     1 | . . . .  .  . 3 3 3 3 
     2 | . . . .  .  . . . . . 
     3 | . . . .  .  . . . . . 
     4 | . . . .  .  . . . . . 
     5 | . . . .  .  . . . . . 
     6 | . . 1 1  1  1 . . . 7 
     7 | . . 1 1  1  1 . . . 7 
     8 | . . . .  .  . . . . 9 
     9 | . . . .  .  . . . . 9 
    10 | 6 . . .  .  . . . . 8 
    11 | 6 . . .  .  . . . . 8 
    12 | 4 . . .  .  . . . . . 
    13 | 4 . . .  .  . . . . . 
    14 | 5 . . . 10 10 2 2 2 2 
    15 | 5 . . . 10 10 2 2 2 2 
    
    Boxes' corners:       (w,l)
        Box  1 is at 
            top left     (2,6)
            bottom right (5,7)
    
        Box  2 is at 
            top left     (6,14)
            bottom right (9,15)
    
        Box  3 is at 
            top left     (6,0)
            bottom right (9,1)
    
        Box  4 is at 
            top left     (0,12)
            bottom right (0,13)
    
        Box  5 is at 
            top left     (0,14)
            bottom right (0,15)
    
        Box  6 is at 
            top left     (0,10)
            bottom right (0,11)
    
        Box  7 is at 
            top left     (9,6)
            bottom right (9,7)
    
        Box  8 is at 
            top left     (9,10)
            bottom right (9,11)
    
        Box  9 is at 
            top left     (9,8)
            bottom right (9,9)
    
        Box 10 is at 
            top left     (4,14)
            bottom right (5,15)
    
        Roll length used: 16

    [1;34mTry max length:[0m 15
    [1;34m    At iteration:[0m 11
        lingeling found a solution in .158 ms

       | W
     L | 0 1 2 3 4 5 6 7  8  9 
    ---------------------------
     0 | . . 2 2 2 2 3 3  3  3 
     1 | 8 . 2 2 2 2 3 3  3  3 
     2 | 8 . . . . . . .  .  . 
     3 | . . . . . . . .  .  . 
     4 | 5 . . . . 9 . .  .  . 
     5 | 5 . . . . 9 . .  .  . 
     6 | . . 1 1 1 1 . .  .  . 
     7 | . . 1 1 1 1 . .  .  . 
     8 | . . . . . . . .  .  . 
     9 | . . . . . . . .  .  . 
    10 | 6 . . . . . . .  .  . 
    11 | 6 . . . . . . .  .  7 
    12 | 4 . . . . . . .  .  7 
    13 | 4 . . . . . . . 10 10 
    14 | . . . . . . . . 10 10 
    
    Boxes' corners:       (w,l)
        Box  1 is at 
            top left     (2,6)
            bottom right (5,7)
    
        Box  2 is at 
            top left     (2,0)
            bottom right (5,1)
    
        Box  3 is at 
            top left     (6,0)
            bottom right (9,1)
    
        Box  4 is at 
            top left     (0,12)
            bottom right (0,13)
    
        Box  5 is at 
            top left     (0,4)
            bottom right (0,5)
    
        Box  6 is at 
            top left     (0,10)
            bottom right (0,11)
    
        Box  7 is at 
            top left     (9,11)
            bottom right (9,12)
    
        Box  8 is at 
            top left     (0,1)
            bottom right (0,2)
    
        Box  9 is at 
            top left     (5,4)
            bottom right (5,5)
    
        Box 10 is at 
            top left     (8,13)
            bottom right (9,14)
    
        Roll length used: 15

    [1;34mTry max length:[0m 14
    [1;34m    At iteration:[0m 12
        lingeling found a solution in .178 ms

       | W
     L | 0 1 2 3  4  5 6 7 8 9 
    ---------------------------
     0 | 1 1 1 1  .  2 2 2 2 . 
     1 | 1 1 1 1  .  2 2 2 2 . 
     2 | 7 . . .  .  . . . . 8 
     3 | 7 . . .  .  . . . . 8 
     4 | . . . .  .  . . . . . 
     5 | . . . .  .  . . . . 4 
     6 | . . . .  .  . . . . 4 
     7 | . . . .  .  . . . . . 
     8 | . . . .  .  . . . . . 
     9 | 9 . . .  .  . . . . . 
    10 | 9 . . .  .  . . . . . 
    11 | . . . .  .  . . . . . 
    12 | 5 . . . 10 10 3 3 3 3 
    13 | 5 . 6 6 10 10 3 3 3 3 
    
    Boxes' corners:       (w,l)
        Box  1 is at 
            top left     (0,0)
            bottom right (3,1)
    
        Box  2 is at 
            top left     (5,0)
            bottom right (8,1)
    
        Box  3 is at 
            top left     (6,12)
            bottom right (9,13)
    
        Box  4 is at 
            top left     (9,5)
            bottom right (9,6)
    
        Box  5 is at 
            top left     (0,12)
            bottom right (0,13)
    
        Box  6 is at 
            top left     (2,13)
            bottom right (3,13)
    
        Box  7 is at 
            top left     (0,2)
            bottom right (0,3)
    
        Box  8 is at 
            top left     (9,2)
            bottom right (9,3)
    
        Box  9 is at 
            top left     (0,9)
            bottom right (0,10)
    
        Box 10 is at 
            top left     (4,12)
            bottom right (5,13)
    
        Roll length used: 14

    [1;34mTry max length:[0m 13
    [1;34m    At iteration:[0m 13
        lingeling found a solution in .141 ms

       | W
     L | 0 1 2 3 4 5 6 7  8  9 
    ---------------------------
     0 | 8 . . . . . 2 2  2  2 
     1 | 8 3 3 3 3 . 2 2  2  2 
     2 | . 3 3 3 3 . . .  .  . 
     3 | 5 . . . . . 9 .  .  . 
     4 | 5 . 6 . . . 9 .  .  . 
     5 | . . 6 . . . . .  .  . 
     6 | 1 1 1 1 . . . .  .  . 
     7 | 1 1 1 1 . . . .  .  7 
     8 | . . . . . . . .  .  7 
     9 | . . . . . . . .  .  . 
    10 | . . . . . . . .  .  . 
    11 | 4 . . . . . . . 10 10 
    12 | 4 . . . . . . . 10 10 
    
    Boxes' corners:       (w,l)
        Box  1 is at 
            top left     (0,6)
            bottom right (3,7)
    
        Box  2 is at 
            top left     (6,0)
            bottom right (9,1)
    
        Box  3 is at 
            top left     (1,1)
            bottom right (4,2)
    
        Box  4 is at 
            top left     (0,11)
            bottom right (0,12)
    
        Box  5 is at 
            top left     (0,3)
            bottom right (0,4)
    
        Box  6 is at 
            top left     (2,4)
            bottom right (2,5)
    
        Box  7 is at 
            top left     (9,7)
            bottom right (9,8)
    
        Box  8 is at 
            top left     (0,0)
            bottom right (0,1)
    
        Box  9 is at 
            top left     (6,3)
            bottom right (6,4)
    
        Box 10 is at 
            top left     (8,11)
            bottom right (9,12)
    
        Roll length used: 13

    [1;34mTry max length:[0m 12
    [1;34m    At iteration:[0m 14
        lingeling found a solution in .123 ms

       | W
     L | 0 1 2 3 4 5 6 7  8  9 
    ---------------------------
     0 | 7 . 1 1 1 1 3 3  3  3 
     1 | 7 . 1 1 1 1 3 3  3  3 
     2 | 2 2 2 2 . . . .  8  . 
     3 | 2 2 2 2 . . . .  8  . 
     4 | . . . . . . . .  .  . 
     5 | . . . . . . . .  .  . 
     6 | . . . . . . . .  .  . 
     7 | . . . . . . . .  .  . 
     8 | . . . . . 9 6 .  .  . 
     9 | . . . . . 9 6 .  .  . 
    10 | . . . . . 5 . 4 10 10 
    11 | . . . . . 5 . 4 10 10 
    
    Boxes' corners:       (w,l)
        Box  1 is at 
            top left     (2,0)
            bottom right (5,1)
    
        Box  2 is at 
            top left     (0,2)
            bottom right (3,3)
    
        Box  3 is at 
            top left     (6,0)
            bottom right (9,1)
    
        Box  4 is at 
            top left     (7,10)
            bottom right (7,11)
    
        Box  5 is at 
            top left     (5,10)
            bottom right (5,11)
    
        Box  6 is at 
            top left     (6,8)
            bottom right (6,9)
    
        Box  7 is at 
            top left     (0,0)
            bottom right (0,1)
    
        Box  8 is at 
            top left     (8,2)
            bottom right (8,3)
    
        Box  9 is at 
            top left     (5,8)
            bottom right (5,9)
    
        Box 10 is at 
            top left     (8,10)
            bottom right (9,11)
    
        Roll length used: 12

    [1;34mTry max length:[0m 11
    [1;34m    At iteration:[0m 15
        lingeling found a solution in .136 ms

       | W
     L | 0 1 2 3 4 5 6  7  8 9 
    ---------------------------
     0 | 2 2 2 2 3 3 3  3  . . 
     1 | 2 2 2 2 3 3 3  3  . . 
     2 | . . . . . . 8  .  . 5 
     3 | 9 . . . . . 8  .  . 5 
     4 | 9 . . . . . .  .  . . 
     5 | 1 1 1 1 . . .  .  . . 
     6 | 1 1 1 1 . . .  .  . . 
     7 | . . . . . . .  .  . . 
     8 | . . . . . . 6  .  . 7 
     9 | 4 . . . . . 6 10 10 7 
    10 | 4 . . . . . . 10 10 . 
    
    Boxes' corners:       (w,l)
        Box  1 is at 
            top left     (0,5)
            bottom right (3,6)
    
        Box  2 is at 
            top left     (0,0)
            bottom right (3,1)
    
        Box  3 is at 
            top left     (4,0)
            bottom right (7,1)
    
        Box  4 is at 
            top left     (0,9)
            bottom right (0,10)
    
        Box  5 is at 
            top left     (9,2)
            bottom right (9,3)
    
        Box  6 is at 
            top left     (6,8)
            bottom right (6,9)
    
        Box  7 is at 
            top left     (9,8)
            bottom right (9,9)
    
        Box  8 is at 
            top left     (6,2)
            bottom right (6,3)
    
        Box  9 is at 
            top left     (0,3)
            bottom right (0,4)
    
        Box 10 is at 
            top left     (7,9)
            bottom right (8,10)
    
        Roll length used: 11

    [1;34mTry max length:[0m 10
    [1;34m    At iteration:[0m 16
        lingeling found a solution in .125 ms

       | W
     L | 0 1 2 3 4 5  6  7 8 9 
    ---------------------------
     0 | . . . . . .  .  . . . 
     1 | 1 1 . . . .  .  . 3 3 
     2 | 1 1 . . . .  .  . 3 3 
     3 | 1 1 . . . .  .  . 3 3 
     4 | 1 1 . . . .  .  . 3 3 
     5 | . . . . . .  .  . . . 
     6 | 2 2 . . . .  .  . 8 9 
     7 | 2 2 . . . .  .  . 8 9 
     8 | 2 2 5 7 . . 10 10 4 6 
     9 | 2 2 5 7 . . 10 10 4 6 
    
    Boxes' corners:       (w,l)
        Box  1 is at 
            top left     (0,1)
            bottom right (1,4)
    
        Box  2 is at 
            top left     (0,6)
            bottom right (1,9)
    
        Box  3 is at 
            top left     (8,1)
            bottom right (9,4)
    
        Box  4 is at 
            top left     (8,8)
            bottom right (8,9)
    
        Box  5 is at 
            top left     (2,8)
            bottom right (2,9)
    
        Box  6 is at 
            top left     (9,8)
            bottom right (9,9)
    
        Box  7 is at 
            top left     (3,8)
            bottom right (3,9)
    
        Box  8 is at 
            top left     (8,6)
            bottom right (8,7)
    
        Box  9 is at 
            top left     (9,6)
            bottom right (9,7)
    
        Box 10 is at 
            top left     (6,8)
            bottom right (7,9)
    
        Roll length used: 10

    [1;34mTry max length:[0m 9
    [1;34m    At iteration:[0m 17
        lingeling found a solution in .112 ms

      | W
    L | 0 1 2 3 4 5  6  7 8 9 
    ---------------------------
    0 | 1 1 . . . .  .  . . 5 
    1 | 1 1 . . . .  .  . . 5 
    2 | 1 1 . . . .  .  . . . 
    3 | 1 1 . . . .  9  . . 4 
    4 | . . . . . .  9  . . 4 
    5 | 3 3 . . . .  .  . 2 2 
    6 | 3 3 8 7 . .  .  . 2 2 
    7 | 3 3 8 7 6 . 10 10 2 2 
    8 | 3 3 . . 6 . 10 10 2 2 
    
    Boxes' corners:       (w,l)
        Box  1 is at 
            top left     (0,0)
            bottom right (1,3)
    
        Box  2 is at 
            top left     (8,5)
            bottom right (9,8)
    
        Box  3 is at 
            top left     (0,5)
            bottom right (1,8)
    
        Box  4 is at 
            top left     (9,3)
            bottom right (9,4)
    
        Box  5 is at 
            top left     (9,0)
            bottom right (9,1)
    
        Box  6 is at 
            top left     (4,7)
            bottom right (4,8)
    
        Box  7 is at 
            top left     (3,6)
            bottom right (3,7)
    
        Box  8 is at 
            top left     (2,6)
            bottom right (2,7)
    
        Box  9 is at 
            top left     (6,3)
            bottom right (6,4)
    
        Box 10 is at 
            top left     (6,7)
            bottom right (7,8)
    
        Roll length used: 9

    [1;34mTry max length:[0m 8
    [1;34m    At iteration:[0m 18
        lingeling found a solution in .104 ms

      | W
    L | 0 1 2 3 4 5  6  7 8 9 
    ---------------------------
    0 | 4 . . . . .  .  . 3 3 
    1 | 4 . . . . .  .  . 3 3 
    2 | . . . . . .  .  . 3 3 
    3 | 1 1 . . . .  .  . 3 3 
    4 | 1 1 . . . 9  8  . 2 2 
    5 | 1 1 7 6 5 9  8  . 2 2 
    6 | 1 1 7 6 5 . 10 10 2 2 
    7 | . . . . . . 10 10 2 2 
    
    Boxes' corners:       (w,l)
        Box  1 is at 
            top left     (0,3)
            bottom right (1,6)
    
        Box  2 is at 
            top left     (8,4)
            bottom right (9,7)
    
        Box  3 is at 
            top left     (8,0)
            bottom right (9,3)
    
        Box  4 is at 
            top left     (0,0)
            bottom right (0,1)
    
        Box  5 is at 
            top left     (4,5)
            bottom right (4,6)
    
        Box  6 is at 
            top left     (3,5)
            bottom right (3,6)
    
        Box  7 is at 
            top left     (2,5)
            bottom right (2,6)
    
        Box  8 is at 
            top left     (6,4)
            bottom right (6,5)
    
        Box  9 is at 
            top left     (5,4)
            bottom right (5,5)
    
        Box 10 is at 
            top left     (6,6)
            bottom right (7,7)
    
        Roll length used: 8

    [1;34mTry max length:[0m 7
    [1;34m    At iteration:[0m 19
        lingeling found a solution in .082 ms

      | W
    L | 0 1 2 3 4 5 6  7  8 9 
    ---------------------------
    0 | 6 . . . . . .  .  . 9 
    1 | 6 . 2 2 . . . 10 10 9 
    2 | . . 2 2 1 1 . 10 10 . 
    3 | . . 2 2 1 1 4  3  3 . 
    4 | . . 2 2 1 1 4  3  3 . 
    5 | . 7 . . 1 1 .  3  3 8 
    6 | . 7 5 5 . . .  3  3 8 
    
    Boxes' corners:       (w,l)
        Box  1 is at 
            top left     (4,2)
            bottom right (5,5)
    
        Box  2 is at 
            top left     (2,1)
            bottom right (3,4)
    
        Box  3 is at 
            top left     (7,3)
            bottom right (8,6)
    
        Box  4 is at 
            top left     (6,3)
            bottom right (6,4)
    
        Box  5 is at 
            top left     (2,6)
            bottom right (3,6)
    
        Box  6 is at 
            top left     (0,0)
            bottom right (0,1)
    
        Box  7 is at 
            top left     (1,5)
            bottom right (1,6)
    
        Box  8 is at 
            top left     (9,5)
            bottom right (9,6)
    
        Box  9 is at 
            top left     (9,0)
            bottom right (9,1)
    
        Box 10 is at 
            top left     (7,1)
            bottom right (8,2)
    
        Roll length used: 7

    [1;34mTry max length:[0m 6
    [1;34m    At iteration:[0m 20
        lingeling found a solution in .062 ms

      | W
    L | 0 1 2 3 4 5  6  7 8 9 
    ---------------------------
    0 | . . . . . .  .  . . 4 
    1 | 1 1 . . . .  .  . . 4 
    2 | 1 1 3 3 9 8  7  . 2 2 
    3 | 1 1 3 3 9 8  7  . 2 2 
    4 | 1 1 3 3 6 5 10 10 2 2 
    5 | . . 3 3 6 5 10 10 2 2 
    
    Boxes' corners:       (w,l)
        Box  1 is at 
            top left     (0,1)
            bottom right (1,4)
    
        Box  2 is at 
            top left     (8,2)
            bottom right (9,5)
    
        Box  3 is at 
            top left     (2,2)
            bottom right (3,5)
    
        Box  4 is at 
            top left     (9,0)
            bottom right (9,1)
    
        Box  5 is at 
            top left     (5,4)
            bottom right (5,5)
    
        Box  6 is at 
            top left     (4,4)
            bottom right (4,5)
    
        Box  7 is at 
            top left     (6,2)
            bottom right (6,3)
    
        Box  8 is at 
            top left     (5,2)
            bottom right (5,3)
    
        Box  9 is at 
            top left     (4,2)
            bottom right (4,3)
    
        Box 10 is at 
            top left     (6,4)
            bottom right (7,5)
    
        Roll length used: 6

    [1;34mTry max length:[0m 5
    [1;34m    At iteration:[0m 21
        lingeling found a solution in .052 ms

      | W
    L | 0 1  2  3 4 5 6 7 8 9 
    ---------------------------
    0 | 1 1  9  7 8 . 6 5 . . 
    1 | 1 1  9  7 8 . 6 5 2 2 
    2 | 1 1 10 10 . . . . 2 2 
    3 | 1 1 10 10 3 3 3 3 2 2 
    4 | 4 4  .  . 3 3 3 3 2 2 
    
    Boxes' corners:       (w,l)
        Box  1 is at 
            top left     (0,0)
            bottom right (1,3)
    
        Box  2 is at 
            top left     (8,1)
            bottom right (9,4)
    
        Box  3 is at 
            top left     (4,3)
            bottom right (7,4)
    
        Box  4 is at 
            top left     (0,4)
            bottom right (1,4)
    
        Box  5 is at 
            top left     (7,0)
            bottom right (7,1)
    
        Box  6 is at 
            top left     (6,0)
            bottom right (6,1)
    
        Box  7 is at 
            top left     (3,0)
            bottom right (3,1)
    
        Box  8 is at 
            top left     (4,0)
            bottom right (4,1)
    
        Box  9 is at 
            top left     (2,0)
            bottom right (2,1)
    
        Box 10 is at 
            top left     (2,2)
            bottom right (3,3)
    
        Roll length used: 5

    [1;34mTry max length:[0m 4
    [1;34m    At iteration:[0m 22
        lingeling found a solution in .041 ms

      | W
    L | 0 1 2 3 4 5  6  7 8 9 
    ---------------------------
    0 | 2 2 9 8 1 1  7  4 3 3 
    1 | 2 2 9 8 1 1  7  4 3 3 
    2 | 2 2 6 5 1 1 10 10 3 3 
    3 | 2 2 6 5 1 1 10 10 3 3 
    
    Boxes' corners:       (w,l)
        Box  1 is at 
            top left     (4,0)
            bottom right (5,3)
    
        Box  2 is at 
            top left     (0,0)
            bottom right (1,3)
    
        Box  3 is at 
            top left     (8,0)
            bottom right (9,3)
    
        Box  4 is at 
            top left     (7,0)
            bottom right (7,1)
    
        Box  5 is at 
            top left     (3,2)
            bottom right (3,3)
    
        Box  6 is at 
            top left     (2,2)
            bottom right (2,3)
    
        Box  7 is at 
            top left     (6,0)
            bottom right (6,1)
    
        Box  8 is at 
            top left     (3,0)
            bottom right (3,1)
    
        Box  9 is at 
            top left     (2,0)
            bottom right (2,1)
    
        Box 10 is at 
            top left     (6,2)
            bottom right (7,3)
    
        Roll length used: 4

    [1;34mTry max length:[0m 3
    [1;34m    At iteration:[0m 23
        [3;31mlingeling determined unsatisfiability of the Boolean formula[0m
        [1;32mOptimality reached![0m
