Tue 5 Jun 20:46:23 CEST 2018
    [1;34mTry max length:[0m 999999
    [1;34m    At iteration:[0m 0
        lingeling found a solution in .016 ms

       | W
     L | 0 1 2 
    ----------
     0 | 5 5 . 
     1 | 5 5 . 
     2 | . 4 4 
     3 | . 4 4 
     4 | . 1 1 
     5 | . 1 1 
     6 | . 2 2 
     7 | . 2 2 
     8 | 3 3 . 
     9 | 3 3 . 
    
    Boxes' corners:      (w,l)
        Box 1 is at 
            top left     (1,4)
            bottom right (2,5)
    
        Box 2 is at 
            top left     (1,6)
            bottom right (2,7)
    
        Box 3 is at 
            top left     (0,8)
            bottom right (1,9)
    
        Box 4 is at 
            top left     (1,2)
            bottom right (2,3)
    
        Box 5 is at 
            top left     (0,0)
            bottom right (1,1)
    
        Roll length used: 10

    [1;34mTry max length:[0m 9
    [1;34m    At iteration:[0m 1
        [3;31mlingeling determined unsatisfiability of the Boolean formula[0m
        [1;32mOptimality reached![0m
