Tue 5 Jun 21:16:02 CEST 2018
    [1;34mTry max length:[0m 999999
    [1;34m    At iteration:[0m 0
        lingeling found a solution in .157 ms

       | W
     L | 0 1 2 3 4 5 6 7 
    --------------------
     0 | . 7 7 7 7 7 . . 
     1 | 1 7 7 7 7 7 . . 
     2 | . 7 7 7 7 7 . . 
     3 | . 7 7 7 7 7 . . 
     4 | . . . . . . . . 
     5 | . . . . . . . . 
     6 | . . . . . . . . 
     7 | . . . . . . . . 
     8 | . . . . . . . . 
     9 | . . . . . . . . 
    10 | . . . . . . . . 
    11 | . . . . . . . . 
    12 | . . 5 5 5 5 5 . 
    13 | . . 5 5 5 5 5 . 
    14 | . . 5 5 5 5 5 . 
    15 | . . 5 5 5 5 5 . 
    16 | . . . 6 6 6 6 6 
    17 | . . . 6 6 6 6 6 
    18 | 4 4 3 6 6 6 6 6 
    19 | 4 4 2 6 6 6 6 6 
    
    Boxes' corners:      (w,l)
        Box 1 is at 
            top left     (0,1)
            bottom right (0,1)
    
        Box 2 is at 
            top left     (2,19)
            bottom right (2,19)
    
        Box 3 is at 
            top left     (2,18)
            bottom right (2,18)
    
        Box 4 is at 
            top left     (0,18)
            bottom right (1,19)
    
        Box 5 is at 
            top left     (2,12)
            bottom right (6,15)
    
        Box 6 is at 
            top left     (3,16)
            bottom right (7,19)
    
        Box 7 is at 
            top left     (1,0)
            bottom right (5,3)
    
        Roll length used: 20

    [1;34mTry max length:[0m 19
    [1;34m    At iteration:[0m 1
        lingeling found a solution in .119 ms

       | W
     L | 0 1 2 3 4 5 6 7 
    --------------------
     0 | . . . . . . . . 
     1 | . . . . . . . . 
     2 | . . . . . . . . 
     3 | . . . . . . . . 
     4 | . . . . . . . . 
     5 | . . . . . . . . 
     6 | . . 5 5 5 5 5 . 
     7 | . . 5 5 5 5 5 . 
     8 | . . 5 5 5 5 5 . 
     9 | . 1 5 5 5 5 5 . 
    10 | . . . . . . . . 
    11 | . 6 6 6 6 6 . . 
    12 | . 6 6 6 6 6 . . 
    13 | . 6 6 6 6 6 . . 
    14 | . 6 6 6 6 6 . . 
    15 | . 7 7 7 7 7 . . 
    16 | . 7 7 7 7 7 . . 
    17 | 3 7 7 7 7 7 4 4 
    18 | 2 7 7 7 7 7 4 4 
    
    Boxes' corners:      (w,l)
        Box 1 is at 
            top left     (1,9)
            bottom right (1,9)
    
        Box 2 is at 
            top left     (0,18)
            bottom right (0,18)
    
        Box 3 is at 
            top left     (0,17)
            bottom right (0,17)
    
        Box 4 is at 
            top left     (6,17)
            bottom right (7,18)
    
        Box 5 is at 
            top left     (2,6)
            bottom right (6,9)
    
        Box 6 is at 
            top left     (1,11)
            bottom right (5,14)
    
        Box 7 is at 
            top left     (1,15)
            bottom right (5,18)
    
        Roll length used: 19

    [1;34mTry max length:[0m 18
    [1;34m    At iteration:[0m 2
        lingeling found a solution in .126 ms

       | W
     L | 0 1 2 3 4 5 6 7 
    --------------------
     0 | . 1 . . . . . . 
     1 | . . . . . . . . 
     2 | . . . . . . . . 
     3 | . . . . . . . . 
     4 | . . . . . . . . 
     5 | . . . . . . . . 
     6 | . . 5 5 5 5 5 . 
     7 | . . 5 5 5 5 5 . 
     8 | . . 5 5 5 5 5 . 
     9 | . . 5 5 5 5 5 . 
    10 | . . 6 6 6 6 6 . 
    11 | . . 6 6 6 6 6 . 
    12 | . . 6 6 6 6 6 . 
    13 | . . 6 6 6 6 6 . 
    14 | . . . 7 7 7 7 7 
    15 | . . . 7 7 7 7 7 
    16 | 4 4 3 7 7 7 7 7 
    17 | 4 4 2 7 7 7 7 7 
    
    Boxes' corners:      (w,l)
        Box 1 is at 
            top left     (1,0)
            bottom right (1,0)
    
        Box 2 is at 
            top left     (2,17)
            bottom right (2,17)
    
        Box 3 is at 
            top left     (2,16)
            bottom right (2,16)
    
        Box 4 is at 
            top left     (0,16)
            bottom right (1,17)
    
        Box 5 is at 
            top left     (2,6)
            bottom right (6,9)
    
        Box 6 is at 
            top left     (2,10)
            bottom right (6,13)
    
        Box 7 is at 
            top left     (3,14)
            bottom right (7,17)
    
        Roll length used: 18

    [1;34mTry max length:[0m 17
    [1;34m    At iteration:[0m 3
        lingeling found a solution in .106 ms

       | W
     L | 0 1 2 3 4 5 6 7 
    --------------------
     0 | . . . . . . . . 
     1 | . 1 . . . . . . 
     2 | . . . 5 5 5 5 5 
     3 | . . . 5 5 5 5 5 
     4 | . . . 5 5 5 5 5 
     5 | . . . 5 5 5 5 5 
     6 | . . . . . . . . 
     7 | . . . . . . . . 
     8 | . . . . . . . . 
     9 | . . 7 7 7 7 7 . 
    10 | . . 7 7 7 7 7 . 
    11 | . . 7 7 7 7 7 . 
    12 | . . 7 7 7 7 7 . 
    13 | 6 6 6 6 6 . . . 
    14 | 6 6 6 6 6 . . . 
    15 | 6 6 6 6 6 3 4 4 
    16 | 6 6 6 6 6 2 4 4 
    
    Boxes' corners:      (w,l)
        Box 1 is at 
            top left     (1,1)
            bottom right (1,1)
    
        Box 2 is at 
            top left     (5,16)
            bottom right (5,16)
    
        Box 3 is at 
            top left     (5,15)
            bottom right (5,15)
    
        Box 4 is at 
            top left     (6,15)
            bottom right (7,16)
    
        Box 5 is at 
            top left     (3,2)
            bottom right (7,5)
    
        Box 6 is at 
            top left     (0,13)
            bottom right (4,16)
    
        Box 7 is at 
            top left     (2,9)
            bottom right (6,12)
    
        Roll length used: 17

    [1;34mTry max length:[0m 16
    [1;34m    At iteration:[0m 4
        lingeling found a solution in .121 ms

       | W
     L | 0 1 2 3 4 5 6 7 
    --------------------
     0 | . . . 6 6 6 6 6 
     1 | . . . 6 6 6 6 6 
     2 | . . . 6 6 6 6 6 
     3 | . . . 6 6 6 6 6 
     4 | . . . . . . . . 
     5 | . . . . . . . . 
     6 | . . . . . . . . 
     7 | . . 5 5 5 5 5 . 
     8 | 1 . 5 5 5 5 5 . 
     9 | . . 5 5 5 5 5 . 
    10 | . . 5 5 5 5 5 . 
    11 | . . . . . . . . 
    12 | . . . 7 7 7 7 7 
    13 | . . . 7 7 7 7 7 
    14 | 4 4 3 7 7 7 7 7 
    15 | 4 4 2 7 7 7 7 7 
    
    Boxes' corners:      (w,l)
        Box 1 is at 
            top left     (0,8)
            bottom right (0,8)
    
        Box 2 is at 
            top left     (2,15)
            bottom right (2,15)
    
        Box 3 is at 
            top left     (2,14)
            bottom right (2,14)
    
        Box 4 is at 
            top left     (0,14)
            bottom right (1,15)
    
        Box 5 is at 
            top left     (2,7)
            bottom right (6,10)
    
        Box 6 is at 
            top left     (3,0)
            bottom right (7,3)
    
        Box 7 is at 
            top left     (3,12)
            bottom right (7,15)
    
        Roll length used: 16

    [1;34mTry max length:[0m 15
    [1;34m    At iteration:[0m 5
        lingeling found a solution in .089 ms

       | W
     L | 0 1 2 3 4 5 6 7 
    --------------------
     0 | . . 7 7 7 7 7 . 
     1 | . . 7 7 7 7 7 . 
     2 | . . 7 7 7 7 7 . 
     3 | . . 7 7 7 7 7 . 
     4 | . . . . . . . . 
     5 | . . . . . . . . 
     6 | . . . . . . . . 
     7 | . 1 . 6 6 6 6 6 
     8 | . . . 6 6 6 6 6 
     9 | . . . 6 6 6 6 6 
    10 | . . . 6 6 6 6 6 
    11 | . 5 5 5 5 5 . . 
    12 | . 5 5 5 5 5 . . 
    13 | 3 5 5 5 5 5 4 4 
    14 | 2 5 5 5 5 5 4 4 
    
    Boxes' corners:      (w,l)
        Box 1 is at 
            top left     (1,7)
            bottom right (1,7)
    
        Box 2 is at 
            top left     (0,14)
            bottom right (0,14)
    
        Box 3 is at 
            top left     (0,13)
            bottom right (0,13)
    
        Box 4 is at 
            top left     (6,13)
            bottom right (7,14)
    
        Box 5 is at 
            top left     (1,11)
            bottom right (5,14)
    
        Box 6 is at 
            top left     (3,7)
            bottom right (7,10)
    
        Box 7 is at 
            top left     (2,0)
            bottom right (6,3)
    
        Roll length used: 15

    [1;34mTry max length:[0m 14
    [1;34m    At iteration:[0m 6
        lingeling found a solution in .099 ms

       | W
     L | 0 1 2 3 4 5 6 7 
    --------------------
     0 | . 6 6 6 6 6 . . 
     1 | . 6 6 6 6 6 . . 
     2 | . 6 6 6 6 6 . . 
     3 | . 6 6 6 6 6 . . 
     4 | . . . . . . . . 
     5 | . . . . . . . . 
     6 | . 1 5 5 5 5 5 . 
     7 | . . 5 5 5 5 5 . 
     8 | . . 5 5 5 5 5 . 
     9 | . . 5 5 5 5 5 . 
    10 | . . . 7 7 7 7 7 
    11 | . . . 7 7 7 7 7 
    12 | 4 4 3 7 7 7 7 7 
    13 | 4 4 2 7 7 7 7 7 
    
    Boxes' corners:      (w,l)
        Box 1 is at 
            top left     (1,6)
            bottom right (1,6)
    
        Box 2 is at 
            top left     (2,13)
            bottom right (2,13)
    
        Box 3 is at 
            top left     (2,12)
            bottom right (2,12)
    
        Box 4 is at 
            top left     (0,12)
            bottom right (1,13)
    
        Box 5 is at 
            top left     (2,6)
            bottom right (6,9)
    
        Box 6 is at 
            top left     (1,0)
            bottom right (5,3)
    
        Box 7 is at 
            top left     (3,10)
            bottom right (7,13)
    
        Roll length used: 14

    [1;34mTry max length:[0m 13
    [1;34m    At iteration:[0m 7
        lingeling found a solution in .087 ms

       | W
     L | 0 1 2 3 4 5 6 7 
    --------------------
     0 | . . 6 6 6 6 6 . 
     1 | . . 6 6 6 6 6 . 
     2 | . . 6 6 6 6 6 . 
     3 | . 1 6 6 6 6 6 . 
     4 | . . . . . . . . 
     5 | 5 5 5 5 5 . . . 
     6 | 5 5 5 5 5 . . . 
     7 | 5 5 5 5 5 . . . 
     8 | 5 5 5 5 5 . . . 
     9 | . 7 7 7 7 7 . . 
    10 | . 7 7 7 7 7 . . 
    11 | 2 7 7 7 7 7 4 4 
    12 | 3 7 7 7 7 7 4 4 
    
    Boxes' corners:      (w,l)
        Box 1 is at 
            top left     (1,3)
            bottom right (1,3)
    
        Box 2 is at 
            top left     (0,11)
            bottom right (0,11)
    
        Box 3 is at 
            top left     (0,12)
            bottom right (0,12)
    
        Box 4 is at 
            top left     (6,11)
            bottom right (7,12)
    
        Box 5 is at 
            top left     (0,5)
            bottom right (4,8)
    
        Box 6 is at 
            top left     (2,0)
            bottom right (6,3)
    
        Box 7 is at 
            top left     (1,9)
            bottom right (5,12)
    
        Roll length used: 13

    [1;34mTry max length:[0m 12
    [1;34m    At iteration:[0m 8
        lingeling found a solution in .085 ms

       | W
     L | 0 1 2 3 4 5 6 7 
    --------------------
     0 | . . 7 7 7 7 7 . 
     1 | . . 7 7 7 7 7 . 
     2 | . . 7 7 7 7 7 . 
     3 | . 1 7 7 7 7 7 . 
     4 | 5 5 5 5 5 . . . 
     5 | 5 5 5 5 5 . . . 
     6 | 5 5 5 5 5 . . . 
     7 | 5 5 5 5 5 . . . 
     8 | 6 6 6 6 6 . 4 4 
     9 | 6 6 6 6 6 . 4 4 
    10 | 6 6 6 6 6 . . . 
    11 | 6 6 6 6 6 . 3 2 
    
    Boxes' corners:      (w,l)
        Box 1 is at 
            top left     (1,3)
            bottom right (1,3)
    
        Box 2 is at 
            top left     (7,11)
            bottom right (7,11)
    
        Box 3 is at 
            top left     (6,11)
            bottom right (6,11)
    
        Box 4 is at 
            top left     (6,8)
            bottom right (7,9)
    
        Box 5 is at 
            top left     (0,4)
            bottom right (4,7)
    
        Box 6 is at 
            top left     (0,8)
            bottom right (4,11)
    
        Box 7 is at 
            top left     (2,0)
            bottom right (6,3)
    
        Roll length used: 12

    [1;34mTry max length:[0m 11
    [1;34m    At iteration:[0m 9
        lingeling found a solution in .065 ms

       | W
     L | 0 1 2 3 4 5 6 7 
    --------------------
     0 | 1 . 5 5 5 5 5 . 
     1 | . . 5 5 5 5 5 . 
     2 | . . 5 5 5 5 5 . 
     3 | . . 5 5 5 5 5 . 
     4 | . . . . 7 7 7 7 
     5 | . . . . 7 7 7 7 
     6 | 6 6 6 6 7 7 7 7 
     7 | 6 6 6 6 7 7 7 7 
     8 | 6 6 6 6 7 7 7 7 
     9 | 6 6 6 6 . 3 4 4 
    10 | 6 6 6 6 . 2 4 4 
    
    Boxes' corners:      (w,l)
        Box 1 is at 
            top left     (0,0)
            bottom right (0,0)
    
        Box 2 is at 
            top left     (5,10)
            bottom right (5,10)
    
        Box 3 is at 
            top left     (5,9)
            bottom right (5,9)
    
        Box 4 is at 
            top left     (6,9)
            bottom right (7,10)
    
        Box 5 is at 
            top left     (2,0)
            bottom right (6,3)
    
        Box 6 is at 
            top left     (0,6)
            bottom right (3,10)
    
        Box 7 is at 
            top left     (4,4)
            bottom right (7,8)
    
        Roll length used: 11

    [1;34mTry max length:[0m 10
    [1;34m    At iteration:[0m 10
        lingeling found a solution in .065 ms

       | W
     L | 0 1 2 3 4 5 6 7 
    --------------------
     0 | 6 6 6 6 1 . 3 2 
     1 | 6 6 6 6 5 5 5 5 
     2 | 6 6 6 6 5 5 5 5 
     3 | 6 6 6 6 5 5 5 5 
     4 | 6 6 6 6 5 5 5 5 
     5 | . . . . 5 5 5 5 
     6 | . . . 7 7 7 7 7 
     7 | . . . 7 7 7 7 7 
     8 | 4 4 . 7 7 7 7 7 
     9 | 4 4 . 7 7 7 7 7 
    
    Boxes' corners:      (w,l)
        Box 1 is at 
            top left     (4,0)
            bottom right (4,0)
    
        Box 2 is at 
            top left     (7,0)
            bottom right (7,0)
    
        Box 3 is at 
            top left     (6,0)
            bottom right (6,0)
    
        Box 4 is at 
            top left     (0,8)
            bottom right (1,9)
    
        Box 5 is at 
            top left     (4,1)
            bottom right (7,5)
    
        Box 6 is at 
            top left     (0,0)
            bottom right (3,4)
    
        Box 7 is at 
            top left     (3,6)
            bottom right (7,9)
    
        Roll length used: 10

    [1;34mTry max length:[0m 9
    [1;34m    At iteration:[0m 11
        lingeling found a solution in .057 ms

      | W
    L | 0 1 2 3 4 5 6 7 
    --------------------
    0 | 4 4 7 7 7 7 7 3 
    1 | 4 4 7 7 7 7 7 2 
    2 | . . 7 7 7 7 7 . 
    3 | 1 . 7 7 7 7 7 . 
    4 | 5 5 5 5 6 6 6 6 
    5 | 5 5 5 5 6 6 6 6 
    6 | 5 5 5 5 6 6 6 6 
    7 | 5 5 5 5 6 6 6 6 
    8 | 5 5 5 5 6 6 6 6 
    
    Boxes' corners:      (w,l)
        Box 1 is at 
            top left     (0,3)
            bottom right (0,3)
    
        Box 2 is at 
            top left     (7,1)
            bottom right (7,1)
    
        Box 3 is at 
            top left     (7,0)
            bottom right (7,0)
    
        Box 4 is at 
            top left     (0,0)
            bottom right (1,1)
    
        Box 5 is at 
            top left     (0,4)
            bottom right (3,8)
    
        Box 6 is at 
            top left     (4,4)
            bottom right (7,8)
    
        Box 7 is at 
            top left     (2,0)
            bottom right (6,3)
    
        Roll length used: 9

    [1;34mTry max length:[0m 8
    [1;34m    At iteration:[0m 12
        [3;31mlingeling determined unsatisfiability of the Boolean formula[0m
        [1;32mOptimality reached![0m
