Wed 6 Jun 09:11:28 CEST 2018
    [1;34mTry max length:[0m 999999
    [1;34m    At iteration:[0m 0
        lingeling found a solution in .021 ms

      | W
    L | 0 1 2 3 4 5 6 
    ------------------
    0 | 1 . . . . . . 
    1 | . . . . . . . 
    2 | . . . . . . . 
    3 | 4 4 4 3 3 3 . 
    4 | 4 4 4 3 3 3 . 
    5 | 4 4 4 3 3 3 . 
    6 | . . . . . . . 
    7 | . . . . . . 2 
    
    Boxes' corners:      (w,l)
        Box 1 is at 
            top left     (0,0)
            bottom right (0,0)
    
        Box 2 is at 
            top left     (6,7)
            bottom right (6,7)
    
        Box 3 is at 
            top left     (3,3)
            bottom right (5,5)
    
        Box 4 is at 
            top left     (0,3)
            bottom right (2,5)
    
        Roll length used: 8

    [1;34mTry max length:[0m 7
    [1;34m    At iteration:[0m 1
        lingeling found a solution in .015 ms

      | W
    L | 0 1 2 3 4 5 6 
    ------------------
    0 | . . . . . . 2 
    1 | . 1 . . . . . 
    2 | . . . 3 3 3 . 
    3 | . . . 3 3 3 . 
    4 | 4 4 4 3 3 3 . 
    5 | 4 4 4 . . . . 
    6 | 4 4 4 . . . . 
    
    Boxes' corners:      (w,l)
        Box 1 is at 
            top left     (1,1)
            bottom right (1,1)
    
        Box 2 is at 
            top left     (6,0)
            bottom right (6,0)
    
        Box 3 is at 
            top left     (3,2)
            bottom right (5,4)
    
        Box 4 is at 
            top left     (0,4)
            bottom right (2,6)
    
        Roll length used: 7

    [1;34mTry max length:[0m 6
    [1;34m    At iteration:[0m 2
        lingeling found a solution in .012 ms

      | W
    L | 0 1 2 3 4 5 6 
    ------------------
    0 | . 1 3 3 3 . 2 
    1 | . . 3 3 3 . . 
    2 | . . 3 3 3 . . 
    3 | . . . . 4 4 4 
    4 | . . . . 4 4 4 
    5 | . . . . 4 4 4 
    
    Boxes' corners:      (w,l)
        Box 1 is at 
            top left     (1,0)
            bottom right (1,0)
    
        Box 2 is at 
            top left     (6,0)
            bottom right (6,0)
    
        Box 3 is at 
            top left     (2,0)
            bottom right (4,2)
    
        Box 4 is at 
            top left     (4,3)
            bottom right (6,5)
    
        Roll length used: 6

    [1;34mTry max length:[0m 5
    [1;34m    At iteration:[0m 3
        lingeling found a solution in .010 ms

      | W
    L | 0 1 2 3 4 5 6 
    ------------------
    0 | . 1 . 3 3 3 . 
    1 | . . . 3 3 3 . 
    2 | 4 4 4 3 3 3 . 
    3 | 4 4 4 . . . . 
    4 | 4 4 4 . 2 . . 
    
    Boxes' corners:      (w,l)
        Box 1 is at 
            top left     (1,0)
            bottom right (1,0)
    
        Box 2 is at 
            top left     (4,4)
            bottom right (4,4)
    
        Box 3 is at 
            top left     (3,0)
            bottom right (5,2)
    
        Box 4 is at 
            top left     (0,2)
            bottom right (2,4)
    
        Roll length used: 5

    [1;34mTry max length:[0m 4
    [1;34m    At iteration:[0m 4
        lingeling found a solution in .009 ms

      | W
    L | 0 1 2 3 4 5 6 
    ------------------
    0 | 1 . . 3 3 3 2 
    1 | 4 4 4 3 3 3 . 
    2 | 4 4 4 3 3 3 . 
    3 | 4 4 4 . . . . 
    
    Boxes' corners:      (w,l)
        Box 1 is at 
            top left     (0,0)
            bottom right (0,0)
    
        Box 2 is at 
            top left     (6,0)
            bottom right (6,0)
    
        Box 3 is at 
            top left     (3,0)
            bottom right (5,2)
    
        Box 4 is at 
            top left     (0,1)
            bottom right (2,3)
    
        Roll length used: 4

    [1;34mTry max length:[0m 3
    [1;34m    At iteration:[0m 5
        lingeling found a solution in .007 ms

      | W
    L | 0 1 2 3 4 5 6 
    ------------------
    0 | 1 3 3 3 4 4 4 
    1 | . 3 3 3 4 4 4 
    2 | 2 3 3 3 4 4 4 
    
    Boxes' corners:      (w,l)
        Box 1 is at 
            top left     (0,0)
            bottom right (0,0)
    
        Box 2 is at 
            top left     (0,2)
            bottom right (0,2)
    
        Box 3 is at 
            top left     (1,0)
            bottom right (3,2)
    
        Box 4 is at 
            top left     (4,0)
            bottom right (6,2)
    
        Roll length used: 3

    [1;34mTry max length:[0m 2
    [1;34m    At iteration:[0m 6
        [3;31mlingeling determined unsatisfiability of the Boolean formula[0m
        [1;32mOptimality reached![0m
