Wed 6 Jun 09:06:05 CEST 2018
    [1;34mTry max length:[0m 999999
    [1;34m    At iteration:[0m 0
        lingeling found a solution in .008 ms

      | W
    L | 0 1 2 3 4 5 
    ----------------
    0 | . . 1 3 . . 
    1 | . . . . . . 
    2 | . 2 . . 4 . 
    3 | . . . . . . 
    
    Boxes' corners:      (w,l)
        Box 1 is at 
            top left     (2,0)
            bottom right (2,0)
    
        Box 2 is at 
            top left     (1,2)
            bottom right (1,2)
    
        Box 3 is at 
            top left     (3,0)
            bottom right (3,0)
    
        Box 4 is at 
            top left     (4,2)
            bottom right (4,2)
    
        Roll length used: 3

    [1;34mTry max length:[0m 2
    [1;34m    At iteration:[0m 1
        lingeling found a solution in .003 ms

      | W
    L | 0 1 2 3 4 5 
    ----------------
    0 | . . 1 2 4 3 
    1 | . . . . . . 
    
    Boxes' corners:      (w,l)
        Box 1 is at 
            top left     (2,0)
            bottom right (2,0)
    
        Box 2 is at 
            top left     (3,0)
            bottom right (3,0)
    
        Box 3 is at 
            top left     (5,0)
            bottom right (5,0)
    
        Box 4 is at 
            top left     (4,0)
            bottom right (4,0)
    
        Roll length used: 1

    [1;34mTry max length:[0m 0
    [1;34m    At iteration:[0m 2
        [3;31mlingeling determined unsatisfiability of the Boolean formula[0m
        [1;32mOptimality reached![0m
