Tue 5 Jun 21:12:04 CEST 2018
    [1;34mTry max length:[0m 999999
    [1;34m    At iteration:[0m 0
        lingeling found a solution in .211 ms

       | W
     L |  0  1  2 3 4 5 6 
    ---------------------
     0 |  5  5  5 . 2 2 2 
     1 |  6  6  6 . 2 2 2 
     2 |  .  .  . . . . . 
     3 |  .  .  . . . . . 
     4 |  .  .  . . . . . 
     5 |  .  .  . . . . . 
     6 |  .  .  . . . . . 
     7 |  .  .  . . . . . 
     8 |  .  .  . . . . . 
     9 |  .  .  . . . . . 
    10 |  .  .  . . . . . 
    11 |  .  .  . . . . . 
    12 |  .  .  . . . . . 
    13 |  .  .  . 1 1 1 . 
    14 |  .  .  . 1 1 1 . 
    15 |  .  .  . . . . . 
    16 |  7  7  7 . . . . 
    17 |  .  .  . . . . . 
    18 |  .  .  . . . . . 
    19 |  .  .  . . . . . 
    20 |  .  .  . . . . . 
    21 |  .  .  . . . . . 
    22 |  .  .  . . . . . 
    23 |  .  .  . . . . . 
    24 | 12 11 10 9 3 3 3 
    25 |  4  4  4 8 3 3 3 
    
    Boxes' corners:       (w,l)
        Box  1 is at 
            top left     (3,13)
            bottom right (5,14)
    
        Box  2 is at 
            top left     (4,0)
            bottom right (6,1)
    
        Box  3 is at 
            top left     (4,24)
            bottom right (6,25)
    
        Box  4 is at 
            top left     (0,25)
            bottom right (2,25)
    
        Box  5 is at 
            top left     (0,0)
            bottom right (2,0)
    
        Box  6 is at 
            top left     (0,1)
            bottom right (2,1)
    
        Box  7 is at 
            top left     (0,16)
            bottom right (2,16)
    
        Box  8 is at 
            top left     (3,25)
            bottom right (3,25)
    
        Box  9 is at 
            top left     (3,24)
            bottom right (3,24)
    
        Box 10 is at 
            top left     (2,24)
            bottom right (2,24)
    
        Box 11 is at 
            top left     (1,24)
            bottom right (1,24)
    
        Box 12 is at 
            top left     (0,24)
            bottom right (0,24)
    
        Roll length used: 26

    [1;34mTry max length:[0m 25
    [1;34m    At iteration:[0m 1
        lingeling found a solution in .199 ms

       | W
     L | 0 1 2  3  4  5 6 
    ---------------------
     0 | 1 1 1  .  3  3 3 
     1 | 1 1 1  .  3  3 3 
     2 | . . .  .  .  . . 
     3 | . . .  .  .  . . 
     4 | . . .  .  .  . . 
     5 | . . .  .  .  . . 
     6 | . . .  .  .  . . 
     7 | . . .  .  .  . . 
     8 | . . .  .  .  . . 
     9 | . . .  .  .  . . 
    10 | . . .  .  .  . . 
    11 | . . .  .  .  . . 
    12 | . . .  .  .  . . 
    13 | . . .  .  .  . . 
    14 | . . .  .  .  . . 
    15 | . . .  .  .  . . 
    16 | . . .  .  .  . . 
    17 | . . .  .  .  . . 
    18 | . . .  .  .  . . 
    19 | . . .  .  .  . . 
    20 | . . .  .  .  . . 
    21 | . 6 6  6  .  . . 
    22 | 5 5 5 12 11 10 9 
    23 | 2 2 2  8  7  7 7 
    24 | 2 2 2  4  4  4 . 
    
    Boxes' corners:       (w,l)
        Box  1 is at 
            top left     (0,0)
            bottom right (2,1)
    
        Box  2 is at 
            top left     (0,23)
            bottom right (2,24)
    
        Box  3 is at 
            top left     (4,0)
            bottom right (6,1)
    
        Box  4 is at 
            top left     (3,24)
            bottom right (5,24)
    
        Box  5 is at 
            top left     (0,22)
            bottom right (2,22)
    
        Box  6 is at 
            top left     (1,21)
            bottom right (3,21)
    
        Box  7 is at 
            top left     (4,23)
            bottom right (6,23)
    
        Box  8 is at 
            top left     (3,23)
            bottom right (3,23)
    
        Box  9 is at 
            top left     (6,22)
            bottom right (6,22)
    
        Box 10 is at 
            top left     (5,22)
            bottom right (5,22)
    
        Box 11 is at 
            top left     (4,22)
            bottom right (4,22)
    
        Box 12 is at 
            top left     (3,22)
            bottom right (3,22)
    
        Roll length used: 25

    [1;34mTry max length:[0m 24
    [1;34m    At iteration:[0m 2
        lingeling found a solution in .187 ms

       | W
     L | 0 1  2  3  4 5 6 
    ---------------------
     0 | 3 3  3  .  2 2 2 
     1 | 3 3  3  .  2 2 2 
     2 | . .  .  .  . . . 
     3 | . .  .  .  . . . 
     4 | . .  .  .  . . . 
     5 | . .  .  .  . . . 
     6 | . .  .  .  . . . 
     7 | . .  .  .  . . . 
     8 | . .  .  .  . . . 
     9 | . .  .  .  . . . 
    10 | . .  .  .  . . . 
    11 | . .  .  .  . . . 
    12 | . .  .  1  1 1 . 
    13 | . .  .  1  1 1 . 
    14 | . .  .  .  . . . 
    15 | . 6  6  6  . . . 
    16 | . .  .  .  . . . 
    17 | . .  .  .  . . . 
    18 | . .  .  .  . . . 
    19 | . .  .  .  . . . 
    20 | . .  .  .  . . . 
    21 | 7 7  7  .  . . . 
    22 | . . 12 11 10 9 8 
    23 | 5 5  5  .  4 4 4 
    
    Boxes' corners:       (w,l)
        Box  1 is at 
            top left     (3,12)
            bottom right (5,13)
    
        Box  2 is at 
            top left     (4,0)
            bottom right (6,1)
    
        Box  3 is at 
            top left     (0,0)
            bottom right (2,1)
    
        Box  4 is at 
            top left     (4,23)
            bottom right (6,23)
    
        Box  5 is at 
            top left     (0,23)
            bottom right (2,23)
    
        Box  6 is at 
            top left     (1,15)
            bottom right (3,15)
    
        Box  7 is at 
            top left     (0,21)
            bottom right (2,21)
    
        Box  8 is at 
            top left     (6,22)
            bottom right (6,22)
    
        Box  9 is at 
            top left     (5,22)
            bottom right (5,22)
    
        Box 10 is at 
            top left     (4,22)
            bottom right (4,22)
    
        Box 11 is at 
            top left     (3,22)
            bottom right (3,22)
    
        Box 12 is at 
            top left     (2,22)
            bottom right (2,22)
    
        Roll length used: 24

    [1;34mTry max length:[0m 23
    [1;34m    At iteration:[0m 3
        lingeling found a solution in .174 ms

       | W
     L | 0  1 2 3 4  5  6 
    ---------------------
     0 | 2  2 2 1 1  1  . 
     1 | 2  2 2 1 1  1  . 
     2 | .  . . . .  .  . 
     3 | .  . . . .  .  . 
     4 | .  . . . .  .  . 
     5 | .  . . . .  .  . 
     6 | .  . . . .  .  . 
     7 | .  . . . .  .  . 
     8 | .  . . . .  .  . 
     9 | .  . . . .  .  . 
    10 | .  . . . .  .  . 
    11 | .  . . . .  .  . 
    12 | .  . . . .  .  . 
    13 | .  . . . .  .  . 
    14 | .  . . . .  .  . 
    15 | .  . . . .  .  . 
    16 | .  . . . .  .  . 
    17 | .  . . . .  .  . 
    18 | .  . . . .  .  . 
    19 | 7  7 7 . .  .  . 
    20 | . 12 6 6 6 11 10 
    21 | 5  5 5 9 3  3  3 
    22 | 8  4 4 4 3  3  3 
    
    Boxes' corners:       (w,l)
        Box  1 is at 
            top left     (3,0)
            bottom right (5,1)
    
        Box  2 is at 
            top left     (0,0)
            bottom right (2,1)
    
        Box  3 is at 
            top left     (4,21)
            bottom right (6,22)
    
        Box  4 is at 
            top left     (1,22)
            bottom right (3,22)
    
        Box  5 is at 
            top left     (0,21)
            bottom right (2,21)
    
        Box  6 is at 
            top left     (2,20)
            bottom right (4,20)
    
        Box  7 is at 
            top left     (0,19)
            bottom right (2,19)
    
        Box  8 is at 
            top left     (0,22)
            bottom right (0,22)
    
        Box  9 is at 
            top left     (3,21)
            bottom right (3,21)
    
        Box 10 is at 
            top left     (6,20)
            bottom right (6,20)
    
        Box 11 is at 
            top left     (5,20)
            bottom right (5,20)
    
        Box 12 is at 
            top left     (1,20)
            bottom right (1,20)
    
        Roll length used: 23

    [1;34mTry max length:[0m 22
    [1;34m    At iteration:[0m 4
        lingeling found a solution in .173 ms

       | W
     L |  0  1  2 3 4 5 6 
    ---------------------
     0 |  4  4  4 . 2 2 2 
     1 |  5  5  5 . 2 2 2 
     2 |  1  1  1 . . . . 
     3 |  1  1  1 . . . . 
     4 |  .  .  . . . . . 
     5 |  .  .  . . . . . 
     6 |  .  .  . . . . . 
     7 |  .  .  . . . . . 
     8 |  .  .  . . . . . 
     9 |  .  .  . . . . . 
    10 |  .  .  . . . . . 
    11 |  .  .  . . . . . 
    12 |  .  .  . . . . . 
    13 |  .  .  . . . . . 
    14 |  .  .  . . . . . 
    15 |  .  .  7 7 7 . . 
    16 |  .  .  . . . . . 
    17 |  .  .  . . . . . 
    18 |  .  .  . . . . . 
    19 |  .  .  . . . . . 
    20 | 12 11 10 9 3 3 3 
    21 |  6  6  6 8 3 3 3 
    
    Boxes' corners:       (w,l)
        Box  1 is at 
            top left     (0,2)
            bottom right (2,3)
    
        Box  2 is at 
            top left     (4,0)
            bottom right (6,1)
    
        Box  3 is at 
            top left     (4,20)
            bottom right (6,21)
    
        Box  4 is at 
            top left     (0,0)
            bottom right (2,0)
    
        Box  5 is at 
            top left     (0,1)
            bottom right (2,1)
    
        Box  6 is at 
            top left     (0,21)
            bottom right (2,21)
    
        Box  7 is at 
            top left     (2,15)
            bottom right (4,15)
    
        Box  8 is at 
            top left     (3,21)
            bottom right (3,21)
    
        Box  9 is at 
            top left     (3,20)
            bottom right (3,20)
    
        Box 10 is at 
            top left     (2,20)
            bottom right (2,20)
    
        Box 11 is at 
            top left     (1,20)
            bottom right (1,20)
    
        Box 12 is at 
            top left     (0,20)
            bottom right (0,20)
    
        Roll length used: 22

    [1;34mTry max length:[0m 21
    [1;34m    At iteration:[0m 5
        lingeling found a solution in .163 ms

       | W
     L | 0 1 2 3  4  5  6 
    ---------------------
     0 | 1 1 1 .  2  2  2 
     1 | 1 1 1 .  2  2  2 
     2 | . . . .  .  .  . 
     3 | . . . .  .  .  . 
     4 | . . . .  .  .  . 
     5 | . . . .  .  .  . 
     6 | . . . .  .  .  . 
     7 | . . . .  .  .  . 
     8 | . . . .  .  .  . 
     9 | . . . .  .  .  . 
    10 | . . . .  .  .  . 
    11 | . . . .  .  .  . 
    12 | . . . .  .  .  . 
    13 | . . . .  .  .  . 
    14 | . . . .  .  .  . 
    15 | . . . .  .  .  . 
    16 | . . . .  .  .  . 
    17 | . . 7 7  7  .  . 
    18 | 6 6 6 . 12 11 10 
    19 | 4 4 4 9  3  3  3 
    20 | 5 5 5 8  3  3  3 
    
    Boxes' corners:       (w,l)
        Box  1 is at 
            top left     (0,0)
            bottom right (2,1)
    
        Box  2 is at 
            top left     (4,0)
            bottom right (6,1)
    
        Box  3 is at 
            top left     (4,19)
            bottom right (6,20)
    
        Box  4 is at 
            top left     (0,19)
            bottom right (2,19)
    
        Box  5 is at 
            top left     (0,20)
            bottom right (2,20)
    
        Box  6 is at 
            top left     (0,18)
            bottom right (2,18)
    
        Box  7 is at 
            top left     (2,17)
            bottom right (4,17)
    
        Box  8 is at 
            top left     (3,20)
            bottom right (3,20)
    
        Box  9 is at 
            top left     (3,19)
            bottom right (3,19)
    
        Box 10 is at 
            top left     (6,18)
            bottom right (6,18)
    
        Box 11 is at 
            top left     (5,18)
            bottom right (5,18)
    
        Box 12 is at 
            top left     (4,18)
            bottom right (4,18)
    
        Roll length used: 21

    [1;34mTry max length:[0m 20
    [1;34m    At iteration:[0m 6
        lingeling found a solution in .156 ms

       | W
     L | 0 1 2  3  4 5  6 
    ---------------------
     0 | 4 4 4  .  2 2  2 
     1 | . 1 1  1  2 2  2 
     2 | . 1 1  1  . .  . 
     3 | . . .  .  . .  . 
     4 | . . .  .  . .  . 
     5 | . . .  .  . .  . 
     6 | . . .  .  . .  . 
     7 | . . .  .  . .  . 
     8 | . . .  .  . .  . 
     9 | . . .  .  . .  . 
    10 | . . .  .  . .  . 
    11 | . . .  .  . .  . 
    12 | . . .  .  . .  . 
    13 | . 7 7  7  . .  . 
    14 | . . .  .  . .  . 
    15 | . . .  .  . .  . 
    16 | . . 6  6  6 .  . 
    17 | . . 5  5  5 .  . 
    18 | 3 3 3  .  . . 12 
    19 | 3 3 3 11 10 9  8 
    
    Boxes' corners:       (w,l)
        Box  1 is at 
            top left     (1,1)
            bottom right (3,2)
    
        Box  2 is at 
            top left     (4,0)
            bottom right (6,1)
    
        Box  3 is at 
            top left     (0,18)
            bottom right (2,19)
    
        Box  4 is at 
            top left     (0,0)
            bottom right (2,0)
    
        Box  5 is at 
            top left     (2,17)
            bottom right (4,17)
    
        Box  6 is at 
            top left     (2,16)
            bottom right (4,16)
    
        Box  7 is at 
            top left     (1,13)
            bottom right (3,13)
    
        Box  8 is at 
            top left     (6,19)
            bottom right (6,19)
    
        Box  9 is at 
            top left     (5,19)
            bottom right (5,19)
    
        Box 10 is at 
            top left     (4,19)
            bottom right (4,19)
    
        Box 11 is at 
            top left     (3,19)
            bottom right (3,19)
    
        Box 12 is at 
            top left     (6,18)
            bottom right (6,18)
    
        Roll length used: 20

    [1;34mTry max length:[0m 19
    [1;34m    At iteration:[0m 7
        lingeling found a solution in .146 ms

       | W
     L |  0  1 2 3 4 5  6 
    ---------------------
     0 |  1  1 1 . 2 2  2 
     1 |  1  1 1 . 2 2  2 
     2 |  .  . . . . .  . 
     3 |  .  . . . . .  . 
     4 |  .  . . . . .  . 
     5 |  .  . . . . .  . 
     6 |  .  . . . . .  . 
     7 |  .  . . . . .  . 
     8 |  .  . . . . .  . 
     9 |  .  . . . . .  . 
    10 |  .  . . . . .  . 
    11 |  .  . . . . .  . 
    12 |  .  . . . . .  . 
    13 |  .  . . . . .  . 
    14 |  .  . . . . .  . 
    15 |  .  7 7 7 . . 12 
    16 | 11 10 6 6 6 9  8 
    17 |  5  5 5 3 3 3  . 
    18 |  4  4 4 3 3 3  . 
    
    Boxes' corners:       (w,l)
        Box  1 is at 
            top left     (0,0)
            bottom right (2,1)
    
        Box  2 is at 
            top left     (4,0)
            bottom right (6,1)
    
        Box  3 is at 
            top left     (3,17)
            bottom right (5,18)
    
        Box  4 is at 
            top left     (0,18)
            bottom right (2,18)
    
        Box  5 is at 
            top left     (0,17)
            bottom right (2,17)
    
        Box  6 is at 
            top left     (2,16)
            bottom right (4,16)
    
        Box  7 is at 
            top left     (1,15)
            bottom right (3,15)
    
        Box  8 is at 
            top left     (6,16)
            bottom right (6,16)
    
        Box  9 is at 
            top left     (5,16)
            bottom right (5,16)
    
        Box 10 is at 
            top left     (1,16)
            bottom right (1,16)
    
        Box 11 is at 
            top left     (0,16)
            bottom right (0,16)
    
        Box 12 is at 
            top left     (6,15)
            bottom right (6,15)
    
        Roll length used: 19

    [1;34mTry max length:[0m 18
    [1;34m    At iteration:[0m 8
        lingeling found a solution in .141 ms

       | W
     L | 0 1 2 3  4  5  6 
    ---------------------
     0 | . 4 4 4  3  3  3 
     1 | 5 5 5 .  3  3  3 
     2 | . . . .  .  .  . 
     3 | 1 1 1 .  .  .  . 
     4 | 1 1 1 .  .  .  . 
     5 | . . . .  .  .  . 
     6 | . . . .  .  .  . 
     7 | . . . .  .  .  . 
     8 | . . . .  .  .  . 
     9 | . . . .  .  .  . 
    10 | . . . .  .  .  . 
    11 | . . . .  .  .  . 
    12 | . . . .  .  .  . 
    13 | . . . .  .  .  . 
    14 | . . . .  .  .  . 
    15 | . . . . 12 11 10 
    16 | 6 6 6 9  2  2  2 
    17 | 7 7 7 8  2  2  2 
    
    Boxes' corners:       (w,l)
        Box  1 is at 
            top left     (0,3)
            bottom right (2,4)
    
        Box  2 is at 
            top left     (4,16)
            bottom right (6,17)
    
        Box  3 is at 
            top left     (4,0)
            bottom right (6,1)
    
        Box  4 is at 
            top left     (1,0)
            bottom right (3,0)
    
        Box  5 is at 
            top left     (0,1)
            bottom right (2,1)
    
        Box  6 is at 
            top left     (0,16)
            bottom right (2,16)
    
        Box  7 is at 
            top left     (0,17)
            bottom right (2,17)
    
        Box  8 is at 
            top left     (3,17)
            bottom right (3,17)
    
        Box  9 is at 
            top left     (3,16)
            bottom right (3,16)
    
        Box 10 is at 
            top left     (6,15)
            bottom right (6,15)
    
        Box 11 is at 
            top left     (5,15)
            bottom right (5,15)
    
        Box 12 is at 
            top left     (4,15)
            bottom right (4,15)
    
        Roll length used: 18

    [1;34mTry max length:[0m 17
    [1;34m    At iteration:[0m 9
        lingeling found a solution in .127 ms

       | W
     L | 0 1 2  3 4 5 6 
    -------------------
     0 | 4 4 4  1 1 1 . 
     1 | 5 5 5  1 1 1 . 
     2 | . . .  . . . . 
     3 | . . .  . . . . 
     4 | . . .  . . . . 
     5 | . . .  . . . . 
     6 | 7 7 7  . . . . 
     7 | . . .  . . . . 
     8 | . . .  . . . . 
     9 | . . .  . . 9 . 
    10 | 8 . .  . . . . 
    11 | . . .  . . . . 
    12 | . . .  . . . . 
    13 | . . .  . . . . 
    14 | . . . 11 6 6 6 
    15 | 3 3 3 12 2 2 2 
    16 | 3 3 3 10 2 2 2 
    
    Boxes' corners:       (w,l)
        Box  1 is at 
            top left     (3,0)
            bottom right (5,1)
    
        Box  2 is at 
            top left     (4,15)
            bottom right (6,16)
    
        Box  3 is at 
            top left     (0,15)
            bottom right (2,16)
    
        Box  4 is at 
            top left     (0,0)
            bottom right (2,0)
    
        Box  5 is at 
            top left     (0,1)
            bottom right (2,1)
    
        Box  6 is at 
            top left     (4,14)
            bottom right (6,14)
    
        Box  7 is at 
            top left     (0,6)
            bottom right (2,6)
    
        Box  8 is at 
            top left     (0,10)
            bottom right (0,10)
    
        Box  9 is at 
            top left     (5,9)
            bottom right (5,9)
    
        Box 10 is at 
            top left     (3,16)
            bottom right (3,16)
    
        Box 11 is at 
            top left     (3,14)
            bottom right (3,14)
    
        Box 12 is at 
            top left     (3,15)
            bottom right (3,15)
    
        Roll length used: 17

    [1;34mTry max length:[0m 16
    [1;34m    At iteration:[0m 10
        lingeling found a solution in .122 ms

       | W
     L |  0 1 2  3 4 5 6 
    --------------------
     0 |  4 4 4  1 1 1 . 
     1 |  5 5 5  1 1 1 . 
     2 |  . . .  . . . . 
     3 |  . . .  . . . . 
     4 |  . . .  . . . . 
     5 |  . . .  . . . . 
     6 |  . . .  . . . . 
     7 |  . . .  . . . . 
     8 |  . . .  . . . . 
     9 |  . . .  . . 8 . 
    10 | 10 . .  . 9 . . 
    11 |  . . .  . . . . 
    12 |  7 7 7  . . . . 
    13 |  . . . 11 6 6 6 
    14 |  . 3 3  3 2 2 2 
    15 | 12 3 3  3 2 2 2 
    
    Boxes' corners:       (w,l)
        Box  1 is at 
            top left     (3,0)
            bottom right (5,1)
    
        Box  2 is at 
            top left     (4,14)
            bottom right (6,15)
    
        Box  3 is at 
            top left     (1,14)
            bottom right (3,15)
    
        Box  4 is at 
            top left     (0,0)
            bottom right (2,0)
    
        Box  5 is at 
            top left     (0,1)
            bottom right (2,1)
    
        Box  6 is at 
            top left     (4,13)
            bottom right (6,13)
    
        Box  7 is at 
            top left     (0,12)
            bottom right (2,12)
    
        Box  8 is at 
            top left     (5,9)
            bottom right (5,9)
    
        Box  9 is at 
            top left     (4,10)
            bottom right (4,10)
    
        Box 10 is at 
            top left     (0,10)
            bottom right (0,10)
    
        Box 11 is at 
            top left     (3,13)
            bottom right (3,13)
    
        Box 12 is at 
            top left     (0,15)
            bottom right (0,15)
    
        Roll length used: 16

    [1;34mTry max length:[0m 15
    [1;34m    At iteration:[0m 11
        lingeling found a solution in .113 ms

       | W
     L | 0 1 2  3 4 5 6 
    -------------------
     0 | 4 4 4  1 1 1 . 
     1 | 5 5 5  1 1 1 . 
     2 | . . .  . . . . 
     3 | . . .  . . . . 
     4 | . . .  . . . . 
     5 | . . .  . . . . 
     6 | 7 7 7  . . . . 
     7 | . . .  . . . . 
     8 | . . .  . . . . 
     9 | 8 . .  . 9 . . 
    10 | . . .  . . . . 
    11 | . . .  . . . . 
    12 | . . . 11 6 6 6 
    13 | 3 3 3 12 2 2 2 
    14 | 3 3 3 10 2 2 2 
    
    Boxes' corners:       (w,l)
        Box  1 is at 
            top left     (3,0)
            bottom right (5,1)
    
        Box  2 is at 
            top left     (4,13)
            bottom right (6,14)
    
        Box  3 is at 
            top left     (0,13)
            bottom right (2,14)
    
        Box  4 is at 
            top left     (0,0)
            bottom right (2,0)
    
        Box  5 is at 
            top left     (0,1)
            bottom right (2,1)
    
        Box  6 is at 
            top left     (4,12)
            bottom right (6,12)
    
        Box  7 is at 
            top left     (0,6)
            bottom right (2,6)
    
        Box  8 is at 
            top left     (0,9)
            bottom right (0,9)
    
        Box  9 is at 
            top left     (4,9)
            bottom right (4,9)
    
        Box 10 is at 
            top left     (3,14)
            bottom right (3,14)
    
        Box 11 is at 
            top left     (3,12)
            bottom right (3,12)
    
        Box 12 is at 
            top left     (3,13)
            bottom right (3,13)
    
        Roll length used: 15

    [1;34mTry max length:[0m 14
    [1;34m    At iteration:[0m 12
        lingeling found a solution in .107 ms

       | W
     L | 0 1 2  3 4 5 6 
    -------------------
     0 | 4 4 4  1 1 1 . 
     1 | 5 5 5  1 1 1 . 
     2 | 7 7 7  . . . . 
     3 | . . .  . . . . 
     4 | . . .  . . . . 
     5 | . . .  . . . . 
     6 | . . .  . . . . 
     7 | . . .  . . . . 
     8 | . . .  . . . . 
     9 | 8 . .  . 9 . . 
    10 | . . .  . . . . 
    11 | . . . 11 6 6 6 
    12 | 3 3 3 12 2 2 2 
    13 | 3 3 3 10 2 2 2 
    
    Boxes' corners:       (w,l)
        Box  1 is at 
            top left     (3,0)
            bottom right (5,1)
    
        Box  2 is at 
            top left     (4,12)
            bottom right (6,13)
    
        Box  3 is at 
            top left     (0,12)
            bottom right (2,13)
    
        Box  4 is at 
            top left     (0,0)
            bottom right (2,0)
    
        Box  5 is at 
            top left     (0,1)
            bottom right (2,1)
    
        Box  6 is at 
            top left     (4,11)
            bottom right (6,11)
    
        Box  7 is at 
            top left     (0,2)
            bottom right (2,2)
    
        Box  8 is at 
            top left     (0,9)
            bottom right (0,9)
    
        Box  9 is at 
            top left     (4,9)
            bottom right (4,9)
    
        Box 10 is at 
            top left     (3,13)
            bottom right (3,13)
    
        Box 11 is at 
            top left     (3,11)
            bottom right (3,11)
    
        Box 12 is at 
            top left     (3,12)
            bottom right (3,12)
    
        Roll length used: 14

    [1;34mTry max length:[0m 13
    [1;34m    At iteration:[0m 13
        lingeling found a solution in .098 ms

       | W
     L | 0 1 2 3  4 5  6 
    --------------------
     0 | 4 4 4 1  1 1  . 
     1 | 5 5 5 1  1 1  . 
     2 | . . . .  . .  . 
     3 | . . . .  . .  . 
     4 | . . . 7  7 7  . 
     5 | . . . .  . . 11 
     6 | . . . .  . .  . 
     7 | . . . .  . .  . 
     8 | 8 . . .  9 .  . 
     9 | . . . . 10 . 12 
    10 | . . . .  6 6  6 
    11 | 3 3 3 .  2 2  2 
    12 | 3 3 3 .  2 2  2 
    
    Boxes' corners:       (w,l)
        Box  1 is at 
            top left     (3,0)
            bottom right (5,1)
    
        Box  2 is at 
            top left     (4,11)
            bottom right (6,12)
    
        Box  3 is at 
            top left     (0,11)
            bottom right (2,12)
    
        Box  4 is at 
            top left     (0,0)
            bottom right (2,0)
    
        Box  5 is at 
            top left     (0,1)
            bottom right (2,1)
    
        Box  6 is at 
            top left     (4,10)
            bottom right (6,10)
    
        Box  7 is at 
            top left     (3,4)
            bottom right (5,4)
    
        Box  8 is at 
            top left     (0,8)
            bottom right (0,8)
    
        Box  9 is at 
            top left     (4,8)
            bottom right (4,8)
    
        Box 10 is at 
            top left     (4,9)
            bottom right (4,9)
    
        Box 11 is at 
            top left     (6,5)
            bottom right (6,5)
    
        Box 12 is at 
            top left     (6,9)
            bottom right (6,9)
    
        Roll length used: 13

    [1;34mTry max length:[0m 12
    [1;34m    At iteration:[0m 14
        lingeling found a solution in .096 ms

       | W
     L | 0 1 2  3 4  5  6 
    ---------------------
     0 | 4 4 4  1 1  1 11 
     1 | 5 5 5  1 1  1  . 
     2 | . . .  . .  .  . 
     3 | . . .  . .  .  . 
     4 | . 7 7  7 .  .  . 
     5 | . . .  . .  .  . 
     6 | . . .  . .  .  . 
     7 | . . .  . .  .  . 
     8 | . . .  . . 12  . 
     9 | 8 . 9  . 6  6  6 
    10 | 3 3 3  . 2  2  2 
    11 | 3 3 3 10 2  2  2 
    
    Boxes' corners:       (w,l)
        Box  1 is at 
            top left     (3,0)
            bottom right (5,1)
    
        Box  2 is at 
            top left     (4,10)
            bottom right (6,11)
    
        Box  3 is at 
            top left     (0,10)
            bottom right (2,11)
    
        Box  4 is at 
            top left     (0,0)
            bottom right (2,0)
    
        Box  5 is at 
            top left     (0,1)
            bottom right (2,1)
    
        Box  6 is at 
            top left     (4,9)
            bottom right (6,9)
    
        Box  7 is at 
            top left     (1,4)
            bottom right (3,4)
    
        Box  8 is at 
            top left     (0,9)
            bottom right (0,9)
    
        Box  9 is at 
            top left     (2,9)
            bottom right (2,9)
    
        Box 10 is at 
            top left     (3,11)
            bottom right (3,11)
    
        Box 11 is at 
            top left     (6,0)
            bottom right (6,0)
    
        Box 12 is at 
            top left     (5,8)
            bottom right (5,8)
    
        Roll length used: 12

    [1;34mTry max length:[0m 11
    [1;34m    At iteration:[0m 15
        lingeling found a solution in .083 ms

       | W
     L | 0 1 2  3 4 5  6 
    --------------------
     0 | 4 4 4  1 1 1  . 
     1 | 5 5 5  1 1 1  9 
     2 | . . .  . . .  . 
     3 | . . .  . . .  . 
     4 | . . .  . . . 12 
     5 | 7 7 7  . . .  . 
     6 | . . .  . . .  . 
     7 | . . .  . . 8 11 
     8 | . . .  . 6 6  6 
     9 | 3 3 3 10 2 2  2 
    10 | 3 3 3  . 2 2  2 
    
    Boxes' corners:       (w,l)
        Box  1 is at 
            top left     (3,0)
            bottom right (5,1)
    
        Box  2 is at 
            top left     (4,9)
            bottom right (6,10)
    
        Box  3 is at 
            top left     (0,9)
            bottom right (2,10)
    
        Box  4 is at 
            top left     (0,0)
            bottom right (2,0)
    
        Box  5 is at 
            top left     (0,1)
            bottom right (2,1)
    
        Box  6 is at 
            top left     (4,8)
            bottom right (6,8)
    
        Box  7 is at 
            top left     (0,5)
            bottom right (2,5)
    
        Box  8 is at 
            top left     (5,7)
            bottom right (5,7)
    
        Box  9 is at 
            top left     (6,1)
            bottom right (6,1)
    
        Box 10 is at 
            top left     (3,9)
            bottom right (3,9)
    
        Box 11 is at 
            top left     (6,7)
            bottom right (6,7)
    
        Box 12 is at 
            top left     (6,4)
            bottom right (6,4)
    
        Roll length used: 11

    [1;34mTry max length:[0m 10
    [1;34m    At iteration:[0m 16
        lingeling found a solution in .077 ms

       | W
     L | 0 1 2  3 4  5  6 
    ---------------------
     0 | 4 4 4  1 1  1  . 
     1 | 5 5 5  1 1  1  . 
     2 | 7 7 7  . .  .  . 
     3 | . . .  . .  .  . 
     4 | . . .  . .  . 11 
     5 | . . .  . .  .  . 
     6 | . . .  . .  8  . 
     7 | 6 6 6  . 9 12  . 
     8 | 3 3 3  . 2  2  2 
     9 | 3 3 3 10 2  2  2 
    
    Boxes' corners:       (w,l)
        Box  1 is at 
            top left     (3,0)
            bottom right (5,1)
    
        Box  2 is at 
            top left     (4,8)
            bottom right (6,9)
    
        Box  3 is at 
            top left     (0,8)
            bottom right (2,9)
    
        Box  4 is at 
            top left     (0,0)
            bottom right (2,0)
    
        Box  5 is at 
            top left     (0,1)
            bottom right (2,1)
    
        Box  6 is at 
            top left     (0,7)
            bottom right (2,7)
    
        Box  7 is at 
            top left     (0,2)
            bottom right (2,2)
    
        Box  8 is at 
            top left     (5,6)
            bottom right (5,6)
    
        Box  9 is at 
            top left     (4,7)
            bottom right (4,7)
    
        Box 10 is at 
            top left     (3,9)
            bottom right (3,9)
    
        Box 11 is at 
            top left     (6,4)
            bottom right (6,4)
    
        Box 12 is at 
            top left     (5,7)
            bottom right (5,7)
    
        Roll length used: 10

    [1;34mTry max length:[0m 9
    [1;34m    At iteration:[0m 17
        lingeling found a solution in .069 ms

      | W
    L | 0 1 2 3 4 5  6 
    -------------------
    0 | 4 4 4 1 1 1  . 
    1 | 5 5 5 1 1 1 12 
    2 | . . . . . .  . 
    3 | . . . . . . 11 
    4 | . . . . . . 10 
    5 | . 6 6 6 7 7  7 
    6 | . . . . 9 .  . 
    7 | . 3 3 3 2 2  2 
    8 | 8 3 3 3 2 2  2 
    
    Boxes' corners:       (w,l)
        Box  1 is at 
            top left     (3,0)
            bottom right (5,1)
    
        Box  2 is at 
            top left     (4,7)
            bottom right (6,8)
    
        Box  3 is at 
            top left     (1,7)
            bottom right (3,8)
    
        Box  4 is at 
            top left     (0,0)
            bottom right (2,0)
    
        Box  5 is at 
            top left     (0,1)
            bottom right (2,1)
    
        Box  6 is at 
            top left     (1,5)
            bottom right (3,5)
    
        Box  7 is at 
            top left     (4,5)
            bottom right (6,5)
    
        Box  8 is at 
            top left     (0,8)
            bottom right (0,8)
    
        Box  9 is at 
            top left     (4,6)
            bottom right (4,6)
    
        Box 10 is at 
            top left     (6,4)
            bottom right (6,4)
    
        Box 11 is at 
            top left     (6,3)
            bottom right (6,3)
    
        Box 12 is at 
            top left     (6,1)
            bottom right (6,1)
    
        Roll length used: 9

    [1;34mTry max length:[0m 8
    [1;34m    At iteration:[0m 18
        lingeling found a solution in .058 ms

      | W
    L |  0  1 2 3 4 5  6 
    ---------------------
    0 |  1  1 1 . 3 3  3 
    1 |  1  1 1 . 3 3  3 
    2 |  .  . . . . . 10 
    3 |  .  . . . . .  9 
    4 |  .  7 7 7 . .  8 
    5 | 11 12 . . 6 6  6 
    6 |  2  2 2 4 4 4  . 
    7 |  2  2 2 5 5 5  . 
    
    Boxes' corners:       (w,l)
        Box  1 is at 
            top left     (0,0)
            bottom right (2,1)
    
        Box  2 is at 
            top left     (0,6)
            bottom right (2,7)
    
        Box  3 is at 
            top left     (4,0)
            bottom right (6,1)
    
        Box  4 is at 
            top left     (3,6)
            bottom right (5,6)
    
        Box  5 is at 
            top left     (3,7)
            bottom right (5,7)
    
        Box  6 is at 
            top left     (4,5)
            bottom right (6,5)
    
        Box  7 is at 
            top left     (1,4)
            bottom right (3,4)
    
        Box  8 is at 
            top left     (6,4)
            bottom right (6,4)
    
        Box  9 is at 
            top left     (6,3)
            bottom right (6,3)
    
        Box 10 is at 
            top left     (6,2)
            bottom right (6,2)
    
        Box 11 is at 
            top left     (0,5)
            bottom right (0,5)
    
        Box 12 is at 
            top left     (1,5)
            bottom right (1,5)
    
        Roll length used: 8

    [1;34mTry max length:[0m 7
    [1;34m    At iteration:[0m 19
        lingeling found a solution in .055 ms

      | W
    L | 0 1  2  3 4 5 6 
    --------------------
    0 | 3 3  .  . . 2 2 
    1 | 3 3  .  . . 2 2 
    2 | 3 3  .  . . 2 2 
    3 | 1 1  . 11 . 4 . 
    4 | 1 1 12  7 6 4 5 
    5 | 1 1 10  7 6 4 5 
    6 | 9 8  .  7 6 . 5 
    
    Boxes' corners:       (w,l)
        Box  1 is at 
            top left     (0,3)
            bottom right (1,5)
    
        Box  2 is at 
            top left     (5,0)
            bottom right (6,2)
    
        Box  3 is at 
            top left     (0,0)
            bottom right (1,2)
    
        Box  4 is at 
            top left     (5,3)
            bottom right (5,5)
    
        Box  5 is at 
            top left     (6,4)
            bottom right (6,6)
    
        Box  6 is at 
            top left     (4,4)
            bottom right (4,6)
    
        Box  7 is at 
            top left     (3,4)
            bottom right (3,6)
    
        Box  8 is at 
            top left     (1,6)
            bottom right (1,6)
    
        Box  9 is at 
            top left     (0,6)
            bottom right (0,6)
    
        Box 10 is at 
            top left     (2,5)
            bottom right (2,5)
    
        Box 11 is at 
            top left     (3,3)
            bottom right (3,3)
    
        Box 12 is at 
            top left     (2,4)
            bottom right (2,4)
    
        Roll length used: 7

    [1;34mTry max length:[0m 6
    [1;34m    At iteration:[0m 20
        lingeling found a solution in .044 ms

      | W
    L | 0 1  2  3 4 5 6 
    --------------------
    0 | 2 2  .  7 . 5 4 
    1 | 2 2  .  7 . 5 4 
    2 | 2 2  .  7 . 5 4 
    3 | 1 1  . 12 6 3 3 
    4 | 1 1  9 11 6 3 3 
    5 | 1 1 10  8 6 3 3 
    
    Boxes' corners:       (w,l)
        Box  1 is at 
            top left     (0,3)
            bottom right (1,5)
    
        Box  2 is at 
            top left     (0,0)
            bottom right (1,2)
    
        Box  3 is at 
            top left     (5,3)
            bottom right (6,5)
    
        Box  4 is at 
            top left     (6,0)
            bottom right (6,2)
    
        Box  5 is at 
            top left     (5,0)
            bottom right (5,2)
    
        Box  6 is at 
            top left     (4,3)
            bottom right (4,5)
    
        Box  7 is at 
            top left     (3,0)
            bottom right (3,2)
    
        Box  8 is at 
            top left     (3,5)
            bottom right (3,5)
    
        Box  9 is at 
            top left     (2,4)
            bottom right (2,4)
    
        Box 10 is at 
            top left     (2,5)
            bottom right (2,5)
    
        Box 11 is at 
            top left     (3,4)
            bottom right (3,4)
    
        Box 12 is at 
            top left     (3,3)
            bottom right (3,3)
    
        Roll length used: 6

    [1;34mTry max length:[0m 5
    [1;34m    At iteration:[0m 21
        lingeling found a solution in .123 ms

      | W
    L | 0 1 2 3 4  5  6 
    --------------------
    0 | 4 4 4 1 1  1  7 
    1 | 6 6 6 1 1  1  7 
    2 | 3 3 2 2 2  9  7 
    3 | 3 3 2 2 2 10 12 
    4 | 3 3 8 5 5  5 11 
    
    Boxes' corners:       (w,l)
        Box  1 is at 
            top left     (3,0)
            bottom right (5,1)
    
        Box  2 is at 
            top left     (2,2)
            bottom right (4,3)
    
        Box  3 is at 
            top left     (0,2)
            bottom right (1,4)
    
        Box  4 is at 
            top left     (0,0)
            bottom right (2,0)
    
        Box  5 is at 
            top left     (3,4)
            bottom right (5,4)
    
        Box  6 is at 
            top left     (0,1)
            bottom right (2,1)
    
        Box  7 is at 
            top left     (6,0)
            bottom right (6,2)
    
        Box  8 is at 
            top left     (2,4)
            bottom right (2,4)
    
        Box  9 is at 
            top left     (5,2)
            bottom right (5,2)
    
        Box 10 is at 
            top left     (5,3)
            bottom right (5,3)
    
        Box 11 is at 
            top left     (6,4)
            bottom right (6,4)
    
        Box 12 is at 
            top left     (6,3)
            bottom right (6,3)
    
        Roll length used: 5

    [1;34mTry max length:[0m 4
    [1;34m    At iteration:[0m 22
        [3;31mlingeling determined unsatisfiability of the Boolean formula[0m
        [1;32mOptimality reached![0m
