Tue 5 Jun 21:24:46 CEST 2018
    [1;34mTry max length:[0m 999999
    [1;34m    At iteration:[0m 0
        lingeling found a solution in .028 ms

      | W
    L | 0 1 2 3 4 5 6 7 8 9 
    -------------------------
    0 | . . 1 1 1 . . . . . 
    1 | . . . . . . . . . . 
    2 | . . . . . . . . . . 
    3 | . . . . . . . . . . 
    4 | . . . . . . . . . 2 
    5 | . . . 3 . . . . . 2 
    6 | . . . . . . . . . 2 
    
    Boxes' corners:      (w,l)
        Box 1 is at 
            top left     (2,0)
            bottom right (4,0)
    
        Box 2 is at 
            top left     (9,4)
            bottom right (9,6)
    
        Box 3 is at 
            top left     (3,5)
            bottom right (3,5)
    
        Roll length used: 7

    [1;34mTry max length:[0m 6
    [1;34m    At iteration:[0m 1
        lingeling found a solution in .020 ms

      | W
    L | 0 1 2 3 4 5 6 7 8 9 
    -------------------------
    0 | . . . . . . . . . . 
    1 | . . . . . . . . . . 
    2 | . . . . . . . . . 2 
    3 | 1 1 1 . . 3 . . . 2 
    4 | . . . . . . . . . 2 
    5 | . . . . . . . . . . 
    
    Boxes' corners:      (w,l)
        Box 1 is at 
            top left     (0,3)
            bottom right (2,3)
    
        Box 2 is at 
            top left     (9,2)
            bottom right (9,4)
    
        Box 3 is at 
            top left     (5,3)
            bottom right (5,3)
    
        Roll length used: 5

    [1;34mTry max length:[0m 4
    [1;34m    At iteration:[0m 2
        lingeling found a solution in .013 ms

      | W
    L | 0 1 2 3 4 5 6 7 8 9 
    -------------------------
    0 | . . . . . . . . . 2 
    1 | 1 . . . . . . . . 2 
    2 | 1 . . . . . . . . 2 
    3 | 1 3 . . . . . . . . 
    
    Boxes' corners:      (w,l)
        Box 1 is at 
            top left     (0,1)
            bottom right (0,3)
    
        Box 2 is at 
            top left     (9,0)
            bottom right (9,2)
    
        Box 3 is at 
            top left     (1,3)
            bottom right (1,3)
    
        Roll length used: 4

    [1;34mTry max length:[0m 3
    [1;34m    At iteration:[0m 3
        lingeling found a solution in .009 ms

      | W
    L | 0 1 2 3 4 5 6 7 8 9 
    -------------------------
    0 | . 1 . . . . . . . 2 
    1 | . 1 . . . 3 . . . 2 
    2 | . 1 . . . . . . . 2 
    
    Boxes' corners:      (w,l)
        Box 1 is at 
            top left     (1,0)
            bottom right (1,2)
    
        Box 2 is at 
            top left     (9,0)
            bottom right (9,2)
    
        Box 3 is at 
            top left     (5,1)
            bottom right (5,1)
    
        Roll length used: 3

    [1;34mTry max length:[0m 2
    [1;34m    At iteration:[0m 4
        lingeling found a solution in .006 ms

      | W
    L | 0 1 2 3 4 5 6 7 8 9 
    -------------------------
    0 | . . . 1 1 1 . . . 3 
    1 | . . . . . . . 2 2 2 
    
    Boxes' corners:      (w,l)
        Box 1 is at 
            top left     (3,0)
            bottom right (5,0)
    
        Box 2 is at 
            top left     (7,1)
            bottom right (9,1)
    
        Box 3 is at 
            top left     (9,0)
            bottom right (9,0)
    
        Roll length used: 2

    [1;34mTry max length:[0m 1
    [1;34m    At iteration:[0m 5
        lingeling found a solution in .005 ms

      | W
    L | 0 1 2 3 4 5 6 7 8 9 
    -------------------------
    0 | . 2 2 2 1 1 1 . . 3 
    
    Boxes' corners:      (w,l)
        Box 1 is at 
            top left     (4,0)
            bottom right (6,0)
    
        Box 2 is at 
            top left     (1,0)
            bottom right (3,0)
    
        Box 3 is at 
            top left     (9,0)
            bottom right (9,0)
    
        Roll length used: 1

    [1;34mTry max length:[0m 0
    [1;34m    At iteration:[0m 6
        [3;31mlingeling determined unsatisfiability of the Boolean formula[0m
        [1;32mOptimality reached![0m
