Wed 6 Jun 09:34:05 CEST 2018
    [1;34mTry max length:[0m 999999
    [1;34m    At iteration:[0m 0
        lingeling found a solution in .551 ms

       | W
     L | 0  1  2  3  4  5 6 7 8 9 10 
    ---------------------------------
     0 | . 10 10 10 10 10 9 9 9 9  9 
     1 | . 10 10 10 10 10 9 9 9 9  9 
     2 | .  .  .  .  .  . . . . .  . 
     3 | .  .  .  .  .  . . . . .  . 
     4 | .  .  .  .  .  . . . . .  . 
     5 | .  .  .  .  .  . . . . .  . 
     6 | .  .  .  .  .  . . . . .  . 
     7 | .  .  .  .  .  . . . . .  . 
     8 | .  .  .  .  .  . . . . .  . 
     9 | .  .  .  .  .  . . . . .  . 
    10 | .  .  .  .  .  . . . . .  . 
    11 | .  .  .  .  .  . . . . .  . 
    12 | .  .  .  .  .  . . . . .  . 
    13 | .  .  .  .  .  . . . . .  . 
    14 | 1  .  .  .  .  . . . . .  . 
    15 | 1  .  .  .  .  . . . . .  . 
    16 | 1  .  .  .  .  . . . . .  . 
    17 | .  .  .  .  .  . . . . .  . 
    18 | .  .  .  .  .  . . . . .  . 
    19 | .  .  .  .  .  . . . . .  . 
    20 | .  .  .  .  .  . . . . .  . 
    21 | .  .  .  .  .  . . . . .  . 
    22 | .  .  .  .  .  . . . . .  . 
    23 | .  .  .  .  .  . . . . .  . 
    24 | .  .  .  .  .  . . . . .  . 
    25 | .  .  .  .  .  . . . . .  . 
    26 | .  .  .  .  .  . . . . .  . 
    27 | .  .  .  .  6  5 4 3 2 2  2 
    28 | .  8  8  8  8  8 7 7 7 7  7 
    29 | .  8  8  8  8  8 7 7 7 7  7 
    
    Boxes' corners:       (w,l)
        Box  1 is at 
            top left     (0,14)
            bottom right (0,16)
    
        Box  2 is at 
            top left     (8,27)
            bottom right (10,27)
    
        Box  3 is at 
            top left     (7,27)
            bottom right (7,27)
    
        Box  4 is at 
            top left     (6,27)
            bottom right (6,27)
    
        Box  5 is at 
            top left     (5,27)
            bottom right (5,27)
    
        Box  6 is at 
            top left     (4,27)
            bottom right (4,27)
    
        Box  7 is at 
            top left     (6,28)
            bottom right (10,29)
    
        Box  8 is at 
            top left     (1,28)
            bottom right (5,29)
    
        Box  9 is at 
            top left     (6,0)
            bottom right (10,1)
    
        Box 10 is at 
            top left     (1,0)
            bottom right (5,1)
    
        Roll length used: 30

    [1;34mTry max length:[0m 29
    [1;34m    At iteration:[0m 1
        lingeling found a solution in .509 ms

       | W
     L | 0  1  2  3  4  5 6 7 8 9 10 
    ---------------------------------
     0 | . 10 10 10 10 10 7 7 7 7  7 
     1 | . 10 10 10 10 10 7 7 7 7  7 
     2 | .  .  .  .  .  . . . . .  . 
     3 | .  .  .  .  .  . . . . .  . 
     4 | .  .  .  .  .  . . . . .  . 
     5 | .  .  .  .  .  . . . . .  . 
     6 | .  .  .  .  .  . . . . .  . 
     7 | .  .  .  .  .  . . . . .  . 
     8 | .  .  .  .  .  . . . . .  . 
     9 | .  .  .  .  .  . . . . .  . 
    10 | .  .  .  .  .  . . . . .  . 
    11 | .  .  .  .  .  . . . . .  . 
    12 | .  .  .  .  .  . . . . .  . 
    13 | .  .  .  .  .  . . . . .  . 
    14 | 1  .  .  .  .  . . . . .  . 
    15 | 1  .  .  .  .  . . . . .  . 
    16 | 1  .  .  .  .  . . . . .  . 
    17 | .  .  .  .  .  . . . . .  . 
    18 | .  .  .  .  .  . . . . .  . 
    19 | .  .  .  .  .  . . . . .  . 
    20 | .  .  .  .  .  . . . . .  . 
    21 | .  .  .  .  .  . . . . .  . 
    22 | .  .  .  .  .  . . . . .  . 
    23 | .  .  .  .  .  . . . . .  . 
    24 | .  .  .  .  .  . . . . .  . 
    25 | .  .  .  .  .  . . . . .  . 
    26 | .  .  .  .  6  5 4 3 2 2  2 
    27 | 8  8  8  8  8  9 9 9 9 9  . 
    28 | 8  8  8  8  8  9 9 9 9 9  . 
    
    Boxes' corners:       (w,l)
        Box  1 is at 
            top left     (0,14)
            bottom right (0,16)
    
        Box  2 is at 
            top left     (8,26)
            bottom right (10,26)
    
        Box  3 is at 
            top left     (7,26)
            bottom right (7,26)
    
        Box  4 is at 
            top left     (6,26)
            bottom right (6,26)
    
        Box  5 is at 
            top left     (5,26)
            bottom right (5,26)
    
        Box  6 is at 
            top left     (4,26)
            bottom right (4,26)
    
        Box  7 is at 
            top left     (6,0)
            bottom right (10,1)
    
        Box  8 is at 
            top left     (0,27)
            bottom right (4,28)
    
        Box  9 is at 
            top left     (5,27)
            bottom right (9,28)
    
        Box 10 is at 
            top left     (1,0)
            bottom right (5,1)
    
        Roll length used: 29

    [1;34mTry max length:[0m 28
    [1;34m    At iteration:[0m 2
        lingeling found a solution in .458 ms

       | W
     L |  0  1  2  3  4 5 6 7 8 9 10 
    ---------------------------------
     0 |  7  7  7  7  7 . 8 8 8 8  8 
     1 |  7  7  7  7  7 . 8 8 8 8  8 
     2 |  .  .  .  .  . . . . . .  . 
     3 |  .  .  .  .  . . . . . .  . 
     4 |  .  .  .  .  . . . . . .  . 
     5 |  .  .  .  .  . . . . . .  . 
     6 |  .  .  .  .  . . . . . .  . 
     7 |  .  .  .  .  . . . . . .  . 
     8 |  .  .  .  .  . . . . . .  . 
     9 |  .  .  .  .  . . . . . .  . 
    10 |  .  .  .  .  . . . . . .  . 
    11 |  .  .  .  .  . . . . . .  . 
    12 |  .  .  .  .  . . . . . .  . 
    13 |  1  .  .  .  . . . . . .  . 
    14 |  1  .  .  .  . . . . . .  . 
    15 |  1  .  .  .  . . . . . .  . 
    16 |  .  .  .  .  . . . . . .  . 
    17 |  .  .  .  .  . . . . . .  . 
    18 |  .  .  .  .  . . . . . .  . 
    19 |  .  .  .  .  . . . . . .  . 
    20 |  .  .  .  .  . . . . . .  . 
    21 |  .  .  .  .  . . . . . .  . 
    22 |  .  .  .  .  . . . . . .  . 
    23 |  .  .  .  .  . . . . . .  . 
    24 |  .  .  .  .  . . . . . .  . 
    25 |  .  .  .  .  . . 6 5 2 2  2 
    26 | 10 10 10 10 10 4 9 9 9 9  9 
    27 | 10 10 10 10 10 3 9 9 9 9  9 
    
    Boxes' corners:       (w,l)
        Box  1 is at 
            top left     (0,13)
            bottom right (0,15)
    
        Box  2 is at 
            top left     (8,25)
            bottom right (10,25)
    
        Box  3 is at 
            top left     (5,27)
            bottom right (5,27)
    
        Box  4 is at 
            top left     (5,26)
            bottom right (5,26)
    
        Box  5 is at 
            top left     (7,25)
            bottom right (7,25)
    
        Box  6 is at 
            top left     (6,25)
            bottom right (6,25)
    
        Box  7 is at 
            top left     (0,0)
            bottom right (4,1)
    
        Box  8 is at 
            top left     (6,0)
            bottom right (10,1)
    
        Box  9 is at 
            top left     (6,26)
            bottom right (10,27)
    
        Box 10 is at 
            top left     (0,26)
            bottom right (4,27)
    
        Roll length used: 28

    [1;34mTry max length:[0m 27
    [1;34m    At iteration:[0m 3
        lingeling found a solution in .444 ms

       | W
     L | 0 1 2 3 4 5  6  7  8  9 10 
    --------------------------------
     0 | 9 9 9 9 9 .  7  7  7  7  7 
     1 | 9 9 9 9 9 .  7  7  7  7  7 
     2 | . . . . . .  .  .  .  .  . 
     3 | . . . . . .  .  .  .  .  . 
     4 | . . . . . .  .  .  .  .  . 
     5 | . . . . . .  .  .  .  .  . 
     6 | . . . . . .  .  .  .  .  . 
     7 | . . . . . .  .  .  .  .  . 
     8 | . . . . . .  .  .  .  .  . 
     9 | . . . . . .  .  .  .  .  . 
    10 | . . . . . .  .  .  .  .  . 
    11 | . . . . . .  .  .  .  .  . 
    12 | . . . . . .  .  .  .  .  . 
    13 | 1 . . . . .  .  .  .  .  . 
    14 | 1 . . . . .  .  .  .  .  . 
    15 | 1 . . . . .  .  .  .  .  . 
    16 | . . . . . .  .  .  .  .  . 
    17 | . . . . . .  .  .  .  .  . 
    18 | . . . . . .  .  .  .  .  . 
    19 | . . . . . .  .  .  .  .  . 
    20 | . . . . . .  .  .  .  .  . 
    21 | . . . . . .  .  .  .  .  . 
    22 | . . . . . .  .  .  .  .  . 
    23 | . . . . . .  .  .  .  .  . 
    24 | . . . . . .  6  5  2  2  2 
    25 | 8 8 8 8 8 4 10 10 10 10 10 
    26 | 8 8 8 8 8 3 10 10 10 10 10 
    
    Boxes' corners:       (w,l)
        Box  1 is at 
            top left     (0,13)
            bottom right (0,15)
    
        Box  2 is at 
            top left     (8,24)
            bottom right (10,24)
    
        Box  3 is at 
            top left     (5,26)
            bottom right (5,26)
    
        Box  4 is at 
            top left     (5,25)
            bottom right (5,25)
    
        Box  5 is at 
            top left     (7,24)
            bottom right (7,24)
    
        Box  6 is at 
            top left     (6,24)
            bottom right (6,24)
    
        Box  7 is at 
            top left     (6,0)
            bottom right (10,1)
    
        Box  8 is at 
            top left     (0,25)
            bottom right (4,26)
    
        Box  9 is at 
            top left     (0,0)
            bottom right (4,1)
    
        Box 10 is at 
            top left     (6,25)
            bottom right (10,26)
    
        Roll length used: 27

    [1;34mTry max length:[0m 26
    [1;34m    At iteration:[0m 4
        lingeling found a solution in .414 ms

       | W
     L |  0  1  2  3  4 5 6 7 8 9 10 
    ---------------------------------
     0 | 10 10 10 10 10 8 8 8 8 8  . 
     1 | 10 10 10 10 10 8 8 8 8 8  . 
     2 |  .  .  .  .  . . . . . .  . 
     3 |  .  .  .  .  . . . . . .  . 
     4 |  .  .  .  .  . . . . . .  . 
     5 |  .  .  .  .  . . . . . .  . 
     6 |  .  .  .  .  . . . . . .  . 
     7 |  .  .  .  .  . . . . . .  . 
     8 |  .  .  .  .  . . . . . .  . 
     9 |  .  .  .  .  . . . . . .  . 
    10 |  .  .  .  .  . . . . . .  . 
    11 |  .  .  .  .  . . . . . .  . 
    12 |  1  .  .  .  . . . . . .  . 
    13 |  1  .  .  .  . . . . . .  . 
    14 |  1  .  .  .  . . . . . .  . 
    15 |  .  .  .  .  . . . . . .  . 
    16 |  .  .  .  .  . . . . . .  . 
    17 |  .  .  .  .  . . . . . .  . 
    18 |  .  .  .  .  . . . . . .  . 
    19 |  .  .  .  .  . . . . . .  . 
    20 |  .  .  .  .  . . . . . .  . 
    21 |  .  .  .  .  . . . . . .  . 
    22 |  .  .  .  .  . . . . . .  . 
    23 |  .  .  .  .  . . 6 5 2 2  2 
    24 |  7  7  7  7  7 4 9 9 9 9  9 
    25 |  7  7  7  7  7 3 9 9 9 9  9 
    
    Boxes' corners:       (w,l)
        Box  1 is at 
            top left     (0,12)
            bottom right (0,14)
    
        Box  2 is at 
            top left     (8,23)
            bottom right (10,23)
    
        Box  3 is at 
            top left     (5,25)
            bottom right (5,25)
    
        Box  4 is at 
            top left     (5,24)
            bottom right (5,24)
    
        Box  5 is at 
            top left     (7,23)
            bottom right (7,23)
    
        Box  6 is at 
            top left     (6,23)
            bottom right (6,23)
    
        Box  7 is at 
            top left     (0,24)
            bottom right (4,25)
    
        Box  8 is at 
            top left     (5,0)
            bottom right (9,1)
    
        Box  9 is at 
            top left     (6,24)
            bottom right (10,25)
    
        Box 10 is at 
            top left     (0,0)
            bottom right (4,1)
    
        Roll length used: 26

    [1;34mTry max length:[0m 25
    [1;34m    At iteration:[0m 5
        lingeling found a solution in .412 ms

       | W
     L |  0  1  2  3  4 5 6 7 8 9 10 
    ---------------------------------
     0 | 10 10 10 10 10 9 9 9 9 9  . 
     1 | 10 10 10 10 10 9 9 9 9 9  . 
     2 |  .  .  .  .  . . . . . .  . 
     3 |  .  .  .  .  . . . . . .  . 
     4 |  .  .  .  .  . . . . . .  . 
     5 |  .  .  .  .  . . . . . .  . 
     6 |  .  .  .  .  . . . . . .  . 
     7 |  .  .  .  .  . . . . . .  . 
     8 |  .  .  .  .  . . . . . .  . 
     9 |  .  .  .  .  . . . . . .  . 
    10 |  .  .  .  .  . . . . . .  . 
    11 |  .  .  .  .  . . . . . .  . 
    12 |  1  .  .  .  . . . . . .  . 
    13 |  1  .  .  .  . . . . . .  . 
    14 |  1  .  .  .  . . . . . .  . 
    15 |  .  .  .  .  . . . . . .  . 
    16 |  .  .  .  .  . . . . . .  . 
    17 |  .  .  .  .  . . . . . .  . 
    18 |  .  .  .  .  . . . . . .  . 
    19 |  .  .  .  .  . . . . . .  . 
    20 |  .  .  .  .  . . . . . .  . 
    21 |  .  .  .  .  . . . . . .  . 
    22 |  .  .  .  .  6 5 4 3 2 2  2 
    23 |  8  8  8  8  8 7 7 7 7 7  . 
    24 |  8  8  8  8  8 7 7 7 7 7  . 
    
    Boxes' corners:       (w,l)
        Box  1 is at 
            top left     (0,12)
            bottom right (0,14)
    
        Box  2 is at 
            top left     (8,22)
            bottom right (10,22)
    
        Box  3 is at 
            top left     (7,22)
            bottom right (7,22)
    
        Box  4 is at 
            top left     (6,22)
            bottom right (6,22)
    
        Box  5 is at 
            top left     (5,22)
            bottom right (5,22)
    
        Box  6 is at 
            top left     (4,22)
            bottom right (4,22)
    
        Box  7 is at 
            top left     (5,23)
            bottom right (9,24)
    
        Box  8 is at 
            top left     (0,23)
            bottom right (4,24)
    
        Box  9 is at 
            top left     (5,0)
            bottom right (9,1)
    
        Box 10 is at 
            top left     (0,0)
            bottom right (4,1)
    
        Roll length used: 25

    [1;34mTry max length:[0m 24
    [1;34m    At iteration:[0m 6
        lingeling found a solution in .365 ms

       | W
     L |  0  1  2  3  4 5 6 7 8 9 10 
    ---------------------------------
     0 | 10 10 10 10 10 . 7 7 7 7  7 
     1 | 10 10 10 10 10 . 7 7 7 7  7 
     2 |  .  .  .  .  . . . . . .  . 
     3 |  .  .  .  .  . . . . . .  . 
     4 |  .  .  .  .  . . . . . .  . 
     5 |  .  .  .  .  . . . . . .  . 
     6 |  .  .  .  .  . . . . . .  . 
     7 |  .  .  .  .  . . . . . .  . 
     8 |  .  .  .  .  . . . . . .  . 
     9 |  .  .  .  .  . . . . . .  . 
    10 |  .  .  .  .  . . . . . .  . 
    11 |  1  .  .  .  . . . . . .  . 
    12 |  1  .  .  .  . . . . . .  . 
    13 |  1  .  .  .  . . . . . .  . 
    14 |  .  .  .  .  . . . . . .  . 
    15 |  .  .  .  .  . . . . . .  . 
    16 |  .  .  .  .  . . . . . .  . 
    17 |  .  .  .  .  . . . . . .  . 
    18 |  .  .  .  .  . . . . . .  . 
    19 |  .  .  .  .  . . . . . .  . 
    20 |  .  .  .  .  . . . . . .  . 
    21 |  .  .  .  .  . . 6 5 2 2  2 
    22 |  8  8  8  8  8 4 9 9 9 9  9 
    23 |  8  8  8  8  8 3 9 9 9 9  9 
    
    Boxes' corners:       (w,l)
        Box  1 is at 
            top left     (0,11)
            bottom right (0,13)
    
        Box  2 is at 
            top left     (8,21)
            bottom right (10,21)
    
        Box  3 is at 
            top left     (5,23)
            bottom right (5,23)
    
        Box  4 is at 
            top left     (5,22)
            bottom right (5,22)
    
        Box  5 is at 
            top left     (7,21)
            bottom right (7,21)
    
        Box  6 is at 
            top left     (6,21)
            bottom right (6,21)
    
        Box  7 is at 
            top left     (6,0)
            bottom right (10,1)
    
        Box  8 is at 
            top left     (0,22)
            bottom right (4,23)
    
        Box  9 is at 
            top left     (6,22)
            bottom right (10,23)
    
        Box 10 is at 
            top left     (0,0)
            bottom right (4,1)
    
        Roll length used: 24

    [1;34mTry max length:[0m 23
    [1;34m    At iteration:[0m 7
        lingeling found a solution in .324 ms

       | W
     L | 0 1 2 3 4  5  6  7  8  9 10 
    ---------------------------------
     0 | 8 8 8 8 8 10 10 10 10 10  . 
     1 | 8 8 8 8 8 10 10 10 10 10  . 
     2 | . . . . .  .  .  .  .  .  . 
     3 | . . . . .  .  .  .  .  .  . 
     4 | . . . . .  .  .  .  .  .  . 
     5 | . . . . .  .  .  .  .  .  . 
     6 | . . . . .  .  .  .  .  .  . 
     7 | . . . . .  .  .  .  .  .  . 
     8 | . . . . .  .  .  .  .  .  . 
     9 | . . . . .  .  .  .  .  .  . 
    10 | . . . . .  .  .  .  .  .  . 
    11 | 1 . . . .  .  .  .  .  .  . 
    12 | 1 . . . .  .  .  .  .  .  . 
    13 | 1 . . . .  .  .  .  .  .  . 
    14 | . . . . .  .  .  .  .  .  . 
    15 | . . . . .  .  .  .  .  .  . 
    16 | . . . . .  .  .  .  .  .  . 
    17 | . . . . .  .  .  .  .  .  . 
    18 | . . . . .  .  .  .  .  .  . 
    19 | . . . . .  .  .  .  .  .  . 
    20 | . . . . .  2  2  2  .  6  5 
    21 | 9 9 9 9 9  4  7  7  7  7  7 
    22 | 9 9 9 9 9  3  7  7  7  7  7 
    
    Boxes' corners:       (w,l)
        Box  1 is at 
            top left     (0,11)
            bottom right (0,13)
    
        Box  2 is at 
            top left     (5,20)
            bottom right (7,20)
    
        Box  3 is at 
            top left     (5,22)
            bottom right (5,22)
    
        Box  4 is at 
            top left     (5,21)
            bottom right (5,21)
    
        Box  5 is at 
            top left     (10,20)
            bottom right (10,20)
    
        Box  6 is at 
            top left     (9,20)
            bottom right (9,20)
    
        Box  7 is at 
            top left     (6,21)
            bottom right (10,22)
    
        Box  8 is at 
            top left     (0,0)
            bottom right (4,1)
    
        Box  9 is at 
            top left     (0,21)
            bottom right (4,22)
    
        Box 10 is at 
            top left     (5,0)
            bottom right (9,1)
    
        Roll length used: 23

    [1;34mTry max length:[0m 22
    [1;34m    At iteration:[0m 8
        lingeling found a solution in .282 ms

       | W
     L | 0 1 2 3 4 5  6  7  8  9 10 
    --------------------------------
     0 | 8 8 8 8 8 . 10 10 10 10 10 
     1 | 8 8 8 8 8 . 10 10 10 10 10 
     2 | . . . . . .  .  .  .  .  . 
     3 | . . . . . .  .  .  .  .  . 
     4 | . . . . . .  .  .  .  .  . 
     5 | . . . . . .  .  .  .  .  . 
     6 | . . . . . .  .  .  .  .  . 
     7 | . . . . . .  .  .  .  .  . 
     8 | . . . . . .  .  .  .  .  . 
     9 | . . . . . .  .  .  .  .  . 
    10 | 1 . . . . .  .  .  .  .  . 
    11 | 1 . . . . .  .  .  .  .  . 
    12 | 1 . . . . .  .  .  .  .  . 
    13 | . . . . . .  .  .  .  .  . 
    14 | . . . . . .  .  .  .  .  . 
    15 | . . . . . .  .  .  .  .  . 
    16 | . . . . . .  .  .  .  .  . 
    17 | . . . . . .  .  .  .  .  . 
    18 | . . . . . .  .  .  .  .  . 
    19 | . . . . . .  6  5  2  2  2 
    20 | 9 9 9 9 9 7  7  7  7  7  4 
    21 | 9 9 9 9 9 7  7  7  7  7  3 
    
    Boxes' corners:       (w,l)
        Box  1 is at 
            top left     (0,10)
            bottom right (0,12)
    
        Box  2 is at 
            top left     (8,19)
            bottom right (10,19)
    
        Box  3 is at 
            top left     (10,21)
            bottom right (10,21)
    
        Box  4 is at 
            top left     (10,20)
            bottom right (10,20)
    
        Box  5 is at 
            top left     (7,19)
            bottom right (7,19)
    
        Box  6 is at 
            top left     (6,19)
            bottom right (6,19)
    
        Box  7 is at 
            top left     (5,20)
            bottom right (9,21)
    
        Box  8 is at 
            top left     (0,0)
            bottom right (4,1)
    
        Box  9 is at 
            top left     (0,20)
            bottom right (4,21)
    
        Box 10 is at 
            top left     (6,0)
            bottom right (10,1)
    
        Roll length used: 22

    [1;34mTry max length:[0m 21
    [1;34m    At iteration:[0m 9
        lingeling found a solution in .282 ms

       | W
     L |  0  1  2  3  4 5 6 7 8 9 10 
    ---------------------------------
     0 |  7  7  7  7  7 . 9 9 9 9  9 
     1 |  7  7  7  7  7 . 9 9 9 9  9 
     2 |  .  .  .  .  . . . . . .  . 
     3 |  .  .  .  .  . . . . . .  . 
     4 |  .  .  .  .  . . . . . .  . 
     5 |  .  .  .  .  . . . . . .  . 
     6 |  .  .  .  .  . . . . . .  . 
     7 |  .  .  .  .  . . . . . .  . 
     8 |  .  .  .  .  . . . . . .  . 
     9 |  .  .  .  .  . . . . . .  . 
    10 |  1  .  .  .  . . . . . .  . 
    11 |  1  .  .  .  . . . . . .  . 
    12 |  1  .  .  .  . . . . . .  . 
    13 |  .  .  .  .  . . . . . .  . 
    14 |  .  .  .  .  . . . . . .  . 
    15 |  .  .  .  .  . . . . . .  . 
    16 |  .  .  .  .  . . . . . .  . 
    17 |  .  .  .  .  . . . . . .  . 
    18 |  .  .  .  .  . . 6 5 2 2  2 
    19 | 10 10 10 10 10 4 8 8 8 8  8 
    20 | 10 10 10 10 10 3 8 8 8 8  8 
    
    Boxes' corners:       (w,l)
        Box  1 is at 
            top left     (0,10)
            bottom right (0,12)
    
        Box  2 is at 
            top left     (8,18)
            bottom right (10,18)
    
        Box  3 is at 
            top left     (5,20)
            bottom right (5,20)
    
        Box  4 is at 
            top left     (5,19)
            bottom right (5,19)
    
        Box  5 is at 
            top left     (7,18)
            bottom right (7,18)
    
        Box  6 is at 
            top left     (6,18)
            bottom right (6,18)
    
        Box  7 is at 
            top left     (0,0)
            bottom right (4,1)
    
        Box  8 is at 
            top left     (6,19)
            bottom right (10,20)
    
        Box  9 is at 
            top left     (6,0)
            bottom right (10,1)
    
        Box 10 is at 
            top left     (0,19)
            bottom right (4,20)
    
        Roll length used: 21

    [1;34mTry max length:[0m 20
    [1;34m    At iteration:[0m 10
        lingeling found a solution in .250 ms

       | W
     L |  0  1  2  3  4 5 6 7 8 9 10 
    ---------------------------------
     0 | 10 10 10 10 10 . 7 7 7 7  7 
     1 | 10 10 10 10 10 . 7 7 7 7  7 
     2 |  .  .  .  .  . . . . . .  . 
     3 |  .  .  .  .  . . . . . .  . 
     4 |  .  .  .  .  . . . . . .  . 
     5 |  .  .  .  .  . . . . . .  . 
     6 |  .  .  .  .  . . . . . .  . 
     7 |  .  .  .  .  . . . . . .  . 
     8 |  .  .  .  .  . . . . . .  . 
     9 |  1  .  .  .  . . . . . .  . 
    10 |  1  .  .  .  . . . . . .  . 
    11 |  1  .  .  .  . . . . . .  . 
    12 |  .  .  .  .  . . . . . .  . 
    13 |  .  .  .  .  . . . . . .  . 
    14 |  .  .  .  .  . . . . . .  . 
    15 |  .  .  .  .  . . . . . .  . 
    16 |  .  .  .  .  . . . . . .  . 
    17 |  .  .  .  .  . . 6 5 2 2  2 
    18 |  9  9  9  9  9 4 8 8 8 8  8 
    19 |  9  9  9  9  9 3 8 8 8 8  8 
    
    Boxes' corners:       (w,l)
        Box  1 is at 
            top left     (0,9)
            bottom right (0,11)
    
        Box  2 is at 
            top left     (8,17)
            bottom right (10,17)
    
        Box  3 is at 
            top left     (5,19)
            bottom right (5,19)
    
        Box  4 is at 
            top left     (5,18)
            bottom right (5,18)
    
        Box  5 is at 
            top left     (7,17)
            bottom right (7,17)
    
        Box  6 is at 
            top left     (6,17)
            bottom right (6,17)
    
        Box  7 is at 
            top left     (6,0)
            bottom right (10,1)
    
        Box  8 is at 
            top left     (6,18)
            bottom right (10,19)
    
        Box  9 is at 
            top left     (0,18)
            bottom right (4,19)
    
        Box 10 is at 
            top left     (0,0)
            bottom right (4,1)
    
        Roll length used: 20

    [1;34mTry max length:[0m 19
    [1;34m    At iteration:[0m 11
        lingeling found a solution in .235 ms

       | W
     L | 0 1 2 3 4  5  6  7  8  9 10 
    ---------------------------------
     0 | 9 9 9 9 9 10 10 10 10 10  . 
     1 | 9 9 9 9 9 10 10 10 10 10  . 
     2 | . . . . .  .  .  .  .  .  . 
     3 | . . . . .  .  .  .  .  .  . 
     4 | . . . . .  .  .  .  .  .  . 
     5 | . . . . .  .  .  .  .  .  . 
     6 | . . . . .  .  .  .  .  .  . 
     7 | . . . . .  .  .  .  .  .  . 
     8 | . . . . .  .  .  .  .  .  . 
     9 | 1 . . . .  .  .  .  .  .  . 
    10 | 1 . . . .  .  .  .  .  .  . 
    11 | 1 . . . .  .  .  .  .  .  . 
    12 | . . . . .  .  .  .  .  .  . 
    13 | . . . . .  .  .  .  .  .  . 
    14 | . . . . .  .  .  .  .  .  . 
    15 | . . . . .  .  .  .  .  .  . 
    16 | . . . . .  .  6  5  2  2  2 
    17 | 8 8 8 8 8  7  7  7  7  7  4 
    18 | 8 8 8 8 8  7  7  7  7  7  3 
    
    Boxes' corners:       (w,l)
        Box  1 is at 
            top left     (0,9)
            bottom right (0,11)
    
        Box  2 is at 
            top left     (8,16)
            bottom right (10,16)
    
        Box  3 is at 
            top left     (10,18)
            bottom right (10,18)
    
        Box  4 is at 
            top left     (10,17)
            bottom right (10,17)
    
        Box  5 is at 
            top left     (7,16)
            bottom right (7,16)
    
        Box  6 is at 
            top left     (6,16)
            bottom right (6,16)
    
        Box  7 is at 
            top left     (5,17)
            bottom right (9,18)
    
        Box  8 is at 
            top left     (0,17)
            bottom right (4,18)
    
        Box  9 is at 
            top left     (0,0)
            bottom right (4,1)
    
        Box 10 is at 
            top left     (5,0)
            bottom right (9,1)
    
        Roll length used: 19

    [1;34mTry max length:[0m 18
    [1;34m    At iteration:[0m 12
        lingeling found a solution in .213 ms

       | W
     L | 0 1 2 3 4  5  6  7  8  9 10 
    ---------------------------------
     0 | 8 8 8 8 8 10 10 10 10 10  . 
     1 | 8 8 8 8 8 10 10 10 10 10  . 
     2 | . . . . .  .  .  .  .  .  . 
     3 | . . . . .  .  .  .  .  .  . 
     4 | . . . . .  .  .  .  .  .  . 
     5 | . . . . .  .  .  .  .  .  . 
     6 | . . . . .  .  .  .  .  .  . 
     7 | . . . . .  .  .  .  .  .  . 
     8 | . 1 . . .  .  .  .  .  .  . 
     9 | . 1 . . .  .  .  .  .  .  . 
    10 | . 1 . . .  .  .  .  .  .  . 
    11 | . . . . .  .  .  .  .  .  . 
    12 | . . . . .  .  .  .  .  .  . 
    13 | . . . . .  .  .  .  .  .  . 
    14 | . . . . .  .  .  .  .  .  . 
    15 | . . . . .  6  5  4  2  2  2 
    16 | 9 9 9 9 9  3  7  7  7  7  7 
    17 | 9 9 9 9 9  .  7  7  7  7  7 
    
    Boxes' corners:       (w,l)
        Box  1 is at 
            top left     (1,8)
            bottom right (1,10)
    
        Box  2 is at 
            top left     (8,15)
            bottom right (10,15)
    
        Box  3 is at 
            top left     (5,16)
            bottom right (5,16)
    
        Box  4 is at 
            top left     (7,15)
            bottom right (7,15)
    
        Box  5 is at 
            top left     (6,15)
            bottom right (6,15)
    
        Box  6 is at 
            top left     (5,15)
            bottom right (5,15)
    
        Box  7 is at 
            top left     (6,16)
            bottom right (10,17)
    
        Box  8 is at 
            top left     (0,0)
            bottom right (4,1)
    
        Box  9 is at 
            top left     (0,16)
            bottom right (4,17)
    
        Box 10 is at 
            top left     (5,0)
            bottom right (9,1)
    
        Roll length used: 18

    [1;34mTry max length:[0m 17
    [1;34m    At iteration:[0m 13
        lingeling found a solution in .194 ms

       | W
     L | 0 1 2 3 4 5  6  7  8  9 10 
    --------------------------------
     0 | . 7 7 7 7 7  8  8  8  8  8 
     1 | . 7 7 7 7 7  8  8  8  8  8 
     2 | . . . . . .  .  .  .  .  . 
     3 | . . . . . .  .  .  .  .  . 
     4 | . . . . . .  .  .  .  .  . 
     5 | . . . . . .  .  .  .  .  . 
     6 | . . . . . .  .  .  .  .  . 
     7 | . . . . . .  .  .  .  .  . 
     8 | 1 . . . . .  .  .  .  .  . 
     9 | 1 . . . . .  .  .  .  .  . 
    10 | 1 . . . . .  .  .  .  .  . 
    11 | . . . . . . 10 10 10 10 10 
    12 | . . . . . . 10 10 10 10 10 
    13 | . . . . . .  .  .  .  .  . 
    14 | . . . . . .  .  .  .  .  . 
    15 | 9 9 9 9 9 .  .  .  .  .  6 
    16 | 9 9 9 9 9 5  4  2  2  2  3 
    
    Boxes' corners:       (w,l)
        Box  1 is at 
            top left     (0,8)
            bottom right (0,10)
    
        Box  2 is at 
            top left     (7,16)
            bottom right (9,16)
    
        Box  3 is at 
            top left     (10,16)
            bottom right (10,16)
    
        Box  4 is at 
            top left     (6,16)
            bottom right (6,16)
    
        Box  5 is at 
            top left     (5,16)
            bottom right (5,16)
    
        Box  6 is at 
            top left     (10,15)
            bottom right (10,15)
    
        Box  7 is at 
            top left     (1,0)
            bottom right (5,1)
    
        Box  8 is at 
            top left     (6,0)
            bottom right (10,1)
    
        Box  9 is at 
            top left     (0,15)
            bottom right (4,16)
    
        Box 10 is at 
            top left     (6,11)
            bottom right (10,12)
    
        Roll length used: 17

    [1;34mTry max length:[0m 16
    [1;34m    At iteration:[0m 14
        lingeling found a solution in .178 ms

       | W
     L |  0  1  2  3  4 5 6 7 8 9 10 
    ---------------------------------
     0 | 10 10 10 10 10 . 8 8 8 8  8 
     1 | 10 10 10 10 10 . 8 8 8 8  8 
     2 |  .  .  .  .  . . . . . .  . 
     3 |  .  .  .  .  . . . . . .  . 
     4 |  .  .  .  .  . . . . . .  . 
     5 |  .  .  .  .  . . . . . .  . 
     6 |  .  .  .  .  . . . . . .  . 
     7 |  1  .  .  .  . . . . . .  . 
     8 |  1  .  .  .  . . . . . .  . 
     9 |  1  .  .  .  . . . . . .  . 
    10 |  .  .  .  .  . . . . . .  . 
    11 |  .  .  .  .  . . . . . .  . 
    12 |  .  .  .  .  . . . . . .  . 
    13 |  .  .  .  .  . . 2 2 2 6  5 
    14 |  9  9  9  9  9 4 7 7 7 7  7 
    15 |  9  9  9  9  9 3 7 7 7 7  7 
    
    Boxes' corners:       (w,l)
        Box  1 is at 
            top left     (0,7)
            bottom right (0,9)
    
        Box  2 is at 
            top left     (6,13)
            bottom right (8,13)
    
        Box  3 is at 
            top left     (5,15)
            bottom right (5,15)
    
        Box  4 is at 
            top left     (5,14)
            bottom right (5,14)
    
        Box  5 is at 
            top left     (10,13)
            bottom right (10,13)
    
        Box  6 is at 
            top left     (9,13)
            bottom right (9,13)
    
        Box  7 is at 
            top left     (6,14)
            bottom right (10,15)
    
        Box  8 is at 
            top left     (6,0)
            bottom right (10,1)
    
        Box  9 is at 
            top left     (0,14)
            bottom right (4,15)
    
        Box 10 is at 
            top left     (0,0)
            bottom right (4,1)
    
        Roll length used: 16

    [1;34mTry max length:[0m 15
    [1;34m    At iteration:[0m 15
        lingeling found a solution in .169 ms

       | W
     L |  0  1  2  3  4 5 6 7 8 9 10 
    ---------------------------------
     0 | 10 10 10 10 10 7 7 7 7 7  . 
     1 | 10 10 10 10 10 7 7 7 7 7  . 
     2 |  .  .  .  .  . . . . . .  . 
     3 |  .  .  .  .  . . . . . .  . 
     4 |  .  .  .  .  . . . . . .  . 
     5 |  .  .  .  .  . . . . . .  . 
     6 |  .  .  .  .  . . . . . .  . 
     7 |  1  .  .  .  . . . . . .  . 
     8 |  1  .  .  .  . . . . . .  . 
     9 |  1  .  .  .  . . . . . .  . 
    10 |  .  .  .  .  . . . . . .  . 
    11 |  .  .  .  .  . . . . . .  . 
    12 |  .  .  .  .  . . 2 2 2 6  5 
    13 |  9  9  9  9  9 4 8 8 8 8  8 
    14 |  9  9  9  9  9 3 8 8 8 8  8 
    
    Boxes' corners:       (w,l)
        Box  1 is at 
            top left     (0,7)
            bottom right (0,9)
    
        Box  2 is at 
            top left     (6,12)
            bottom right (8,12)
    
        Box  3 is at 
            top left     (5,14)
            bottom right (5,14)
    
        Box  4 is at 
            top left     (5,13)
            bottom right (5,13)
    
        Box  5 is at 
            top left     (10,12)
            bottom right (10,12)
    
        Box  6 is at 
            top left     (9,12)
            bottom right (9,12)
    
        Box  7 is at 
            top left     (5,0)
            bottom right (9,1)
    
        Box  8 is at 
            top left     (6,13)
            bottom right (10,14)
    
        Box  9 is at 
            top left     (0,13)
            bottom right (4,14)
    
        Box 10 is at 
            top left     (0,0)
            bottom right (4,1)
    
        Roll length used: 15

    [1;34mTry max length:[0m 14
    [1;34m    At iteration:[0m 16
        lingeling found a solution in .153 ms

       | W
     L | 0  1  2  3  4  5 6 7 8 9 10 
    ---------------------------------
     0 | 9  9  9  9  9  7 7 7 7 7  . 
     1 | 9  9  9  9  9  7 7 7 7 7  . 
     2 | .  .  .  .  .  . . . . .  . 
     3 | .  .  .  .  .  . . . . .  . 
     4 | .  .  .  .  .  . . . . .  . 
     5 | .  .  .  .  .  . . . . .  . 
     6 | 1  .  .  .  .  . . . . .  . 
     7 | 1  .  .  .  .  . . . . .  . 
     8 | 1  .  .  .  .  . . . . .  . 
     9 | .  .  .  .  .  . . . . .  . 
    10 | .  .  .  .  .  . . . . .  . 
    11 | .  .  .  .  .  . 2 2 2 6  5 
    12 | 4 10 10 10 10 10 8 8 8 8  8 
    13 | 3 10 10 10 10 10 8 8 8 8  8 
    
    Boxes' corners:       (w,l)
        Box  1 is at 
            top left     (0,6)
            bottom right (0,8)
    
        Box  2 is at 
            top left     (6,11)
            bottom right (8,11)
    
        Box  3 is at 
            top left     (0,13)
            bottom right (0,13)
    
        Box  4 is at 
            top left     (0,12)
            bottom right (0,12)
    
        Box  5 is at 
            top left     (10,11)
            bottom right (10,11)
    
        Box  6 is at 
            top left     (9,11)
            bottom right (9,11)
    
        Box  7 is at 
            top left     (5,0)
            bottom right (9,1)
    
        Box  8 is at 
            top left     (6,12)
            bottom right (10,13)
    
        Box  9 is at 
            top left     (0,0)
            bottom right (4,1)
    
        Box 10 is at 
            top left     (1,12)
            bottom right (5,13)
    
        Roll length used: 14

    [1;34mTry max length:[0m 13
    [1;34m    At iteration:[0m 17
        lingeling found a solution in .150 ms

       | W
     L | 0  1  2  3  4  5 6 7 8 9 10 
    ---------------------------------
     0 | .  9  9  9  9  9 . . . .  . 
     1 | .  9  9  9  9  9 8 8 8 8  8 
     2 | .  .  .  .  .  . 8 8 8 8  8 
     3 | .  .  .  .  .  . . . . .  . 
     4 | .  .  .  .  .  . . . . .  . 
     5 | .  .  .  .  .  . . . . .  . 
     6 | 1  .  .  .  .  . . . . .  . 
     7 | 1  .  .  .  .  . . . . .  . 
     8 | 1  .  .  .  .  . . . . .  . 
     9 | . 10 10 10 10 10 . . . .  . 
    10 | . 10 10 10 10 10 . . . .  . 
    11 | .  .  .  .  6  5 7 7 7 7  7 
    12 | 2  2  2  4  3  . 7 7 7 7  7 
    
    Boxes' corners:       (w,l)
        Box  1 is at 
            top left     (0,6)
            bottom right (0,8)
    
        Box  2 is at 
            top left     (0,12)
            bottom right (2,12)
    
        Box  3 is at 
            top left     (4,12)
            bottom right (4,12)
    
        Box  4 is at 
            top left     (3,12)
            bottom right (3,12)
    
        Box  5 is at 
            top left     (5,11)
            bottom right (5,11)
    
        Box  6 is at 
            top left     (4,11)
            bottom right (4,11)
    
        Box  7 is at 
            top left     (6,11)
            bottom right (10,12)
    
        Box  8 is at 
            top left     (6,1)
            bottom right (10,2)
    
        Box  9 is at 
            top left     (1,0)
            bottom right (5,1)
    
        Box 10 is at 
            top left     (1,9)
            bottom right (5,10)
    
        Roll length used: 13

    [1;34mTry max length:[0m 12
    [1;34m    At iteration:[0m 18
        lingeling found a solution in .127 ms

       | W
     L |  0  1  2  3  4 5 6 7 8 9 10 
    ---------------------------------
     0 | 10 10 10 10 10 . 9 9 9 9  9 
     1 | 10 10 10 10 10 . 9 9 9 9  9 
     2 |  .  .  .  .  . . . . . .  . 
     3 |  .  .  .  .  . . . . . .  . 
     4 |  .  .  .  .  . . . . . .  . 
     5 |  .  .  .  .  . 1 1 1 . .  . 
     6 |  .  .  .  .  . . . . . .  . 
     7 |  .  .  .  .  . . . . . .  . 
     8 |  .  .  .  .  . . . . . .  . 
     9 |  .  .  .  6  . . . 5 2 2  2 
    10 |  8  8  8  8  8 4 7 7 7 7  7 
    11 |  8  8  8  8  8 3 7 7 7 7  7 
    
    Boxes' corners:       (w,l)
        Box  1 is at 
            top left     (5,5)
            bottom right (7,5)
    
        Box  2 is at 
            top left     (8,9)
            bottom right (10,9)
    
        Box  3 is at 
            top left     (5,11)
            bottom right (5,11)
    
        Box  4 is at 
            top left     (5,10)
            bottom right (5,10)
    
        Box  5 is at 
            top left     (7,9)
            bottom right (7,9)
    
        Box  6 is at 
            top left     (3,9)
            bottom right (3,9)
    
        Box  7 is at 
            top left     (6,10)
            bottom right (10,11)
    
        Box  8 is at 
            top left     (0,10)
            bottom right (4,11)
    
        Box  9 is at 
            top left     (6,0)
            bottom right (10,1)
    
        Box 10 is at 
            top left     (0,0)
            bottom right (4,1)
    
        Roll length used: 12

    [1;34mTry max length:[0m 11
    [1;34m    At iteration:[0m 19
        lingeling found a solution in .114 ms

       | W
     L |  0  1 2 3 4 5 6 7 8 9 10 
    ------------------------------
     0 | 10 10 . . . . . . . .  . 
     1 | 10 10 . . . . . . . 9  9 
     2 | 10 10 . . . . . . . 9  9 
     3 | 10 10 . . . . . . . 9  9 
     4 | 10 10 . . . . . . . 9  9 
     5 |  .  . . . . 1 . . . 9  9 
     6 |  8  8 . . . 1 . . . 7  7 
     7 |  8  8 . . . 1 . . . 7  7 
     8 |  8  8 . 6 . . . . 2 7  7 
     9 |  8  8 . . . . . . 2 7  7 
    10 |  8  8 . . . 5 4 3 2 7  7 
    
    Boxes' corners:       (w,l)
        Box  1 is at 
            top left     (5,5)
            bottom right (5,7)
    
        Box  2 is at 
            top left     (8,8)
            bottom right (8,10)
    
        Box  3 is at 
            top left     (7,10)
            bottom right (7,10)
    
        Box  4 is at 
            top left     (6,10)
            bottom right (6,10)
    
        Box  5 is at 
            top left     (5,10)
            bottom right (5,10)
    
        Box  6 is at 
            top left     (3,8)
            bottom right (3,8)
    
        Box  7 is at 
            top left     (9,6)
            bottom right (10,10)
    
        Box  8 is at 
            top left     (0,6)
            bottom right (1,10)
    
        Box  9 is at 
            top left     (9,1)
            bottom right (10,5)
    
        Box 10 is at 
            top left     (0,0)
            bottom right (1,4)
    
        Roll length used: 11

    [1;34mTry max length:[0m 10
    [1;34m    At iteration:[0m 20
        lingeling found a solution in .105 ms

       | W
     L |  0  1 2 3 4 5 6 7 8 9 10 
    ------------------------------
     0 | 10 10 . . . 1 1 1 . 9  9 
     1 | 10 10 . . . . . . . 9  9 
     2 | 10 10 . . . . . . . 9  9 
     3 | 10 10 . . . . . . . 9  9 
     4 | 10 10 . . . . . . . 9  9 
     5 |  8  8 . . . . . . . 7  7 
     6 |  8  8 . . . . . . . 7  7 
     7 |  8  8 . . . 5 . . 2 7  7 
     8 |  8  8 . . . . . . 2 7  7 
     9 |  8  8 . . . 6 4 3 2 7  7 
    
    Boxes' corners:       (w,l)
        Box  1 is at 
            top left     (5,0)
            bottom right (7,0)
    
        Box  2 is at 
            top left     (8,7)
            bottom right (8,9)
    
        Box  3 is at 
            top left     (7,9)
            bottom right (7,9)
    
        Box  4 is at 
            top left     (6,9)
            bottom right (6,9)
    
        Box  5 is at 
            top left     (5,7)
            bottom right (5,7)
    
        Box  6 is at 
            top left     (5,9)
            bottom right (5,9)
    
        Box  7 is at 
            top left     (9,5)
            bottom right (10,9)
    
        Box  8 is at 
            top left     (0,5)
            bottom right (1,9)
    
        Box  9 is at 
            top left     (9,0)
            bottom right (10,4)
    
        Box 10 is at 
            top left     (0,0)
            bottom right (1,4)
    
        Roll length used: 10

    [1;34mTry max length:[0m 9
    [1;34m    At iteration:[0m 21
        lingeling found a solution in .089 ms

      | W
    L |  0  1 2 3 4 5 6 7 8 9 10 
    ------------------------------
    0 |  1  . 9 9 . . . . . .  . 
    1 |  1  . 9 9 . . . . . .  . 
    2 |  1  . 9 9 . . . . . .  . 
    3 | 10 10 9 9 . . . . . .  . 
    4 | 10 10 9 9 2 2 2 . 7 7  . 
    5 | 10 10 . . . . . . 7 7  . 
    6 | 10 10 . . . . . . 7 7  . 
    7 | 10 10 . 8 8 8 8 8 7 7  5 
    8 |  6  . 4 8 8 8 8 8 7 7  3 
    
    Boxes' corners:       (w,l)
        Box  1 is at 
            top left     (0,0)
            bottom right (0,2)
    
        Box  2 is at 
            top left     (4,4)
            bottom right (6,4)
    
        Box  3 is at 
            top left     (10,8)
            bottom right (10,8)
    
        Box  4 is at 
            top left     (2,8)
            bottom right (2,8)
    
        Box  5 is at 
            top left     (10,7)
            bottom right (10,7)
    
        Box  6 is at 
            top left     (0,8)
            bottom right (0,8)
    
        Box  7 is at 
            top left     (8,4)
            bottom right (9,8)
    
        Box  8 is at 
            top left     (3,7)
            bottom right (7,8)
    
        Box  9 is at 
            top left     (2,0)
            bottom right (3,4)
    
        Box 10 is at 
            top left     (0,3)
            bottom right (1,7)
    
        Roll length used: 9

    [1;34mTry max length:[0m 8
    [1;34m    At iteration:[0m 22
        lingeling found a solution in .081 ms

      | W
    L | 0 1 2 3 4 5 6 7 8  9 10 
    -----------------------------
    0 | 9 9 . . . . . . 6  3  . 
    1 | 9 9 . . . . . 7 7  .  . 
    2 | 9 9 . . . 1 . 7 7  .  . 
    3 | 9 9 . . . 1 . 7 7 10 10 
    4 | 9 9 . . . 1 . 7 7 10 10 
    5 | . . 8 8 8 8 8 7 7 10 10 
    6 | . . 8 8 8 8 8 . . 10 10 
    7 | . . 5 . . 4 2 2 2 10 10 
    
    Boxes' corners:       (w,l)
        Box  1 is at 
            top left     (5,2)
            bottom right (5,4)
    
        Box  2 is at 
            top left     (6,7)
            bottom right (8,7)
    
        Box  3 is at 
            top left     (9,0)
            bottom right (9,0)
    
        Box  4 is at 
            top left     (5,7)
            bottom right (5,7)
    
        Box  5 is at 
            top left     (2,7)
            bottom right (2,7)
    
        Box  6 is at 
            top left     (8,0)
            bottom right (8,0)
    
        Box  7 is at 
            top left     (7,1)
            bottom right (8,5)
    
        Box  8 is at 
            top left     (2,5)
            bottom right (6,6)
    
        Box  9 is at 
            top left     (0,0)
            bottom right (1,4)
    
        Box 10 is at 
            top left     (9,3)
            bottom right (10,7)
    
        Roll length used: 8

    [1;34mTry max length:[0m 7
    [1;34m    At iteration:[0m 23
        lingeling found a solution in .070 ms

      | W
    L | 0 1 2 3  4  5 6 7 8 9 10 
    ------------------------------
    0 | 7 7 7 7  7  . . . . .  4 
    1 | 7 7 7 7  7  . . . 2 2  2 
    2 | 9 9 . . 10 10 . . . 8  8 
    3 | 9 9 . 1 10 10 . . . 8  8 
    4 | 9 9 . 1 10 10 . . . 8  8 
    5 | 9 9 . 1 10 10 . 6 . 8  8 
    6 | 9 9 . . 10 10 . 5 3 8  8 
    
    Boxes' corners:       (w,l)
        Box  1 is at 
            top left     (3,3)
            bottom right (3,5)
    
        Box  2 is at 
            top left     (8,1)
            bottom right (10,1)
    
        Box  3 is at 
            top left     (8,6)
            bottom right (8,6)
    
        Box  4 is at 
            top left     (10,0)
            bottom right (10,0)
    
        Box  5 is at 
            top left     (7,6)
            bottom right (7,6)
    
        Box  6 is at 
            top left     (7,5)
            bottom right (7,5)
    
        Box  7 is at 
            top left     (0,0)
            bottom right (4,1)
    
        Box  8 is at 
            top left     (9,2)
            bottom right (10,6)
    
        Box  9 is at 
            top left     (0,2)
            bottom right (1,6)
    
        Box 10 is at 
            top left     (4,2)
            bottom right (5,6)
    
        Roll length used: 7

    [1;34mTry max length:[0m 6
    [1;34m    At iteration:[0m 24
        lingeling found a solution in .058 ms

      | W
    L |  0  1 2 3 4 5 6 7 8 9 10 
    ------------------------------
    0 | 10 10 . . 1 1 1 . . .  5 
    1 | 10 10 9 9 . . . . . 8  8 
    2 | 10 10 9 9 7 7 7 7 7 8  8 
    3 | 10 10 9 9 7 7 7 7 7 8  8 
    4 | 10 10 9 9 . . . . . 8  8 
    5 |  6  . 9 9 4 3 2 2 2 8  8 
    
    Boxes' corners:       (w,l)
        Box  1 is at 
            top left     (4,0)
            bottom right (6,0)
    
        Box  2 is at 
            top left     (6,5)
            bottom right (8,5)
    
        Box  3 is at 
            top left     (5,5)
            bottom right (5,5)
    
        Box  4 is at 
            top left     (4,5)
            bottom right (4,5)
    
        Box  5 is at 
            top left     (10,0)
            bottom right (10,0)
    
        Box  6 is at 
            top left     (0,5)
            bottom right (0,5)
    
        Box  7 is at 
            top left     (4,2)
            bottom right (8,3)
    
        Box  8 is at 
            top left     (9,1)
            bottom right (10,5)
    
        Box  9 is at 
            top left     (2,1)
            bottom right (3,5)
    
        Box 10 is at 
            top left     (0,0)
            bottom right (1,4)
    
        Roll length used: 6

    [1;34mTry max length:[0m 5
    [1;34m    At iteration:[0m 25
        lingeling found a solution in .049 ms

      | W
    L | 0 1 2 3 4 5 6  7  8 9 10 
    ------------------------------
    0 | 8 8 7 7 1 1 1 10 10 9  9 
    1 | 8 8 7 7 . 5 2 10 10 9  9 
    2 | 8 8 7 7 . . 2 10 10 9  9 
    3 | 8 8 7 7 . 4 2 10 10 9  9 
    4 | 8 8 7 7 . 6 3 10 10 9  9 
    
    Boxes' corners:       (w,l)
        Box  1 is at 
            top left     (4,0)
            bottom right (6,0)
    
        Box  2 is at 
            top left     (6,1)
            bottom right (6,3)
    
        Box  3 is at 
            top left     (6,4)
            bottom right (6,4)
    
        Box  4 is at 
            top left     (5,3)
            bottom right (5,3)
    
        Box  5 is at 
            top left     (5,1)
            bottom right (5,1)
    
        Box  6 is at 
            top left     (5,4)
            bottom right (5,4)
    
        Box  7 is at 
            top left     (2,0)
            bottom right (3,4)
    
        Box  8 is at 
            top left     (0,0)
            bottom right (1,4)
    
        Box  9 is at 
            top left     (9,0)
            bottom right (10,4)
    
        Box 10 is at 
            top left     (7,0)
            bottom right (8,4)
    
        Roll length used: 5

    [1;34mTry max length:[0m 4
    [1;34m    At iteration:[0m 26
        [3;31mlingeling determined unsatisfiability of the Boolean formula[0m
        [1;32mOptimality reached![0m
