Tue 5 Jun 21:15:11 CEST 2018
    [1;34mTry max length:[0m 999999
    [1;34m    At iteration:[0m 0
        lingeling found a solution in .012 ms

      | W
    L | 0 1 2 3 4 5 6 7 
    --------------------
    0 | . . . . . . . . 
    1 | . . . . . . 2 . 
    2 | . . . 1 . . . . 
    3 | 4 4 . . . . 3 . 
    4 | 4 4 . . . . . . 
    
    Boxes' corners:      (w,l)
        Box 1 is at 
            top left     (3,2)
            bottom right (3,2)
    
        Box 2 is at 
            top left     (6,1)
            bottom right (6,1)
    
        Box 3 is at 
            top left     (6,3)
            bottom right (6,3)
    
        Box 4 is at 
            top left     (0,3)
            bottom right (1,4)
    
        Roll length used: 5

    [1;34mTry max length:[0m 4
    [1;34m    At iteration:[0m 1
        lingeling found a solution in .010 ms

      | W
    L | 0 1 2 3 4 5 6 7 
    --------------------
    0 | . . . . . . . . 
    1 | . . 1 . . 3 2 . 
    2 | . . . . . . 4 4 
    3 | . . . . . . 4 4 
    
    Boxes' corners:      (w,l)
        Box 1 is at 
            top left     (2,1)
            bottom right (2,1)
    
        Box 2 is at 
            top left     (6,1)
            bottom right (6,1)
    
        Box 3 is at 
            top left     (5,1)
            bottom right (5,1)
    
        Box 4 is at 
            top left     (6,2)
            bottom right (7,3)
    
        Roll length used: 4

    [1;34mTry max length:[0m 3
    [1;34m    At iteration:[0m 2
        lingeling found a solution in .008 ms

      | W
    L | 0 1 2 3 4 5 6 7 
    --------------------
    0 | . . . . . . 4 4 
    1 | 1 . . . . 2 4 4 
    2 | 3 . . . . . . . 
    
    Boxes' corners:      (w,l)
        Box 1 is at 
            top left     (0,1)
            bottom right (0,1)
    
        Box 2 is at 
            top left     (5,1)
            bottom right (5,1)
    
        Box 3 is at 
            top left     (0,2)
            bottom right (0,2)
    
        Box 4 is at 
            top left     (6,0)
            bottom right (7,1)
    
        Roll length used: 3

    [1;34mTry max length:[0m 2
    [1;34m    At iteration:[0m 3
        lingeling found a solution in .006 ms

      | W
    L | 0 1 2 3 4 5 6 7 
    --------------------
    0 | 4 4 . . . . . 3 
    1 | 4 4 . 1 . . . 2 
    
    Boxes' corners:      (w,l)
        Box 1 is at 
            top left     (3,1)
            bottom right (3,1)
    
        Box 2 is at 
            top left     (7,1)
            bottom right (7,1)
    
        Box 3 is at 
            top left     (7,0)
            bottom right (7,0)
    
        Box 4 is at 
            top left     (0,0)
            bottom right (1,1)
    
        Roll length used: 2

    [1;34mTry max length:[0m 1
    [1;34m    At iteration:[0m 4
        [3;31mlingeling determined unsatisfiability of the Boolean formula[0m
        [1;32mOptimality reached![0m
