Wed 6 Jun 09:29:25 CEST 2018
    [1;34mTry max length:[0m 999999
    [1;34m    At iteration:[0m 0
        lingeling found a solution in 1.487 ms

       | W
     L |  0 1 2 3  4  5  6  7  8  9 
    --------------------------------
     0 |  6 6 6 6  6  6  .  2  2  2 
     1 |  6 6 6 6  6  6  .  2  2  2 
     2 |  6 6 6 6  6  6  .  .  .  . 
     3 |  . . . .  .  .  .  .  .  . 
     4 |  . . . .  .  .  .  .  .  . 
     5 |  . . . .  .  .  .  .  .  . 
     6 |  . . . .  .  .  .  .  .  . 
     7 |  . . . .  .  .  .  .  .  . 
     8 |  . . . .  .  .  .  .  .  . 
     9 |  . . . .  .  .  .  .  .  . 
    10 |  . . . .  .  .  .  .  .  . 
    11 |  . . . .  .  .  .  .  .  . 
    12 |  . . . .  .  .  .  .  .  . 
    13 |  . . . .  .  .  .  .  .  . 
    14 |  . . . .  .  .  .  .  .  . 
    15 |  . . . .  .  .  .  .  .  . 
    16 |  . . . . 10 10 10 10 10 10 
    17 |  . . . . 10 10 10 10 10 10 
    18 |  . . . . 10 10 10 10 10 10 
    19 |  . . . .  .  .  .  .  .  . 
    20 |  . . . .  .  .  .  .  .  . 
    21 |  . . . .  .  .  .  .  .  . 
    22 |  . . . .  .  .  .  .  .  . 
    23 |  . . . .  .  .  .  .  .  . 
    24 |  . . . .  .  .  .  .  .  . 
    25 |  1 1 1 .  .  .  .  .  .  . 
    26 |  1 1 1 .  .  .  .  .  .  . 
    27 |  . . . .  .  .  .  .  .  . 
    28 |  . . . .  .  .  .  .  .  . 
    29 |  . . . .  .  .  .  .  .  . 
    30 |  7 7 7 7  7  7  .  .  .  . 
    31 |  7 7 7 7  7  7  .  .  .  . 
    32 |  7 7 7 7  7  7  .  .  .  . 
    33 |  . . . .  .  .  .  .  .  . 
    34 |  . . . .  .  .  .  .  .  . 
    35 |  . . . .  .  .  .  .  .  . 
    36 |  . . . .  .  .  .  .  .  . 
    37 |  9 9 9 9  9  9  .  .  .  . 
    38 |  9 9 9 9  9  9  .  .  .  . 
    39 |  9 9 9 9  9  9  .  .  .  . 
    40 |  . . . .  .  .  .  .  .  . 
    41 |  . . . .  .  .  .  .  .  . 
    42 |  . . . .  .  .  .  .  .  . 
    43 |  . . . .  .  .  .  .  .  . 
    44 |  5 5 5 .  .  .  .  .  . 13 
    45 |  5 5 5 .  .  .  .  .  . 13 
    46 |  . . 4 4  4  .  .  3  3  3 
    47 | 12 . 4 4  4  .  .  3  3  3 
    48 | 12 . 8 8  8  8  8  8  .  . 
    49 | 11 . 8 8  8  8  8  8  .  . 
    50 | 11 . 8 8  8  8  8  8  .  . 
    
    Boxes' corners:       (w,l)
        Box  1 is at 
            top left     (0,25)
            bottom right (2,26)
    
        Box  2 is at 
            top left     (7,0)
            bottom right (9,1)
    
        Box  3 is at 
            top left     (7,46)
            bottom right (9,47)
    
        Box  4 is at 
            top left     (2,46)
            bottom right (4,47)
    
        Box  5 is at 
            top left     (0,44)
            bottom right (2,45)
    
        Box  6 is at 
            top left     (0,0)
            bottom right (5,2)
    
        Box  7 is at 
            top left     (0,30)
            bottom right (5,32)
    
        Box  8 is at 
            top left     (2,48)
            bottom right (7,50)
    
        Box  9 is at 
            top left     (0,37)
            bottom right (5,39)
    
        Box 10 is at 
            top left     (4,16)
            bottom right (9,18)
    
        Box 11 is at 
            top left     (0,49)
            bottom right (0,50)
    
        Box 12 is at 
            top left     (0,47)
            bottom right (0,48)
    
        Box 13 is at 
            top left     (9,44)
            bottom right (9,45)
    
        Roll length used: 51

    [1;34mTry max length:[0m 50
    [1;34m    At iteration:[0m 1
        lingeling found a solution in 1.426 ms

       | W
     L |  0 1 2 3  4  5  6  7  8  9 
    --------------------------------
     0 |  . . 7 7  7  7  7  7  .  . 
     1 |  . . 7 7  7  7  7  7  .  . 
     2 |  . . 7 7  7  7  7  7  .  . 
     3 |  . . . .  .  .  .  .  .  . 
     4 |  . . . .  .  .  .  .  .  . 
     5 |  . . . .  .  .  .  .  .  . 
     6 |  . . . .  .  .  .  .  .  . 
     7 |  . . . .  .  .  .  .  .  . 
     8 |  . . . .  .  .  .  .  .  . 
     9 |  . . . .  .  .  .  .  .  . 
    10 |  . . . .  .  .  .  .  .  . 
    11 |  . . . .  .  .  .  .  .  . 
    12 |  . . . .  .  .  .  .  .  . 
    13 |  . . . .  .  .  .  .  .  . 
    14 |  9 9 9 9  9  9  .  .  .  . 
    15 |  9 9 9 9  9  9  .  .  .  . 
    16 |  9 9 9 9  9  9  .  .  .  . 
    17 |  . . . .  .  .  .  .  .  . 
    18 |  . . . .  .  .  .  .  .  . 
    19 |  . . . .  .  .  .  .  .  . 
    20 |  . . . .  .  .  .  .  .  . 
    21 |  . . . .  .  .  .  .  .  . 
    22 |  . . . .  .  .  .  .  .  . 
    23 |  . . . .  .  .  .  .  .  . 
    24 |  . . 1 1  1  .  .  .  .  . 
    25 |  . . 1 1  1  .  .  .  .  . 
    26 |  . . . .  .  .  .  .  .  . 
    27 |  . . . .  .  .  .  .  .  . 
    28 |  . . . .  .  .  .  .  .  . 
    29 |  . . . .  .  .  .  .  .  . 
    30 |  . . . .  .  .  .  .  .  . 
    31 |  . . . .  .  .  .  .  .  . 
    32 |  . . . .  .  .  .  .  .  . 
    33 |  . . . 6  6  6  6  6  6  . 
    34 |  . . . 6  6  6  6  6  6  . 
    35 |  . . . 6  6  6  6  6  6  . 
    36 |  . . . .  .  .  .  .  .  . 
    37 |  . . . . 10 10 10 10 10 10 
    38 |  . . . . 10 10 10 10 10 10 
    39 |  . . . . 10 10 10 10 10 10 
    40 |  . . . .  .  .  .  .  .  . 
    41 |  . . . .  .  .  .  .  . 13 
    42 |  . . . .  .  .  .  .  . 13 
    43 |  5 5 5 .  .  .  .  .  . 12 
    44 |  5 5 5 .  .  .  .  .  . 12 
    45 |  4 4 4 .  .  .  .  3  3  3 
    46 |  4 4 4 .  .  .  .  3  3  3 
    47 |  . 8 8 8  8  8  8  .  .  . 
    48 | 11 8 8 8  8  8  8  2  2  2 
    49 | 11 8 8 8  8  8  8  2  2  2 
    
    Boxes' corners:       (w,l)
        Box  1 is at 
            top left     (2,24)
            bottom right (4,25)
    
        Box  2 is at 
            top left     (7,48)
            bottom right (9,49)
    
        Box  3 is at 
            top left     (7,45)
            bottom right (9,46)
    
        Box  4 is at 
            top left     (0,45)
            bottom right (2,46)
    
        Box  5 is at 
            top left     (0,43)
            bottom right (2,44)
    
        Box  6 is at 
            top left     (3,33)
            bottom right (8,35)
    
        Box  7 is at 
            top left     (2,0)
            bottom right (7,2)
    
        Box  8 is at 
            top left     (1,47)
            bottom right (6,49)
    
        Box  9 is at 
            top left     (0,14)
            bottom right (5,16)
    
        Box 10 is at 
            top left     (4,37)
            bottom right (9,39)
    
        Box 11 is at 
            top left     (0,48)
            bottom right (0,49)
    
        Box 12 is at 
            top left     (9,43)
            bottom right (9,44)
    
        Box 13 is at 
            top left     (9,41)
            bottom right (9,42)
    
        Roll length used: 50

    [1;34mTry max length:[0m 49
    [1;34m    At iteration:[0m 2
        lingeling found a solution in 1.310 ms

       | W
     L |  0 1 2  3  4  5  6  7  8  9 
    ---------------------------------
     0 |  1 1 1  .  7  7  7  7  7  7 
     1 |  1 1 1  .  7  7  7  7  7  7 
     2 |  . . .  .  7  7  7  7  7  7 
     3 |  . . .  .  .  .  .  .  .  . 
     4 |  . . .  .  .  .  .  .  .  . 
     5 |  . . .  .  .  .  .  .  .  . 
     6 |  . . .  .  .  .  .  .  .  . 
     7 |  . 8 8  8  8  8  8  .  .  . 
     8 |  . 8 8  8  8  8  8  .  .  . 
     9 |  . 8 8  8  8  8  8  .  .  . 
    10 |  . . .  .  .  .  .  .  .  . 
    11 |  . . .  .  .  .  .  .  .  . 
    12 |  . . .  .  .  .  .  .  .  . 
    13 |  . . .  .  .  .  .  .  .  . 
    14 |  . . .  .  .  .  .  .  .  . 
    15 |  . . .  .  .  .  .  .  .  . 
    16 |  . . .  .  .  .  .  .  .  . 
    17 |  . . .  .  .  .  .  .  .  . 
    18 |  . . .  .  .  .  .  .  .  . 
    19 |  . . .  .  .  .  .  .  .  . 
    20 |  9 9 9  9  9  9  .  .  .  . 
    21 |  9 9 9  9  9  9  .  .  .  . 
    22 |  9 9 9  9  9  9  .  .  .  . 
    23 |  . . .  .  .  .  .  .  .  . 
    24 |  . . .  .  .  .  .  .  .  . 
    25 |  . . .  .  .  .  .  .  .  . 
    26 |  . . .  .  .  .  .  .  .  . 
    27 |  . . .  .  .  .  .  .  .  . 
    28 |  . . .  .  .  .  .  .  .  . 
    29 |  . . .  .  .  .  .  .  .  . 
    30 |  6 6 6  6  6  6  .  .  .  . 
    31 |  6 6 6  6  6  6  .  .  .  . 
    32 |  6 6 6  6  6  6  .  .  .  . 
    33 |  . . .  .  .  .  .  .  .  . 
    34 |  . . .  .  .  .  .  .  .  . 
    35 |  . . .  .  .  .  .  .  .  . 
    36 |  . . .  .  .  .  .  .  .  . 
    37 |  . 5 5  5  .  .  .  .  .  . 
    38 |  . 5 5  5  .  .  .  .  .  . 
    39 |  3 3 3  .  .  .  .  .  .  . 
    40 |  3 3 3  .  .  .  .  .  .  . 
    41 |  . 4 4  4  .  .  .  .  .  . 
    42 |  . 4 4  4  .  .  .  .  .  . 
    43 |  2 2 2  .  .  .  .  .  .  . 
    44 |  2 2 2 10 10 10 10 10 10  . 
    45 |  . . . 10 10 10 10 10 10 13 
    46 |  . . . 10 10 10 10 10 10 13 
    47 | 12 . .  .  .  .  .  .  . 11 
    48 | 12 . .  .  .  .  .  .  . 11 
    
    Boxes' corners:       (w,l)
        Box  1 is at 
            top left     (0,0)
            bottom right (2,1)
    
        Box  2 is at 
            top left     (0,43)
            bottom right (2,44)
    
        Box  3 is at 
            top left     (0,39)
            bottom right (2,40)
    
        Box  4 is at 
            top left     (1,41)
            bottom right (3,42)
    
        Box  5 is at 
            top left     (1,37)
            bottom right (3,38)
    
        Box  6 is at 
            top left     (0,30)
            bottom right (5,32)
    
        Box  7 is at 
            top left     (4,0)
            bottom right (9,2)
    
        Box  8 is at 
            top left     (1,7)
            bottom right (6,9)
    
        Box  9 is at 
            top left     (0,20)
            bottom right (5,22)
    
        Box 10 is at 
            top left     (3,44)
            bottom right (8,46)
    
        Box 11 is at 
            top left     (9,47)
            bottom right (9,48)
    
        Box 12 is at 
            top left     (0,47)
            bottom right (0,48)
    
        Box 13 is at 
            top left     (9,45)
            bottom right (9,46)
    
        Roll length used: 49

    [1;34mTry max length:[0m 48
    [1;34m    At iteration:[0m 3
        lingeling found a solution in 1.306 ms

       | W
     L |  0  1  2  3  4  5 6 7 8  9 
    --------------------------------
     0 |  1  1  1  .  8  8 8 8 8  8 
     1 |  1  1  1  .  8  8 8 8 8  8 
     2 |  .  .  .  .  8  8 8 8 8  8 
     3 |  .  .  .  .  .  . . . .  . 
     4 |  .  7  7  7  7  7 7 . .  . 
     5 |  .  7  7  7  7  7 7 . .  . 
     6 |  .  7  7  7  7  7 7 . .  . 
     7 |  .  .  .  .  .  . . . .  . 
     8 |  .  .  .  .  .  . . . .  . 
     9 |  .  .  .  .  .  . . . .  . 
    10 |  .  .  .  .  .  . . . .  . 
    11 |  .  .  .  .  .  . . . .  . 
    12 |  .  .  .  .  .  . . . .  . 
    13 |  .  .  .  .  .  . . . .  . 
    14 |  .  .  .  .  .  . . . .  . 
    15 |  .  .  .  .  .  . . . .  . 
    16 |  .  .  .  .  .  . . . .  . 
    17 |  .  .  .  .  .  . . . .  . 
    18 |  .  .  .  .  .  . . . .  . 
    19 |  .  .  .  .  .  . . . .  . 
    20 |  .  .  .  .  .  . . . .  . 
    21 |  .  .  .  .  .  . . . .  . 
    22 |  .  .  .  .  .  . . . .  . 
    23 |  .  .  .  .  .  . . . .  . 
    24 |  .  .  .  .  .  . . . .  . 
    25 |  .  .  .  .  .  . . . .  . 
    26 |  .  .  .  .  .  . . . .  . 
    27 |  .  .  .  .  .  . . . .  . 
    28 |  .  .  .  .  .  . . . .  . 
    29 |  .  .  .  .  .  . . . .  . 
    30 |  .  .  .  .  .  . . . .  . 
    31 |  .  .  .  .  .  . . . .  . 
    32 |  5  5  5  .  .  . . . .  . 
    33 |  5  5  5  .  .  . . . .  . 
    34 |  4  4  4  .  .  . . . .  . 
    35 |  4  4  4  .  .  . . . .  . 
    36 |  3  3  3  .  .  . . . .  . 
    37 |  3  3  3  .  .  . . . .  . 
    38 | 10 10 10 10 10 10 . . .  . 
    39 | 10 10 10 10 10 10 . . .  . 
    40 | 10 10 10 10 10 10 . . .  . 
    41 |  6  6  6  6  6  6 . . .  . 
    42 |  6  6  6  6  6  6 . . .  . 
    43 |  6  6  6  6  6  6 . 2 2  2 
    44 | 13  .  .  .  .  . . 2 2  2 
    45 | 13  .  9  9  9  9 9 9 .  . 
    46 | 12  .  9  9  9  9 9 9 . 11 
    47 | 12  .  9  9  9  9 9 9 . 11 
    
    Boxes' corners:       (w,l)
        Box  1 is at 
            top left     (0,0)
            bottom right (2,1)
    
        Box  2 is at 
            top left     (7,43)
            bottom right (9,44)
    
        Box  3 is at 
            top left     (0,36)
            bottom right (2,37)
    
        Box  4 is at 
            top left     (0,34)
            bottom right (2,35)
    
        Box  5 is at 
            top left     (0,32)
            bottom right (2,33)
    
        Box  6 is at 
            top left     (0,41)
            bottom right (5,43)
    
        Box  7 is at 
            top left     (1,4)
            bottom right (6,6)
    
        Box  8 is at 
            top left     (4,0)
            bottom right (9,2)
    
        Box  9 is at 
            top left     (2,45)
            bottom right (7,47)
    
        Box 10 is at 
            top left     (0,38)
            bottom right (5,40)
    
        Box 11 is at 
            top left     (9,46)
            bottom right (9,47)
    
        Box 12 is at 
            top left     (0,46)
            bottom right (0,47)
    
        Box 13 is at 
            top left     (0,44)
            bottom right (0,45)
    
        Roll length used: 48

    [1;34mTry max length:[0m 47
    [1;34m    At iteration:[0m 4
        lingeling found a solution in 1.232 ms

       | W
     L |  0  1  2  3  4  5 6 7 8  9 
    --------------------------------
     0 |  1  1  1  .  .  . . . .  . 
     1 |  1  1  1  .  .  . . . .  . 
     2 |  8  8  8  8  8  8 . . .  . 
     3 |  8  8  8  8  8  8 . . .  . 
     4 |  8  8  8  8  8  8 . . .  . 
     5 |  .  .  .  .  .  . . . .  . 
     6 |  .  .  6  6  6  6 6 6 .  . 
     7 |  .  .  6  6  6  6 6 6 .  . 
     8 |  .  .  6  6  6  6 6 6 .  . 
     9 |  .  .  .  .  .  . . . .  . 
    10 |  .  .  7  7  7  7 7 7 .  . 
    11 |  .  .  7  7  7  7 7 7 .  . 
    12 |  .  .  7  7  7  7 7 7 .  . 
    13 |  .  .  .  .  .  . . . .  . 
    14 |  .  .  .  .  .  . . . .  . 
    15 |  .  .  .  .  .  . . . .  . 
    16 |  .  .  .  .  .  . . . .  . 
    17 |  .  .  .  .  .  . . . .  . 
    18 |  .  .  .  .  .  . . . .  . 
    19 |  .  .  .  .  .  . . . .  . 
    20 |  .  .  .  .  .  . . . .  . 
    21 |  .  .  .  .  .  . . . .  . 
    22 |  .  .  .  .  .  . . . .  . 
    23 |  .  .  .  .  .  . . . .  . 
    24 |  .  .  .  .  .  . . . .  . 
    25 |  .  .  .  .  .  . . . .  . 
    26 |  .  .  .  .  .  . . . .  . 
    27 |  .  .  .  .  .  . . . .  . 
    28 |  .  .  .  .  .  . . . .  . 
    29 |  .  .  .  .  .  . . . .  . 
    30 |  .  .  .  .  .  . . . .  . 
    31 |  .  .  .  .  .  . . . .  . 
    32 |  .  .  .  .  .  . . . .  . 
    33 |  .  .  .  .  .  . . . .  . 
    34 |  .  .  .  .  .  . . . .  . 
    35 |  .  .  .  .  .  . . . .  . 
    36 |  .  .  .  .  .  . 3 3 3  . 
    37 |  .  .  4  4  4  . 3 3 3  . 
    38 |  .  .  4  4  4  . . . . 13 
    39 |  .  .  .  .  .  . . . . 13 
    40 | 10 10 10 10 10 10 . 2 2  2 
    41 | 10 10 10 10 10 10 . 2 2  2 
    42 | 10 10 10 10 10 10 . 5 5  5 
    43 |  .  .  .  .  .  . . 5 5  5 
    44 |  .  .  9  9  9  9 9 9 .  . 
    45 | 12  .  9  9  9  9 9 9 . 11 
    46 | 12  .  9  9  9  9 9 9 . 11 
    
    Boxes' corners:       (w,l)
        Box  1 is at 
            top left     (0,0)
            bottom right (2,1)
    
        Box  2 is at 
            top left     (7,40)
            bottom right (9,41)
    
        Box  3 is at 
            top left     (6,36)
            bottom right (8,37)
    
        Box  4 is at 
            top left     (2,37)
            bottom right (4,38)
    
        Box  5 is at 
            top left     (7,42)
            bottom right (9,43)
    
        Box  6 is at 
            top left     (2,6)
            bottom right (7,8)
    
        Box  7 is at 
            top left     (2,10)
            bottom right (7,12)
    
        Box  8 is at 
            top left     (0,2)
            bottom right (5,4)
    
        Box  9 is at 
            top left     (2,44)
            bottom right (7,46)
    
        Box 10 is at 
            top left     (0,40)
            bottom right (5,42)
    
        Box 11 is at 
            top left     (9,45)
            bottom right (9,46)
    
        Box 12 is at 
            top left     (0,45)
            bottom right (0,46)
    
        Box 13 is at 
            top left     (9,38)
            bottom right (9,39)
    
        Roll length used: 47

    [1;34mTry max length:[0m 46
    [1;34m    At iteration:[0m 5
        lingeling found a solution in 1.184 ms

       | W
     L |  0  1  2  3  4  5 6 7 8  9 
    --------------------------------
     0 |  9  9  9  9  9  9 . 2 2  2 
     1 |  9  9  9  9  9  9 . 2 2  2 
     2 |  9  9  9  9  9  9 . . .  . 
     3 |  .  .  .  .  .  . . . .  . 
     4 |  .  .  .  .  .  . . . .  . 
     5 |  .  .  .  .  .  . . . .  . 
     6 |  .  .  .  .  .  . . . .  . 
     7 |  .  .  .  .  .  . . . .  . 
     8 |  .  .  .  .  .  . . . .  . 
     9 |  .  .  .  .  .  . . . .  . 
    10 |  .  .  .  .  .  . . . .  . 
    11 |  .  .  .  .  .  . . . .  . 
    12 |  .  .  .  .  .  . . . .  . 
    13 |  .  .  .  .  .  . . . .  . 
    14 |  .  .  .  .  .  . . . .  . 
    15 |  .  .  .  .  .  . . . .  . 
    16 |  .  .  .  .  .  . . . .  . 
    17 |  .  .  .  .  .  . . . .  . 
    18 |  .  .  .  .  .  . . . .  . 
    19 |  .  .  .  .  .  . . . .  . 
    20 |  .  .  .  .  .  . . . .  . 
    21 |  .  .  .  .  .  . . . .  . 
    22 |  1  1  1  .  .  . . . .  . 
    23 |  1  1  1  .  .  . . . .  . 
    24 |  .  .  .  .  .  . . . .  . 
    25 |  .  .  .  .  .  . . . .  . 
    26 |  .  .  .  .  .  . . . .  . 
    27 |  .  .  .  .  .  . . . .  . 
    28 |  .  .  .  6  6  6 6 6 6  . 
    29 |  .  .  .  6  6  6 6 6 6  . 
    30 |  .  .  .  6  6  6 6 6 6  . 
    31 |  .  .  .  .  .  . . . .  . 
    32 | 13  .  .  .  .  . . 5 5  5 
    33 | 13  .  .  .  .  . . 5 5  5 
    34 | 10 10 10 10 10 10 . 4 4  4 
    35 | 10 10 10 10 10 10 . 4 4  4 
    36 | 10 10 10 10 10 10 . . .  . 
    37 |  .  .  .  .  .  . . . . 12 
    38 |  3  3  3  .  .  . . . . 12 
    39 |  3  3  3  .  .  . . . . 11 
    40 |  7  7  7  7  7  7 . . . 11 
    41 |  7  7  7  7  7  7 . . .  . 
    42 |  7  7  7  7  7  7 . . .  . 
    43 |  .  .  8  8  8  8 8 8 .  . 
    44 |  .  .  8  8  8  8 8 8 .  . 
    45 |  .  .  8  8  8  8 8 8 .  . 
    
    Boxes' corners:       (w,l)
        Box  1 is at 
            top left     (0,22)
            bottom right (2,23)
    
        Box  2 is at 
            top left     (7,0)
            bottom right (9,1)
    
        Box  3 is at 
            top left     (0,38)
            bottom right (2,39)
    
        Box  4 is at 
            top left     (7,34)
            bottom right (9,35)
    
        Box  5 is at 
            top left     (7,32)
            bottom right (9,33)
    
        Box  6 is at 
            top left     (3,28)
            bottom right (8,30)
    
        Box  7 is at 
            top left     (0,40)
            bottom right (5,42)
    
        Box  8 is at 
            top left     (2,43)
            bottom right (7,45)
    
        Box  9 is at 
            top left     (0,0)
            bottom right (5,2)
    
        Box 10 is at 
            top left     (0,34)
            bottom right (5,36)
    
        Box 11 is at 
            top left     (9,39)
            bottom right (9,40)
    
        Box 12 is at 
            top left     (9,37)
            bottom right (9,38)
    
        Box 13 is at 
            top left     (0,32)
            bottom right (0,33)
    
        Roll length used: 46

    [1;34mTry max length:[0m 45
    [1;34m    At iteration:[0m 6
        lingeling found a solution in 1.085 ms

       | W
     L |  0 1 2  3  4  5  6  7  8  9 
    ---------------------------------
     0 |  1 1 1  .  .  .  .  .  .  . 
     1 |  1 1 1  .  8  8  8  8  8  8 
     2 |  . . .  .  8  8  8  8  8  8 
     3 |  . . .  .  8  8  8  8  8  8 
     4 |  . . .  .  .  .  .  .  .  . 
     5 |  . . .  .  .  .  .  .  .  . 
     6 |  . . .  .  .  .  .  .  .  . 
     7 |  . . .  .  .  .  .  .  .  . 
     8 |  . . .  .  .  .  .  .  .  . 
     9 |  . . .  .  .  .  .  .  .  . 
    10 |  . . .  .  .  .  .  .  .  . 
    11 |  . . .  .  .  .  .  .  .  . 
    12 |  . . .  .  .  .  .  .  .  . 
    13 |  . . .  .  .  .  .  .  .  . 
    14 |  . . .  .  .  .  .  .  .  . 
    15 |  . . .  .  .  .  .  .  .  . 
    16 |  . . .  .  .  .  .  .  .  . 
    17 |  . . .  .  .  .  .  .  .  . 
    18 |  . . .  .  .  .  .  .  .  . 
    19 |  . . .  .  .  .  .  .  .  . 
    20 |  . . .  .  .  .  .  .  .  . 
    21 |  . . .  .  .  .  .  .  .  . 
    22 |  . . .  .  .  .  .  .  .  . 
    23 |  . . .  .  .  .  .  .  .  . 
    24 |  . . .  .  .  .  .  .  .  . 
    25 |  7 7 7  7  7  7  .  .  .  . 
    26 |  7 7 7  7  7  7  .  .  .  . 
    27 |  7 7 7  7  7  7  .  .  .  . 
    28 |  . . .  .  .  .  .  .  .  . 
    29 |  . . . 10 10 10 10 10 10  . 
    30 |  . . . 10 10 10 10 10 10  . 
    31 |  . . . 10 10 10 10 10 10  . 
    32 |  . . .  .  .  .  .  .  .  . 
    33 |  . . 3  3  3  .  .  .  .  . 
    34 |  . . 3  3  3  .  .  .  .  . 
    35 |  . . 2  2  2  .  .  .  .  . 
    36 |  . . 2  2  2  .  .  .  .  . 
    37 |  . . 4  4  4  .  .  .  .  . 
    38 |  . . 4  4  4  .  .  .  .  . 
    39 |  6 6 6  6  6  6  .  .  .  . 
    40 |  6 6 6  6  6  6  5  5  5  . 
    41 |  6 6 6  6  6  6  5  5  5 13 
    42 |  . . .  9  9  9  9  9  9 13 
    43 | 12 . .  9  9  9  9  9  9 11 
    44 | 12 . .  9  9  9  9  9  9 11 
    
    Boxes' corners:       (w,l)
        Box  1 is at 
            top left     (0,0)
            bottom right (2,1)
    
        Box  2 is at 
            top left     (2,35)
            bottom right (4,36)
    
        Box  3 is at 
            top left     (2,33)
            bottom right (4,34)
    
        Box  4 is at 
            top left     (2,37)
            bottom right (4,38)
    
        Box  5 is at 
            top left     (6,40)
            bottom right (8,41)
    
        Box  6 is at 
            top left     (0,39)
            bottom right (5,41)
    
        Box  7 is at 
            top left     (0,25)
            bottom right (5,27)
    
        Box  8 is at 
            top left     (4,1)
            bottom right (9,3)
    
        Box  9 is at 
            top left     (3,42)
            bottom right (8,44)
    
        Box 10 is at 
            top left     (3,29)
            bottom right (8,31)
    
        Box 11 is at 
            top left     (9,43)
            bottom right (9,44)
    
        Box 12 is at 
            top left     (0,43)
            bottom right (0,44)
    
        Box 13 is at 
            top left     (9,41)
            bottom right (9,42)
    
        Roll length used: 45

    [1;34mTry max length:[0m 44
    [1;34m    At iteration:[0m 7
        lingeling found a solution in 1.057 ms

       | W
     L |  0  1  2 3  4  5  6  7  8  9 
    ----------------------------------
     0 |  .  .  . .  .  .  .  4  4  4 
     1 |  9  9  9 9  9  9  .  4  4  4 
     2 |  9  9  9 9  9  9  .  .  .  . 
     3 |  9  9  9 9  9  9  .  .  .  . 
     4 |  .  .  . .  .  .  .  .  .  . 
     5 |  .  .  . .  .  6  6  6  .  . 
     6 |  .  .  . .  .  6  6  6  .  . 
     7 |  .  .  . .  .  6  6  6  .  . 
     8 |  .  .  . .  .  6  6  6  .  . 
     9 |  1  1  . .  .  6  6  6  .  . 
    10 |  1  1  . .  .  6  6  6  .  . 
    11 |  1  1  . .  .  .  .  .  .  . 
    12 |  .  .  . .  .  .  .  .  .  . 
    13 |  .  .  . .  .  .  .  .  .  . 
    14 |  .  .  . .  .  .  .  .  .  . 
    15 |  .  .  . .  .  .  .  .  .  . 
    16 |  .  .  . .  .  .  .  .  .  . 
    17 |  .  .  . .  .  .  .  .  .  . 
    18 |  .  .  . .  .  .  .  .  .  . 
    19 |  .  .  . .  .  .  .  .  .  . 
    20 |  .  .  . .  .  .  .  .  .  . 
    21 |  .  .  . .  .  .  .  .  .  . 
    22 |  .  .  . .  .  3  3  2  2  . 
    23 |  .  .  . .  .  3  3  2  2  . 
    24 |  .  .  . .  .  3  3  2  2  . 
    25 |  .  .  . .  .  .  .  .  .  . 
    26 |  .  .  . .  .  .  .  .  .  . 
    27 |  .  .  . .  .  .  .  .  .  . 
    28 |  .  .  . .  .  .  .  .  .  . 
    29 |  .  .  . .  .  .  .  .  .  . 
    30 |  .  .  . .  .  .  .  .  .  . 
    31 |  .  .  . .  .  .  .  .  .  . 
    32 |  .  .  . .  .  .  .  .  . 13 
    33 |  .  .  . .  .  .  .  .  . 13 
    34 |  .  .  . . 10 10 10 10 10 10 
    35 | 12  .  . . 10 10 10 10 10 10 
    36 | 12  .  . . 10 10 10 10 10 10 
    37 |  .  .  . .  .  .  .  .  .  . 
    38 |  .  .  . 7  7  7  7  7  7  . 
    39 |  .  .  . 7  7  7  7  7  7  . 
    40 |  .  .  . 7  7  7  7  7  7  . 
    41 |  5  5  5 .  8  8  8  8  8  8 
    42 |  5  5  5 .  8  8  8  8  8  8 
    43 |  . 11 11 .  8  8  8  8  8  8 
    
    Boxes' corners:       (w,l)
        Box  1 is at 
            top left     (0,9)
            bottom right (1,11)
    
        Box  2 is at 
            top left     (7,22)
            bottom right (8,24)
    
        Box  3 is at 
            top left     (5,22)
            bottom right (6,24)
    
        Box  4 is at 
            top left     (7,0)
            bottom right (9,1)
    
        Box  5 is at 
            top left     (0,41)
            bottom right (2,42)
    
        Box  6 is at 
            top left     (5,5)
            bottom right (7,10)
    
        Box  7 is at 
            top left     (3,38)
            bottom right (8,40)
    
        Box  8 is at 
            top left     (4,41)
            bottom right (9,43)
    
        Box  9 is at 
            top left     (0,1)
            bottom right (5,3)
    
        Box 10 is at 
            top left     (4,34)
            bottom right (9,36)
    
        Box 11 is at 
            top left     (1,43)
            bottom right (2,43)
    
        Box 12 is at 
            top left     (0,35)
            bottom right (0,36)
    
        Box 13 is at 
            top left     (9,32)
            bottom right (9,33)
    
        Roll length used: 44

    [1;34mTry max length:[0m 43
    [1;34m    At iteration:[0m 8
        lingeling found a solution in .983 ms

       | W
     L |  0  1  2  3  4  5 6 7 8  9 
    --------------------------------
     0 | 10 10 10 10 10 10 . 2 2  2 
     1 | 10 10 10 10 10 10 . 2 2  2 
     2 | 10 10 10 10 10 10 . . .  . 
     3 |  .  .  .  .  .  . . . .  . 
     4 |  .  .  .  .  .  . . . .  . 
     5 |  .  .  .  .  .  . . . .  . 
     6 |  .  .  .  .  .  . . . .  . 
     7 |  .  .  .  .  .  . . . .  . 
     8 |  .  .  .  .  .  . . . .  . 
     9 |  .  .  .  .  .  . . . .  . 
    10 |  .  .  .  .  .  . . . .  . 
    11 |  .  .  .  .  .  . . . .  . 
    12 |  .  .  .  .  .  . . . .  . 
    13 |  .  .  .  .  .  . . . .  . 
    14 |  .  .  .  .  .  . . . .  . 
    15 |  .  .  .  .  .  . . . .  . 
    16 |  .  .  .  .  .  . . . .  . 
    17 |  .  .  .  .  .  . . . .  . 
    18 |  .  .  .  .  .  . . . .  . 
    19 |  .  .  .  .  .  . . . .  . 
    20 |  .  .  .  .  .  . . . .  . 
    21 |  1  1  1  .  .  . . . .  . 
    22 |  1  1  1  .  .  . . . .  . 
    23 |  .  .  .  .  .  . . . .  . 
    24 |  .  .  .  .  .  . . . .  . 
    25 |  8  8  8  8  8  8 . . .  . 
    26 |  8  8  8  8  8  8 . . .  . 
    27 |  8  8  8  8  8  8 . . .  . 
    28 |  .  .  .  .  .  . . . .  . 
    29 |  .  .  6  6  6  6 6 6 .  . 
    30 | 13  .  6  6  6  6 6 6 . 12 
    31 | 13  .  6  6  6  6 6 6 . 12 
    32 | 11  .  .  .  .  . . 5 5  5 
    33 | 11  .  .  .  .  . . 5 5  5 
    34 |  4  4  4  .  .  . . 3 3  3 
    35 |  4  4  4  .  .  . . 3 3  3 
    36 |  .  .  .  .  .  . . . .  . 
    37 |  .  .  7  7  7  7 7 7 .  . 
    38 |  .  .  7  7  7  7 7 7 .  . 
    39 |  .  .  7  7  7  7 7 7 .  . 
    40 |  9  9  9  9  9  9 . . .  . 
    41 |  9  9  9  9  9  9 . . .  . 
    42 |  9  9  9  9  9  9 . . .  . 
    
    Boxes' corners:       (w,l)
        Box  1 is at 
            top left     (0,21)
            bottom right (2,22)
    
        Box  2 is at 
            top left     (7,0)
            bottom right (9,1)
    
        Box  3 is at 
            top left     (7,34)
            bottom right (9,35)
    
        Box  4 is at 
            top left     (0,34)
            bottom right (2,35)
    
        Box  5 is at 
            top left     (7,32)
            bottom right (9,33)
    
        Box  6 is at 
            top left     (2,29)
            bottom right (7,31)
    
        Box  7 is at 
            top left     (2,37)
            bottom right (7,39)
    
        Box  8 is at 
            top left     (0,25)
            bottom right (5,27)
    
        Box  9 is at 
            top left     (0,40)
            bottom right (5,42)
    
        Box 10 is at 
            top left     (0,0)
            bottom right (5,2)
    
        Box 11 is at 
            top left     (0,32)
            bottom right (0,33)
    
        Box 12 is at 
            top left     (9,30)
            bottom right (9,31)
    
        Box 13 is at 
            top left     (0,30)
            bottom right (0,31)
    
        Roll length used: 43

    [1;34mTry max length:[0m 42
    [1;34m    At iteration:[0m 9
        lingeling found a solution in .913 ms

       | W
     L |  0 1 2 3  4  5  6  7  8  9 
    --------------------------------
     0 |  3 3 3 . 10 10 10 10 10 10 
     1 |  3 3 3 . 10 10 10 10 10 10 
     2 |  . . . . 10 10 10 10 10 10 
     3 |  . . . .  .  .  .  .  .  . 
     4 |  . . . .  .  .  .  .  .  . 
     5 |  . . . .  .  .  .  .  .  . 
     6 |  . . . .  .  .  .  .  .  . 
     7 |  . . . .  .  .  .  .  .  . 
     8 |  . . . 9  9  9  9  9  9  . 
     9 |  . . . 9  9  9  9  9  9  . 
    10 |  . . . 9  9  9  9  9  9  . 
    11 |  1 1 . .  .  .  .  .  .  . 
    12 |  1 1 . .  .  .  .  .  .  . 
    13 |  1 1 . .  .  .  .  .  .  . 
    14 |  . . . .  .  .  .  .  .  . 
    15 |  . . . .  .  .  .  .  .  . 
    16 |  . . . .  .  .  .  .  .  . 
    17 |  . . . .  .  .  .  .  .  . 
    18 |  . . . .  .  .  .  .  .  . 
    19 |  . . . .  .  .  .  .  .  . 
    20 |  . . 2 2  .  .  .  .  .  . 
    21 |  . . 2 2  .  .  .  .  .  . 
    22 |  . . 2 2  .  .  .  .  .  . 
    23 |  . . . .  .  .  .  .  .  . 
    24 |  . . . .  .  .  .  .  .  . 
    25 |  . . . .  .  .  .  .  .  . 
    26 |  . . . .  .  .  .  .  .  . 
    27 |  . . . .  .  .  .  .  .  . 
    28 |  . . . .  .  .  .  .  .  . 
    29 |  . . . 8  8  8  8  8  8  . 
    30 |  . . . 8  8  8  8  8  8  . 
    31 |  . . . 8  8  8  8  8  8  . 
    32 |  . . 6 6  6  .  .  .  .  . 
    33 | 13 . 6 6  6  .  .  .  .  . 
    34 | 13 . 6 6  6  .  .  .  4  4 
    35 | 12 . 6 6  6  .  .  .  4  4 
    36 | 12 . 6 6  6  .  .  .  4  4 
    37 | 11 . 6 6  6  .  .  5  5  5 
    38 | 11 . . .  .  .  .  5  5  5 
    39 |  7 7 7 7  7  7  .  .  .  . 
    40 |  7 7 7 7  7  7  .  .  .  . 
    41 |  7 7 7 7  7  7  .  .  .  . 
    
    Boxes' corners:       (w,l)
        Box  1 is at 
            top left     (0,11)
            bottom right (1,13)
    
        Box  2 is at 
            top left     (2,20)
            bottom right (3,22)
    
        Box  3 is at 
            top left     (0,0)
            bottom right (2,1)
    
        Box  4 is at 
            top left     (8,34)
            bottom right (9,36)
    
        Box  5 is at 
            top left     (7,37)
            bottom right (9,38)
    
        Box  6 is at 
            top left     (2,32)
            bottom right (4,37)
    
        Box  7 is at 
            top left     (0,39)
            bottom right (5,41)
    
        Box  8 is at 
            top left     (3,29)
            bottom right (8,31)
    
        Box  9 is at 
            top left     (3,8)
            bottom right (8,10)
    
        Box 10 is at 
            top left     (4,0)
            bottom right (9,2)
    
        Box 11 is at 
            top left     (0,37)
            bottom right (0,38)
    
        Box 12 is at 
            top left     (0,35)
            bottom right (0,36)
    
        Box 13 is at 
            top left     (0,33)
            bottom right (0,34)
    
        Roll length used: 42

    [1;34mTry max length:[0m 41
    [1;34m    At iteration:[0m 10
        lingeling found a solution in .920 ms

       | W
     L |  0  1  2  3  4  5  6 7 8 9 
    --------------------------------
     0 |  .  .  .  .  .  .  . . . . 
     1 |  . 10 10 10 10 10 10 . . . 
     2 |  . 10 10 10 10 10 10 . . . 
     3 |  . 10 10 10 10 10 10 . . . 
     4 |  .  .  .  .  .  .  . . . . 
     5 |  .  .  .  .  .  .  . . . . 
     6 |  .  .  .  .  .  .  . . . . 
     7 |  .  .  .  .  .  .  . . . . 
     8 |  .  .  .  .  .  .  . . . . 
     9 |  4  4  4  .  .  .  . . . . 
    10 |  4  4  4  .  .  .  . . . . 
    11 |  .  .  .  .  .  .  . . . . 
    12 |  .  .  .  .  .  .  . . . . 
    13 |  .  .  .  1  1  1  . . . . 
    14 |  .  .  .  1  1  1  . . . . 
    15 |  .  .  .  .  .  .  . . . . 
    16 |  .  .  .  .  .  .  . . . . 
    17 | 11  .  .  .  .  .  . . . . 
    18 | 11  .  .  .  .  .  . . . . 
    19 |  .  .  5  5  5  .  . . . . 
    20 |  .  .  5  5  5  .  . . . . 
    21 |  .  .  .  .  .  .  . . . . 
    22 |  .  .  .  .  .  .  . . . . 
    23 |  .  .  .  .  .  .  . . . . 
    24 |  .  .  .  8  8  8  8 8 8 . 
    25 |  .  .  .  8  8  8  8 8 8 . 
    26 |  .  .  .  8  8  8  8 8 8 . 
    27 | 13  .  .  .  .  .  . . . . 
    28 | 13  .  .  .  .  .  . . . . 
    29 | 12  .  .  .  .  .  . . . . 
    30 | 12  .  .  .  .  .  . . . . 
    31 |  7  7  7  7  7  7  . . . . 
    32 |  7  7  7  7  7  7  . . . . 
    33 |  7  7  7  7  7  7  . . . . 
    34 |  9  9  9  9  9  9  . . . . 
    35 |  9  9  9  9  9  9  . . . . 
    36 |  9  9  9  9  9  9  . 3 3 3 
    37 |  .  .  .  .  .  .  . 3 3 3 
    38 |  .  .  .  6  6  6  6 6 6 . 
    39 |  2  2  2  6  6  6  6 6 6 . 
    40 |  2  2  2  6  6  6  6 6 6 . 
    
    Boxes' corners:       (w,l)
        Box  1 is at 
            top left     (3,13)
            bottom right (5,14)
    
        Box  2 is at 
            top left     (0,39)
            bottom right (2,40)
    
        Box  3 is at 
            top left     (7,36)
            bottom right (9,37)
    
        Box  4 is at 
            top left     (0,9)
            bottom right (2,10)
    
        Box  5 is at 
            top left     (2,19)
            bottom right (4,20)
    
        Box  6 is at 
            top left     (3,38)
            bottom right (8,40)
    
        Box  7 is at 
            top left     (0,31)
            bottom right (5,33)
    
        Box  8 is at 
            top left     (3,24)
            bottom right (8,26)
    
        Box  9 is at 
            top left     (0,34)
            bottom right (5,36)
    
        Box 10 is at 
            top left     (1,1)
            bottom right (6,3)
    
        Box 11 is at 
            top left     (0,17)
            bottom right (0,18)
    
        Box 12 is at 
            top left     (0,29)
            bottom right (0,30)
    
        Box 13 is at 
            top left     (0,27)
            bottom right (0,28)
    
        Roll length used: 41

    [1;34mTry max length:[0m 40
    [1;34m    At iteration:[0m 11
        lingeling found a solution in .889 ms

       | W
     L |  0  1  2  3  4  5 6 7 8  9 
    --------------------------------
     0 |  6  6  6  6  6  6 . . 2  2 
     1 |  6  6  6  6  6  6 . . 2  2 
     2 |  6  6  6  6  6  6 . . 2  2 
     3 |  .  .  .  .  .  . . 4 4  4 
     4 |  .  .  .  .  .  . . 4 4  4 
     5 |  .  .  .  .  .  . . . . 11 
     6 |  .  .  .  .  .  . . . . 11 
     7 |  .  .  .  .  .  . . . .  . 
     8 |  .  .  .  .  .  . . . .  . 
     9 |  .  .  .  .  .  . . . .  . 
    10 |  .  .  .  .  .  . . . .  . 
    11 |  .  .  .  .  .  . . . .  . 
    12 |  9  9  9  9  9  9 . . . 13 
    13 |  9  9  9  9  9  9 . . . 13 
    14 |  9  9  9  9  9  9 . . .  . 
    15 |  .  .  .  .  .  . . . .  . 
    16 |  .  .  .  .  .  . . . .  . 
    17 |  .  .  .  .  .  . 3 3 .  . 
    18 |  .  .  1  1  .  . 3 3 .  . 
    19 |  .  .  1  1  .  . 3 3 .  . 
    20 |  .  .  1  1  .  . . . .  . 
    21 |  .  .  .  .  .  . . . .  . 
    22 |  .  .  .  .  .  . . . .  . 
    23 |  .  7  7  7  7  7 7 . .  . 
    24 |  .  7  7  7  7  7 7 . .  . 
    25 |  .  7  7  7  7  7 7 . .  . 
    26 |  .  .  .  .  .  . . . .  . 
    27 |  .  .  .  .  .  . . . .  . 
    28 |  .  .  .  .  .  . . . .  . 
    29 |  .  .  .  .  .  . . . .  . 
    30 |  .  .  .  .  .  . . . . 12 
    31 |  .  .  .  .  .  . . . . 12 
    32 |  .  .  .  .  .  . . . 5  5 
    33 |  .  .  .  .  .  . . . 5  5 
    34 | 10 10 10 10 10 10 . . 5  5 
    35 | 10 10 10 10 10 10 . . .  . 
    36 | 10 10 10 10 10 10 . . .  . 
    37 |  8  8  8  8  8  8 . . .  . 
    38 |  8  8  8  8  8  8 . . .  . 
    39 |  8  8  8  8  8  8 . . .  . 
    
    Boxes' corners:       (w,l)
        Box  1 is at 
            top left     (2,18)
            bottom right (3,20)
    
        Box  2 is at 
            top left     (8,0)
            bottom right (9,2)
    
        Box  3 is at 
            top left     (6,17)
            bottom right (7,19)
    
        Box  4 is at 
            top left     (7,3)
            bottom right (9,4)
    
        Box  5 is at 
            top left     (8,32)
            bottom right (9,34)
    
        Box  6 is at 
            top left     (0,0)
            bottom right (5,2)
    
        Box  7 is at 
            top left     (1,23)
            bottom right (6,25)
    
        Box  8 is at 
            top left     (0,37)
            bottom right (5,39)
    
        Box  9 is at 
            top left     (0,12)
            bottom right (5,14)
    
        Box 10 is at 
            top left     (0,34)
            bottom right (5,36)
    
        Box 11 is at 
            top left     (9,5)
            bottom right (9,6)
    
        Box 12 is at 
            top left     (9,30)
            bottom right (9,31)
    
        Box 13 is at 
            top left     (9,12)
            bottom right (9,13)
    
        Roll length used: 40

    [1;34mTry max length:[0m 39
    [1;34m    At iteration:[0m 12
        lingeling found a solution in .845 ms

       | W
     L | 0 1  2  3  4  5  6  7  8  9 
    ---------------------------------
     0 | . .  .  .  .  .  2  2  2  . 
     1 | 6 6  6  6  6  6  2  2  2  . 
     2 | 6 6  6  6  6  6  .  .  .  . 
     3 | 6 6  6  6  6  6  .  .  .  . 
     4 | . .  .  .  .  .  .  .  .  . 
     5 | . .  .  .  .  .  .  .  .  . 
     6 | . .  .  .  .  .  .  .  .  . 
     7 | . .  .  .  .  .  .  .  .  . 
     8 | 3 3  .  7  7  7  7  7  7  . 
     9 | 3 3  .  7  7  7  7  7  7  . 
    10 | 3 3  .  7  7  7  7  7  7  . 
    11 | . .  .  .  .  .  .  .  .  . 
    12 | . .  .  .  .  .  .  .  .  . 
    13 | . .  .  .  .  .  .  .  .  . 
    14 | . 4  4  .  .  .  . 13 13  . 
    15 | . 4  4  .  .  .  .  .  .  . 
    16 | . 4  4  .  .  .  .  .  .  . 
    17 | . .  .  .  .  .  .  .  .  . 
    18 | . .  .  .  .  .  .  .  .  . 
    19 | 1 1  1  .  .  .  .  .  .  . 
    20 | 1 1  1  .  .  .  .  .  .  . 
    21 | . .  .  .  .  .  .  .  .  . 
    22 | 9 9  9  9  9  9  .  .  .  . 
    23 | 9 9  9  9  9  9  .  .  .  . 
    24 | 9 9  9  9  9  9  .  5  5  5 
    25 | . .  .  .  .  .  .  5  5  5 
    26 | . .  .  .  .  .  .  .  .  . 
    27 | . .  .  .  .  .  .  .  .  . 
    28 | . .  .  .  .  .  .  .  .  . 
    29 | . .  .  .  .  .  .  .  .  . 
    30 | . .  .  .  .  .  .  .  .  . 
    31 | . .  .  .  .  .  .  .  .  . 
    32 | . .  .  .  .  .  .  .  .  . 
    33 | 8 8  8  8  8  8  .  .  .  . 
    34 | 8 8  8  8  8  8  .  .  . 12 
    35 | 8 8  8  8  8  8  .  .  . 12 
    36 | . .  .  . 10 10 10 10 10 10 
    37 | . .  .  . 10 10 10 10 10 10 
    38 | . . 11 11 10 10 10 10 10 10 
    
    Boxes' corners:       (w,l)
        Box  1 is at 
            top left     (0,19)
            bottom right (2,20)
    
        Box  2 is at 
            top left     (6,0)
            bottom right (8,1)
    
        Box  3 is at 
            top left     (0,8)
            bottom right (1,10)
    
        Box  4 is at 
            top left     (1,14)
            bottom right (2,16)
    
        Box  5 is at 
            top left     (7,24)
            bottom right (9,25)
    
        Box  6 is at 
            top left     (0,1)
            bottom right (5,3)
    
        Box  7 is at 
            top left     (3,8)
            bottom right (8,10)
    
        Box  8 is at 
            top left     (0,33)
            bottom right (5,35)
    
        Box  9 is at 
            top left     (0,22)
            bottom right (5,24)
    
        Box 10 is at 
            top left     (4,36)
            bottom right (9,38)
    
        Box 11 is at 
            top left     (2,38)
            bottom right (3,38)
    
        Box 12 is at 
            top left     (9,34)
            bottom right (9,35)
    
        Box 13 is at 
            top left     (7,14)
            bottom right (8,14)
    
        Roll length used: 39

    [1;34mTry max length:[0m 38
    [1;34m    At iteration:[0m 13
        lingeling found a solution in .778 ms

       | W
     L |  0  1  2  3  4  5 6  7  8 9 
    ---------------------------------
     0 |  .  7  7  7  7  7 7  2  2 2 
     1 |  .  7  7  7  7  7 7  2  2 2 
     2 |  .  7  7  7  7  7 7  .  . . 
     3 |  .  .  .  .  .  . .  .  . . 
     4 |  .  .  .  .  .  . .  .  . . 
     5 |  5  5  5  .  .  . .  .  . . 
     6 |  5  5  5  .  .  . .  .  . . 
     7 |  .  .  .  .  .  . .  .  . . 
     8 |  .  .  .  .  .  . .  .  . . 
     9 |  .  .  .  .  .  . .  .  . . 
    10 |  .  .  .  .  .  . .  .  . . 
    11 |  .  .  .  .  .  . .  .  . . 
    12 |  .  .  .  .  .  . .  .  . . 
    13 |  .  .  .  .  6  6 6  .  . . 
    14 |  .  . 11 11  6  6 6  .  . . 
    15 |  .  .  .  .  6  6 6  .  . . 
    16 |  .  .  .  .  6  6 6  .  . . 
    17 |  .  .  .  .  6  6 6  .  . . 
    18 |  1  1  1  .  6  6 6  .  . . 
    19 |  1  1  1  .  .  . .  .  . . 
    20 |  .  .  .  .  .  . .  .  . . 
    21 |  .  .  .  .  .  . .  .  . . 
    22 |  .  .  .  .  .  . .  .  . . 
    23 |  .  .  .  .  .  . .  .  . . 
    24 |  .  .  .  .  .  . .  .  . . 
    25 |  .  .  .  .  .  . .  .  . . 
    26 |  .  .  .  .  .  . .  .  . . 
    27 |  .  9  9  9  9  9 9 12 12 . 
    28 |  .  9  9  9  9  9 9  .  . . 
    29 |  .  9  9  9  9  9 9  .  . . 
    30 |  .  .  .  .  8  8 8  8  8 8 
    31 | 13  .  .  .  8  8 8  8  8 8 
    32 | 13  .  .  .  8  8 8  8  8 8 
    33 |  .  .  .  .  .  . .  .  . . 
    34 |  .  .  .  .  .  . .  4  4 4 
    35 | 10 10 10 10 10 10 .  4  4 4 
    36 | 10 10 10 10 10 10 3  3  3 . 
    37 | 10 10 10 10 10 10 3  3  3 . 
    
    Boxes' corners:       (w,l)
        Box  1 is at 
            top left     (0,18)
            bottom right (2,19)
    
        Box  2 is at 
            top left     (7,0)
            bottom right (9,1)
    
        Box  3 is at 
            top left     (6,36)
            bottom right (8,37)
    
        Box  4 is at 
            top left     (7,34)
            bottom right (9,35)
    
        Box  5 is at 
            top left     (0,5)
            bottom right (2,6)
    
        Box  6 is at 
            top left     (4,13)
            bottom right (6,18)
    
        Box  7 is at 
            top left     (1,0)
            bottom right (6,2)
    
        Box  8 is at 
            top left     (4,30)
            bottom right (9,32)
    
        Box  9 is at 
            top left     (1,27)
            bottom right (6,29)
    
        Box 10 is at 
            top left     (0,35)
            bottom right (5,37)
    
        Box 11 is at 
            top left     (2,14)
            bottom right (3,14)
    
        Box 12 is at 
            top left     (7,27)
            bottom right (8,27)
    
        Box 13 is at 
            top left     (0,31)
            bottom right (0,32)
    
        Roll length used: 38

    [1;34mTry max length:[0m 37
    [1;34m    At iteration:[0m 14
        lingeling found a solution in .769 ms

       | W
     L |  0 1 2  3  4  5  6  7  8  9 
    ---------------------------------
     0 |  1 1 1 10 10 10 10 10 10  . 
     1 |  1 1 1 10 10 10 10 10 10  . 
     2 |  . . . 10 10 10 10 10 10  . 
     3 |  . . .  .  .  .  .  .  .  . 
     4 |  . . .  .  .  .  .  .  .  . 
     5 |  . . .  .  .  .  .  .  .  . 
     6 |  . . .  .  .  .  .  .  .  . 
     7 |  . . .  .  .  .  .  .  .  . 
     8 |  . . .  .  .  .  .  .  .  . 
     9 |  . . .  .  .  .  .  .  .  . 
    10 |  . . .  .  .  .  .  .  .  . 
    11 |  . . .  .  .  .  .  .  .  . 
    12 |  . . .  .  .  .  .  .  .  . 
    13 |  . . .  .  .  .  .  .  .  . 
    14 |  . . .  .  .  .  .  .  .  . 
    15 |  . . .  .  .  .  .  .  .  . 
    16 |  . . .  .  .  .  .  .  .  . 
    17 |  . . .  .  .  .  .  .  .  . 
    18 |  . . 6  6  6  6  6  6  .  . 
    19 |  . . 6  6  6  6  6  6  .  . 
    20 |  . . 6  6  6  6  6  6  .  . 
    21 |  . . .  .  .  .  .  .  .  . 
    22 |  . . .  .  .  .  .  .  .  . 
    23 |  . . .  .  .  .  .  .  .  . 
    24 |  . . .  .  .  .  .  .  .  . 
    25 |  . . .  .  .  .  .  .  .  . 
    26 |  8 8 8  8  8  8  .  .  . 13 
    27 |  8 8 8  8  8  8  .  .  . 13 
    28 |  8 8 8  8  8  8  .  5  5  5 
    29 |  . 9 9  9  9  9  9  5  5  5 
    30 | 12 9 9  9  9  9  9  4  4  4 
    31 | 12 9 9  9  9  9  9  4  4  4 
    32 |  3 3 3  .  .  .  .  2  2  2 
    33 |  3 3 3  .  .  .  .  2  2  2 
    34 |  . . .  .  7  7  7  7  7  7 
    35 | 11 . .  .  7  7  7  7  7  7 
    36 | 11 . .  .  7  7  7  7  7  7 
    
    Boxes' corners:       (w,l)
        Box  1 is at 
            top left     (0,0)
            bottom right (2,1)
    
        Box  2 is at 
            top left     (7,32)
            bottom right (9,33)
    
        Box  3 is at 
            top left     (0,32)
            bottom right (2,33)
    
        Box  4 is at 
            top left     (7,30)
            bottom right (9,31)
    
        Box  5 is at 
            top left     (7,28)
            bottom right (9,29)
    
        Box  6 is at 
            top left     (2,18)
            bottom right (7,20)
    
        Box  7 is at 
            top left     (4,34)
            bottom right (9,36)
    
        Box  8 is at 
            top left     (0,26)
            bottom right (5,28)
    
        Box  9 is at 
            top left     (1,29)
            bottom right (6,31)
    
        Box 10 is at 
            top left     (3,0)
            bottom right (8,2)
    
        Box 11 is at 
            top left     (0,35)
            bottom right (0,36)
    
        Box 12 is at 
            top left     (0,30)
            bottom right (0,31)
    
        Box 13 is at 
            top left     (9,26)
            bottom right (9,27)
    
        Roll length used: 37

    [1;34mTry max length:[0m 36
    [1;34m    At iteration:[0m 15
        lingeling found a solution in .781 ms

       | W
     L |  0 1  2  3  4  5  6  7 8 9 
    --------------------------------
     0 |  1 1  1  .  8  8  8  8 8 8 
     1 |  1 1  1  .  8  8  8  8 8 8 
     2 |  . .  .  .  8  8  8  8 8 8 
     3 |  . .  .  .  .  .  .  . . . 
     4 |  . .  .  .  .  .  .  . . . 
     5 |  . .  .  .  .  .  .  . . . 
     6 |  . .  .  .  .  .  .  . . . 
     7 |  . .  .  .  .  .  .  . . . 
     8 |  . .  .  .  .  .  .  . . . 
     9 |  . .  .  .  .  .  .  . . . 
    10 |  . .  .  .  .  .  .  . . . 
    11 |  . . 11  .  .  .  .  . . . 
    12 |  . . 11  .  .  .  .  . . . 
    13 |  . .  .  .  .  .  .  . . . 
    14 |  5 5  5  .  .  .  .  . . . 
    15 |  5 5  5  .  .  .  .  . . . 
    16 |  4 4  4  .  .  .  .  . . . 
    17 |  4 4  4  .  .  .  .  . . . 
    18 |  3 3  3  .  .  .  .  . . . 
    19 |  3 3  3  .  .  .  .  . . . 
    20 |  . .  .  .  .  .  .  . . . 
    21 |  . .  .  .  .  .  .  . . . 
    22 |  6 6  6  6  6  6  .  . . . 
    23 |  6 6  6  6  6  6  .  . . . 
    24 |  6 6  6  6  6  6  .  . . . 
    25 |  7 7  7  7  7  7  .  . . . 
    26 |  7 7  7  7  7  7  .  . . . 
    27 |  7 7  7  7  7  7  .  . . . 
    28 |  . .  .  .  .  .  .  . . . 
    29 | 13 9  9  9  9  9  9  . . . 
    30 | 13 9  9  9  9  9  9  . . . 
    31 | 12 9  9  9  9  9  9  2 2 2 
    32 | 12 .  .  .  .  .  .  2 2 2 
    33 |  . . 10 10 10 10 10 10 . . 
    34 |  . . 10 10 10 10 10 10 . . 
    35 |  . . 10 10 10 10 10 10 . . 
    
    Boxes' corners:       (w,l)
        Box  1 is at 
            top left     (0,0)
            bottom right (2,1)
    
        Box  2 is at 
            top left     (7,31)
            bottom right (9,32)
    
        Box  3 is at 
            top left     (0,18)
            bottom right (2,19)
    
        Box  4 is at 
            top left     (0,16)
            bottom right (2,17)
    
        Box  5 is at 
            top left     (0,14)
            bottom right (2,15)
    
        Box  6 is at 
            top left     (0,22)
            bottom right (5,24)
    
        Box  7 is at 
            top left     (0,25)
            bottom right (5,27)
    
        Box  8 is at 
            top left     (4,0)
            bottom right (9,2)
    
        Box  9 is at 
            top left     (1,29)
            bottom right (6,31)
    
        Box 10 is at 
            top left     (2,33)
            bottom right (7,35)
    
        Box 11 is at 
            top left     (2,11)
            bottom right (2,12)
    
        Box 12 is at 
            top left     (0,31)
            bottom right (0,32)
    
        Box 13 is at 
            top left     (0,29)
            bottom right (0,30)
    
        Roll length used: 36

    [1;34mTry max length:[0m 35
    [1;34m    At iteration:[0m 16
        lingeling found a solution in .707 ms

       | W
     L |  0  1  2  3  4  5  6 7 8  9 
    ---------------------------------
     0 |  .  .  .  .  .  .  . . .  . 
     1 |  .  .  9  9  9  9  9 9 .  . 
     2 |  .  .  9  9  9  9  9 9 .  . 
     3 |  .  .  9  9  9  9  9 9 .  . 
     4 |  .  .  .  .  .  .  . . .  . 
     5 |  .  .  .  .  .  .  . . .  . 
     6 |  .  .  .  .  .  .  . . .  . 
     7 |  .  .  .  .  .  .  . . .  . 
     8 |  .  .  .  .  .  .  . . .  . 
     9 |  1  1  1  .  .  .  . . .  . 
    10 |  1  1  1  .  .  .  . . .  . 
    11 |  .  .  .  .  .  .  . . .  . 
    12 |  .  .  .  .  .  .  . . .  . 
    13 |  .  .  .  .  .  .  . . .  . 
    14 |  .  .  .  .  .  .  . . .  . 
    15 |  .  .  .  .  .  .  . . .  . 
    16 |  .  .  .  .  .  .  . . .  . 
    17 |  .  .  .  .  .  .  . . .  . 
    18 |  .  .  .  .  .  .  . . .  . 
    19 |  .  .  6  6  6  6  6 6 .  . 
    20 |  .  .  6  6  6  6  6 6 .  . 
    21 |  .  .  6  6  6  6  6 6 .  . 
    22 |  .  7  7  7  7  7  7 . .  . 
    23 |  .  7  7  7  7  7  7 . .  . 
    24 |  .  7  7  7  7  7  7 . .  . 
    25 |  .  .  .  .  .  .  . . .  . 
    26 |  .  .  .  .  .  .  . . .  . 
    27 |  .  .  8  8  8  8  8 8 .  . 
    28 | 12  .  8  8  8  8  8 8 .  . 
    29 | 12  .  8  8  8  8  8 8 . 13 
    30 |  5  5  5  .  4  4  4 . . 13 
    31 |  5  5  5  .  4  4  4 3 3  3 
    32 |  . 10 10 10 10 10 10 3 3  3 
    33 | 11 10 10 10 10 10 10 2 2  2 
    34 | 11 10 10 10 10 10 10 2 2  2 
    
    Boxes' corners:       (w,l)
        Box  1 is at 
            top left     (0,9)
            bottom right (2,10)
    
        Box  2 is at 
            top left     (7,33)
            bottom right (9,34)
    
        Box  3 is at 
            top left     (7,31)
            bottom right (9,32)
    
        Box  4 is at 
            top left     (4,30)
            bottom right (6,31)
    
        Box  5 is at 
            top left     (0,30)
            bottom right (2,31)
    
        Box  6 is at 
            top left     (2,19)
            bottom right (7,21)
    
        Box  7 is at 
            top left     (1,22)
            bottom right (6,24)
    
        Box  8 is at 
            top left     (2,27)
            bottom right (7,29)
    
        Box  9 is at 
            top left     (2,1)
            bottom right (7,3)
    
        Box 10 is at 
            top left     (1,32)
            bottom right (6,34)
    
        Box 11 is at 
            top left     (0,33)
            bottom right (0,34)
    
        Box 12 is at 
            top left     (0,28)
            bottom right (0,29)
    
        Box 13 is at 
            top left     (9,29)
            bottom right (9,30)
    
        Roll length used: 35

    [1;34mTry max length:[0m 34
    [1;34m    At iteration:[0m 17
        lingeling found a solution in .704 ms

       | W
     L | 0 1 2  3  4  5  6  7  8  9 
    --------------------------------
     0 | . . .  .  .  .  .  2  2  2 
     1 | . 9 9  9  9  9  9  2  2  2 
     2 | . 9 9  9  9  9  9  .  .  . 
     3 | . 9 9  9  9  9  9  .  .  . 
     4 | . . .  .  .  .  .  .  .  . 
     5 | . . .  .  .  .  .  .  .  . 
     6 | . . .  .  .  .  .  .  .  . 
     7 | . . .  .  .  .  .  .  .  . 
     8 | 1 1 1  .  .  .  .  .  .  . 
     9 | 1 1 1  . 12  .  .  .  . 11 
    10 | 4 4 4  . 12  .  .  .  . 11 
    11 | 4 4 4  .  .  .  .  .  .  . 
    12 | . . .  .  .  .  .  .  .  . 
    13 | . . .  .  .  .  .  .  .  . 
    14 | . . 6  6  6  .  .  .  .  . 
    15 | . . 6  6  6  .  .  .  .  . 
    16 | . . 6  6  6  .  .  .  .  . 
    17 | . . 6  6  6  .  .  .  .  . 
    18 | . . 6  6  6  .  .  .  .  . 
    19 | . . 6  6  6  .  .  .  .  . 
    20 | . . . 10 10 10 10 10 10  . 
    21 | . . . 10 10 10 10 10 10  . 
    22 | . . . 10 10 10 10 10 10  . 
    23 | . . .  .  .  .  .  .  .  . 
    24 | . . .  .  .  .  .  .  .  . 
    25 | . . .  .  .  .  .  .  . 13 
    26 | . . .  .  .  .  .  .  . 13 
    27 | . . .  .  .  .  .  .  .  . 
    28 | . . .  8  8  8  8  8  8  . 
    29 | 3 3 3  8  8  8  8  8  8  . 
    30 | 3 3 3  8  8  8  8  8  8  . 
    31 | 7 7 7  7  7  7  .  .  .  . 
    32 | 7 7 7  7  7  7  .  5  5  5 
    33 | 7 7 7  7  7  7  .  5  5  5 
    
    Boxes' corners:       (w,l)
        Box  1 is at 
            top left     (0,8)
            bottom right (2,9)
    
        Box  2 is at 
            top left     (7,0)
            bottom right (9,1)
    
        Box  3 is at 
            top left     (0,29)
            bottom right (2,30)
    
        Box  4 is at 
            top left     (0,10)
            bottom right (2,11)
    
        Box  5 is at 
            top left     (7,32)
            bottom right (9,33)
    
        Box  6 is at 
            top left     (2,14)
            bottom right (4,19)
    
        Box  7 is at 
            top left     (0,31)
            bottom right (5,33)
    
        Box  8 is at 
            top left     (3,28)
            bottom right (8,30)
    
        Box  9 is at 
            top left     (1,1)
            bottom right (6,3)
    
        Box 10 is at 
            top left     (3,20)
            bottom right (8,22)
    
        Box 11 is at 
            top left     (9,9)
            bottom right (9,10)
    
        Box 12 is at 
            top left     (4,9)
            bottom right (4,10)
    
        Box 13 is at 
            top left     (9,25)
            bottom right (9,26)
    
        Roll length used: 34

    [1;34mTry max length:[0m 33
    [1;34m    At iteration:[0m 18
        lingeling found a solution in .623 ms

       | W
     L | 0  1  2  3  4  5  6 7 8  9 
    --------------------------------
     0 | 9  9  9  9  9  9  . . .  . 
     1 | 9  9  9  9  9  9  . . .  . 
     2 | 9  9  9  9  9  9  . 3 3  3 
     3 | .  .  .  .  .  .  . 3 3  3 
     4 | .  .  .  .  .  .  . . .  . 
     5 | .  .  .  .  .  .  . . .  . 
     6 | 6  6  6  6  6  6  . . .  . 
     7 | 6  6  6  6  6  6  . . .  . 
     8 | 6  6  6  6  6  6  . . .  . 
     9 | .  .  .  .  .  .  . . .  . 
    10 | .  .  .  .  .  .  . . .  . 
    11 | .  .  .  .  .  .  . . .  . 
    12 | .  .  .  .  .  .  . . .  . 
    13 | .  .  .  .  .  .  . . .  . 
    14 | .  .  .  .  .  .  . . .  . 
    15 | .  .  .  .  .  .  . . .  . 
    16 | 1  1  1  .  .  .  . . .  . 
    17 | 1  1  1  .  .  .  . . .  . 
    18 | .  .  .  .  .  .  . . .  . 
    19 | . 10 10 10 10 10 10 . .  . 
    20 | . 10 10 10 10 10 10 4 4  4 
    21 | . 10 10 10 10 10 10 4 4  4 
    22 | 5  5  5  .  .  .  . . .  . 
    23 | 5  5  5  .  .  .  . . . 13 
    24 | 7  7  7  7  7  7  . . . 13 
    25 | 7  7  7  7  7  7  . . . 12 
    26 | 7  7  7  7  7  7  . . . 12 
    27 | .  .  2  2  2  .  . . . 11 
    28 | .  .  2  2  2  .  . . . 11 
    29 | .  .  .  .  .  .  . . .  . 
    30 | .  .  8  8  8  8  8 8 .  . 
    31 | .  .  8  8  8  8  8 8 .  . 
    32 | .  .  8  8  8  8  8 8 .  . 
    
    Boxes' corners:       (w,l)
        Box  1 is at 
            top left     (0,16)
            bottom right (2,17)
    
        Box  2 is at 
            top left     (2,27)
            bottom right (4,28)
    
        Box  3 is at 
            top left     (7,2)
            bottom right (9,3)
    
        Box  4 is at 
            top left     (7,20)
            bottom right (9,21)
    
        Box  5 is at 
            top left     (0,22)
            bottom right (2,23)
    
        Box  6 is at 
            top left     (0,6)
            bottom right (5,8)
    
        Box  7 is at 
            top left     (0,24)
            bottom right (5,26)
    
        Box  8 is at 
            top left     (2,30)
            bottom right (7,32)
    
        Box  9 is at 
            top left     (0,0)
            bottom right (5,2)
    
        Box 10 is at 
            top left     (1,19)
            bottom right (6,21)
    
        Box 11 is at 
            top left     (9,27)
            bottom right (9,28)
    
        Box 12 is at 
            top left     (9,25)
            bottom right (9,26)
    
        Box 13 is at 
            top left     (9,23)
            bottom right (9,24)
    
        Roll length used: 33

    [1;34mTry max length:[0m 32
    [1;34m    At iteration:[0m 19
        lingeling found a solution in .639 ms

       | W
     L |  0  1 2  3  4  5  6  7  8 9 
    ---------------------------------
     0 |  .  . .  .  .  .  .  2  2 2 
     1 |  .  . .  .  .  .  .  2  2 2 
     2 |  .  9 9  9  9  9  9  .  . . 
     3 |  .  9 9  9  9  9  9  .  . . 
     4 |  .  9 9  9  9  9  9  .  . . 
     5 |  .  . .  .  .  .  .  .  . . 
     6 |  .  . .  .  .  .  .  .  . . 
     7 |  .  . .  .  .  .  .  .  . . 
     8 |  .  . .  .  .  .  6  6  6 . 
     9 |  .  . .  .  .  .  6  6  6 . 
    10 |  .  . .  .  .  .  6  6  6 . 
    11 |  1  1 1  .  .  .  6  6  6 . 
    12 |  1  1 1  .  .  .  6  6  6 . 
    13 |  .  . .  .  .  .  6  6  6 . 
    14 |  .  . .  .  .  .  .  .  . . 
    15 |  .  . .  .  .  .  .  .  . . 
    16 |  .  . .  .  .  .  .  .  . . 
    17 |  .  . .  .  .  .  .  .  . . 
    18 |  .  . .  .  .  .  .  .  . . 
    19 | 12  . .  .  .  .  .  .  . . 
    20 | 12  . .  .  .  .  . 13  . . 
    21 |  3  3 3  .  .  .  . 13  . . 
    22 |  3  3 3  .  .  .  .  4  4 4 
    23 |  7  7 7  7  7  7  .  4  4 4 
    24 |  7  7 7  7  7  7  .  5  5 5 
    25 |  7  7 7  7  7  7  .  5  5 5 
    26 |  .  . .  8  8  8  8  8  8 . 
    27 |  .  . .  8  8  8  8  8  8 . 
    28 |  .  . .  8  8  8  8  8  8 . 
    29 |  .  . . 10 10 10 10 10 10 . 
    30 | 11 11 . 10 10 10 10 10 10 . 
    31 |  .  . . 10 10 10 10 10 10 . 
    
    Boxes' corners:       (w,l)
        Box  1 is at 
            top left     (0,11)
            bottom right (2,12)
    
        Box  2 is at 
            top left     (7,0)
            bottom right (9,1)
    
        Box  3 is at 
            top left     (0,21)
            bottom right (2,22)
    
        Box  4 is at 
            top left     (7,22)
            bottom right (9,23)
    
        Box  5 is at 
            top left     (7,24)
            bottom right (9,25)
    
        Box  6 is at 
            top left     (6,8)
            bottom right (8,13)
    
        Box  7 is at 
            top left     (0,23)
            bottom right (5,25)
    
        Box  8 is at 
            top left     (3,26)
            bottom right (8,28)
    
        Box  9 is at 
            top left     (1,2)
            bottom right (6,4)
    
        Box 10 is at 
            top left     (3,29)
            bottom right (8,31)
    
        Box 11 is at 
            top left     (0,30)
            bottom right (1,30)
    
        Box 12 is at 
            top left     (0,19)
            bottom right (0,20)
    
        Box 13 is at 
            top left     (7,20)
            bottom right (7,21)
    
        Roll length used: 32

    [1;34mTry max length:[0m 31
    [1;34m    At iteration:[0m 20
        lingeling found a solution in .598 ms

       | W
     L |  0 1 2  3  4  5  6  7  8  9 
    ---------------------------------
     0 |  1 1 1  .  .  .  .  2  2  2 
     1 |  1 1 1  .  .  .  .  2  2  2 
     2 |  . . . 10 10 10 10 10 10  . 
     3 |  . . . 10 10 10 10 10 10  . 
     4 |  . . . 10 10 10 10 10 10  . 
     5 |  . . .  .  .  .  .  .  .  . 
     6 |  . . .  .  .  .  .  .  .  . 
     7 |  . . .  .  .  .  .  .  .  . 
     8 |  . . .  .  9  9  9  9  9  9 
     9 |  . . .  .  9  9  9  9  9  9 
    10 |  . . .  .  9  9  9  9  9  9 
    11 |  . . .  .  .  .  .  .  .  . 
    12 |  . . .  .  .  .  .  .  .  . 
    13 |  . . .  .  .  .  .  .  .  . 
    14 |  . . .  .  .  .  .  .  .  . 
    15 |  . . .  .  .  .  .  .  .  . 
    16 |  . . .  .  .  .  .  .  .  . 
    17 |  . . .  .  .  .  .  .  .  . 
    18 |  7 7 7  7  7  7  .  .  .  . 
    19 |  7 7 7  7  7  7  .  .  .  . 
    20 |  7 7 7  7  7  7  .  .  .  . 
    21 | 13 . .  .  .  .  .  .  .  . 
    22 | 13 . .  .  .  .  .  .  . 12 
    23 | 11 . 5  5  5  .  .  .  . 12 
    24 | 11 . 5  5  5  .  .  4  4  4 
    25 |  6 6 6  6  6  6  .  4  4  4 
    26 |  6 6 6  6  6  6  .  3  3  3 
    27 |  6 6 6  6  6  6  .  3  3  3 
    28 |  8 8 8  8  8  8  .  .  .  . 
    29 |  8 8 8  8  8  8  .  .  .  . 
    30 |  8 8 8  8  8  8  .  .  .  . 
    
    Boxes' corners:       (w,l)
        Box  1 is at 
            top left     (0,0)
            bottom right (2,1)
    
        Box  2 is at 
            top left     (7,0)
            bottom right (9,1)
    
        Box  3 is at 
            top left     (7,26)
            bottom right (9,27)
    
        Box  4 is at 
            top left     (7,24)
            bottom right (9,25)
    
        Box  5 is at 
            top left     (2,23)
            bottom right (4,24)
    
        Box  6 is at 
            top left     (0,25)
            bottom right (5,27)
    
        Box  7 is at 
            top left     (0,18)
            bottom right (5,20)
    
        Box  8 is at 
            top left     (0,28)
            bottom right (5,30)
    
        Box  9 is at 
            top left     (4,8)
            bottom right (9,10)
    
        Box 10 is at 
            top left     (3,2)
            bottom right (8,4)
    
        Box 11 is at 
            top left     (0,23)
            bottom right (0,24)
    
        Box 12 is at 
            top left     (9,22)
            bottom right (9,23)
    
        Box 13 is at 
            top left     (0,21)
            bottom right (0,22)
    
        Roll length used: 31

    [1;34mTry max length:[0m 30
    [1;34m    At iteration:[0m 21
        lingeling found a solution in .561 ms

       | W
     L |  0  1  2  3  4  5  6 7 8 9 
    --------------------------------
     0 |  7  7  7  7  7  7  . . . . 
     1 |  7  7  7  7  7  7  . . . . 
     2 |  7  7  7  7  7  7  . . . . 
     3 |  6  6  6  6  6  6  . . . . 
     4 |  6  6  6  6  6  6 11 . . . 
     5 |  6  6  6  6  6  6 11 . . . 
     6 |  .  .  .  .  .  .  . . . . 
     7 |  .  .  .  .  .  .  . . . . 
     8 |  3  3  3  .  .  .  . . . . 
     9 |  3  3  3  .  .  .  5 5 5 . 
    10 |  .  .  .  .  .  .  5 5 5 . 
    11 |  8  8  8  8  8  8  . . . . 
    12 |  8  8  8  8  8  8  . . . . 
    13 |  8  8  8  8  8  8  . . . . 
    14 |  .  .  1  1  1  .  . . . . 
    15 |  .  .  1  1  1  .  . . . . 
    16 |  4  4  .  .  .  .  . . . . 
    17 |  4  4  .  .  .  .  . . . . 
    18 |  4  4  .  .  .  .  . . . . 
    19 |  . 10 10 10 10 10 10 . . . 
    20 |  . 10 10 10 10 10 10 . . . 
    21 |  . 10 10 10 10 10 10 . . . 
    22 |  .  .  .  .  9  9  9 9 9 9 
    23 | 13  .  .  .  9  9  9 9 9 9 
    24 | 13  .  .  .  9  9  9 9 9 9 
    25 | 12  .  .  .  .  .  . . . . 
    26 | 12  .  .  .  .  .  . . . . 
    27 |  .  .  .  .  2  2  . . . . 
    28 |  .  .  .  .  2  2  . . . . 
    29 |  .  .  .  .  2  2  . . . . 
    
    Boxes' corners:       (w,l)
        Box  1 is at 
            top left     (2,14)
            bottom right (4,15)
    
        Box  2 is at 
            top left     (4,27)
            bottom right (5,29)
    
        Box  3 is at 
            top left     (0,8)
            bottom right (2,9)
    
        Box  4 is at 
            top left     (0,16)
            bottom right (1,18)
    
        Box  5 is at 
            top left     (6,9)
            bottom right (8,10)
    
        Box  6 is at 
            top left     (0,3)
            bottom right (5,5)
    
        Box  7 is at 
            top left     (0,0)
            bottom right (5,2)
    
        Box  8 is at 
            top left     (0,11)
            bottom right (5,13)
    
        Box  9 is at 
            top left     (4,22)
            bottom right (9,24)
    
        Box 10 is at 
            top left     (1,19)
            bottom right (6,21)
    
        Box 11 is at 
            top left     (6,4)
            bottom right (6,5)
    
        Box 12 is at 
            top left     (0,25)
            bottom right (0,26)
    
        Box 13 is at 
            top left     (0,23)
            bottom right (0,24)
    
        Roll length used: 30

    [1;34mTry max length:[0m 29
    [1;34m    At iteration:[0m 22
        lingeling found a solution in .491 ms

       | W
     L | 0  1  2  3  4  5  6 7 8  9 
    --------------------------------
     0 | 2  2  2  9  9  9  9 9 9  . 
     1 | 2  2  2  9  9  9  9 9 9  . 
     2 | .  .  .  9  9  9  9 9 9  . 
     3 | 4  4  4  .  .  .  . 3 3  3 
     4 | 4  4  4  .  .  .  . 3 3  3 
     5 | .  .  .  .  .  .  . . .  . 
     6 | .  .  .  .  .  .  . . .  . 
     7 | .  .  .  .  .  .  . . .  . 
     8 | .  .  .  .  .  .  . . .  . 
     9 | .  .  .  .  .  .  . . .  . 
    10 | 1  1  1  .  .  .  . . .  . 
    11 | 1  1  1  .  .  .  . . .  . 
    12 | .  .  .  6  6  6  6 6 6  . 
    13 | .  .  .  6  6  6  6 6 6  . 
    14 | .  .  .  6  6  6  6 6 6  . 
    15 | .  5  5  5  .  .  . . .  . 
    16 | .  5  5  5  .  .  . . .  . 
    17 | .  .  .  .  .  .  . . .  . 
    18 | .  .  .  .  .  .  . . .  . 
    19 | .  .  .  .  .  .  . . .  . 
    20 | . 10 10 10 10 10 10 . . 13 
    21 | . 10 10 10 10 10 10 . . 13 
    22 | . 10 10 10 10 10 10 . . 12 
    23 | 8  8  8  8  8  8  . . . 12 
    24 | 8  8  8  8  8  8  . . . 11 
    25 | 8  8  8  8  8  8  . . . 11 
    26 | .  .  .  7  7  7  7 7 7  . 
    27 | .  .  .  7  7  7  7 7 7  . 
    28 | .  .  .  7  7  7  7 7 7  . 
    
    Boxes' corners:       (w,l)
        Box  1 is at 
            top left     (0,10)
            bottom right (2,11)
    
        Box  2 is at 
            top left     (0,0)
            bottom right (2,1)
    
        Box  3 is at 
            top left     (7,3)
            bottom right (9,4)
    
        Box  4 is at 
            top left     (0,3)
            bottom right (2,4)
    
        Box  5 is at 
            top left     (1,15)
            bottom right (3,16)
    
        Box  6 is at 
            top left     (3,12)
            bottom right (8,14)
    
        Box  7 is at 
            top left     (3,26)
            bottom right (8,28)
    
        Box  8 is at 
            top left     (0,23)
            bottom right (5,25)
    
        Box  9 is at 
            top left     (3,0)
            bottom right (8,2)
    
        Box 10 is at 
            top left     (1,20)
            bottom right (6,22)
    
        Box 11 is at 
            top left     (9,24)
            bottom right (9,25)
    
        Box 12 is at 
            top left     (9,22)
            bottom right (9,23)
    
        Box 13 is at 
            top left     (9,20)
            bottom right (9,21)
    
        Roll length used: 29

    [1;34mTry max length:[0m 28
    [1;34m    At iteration:[0m 23
        lingeling found a solution in .475 ms

       | W
     L |  0  1  2  3  4  5 6 7 8  9 
    --------------------------------
     0 |  1  1  1  8  8  8 8 8 8  . 
     1 |  1  1  1  8  8  8 8 8 8  . 
     2 |  .  .  .  8  8  8 8 8 8  . 
     3 |  .  .  .  .  .  . . . .  . 
     4 |  .  9  9  9  9  9 9 . .  . 
     5 |  .  9  9  9  9  9 9 . .  . 
     6 |  .  9  9  9  9  9 9 . .  . 
     7 |  .  .  .  .  .  . . . .  . 
     8 |  .  5  5  5  .  . . . .  . 
     9 |  .  5  5  5  .  . . . .  . 
    10 |  .  .  4  4  4  . . . .  . 
    11 |  .  .  4  4  4  . . . .  . 
    12 |  3  3  3  .  .  . . . .  . 
    13 |  3  3  3  .  .  . . . .  . 
    14 |  .  2  2  2  .  . . . .  . 
    15 |  .  2  2  2  .  . . . .  . 
    16 |  .  .  .  .  .  . . . . 13 
    17 | 10 10 10 10 10 10 . . . 13 
    18 | 10 10 10 10 10 10 . . . 12 
    19 | 10 10 10 10 10 10 . . . 12 
    20 |  .  .  .  .  .  . . . . 11 
    21 |  7  7  7  7  7  7 . . . 11 
    22 |  7  7  7  7  7  7 . . .  . 
    23 |  7  7  7  7  7  7 . . .  . 
    24 |  6  6  6  6  6  6 . . .  . 
    25 |  6  6  6  6  6  6 . . .  . 
    26 |  6  6  6  6  6  6 . . .  . 
    27 |  .  .  .  .  .  . . . .  . 
    
    Boxes' corners:       (w,l)
        Box  1 is at 
            top left     (0,0)
            bottom right (2,1)
    
        Box  2 is at 
            top left     (1,14)
            bottom right (3,15)
    
        Box  3 is at 
            top left     (0,12)
            bottom right (2,13)
    
        Box  4 is at 
            top left     (2,10)
            bottom right (4,11)
    
        Box  5 is at 
            top left     (1,8)
            bottom right (3,9)
    
        Box  6 is at 
            top left     (0,24)
            bottom right (5,26)
    
        Box  7 is at 
            top left     (0,21)
            bottom right (5,23)
    
        Box  8 is at 
            top left     (3,0)
            bottom right (8,2)
    
        Box  9 is at 
            top left     (1,4)
            bottom right (6,6)
    
        Box 10 is at 
            top left     (0,17)
            bottom right (5,19)
    
        Box 11 is at 
            top left     (9,20)
            bottom right (9,21)
    
        Box 12 is at 
            top left     (9,18)
            bottom right (9,19)
    
        Box 13 is at 
            top left     (9,16)
            bottom right (9,17)
    
        Roll length used: 27

    [1;34mTry max length:[0m 26
    [1;34m    At iteration:[0m 24
        lingeling found a solution in .466 ms

       | W
     L |  0  1  2  3  4  5 6 7 8  9 
    --------------------------------
     0 |  .  .  8  8  8  8 8 8 .  . 
     1 |  .  .  8  8  8  8 8 8 .  . 
     2 |  .  .  8  8  8  8 8 8 .  . 
     3 |  .  .  .  .  .  . . . .  . 
     4 |  .  1  1  1  .  . . . .  . 
     5 |  .  1  1  1  .  . . . .  . 
     6 |  7  7  7  7  7  7 . . .  . 
     7 |  7  7  7  7  7  7 . . .  . 
     8 |  7  7  7  7  7  7 . . .  . 
     9 |  .  .  .  .  .  . . . .  . 
    10 |  .  .  .  .  .  . . . .  . 
    11 |  .  .  .  .  .  . . . .  . 
    12 |  6  6  6  6  6  6 . . .  . 
    13 |  6  6  6  6  6  6 . . .  . 
    14 |  6  6  6  6  6  6 . . .  . 
    15 |  .  .  .  .  .  . . . .  . 
    16 |  .  .  5  5  5  . . . .  . 
    17 |  .  .  5  5  5  . . . . 13 
    18 | 10 10 10 10 10 10 . . . 13 
    19 | 10 10 10 10 10 10 . . . 12 
    20 | 10 10 10 10 10 10 . . . 12 
    21 | 11  .  3  3  3  . . 4 4  4 
    22 | 11  .  3  3  3  . . 4 4  4 
    23 |  9  9  9  9  9  9 . . .  . 
    24 |  9  9  9  9  9  9 2 2 2  . 
    25 |  9  9  9  9  9  9 2 2 2  . 
    
    Boxes' corners:       (w,l)
        Box  1 is at 
            top left     (1,4)
            bottom right (3,5)
    
        Box  2 is at 
            top left     (6,24)
            bottom right (8,25)
    
        Box  3 is at 
            top left     (2,21)
            bottom right (4,22)
    
        Box  4 is at 
            top left     (7,21)
            bottom right (9,22)
    
        Box  5 is at 
            top left     (2,16)
            bottom right (4,17)
    
        Box  6 is at 
            top left     (0,12)
            bottom right (5,14)
    
        Box  7 is at 
            top left     (0,6)
            bottom right (5,8)
    
        Box  8 is at 
            top left     (2,0)
            bottom right (7,2)
    
        Box  9 is at 
            top left     (0,23)
            bottom right (5,25)
    
        Box 10 is at 
            top left     (0,18)
            bottom right (5,20)
    
        Box 11 is at 
            top left     (0,21)
            bottom right (0,22)
    
        Box 12 is at 
            top left     (9,19)
            bottom right (9,20)
    
        Box 13 is at 
            top left     (9,17)
            bottom right (9,18)
    
        Roll length used: 26

    [1;34mTry max length:[0m 25
    [1;34m    At iteration:[0m 25
        lingeling found a solution in .452 ms

       | W
     L |  0  1  2  3  4  5 6 7 8  9 
    --------------------------------
     0 | 10 10 10 10 10 10 . . . 11 
     1 | 10 10 10 10 10 10 . . . 11 
     2 | 10 10 10 10 10 10 . . .  . 
     3 |  3  3  3  .  .  . . . 2  2 
     4 |  3  3  3  .  .  . . . 2  2 
     5 |  .  .  .  .  .  . . . 2  2 
     6 |  .  .  .  .  .  . . . .  . 
     7 |  .  .  .  .  .  . . 9 9  9 
     8 |  .  .  .  .  .  . . 9 9  9 
     9 |  .  .  .  .  .  . . 9 9  9 
    10 |  .  .  .  .  .  . . 9 9  9 
    11 |  .  .  .  .  .  . . 9 9  9 
    12 |  1  1  .  .  .  . . 9 9  9 
    13 |  1  1  .  .  .  . . . . 13 
    14 |  1  1  .  .  .  . . . . 13 
    15 |  .  5  5  8  8  8 8 8 8  . 
    16 |  .  5  5  8  8  8 8 8 8  . 
    17 |  .  5  5  8  8  8 8 8 8  . 
    18 |  .  .  .  .  7  7 7 7 7  7 
    19 |  .  .  .  .  7  7 7 7 7  7 
    20 |  .  .  .  .  7  7 7 7 7  7 
    21 |  4  4  .  .  .  . . . .  . 
    22 |  4  4  .  .  6  6 6 6 6  6 
    23 |  4  4  .  .  6  6 6 6 6  6 
    24 |  . 12 12  .  6  6 6 6 6  6 
    
    Boxes' corners:       (w,l)
        Box  1 is at 
            top left     (0,12)
            bottom right (1,14)
    
        Box  2 is at 
            top left     (8,3)
            bottom right (9,5)
    
        Box  3 is at 
            top left     (0,3)
            bottom right (2,4)
    
        Box  4 is at 
            top left     (0,21)
            bottom right (1,23)
    
        Box  5 is at 
            top left     (1,15)
            bottom right (2,17)
    
        Box  6 is at 
            top left     (4,22)
            bottom right (9,24)
    
        Box  7 is at 
            top left     (4,18)
            bottom right (9,20)
    
        Box  8 is at 
            top left     (3,15)
            bottom right (8,17)
    
        Box  9 is at 
            top left     (7,7)
            bottom right (9,12)
    
        Box 10 is at 
            top left     (0,0)
            bottom right (5,2)
    
        Box 11 is at 
            top left     (9,0)
            bottom right (9,1)
    
        Box 12 is at 
            top left     (1,24)
            bottom right (2,24)
    
        Box 13 is at 
            top left     (9,13)
            bottom right (9,14)
    
        Roll length used: 25

    [1;34mTry max length:[0m 24
    [1;34m    At iteration:[0m 26
        lingeling found a solution in .397 ms

       | W
     L | 0  1  2  3  4  5  6 7  8  9 
    ---------------------------------
     0 | 1  1  1  .  6  6  6 6  6  6 
     1 | 1  1  1  .  6  6  6 6  6  6 
     2 | .  .  .  .  6  6  6 6  6  6 
     3 | 7  7  7  7  7  7  . .  .  . 
     4 | 7  7  7  7  7  7  . .  .  . 
     5 | 7  7  7  7  7  7  . .  .  . 
     6 | .  .  .  .  .  .  . .  . 11 
     7 | .  .  .  .  .  .  . .  . 11 
     8 | .  .  .  .  .  .  . .  .  . 
     9 | .  .  2  2  2  .  . .  .  . 
    10 | .  .  2  2  2  .  . .  .  . 
    11 | 3  3  .  .  .  .  . 5  5  5 
    12 | 3  3  .  .  .  .  . 5  5  5 
    13 | 3  3  .  .  .  .  . 4  4  4 
    14 | .  8  8  8  8  8  8 4  4  4 
    15 | .  8  8  8  8  8  8 .  .  . 
    16 | .  8  8  8  8  8  8 .  .  . 
    17 | . 10 10 10 10 10 10 .  .  . 
    18 | . 10 10 10 10 10 10 .  .  . 
    19 | . 10 10 10 10 10 10 .  .  . 
    20 | .  .  .  .  .  .  . .  .  . 
    21 | . 12  9  9  9  9  9 9  .  . 
    22 | . 12  9  9  9  9  9 9  .  . 
    23 | .  .  9  9  9  9  9 9 13 13 
    
    Boxes' corners:       (w,l)
        Box  1 is at 
            top left     (0,0)
            bottom right (2,1)
    
        Box  2 is at 
            top left     (2,9)
            bottom right (4,10)
    
        Box  3 is at 
            top left     (0,11)
            bottom right (1,13)
    
        Box  4 is at 
            top left     (7,13)
            bottom right (9,14)
    
        Box  5 is at 
            top left     (7,11)
            bottom right (9,12)
    
        Box  6 is at 
            top left     (4,0)
            bottom right (9,2)
    
        Box  7 is at 
            top left     (0,3)
            bottom right (5,5)
    
        Box  8 is at 
            top left     (1,14)
            bottom right (6,16)
    
        Box  9 is at 
            top left     (2,21)
            bottom right (7,23)
    
        Box 10 is at 
            top left     (1,17)
            bottom right (6,19)
    
        Box 11 is at 
            top left     (9,6)
            bottom right (9,7)
    
        Box 12 is at 
            top left     (1,21)
            bottom right (1,22)
    
        Box 13 is at 
            top left     (8,23)
            bottom right (9,23)
    
        Roll length used: 24

    [1;34mTry max length:[0m 23
    [1;34m    At iteration:[0m 27
        lingeling found a solution in .359 ms

       | W
     L |  0  1  2  3  4  5  6  7 8 9 
    ---------------------------------
     0 |  3  3  3  .  2  2  2  . . . 
     1 |  3  3  3  .  2  2  2  . . . 
     2 |  6  6  6  6  6  6  .  . . . 
     3 |  6  6  6  6  6  6  .  5 5 5 
     4 |  6  6  6  6  6  6  .  5 5 5 
     5 |  .  .  .  .  .  .  .  . . . 
     6 |  .  .  .  .  .  .  .  . . . 
     7 |  .  .  .  .  .  .  .  . . . 
     8 |  .  .  1  1  1  .  .  . . . 
     9 |  .  .  1  1  1  .  .  . . . 
    10 |  .  .  .  .  .  . 12 12 . . 
    11 |  .  .  .  .  .  .  .  . . . 
    12 | 13  .  .  .  .  .  .  9 9 9 
    13 | 13  .  .  .  .  .  .  9 9 9 
    14 | 10 10 10 10 10 10  .  9 9 9 
    15 | 10 10 10 10 10 10  .  9 9 9 
    16 | 10 10 10 10 10 10  .  9 9 9 
    17 |  7  7  7  7  7  7  .  9 9 9 
    18 |  7  7  7  7  7  7  .  4 4 4 
    19 |  7  7  7  7  7  7  .  4 4 4 
    20 |  .  .  .  8  8  8  8  8 8 . 
    21 |  .  .  .  8  8  8  8  8 8 . 
    22 | 11 11  .  8  8  8  8  8 8 . 
    
    Boxes' corners:       (w,l)
        Box  1 is at 
            top left     (2,8)
            bottom right (4,9)
    
        Box  2 is at 
            top left     (4,0)
            bottom right (6,1)
    
        Box  3 is at 
            top left     (0,0)
            bottom right (2,1)
    
        Box  4 is at 
            top left     (7,18)
            bottom right (9,19)
    
        Box  5 is at 
            top left     (7,3)
            bottom right (9,4)
    
        Box  6 is at 
            top left     (0,2)
            bottom right (5,4)
    
        Box  7 is at 
            top left     (0,17)
            bottom right (5,19)
    
        Box  8 is at 
            top left     (3,20)
            bottom right (8,22)
    
        Box  9 is at 
            top left     (7,12)
            bottom right (9,17)
    
        Box 10 is at 
            top left     (0,14)
            bottom right (5,16)
    
        Box 11 is at 
            top left     (0,22)
            bottom right (1,22)
    
        Box 12 is at 
            top left     (6,10)
            bottom right (7,10)
    
        Box 13 is at 
            top left     (0,12)
            bottom right (0,13)
    
        Roll length used: 23

    [1;34mTry max length:[0m 22
    [1;34m    At iteration:[0m 28
        lingeling found a solution in .357 ms

       | W
     L |  0  1  2  3  4  5 6 7 8 9 
    -------------------------------
     0 |  9  9  9  9  9  9 5 5 5 . 
     1 |  9  9  9  9  9  9 5 5 5 . 
     2 |  9  9  9  9  9  9 . . . . 
     3 |  .  .  .  .  .  . . 3 3 3 
     4 |  .  .  .  .  .  . . 3 3 3 
     5 |  .  8  8  8  8  8 8 . . . 
     6 |  .  8  8  8  8  8 8 . . . 
     7 |  .  8  8  8  8  8 8 . . . 
     8 | 13  .  .  .  .  . . . . . 
     9 | 13  .  . 11 11  . . . . . 
    10 | 12  1  1  1  .  . . . . . 
    11 | 12  1  1  1  .  . . . . . 
    12 |  .  .  .  .  .  . . . 4 4 
    13 |  6  6  6  6  6  6 . . 4 4 
    14 |  6  6  6  6  6  6 . . 4 4 
    15 |  6  6  6  6  6  6 . . . . 
    16 | 10 10 10 10 10 10 . . . . 
    17 | 10 10 10 10 10 10 . . . . 
    18 | 10 10 10 10 10 10 . . . . 
    19 |  7  7  7  7  7  7 2 2 2 . 
    20 |  7  7  7  7  7  7 2 2 2 . 
    21 |  7  7  7  7  7  7 . . . . 
    
    Boxes' corners:       (w,l)
        Box  1 is at 
            top left     (1,10)
            bottom right (3,11)
    
        Box  2 is at 
            top left     (6,19)
            bottom right (8,20)
    
        Box  3 is at 
            top left     (7,3)
            bottom right (9,4)
    
        Box  4 is at 
            top left     (8,12)
            bottom right (9,14)
    
        Box  5 is at 
            top left     (6,0)
            bottom right (8,1)
    
        Box  6 is at 
            top left     (0,13)
            bottom right (5,15)
    
        Box  7 is at 
            top left     (0,19)
            bottom right (5,21)
    
        Box  8 is at 
            top left     (1,5)
            bottom right (6,7)
    
        Box  9 is at 
            top left     (0,0)
            bottom right (5,2)
    
        Box 10 is at 
            top left     (0,16)
            bottom right (5,18)
    
        Box 11 is at 
            top left     (3,9)
            bottom right (4,9)
    
        Box 12 is at 
            top left     (0,10)
            bottom right (0,11)
    
        Box 13 is at 
            top left     (0,8)
            bottom right (0,9)
    
        Roll length used: 22

    [1;34mTry max length:[0m 21
    [1;34m    At iteration:[0m 29
        lingeling found a solution in .320 ms

       | W
     L |  0  1  2  3  4  5 6 7 8  9 
    --------------------------------
     0 |  .  .  .  .  .  . . . . 12 
     1 |  .  .  9  9  9  9 9 9 . 12 
     2 |  .  .  9  9  9  9 9 9 .  . 
     3 |  .  .  9  9  9  9 9 9 .  . 
     4 | 10 10 10 10 10 10 . . .  . 
     5 | 10 10 10 10 10 10 . . . 11 
     6 | 10 10 10 10 10 10 . . . 11 
     7 |  5  5  5  .  .  . . . .  . 
     8 |  5  5  5  .  .  . . 3 3  3 
     9 |  1  1  .  .  .  . . 3 3  3 
    10 |  1  1  .  7  7  7 7 7 7  . 
    11 |  1  1  .  7  7  7 7 7 7  . 
    12 |  .  .  .  7  7  7 7 7 7  . 
    13 |  6  6  6  6  6  6 . . .  . 
    14 |  6  6  6  6  6  6 . 4 4  4 
    15 |  6  6  6  6  6  6 . 4 4  4 
    16 |  . 13  .  .  .  . . 2 2  2 
    17 |  . 13  .  .  .  . . 2 2  2 
    18 |  .  8  8  8  8  8 8 . .  . 
    19 |  .  8  8  8  8  8 8 . .  . 
    20 |  .  8  8  8  8  8 8 . .  . 
    
    Boxes' corners:       (w,l)
        Box  1 is at 
            top left     (0,9)
            bottom right (1,11)
    
        Box  2 is at 
            top left     (7,16)
            bottom right (9,17)
    
        Box  3 is at 
            top left     (7,8)
            bottom right (9,9)
    
        Box  4 is at 
            top left     (7,14)
            bottom right (9,15)
    
        Box  5 is at 
            top left     (0,7)
            bottom right (2,8)
    
        Box  6 is at 
            top left     (0,13)
            bottom right (5,15)
    
        Box  7 is at 
            top left     (3,10)
            bottom right (8,12)
    
        Box  8 is at 
            top left     (1,18)
            bottom right (6,20)
    
        Box  9 is at 
            top left     (2,1)
            bottom right (7,3)
    
        Box 10 is at 
            top left     (0,4)
            bottom right (5,6)
    
        Box 11 is at 
            top left     (9,5)
            bottom right (9,6)
    
        Box 12 is at 
            top left     (9,0)
            bottom right (9,1)
    
        Box 13 is at 
            top left     (1,16)
            bottom right (1,17)
    
        Roll length used: 21

    [1;34mTry max length:[0m 20
    [1;34m    At iteration:[0m 30
        lingeling found a solution in .304 ms

       | W
     L |  0 1 2 3  4  5  6  7  8  9 
    --------------------------------
     0 | 13 . . .  .  .  .  .  . 11 
     1 | 13 . . 7  7  7  7  7  7 11 
     2 |  5 5 . 7  7  7  7  7  7  . 
     3 |  5 5 . 7  7  7  7  7  7  . 
     4 |  5 5 . .  .  .  .  4  4  . 
     5 |  6 6 6 6  6  6  .  4  4  . 
     6 |  6 6 6 6  6  6  .  4  4  . 
     7 |  6 6 6 6  6  6 12  .  .  . 
     8 |  . . 3 3  .  . 12  .  .  . 
     9 |  1 1 3 3 10 10 10 10 10 10 
    10 |  1 1 3 3 10 10 10 10 10 10 
    11 |  1 1 . . 10 10 10 10 10 10 
    12 |  9 9 9 9  9  9  .  .  .  . 
    13 |  9 9 9 9  9  9  .  .  .  . 
    14 |  9 9 9 9  9  9  2  2  .  . 
    15 |  . . . .  .  .  2  2  .  . 
    16 |  . . . .  .  .  2  2  .  . 
    17 |  . . 8 8  8  8  8  8  .  . 
    18 |  . . 8 8  8  8  8  8  .  . 
    19 |  . . 8 8  8  8  8  8  .  . 
    
    Boxes' corners:       (w,l)
        Box  1 is at 
            top left     (0,9)
            bottom right (1,11)
    
        Box  2 is at 
            top left     (6,14)
            bottom right (7,16)
    
        Box  3 is at 
            top left     (2,8)
            bottom right (3,10)
    
        Box  4 is at 
            top left     (7,4)
            bottom right (8,6)
    
        Box  5 is at 
            top left     (0,2)
            bottom right (1,4)
    
        Box  6 is at 
            top left     (0,5)
            bottom right (5,7)
    
        Box  7 is at 
            top left     (3,1)
            bottom right (8,3)
    
        Box  8 is at 
            top left     (2,17)
            bottom right (7,19)
    
        Box  9 is at 
            top left     (0,12)
            bottom right (5,14)
    
        Box 10 is at 
            top left     (4,9)
            bottom right (9,11)
    
        Box 11 is at 
            top left     (9,0)
            bottom right (9,1)
    
        Box 12 is at 
            top left     (6,7)
            bottom right (6,8)
    
        Box 13 is at 
            top left     (0,0)
            bottom right (0,1)
    
        Roll length used: 20

    [1;34mTry max length:[0m 19
    [1;34m    At iteration:[0m 31
        lingeling found a solution in .327 ms

       | W
     L |  0 1  2  3 4 5 6  7  8  9 
    -------------------------------
     0 |  9 9  9  9 9 9 .  .  .  . 
     1 |  9 9  9  9 9 9 .  .  2  2 
     2 |  9 9  9  9 9 9 .  .  2  2 
     3 |  . .  .  . . . .  .  2  2 
     4 |  1 1  .  . . . . 10 10 10 
     5 |  1 1  .  . . . . 10 10 10 
     6 |  1 1 12 12 5 5 . 10 10 10 
     7 | 13 .  .  . 5 5 . 10 10 10 
     8 | 13 .  .  . 5 5 . 10 10 10 
     9 |  3 3  3  . . . . 10 10 10 
    10 |  3 3  3  . . . 6  6  6  . 
    11 |  8 8  8  8 8 8 6  6  6  . 
    12 |  8 8  8  8 8 8 6  6  6  . 
    13 |  8 8  8  8 8 8 6  6  6  . 
    14 |  4 4  4  . . . 6  6  6  . 
    15 |  4 4  4  . . . 6  6  6  . 
    16 |  . .  7  7 7 7 7  7  .  . 
    17 |  . .  7  7 7 7 7  7  .  . 
    18 |  . .  7  7 7 7 7  7 11 11 
    
    Boxes' corners:       (w,l)
        Box  1 is at 
            top left     (0,4)
            bottom right (1,6)
    
        Box  2 is at 
            top left     (8,1)
            bottom right (9,3)
    
        Box  3 is at 
            top left     (0,9)
            bottom right (2,10)
    
        Box  4 is at 
            top left     (0,14)
            bottom right (2,15)
    
        Box  5 is at 
            top left     (4,6)
            bottom right (5,8)
    
        Box  6 is at 
            top left     (6,10)
            bottom right (8,15)
    
        Box  7 is at 
            top left     (2,16)
            bottom right (7,18)
    
        Box  8 is at 
            top left     (0,11)
            bottom right (5,13)
    
        Box  9 is at 
            top left     (0,0)
            bottom right (5,2)
    
        Box 10 is at 
            top left     (7,4)
            bottom right (9,9)
    
        Box 11 is at 
            top left     (8,18)
            bottom right (9,18)
    
        Box 12 is at 
            top left     (2,6)
            bottom right (3,6)
    
        Box 13 is at 
            top left     (0,7)
            bottom right (0,8)
    
        Roll length used: 19

    [1;34mTry max length:[0m 18
    [1;34m    At iteration:[0m 32
        lingeling found a solution in .254 ms

       | W
     L | 0  1  2  3  4  5  6 7 8  9 
    --------------------------------
     0 | . 10 10 10 10 10 10 . . 11 
     1 | . 10 10 10 10 10 10 . . 11 
     2 | . 10 10 10 10 10 10 . .  . 
     3 | 2  2  2  .  .  .  . 4 4  4 
     4 | 2  2  2  .  .  .  . 4 4  4 
     5 | .  .  .  .  .  .  . . .  . 
     6 | .  .  .  .  3  3  3 5 5  5 
     7 | .  .  .  .  3  3  3 5 5  5 
     8 | 1  1  1  .  .  .  . . . 12 
     9 | 1  1  1  9  9  9  9 9 9 12 
    10 | .  .  .  9  9  9  9 9 9  . 
    11 | 6  6  6  9  9  9  9 9 9  . 
    12 | 6  6  6  .  8  8  8 8 8  8 
    13 | 6  6  6  .  8  8  8 8 8  8 
    14 | 6  6  6  .  8  8  8 8 8  8 
    15 | 6  6  6  .  7  7  7 7 7  7 
    16 | 6  6  6  .  7  7  7 7 7  7 
    17 | .  . 13 13  7  7  7 7 7  7 
    
    Boxes' corners:       (w,l)
        Box  1 is at 
            top left     (0,8)
            bottom right (2,9)
    
        Box  2 is at 
            top left     (0,3)
            bottom right (2,4)
    
        Box  3 is at 
            top left     (4,6)
            bottom right (6,7)
    
        Box  4 is at 
            top left     (7,3)
            bottom right (9,4)
    
        Box  5 is at 
            top left     (7,6)
            bottom right (9,7)
    
        Box  6 is at 
            top left     (0,11)
            bottom right (2,16)
    
        Box  7 is at 
            top left     (4,15)
            bottom right (9,17)
    
        Box  8 is at 
            top left     (4,12)
            bottom right (9,14)
    
        Box  9 is at 
            top left     (3,9)
            bottom right (8,11)
    
        Box 10 is at 
            top left     (1,0)
            bottom right (6,2)
    
        Box 11 is at 
            top left     (9,0)
            bottom right (9,1)
    
        Box 12 is at 
            top left     (9,8)
            bottom right (9,9)
    
        Box 13 is at 
            top left     (2,17)
            bottom right (3,17)
    
        Roll length used: 18

    [1;34mTry max length:[0m 17
    [1;34m    At iteration:[0m 33
        lingeling found a solution in .241 ms

       | W
     L | 0  1  2  3  4  5  6  7 8  9 
    ---------------------------------
     0 | .  . 10 10 10 10 10 10 .  . 
     1 | .  . 10 10 10 10 10 10 .  . 
     2 | .  . 10 10 10 10 10 10 .  . 
     3 | 6  6  6  6  6  6  .  . .  . 
     4 | 6  6  6  6  6  6  .  . . 12 
     5 | 6  6  6  6  6  6  .  . . 12 
     6 | 1  1  5  5  .  .  .  . . 13 
     7 | 1  1  5  5  .  .  .  . . 13 
     8 | 1  1  5  5  8  8  8  8 8  8 
     9 | .  .  .  .  8  8  8  8 8  8 
    10 | 2  2  2  .  8  8  8  8 8  8 
    11 | 2  2  2  9  9  9  9  9 9  . 
    12 | . 11 11  9  9  9  9  9 9  . 
    13 | 3  3  3  9  9  9  9  9 9  . 
    14 | 3  3  3  7  7  7  7  7 7  . 
    15 | 4  4  4  7  7  7  7  7 7  . 
    16 | 4  4  4  7  7  7  7  7 7  . 
    
    Boxes' corners:       (w,l)
        Box  1 is at 
            top left     (0,6)
            bottom right (1,8)
    
        Box  2 is at 
            top left     (0,10)
            bottom right (2,11)
    
        Box  3 is at 
            top left     (0,13)
            bottom right (2,14)
    
        Box  4 is at 
            top left     (0,15)
            bottom right (2,16)
    
        Box  5 is at 
            top left     (2,6)
            bottom right (3,8)
    
        Box  6 is at 
            top left     (0,3)
            bottom right (5,5)
    
        Box  7 is at 
            top left     (3,14)
            bottom right (8,16)
    
        Box  8 is at 
            top left     (4,8)
            bottom right (9,10)
    
        Box  9 is at 
            top left     (3,11)
            bottom right (8,13)
    
        Box 10 is at 
            top left     (2,0)
            bottom right (7,2)
    
        Box 11 is at 
            top left     (1,12)
            bottom right (2,12)
    
        Box 12 is at 
            top left     (9,4)
            bottom right (9,5)
    
        Box 13 is at 
            top left     (9,6)
            bottom right (9,7)
    
        Roll length used: 17

    [1;34mTry max length:[0m 16
    [1;34m    At iteration:[0m 34
        lingeling found a solution in .934 ms

       | W
     L |  0  1  2 3 4 5  6 7 8  9 
    ------------------------------
     0 |  1  1  1 6 6 6  6 6 6  . 
     1 |  1  1  1 6 6 6  6 6 6  . 
     2 |  3  3  3 6 6 6  6 6 6  . 
     3 |  3  3  3 . . . 11 2 2  2 
     4 | 10 10 10 9 9 9 11 2 2  2 
     5 | 10 10 10 9 9 9  . . . 13 
     6 | 10 10 10 9 9 9  . . . 13 
     7 | 10 10 10 9 9 9  . . .  . 
     8 | 10 10 10 9 9 9  . . .  . 
     9 | 10 10 10 9 9 9  . . .  . 
    10 | 12  7  7 7 7 7  7 8 8  8 
    11 | 12  7  7 7 7 7  7 8 8  8 
    12 |  .  7  7 7 7 7  7 8 8  8 
    13 |  5  5  4 4 . .  . 8 8  8 
    14 |  5  5  4 4 . .  . 8 8  8 
    15 |  5  5  4 4 . .  . 8 8  8 
    
    Boxes' corners:       (w,l)
        Box  1 is at 
            top left     (0,0)
            bottom right (2,1)
    
        Box  2 is at 
            top left     (7,3)
            bottom right (9,4)
    
        Box  3 is at 
            top left     (0,2)
            bottom right (2,3)
    
        Box  4 is at 
            top left     (2,13)
            bottom right (3,15)
    
        Box  5 is at 
            top left     (0,13)
            bottom right (1,15)
    
        Box  6 is at 
            top left     (3,0)
            bottom right (8,2)
    
        Box  7 is at 
            top left     (1,10)
            bottom right (6,12)
    
        Box  8 is at 
            top left     (7,10)
            bottom right (9,15)
    
        Box  9 is at 
            top left     (3,4)
            bottom right (5,9)
    
        Box 10 is at 
            top left     (0,4)
            bottom right (2,9)
    
        Box 11 is at 
            top left     (6,3)
            bottom right (6,4)
    
        Box 12 is at 
            top left     (0,10)
            bottom right (0,11)
    
        Box 13 is at 
            top left     (9,5)
            bottom right (9,6)
    
        Roll length used: 16

    [1;34mTry max length:[0m 15
    [1;34m    At iteration:[0m 35
        lingeling found a solution in .986 ms

       | W
     L |  0  1  2  3  4  5 6 7  8  9 
    ---------------------------------
     0 |  8  8  8  5  5  9 9 9 12 12 
     1 |  8  8  8  5  5  9 9 9  .  . 
     2 |  8  8  8  5  5  9 9 9  .  . 
     3 |  8  8  8  3  3  9 9 9  2  2 
     4 |  8  8  8  3  3  9 9 9  2  2 
     5 |  8  8  8  3  3  9 9 9  2  2 
     6 |  .  1  1  1  .  . . 6  6  6 
     7 | 11  1  1  1  .  . . 6  6  6 
     8 | 11  7  7  7  7  7 7 6  6  6 
     9 |  .  7  7  7  7  7 7 6  6  6 
    10 | 13  7  7  7  7  7 7 6  6  6 
    11 | 13  .  .  .  .  . . 6  6  6 
    12 | 10 10 10 10 10 10 4 4  4  . 
    13 | 10 10 10 10 10 10 4 4  4  . 
    14 | 10 10 10 10 10 10 . .  .  . 
    
    Boxes' corners:       (w,l)
        Box  1 is at 
            top left     (1,6)
            bottom right (3,7)
    
        Box  2 is at 
            top left     (8,3)
            bottom right (9,5)
    
        Box  3 is at 
            top left     (3,3)
            bottom right (4,5)
    
        Box  4 is at 
            top left     (6,12)
            bottom right (8,13)
    
        Box  5 is at 
            top left     (3,0)
            bottom right (4,2)
    
        Box  6 is at 
            top left     (7,6)
            bottom right (9,11)
    
        Box  7 is at 
            top left     (1,8)
            bottom right (6,10)
    
        Box  8 is at 
            top left     (0,0)
            bottom right (2,5)
    
        Box  9 is at 
            top left     (5,0)
            bottom right (7,5)
    
        Box 10 is at 
            top left     (0,12)
            bottom right (5,14)
    
        Box 11 is at 
            top left     (0,7)
            bottom right (0,8)
    
        Box 12 is at 
            top left     (8,0)
            bottom right (9,0)
    
        Box 13 is at 
            top left     (0,10)
            bottom right (0,11)
    
        Roll length used: 15

    [1;34mTry max length:[0m 14
    [1;34m    At iteration:[0m 36
        lingeling found a solution in .871 ms

       | W
     L |  0  1  2  3 4 5 6 7  8  9 
    -------------------------------
     0 |  7  7  7  9 9 9 3 3  2  2 
     1 |  7  7  7  9 9 9 3 3  2  2 
     2 |  7  7  7  9 9 9 3 3  2  2 
     3 |  7  7  7  9 9 9 . 5  5  5 
     4 |  7  7  7  9 9 9 . 5  5  5 
     5 |  7  7  7  9 9 9 . .  .  . 
     6 | 10 10 10  . 1 1 1 6  6  6 
     7 | 10 10 10  . 1 1 1 6  6  6 
     8 | 10 10 10  . 8 8 8 6  6  6 
     9 | 10 10 10 13 8 8 8 6  6  6 
    10 | 10 10 10 13 8 8 8 6  6  6 
    11 | 10 10 10  . 8 8 8 6  6  6 
    12 | 12  4  4  4 8 8 8 .  .  . 
    13 | 12  4  4  4 8 8 8 . 11 11 
    
    Boxes' corners:       (w,l)
        Box  1 is at 
            top left     (4,6)
            bottom right (6,7)
    
        Box  2 is at 
            top left     (8,0)
            bottom right (9,2)
    
        Box  3 is at 
            top left     (6,0)
            bottom right (7,2)
    
        Box  4 is at 
            top left     (1,12)
            bottom right (3,13)
    
        Box  5 is at 
            top left     (7,3)
            bottom right (9,4)
    
        Box  6 is at 
            top left     (7,6)
            bottom right (9,11)
    
        Box  7 is at 
            top left     (0,0)
            bottom right (2,5)
    
        Box  8 is at 
            top left     (4,8)
            bottom right (6,13)
    
        Box  9 is at 
            top left     (3,0)
            bottom right (5,5)
    
        Box 10 is at 
            top left     (0,6)
            bottom right (2,11)
    
        Box 11 is at 
            top left     (8,13)
            bottom right (9,13)
    
        Box 12 is at 
            top left     (0,12)
            bottom right (0,13)
    
        Box 13 is at 
            top left     (3,9)
            bottom right (3,10)
    
        Roll length used: 14

    [1;34mTry max length:[0m 13
    [1;34m    At iteration:[0m 37
        [3;31mlingeling was timeout-terminated[0m
        [1;31mScript reached time limit[0m
