Tue 5 Jun 21:34:14 CEST 2018
    [1;34mTry max length:[0m 999999
    [1;34m    At iteration:[0m 0
        lingeling found a solution in .219 ms

       | W
     L | 0 1  2 3 4 5 6 7  8  9 10 
    -------------------------------
     0 | . .  . . . . . .  .  .  . 
     1 | . .  . . . . . .  .  .  . 
     2 | . .  . . . . . .  .  .  . 
     3 | 1 .  . . . . . .  .  .  . 
     4 | 1 .  . . . . . .  .  .  . 
     5 | . .  . . . . . .  .  .  . 
     6 | . .  . . . . . .  .  .  . 
     7 | . .  . . . . . .  .  .  . 
     8 | . .  . . . . . .  .  .  . 
     9 | . .  . . . . . .  .  .  . 
    10 | . .  . . . . . .  .  .  . 
    11 | 4 .  . . . . . .  .  .  . 
    12 | 4 .  . . . . . .  .  .  . 
    13 | 3 .  . . . . . .  .  .  . 
    14 | 3 .  . . . . . . 11 11 11 
    15 | 2 .  . . . . . . 11 11 11 
    16 | 2 . 10 9 8 7 6 5 11 11 11 
    
    Boxes' corners:       (w,l)
        Box  1 is at 
            top left     (0,3)
            bottom right (0,4)
    
        Box  2 is at 
            top left     (0,15)
            bottom right (0,16)
    
        Box  3 is at 
            top left     (0,13)
            bottom right (0,14)
    
        Box  4 is at 
            top left     (0,11)
            bottom right (0,12)
    
        Box  5 is at 
            top left     (7,16)
            bottom right (7,16)
    
        Box  6 is at 
            top left     (6,16)
            bottom right (6,16)
    
        Box  7 is at 
            top left     (5,16)
            bottom right (5,16)
    
        Box  8 is at 
            top left     (4,16)
            bottom right (4,16)
    
        Box  9 is at 
            top left     (3,16)
            bottom right (3,16)
    
        Box 10 is at 
            top left     (2,16)
            bottom right (2,16)
    
        Box 11 is at 
            top left     (8,14)
            bottom right (10,16)
    
        Roll length used: 17

    [1;34mTry max length:[0m 16
    [1;34m    At iteration:[0m 1
        lingeling found a solution in .188 ms

       | W
     L | 0 1  2 3 4 5 6 7  8  9 10 
    -------------------------------
     0 | . .  . . . . . .  .  .  . 
     1 | . .  . . . . . .  .  .  . 
     2 | . .  . . . . . .  .  .  . 
     3 | . .  . . . . . .  .  .  . 
     4 | . .  . . . . . .  .  .  . 
     5 | . .  . . . . . .  .  .  . 
     6 | . .  . . . . . .  .  .  . 
     7 | . .  . . . . . .  .  .  . 
     8 | 1 .  . . . . . .  .  .  . 
     9 | 1 .  . . . . . .  .  .  . 
    10 | 4 .  . . . . . .  .  .  . 
    11 | 4 .  . . . . . .  .  .  . 
    12 | 3 .  . . . . . .  .  .  . 
    13 | 3 .  . . . . . . 11 11 11 
    14 | 2 .  . . . . . . 11 11 11 
    15 | 2 . 10 9 8 7 6 5 11 11 11 
    
    Boxes' corners:       (w,l)
        Box  1 is at 
            top left     (0,8)
            bottom right (0,9)
    
        Box  2 is at 
            top left     (0,14)
            bottom right (0,15)
    
        Box  3 is at 
            top left     (0,12)
            bottom right (0,13)
    
        Box  4 is at 
            top left     (0,10)
            bottom right (0,11)
    
        Box  5 is at 
            top left     (7,15)
            bottom right (7,15)
    
        Box  6 is at 
            top left     (6,15)
            bottom right (6,15)
    
        Box  7 is at 
            top left     (5,15)
            bottom right (5,15)
    
        Box  8 is at 
            top left     (4,15)
            bottom right (4,15)
    
        Box  9 is at 
            top left     (3,15)
            bottom right (3,15)
    
        Box 10 is at 
            top left     (2,15)
            bottom right (2,15)
    
        Box 11 is at 
            top left     (8,13)
            bottom right (10,15)
    
        Roll length used: 16

    [1;34mTry max length:[0m 15
    [1;34m    At iteration:[0m 2
        lingeling found a solution in .171 ms

       | W
     L | 0 1  2 3 4 5 6 7  8  9 10 
    -------------------------------
     0 | . .  . . . . . .  .  .  . 
     1 | . .  . . . . . .  .  .  . 
     2 | . .  . . . . . .  .  .  . 
     3 | . .  . . . . . .  .  .  . 
     4 | 1 .  . . . . . .  .  .  . 
     5 | 1 .  . . . . . .  .  .  . 
     6 | . .  . . . . . .  .  .  . 
     7 | . .  . . . . . .  .  .  . 
     8 | . .  . . . . . .  .  .  . 
     9 | 4 .  . . . . . .  .  .  . 
    10 | 4 .  . . . . . .  .  .  . 
    11 | 3 .  . . . . . .  .  .  . 
    12 | 3 .  . . . . . . 11 11 11 
    13 | 2 .  . . . . . . 11 11 11 
    14 | 2 . 10 9 8 7 6 5 11 11 11 
    
    Boxes' corners:       (w,l)
        Box  1 is at 
            top left     (0,4)
            bottom right (0,5)
    
        Box  2 is at 
            top left     (0,13)
            bottom right (0,14)
    
        Box  3 is at 
            top left     (0,11)
            bottom right (0,12)
    
        Box  4 is at 
            top left     (0,9)
            bottom right (0,10)
    
        Box  5 is at 
            top left     (7,14)
            bottom right (7,14)
    
        Box  6 is at 
            top left     (6,14)
            bottom right (6,14)
    
        Box  7 is at 
            top left     (5,14)
            bottom right (5,14)
    
        Box  8 is at 
            top left     (4,14)
            bottom right (4,14)
    
        Box  9 is at 
            top left     (3,14)
            bottom right (3,14)
    
        Box 10 is at 
            top left     (2,14)
            bottom right (2,14)
    
        Box 11 is at 
            top left     (8,12)
            bottom right (10,14)
    
        Roll length used: 15

    [1;34mTry max length:[0m 14
    [1;34m    At iteration:[0m 3
        lingeling found a solution in .161 ms

       | W
     L | 0 1 2 3 4 5 6  7  8  9 10 
    -------------------------------
     0 | . . . . . . .  .  .  .  . 
     1 | . . . . . . .  .  .  .  . 
     2 | . . . . . . .  .  .  .  . 
     3 | . . . . . . .  .  .  .  . 
     4 | . . . . . . .  .  .  .  . 
     5 | . . . . . . .  .  .  9  . 
     6 | . . . . . . .  .  .  .  . 
     7 | 1 . . . . . .  .  .  .  8 
     8 | 1 . . . . . .  .  .  .  . 
     9 | . . . . . . .  .  .  .  4 
    10 | 3 . . . . . .  .  .  .  4 
    11 | 3 . . . . . .  . 11 11 11 
    12 | 2 7 . . . . .  . 11 11 11 
    13 | 2 6 . . . . 5 10 11 11 11 
    
    Boxes' corners:       (w,l)
        Box  1 is at 
            top left     (0,7)
            bottom right (0,8)
    
        Box  2 is at 
            top left     (0,12)
            bottom right (0,13)
    
        Box  3 is at 
            top left     (0,10)
            bottom right (0,11)
    
        Box  4 is at 
            top left     (10,9)
            bottom right (10,10)
    
        Box  5 is at 
            top left     (6,13)
            bottom right (6,13)
    
        Box  6 is at 
            top left     (1,13)
            bottom right (1,13)
    
        Box  7 is at 
            top left     (1,12)
            bottom right (1,12)
    
        Box  8 is at 
            top left     (10,7)
            bottom right (10,7)
    
        Box  9 is at 
            top left     (9,5)
            bottom right (9,5)
    
        Box 10 is at 
            top left     (7,13)
            bottom right (7,13)
    
        Box 11 is at 
            top left     (8,11)
            bottom right (10,13)
    
        Roll length used: 14

    [1;34mTry max length:[0m 13
    [1;34m    At iteration:[0m 4
        lingeling found a solution in .152 ms

       | W
     L | 0 1  2 3 4 5 6 7  8  9 10 
    -------------------------------
     0 | . .  . . . . . .  .  .  . 
     1 | . .  . . . . . .  .  .  . 
     2 | . .  . . . . . .  .  .  . 
     3 | . .  . . . . . .  .  .  . 
     4 | . .  . . . . . .  .  .  . 
     5 | . .  . . 1 . . .  .  .  . 
     6 | . .  . . 1 . . .  .  .  . 
     7 | 4 .  . . . . . .  .  .  . 
     8 | 4 .  . . . . . .  .  .  . 
     9 | 2 .  . . . . . .  .  .  . 
    10 | 2 .  . . . . . . 11 11 11 
    11 | 3 .  . . . . . . 11 11 11 
    12 | 3 . 10 9 8 7 6 5 11 11 11 
    
    Boxes' corners:       (w,l)
        Box  1 is at 
            top left     (4,5)
            bottom right (4,6)
    
        Box  2 is at 
            top left     (0,9)
            bottom right (0,10)
    
        Box  3 is at 
            top left     (0,11)
            bottom right (0,12)
    
        Box  4 is at 
            top left     (0,7)
            bottom right (0,8)
    
        Box  5 is at 
            top left     (7,12)
            bottom right (7,12)
    
        Box  6 is at 
            top left     (6,12)
            bottom right (6,12)
    
        Box  7 is at 
            top left     (5,12)
            bottom right (5,12)
    
        Box  8 is at 
            top left     (4,12)
            bottom right (4,12)
    
        Box  9 is at 
            top left     (3,12)
            bottom right (3,12)
    
        Box 10 is at 
            top left     (2,12)
            bottom right (2,12)
    
        Box 11 is at 
            top left     (8,10)
            bottom right (10,12)
    
        Roll length used: 13

    [1;34mTry max length:[0m 12
    [1;34m    At iteration:[0m 5
        lingeling found a solution in .143 ms

       | W
     L | 0 1  2 3 4 5 6 7  8  9 10 
    -------------------------------
     0 | . .  . . . . . .  .  .  . 
     1 | . .  . . . . . .  .  .  . 
     2 | . .  . . . . . .  .  .  . 
     3 | . .  . . . . . .  .  .  . 
     4 | . .  . . . . . .  .  .  . 
     5 | . .  . . 1 . . .  .  .  . 
     6 | 4 .  . . 1 . . .  .  .  . 
     7 | 4 .  . . . . . .  .  .  . 
     8 | 2 .  . . . . . .  .  .  . 
     9 | 2 .  . . . . . . 11 11 11 
    10 | 3 .  . . . . . . 11 11 11 
    11 | 3 . 10 9 8 7 6 5 11 11 11 
    
    Boxes' corners:       (w,l)
        Box  1 is at 
            top left     (4,5)
            bottom right (4,6)
    
        Box  2 is at 
            top left     (0,8)
            bottom right (0,9)
    
        Box  3 is at 
            top left     (0,10)
            bottom right (0,11)
    
        Box  4 is at 
            top left     (0,6)
            bottom right (0,7)
    
        Box  5 is at 
            top left     (7,11)
            bottom right (7,11)
    
        Box  6 is at 
            top left     (6,11)
            bottom right (6,11)
    
        Box  7 is at 
            top left     (5,11)
            bottom right (5,11)
    
        Box  8 is at 
            top left     (4,11)
            bottom right (4,11)
    
        Box  9 is at 
            top left     (3,11)
            bottom right (3,11)
    
        Box 10 is at 
            top left     (2,11)
            bottom right (2,11)
    
        Box 11 is at 
            top left     (8,9)
            bottom right (10,11)
    
        Roll length used: 12

    [1;34mTry max length:[0m 11
    [1;34m    At iteration:[0m 6
        lingeling found a solution in .113 ms

       | W
     L | 0 1 2 3 4 5 6  7  8  9 10 
    -------------------------------
     0 | . . . . . . .  .  .  .  . 
     1 | . . . . . . .  .  .  .  . 
     2 | . . . . . . .  .  .  .  . 
     3 | . . . . . . .  .  .  .  . 
     4 | . . . . . . .  .  .  .  . 
     5 | 1 . . . . . .  .  .  .  . 
     6 | 1 . . . . . .  .  .  .  4 
     7 | 3 . . . . . .  .  .  .  4 
     8 | 3 . . . . . .  . 11 11 11 
     9 | 2 . . . 9 . .  8 11 11 11 
    10 | 2 . 7 . . 6 5 10 11 11 11 
    
    Boxes' corners:       (w,l)
        Box  1 is at 
            top left     (0,5)
            bottom right (0,6)
    
        Box  2 is at 
            top left     (0,9)
            bottom right (0,10)
    
        Box  3 is at 
            top left     (0,7)
            bottom right (0,8)
    
        Box  4 is at 
            top left     (10,6)
            bottom right (10,7)
    
        Box  5 is at 
            top left     (6,10)
            bottom right (6,10)
    
        Box  6 is at 
            top left     (5,10)
            bottom right (5,10)
    
        Box  7 is at 
            top left     (2,10)
            bottom right (2,10)
    
        Box  8 is at 
            top left     (7,9)
            bottom right (7,9)
    
        Box  9 is at 
            top left     (4,9)
            bottom right (4,9)
    
        Box 10 is at 
            top left     (7,10)
            bottom right (7,10)
    
        Box 11 is at 
            top left     (8,8)
            bottom right (10,10)
    
        Roll length used: 11

    [1;34mTry max length:[0m 10
    [1;34m    At iteration:[0m 7
        lingeling found a solution in .103 ms

       | W
     L | 0 1 2 3 4 5 6  7  8  9 10 
    -------------------------------
     0 | . . . . . . .  .  .  .  . 
     1 | . . . . . . .  .  .  .  . 
     2 | . . . . . . .  .  .  .  . 
     3 | . . . . . . .  .  .  .  4 
     4 | . . . . . . .  .  .  .  4 
     5 | 1 . . . . . .  .  .  .  3 
     6 | 1 . . . . . .  .  .  .  3 
     7 | . . . . . . .  9 11 11 11 
     8 | 2 . . . . . .  . 11 11 11 
     9 | 2 . 8 . 7 6 5 10 11 11 11 
    
    Boxes' corners:       (w,l)
        Box  1 is at 
            top left     (0,5)
            bottom right (0,6)
    
        Box  2 is at 
            top left     (0,8)
            bottom right (0,9)
    
        Box  3 is at 
            top left     (10,5)
            bottom right (10,6)
    
        Box  4 is at 
            top left     (10,3)
            bottom right (10,4)
    
        Box  5 is at 
            top left     (6,9)
            bottom right (6,9)
    
        Box  6 is at 
            top left     (5,9)
            bottom right (5,9)
    
        Box  7 is at 
            top left     (4,9)
            bottom right (4,9)
    
        Box  8 is at 
            top left     (2,9)
            bottom right (2,9)
    
        Box  9 is at 
            top left     (7,7)
            bottom right (7,7)
    
        Box 10 is at 
            top left     (7,9)
            bottom right (7,9)
    
        Box 11 is at 
            top left     (8,7)
            bottom right (10,9)
    
        Roll length used: 10

    [1;34mTry max length:[0m 9
    [1;34m    At iteration:[0m 8
        lingeling found a solution in .096 ms

      | W
    L | 0 1 2 3  4 5 6 7  8  9 10 
    -------------------------------
    0 | . . . .  . 1 1 .  .  .  . 
    1 | . . . .  . . . .  .  .  . 
    2 | . . . .  . . . .  .  .  . 
    3 | 4 . . .  . . . .  .  .  . 
    4 | 4 . . .  . . . .  .  .  3 
    5 | . . . .  . . . .  .  .  3 
    6 | . . . .  . . . . 11 11 11 
    7 | 2 . . .  . . . 9 11 11 11 
    8 | 2 . . 8 10 7 6 5 11 11 11 
    
    Boxes' corners:       (w,l)
        Box  1 is at 
            top left     (5,0)
            bottom right (6,0)
    
        Box  2 is at 
            top left     (0,7)
            bottom right (0,8)
    
        Box  3 is at 
            top left     (10,4)
            bottom right (10,5)
    
        Box  4 is at 
            top left     (0,3)
            bottom right (0,4)
    
        Box  5 is at 
            top left     (7,8)
            bottom right (7,8)
    
        Box  6 is at 
            top left     (6,8)
            bottom right (6,8)
    
        Box  7 is at 
            top left     (5,8)
            bottom right (5,8)
    
        Box  8 is at 
            top left     (3,8)
            bottom right (3,8)
    
        Box  9 is at 
            top left     (7,7)
            bottom right (7,7)
    
        Box 10 is at 
            top left     (4,8)
            bottom right (4,8)
    
        Box 11 is at 
            top left     (8,6)
            bottom right (10,8)
    
        Roll length used: 9

    [1;34mTry max length:[0m 8
    [1;34m    At iteration:[0m 9
        lingeling found a solution in .082 ms

      | W
    L | 0 1 2 3 4  5 6 7  8  9 10 
    -------------------------------
    0 | . . . . .  1 1 .  .  8  . 
    1 | . . . . .  . . .  .  .  . 
    2 | . . . . .  . . .  .  .  . 
    3 | 4 . . . .  . . 5  .  .  3 
    4 | 4 . . . .  . . .  .  .  3 
    5 | . . . . .  . . . 11 11 11 
    6 | 2 . . . . 10 . . 11 11 11 
    7 | 2 . . 9 .  6 7 . 11 11 11 
    
    Boxes' corners:       (w,l)
        Box  1 is at 
            top left     (5,0)
            bottom right (6,0)
    
        Box  2 is at 
            top left     (0,6)
            bottom right (0,7)
    
        Box  3 is at 
            top left     (10,3)
            bottom right (10,4)
    
        Box  4 is at 
            top left     (0,3)
            bottom right (0,4)
    
        Box  5 is at 
            top left     (7,3)
            bottom right (7,3)
    
        Box  6 is at 
            top left     (5,7)
            bottom right (5,7)
    
        Box  7 is at 
            top left     (6,7)
            bottom right (6,7)
    
        Box  8 is at 
            top left     (9,0)
            bottom right (9,0)
    
        Box  9 is at 
            top left     (3,7)
            bottom right (3,7)
    
        Box 10 is at 
            top left     (5,6)
            bottom right (5,6)
    
        Box 11 is at 
            top left     (8,5)
            bottom right (10,7)
    
        Roll length used: 8

    [1;34mTry max length:[0m 7
    [1;34m    At iteration:[0m 10
        lingeling found a solution in .071 ms

      | W
    L | 0 1 2 3 4  5 6 7  8  9 10 
    -------------------------------
    0 | . . . . .  1 1 .  .  .  5 
    1 | . . . . .  . . .  6  .  . 
    2 | 4 . . . .  . . .  .  .  3 
    3 | 4 . . . .  . . .  .  .  3 
    4 | . . . . .  . . . 11 11 11 
    5 | 2 . . . .  . . . 11 11 11 
    6 | 2 . . 8 . 10 9 7 11 11 11 
    
    Boxes' corners:       (w,l)
        Box  1 is at 
            top left     (5,0)
            bottom right (6,0)
    
        Box  2 is at 
            top left     (0,5)
            bottom right (0,6)
    
        Box  3 is at 
            top left     (10,2)
            bottom right (10,3)
    
        Box  4 is at 
            top left     (0,2)
            bottom right (0,3)
    
        Box  5 is at 
            top left     (10,0)
            bottom right (10,0)
    
        Box  6 is at 
            top left     (8,1)
            bottom right (8,1)
    
        Box  7 is at 
            top left     (7,6)
            bottom right (7,6)
    
        Box  8 is at 
            top left     (3,6)
            bottom right (3,6)
    
        Box  9 is at 
            top left     (6,6)
            bottom right (6,6)
    
        Box 10 is at 
            top left     (5,6)
            bottom right (5,6)
    
        Box 11 is at 
            top left     (8,4)
            bottom right (10,6)
    
        Roll length used: 7

    [1;34mTry max length:[0m 6
    [1;34m    At iteration:[0m 11
        lingeling found a solution in .064 ms

      | W
    L | 0 1 2 3 4 5  6 7  8  9 10 
    -------------------------------
    0 | 4 . . . . 1  1 .  9  .  3 
    1 | 4 . . . . .  . 8  .  .  3 
    2 | 2 . . . . .  . .  .  .  7 
    3 | 2 . . . . .  . . 11 11 11 
    4 | . . . . . .  . 6 11 11 11 
    5 | . . . . . . 10 5 11 11 11 
    
    Boxes' corners:       (w,l)
        Box  1 is at 
            top left     (5,0)
            bottom right (6,0)
    
        Box  2 is at 
            top left     (0,2)
            bottom right (0,3)
    
        Box  3 is at 
            top left     (10,0)
            bottom right (10,1)
    
        Box  4 is at 
            top left     (0,0)
            bottom right (0,1)
    
        Box  5 is at 
            top left     (7,5)
            bottom right (7,5)
    
        Box  6 is at 
            top left     (7,4)
            bottom right (7,4)
    
        Box  7 is at 
            top left     (10,2)
            bottom right (10,2)
    
        Box  8 is at 
            top left     (7,1)
            bottom right (7,1)
    
        Box  9 is at 
            top left     (8,0)
            bottom right (8,0)
    
        Box 10 is at 
            top left     (6,5)
            bottom right (6,5)
    
        Box 11 is at 
            top left     (8,3)
            bottom right (10,5)
    
        Roll length used: 6

    [1;34mTry max length:[0m 5
    [1;34m    At iteration:[0m 12
        lingeling found a solution in .052 ms

      | W
    L | 0 1 2 3 4 5  6 7  8  9 10 
    -------------------------------
    0 | . . . . . 1  1 . 11 11 11 
    1 | 2 . . . . .  . . 11 11 11 
    2 | 2 . . . . .  . . 11 11 11 
    3 | 4 . . . . .  . .  .  7  3 
    4 | 4 . 9 . . . 10 5  8  6  3 
    
    Boxes' corners:       (w,l)
        Box  1 is at 
            top left     (5,0)
            bottom right (6,0)
    
        Box  2 is at 
            top left     (0,1)
            bottom right (0,2)
    
        Box  3 is at 
            top left     (10,3)
            bottom right (10,4)
    
        Box  4 is at 
            top left     (0,3)
            bottom right (0,4)
    
        Box  5 is at 
            top left     (7,4)
            bottom right (7,4)
    
        Box  6 is at 
            top left     (9,4)
            bottom right (9,4)
    
        Box  7 is at 
            top left     (9,3)
            bottom right (9,3)
    
        Box  8 is at 
            top left     (8,4)
            bottom right (8,4)
    
        Box  9 is at 
            top left     (2,4)
            bottom right (2,4)
    
        Box 10 is at 
            top left     (6,4)
            bottom right (6,4)
    
        Box 11 is at 
            top left     (8,0)
            bottom right (10,2)
    
        Roll length used: 5

    [1;34mTry max length:[0m 4
    [1;34m    At iteration:[0m 13
        lingeling found a solution in .042 ms

      | W
    L | 0 1 2  3  4  5 6  7 8 9 10 
    --------------------------------
    0 | 1 1 . 11 11 11 .  . . .  5 
    1 | . . . 11 11 11 . 10 . 2  . 
    2 | . 4 3 11 11 11 .  . . 2  . 
    3 | . 4 3  .  .  . 7  9 6 8  . 
    
    Boxes' corners:       (w,l)
        Box  1 is at 
            top left     (0,0)
            bottom right (1,0)
    
        Box  2 is at 
            top left     (9,1)
            bottom right (9,2)
    
        Box  3 is at 
            top left     (2,2)
            bottom right (2,3)
    
        Box  4 is at 
            top left     (1,2)
            bottom right (1,3)
    
        Box  5 is at 
            top left     (10,0)
            bottom right (10,0)
    
        Box  6 is at 
            top left     (8,3)
            bottom right (8,3)
    
        Box  7 is at 
            top left     (6,3)
            bottom right (6,3)
    
        Box  8 is at 
            top left     (9,3)
            bottom right (9,3)
    
        Box  9 is at 
            top left     (7,3)
            bottom right (7,3)
    
        Box 10 is at 
            top left     (7,1)
            bottom right (7,1)
    
        Box 11 is at 
            top left     (3,0)
            bottom right (5,2)
    
        Roll length used: 4

    [1;34mTry max length:[0m 3
    [1;34m    At iteration:[0m 14
        lingeling found a solution in .026 ms

      | W
    L | 0 1 2  3 4 5 6  7  8  9 10 
    --------------------------------
    0 | 2 . .  . 1 . . 11 11 11  6 
    1 | 2 . .  . 1 . 4 11 11 11  3 
    2 | . 7 5 10 9 8 4 11 11 11  3 
    
    Boxes' corners:       (w,l)
        Box  1 is at 
            top left     (4,0)
            bottom right (4,1)
    
        Box  2 is at 
            top left     (0,0)
            bottom right (0,1)
    
        Box  3 is at 
            top left     (10,1)
            bottom right (10,2)
    
        Box  4 is at 
            top left     (6,1)
            bottom right (6,2)
    
        Box  5 is at 
            top left     (2,2)
            bottom right (2,2)
    
        Box  6 is at 
            top left     (10,0)
            bottom right (10,0)
    
        Box  7 is at 
            top left     (1,2)
            bottom right (1,2)
    
        Box  8 is at 
            top left     (5,2)
            bottom right (5,2)
    
        Box  9 is at 
            top left     (4,2)
            bottom right (4,2)
    
        Box 10 is at 
            top left     (3,2)
            bottom right (3,2)
    
        Box 11 is at 
            top left     (7,0)
            bottom right (9,2)
    
        Roll length used: 3

    [1;34mTry max length:[0m 2
    [1;34m    At iteration:[0m 15
        [3;31mlingeling determined unsatisfiability of the Boolean formula[0m
        [1;32mOptimality reached![0m
