Wed 6 Jun 09:18:08 CEST 2018
    [1;34mTry max length:[0m 999999
    [1;34m    At iteration:[0m 0
        lingeling found a solution in .084 ms

       | W
     L | 0 1 2 3 4 5 6 7 
    --------------------
     0 | . . . . . . . . 
     1 | . . . . . . . . 
     2 | 1 . . . . . . . 
     3 | . . . . . . . . 
     4 | . . . . . . . . 
     5 | . . . . . . . . 
     6 | . . . . . . . . 
     7 | . . . . . . . . 
     8 | 8 . . . . . . 7 
     9 | 8 . . . . 4 . 7 
    10 | 6 . . . . . . 5 
    11 | 6 . . . . 3 2 5 
    
    Boxes' corners:      (w,l)
        Box 1 is at 
            top left     (0,2)
            bottom right (0,2)
    
        Box 2 is at 
            top left     (6,11)
            bottom right (6,11)
    
        Box 3 is at 
            top left     (5,11)
            bottom right (5,11)
    
        Box 4 is at 
            top left     (5,9)
            bottom right (5,9)
    
        Box 5 is at 
            top left     (7,10)
            bottom right (7,11)
    
        Box 6 is at 
            top left     (0,10)
            bottom right (0,11)
    
        Box 7 is at 
            top left     (7,8)
            bottom right (7,9)
    
        Box 8 is at 
            top left     (0,8)
            bottom right (0,9)
    
        Roll length used: 12

    [1;34mTry max length:[0m 11
    [1;34m    At iteration:[0m 1
        lingeling found a solution in .076 ms

       | W
     L | 0 1 2 3 4 5 6 7 
    --------------------
     0 | . . . . . . . . 
     1 | . . . . . . . . 
     2 | . . . . . . . . 
     3 | . . 1 . . . . . 
     4 | . . . . . . . . 
     5 | . . . . . . . . 
     6 | . . 2 . . . . . 
     7 | 8 . . . . . . 7 
     8 | 8 . . . . . . 7 
     9 | 6 4 3 . . . . 5 
    10 | 6 . . . . . . 5 
    
    Boxes' corners:      (w,l)
        Box 1 is at 
            top left     (2,3)
            bottom right (2,3)
    
        Box 2 is at 
            top left     (2,6)
            bottom right (2,6)
    
        Box 3 is at 
            top left     (2,9)
            bottom right (2,9)
    
        Box 4 is at 
            top left     (1,9)
            bottom right (1,9)
    
        Box 5 is at 
            top left     (7,9)
            bottom right (7,10)
    
        Box 6 is at 
            top left     (0,9)
            bottom right (0,10)
    
        Box 7 is at 
            top left     (7,7)
            bottom right (7,8)
    
        Box 8 is at 
            top left     (0,7)
            bottom right (0,8)
    
        Roll length used: 11

    [1;34mTry max length:[0m 10
    [1;34m    At iteration:[0m 2
        lingeling found a solution in .069 ms

       | W
     L | 0 1 2 3 4 5 6 7 
    --------------------
     0 | . . . . . . . . 
     1 | . . 1 . . 2 . . 
     2 | . . . . . . . . 
     3 | . . . . . . . . 
     4 | . . . . . . . . 
     5 | . . . . . . . . 
     6 | 8 . . . . . . 7 
     7 | 8 . . 3 . . . 7 
     8 | 6 . 4 . . . . 5 
     9 | 6 . . . . . . 5 
    
    Boxes' corners:      (w,l)
        Box 1 is at 
            top left     (2,1)
            bottom right (2,1)
    
        Box 2 is at 
            top left     (5,1)
            bottom right (5,1)
    
        Box 3 is at 
            top left     (3,7)
            bottom right (3,7)
    
        Box 4 is at 
            top left     (2,8)
            bottom right (2,8)
    
        Box 5 is at 
            top left     (7,8)
            bottom right (7,9)
    
        Box 6 is at 
            top left     (0,8)
            bottom right (0,9)
    
        Box 7 is at 
            top left     (7,6)
            bottom right (7,7)
    
        Box 8 is at 
            top left     (0,6)
            bottom right (0,7)
    
        Roll length used: 10

    [1;34mTry max length:[0m 9
    [1;34m    At iteration:[0m 3
        lingeling found a solution in .062 ms

      | W
    L | 0 1 2 3 4 5 6 7 
    --------------------
    0 | . . . . . . . . 
    1 | . . . . . . . . 
    2 | . . . . . . . . 
    3 | . . . 1 . . . . 
    4 | . . . . . . . . 
    5 | 8 . . . . . . 7 
    6 | 8 . . 4 . . . 7 
    7 | 6 . . . . 3 . 5 
    8 | 6 . . . . 2 . 5 
    
    Boxes' corners:      (w,l)
        Box 1 is at 
            top left     (3,3)
            bottom right (3,3)
    
        Box 2 is at 
            top left     (5,8)
            bottom right (5,8)
    
        Box 3 is at 
            top left     (5,7)
            bottom right (5,7)
    
        Box 4 is at 
            top left     (3,6)
            bottom right (3,6)
    
        Box 5 is at 
            top left     (7,7)
            bottom right (7,8)
    
        Box 6 is at 
            top left     (0,7)
            bottom right (0,8)
    
        Box 7 is at 
            top left     (7,5)
            bottom right (7,6)
    
        Box 8 is at 
            top left     (0,5)
            bottom right (0,6)
    
        Roll length used: 9

    [1;34mTry max length:[0m 8
    [1;34m    At iteration:[0m 4
        lingeling found a solution in .054 ms

      | W
    L | 0 1 2 3 4 5 6 7 
    --------------------
    0 | 1 . . . . . . . 
    1 | . . . . . . . . 
    2 | . . . . . . . . 
    3 | . . . . . 3 . . 
    4 | 8 . . . . 2 . 7 
    5 | 8 . . . . . . 7 
    6 | 6 . . . . . . 5 
    7 | 6 . . . . . 4 5 
    
    Boxes' corners:      (w,l)
        Box 1 is at 
            top left     (0,0)
            bottom right (0,0)
    
        Box 2 is at 
            top left     (5,4)
            bottom right (5,4)
    
        Box 3 is at 
            top left     (5,3)
            bottom right (5,3)
    
        Box 4 is at 
            top left     (6,7)
            bottom right (6,7)
    
        Box 5 is at 
            top left     (7,6)
            bottom right (7,7)
    
        Box 6 is at 
            top left     (0,6)
            bottom right (0,7)
    
        Box 7 is at 
            top left     (7,4)
            bottom right (7,5)
    
        Box 8 is at 
            top left     (0,4)
            bottom right (0,5)
    
        Roll length used: 8

    [1;34mTry max length:[0m 7
    [1;34m    At iteration:[0m 5
        lingeling found a solution in .048 ms

      | W
    L | 0 1 2 3 4 5 6 7 
    --------------------
    0 | . . . . . . . 8 
    1 | . . . 1 . . . 8 
    2 | . . . . . . . . 
    3 | . . . . . . . 7 
    4 | . 4 . . . . . 7 
    5 | 6 . . . . 3 . 5 
    6 | 6 . . . . . 2 5 
    
    Boxes' corners:      (w,l)
        Box 1 is at 
            top left     (3,1)
            bottom right (3,1)
    
        Box 2 is at 
            top left     (6,6)
            bottom right (6,6)
    
        Box 3 is at 
            top left     (5,5)
            bottom right (5,5)
    
        Box 4 is at 
            top left     (1,4)
            bottom right (1,4)
    
        Box 5 is at 
            top left     (7,5)
            bottom right (7,6)
    
        Box 6 is at 
            top left     (0,5)
            bottom right (0,6)
    
        Box 7 is at 
            top left     (7,3)
            bottom right (7,4)
    
        Box 8 is at 
            top left     (7,0)
            bottom right (7,1)
    
        Roll length used: 7

    [1;34mTry max length:[0m 6
    [1;34m    At iteration:[0m 6
        lingeling found a solution in .040 ms

      | W
    L | 0 1 2 3 4 5 6 7 
    --------------------
    0 | 1 . . . . . . 8 
    1 | . . . . . . . 8 
    2 | . . . . 2 4 . 7 
    3 | . . . . . . . 7 
    4 | 6 . . . . . . 5 
    5 | 6 . . . . . 3 5 
    
    Boxes' corners:      (w,l)
        Box 1 is at 
            top left     (0,0)
            bottom right (0,0)
    
        Box 2 is at 
            top left     (4,2)
            bottom right (4,2)
    
        Box 3 is at 
            top left     (6,5)
            bottom right (6,5)
    
        Box 4 is at 
            top left     (5,2)
            bottom right (5,2)
    
        Box 5 is at 
            top left     (7,4)
            bottom right (7,5)
    
        Box 6 is at 
            top left     (0,4)
            bottom right (0,5)
    
        Box 7 is at 
            top left     (7,2)
            bottom right (7,3)
    
        Box 8 is at 
            top left     (7,0)
            bottom right (7,1)
    
        Roll length used: 6

    [1;34mTry max length:[0m 5
    [1;34m    At iteration:[0m 7
        lingeling found a solution in .033 ms

      | W
    L | 0 1 2 3 4 5 6 7 
    --------------------
    0 | . . 1 . . . . 6 
    1 | . . . . . . . 6 
    2 | . . . . . . 5 8 
    3 | 7 . . . . 2 5 8 
    4 | 7 . . . . 4 3 . 
    
    Boxes' corners:      (w,l)
        Box 1 is at 
            top left     (2,0)
            bottom right (2,0)
    
        Box 2 is at 
            top left     (5,3)
            bottom right (5,3)
    
        Box 3 is at 
            top left     (6,4)
            bottom right (6,4)
    
        Box 4 is at 
            top left     (5,4)
            bottom right (5,4)
    
        Box 5 is at 
            top left     (6,2)
            bottom right (6,3)
    
        Box 6 is at 
            top left     (7,0)
            bottom right (7,1)
    
        Box 7 is at 
            top left     (0,3)
            bottom right (0,4)
    
        Box 8 is at 
            top left     (7,2)
            bottom right (7,3)
    
        Roll length used: 5

    [1;34mTry max length:[0m 4
    [1;34m    At iteration:[0m 8
        lingeling found a solution in .024 ms

      | W
    L | 0 1 2 3 4 5 6 7 
    --------------------
    0 | 8 . . . . . . 7 
    1 | 8 . 1 . . . . 7 
    2 | 6 3 . . . 2 . 5 
    3 | 6 4 . . . . . 5 
    
    Boxes' corners:      (w,l)
        Box 1 is at 
            top left     (2,1)
            bottom right (2,1)
    
        Box 2 is at 
            top left     (5,2)
            bottom right (5,2)
    
        Box 3 is at 
            top left     (1,2)
            bottom right (1,2)
    
        Box 4 is at 
            top left     (1,3)
            bottom right (1,3)
    
        Box 5 is at 
            top left     (7,2)
            bottom right (7,3)
    
        Box 6 is at 
            top left     (0,2)
            bottom right (0,3)
    
        Box 7 is at 
            top left     (7,0)
            bottom right (7,1)
    
        Box 8 is at 
            top left     (0,0)
            bottom right (0,1)
    
        Roll length used: 4

    [1;34mTry max length:[0m 3
    [1;34m    At iteration:[0m 9
        lingeling found a solution in .024 ms

      | W
    L | 0 1 2 3 4 5 6 7 
    --------------------
    0 | 7 . . . . 6 . 5 
    1 | 7 . . 1 8 6 . 5 
    2 | . . . 4 8 . 3 2 
    
    Boxes' corners:      (w,l)
        Box 1 is at 
            top left     (3,1)
            bottom right (3,1)
    
        Box 2 is at 
            top left     (7,2)
            bottom right (7,2)
    
        Box 3 is at 
            top left     (6,2)
            bottom right (6,2)
    
        Box 4 is at 
            top left     (3,2)
            bottom right (3,2)
    
        Box 5 is at 
            top left     (7,0)
            bottom right (7,1)
    
        Box 6 is at 
            top left     (5,0)
            bottom right (5,1)
    
        Box 7 is at 
            top left     (0,0)
            bottom right (0,1)
    
        Box 8 is at 
            top left     (4,1)
            bottom right (4,2)
    
        Roll length used: 3

    [1;34mTry max length:[0m 2
    [1;34m    At iteration:[0m 10
        lingeling found a solution in .011 ms

      | W
    L | 0 1 2 3 4 5 6 7 
    --------------------
    0 | 1 . . . 7 8 5 6 
    1 | 2 3 . 4 7 8 5 6 
    
    Boxes' corners:      (w,l)
        Box 1 is at 
            top left     (0,0)
            bottom right (0,0)
    
        Box 2 is at 
            top left     (0,1)
            bottom right (0,1)
    
        Box 3 is at 
            top left     (1,1)
            bottom right (1,1)
    
        Box 4 is at 
            top left     (3,1)
            bottom right (3,1)
    
        Box 5 is at 
            top left     (6,0)
            bottom right (6,1)
    
        Box 6 is at 
            top left     (7,0)
            bottom right (7,1)
    
        Box 7 is at 
            top left     (4,0)
            bottom right (4,1)
    
        Box 8 is at 
            top left     (5,0)
            bottom right (5,1)
    
        Roll length used: 2

    [1;34mTry max length:[0m 1
    [1;34m    At iteration:[0m 11
        [3;31mlingeling determined unsatisfiability of the Boolean formula[0m
        [1;32mOptimality reached![0m
