Wed 6 Jun 09:27:00 CEST 2018
    [1;34mTry max length:[0m 999999
    [1;34m    At iteration:[0m 0
        lingeling found a solution in .330 ms

       | W
     L | 0 1 2 3 4 5 6 7 8 9 
    -------------------------
     0 | 1 1 1 1 2 2 2 2 . . 
     1 | 1 1 1 1 2 2 2 2 . . 
     2 | . . . . . . . . . . 
     3 | . . . . . . . . . . 
     4 | . . . . . . . . . . 
     5 | . . . . . . . . . . 
     6 | . . . . . . . . . . 
     7 | . . . . . . . . . . 
     8 | . . . . . . . . . . 
     9 | . . . . . . . . . . 
    10 | . . . . . . . . . . 
    11 | . . . . . . . . . . 
    12 | . . . . . . . . . . 
    13 | . . . . . . . . . . 
    14 | . . . . . . . . . . 
    15 | . . . . . . . . . . 
    16 | . . . . . . . . . . 
    17 | . . . . . . . . . . 
    18 | . . . . . . . . . . 
    19 | . . . . . . . . . . 
    20 | . . . . . . . . . . 
    21 | . . . . . . 6 6 6 6 
    22 | . . . . . . 6 6 6 6 
    23 | . . . . . . 4 4 4 4 
    24 | . . . . . . 4 4 4 4 
    25 | 3 3 3 3 . 9 5 5 5 5 
    26 | 3 3 3 3 8 7 5 5 5 5 
    
    Boxes' corners:      (w,l)
        Box 1 is at 
            top left     (0,0)
            bottom right (3,1)
    
        Box 2 is at 
            top left     (4,0)
            bottom right (7,1)
    
        Box 3 is at 
            top left     (0,25)
            bottom right (3,26)
    
        Box 4 is at 
            top left     (6,23)
            bottom right (9,24)
    
        Box 5 is at 
            top left     (6,25)
            bottom right (9,26)
    
        Box 6 is at 
            top left     (6,21)
            bottom right (9,22)
    
        Box 7 is at 
            top left     (5,26)
            bottom right (5,26)
    
        Box 8 is at 
            top left     (4,26)
            bottom right (4,26)
    
        Box 9 is at 
            top left     (5,25)
            bottom right (5,25)
    
        Roll length used: 27

    [1;34mTry max length:[0m 26
    [1;34m    At iteration:[0m 1
        lingeling found a solution in .311 ms

       | W
     L | 0 1 2 3 4 5 6 7 8 9 
    -------------------------
     0 | . 3 3 3 3 . . . . . 
     1 | . 3 3 3 3 . . . . . 
     2 | . . . . . . . . . . 
     3 | . . . . . . . . . . 
     4 | . . . 1 1 . . . . . 
     5 | . . . 1 1 . . . . . 
     6 | . . . 1 1 . . . . . 
     7 | . . . 1 1 . . . . . 
     8 | . . . . . . . . . . 
     9 | . . . . . . . . . . 
    10 | . . . . . . . . . . 
    11 | . . . . . . . . . . 
    12 | . . . . . . . . . . 
    13 | . . . . . . . . . . 
    14 | . . . . . . . . . . 
    15 | . . . . . . . . . . 
    16 | . . . . . . . . . . 
    17 | 5 5 5 5 . . . . . . 
    18 | 5 5 5 5 . . . . . . 
    19 | . . . . . . . . . . 
    20 | . . . . . . . . . . 
    21 | . . . . . . . . . . 
    22 | . . 6 6 6 6 . . . . 
    23 | . . 6 6 6 6 . . . . 
    24 | . 2 2 2 2 9 4 4 4 4 
    25 | 8 2 2 2 2 7 4 4 4 4 
    
    Boxes' corners:      (w,l)
        Box 1 is at 
            top left     (3,4)
            bottom right (4,7)
    
        Box 2 is at 
            top left     (1,24)
            bottom right (4,25)
    
        Box 3 is at 
            top left     (1,0)
            bottom right (4,1)
    
        Box 4 is at 
            top left     (6,24)
            bottom right (9,25)
    
        Box 5 is at 
            top left     (0,17)
            bottom right (3,18)
    
        Box 6 is at 
            top left     (2,22)
            bottom right (5,23)
    
        Box 7 is at 
            top left     (5,25)
            bottom right (5,25)
    
        Box 8 is at 
            top left     (0,25)
            bottom right (0,25)
    
        Box 9 is at 
            top left     (5,24)
            bottom right (5,24)
    
        Roll length used: 26

    [1;34mTry max length:[0m 25
    [1;34m    At iteration:[0m 2
        lingeling found a solution in .288 ms

       | W
     L | 0 1 2 3 4 5 6 7 8 9 
    -------------------------
     0 | . 4 4 4 4 . 5 5 5 5 
     1 | . 4 4 4 4 . 5 5 5 5 
     2 | . . . . . . . . . . 
     3 | . . . 3 3 3 3 . . . 
     4 | . . . 3 3 3 3 . . . 
     5 | . . . . . . . . . . 
     6 | . . . . . . . . . . 
     7 | . . . . . . . . . . 
     8 | . . . . . . . . . . 
     9 | . . . . . . . . . . 
    10 | . . . . . . . . . . 
    11 | . . . . . . . . . . 
    12 | . . . 1 1 1 1 . . . 
    13 | . . . 1 1 1 1 . . . 
    14 | . . . . . . . . . . 
    15 | . . . . . . . . . . 
    16 | . . . . . . . . . . 
    17 | . . . . . . . . . . 
    18 | . . . . . . . . . . 
    19 | . . . . . . . . . . 
    20 | . . . . . . . . . . 
    21 | . . . . . . . . . . 
    22 | . . . . . . . . . . 
    23 | 2 2 2 2 . 9 6 6 6 6 
    24 | 2 2 2 2 8 7 6 6 6 6 
    
    Boxes' corners:      (w,l)
        Box 1 is at 
            top left     (3,12)
            bottom right (6,13)
    
        Box 2 is at 
            top left     (0,23)
            bottom right (3,24)
    
        Box 3 is at 
            top left     (3,3)
            bottom right (6,4)
    
        Box 4 is at 
            top left     (1,0)
            bottom right (4,1)
    
        Box 5 is at 
            top left     (6,0)
            bottom right (9,1)
    
        Box 6 is at 
            top left     (6,23)
            bottom right (9,24)
    
        Box 7 is at 
            top left     (5,24)
            bottom right (5,24)
    
        Box 8 is at 
            top left     (4,24)
            bottom right (4,24)
    
        Box 9 is at 
            top left     (5,23)
            bottom right (5,23)
    
        Roll length used: 25

    [1;34mTry max length:[0m 24
    [1;34m    At iteration:[0m 3
        lingeling found a solution in .261 ms

       | W
     L | 0 1 2 3 4 5 6 7 8 9 
    -------------------------
     0 | 2 2 2 2 1 1 1 1 . . 
     1 | 2 2 2 2 1 1 1 1 . . 
     2 | . . . . . . . . . . 
     3 | . . . . . . . . . . 
     4 | . . . . . . . . . . 
     5 | . . . . . . . . . . 
     6 | . . . . . . . . . . 
     7 | . . . . . . . . . . 
     8 | . . . . . 3 3 3 3 . 
     9 | . . . . . 3 3 3 3 . 
    10 | . . . . . . . . . . 
    11 | . . . . . . . . . . 
    12 | . . . . . . . . . . 
    13 | 6 6 6 6 . . . . . . 
    14 | 6 6 6 6 . . . . . . 
    15 | . . . . . . . . . . 
    16 | . . . . . . . . . . 
    17 | . . . . . . . . . . 
    18 | . . . . . . . . . . 
    19 | 4 4 4 4 . . . . . . 
    20 | 4 4 4 4 . . . . . . 
    21 | . . . . . . 5 5 5 5 
    22 | . . . . . . 5 5 5 5 
    23 | . . . . . . 9 8 7 . 
    
    Boxes' corners:      (w,l)
        Box 1 is at 
            top left     (4,0)
            bottom right (7,1)
    
        Box 2 is at 
            top left     (0,0)
            bottom right (3,1)
    
        Box 3 is at 
            top left     (5,8)
            bottom right (8,9)
    
        Box 4 is at 
            top left     (0,19)
            bottom right (3,20)
    
        Box 5 is at 
            top left     (6,21)
            bottom right (9,22)
    
        Box 6 is at 
            top left     (0,13)
            bottom right (3,14)
    
        Box 7 is at 
            top left     (8,23)
            bottom right (8,23)
    
        Box 8 is at 
            top left     (7,23)
            bottom right (7,23)
    
        Box 9 is at 
            top left     (6,23)
            bottom right (6,23)
    
        Roll length used: 24

    [1;34mTry max length:[0m 23
    [1;34m    At iteration:[0m 4
        lingeling found a solution in .264 ms

       | W
     L | 0 1 2 3 4 5 6 7 8 9 
    -------------------------
     0 | 2 2 2 2 . . 3 3 3 3 
     1 | 2 2 2 2 . . 3 3 3 3 
     2 | . . . . . . . . . . 
     3 | . . . 1 1 5 5 5 5 . 
     4 | . . . 1 1 5 5 5 5 . 
     5 | . . . 1 1 . . . . . 
     6 | . . . 1 1 . . . . . 
     7 | . . . . . . . . . . 
     8 | . . . . . . . . . . 
     9 | . . . . . . . . . . 
    10 | . . . . 6 6 6 6 . . 
    11 | . . . . 6 6 6 6 . . 
    12 | . . . . . . . . . . 
    13 | . . . . . . . . . . 
    14 | . . . . . . . . . . 
    15 | . . . . . . . . . . 
    16 | . . . . . . . . . . 
    17 | . . . . . . . . . . 
    18 | . . . . . . . . . . 
    19 | . . . . . . . . . . 
    20 | . . . . . . . . . . 
    21 | . . 4 4 4 4 . . . . 
    22 | . . 4 4 4 4 . 9 8 7 
    
    Boxes' corners:      (w,l)
        Box 1 is at 
            top left     (3,3)
            bottom right (4,6)
    
        Box 2 is at 
            top left     (0,0)
            bottom right (3,1)
    
        Box 3 is at 
            top left     (6,0)
            bottom right (9,1)
    
        Box 4 is at 
            top left     (2,21)
            bottom right (5,22)
    
        Box 5 is at 
            top left     (5,3)
            bottom right (8,4)
    
        Box 6 is at 
            top left     (4,10)
            bottom right (7,11)
    
        Box 7 is at 
            top left     (9,22)
            bottom right (9,22)
    
        Box 8 is at 
            top left     (8,22)
            bottom right (8,22)
    
        Box 9 is at 
            top left     (7,22)
            bottom right (7,22)
    
        Roll length used: 23

    [1;34mTry max length:[0m 22
    [1;34m    At iteration:[0m 5
        lingeling found a solution in .227 ms

       | W
     L | 0 1 2 3 4 5 6 7 8 9 
    -------------------------
     0 | . 5 5 5 5 . 6 6 6 6 
     1 | . 5 5 5 5 . 6 6 6 6 
     2 | . . . . . . . . . . 
     3 | . . . . . . 4 4 4 4 
     4 | . . . . . . 4 4 4 4 
     5 | . . . . . 2 2 2 2 . 
     6 | . . . . . 2 2 2 2 . 
     7 | . . . 1 1 . . . . . 
     8 | . . . 1 1 . . . . . 
     9 | . . . 1 1 . . . . . 
    10 | . . . 1 1 . . . . . 
    11 | . . . . . . . . . . 
    12 | . . . . . . . . . . 
    13 | . . . . . . . . . . 
    14 | . . . . . . . . . . 
    15 | . . . . . . . . . . 
    16 | . . . . . . . . . . 
    17 | . . . . . . . . . . 
    18 | . . . . . . . . . . 
    19 | . . . . . . . . . . 
    20 | 3 3 3 3 . 9 . . . . 
    21 | 3 3 3 3 8 7 . . . . 
    
    Boxes' corners:      (w,l)
        Box 1 is at 
            top left     (3,7)
            bottom right (4,10)
    
        Box 2 is at 
            top left     (5,5)
            bottom right (8,6)
    
        Box 3 is at 
            top left     (0,20)
            bottom right (3,21)
    
        Box 4 is at 
            top left     (6,3)
            bottom right (9,4)
    
        Box 5 is at 
            top left     (1,0)
            bottom right (4,1)
    
        Box 6 is at 
            top left     (6,0)
            bottom right (9,1)
    
        Box 7 is at 
            top left     (5,21)
            bottom right (5,21)
    
        Box 8 is at 
            top left     (4,21)
            bottom right (4,21)
    
        Box 9 is at 
            top left     (5,20)
            bottom right (5,20)
    
        Roll length used: 22

    [1;34mTry max length:[0m 21
    [1;34m    At iteration:[0m 6
        lingeling found a solution in .217 ms

       | W
     L | 0 1 2 3 4 5 6 7 8 9 
    -------------------------
     0 | 3 3 1 1 1 1 5 5 5 5 
     1 | 3 3 1 1 1 1 5 5 5 5 
     2 | 3 3 . . . . . 4 4 . 
     3 | 3 3 . . . . . 4 4 . 
     4 | . . . . . . . 4 4 . 
     5 | . . . . . . . 4 4 . 
     6 | . . . . . . . . . . 
     7 | . . . . . . . . . . 
     8 | . . . . . . . . . . 
     9 | . . . . . . . . . . 
    10 | . . . . . . . . . . 
    11 | . . . . . . . . . . 
    12 | . . . . . . . . . . 
    13 | . . . . . . . . . . 
    14 | . . . . . . . . . . 
    15 | . . . . . . . . . . 
    16 | . . . . . . . . . . 
    17 | . . . . . . . . . . 
    18 | . . . . . . . . . . 
    19 | 2 2 2 2 . 9 6 6 6 6 
    20 | 2 2 2 2 8 7 6 6 6 6 
    
    Boxes' corners:      (w,l)
        Box 1 is at 
            top left     (2,0)
            bottom right (5,1)
    
        Box 2 is at 
            top left     (0,19)
            bottom right (3,20)
    
        Box 3 is at 
            top left     (0,0)
            bottom right (1,3)
    
        Box 4 is at 
            top left     (7,2)
            bottom right (8,5)
    
        Box 5 is at 
            top left     (6,0)
            bottom right (9,1)
    
        Box 6 is at 
            top left     (6,19)
            bottom right (9,20)
    
        Box 7 is at 
            top left     (5,20)
            bottom right (5,20)
    
        Box 8 is at 
            top left     (4,20)
            bottom right (4,20)
    
        Box 9 is at 
            top left     (5,19)
            bottom right (5,19)
    
        Roll length used: 21

    [1;34mTry max length:[0m 20
    [1;34m    At iteration:[0m 7
        lingeling found a solution in .201 ms

       | W
     L | 0 1 2 3 4 5 6 7 8 9 
    -------------------------
     0 | 3 3 3 3 2 2 2 2 . . 
     1 | 3 3 3 3 2 2 2 2 . . 
     2 | . . . 1 1 . . . . . 
     3 | . . . 1 1 . . . . . 
     4 | . . . 1 1 . . . . . 
     5 | . . . 1 1 . . . . . 
     6 | . . 5 5 5 5 . . . . 
     7 | . . 5 5 5 5 . . . . 
     8 | . . . . . . . . . . 
     9 | . . . . . . . . . . 
    10 | . . . . . . . . . . 
    11 | . . . . . . . . . . 
    12 | . . . . . . 4 4 4 4 
    13 | . . . . . . 4 4 4 4 
    14 | . . . . . . . . . . 
    15 | . . . . . . . . . . 
    16 | . . . . . . . . . . 
    17 | . . . . . . . . . . 
    18 | . . . . . 9 6 6 6 6 
    19 | 8 7 . . . . 6 6 6 6 
    
    Boxes' corners:      (w,l)
        Box 1 is at 
            top left     (3,2)
            bottom right (4,5)
    
        Box 2 is at 
            top left     (4,0)
            bottom right (7,1)
    
        Box 3 is at 
            top left     (0,0)
            bottom right (3,1)
    
        Box 4 is at 
            top left     (6,12)
            bottom right (9,13)
    
        Box 5 is at 
            top left     (2,6)
            bottom right (5,7)
    
        Box 6 is at 
            top left     (6,18)
            bottom right (9,19)
    
        Box 7 is at 
            top left     (1,19)
            bottom right (1,19)
    
        Box 8 is at 
            top left     (0,19)
            bottom right (0,19)
    
        Box 9 is at 
            top left     (5,18)
            bottom right (5,18)
    
        Roll length used: 20

    [1;34mTry max length:[0m 19
    [1;34m    At iteration:[0m 8
        lingeling found a solution in .185 ms

       | W
     L | 0 1 2 3 4 5 6 7 8 9 
    -------------------------
     0 | 2 2 2 2 . 3 3 3 3 . 
     1 | 2 2 2 2 . 3 3 3 3 . 
     2 | . . . . . . . . . . 
     3 | . . . . . . . . . . 
     4 | . . . . . . . . . . 
     5 | . . . . . . . . . . 
     6 | . . . . . . . . . . 
     7 | . . . . . . . . . . 
     8 | . . . . . . . . . . 
     9 | . . . . 1 1 1 1 . . 
    10 | . . . . 1 1 1 1 . . 
    11 | . . . . . . . . . . 
    12 | . . . . . . . . . . 
    13 | . . . . . . . . . . 
    14 | . . . . . . . . . . 
    15 | 4 4 4 4 . . 5 5 5 5 
    16 | 4 4 4 4 . . 5 5 5 5 
    17 | 6 6 6 6 . . . . . . 
    18 | 6 6 6 6 . . . 9 8 7 
    
    Boxes' corners:      (w,l)
        Box 1 is at 
            top left     (4,9)
            bottom right (7,10)
    
        Box 2 is at 
            top left     (0,0)
            bottom right (3,1)
    
        Box 3 is at 
            top left     (5,0)
            bottom right (8,1)
    
        Box 4 is at 
            top left     (0,15)
            bottom right (3,16)
    
        Box 5 is at 
            top left     (6,15)
            bottom right (9,16)
    
        Box 6 is at 
            top left     (0,17)
            bottom right (3,18)
    
        Box 7 is at 
            top left     (9,18)
            bottom right (9,18)
    
        Box 8 is at 
            top left     (8,18)
            bottom right (8,18)
    
        Box 9 is at 
            top left     (7,18)
            bottom right (7,18)
    
        Roll length used: 19

    [1;34mTry max length:[0m 18
    [1;34m    At iteration:[0m 9
        lingeling found a solution in .170 ms

       | W
     L | 0 1 2 3 4 5 6 7 8 9 
    -------------------------
     0 | 2 2 2 2 3 3 3 3 . . 
     1 | 2 2 2 2 3 3 3 3 . . 
     2 | . . . 1 1 . . . . . 
     3 | . . . 1 1 . . . . . 
     4 | . . . 1 1 . . . . . 
     5 | . . . 1 1 . . . . . 
     6 | . 5 5 5 5 . . . . . 
     7 | . 5 5 5 5 . . . . . 
     8 | . . . . . . . . . . 
     9 | . . . . . . . . . . 
    10 | . . . . . . . . . . 
    11 | . . . . . . . . . . 
    12 | 6 6 6 6 . . . . . . 
    13 | 6 6 6 6 . . . . . . 
    14 | . . . . . . . . . . 
    15 | . . . . . . . . . . 
    16 | . 4 4 4 4 . . . . . 
    17 | . 4 4 4 4 . . 9 8 7 
    
    Boxes' corners:      (w,l)
        Box 1 is at 
            top left     (3,2)
            bottom right (4,5)
    
        Box 2 is at 
            top left     (0,0)
            bottom right (3,1)
    
        Box 3 is at 
            top left     (4,0)
            bottom right (7,1)
    
        Box 4 is at 
            top left     (1,16)
            bottom right (4,17)
    
        Box 5 is at 
            top left     (1,6)
            bottom right (4,7)
    
        Box 6 is at 
            top left     (0,12)
            bottom right (3,13)
    
        Box 7 is at 
            top left     (9,17)
            bottom right (9,17)
    
        Box 8 is at 
            top left     (8,17)
            bottom right (8,17)
    
        Box 9 is at 
            top left     (7,17)
            bottom right (7,17)
    
        Roll length used: 18

    [1;34mTry max length:[0m 17
    [1;34m    At iteration:[0m 10
        lingeling found a solution in .158 ms

       | W
     L | 0 1 2 3 4 5 6 7 8 9 
    -------------------------
     0 | . 5 5 5 5 . 3 3 3 3 
     1 | . 5 5 5 5 . 3 3 3 3 
     2 | . . . . . . . . . . 
     3 | . . . . . . . . . . 
     4 | . . . . . . . . . . 
     5 | . . . . . . . . . . 
     6 | . . . . . . . . . . 
     7 | . . . . . . . . . . 
     8 | . . . 1 1 1 1 . . . 
     9 | . . . 1 1 1 1 . . . 
    10 | . . . . . . . . . . 
    11 | . . . . . . . . . . 
    12 | 6 6 6 6 . . . . . . 
    13 | 6 6 6 6 . . . . . . 
    14 | . . . . . . . . . . 
    15 | 4 4 4 4 . 2 2 2 2 9 
    16 | 4 4 4 4 8 2 2 2 2 7 
    
    Boxes' corners:      (w,l)
        Box 1 is at 
            top left     (3,8)
            bottom right (6,9)
    
        Box 2 is at 
            top left     (5,15)
            bottom right (8,16)
    
        Box 3 is at 
            top left     (6,0)
            bottom right (9,1)
    
        Box 4 is at 
            top left     (0,15)
            bottom right (3,16)
    
        Box 5 is at 
            top left     (1,0)
            bottom right (4,1)
    
        Box 6 is at 
            top left     (0,12)
            bottom right (3,13)
    
        Box 7 is at 
            top left     (9,16)
            bottom right (9,16)
    
        Box 8 is at 
            top left     (4,16)
            bottom right (4,16)
    
        Box 9 is at 
            top left     (9,15)
            bottom right (9,15)
    
        Roll length used: 17

    [1;34mTry max length:[0m 16
    [1;34m    At iteration:[0m 11
        lingeling found a solution in .151 ms

       | W
     L | 0 1 2 3 4 5 6 7 8 9 
    -------------------------
     0 | 2 2 2 2 4 4 4 4 . . 
     1 | 2 2 2 2 4 4 4 4 . . 
     2 | . . . . . . . . . . 
     3 | . . . . . . . . . . 
     4 | . . . . . . . . . . 
     5 | . . . . . . . . . . 
     6 | . . . . . . . . . . 
     7 | . . . 1 1 1 1 . . . 
     8 | . . . 1 1 1 1 . . . 
     9 | . . . . . . . . . . 
    10 | . . . . . . . . . . 
    11 | . . . . . . . . . . 
    12 | . . 6 6 6 6 . . . . 
    13 | . . 6 6 6 6 . . . . 
    14 | 5 5 5 5 3 3 3 3 . 9 
    15 | 5 5 5 5 3 3 3 3 8 7 
    
    Boxes' corners:      (w,l)
        Box 1 is at 
            top left     (3,7)
            bottom right (6,8)
    
        Box 2 is at 
            top left     (0,0)
            bottom right (3,1)
    
        Box 3 is at 
            top left     (4,14)
            bottom right (7,15)
    
        Box 4 is at 
            top left     (4,0)
            bottom right (7,1)
    
        Box 5 is at 
            top left     (0,14)
            bottom right (3,15)
    
        Box 6 is at 
            top left     (2,12)
            bottom right (5,13)
    
        Box 7 is at 
            top left     (9,15)
            bottom right (9,15)
    
        Box 8 is at 
            top left     (8,15)
            bottom right (8,15)
    
        Box 9 is at 
            top left     (9,14)
            bottom right (9,14)
    
        Roll length used: 16

    [1;34mTry max length:[0m 15
    [1;34m    At iteration:[0m 12
        lingeling found a solution in .140 ms

       | W
     L | 0 1 2 3 4 5 6 7 8 9 
    -------------------------
     0 | . 2 2 2 2 5 5 5 5 . 
     1 | . 2 2 2 2 5 5 5 5 . 
     2 | . . . . . . . . . . 
     3 | . . . . . . . . . . 
     4 | . . 1 1 . . . . . . 
     5 | . . 1 1 . . . . . . 
     6 | . . 1 1 3 3 3 3 . . 
     7 | . . 1 1 3 3 3 3 . . 
     8 | . . . . . . . . . . 
     9 | . . . . . . . . . . 
    10 | . . . . . . . . . . 
    11 | 6 6 6 6 . . . . . . 
    12 | 6 6 6 6 . . . . . . 
    13 | . . 4 4 4 4 . . . . 
    14 | . . 4 4 4 4 . 9 8 7 
    
    Boxes' corners:      (w,l)
        Box 1 is at 
            top left     (2,4)
            bottom right (3,7)
    
        Box 2 is at 
            top left     (1,0)
            bottom right (4,1)
    
        Box 3 is at 
            top left     (4,6)
            bottom right (7,7)
    
        Box 4 is at 
            top left     (2,13)
            bottom right (5,14)
    
        Box 5 is at 
            top left     (5,0)
            bottom right (8,1)
    
        Box 6 is at 
            top left     (0,11)
            bottom right (3,12)
    
        Box 7 is at 
            top left     (9,14)
            bottom right (9,14)
    
        Box 8 is at 
            top left     (8,14)
            bottom right (8,14)
    
        Box 9 is at 
            top left     (7,14)
            bottom right (7,14)
    
        Roll length used: 15

    [1;34mTry max length:[0m 14
    [1;34m    At iteration:[0m 13
        lingeling found a solution in .137 ms

       | W
     L | 0 1 2 3 4 5 6 7 8 9 
    -------------------------
     0 | 2 2 2 2 . 5 5 5 5 . 
     1 | 2 2 2 2 . 5 5 5 5 . 
     2 | . . . . . . . . . . 
     3 | . . . . . . . . . . 
     4 | . . . . . . . . . . 
     5 | . . . . . . . . . . 
     6 | . . . . 1 1 1 1 . . 
     7 | . . . . 1 1 1 1 . . 
     8 | . . . . . . . . . . 
     9 | . . . . . . . . . . 
    10 | 6 6 6 6 . . . . . . 
    11 | 6 6 6 6 . . 4 4 4 4 
    12 | . 3 3 3 3 . 4 4 4 4 
    13 | . 3 3 3 3 . . 9 8 7 
    
    Boxes' corners:      (w,l)
        Box 1 is at 
            top left     (4,6)
            bottom right (7,7)
    
        Box 2 is at 
            top left     (0,0)
            bottom right (3,1)
    
        Box 3 is at 
            top left     (1,12)
            bottom right (4,13)
    
        Box 4 is at 
            top left     (6,11)
            bottom right (9,12)
    
        Box 5 is at 
            top left     (5,0)
            bottom right (8,1)
    
        Box 6 is at 
            top left     (0,10)
            bottom right (3,11)
    
        Box 7 is at 
            top left     (9,13)
            bottom right (9,13)
    
        Box 8 is at 
            top left     (8,13)
            bottom right (8,13)
    
        Box 9 is at 
            top left     (7,13)
            bottom right (7,13)
    
        Roll length used: 14

    [1;34mTry max length:[0m 13
    [1;34m    At iteration:[0m 14
        lingeling found a solution in .121 ms

       | W
     L | 0 1 2 3 4 5 6 7 8 9 
    -------------------------
     0 | 6 6 6 6 3 3 3 3 . . 
     1 | 6 6 6 6 3 3 3 3 . . 
     2 | . 1 1 1 1 . . . . . 
     3 | . 1 1 1 1 . . . . . 
     4 | . . . . . . . . . . 
     5 | . . . . . . . . . . 
     6 | . . . . . . . . . . 
     7 | . . . . . . . . . . 
     8 | . . 2 2 2 2 . . . . 
     9 | . . 2 2 2 2 . . . . 
    10 | . 9 . . . . . . 8 7 
    11 | 4 4 4 4 5 5 5 5 . . 
    12 | 4 4 4 4 5 5 5 5 . . 
    
    Boxes' corners:      (w,l)
        Box 1 is at 
            top left     (1,2)
            bottom right (4,3)
    
        Box 2 is at 
            top left     (2,8)
            bottom right (5,9)
    
        Box 3 is at 
            top left     (4,0)
            bottom right (7,1)
    
        Box 4 is at 
            top left     (0,11)
            bottom right (3,12)
    
        Box 5 is at 
            top left     (4,11)
            bottom right (7,12)
    
        Box 6 is at 
            top left     (0,0)
            bottom right (3,1)
    
        Box 7 is at 
            top left     (9,10)
            bottom right (9,10)
    
        Box 8 is at 
            top left     (8,10)
            bottom right (8,10)
    
        Box 9 is at 
            top left     (1,10)
            bottom right (1,10)
    
        Roll length used: 13

    [1;34mTry max length:[0m 12
    [1;34m    At iteration:[0m 15
        lingeling found a solution in .110 ms

       | W
     L | 0 1 2 3 4 5 6 7 8 9 
    -------------------------
     0 | 3 3 3 3 4 4 4 4 . . 
     1 | 3 3 3 3 4 4 4 4 . . 
     2 | . . . . . . . . . . 
     3 | . . . . . . . . . . 
     4 | 1 1 . . . . . . . . 
     5 | 1 1 2 2 2 2 . . . . 
     6 | 1 1 2 2 2 2 . . . . 
     7 | 1 1 . . . . . . . . 
     8 | . . . . . . . . . . 
     9 | 9 . . . . . . . . . 
    10 | . . 5 5 5 5 6 6 6 6 
    11 | 8 7 5 5 5 5 6 6 6 6 
    
    Boxes' corners:      (w,l)
        Box 1 is at 
            top left     (0,4)
            bottom right (1,7)
    
        Box 2 is at 
            top left     (2,5)
            bottom right (5,6)
    
        Box 3 is at 
            top left     (0,0)
            bottom right (3,1)
    
        Box 4 is at 
            top left     (4,0)
            bottom right (7,1)
    
        Box 5 is at 
            top left     (2,10)
            bottom right (5,11)
    
        Box 6 is at 
            top left     (6,10)
            bottom right (9,11)
    
        Box 7 is at 
            top left     (1,11)
            bottom right (1,11)
    
        Box 8 is at 
            top left     (0,11)
            bottom right (0,11)
    
        Box 9 is at 
            top left     (0,9)
            bottom right (0,9)
    
        Roll length used: 12

    [1;34mTry max length:[0m 11
    [1;34m    At iteration:[0m 16
        lingeling found a solution in .097 ms

       | W
     L | 0 1 2 3 4 5 6 7 8 9 
    -------------------------
     0 | 6 6 6 6 . 5 5 5 5 . 
     1 | 6 6 6 6 . 5 5 5 5 . 
     2 | . . . . . . . . . . 
     3 | . . . . . . . . . . 
     4 | 1 1 1 1 . . . . . . 
     5 | 1 1 1 1 . . . . . . 
     6 | 3 3 3 3 . . . . . . 
     7 | 3 3 3 3 . . . . 8 7 
     8 | 9 . . . . . 2 2 2 2 
     9 | 4 4 4 4 . . 2 2 2 2 
    10 | 4 4 4 4 . . . . . . 
    
    Boxes' corners:      (w,l)
        Box 1 is at 
            top left     (0,4)
            bottom right (3,5)
    
        Box 2 is at 
            top left     (6,8)
            bottom right (9,9)
    
        Box 3 is at 
            top left     (0,6)
            bottom right (3,7)
    
        Box 4 is at 
            top left     (0,9)
            bottom right (3,10)
    
        Box 5 is at 
            top left     (5,0)
            bottom right (8,1)
    
        Box 6 is at 
            top left     (0,0)
            bottom right (3,1)
    
        Box 7 is at 
            top left     (9,7)
            bottom right (9,7)
    
        Box 8 is at 
            top left     (8,7)
            bottom right (8,7)
    
        Box 9 is at 
            top left     (0,8)
            bottom right (0,8)
    
        Roll length used: 11

    [1;34mTry max length:[0m 10
    [1;34m    At iteration:[0m 17
        lingeling found a solution in .087 ms

       | W
     L | 0 1 2 3 4 5 6 7 8 9 
    -------------------------
     0 | 2 2 2 2 . . . . . . 
     1 | 2 2 2 2 . . . . . . 
     2 | . . . 1 1 . . . . . 
     3 | . . . 1 1 . . . 4 4 
     4 | . . . 1 1 . . . 4 4 
     5 | . . . 1 1 . . . 4 4 
     6 | 6 6 . 3 3 5 5 . 4 4 
     7 | 6 6 . 3 3 5 5 . . . 
     8 | 6 6 . 3 3 5 5 8 . . 
     9 | 6 6 9 3 3 5 5 7 . . 
    
    Boxes' corners:      (w,l)
        Box 1 is at 
            top left     (3,2)
            bottom right (4,5)
    
        Box 2 is at 
            top left     (0,0)
            bottom right (3,1)
    
        Box 3 is at 
            top left     (3,6)
            bottom right (4,9)
    
        Box 4 is at 
            top left     (8,3)
            bottom right (9,6)
    
        Box 5 is at 
            top left     (5,6)
            bottom right (6,9)
    
        Box 6 is at 
            top left     (0,6)
            bottom right (1,9)
    
        Box 7 is at 
            top left     (7,9)
            bottom right (7,9)
    
        Box 8 is at 
            top left     (7,8)
            bottom right (7,8)
    
        Box 9 is at 
            top left     (2,9)
            bottom right (2,9)
    
        Roll length used: 10

    [1;34mTry max length:[0m 9
    [1;34m    At iteration:[0m 18
        lingeling found a solution in .083 ms

      | W
    L | 0 1 2 3 4 5 6 7 8 9 
    -------------------------
    0 | 2 2 . . . . . . . . 
    1 | 2 2 . . . . . . 5 5 
    2 | 2 2 . . . . . . 5 5 
    3 | 2 2 . 1 1 . . . 5 5 
    4 | . . . 1 1 . . . 5 5 
    5 | . . . 1 1 . . 9 6 6 
    6 | . . . 1 1 . 8 7 6 6 
    7 | 4 4 4 4 3 3 3 3 6 6 
    8 | 4 4 4 4 3 3 3 3 6 6 
    
    Boxes' corners:      (w,l)
        Box 1 is at 
            top left     (3,3)
            bottom right (4,6)
    
        Box 2 is at 
            top left     (0,0)
            bottom right (1,3)
    
        Box 3 is at 
            top left     (4,7)
            bottom right (7,8)
    
        Box 4 is at 
            top left     (0,7)
            bottom right (3,8)
    
        Box 5 is at 
            top left     (8,1)
            bottom right (9,4)
    
        Box 6 is at 
            top left     (8,5)
            bottom right (9,8)
    
        Box 7 is at 
            top left     (7,6)
            bottom right (7,6)
    
        Box 8 is at 
            top left     (6,6)
            bottom right (6,6)
    
        Box 9 is at 
            top left     (7,5)
            bottom right (7,5)
    
        Roll length used: 9

    [1;34mTry max length:[0m 8
    [1;34m    At iteration:[0m 19
        lingeling found a solution in .070 ms

      | W
    L | 0 1 2 3 4 5 6 7 8 9 
    -------------------------
    0 | 5 5 . . . . . . 2 2 
    1 | 5 5 . . . . . . 2 2 
    2 | 5 5 4 4 . . . . 2 2 
    3 | 5 5 4 4 1 1 . . 2 2 
    4 | 6 6 4 4 1 1 . . 3 3 
    5 | 6 6 4 4 1 1 . . 3 3 
    6 | 6 6 . . 1 1 . . 3 3 
    7 | 6 6 8 . . . 9 7 3 3 
    
    Boxes' corners:      (w,l)
        Box 1 is at 
            top left     (4,3)
            bottom right (5,6)
    
        Box 2 is at 
            top left     (8,0)
            bottom right (9,3)
    
        Box 3 is at 
            top left     (8,4)
            bottom right (9,7)
    
        Box 4 is at 
            top left     (2,2)
            bottom right (3,5)
    
        Box 5 is at 
            top left     (0,0)
            bottom right (1,3)
    
        Box 6 is at 
            top left     (0,4)
            bottom right (1,7)
    
        Box 7 is at 
            top left     (7,7)
            bottom right (7,7)
    
        Box 8 is at 
            top left     (2,7)
            bottom right (2,7)
    
        Box 9 is at 
            top left     (6,7)
            bottom right (6,7)
    
        Roll length used: 8

    [1;34mTry max length:[0m 7
    [1;34m    At iteration:[0m 20
        lingeling found a solution in .064 ms

      | W
    L | 0 1 2 3 4 5 6 7 8 9 
    -------------------------
    0 | . . . . . . 2 2 2 2 
    1 | 1 1 . . 6 6 2 2 2 2 
    2 | 1 1 5 5 6 6 8 . 3 3 
    3 | 1 1 5 5 6 6 4 4 3 3 
    4 | 1 1 5 5 6 6 4 4 3 3 
    5 | . . 5 5 . . 4 4 3 3 
    6 | . . . . . . 4 4 9 7 
    
    Boxes' corners:      (w,l)
        Box 1 is at 
            top left     (0,1)
            bottom right (1,4)
    
        Box 2 is at 
            top left     (6,0)
            bottom right (9,1)
    
        Box 3 is at 
            top left     (8,2)
            bottom right (9,5)
    
        Box 4 is at 
            top left     (6,3)
            bottom right (7,6)
    
        Box 5 is at 
            top left     (2,2)
            bottom right (3,5)
    
        Box 6 is at 
            top left     (4,1)
            bottom right (5,4)
    
        Box 7 is at 
            top left     (9,6)
            bottom right (9,6)
    
        Box 8 is at 
            top left     (6,2)
            bottom right (6,2)
    
        Box 9 is at 
            top left     (8,6)
            bottom right (8,6)
    
        Roll length used: 7

    [1;34mTry max length:[0m 6
    [1;34m    At iteration:[0m 21
        lingeling found a solution in .053 ms

      | W
    L | 0 1 2 3 4 5 6 7 8 9 
    -------------------------
    0 | 1 1 5 5 8 . . . . . 
    1 | 1 1 5 5 9 7 . . 2 2 
    2 | 1 1 5 5 3 3 4 4 2 2 
    3 | 1 1 5 5 3 3 4 4 2 2 
    4 | 6 6 6 6 3 3 4 4 2 2 
    5 | 6 6 6 6 3 3 4 4 . . 
    
    Boxes' corners:      (w,l)
        Box 1 is at 
            top left     (0,0)
            bottom right (1,3)
    
        Box 2 is at 
            top left     (8,1)
            bottom right (9,4)
    
        Box 3 is at 
            top left     (4,2)
            bottom right (5,5)
    
        Box 4 is at 
            top left     (6,2)
            bottom right (7,5)
    
        Box 5 is at 
            top left     (2,0)
            bottom right (3,3)
    
        Box 6 is at 
            top left     (0,4)
            bottom right (3,5)
    
        Box 7 is at 
            top left     (5,1)
            bottom right (5,1)
    
        Box 8 is at 
            top left     (4,0)
            bottom right (4,0)
    
        Box 9 is at 
            top left     (4,1)
            bottom right (4,1)
    
        Roll length used: 6

    [1;34mTry max length:[0m 5
    [1;34m    At iteration:[0m 22
        [3;31mlingeling determined unsatisfiability of the Boolean formula[0m
        [1;32mOptimality reached![0m
