Tue 5 Jun 20:46:38 CEST 2018
    [1;34mTry max length:[0m 999999
    [1;34m    At iteration:[0m 0
        lingeling found a solution in .018 ms

       | W
     L | 0 1 2 
    ----------
     0 | 2 2 . 
     1 | 2 2 . 
     2 | 5 5 . 
     3 | 5 5 . 
     4 | . 6 6 
     5 | . 6 6 
     6 | . 1 1 
     7 | . 1 1 
     8 | 4 4 . 
     9 | 4 4 . 
    10 | 3 3 . 
    11 | 3 3 . 
    
    Boxes' corners:      (w,l)
        Box 1 is at 
            top left     (1,6)
            bottom right (2,7)
    
        Box 2 is at 
            top left     (0,0)
            bottom right (1,1)
    
        Box 3 is at 
            top left     (0,10)
            bottom right (1,11)
    
        Box 4 is at 
            top left     (0,8)
            bottom right (1,9)
    
        Box 5 is at 
            top left     (0,2)
            bottom right (1,3)
    
        Box 6 is at 
            top left     (1,4)
            bottom right (2,5)
    
        Roll length used: 12

    [1;34mTry max length:[0m 11
    [1;34m    At iteration:[0m 1
        [3;31mlingeling determined unsatisfiability of the Boolean formula[0m
        [1;32mOptimality reached![0m
