Wed 6 Jun 08:55:00 CEST 2018
    [1;34mTry max length:[0m 999999
    [1;34m    At iteration:[0m 0
        lingeling found a solution in .049 ms

       | W
     L | 0 1 2 3 
    ------------
     0 | 1 4 4 4 
     1 | 1 4 4 4 
     2 | . . . . 
     3 | . . . . 
     4 | . . . . 
     5 | . . . . 
     6 | . . . . 
     7 | . . . . 
     8 | . . . . 
     9 | . . 6 . 
    10 | . . 7 . 
    11 | 5 5 5 . 
    12 | 5 5 5 . 
    13 | 3 3 3 2 
    14 | 3 3 3 2 
    
    Boxes' corners:      (w,l)
        Box 1 is at 
            top left     (0,0)
            bottom right (0,1)
    
        Box 2 is at 
            top left     (3,13)
            bottom right (3,14)
    
        Box 3 is at 
            top left     (0,13)
            bottom right (2,14)
    
        Box 4 is at 
            top left     (1,0)
            bottom right (3,1)
    
        Box 5 is at 
            top left     (0,11)
            bottom right (2,12)
    
        Box 6 is at 
            top left     (2,9)
            bottom right (2,9)
    
        Box 7 is at 
            top left     (2,10)
            bottom right (2,10)
    
        Roll length used: 15

    [1;34mTry max length:[0m 14
    [1;34m    At iteration:[0m 1
        lingeling found a solution in .047 ms

       | W
     L | 0 1 2 3 
    ------------
     0 | 4 4 4 . 
     1 | 4 4 4 . 
     2 | . . . . 
     3 | . . . . 
     4 | 1 . . . 
     5 | 1 . . . 
     6 | . . . . 
     7 | . . . . 
     8 | . 6 . . 
     9 | . . . 7 
    10 | 2 5 5 5 
    11 | 2 5 5 5 
    12 | 3 3 3 . 
    13 | 3 3 3 . 
    
    Boxes' corners:      (w,l)
        Box 1 is at 
            top left     (0,4)
            bottom right (0,5)
    
        Box 2 is at 
            top left     (0,10)
            bottom right (0,11)
    
        Box 3 is at 
            top left     (0,12)
            bottom right (2,13)
    
        Box 4 is at 
            top left     (0,0)
            bottom right (2,1)
    
        Box 5 is at 
            top left     (1,10)
            bottom right (3,11)
    
        Box 6 is at 
            top left     (1,8)
            bottom right (1,8)
    
        Box 7 is at 
            top left     (3,9)
            bottom right (3,9)
    
        Roll length used: 14

    [1;34mTry max length:[0m 13
    [1;34m    At iteration:[0m 2
        lingeling found a solution in .041 ms

       | W
     L | 0 1 2 3 
    ------------
     0 | 4 4 4 . 
     1 | 4 4 4 . 
     2 | 1 . . 6 
     3 | 1 . . 7 
     4 | . . . . 
     5 | . . . . 
     6 | . . . . 
     7 | . . . . 
     8 | . . . . 
     9 | 5 5 5 . 
    10 | 5 5 5 . 
    11 | 2 3 3 3 
    12 | 2 3 3 3 
    
    Boxes' corners:      (w,l)
        Box 1 is at 
            top left     (0,2)
            bottom right (0,3)
    
        Box 2 is at 
            top left     (0,11)
            bottom right (0,12)
    
        Box 3 is at 
            top left     (1,11)
            bottom right (3,12)
    
        Box 4 is at 
            top left     (0,0)
            bottom right (2,1)
    
        Box 5 is at 
            top left     (0,9)
            bottom right (2,10)
    
        Box 6 is at 
            top left     (3,2)
            bottom right (3,2)
    
        Box 7 is at 
            top left     (3,3)
            bottom right (3,3)
    
        Roll length used: 13

    [1;34mTry max length:[0m 12
    [1;34m    At iteration:[0m 3
        lingeling found a solution in .040 ms

       | W
     L | 0 1 2 3 
    ------------
     0 | 4 4 4 . 
     1 | 4 4 4 . 
     2 | 1 . . . 
     3 | 1 . . . 
     4 | . . . . 
     5 | . . . . 
     6 | . . . . 
     7 | 7 . . 6 
     8 | . 5 5 5 
     9 | . 5 5 5 
    10 | 2 3 3 3 
    11 | 2 3 3 3 
    
    Boxes' corners:      (w,l)
        Box 1 is at 
            top left     (0,2)
            bottom right (0,3)
    
        Box 2 is at 
            top left     (0,10)
            bottom right (0,11)
    
        Box 3 is at 
            top left     (1,10)
            bottom right (3,11)
    
        Box 4 is at 
            top left     (0,0)
            bottom right (2,1)
    
        Box 5 is at 
            top left     (1,8)
            bottom right (3,9)
    
        Box 6 is at 
            top left     (3,7)
            bottom right (3,7)
    
        Box 7 is at 
            top left     (0,7)
            bottom right (0,7)
    
        Roll length used: 12

    [1;34mTry max length:[0m 11
    [1;34m    At iteration:[0m 4
        lingeling found a solution in .035 ms

       | W
     L | 0 1 2 3 
    ------------
     0 | 1 4 4 4 
     1 | 1 4 4 4 
     2 | . . . . 
     3 | . . . . 
     4 | . . . . 
     5 | . . . . 
     6 | . 7 . . 
     7 | 5 5 5 . 
     8 | 5 5 5 6 
     9 | 2 3 3 3 
    10 | 2 3 3 3 
    
    Boxes' corners:      (w,l)
        Box 1 is at 
            top left     (0,0)
            bottom right (0,1)
    
        Box 2 is at 
            top left     (0,9)
            bottom right (0,10)
    
        Box 3 is at 
            top left     (1,9)
            bottom right (3,10)
    
        Box 4 is at 
            top left     (1,0)
            bottom right (3,1)
    
        Box 5 is at 
            top left     (0,7)
            bottom right (2,8)
    
        Box 6 is at 
            top left     (3,8)
            bottom right (3,8)
    
        Box 7 is at 
            top left     (1,6)
            bottom right (1,6)
    
        Roll length used: 11

    [1;34mTry max length:[0m 10
    [1;34m    At iteration:[0m 5
        lingeling found a solution in .031 ms

       | W
     L | 0 1 2 3 
    ------------
     0 | . 4 4 4 
     1 | . 4 4 4 
     2 | . . . . 
     3 | . . . . 
     4 | 1 . . . 
     5 | 1 7 . . 
     6 | 5 5 5 . 
     7 | 5 5 5 6 
     8 | 2 3 3 3 
     9 | 2 3 3 3 
    
    Boxes' corners:      (w,l)
        Box 1 is at 
            top left     (0,4)
            bottom right (0,5)
    
        Box 2 is at 
            top left     (0,8)
            bottom right (0,9)
    
        Box 3 is at 
            top left     (1,8)
            bottom right (3,9)
    
        Box 4 is at 
            top left     (1,0)
            bottom right (3,1)
    
        Box 5 is at 
            top left     (0,6)
            bottom right (2,7)
    
        Box 6 is at 
            top left     (3,7)
            bottom right (3,7)
    
        Box 7 is at 
            top left     (1,5)
            bottom right (1,5)
    
        Roll length used: 10

    [1;34mTry max length:[0m 9
    [1;34m    At iteration:[0m 6
        lingeling found a solution in .027 ms

      | W
    L | 0 1 2 3 
    ------------
    0 | 3 3 3 . 
    1 | 3 3 3 . 
    2 | . . . . 
    3 | . . . 7 
    4 | 1 . . . 
    5 | 1 5 5 5 
    6 | 6 5 5 5 
    7 | 2 4 4 4 
    8 | 2 4 4 4 
    
    Boxes' corners:      (w,l)
        Box 1 is at 
            top left     (0,4)
            bottom right (0,5)
    
        Box 2 is at 
            top left     (0,7)
            bottom right (0,8)
    
        Box 3 is at 
            top left     (0,0)
            bottom right (2,1)
    
        Box 4 is at 
            top left     (1,7)
            bottom right (3,8)
    
        Box 5 is at 
            top left     (1,5)
            bottom right (3,6)
    
        Box 6 is at 
            top left     (0,6)
            bottom right (0,6)
    
        Box 7 is at 
            top left     (3,3)
            bottom right (3,3)
    
        Roll length used: 9

    [1;34mTry max length:[0m 8
    [1;34m    At iteration:[0m 7
        lingeling found a solution in .023 ms

      | W
    L | 0 1 2 3 
    ------------
    0 | 3 3 3 . 
    1 | 3 3 3 . 
    2 | 1 . . . 
    3 | 1 . 7 6 
    4 | 5 5 5 2 
    5 | 5 5 5 2 
    6 | . 4 4 4 
    7 | . 4 4 4 
    
    Boxes' corners:      (w,l)
        Box 1 is at 
            top left     (0,2)
            bottom right (0,3)
    
        Box 2 is at 
            top left     (3,4)
            bottom right (3,5)
    
        Box 3 is at 
            top left     (0,0)
            bottom right (2,1)
    
        Box 4 is at 
            top left     (1,6)
            bottom right (3,7)
    
        Box 5 is at 
            top left     (0,4)
            bottom right (2,5)
    
        Box 6 is at 
            top left     (3,3)
            bottom right (3,3)
    
        Box 7 is at 
            top left     (2,3)
            bottom right (2,3)
    
        Roll length used: 8

    [1;34mTry max length:[0m 7
    [1;34m    At iteration:[0m 8
        lingeling found a solution in .021 ms

      | W
    L | 0 1 2 3 
    ------------
    0 | 4 4 4 7 
    1 | 4 4 4 . 
    2 | 2 2 . . 
    3 | 1 5 5 5 
    4 | 1 5 5 5 
    5 | 6 3 3 3 
    6 | . 3 3 3 
    
    Boxes' corners:      (w,l)
        Box 1 is at 
            top left     (0,3)
            bottom right (0,4)
    
        Box 2 is at 
            top left     (0,2)
            bottom right (1,2)
    
        Box 3 is at 
            top left     (1,5)
            bottom right (3,6)
    
        Box 4 is at 
            top left     (0,0)
            bottom right (2,1)
    
        Box 5 is at 
            top left     (1,3)
            bottom right (3,4)
    
        Box 6 is at 
            top left     (0,5)
            bottom right (0,5)
    
        Box 7 is at 
            top left     (3,0)
            bottom right (3,0)
    
        Roll length used: 7

    [1;34mTry max length:[0m 6
    [1;34m    At iteration:[0m 9
        lingeling found a solution in .017 ms

      | W
    L | 0 1 2 3 
    ------------
    0 | 3 3 3 2 
    1 | 3 3 3 2 
    2 | 1 4 4 4 
    3 | 1 4 4 4 
    4 | 6 5 5 5 
    5 | 7 5 5 5 
    
    Boxes' corners:      (w,l)
        Box 1 is at 
            top left     (0,2)
            bottom right (0,3)
    
        Box 2 is at 
            top left     (3,0)
            bottom right (3,1)
    
        Box 3 is at 
            top left     (0,0)
            bottom right (2,1)
    
        Box 4 is at 
            top left     (1,2)
            bottom right (3,3)
    
        Box 5 is at 
            top left     (1,4)
            bottom right (3,5)
    
        Box 6 is at 
            top left     (0,4)
            bottom right (0,4)
    
        Box 7 is at 
            top left     (0,5)
            bottom right (0,5)
    
        Roll length used: 6

    [1;34mTry max length:[0m 5
    [1;34m    At iteration:[0m 10
        [3;31mlingeling determined unsatisfiability of the Boolean formula[0m
        [1;32mOptimality reached![0m
