Wed 6 Jun 09:21:40 CEST 2018
    [1;34mTry max length:[0m 999999
    [1;34m    At iteration:[0m 0
        lingeling found a solution in .019 ms

      | W
    L | 0 1 2 3 4 5 6 7 8 
    ----------------------
    0 | . . . . . . . . 2 
    1 | . . . . 1 1 1 1 . 
    2 | . . . . 1 1 1 1 . 
    3 | . . . . 1 1 1 1 . 
    4 | . . . . 1 1 1 1 . 
    5 | . . . . 1 1 1 1 . 
    6 | . . . . . . 3 . . 
    
    Boxes' corners:      (w,l)
        Box 1 is at 
            top left     (4,1)
            bottom right (7,5)
    
        Box 2 is at 
            top left     (8,0)
            bottom right (8,0)
    
        Box 3 is at 
            top left     (6,6)
            bottom right (6,6)
    
        Roll length used: 7

    [1;34mTry max length:[0m 6
    [1;34m    At iteration:[0m 1
        lingeling found a solution in .015 ms

      | W
    L | 0 1 2 3 4 5 6 7 8 
    ----------------------
    0 | . . . 1 1 1 1 . . 
    1 | . . . 1 1 1 1 . . 
    2 | . . . 1 1 1 1 . . 
    3 | . . . 1 1 1 1 . . 
    4 | . 2 . 1 1 1 1 . . 
    5 | . . . . . . . . 3 
    
    Boxes' corners:      (w,l)
        Box 1 is at 
            top left     (3,0)
            bottom right (6,4)
    
        Box 2 is at 
            top left     (1,4)
            bottom right (1,4)
    
        Box 3 is at 
            top left     (8,5)
            bottom right (8,5)
    
        Roll length used: 6

    [1;34mTry max length:[0m 5
    [1;34m    At iteration:[0m 2
        lingeling found a solution in .011 ms

      | W
    L | 0 1 2 3 4 5 6 7 8 
    ----------------------
    0 | 2 . 1 1 1 1 . . 3 
    1 | . . 1 1 1 1 . . . 
    2 | . . 1 1 1 1 . . . 
    3 | . . 1 1 1 1 . . . 
    4 | . . 1 1 1 1 . . . 
    
    Boxes' corners:      (w,l)
        Box 1 is at 
            top left     (2,0)
            bottom right (5,4)
    
        Box 2 is at 
            top left     (0,0)
            bottom right (0,0)
    
        Box 3 is at 
            top left     (8,0)
            bottom right (8,0)
    
        Roll length used: 5

    [1;34mTry max length:[0m 4
    [1;34m    At iteration:[0m 3
        lingeling found a solution in .006 ms

      | W
    L | 0 1 2 3 4 5 6 7 8 
    ----------------------
    0 | . . 1 1 1 1 1 . . 
    1 | . . 1 1 1 1 1 . . 
    2 | . . 1 1 1 1 1 . 3 
    3 | . . 1 1 1 1 1 . 2 
    
    Boxes' corners:      (w,l)
        Box 1 is at 
            top left     (2,0)
            bottom right (6,3)
    
        Box 2 is at 
            top left     (8,3)
            bottom right (8,3)
    
        Box 3 is at 
            top left     (8,2)
            bottom right (8,2)
    
        Roll length used: 4

    [1;34mTry max length:[0m 3
    [1;34m    At iteration:[0m 4
        [3;31mlingeling determined unsatisfiability of the Boolean formula[0m
        [1;32mOptimality reached![0m
