Tue 5 Jun 20:47:43 CEST 2018
    [1;34mTry max length:[0m 999999
    [1;34m    At iteration:[0m 0
        lingeling found a solution in .084 ms

       | W
     L | 0 1  2 
    -----------
     0 | . .  . 
     1 | . 1  8 
     2 | . 1 10 
     3 | . 1  . 
     4 | . 1  . 
     5 | 6 4  . 
     6 | 6 4  7 
     7 | 6 4  . 
     8 | 6 4  . 
     9 | . .  . 
    10 | . .  . 
    11 | . .  . 
    12 | . .  . 
    13 | . 3  . 
    14 | . 3  . 
    15 | . 3  . 
    16 | . 3  2 
    17 | . .  2 
    18 | . .  2 
    19 | . .  2 
    20 | . .  . 
    21 | . .  5 
    22 | . .  5 
    23 | . .  5 
    24 | . .  5 
    25 | . .  . 
    26 | . .  . 
    27 | . .  9 
    
    Boxes' corners:       (w,l)
        Box  1 is at 
            top left     (1,1)
            bottom right (1,4)
    
        Box  2 is at 
            top left     (2,16)
            bottom right (2,19)
    
        Box  3 is at 
            top left     (1,13)
            bottom right (1,16)
    
        Box  4 is at 
            top left     (1,5)
            bottom right (1,8)
    
        Box  5 is at 
            top left     (2,21)
            bottom right (2,24)
    
        Box  6 is at 
            top left     (0,5)
            bottom right (0,8)
    
        Box  7 is at 
            top left     (2,6)
            bottom right (2,6)
    
        Box  8 is at 
            top left     (2,1)
            bottom right (2,1)
    
        Box  9 is at 
            top left     (2,27)
            bottom right (2,27)
    
        Box 10 is at 
            top left     (2,2)
            bottom right (2,2)
    
        Roll length used: 28

    [1;34mTry max length:[0m 27
    [1;34m    At iteration:[0m 1
        lingeling found a solution in .077 ms

       | W
     L |  0 1 2 
    -----------
     0 |  . . . 
     1 |  . . . 
     2 |  . . . 
     3 |  . . . 
     4 |  . . . 
     5 |  . . . 
     6 |  . . . 
     7 |  . . . 
     8 |  . . . 
     9 |  . . . 
    10 |  . . . 
    11 |  . . . 
    12 |  . . . 
    13 |  1 . . 
    14 |  1 . . 
    15 |  1 . . 
    16 |  1 . . 
    17 |  . . . 
    18 |  . . . 
    19 |  8 6 5 
    20 | 10 6 5 
    21 |  9 6 5 
    22 |  7 6 5 
    23 |  4 3 2 
    24 |  4 3 2 
    25 |  4 3 2 
    26 |  4 3 2 
    
    Boxes' corners:       (w,l)
        Box  1 is at 
            top left     (0,13)
            bottom right (0,16)
    
        Box  2 is at 
            top left     (2,23)
            bottom right (2,26)
    
        Box  3 is at 
            top left     (1,23)
            bottom right (1,26)
    
        Box  4 is at 
            top left     (0,23)
            bottom right (0,26)
    
        Box  5 is at 
            top left     (2,19)
            bottom right (2,22)
    
        Box  6 is at 
            top left     (1,19)
            bottom right (1,22)
    
        Box  7 is at 
            top left     (0,22)
            bottom right (0,22)
    
        Box  8 is at 
            top left     (0,19)
            bottom right (0,19)
    
        Box  9 is at 
            top left     (0,21)
            bottom right (0,21)
    
        Box 10 is at 
            top left     (0,20)
            bottom right (0,20)
    
        Roll length used: 27

    [1;34mTry max length:[0m 26
    [1;34m    At iteration:[0m 2
        lingeling found a solution in .076 ms

       | W
     L |  0 1 2 
    -----------
     0 |  . . . 
     1 |  . . . 
     2 |  . . . 
     3 |  . . . 
     4 |  . . . 
     5 |  . . . 
     6 |  . . . 
     7 |  . . . 
     8 |  . . . 
     9 |  . . . 
    10 |  . . . 
    11 |  . . . 
    12 |  . . . 
    13 |  1 . . 
    14 |  1 . . 
    15 |  1 . . 
    16 |  1 . . 
    17 | 10 . . 
    18 |  . 6 5 
    19 |  9 6 5 
    20 |  8 6 5 
    21 |  7 6 5 
    22 |  4 3 2 
    23 |  4 3 2 
    24 |  4 3 2 
    25 |  4 3 2 
    
    Boxes' corners:       (w,l)
        Box  1 is at 
            top left     (0,13)
            bottom right (0,16)
    
        Box  2 is at 
            top left     (2,22)
            bottom right (2,25)
    
        Box  3 is at 
            top left     (1,22)
            bottom right (1,25)
    
        Box  4 is at 
            top left     (0,22)
            bottom right (0,25)
    
        Box  5 is at 
            top left     (2,18)
            bottom right (2,21)
    
        Box  6 is at 
            top left     (1,18)
            bottom right (1,21)
    
        Box  7 is at 
            top left     (0,21)
            bottom right (0,21)
    
        Box  8 is at 
            top left     (0,20)
            bottom right (0,20)
    
        Box  9 is at 
            top left     (0,19)
            bottom right (0,19)
    
        Box 10 is at 
            top left     (0,17)
            bottom right (0,17)
    
        Roll length used: 26

    [1;34mTry max length:[0m 25
    [1;34m    At iteration:[0m 3
        lingeling found a solution in .073 ms

       | W
     L |  0 1 2 
    -----------
     0 |  . . . 
     1 |  . . . 
     2 |  . . 8 
     3 |  . . . 
     4 |  . . . 
     5 |  . . . 
     6 |  . . . 
     7 |  . . 9 
     8 |  . . . 
     9 |  . . . 
    10 |  . . . 
    11 |  . . . 
    12 |  1 . . 
    13 |  1 . . 
    14 |  1 . . 
    15 |  1 . . 
    16 |  . . . 
    17 |  . 6 5 
    18 |  . 6 5 
    19 | 10 6 5 
    20 |  7 6 5 
    21 |  4 3 2 
    22 |  4 3 2 
    23 |  4 3 2 
    24 |  4 3 2 
    
    Boxes' corners:       (w,l)
        Box  1 is at 
            top left     (0,12)
            bottom right (0,15)
    
        Box  2 is at 
            top left     (2,21)
            bottom right (2,24)
    
        Box  3 is at 
            top left     (1,21)
            bottom right (1,24)
    
        Box  4 is at 
            top left     (0,21)
            bottom right (0,24)
    
        Box  5 is at 
            top left     (2,17)
            bottom right (2,20)
    
        Box  6 is at 
            top left     (1,17)
            bottom right (1,20)
    
        Box  7 is at 
            top left     (0,20)
            bottom right (0,20)
    
        Box  8 is at 
            top left     (2,2)
            bottom right (2,2)
    
        Box  9 is at 
            top left     (2,7)
            bottom right (2,7)
    
        Box 10 is at 
            top left     (0,19)
            bottom right (0,19)
    
        Roll length used: 25

    [1;34mTry max length:[0m 24
    [1;34m    At iteration:[0m 4
        lingeling found a solution in .070 ms

       | W
     L |  0 1 2 
    -----------
     0 |  . . . 
     1 |  . . . 
     2 |  . . . 
     3 |  . . . 
     4 |  . . . 
     5 |  . . . 
     6 |  . . . 
     7 |  . . 7 
     8 |  . . . 
     9 |  . . . 
    10 |  . . . 
    11 |  . . . 
    12 |  1 . . 
    13 |  1 . . 
    14 |  1 . . 
    15 |  1 . . 
    16 |  . 6 5 
    17 | 10 6 5 
    18 |  9 6 5 
    19 |  8 6 5 
    20 |  4 3 2 
    21 |  4 3 2 
    22 |  4 3 2 
    23 |  4 3 2 
    
    Boxes' corners:       (w,l)
        Box  1 is at 
            top left     (0,12)
            bottom right (0,15)
    
        Box  2 is at 
            top left     (2,20)
            bottom right (2,23)
    
        Box  3 is at 
            top left     (1,20)
            bottom right (1,23)
    
        Box  4 is at 
            top left     (0,20)
            bottom right (0,23)
    
        Box  5 is at 
            top left     (2,16)
            bottom right (2,19)
    
        Box  6 is at 
            top left     (1,16)
            bottom right (1,19)
    
        Box  7 is at 
            top left     (2,7)
            bottom right (2,7)
    
        Box  8 is at 
            top left     (0,19)
            bottom right (0,19)
    
        Box  9 is at 
            top left     (0,18)
            bottom right (0,18)
    
        Box 10 is at 
            top left     (0,17)
            bottom right (0,17)
    
        Roll length used: 24

    [1;34mTry max length:[0m 23
    [1;34m    At iteration:[0m 5
        lingeling found a solution in .066 ms

       | W
     L |  0 1 2 
    -----------
     0 |  . . . 
     1 |  . . . 
     2 |  . . . 
     3 |  . . . 
     4 |  . . . 
     5 |  . . . 
     6 |  . . . 
     7 |  . . . 
     8 |  . . . 
     9 |  . . 8 
    10 |  . . . 
    11 |  1 . . 
    12 |  1 . . 
    13 |  1 . . 
    14 |  1 . . 
    15 |  . 6 5 
    16 |  9 6 5 
    17 | 10 6 5 
    18 |  7 6 5 
    19 |  4 3 2 
    20 |  4 3 2 
    21 |  4 3 2 
    22 |  4 3 2 
    
    Boxes' corners:       (w,l)
        Box  1 is at 
            top left     (0,11)
            bottom right (0,14)
    
        Box  2 is at 
            top left     (2,19)
            bottom right (2,22)
    
        Box  3 is at 
            top left     (1,19)
            bottom right (1,22)
    
        Box  4 is at 
            top left     (0,19)
            bottom right (0,22)
    
        Box  5 is at 
            top left     (2,15)
            bottom right (2,18)
    
        Box  6 is at 
            top left     (1,15)
            bottom right (1,18)
    
        Box  7 is at 
            top left     (0,18)
            bottom right (0,18)
    
        Box  8 is at 
            top left     (2,9)
            bottom right (2,9)
    
        Box  9 is at 
            top left     (0,16)
            bottom right (0,16)
    
        Box 10 is at 
            top left     (0,17)
            bottom right (0,17)
    
        Roll length used: 23

    [1;34mTry max length:[0m 22
    [1;34m    At iteration:[0m 6
        lingeling found a solution in .064 ms

       | W
     L | 0  1 2 
    -----------
     0 | .  . . 
     1 | .  . 8 
     2 | .  . . 
     3 | .  . . 
     4 | .  . . 
     5 | .  . . 
     6 | .  . . 
     7 | .  . . 
     8 | .  . . 
     9 | .  . 9 
    10 | .  . 6 
    11 | 1  . 6 
    12 | 1  . 6 
    13 | 1  . 6 
    14 | 1  . 5 
    15 | .  . 5 
    16 | . 10 5 
    17 | .  7 5 
    18 | 4  3 2 
    19 | 4  3 2 
    20 | 4  3 2 
    21 | 4  3 2 
    
    Boxes' corners:       (w,l)
        Box  1 is at 
            top left     (0,11)
            bottom right (0,14)
    
        Box  2 is at 
            top left     (2,18)
            bottom right (2,21)
    
        Box  3 is at 
            top left     (1,18)
            bottom right (1,21)
    
        Box  4 is at 
            top left     (0,18)
            bottom right (0,21)
    
        Box  5 is at 
            top left     (2,14)
            bottom right (2,17)
    
        Box  6 is at 
            top left     (2,10)
            bottom right (2,13)
    
        Box  7 is at 
            top left     (1,17)
            bottom right (1,17)
    
        Box  8 is at 
            top left     (2,1)
            bottom right (2,1)
    
        Box  9 is at 
            top left     (2,9)
            bottom right (2,9)
    
        Box 10 is at 
            top left     (1,16)
            bottom right (1,16)
    
        Roll length used: 22

    [1;34mTry max length:[0m 21
    [1;34m    At iteration:[0m 7
        lingeling found a solution in .060 ms

       | W
     L | 0 1  2 
    -----------
     0 | . .  . 
     1 | . .  . 
     2 | . . 10 
     3 | . .  . 
     4 | . .  . 
     5 | . .  . 
     6 | . .  . 
     7 | . .  . 
     8 | . .  . 
     9 | . .  6 
    10 | 1 .  6 
    11 | 1 .  6 
    12 | 1 .  6 
    13 | 1 .  5 
    14 | . .  5 
    15 | 8 7  5 
    16 | . 9  5 
    17 | 4 3  2 
    18 | 4 3  2 
    19 | 4 3  2 
    20 | 4 3  2 
    
    Boxes' corners:       (w,l)
        Box  1 is at 
            top left     (0,10)
            bottom right (0,13)
    
        Box  2 is at 
            top left     (2,17)
            bottom right (2,20)
    
        Box  3 is at 
            top left     (1,17)
            bottom right (1,20)
    
        Box  4 is at 
            top left     (0,17)
            bottom right (0,20)
    
        Box  5 is at 
            top left     (2,13)
            bottom right (2,16)
    
        Box  6 is at 
            top left     (2,9)
            bottom right (2,12)
    
        Box  7 is at 
            top left     (1,15)
            bottom right (1,15)
    
        Box  8 is at 
            top left     (0,15)
            bottom right (0,15)
    
        Box  9 is at 
            top left     (1,16)
            bottom right (1,16)
    
        Box 10 is at 
            top left     (2,2)
            bottom right (2,2)
    
        Roll length used: 21

    [1;34mTry max length:[0m 20
    [1;34m    At iteration:[0m 8
        lingeling found a solution in .058 ms

       | W
     L | 0  1 2 
    -----------
     0 | .  . . 
     1 | .  . . 
     2 | .  . . 
     3 | .  . . 
     4 | .  . . 
     5 | .  . . 
     6 | .  . . 
     7 | .  . 9 
     8 | .  . . 
     9 | .  6 . 
    10 | 1  6 . 
    11 | 1  6 . 
    12 | 1  6 5 
    13 | 1  . 5 
    14 | .  8 5 
    15 | 7 10 5 
    16 | 4  3 2 
    17 | 4  3 2 
    18 | 4  3 2 
    19 | 4  3 2 
    
    Boxes' corners:       (w,l)
        Box  1 is at 
            top left     (0,10)
            bottom right (0,13)
    
        Box  2 is at 
            top left     (2,16)
            bottom right (2,19)
    
        Box  3 is at 
            top left     (1,16)
            bottom right (1,19)
    
        Box  4 is at 
            top left     (0,16)
            bottom right (0,19)
    
        Box  5 is at 
            top left     (2,12)
            bottom right (2,15)
    
        Box  6 is at 
            top left     (1,9)
            bottom right (1,12)
    
        Box  7 is at 
            top left     (0,15)
            bottom right (0,15)
    
        Box  8 is at 
            top left     (1,14)
            bottom right (1,14)
    
        Box  9 is at 
            top left     (2,7)
            bottom right (2,7)
    
        Box 10 is at 
            top left     (1,15)
            bottom right (1,15)
    
        Roll length used: 20

    [1;34mTry max length:[0m 19
    [1;34m    At iteration:[0m 9
        lingeling found a solution in .054 ms

       | W
     L |  0 1 2 
    -----------
     0 |  . . . 
     1 |  . . . 
     2 |  . . . 
     3 |  . . 7 
     4 |  . . . 
     5 |  . . . 
     6 |  . . 8 
     7 |  . . . 
     8 |  . 6 . 
     9 |  1 6 . 
    10 |  1 6 . 
    11 |  1 6 5 
    12 |  1 . 5 
    13 |  9 . 5 
    14 | 10 . 5 
    15 |  4 3 2 
    16 |  4 3 2 
    17 |  4 3 2 
    18 |  4 3 2 
    
    Boxes' corners:       (w,l)
        Box  1 is at 
            top left     (0,9)
            bottom right (0,12)
    
        Box  2 is at 
            top left     (2,15)
            bottom right (2,18)
    
        Box  3 is at 
            top left     (1,15)
            bottom right (1,18)
    
        Box  4 is at 
            top left     (0,15)
            bottom right (0,18)
    
        Box  5 is at 
            top left     (2,11)
            bottom right (2,14)
    
        Box  6 is at 
            top left     (1,8)
            bottom right (1,11)
    
        Box  7 is at 
            top left     (2,3)
            bottom right (2,3)
    
        Box  8 is at 
            top left     (2,6)
            bottom right (2,6)
    
        Box  9 is at 
            top left     (0,13)
            bottom right (0,13)
    
        Box 10 is at 
            top left     (0,14)
            bottom right (0,14)
    
        Roll length used: 19

    [1;34mTry max length:[0m 18
    [1;34m    At iteration:[0m 10
        lingeling found a solution in .042 ms

       | W
     L | 0  1 2 
    -----------
     0 | .  . 2 
     1 | .  . 2 
     2 | .  . 2 
     3 | .  . 2 
     4 | .  1 . 
     5 | .  1 5 
     6 | .  1 5 
     7 | .  1 5 
     8 | .  4 5 
     9 | .  4 . 
    10 | .  4 . 
    11 | .  4 . 
    12 | .  . 3 
    13 | .  . 3 
    14 | 6  8 3 
    15 | 6  . 3 
    16 | 6  9 . 
    17 | 6 10 7 
    
    Boxes' corners:       (w,l)
        Box  1 is at 
            top left     (1,4)
            bottom right (1,7)
    
        Box  2 is at 
            top left     (2,0)
            bottom right (2,3)
    
        Box  3 is at 
            top left     (2,12)
            bottom right (2,15)
    
        Box  4 is at 
            top left     (1,8)
            bottom right (1,11)
    
        Box  5 is at 
            top left     (2,5)
            bottom right (2,8)
    
        Box  6 is at 
            top left     (0,14)
            bottom right (0,17)
    
        Box  7 is at 
            top left     (2,17)
            bottom right (2,17)
    
        Box  8 is at 
            top left     (1,14)
            bottom right (1,14)
    
        Box  9 is at 
            top left     (1,16)
            bottom right (1,16)
    
        Box 10 is at 
            top left     (1,17)
            bottom right (1,17)
    
        Roll length used: 18

    [1;34mTry max length:[0m 17
    [1;34m    At iteration:[0m 11
        lingeling found a solution in .047 ms

       | W
     L | 0  1 2 
    -----------
     0 | .  . . 
     1 | .  1 . 
     2 | .  1 9 
     3 | .  1 8 
     4 | .  1 . 
     5 | .  . 7 
     6 | .  . . 
     7 | .  6 . 
     8 | .  6 . 
     9 | .  6 5 
    10 | .  6 5 
    11 | .  . 5 
    12 | . 10 5 
    13 | 4  3 2 
    14 | 4  3 2 
    15 | 4  3 2 
    16 | 4  3 2 
    
    Boxes' corners:       (w,l)
        Box  1 is at 
            top left     (1,1)
            bottom right (1,4)
    
        Box  2 is at 
            top left     (2,13)
            bottom right (2,16)
    
        Box  3 is at 
            top left     (1,13)
            bottom right (1,16)
    
        Box  4 is at 
            top left     (0,13)
            bottom right (0,16)
    
        Box  5 is at 
            top left     (2,9)
            bottom right (2,12)
    
        Box  6 is at 
            top left     (1,7)
            bottom right (1,10)
    
        Box  7 is at 
            top left     (2,5)
            bottom right (2,5)
    
        Box  8 is at 
            top left     (2,3)
            bottom right (2,3)
    
        Box  9 is at 
            top left     (2,2)
            bottom right (2,2)
    
        Box 10 is at 
            top left     (1,12)
            bottom right (1,12)
    
        Roll length used: 17

    [1;34mTry max length:[0m 16
    [1;34m    At iteration:[0m 12
        lingeling found a solution in .047 ms

       | W
     L | 0 1  2 
    -----------
     0 | . .  . 
     1 | . .  . 
     2 | . .  . 
     3 | . .  . 
     4 | . .  9 
     5 | . .  8 
     6 | . .  7 
     7 | . 6 10 
     8 | 1 6  5 
     9 | 1 6  5 
    10 | 1 6  5 
    11 | 1 .  5 
    12 | 4 3  2 
    13 | 4 3  2 
    14 | 4 3  2 
    15 | 4 3  2 
    
    Boxes' corners:       (w,l)
        Box  1 is at 
            top left     (0,8)
            bottom right (0,11)
    
        Box  2 is at 
            top left     (2,12)
            bottom right (2,15)
    
        Box  3 is at 
            top left     (1,12)
            bottom right (1,15)
    
        Box  4 is at 
            top left     (0,12)
            bottom right (0,15)
    
        Box  5 is at 
            top left     (2,8)
            bottom right (2,11)
    
        Box  6 is at 
            top left     (1,7)
            bottom right (1,10)
    
        Box  7 is at 
            top left     (2,6)
            bottom right (2,6)
    
        Box  8 is at 
            top left     (2,5)
            bottom right (2,5)
    
        Box  9 is at 
            top left     (2,4)
            bottom right (2,4)
    
        Box 10 is at 
            top left     (2,7)
            bottom right (2,7)
    
        Roll length used: 16

    [1;34mTry max length:[0m 15
    [1;34m    At iteration:[0m 13
        lingeling found a solution in .040 ms

       | W
     L | 0 1  2 
    -----------
     0 | . .  . 
     1 | . .  8 
     2 | . .  . 
     3 | . .  9 
     4 | . . 10 
     5 | . .  . 
     6 | . 6  7 
     7 | 1 6  5 
     8 | 1 6  5 
     9 | 1 6  5 
    10 | 1 .  5 
    11 | 4 3  2 
    12 | 4 3  2 
    13 | 4 3  2 
    14 | 4 3  2 
    
    Boxes' corners:       (w,l)
        Box  1 is at 
            top left     (0,7)
            bottom right (0,10)
    
        Box  2 is at 
            top left     (2,11)
            bottom right (2,14)
    
        Box  3 is at 
            top left     (1,11)
            bottom right (1,14)
    
        Box  4 is at 
            top left     (0,11)
            bottom right (0,14)
    
        Box  5 is at 
            top left     (2,7)
            bottom right (2,10)
    
        Box  6 is at 
            top left     (1,6)
            bottom right (1,9)
    
        Box  7 is at 
            top left     (2,6)
            bottom right (2,6)
    
        Box  8 is at 
            top left     (2,1)
            bottom right (2,1)
    
        Box  9 is at 
            top left     (2,3)
            bottom right (2,3)
    
        Box 10 is at 
            top left     (2,4)
            bottom right (2,4)
    
        Roll length used: 15

    [1;34mTry max length:[0m 14
    [1;34m    At iteration:[0m 14
        lingeling found a solution in .040 ms

       | W
     L | 0  1 2 
    -----------
     0 | .  . . 
     1 | .  . 7 
     2 | 6  . 5 
     3 | 6  . 5 
     4 | 6  . 5 
     5 | 6  . 5 
     6 | .  4 3 
     7 | 1  4 3 
     8 | 1  4 3 
     9 | 1  4 3 
    10 | 1  . 2 
    11 | .  9 2 
    12 | .  . 2 
    13 | 8 10 2 
    
    Boxes' corners:       (w,l)
        Box  1 is at 
            top left     (0,7)
            bottom right (0,10)
    
        Box  2 is at 
            top left     (2,10)
            bottom right (2,13)
    
        Box  3 is at 
            top left     (2,6)
            bottom right (2,9)
    
        Box  4 is at 
            top left     (1,6)
            bottom right (1,9)
    
        Box  5 is at 
            top left     (2,2)
            bottom right (2,5)
    
        Box  6 is at 
            top left     (0,2)
            bottom right (0,5)
    
        Box  7 is at 
            top left     (2,1)
            bottom right (2,1)
    
        Box  8 is at 
            top left     (0,13)
            bottom right (0,13)
    
        Box  9 is at 
            top left     (1,11)
            bottom right (1,11)
    
        Box 10 is at 
            top left     (1,13)
            bottom right (1,13)
    
        Roll length used: 14

    [1;34mTry max length:[0m 13
    [1;34m    At iteration:[0m 15
        lingeling found a solution in .035 ms

       | W
     L | 0  1 2 
    -----------
     0 | .  6 4 
     1 | .  6 4 
     2 | .  6 4 
     3 | .  6 4 
     4 | .  . 9 
     5 | .  3 5 
     6 | 1  3 5 
     7 | 1  3 5 
     8 | 1  3 5 
     9 | 1  . 2 
    10 | .  8 2 
    11 | .  7 2 
    12 | . 10 2 
    
    Boxes' corners:       (w,l)
        Box  1 is at 
            top left     (0,6)
            bottom right (0,9)
    
        Box  2 is at 
            top left     (2,9)
            bottom right (2,12)
    
        Box  3 is at 
            top left     (1,5)
            bottom right (1,8)
    
        Box  4 is at 
            top left     (2,0)
            bottom right (2,3)
    
        Box  5 is at 
            top left     (2,5)
            bottom right (2,8)
    
        Box  6 is at 
            top left     (1,0)
            bottom right (1,3)
    
        Box  7 is at 
            top left     (1,11)
            bottom right (1,11)
    
        Box  8 is at 
            top left     (1,10)
            bottom right (1,10)
    
        Box  9 is at 
            top left     (2,4)
            bottom right (2,4)
    
        Box 10 is at 
            top left     (1,12)
            bottom right (1,12)
    
        Roll length used: 13

    [1;34mTry max length:[0m 12
    [1;34m    At iteration:[0m 16
        lingeling found a solution in .033 ms

       | W
     L |  0 1 2 
    -----------
     0 |  1 5 8 
     1 |  1 5 . 
     2 |  1 5 4 
     3 |  1 5 4 
     4 |  . 2 4 
     5 |  . 2 4 
     6 |  . 2 3 
     7 |  . 2 3 
     8 |  . 6 3 
     9 |  . 6 3 
    10 |  . 6 7 
    11 | 10 6 9 
    
    Boxes' corners:       (w,l)
        Box  1 is at 
            top left     (0,0)
            bottom right (0,3)
    
        Box  2 is at 
            top left     (1,4)
            bottom right (1,7)
    
        Box  3 is at 
            top left     (2,6)
            bottom right (2,9)
    
        Box  4 is at 
            top left     (2,2)
            bottom right (2,5)
    
        Box  5 is at 
            top left     (1,0)
            bottom right (1,3)
    
        Box  6 is at 
            top left     (1,8)
            bottom right (1,11)
    
        Box  7 is at 
            top left     (2,10)
            bottom right (2,10)
    
        Box  8 is at 
            top left     (2,0)
            bottom right (2,0)
    
        Box  9 is at 
            top left     (2,11)
            bottom right (2,11)
    
        Box 10 is at 
            top left     (0,11)
            bottom right (0,11)
    
        Roll length used: 12

    [1;34mTry max length:[0m 11
    [1;34m    At iteration:[0m 17
        lingeling found a solution in .029 ms

       | W
     L |  0 1 2 
    -----------
     0 |  4 2 8 
     1 |  4 2 . 
     2 |  4 2 6 
     3 |  4 2 6 
     4 |  . . 6 
     5 |  3 1 6 
     6 |  3 1 . 
     7 |  3 1 5 
     8 |  3 1 5 
     9 |  7 . 5 
    10 | 10 9 5 
    
    Boxes' corners:       (w,l)
        Box  1 is at 
            top left     (1,5)
            bottom right (1,8)
    
        Box  2 is at 
            top left     (1,0)
            bottom right (1,3)
    
        Box  3 is at 
            top left     (0,5)
            bottom right (0,8)
    
        Box  4 is at 
            top left     (0,0)
            bottom right (0,3)
    
        Box  5 is at 
            top left     (2,7)
            bottom right (2,10)
    
        Box  6 is at 
            top left     (2,2)
            bottom right (2,5)
    
        Box  7 is at 
            top left     (0,9)
            bottom right (0,9)
    
        Box  8 is at 
            top left     (2,0)
            bottom right (2,0)
    
        Box  9 is at 
            top left     (1,10)
            bottom right (1,10)
    
        Box 10 is at 
            top left     (0,10)
            bottom right (0,10)
    
        Roll length used: 11

    [1;34mTry max length:[0m 10
    [1;34m    At iteration:[0m 18
        lingeling found a solution in .030 ms

       | W
     L | 0  1 2 
    -----------
     0 | 4  . 2 
     1 | 4  3 2 
     2 | 4  3 2 
     3 | 4  3 2 
     4 | .  3 7 
     5 | 1 10 6 
     6 | 1  5 6 
     7 | 1  5 6 
     8 | 1  5 6 
     9 | 9  5 8 
    
    Boxes' corners:       (w,l)
        Box  1 is at 
            top left     (0,5)
            bottom right (0,8)
    
        Box  2 is at 
            top left     (2,0)
            bottom right (2,3)
    
        Box  3 is at 
            top left     (1,1)
            bottom right (1,4)
    
        Box  4 is at 
            top left     (0,0)
            bottom right (0,3)
    
        Box  5 is at 
            top left     (1,6)
            bottom right (1,9)
    
        Box  6 is at 
            top left     (2,5)
            bottom right (2,8)
    
        Box  7 is at 
            top left     (2,4)
            bottom right (2,4)
    
        Box  8 is at 
            top left     (2,9)
            bottom right (2,9)
    
        Box  9 is at 
            top left     (0,9)
            bottom right (0,9)
    
        Box 10 is at 
            top left     (1,5)
            bottom right (1,5)
    
        Roll length used: 10

    [1;34mTry max length:[0m 9
    [1;34m    At iteration:[0m 19
        [3;31mlingeling determined unsatisfiability of the Boolean formula[0m
        [1;32mOptimality reached![0m
