Tue 5 Jun 21:34:32 CEST 2018
    [1;34mTry max length:[0m 999999
    [1;34m    At iteration:[0m 0
        lingeling found a solution in .493 ms

       | W
     L | 0  1  2  3 4  5  6  7  8  9 10 
    ------------------------------------
     0 | .  7  7  7 7  .  .  6  6  6  6 
     1 | .  .  .  . .  .  .  .  .  .  . 
     2 | .  .  .  . .  .  .  .  .  .  . 
     3 | .  .  .  . .  .  .  .  .  .  . 
     4 | .  .  .  . .  .  .  .  .  .  . 
     5 | .  .  .  . .  .  .  .  .  .  . 
     6 | .  .  .  . .  .  .  .  .  .  . 
     7 | .  .  .  . .  .  .  .  .  .  . 
     8 | .  .  .  . .  .  .  .  .  .  . 
     9 | .  .  .  . .  .  .  .  .  .  . 
    10 | .  .  .  . 1  .  .  .  .  .  . 
    11 | .  .  .  . .  .  .  .  .  .  . 
    12 | .  .  .  . .  .  .  .  .  .  . 
    13 | .  .  .  . .  .  .  .  .  .  . 
    14 | .  .  .  . .  .  .  .  .  .  . 
    15 | .  .  .  . .  .  .  .  .  .  . 
    16 | .  .  .  . .  .  .  .  .  .  . 
    17 | .  .  .  . .  .  .  .  .  .  . 
    18 | .  .  .  . .  .  .  .  .  .  . 
    19 | .  .  .  . .  .  .  .  .  .  . 
    20 | .  .  .  . .  .  .  .  .  .  . 
    21 | .  .  .  . .  .  .  .  .  .  . 
    22 | .  .  .  . .  .  .  .  .  .  . 
    23 | .  .  .  . . 12 12 12 11 11 11 
    24 | .  .  .  . . 12 12 12 11 11 11 
    25 | .  .  .  . . 12 12 12 11 11 11 
    26 | . 10 10 10 4  9  9  9  8  8  8 
    27 | 5 10 10 10 3  9  9  9  8  8  8 
    28 | 5 10 10 10 2  9  9  9  8  8  8 
    
    Boxes' corners:       (w,l)
        Box  1 is at 
            top left     (4,10)
            bottom right (4,10)
    
        Box  2 is at 
            top left     (4,28)
            bottom right (4,28)
    
        Box  3 is at 
            top left     (4,27)
            bottom right (4,27)
    
        Box  4 is at 
            top left     (4,26)
            bottom right (4,26)
    
        Box  5 is at 
            top left     (0,27)
            bottom right (0,28)
    
        Box  6 is at 
            top left     (7,0)
            bottom right (10,0)
    
        Box  7 is at 
            top left     (1,0)
            bottom right (4,0)
    
        Box  8 is at 
            top left     (8,26)
            bottom right (10,28)
    
        Box  9 is at 
            top left     (5,26)
            bottom right (7,28)
    
        Box 10 is at 
            top left     (1,26)
            bottom right (3,28)
    
        Box 11 is at 
            top left     (8,23)
            bottom right (10,25)
    
        Box 12 is at 
            top left     (5,23)
            bottom right (7,25)
    
        Roll length used: 29

    [1;34mTry max length:[0m 28
    [1;34m    At iteration:[0m 1
        lingeling found a solution in .465 ms

       | W
     L |  0  1  2 3 4  5  6  7  8  9 10 
    ------------------------------------
     0 |  .  7  7 7 7  .  .  6  6  6  6 
     1 |  .  .  . . .  .  .  .  .  .  . 
     2 |  .  .  . . .  .  .  .  .  .  . 
     3 |  .  .  . . .  .  .  .  .  .  . 
     4 |  .  .  . . .  .  .  .  .  .  . 
     5 |  .  .  . . .  .  .  .  .  .  . 
     6 |  .  .  1 . .  .  .  .  .  .  . 
     7 |  .  .  . . .  .  .  .  .  .  . 
     8 |  .  .  . . .  .  .  .  .  .  . 
     9 |  .  .  . . .  .  .  .  .  .  . 
    10 |  .  .  . . .  .  .  .  .  .  . 
    11 |  .  .  . . .  .  .  .  .  .  . 
    12 |  .  .  . . .  .  .  .  .  .  . 
    13 |  .  .  . . .  .  .  .  .  .  . 
    14 |  .  .  . . .  .  .  .  .  .  . 
    15 |  .  .  . . .  .  .  .  .  .  . 
    16 |  .  .  . . .  .  .  .  .  .  . 
    17 |  .  .  . . .  .  .  .  .  .  . 
    18 |  .  .  . . .  .  .  .  .  .  . 
    19 |  .  .  . . .  .  .  .  .  .  . 
    20 |  .  .  . . .  .  .  .  .  .  . 
    21 |  .  .  . . .  .  .  .  .  .  . 
    22 |  .  .  . . . 12 12 12 11 11 11 
    23 |  5  .  . . . 12 12 12 11 11 11 
    24 |  5  .  . . . 12 12 12 11 11 11 
    25 | 10 10 10 . .  9  9  9  8  8  8 
    26 | 10 10 10 . 4  9  9  9  8  8  8 
    27 | 10 10 10 3 2  9  9  9  8  8  8 
    
    Boxes' corners:       (w,l)
        Box  1 is at 
            top left     (2,6)
            bottom right (2,6)
    
        Box  2 is at 
            top left     (4,27)
            bottom right (4,27)
    
        Box  3 is at 
            top left     (3,27)
            bottom right (3,27)
    
        Box  4 is at 
            top left     (4,26)
            bottom right (4,26)
    
        Box  5 is at 
            top left     (0,23)
            bottom right (0,24)
    
        Box  6 is at 
            top left     (7,0)
            bottom right (10,0)
    
        Box  7 is at 
            top left     (1,0)
            bottom right (4,0)
    
        Box  8 is at 
            top left     (8,25)
            bottom right (10,27)
    
        Box  9 is at 
            top left     (5,25)
            bottom right (7,27)
    
        Box 10 is at 
            top left     (0,25)
            bottom right (2,27)
    
        Box 11 is at 
            top left     (8,22)
            bottom right (10,24)
    
        Box 12 is at 
            top left     (5,22)
            bottom right (7,24)
    
        Roll length used: 28

    [1;34mTry max length:[0m 27
    [1;34m    At iteration:[0m 2
        lingeling found a solution in .445 ms

       | W
     L | 0  1  2  3 4  5  6  7  8  9 10 
    ------------------------------------
     0 | 7  7  7  7 .  .  .  6  6  6  6 
     1 | .  .  .  . .  1  .  .  .  .  . 
     2 | .  .  .  . .  .  .  .  .  .  . 
     3 | .  .  .  . .  .  .  .  .  .  . 
     4 | .  .  .  . .  .  .  .  .  .  . 
     5 | .  .  .  . .  .  .  .  .  .  . 
     6 | .  .  .  . .  .  .  .  .  .  . 
     7 | .  .  .  . .  .  .  .  .  .  . 
     8 | .  .  .  . .  .  .  .  .  .  . 
     9 | .  .  .  . .  .  .  .  .  .  . 
    10 | .  .  .  . .  .  .  .  .  .  . 
    11 | .  .  .  . .  .  .  .  .  .  . 
    12 | .  .  .  . .  .  .  .  .  .  . 
    13 | .  .  .  . .  .  .  .  .  .  . 
    14 | .  .  .  . .  .  .  .  .  .  . 
    15 | .  .  .  . .  .  .  .  .  .  . 
    16 | .  .  .  . .  .  .  .  .  .  . 
    17 | .  .  .  . .  .  .  .  .  .  . 
    18 | .  .  .  . .  .  .  .  .  .  . 
    19 | .  .  .  . .  .  .  .  .  .  . 
    20 | .  .  .  . .  .  .  .  .  .  . 
    21 | .  .  .  . . 12 12 12 11 11 11 
    22 | .  .  .  . . 12 12 12 11 11 11 
    23 | .  .  .  . . 12 12 12 11 11 11 
    24 | . 10 10 10 4  9  9  9  8  8  8 
    25 | 5 10 10 10 3  9  9  9  8  8  8 
    26 | 5 10 10 10 2  9  9  9  8  8  8 
    
    Boxes' corners:       (w,l)
        Box  1 is at 
            top left     (5,1)
            bottom right (5,1)
    
        Box  2 is at 
            top left     (4,26)
            bottom right (4,26)
    
        Box  3 is at 
            top left     (4,25)
            bottom right (4,25)
    
        Box  4 is at 
            top left     (4,24)
            bottom right (4,24)
    
        Box  5 is at 
            top left     (0,25)
            bottom right (0,26)
    
        Box  6 is at 
            top left     (7,0)
            bottom right (10,0)
    
        Box  7 is at 
            top left     (0,0)
            bottom right (3,0)
    
        Box  8 is at 
            top left     (8,24)
            bottom right (10,26)
    
        Box  9 is at 
            top left     (5,24)
            bottom right (7,26)
    
        Box 10 is at 
            top left     (1,24)
            bottom right (3,26)
    
        Box 11 is at 
            top left     (8,21)
            bottom right (10,23)
    
        Box 12 is at 
            top left     (5,21)
            bottom right (7,23)
    
        Roll length used: 27

    [1;34mTry max length:[0m 26
    [1;34m    At iteration:[0m 3
        lingeling found a solution in .417 ms

       | W
     L |  0  1  2 3 4  5  6  7  8  9 10 
    ------------------------------------
     0 |  7  7  7 7 .  .  .  6  6  6  6 
     1 |  .  .  . . .  .  .  .  .  .  . 
     2 |  1  .  . . .  .  .  .  .  .  . 
     3 |  .  .  . . .  .  .  .  .  .  . 
     4 |  .  .  . . .  .  .  .  .  .  . 
     5 |  .  .  . . .  .  .  .  .  .  . 
     6 |  .  .  . . .  .  .  .  .  .  . 
     7 |  .  .  . . .  .  .  .  .  .  . 
     8 |  .  .  . . .  .  .  .  .  .  . 
     9 |  .  .  . . .  .  .  .  .  .  . 
    10 |  .  .  . . .  .  .  .  .  .  . 
    11 |  .  .  . . .  .  .  .  .  .  . 
    12 |  .  .  . . .  .  .  .  .  .  . 
    13 |  .  .  . . .  .  .  .  .  .  . 
    14 |  .  .  . . .  .  .  .  .  .  . 
    15 |  .  .  . . .  .  .  .  .  .  . 
    16 |  .  .  . . .  .  .  .  .  .  . 
    17 |  .  .  . . .  .  .  .  .  .  . 
    18 |  .  .  . . .  .  .  .  .  .  . 
    19 |  .  .  . . .  .  .  .  .  .  . 
    20 |  .  .  . . . 12 12 12 11 11 11 
    21 |  5  .  . . . 12 12 12 11 11 11 
    22 |  5  .  . . . 12 12 12 11 11 11 
    23 | 10 10 10 . .  9  9  9  8  8  8 
    24 | 10 10 10 . 4  9  9  9  8  8  8 
    25 | 10 10 10 3 2  9  9  9  8  8  8 
    
    Boxes' corners:       (w,l)
        Box  1 is at 
            top left     (0,2)
            bottom right (0,2)
    
        Box  2 is at 
            top left     (4,25)
            bottom right (4,25)
    
        Box  3 is at 
            top left     (3,25)
            bottom right (3,25)
    
        Box  4 is at 
            top left     (4,24)
            bottom right (4,24)
    
        Box  5 is at 
            top left     (0,21)
            bottom right (0,22)
    
        Box  6 is at 
            top left     (7,0)
            bottom right (10,0)
    
        Box  7 is at 
            top left     (0,0)
            bottom right (3,0)
    
        Box  8 is at 
            top left     (8,23)
            bottom right (10,25)
    
        Box  9 is at 
            top left     (5,23)
            bottom right (7,25)
    
        Box 10 is at 
            top left     (0,23)
            bottom right (2,25)
    
        Box 11 is at 
            top left     (8,20)
            bottom right (10,22)
    
        Box 12 is at 
            top left     (5,20)
            bottom right (7,22)
    
        Roll length used: 26

    [1;34mTry max length:[0m 25
    [1;34m    At iteration:[0m 4
        lingeling found a solution in .399 ms

       | W
     L | 0  1  2  3 4  5  6  7  8  9 10 
    ------------------------------------
     0 | 7  7  7  7 .  .  .  6  6  6  6 
     1 | .  .  .  . .  .  .  .  .  .  . 
     2 | .  .  .  . .  .  .  .  .  .  . 
     3 | .  .  .  . .  .  .  .  .  .  . 
     4 | .  .  .  . .  .  .  .  .  .  . 
     5 | .  .  .  . .  .  .  .  .  .  . 
     6 | .  .  .  . .  .  .  .  .  .  . 
     7 | .  .  .  . .  .  .  .  .  .  . 
     8 | .  .  .  . .  .  .  .  .  .  . 
     9 | .  .  .  . .  .  .  .  .  .  . 
    10 | .  .  .  . .  .  .  .  .  .  . 
    11 | .  .  .  . .  .  .  .  .  .  . 
    12 | .  .  .  . .  1  .  .  .  .  . 
    13 | .  .  .  . .  .  .  .  .  .  . 
    14 | .  .  .  . .  .  .  .  .  .  . 
    15 | .  .  .  . .  .  .  .  .  .  . 
    16 | .  .  .  . .  .  .  .  .  .  . 
    17 | .  .  .  . .  .  .  .  .  .  . 
    18 | .  .  .  . .  .  .  .  .  .  . 
    19 | .  .  .  . . 12 12 12 11 11 11 
    20 | .  .  .  . . 12 12 12 11 11 11 
    21 | .  .  .  . . 12 12 12 11 11 11 
    22 | . 10 10 10 4  9  9  9  8  8  8 
    23 | 5 10 10 10 3  9  9  9  8  8  8 
    24 | 5 10 10 10 2  9  9  9  8  8  8 
    
    Boxes' corners:       (w,l)
        Box  1 is at 
            top left     (5,12)
            bottom right (5,12)
    
        Box  2 is at 
            top left     (4,24)
            bottom right (4,24)
    
        Box  3 is at 
            top left     (4,23)
            bottom right (4,23)
    
        Box  4 is at 
            top left     (4,22)
            bottom right (4,22)
    
        Box  5 is at 
            top left     (0,23)
            bottom right (0,24)
    
        Box  6 is at 
            top left     (7,0)
            bottom right (10,0)
    
        Box  7 is at 
            top left     (0,0)
            bottom right (3,0)
    
        Box  8 is at 
            top left     (8,22)
            bottom right (10,24)
    
        Box  9 is at 
            top left     (5,22)
            bottom right (7,24)
    
        Box 10 is at 
            top left     (1,22)
            bottom right (3,24)
    
        Box 11 is at 
            top left     (8,19)
            bottom right (10,21)
    
        Box 12 is at 
            top left     (5,19)
            bottom right (7,21)
    
        Roll length used: 25

    [1;34mTry max length:[0m 24
    [1;34m    At iteration:[0m 5
        lingeling found a solution in .381 ms

       | W
     L | 0  1  2  3 4  5  6  7  8  9 10 
    ------------------------------------
     0 | 7  7  7  7 .  .  .  6  6  6  6 
     1 | .  .  .  . .  .  .  .  .  .  . 
     2 | .  .  .  . .  .  .  .  .  .  . 
     3 | .  .  .  . .  .  .  .  .  .  . 
     4 | .  .  .  . 1  .  .  .  .  .  . 
     5 | .  .  .  . .  .  .  .  .  .  . 
     6 | .  .  .  . .  .  .  .  .  .  . 
     7 | .  .  .  . .  .  .  .  .  .  . 
     8 | .  .  .  . .  .  .  .  .  .  . 
     9 | .  .  .  . .  .  .  .  .  .  . 
    10 | .  .  .  . .  .  .  .  .  .  . 
    11 | .  .  .  . .  .  .  .  .  .  . 
    12 | .  .  .  . .  .  .  .  .  .  . 
    13 | .  .  .  . .  .  .  .  .  .  . 
    14 | .  .  .  . .  .  .  .  .  .  . 
    15 | .  .  .  . .  .  .  .  .  .  . 
    16 | .  .  .  . .  .  .  .  .  .  . 
    17 | .  .  .  . .  .  .  .  .  .  . 
    18 | .  .  .  . . 12 12 12 11 11 11 
    19 | .  .  .  . . 12 12 12 11 11 11 
    20 | .  .  .  . . 12 12 12 11 11 11 
    21 | . 10 10 10 4  9  9  9  8  8  8 
    22 | 5 10 10 10 3  9  9  9  8  8  8 
    23 | 5 10 10 10 2  9  9  9  8  8  8 
    
    Boxes' corners:       (w,l)
        Box  1 is at 
            top left     (4,4)
            bottom right (4,4)
    
        Box  2 is at 
            top left     (4,23)
            bottom right (4,23)
    
        Box  3 is at 
            top left     (4,22)
            bottom right (4,22)
    
        Box  4 is at 
            top left     (4,21)
            bottom right (4,21)
    
        Box  5 is at 
            top left     (0,22)
            bottom right (0,23)
    
        Box  6 is at 
            top left     (7,0)
            bottom right (10,0)
    
        Box  7 is at 
            top left     (0,0)
            bottom right (3,0)
    
        Box  8 is at 
            top left     (8,21)
            bottom right (10,23)
    
        Box  9 is at 
            top left     (5,21)
            bottom right (7,23)
    
        Box 10 is at 
            top left     (1,21)
            bottom right (3,23)
    
        Box 11 is at 
            top left     (8,18)
            bottom right (10,20)
    
        Box 12 is at 
            top left     (5,18)
            bottom right (7,20)
    
        Roll length used: 24

    [1;34mTry max length:[0m 23
    [1;34m    At iteration:[0m 6
        lingeling found a solution in .330 ms

       | W
     L |  0  1  2 3 4  5  6  7  8  9 10 
    ------------------------------------
     0 |  7  7  7 7 .  .  .  6  6  6  6 
     1 |  .  .  . . .  .  .  .  .  .  . 
     2 |  .  .  . . .  .  .  .  .  .  . 
     3 |  .  .  . . .  .  .  .  .  .  . 
     4 |  .  .  . . .  .  .  .  .  .  . 
     5 |  .  .  . . .  .  .  .  .  .  . 
     6 |  .  .  . . .  .  .  .  .  .  . 
     7 |  .  .  . . .  .  .  .  .  .  . 
     8 |  .  .  . . .  .  .  .  .  .  . 
     9 |  .  .  . . 1  .  .  .  .  .  . 
    10 |  .  .  . . .  .  .  .  .  .  . 
    11 |  .  .  . . .  .  .  .  .  .  . 
    12 |  .  .  . . .  .  .  .  .  .  . 
    13 |  .  .  . . .  .  .  .  .  .  . 
    14 |  .  .  . . .  .  .  .  .  .  5 
    15 |  .  .  . . .  .  .  .  .  .  5 
    16 |  .  .  . . .  .  .  .  .  .  . 
    17 |  .  .  . . . 12 12 12 11 11 11 
    18 |  .  .  . . . 12 12 12 11 11 11 
    19 |  .  .  . . . 12 12 12 11 11 11 
    20 | 10 10 10 . .  9  9  9  8  8  8 
    21 | 10 10 10 . 4  9  9  9  8  8  8 
    22 | 10 10 10 3 2  9  9  9  8  8  8 
    
    Boxes' corners:       (w,l)
        Box  1 is at 
            top left     (4,9)
            bottom right (4,9)
    
        Box  2 is at 
            top left     (4,22)
            bottom right (4,22)
    
        Box  3 is at 
            top left     (3,22)
            bottom right (3,22)
    
        Box  4 is at 
            top left     (4,21)
            bottom right (4,21)
    
        Box  5 is at 
            top left     (10,14)
            bottom right (10,15)
    
        Box  6 is at 
            top left     (7,0)
            bottom right (10,0)
    
        Box  7 is at 
            top left     (0,0)
            bottom right (3,0)
    
        Box  8 is at 
            top left     (8,20)
            bottom right (10,22)
    
        Box  9 is at 
            top left     (5,20)
            bottom right (7,22)
    
        Box 10 is at 
            top left     (0,20)
            bottom right (2,22)
    
        Box 11 is at 
            top left     (8,17)
            bottom right (10,19)
    
        Box 12 is at 
            top left     (5,17)
            bottom right (7,19)
    
        Roll length used: 23

    [1;34mTry max length:[0m 22
    [1;34m    At iteration:[0m 7
        lingeling found a solution in .297 ms

       | W
     L |  0  1  2 3 4  5  6  7  8  9 10 
    ------------------------------------
     0 |  1  7  7 7 7  .  .  6  6  6  6 
     1 |  .  .  . . .  .  .  .  .  .  . 
     2 |  .  .  . . .  .  .  .  .  .  . 
     3 |  .  .  . . .  .  .  .  .  .  . 
     4 |  .  .  . . .  .  .  .  .  .  . 
     5 |  .  .  . . .  .  .  .  .  .  . 
     6 |  .  .  . . .  .  .  .  .  .  . 
     7 |  .  .  . . .  .  .  .  .  .  . 
     8 |  .  .  . . .  .  .  .  .  .  . 
     9 |  .  .  . . .  .  .  .  .  .  . 
    10 |  .  .  . . .  .  .  .  .  .  . 
    11 |  .  .  . . .  .  .  .  .  .  . 
    12 |  .  .  . . .  .  .  .  .  .  . 
    13 |  .  .  . . .  .  .  .  .  .  . 
    14 |  .  .  . . .  .  .  .  .  .  . 
    15 |  .  .  . . .  .  .  .  .  .  . 
    16 |  .  .  . . . 12 12 12 11 11 11 
    17 |  5  .  . . . 12 12 12 11 11 11 
    18 |  5  .  . . . 12 12 12 11 11 11 
    19 | 10 10 10 . .  9  9  9  8  8  8 
    20 | 10 10 10 . 4  9  9  9  8  8  8 
    21 | 10 10 10 3 2  9  9  9  8  8  8 
    
    Boxes' corners:       (w,l)
        Box  1 is at 
            top left     (0,0)
            bottom right (0,0)
    
        Box  2 is at 
            top left     (4,21)
            bottom right (4,21)
    
        Box  3 is at 
            top left     (3,21)
            bottom right (3,21)
    
        Box  4 is at 
            top left     (4,20)
            bottom right (4,20)
    
        Box  5 is at 
            top left     (0,17)
            bottom right (0,18)
    
        Box  6 is at 
            top left     (7,0)
            bottom right (10,0)
    
        Box  7 is at 
            top left     (1,0)
            bottom right (4,0)
    
        Box  8 is at 
            top left     (8,19)
            bottom right (10,21)
    
        Box  9 is at 
            top left     (5,19)
            bottom right (7,21)
    
        Box 10 is at 
            top left     (0,19)
            bottom right (2,21)
    
        Box 11 is at 
            top left     (8,16)
            bottom right (10,18)
    
        Box 12 is at 
            top left     (5,16)
            bottom right (7,18)
    
        Roll length used: 22

    [1;34mTry max length:[0m 21
    [1;34m    At iteration:[0m 8
        lingeling found a solution in .272 ms

       | W
     L | 0 1  2  3  4  5  6  7  8  9 10 
    ------------------------------------
     0 | 7 7  7  7  .  .  .  6  6  6  6 
     1 | . .  .  .  .  .  .  .  .  .  . 
     2 | . .  .  1  .  .  .  .  .  .  . 
     3 | . .  .  .  .  .  .  .  .  .  . 
     4 | . .  .  .  .  .  .  .  .  .  . 
     5 | . .  .  .  .  .  .  .  .  .  . 
     6 | . .  .  .  .  .  .  .  .  .  . 
     7 | . .  .  .  .  .  .  .  .  .  . 
     8 | . .  .  .  .  .  .  .  .  .  . 
     9 | . .  .  .  .  .  .  .  .  .  . 
    10 | . .  .  .  .  .  .  .  .  .  . 
    11 | . .  .  .  .  .  .  .  .  .  . 
    12 | . .  .  .  .  .  .  .  .  .  . 
    13 | . .  .  .  .  .  .  .  .  .  . 
    14 | . .  .  .  .  .  .  .  .  .  . 
    15 | . .  .  .  . 12 12 12 11 11 11 
    16 | . .  .  .  . 12 12 12 11 11 11 
    17 | . .  .  .  . 12 12 12 11 11 11 
    18 | . 4 10 10 10  9  9  9  8  8  8 
    19 | 5 3 10 10 10  9  9  9  8  8  8 
    20 | 5 2 10 10 10  9  9  9  8  8  8 
    
    Boxes' corners:       (w,l)
        Box  1 is at 
            top left     (3,2)
            bottom right (3,2)
    
        Box  2 is at 
            top left     (1,20)
            bottom right (1,20)
    
        Box  3 is at 
            top left     (1,19)
            bottom right (1,19)
    
        Box  4 is at 
            top left     (1,18)
            bottom right (1,18)
    
        Box  5 is at 
            top left     (0,19)
            bottom right (0,20)
    
        Box  6 is at 
            top left     (7,0)
            bottom right (10,0)
    
        Box  7 is at 
            top left     (0,0)
            bottom right (3,0)
    
        Box  8 is at 
            top left     (8,18)
            bottom right (10,20)
    
        Box  9 is at 
            top left     (5,18)
            bottom right (7,20)
    
        Box 10 is at 
            top left     (2,18)
            bottom right (4,20)
    
        Box 11 is at 
            top left     (8,15)
            bottom right (10,17)
    
        Box 12 is at 
            top left     (5,15)
            bottom right (7,17)
    
        Roll length used: 21

    [1;34mTry max length:[0m 20
    [1;34m    At iteration:[0m 9
        lingeling found a solution in .254 ms

       | W
     L |  0  1  2 3 4  5  6  7  8  9 10 
    ------------------------------------
     0 |  .  7  7 7 7  .  .  6  6  6  6 
     1 |  .  .  . . .  .  .  .  .  .  . 
     2 |  .  .  . . .  .  .  .  .  .  . 
     3 |  .  .  . . .  .  .  .  .  .  . 
     4 |  .  .  . . .  .  .  .  .  .  . 
     5 |  .  .  . . .  .  .  .  .  .  . 
     6 |  .  .  . . .  .  .  .  .  .  . 
     7 |  .  .  . . .  1  .  .  .  .  . 
     8 |  .  .  . . .  .  .  .  .  .  . 
     9 |  .  .  . . .  .  .  .  .  .  . 
    10 |  .  .  . . .  .  .  .  .  .  . 
    11 |  .  .  . . .  .  .  .  .  .  . 
    12 |  .  .  . . .  .  .  .  .  .  5 
    13 |  .  .  . . .  .  .  .  .  .  5 
    14 |  .  .  . . . 12 12 12 11 11 11 
    15 |  .  .  . . . 12 12 12 11 11 11 
    16 |  .  .  . . . 12 12 12 11 11 11 
    17 | 10 10 10 . .  9  9  9  8  8  8 
    18 | 10 10 10 . 4  9  9  9  8  8  8 
    19 | 10 10 10 3 2  9  9  9  8  8  8 
    
    Boxes' corners:       (w,l)
        Box  1 is at 
            top left     (5,7)
            bottom right (5,7)
    
        Box  2 is at 
            top left     (4,19)
            bottom right (4,19)
    
        Box  3 is at 
            top left     (3,19)
            bottom right (3,19)
    
        Box  4 is at 
            top left     (4,18)
            bottom right (4,18)
    
        Box  5 is at 
            top left     (10,12)
            bottom right (10,13)
    
        Box  6 is at 
            top left     (7,0)
            bottom right (10,0)
    
        Box  7 is at 
            top left     (1,0)
            bottom right (4,0)
    
        Box  8 is at 
            top left     (8,17)
            bottom right (10,19)
    
        Box  9 is at 
            top left     (5,17)
            bottom right (7,19)
    
        Box 10 is at 
            top left     (0,17)
            bottom right (2,19)
    
        Box 11 is at 
            top left     (8,14)
            bottom right (10,16)
    
        Box 12 is at 
            top left     (5,14)
            bottom right (7,16)
    
        Roll length used: 20

    [1;34mTry max length:[0m 19
    [1;34m    At iteration:[0m 10
        lingeling found a solution in .235 ms

       | W
     L | 0 1  2  3  4  5  6  7  8  9 10 
    ------------------------------------
     0 | . .  .  7  7  7  7  6  6  6  6 
     1 | . .  .  .  .  .  .  .  .  .  5 
     2 | . .  .  .  .  .  .  .  .  .  5 
     3 | . .  .  .  .  .  .  .  .  .  . 
     4 | . .  .  .  .  .  .  .  .  .  . 
     5 | . .  .  .  .  .  .  .  .  .  . 
     6 | 1 .  .  .  .  .  .  .  .  .  . 
     7 | . .  .  .  .  .  .  .  .  .  . 
     8 | . .  .  .  .  .  .  .  .  .  . 
     9 | . .  .  .  .  .  .  .  .  .  . 
    10 | . .  .  .  .  .  .  .  .  .  . 
    11 | . .  .  .  .  .  .  .  .  .  . 
    12 | . .  .  .  .  .  .  .  .  .  . 
    13 | . .  .  .  . 12 12 12 11 11 11 
    14 | . .  .  .  . 12 12 12 11 11 11 
    15 | . .  .  .  . 12 12 12 11 11 11 
    16 | . . 10 10 10  9  9  9  8  8  8 
    17 | . 4 10 10 10  9  9  9  8  8  8 
    18 | 3 2 10 10 10  9  9  9  8  8  8 
    
    Boxes' corners:       (w,l)
        Box  1 is at 
            top left     (0,6)
            bottom right (0,6)
    
        Box  2 is at 
            top left     (1,18)
            bottom right (1,18)
    
        Box  3 is at 
            top left     (0,18)
            bottom right (0,18)
    
        Box  4 is at 
            top left     (1,17)
            bottom right (1,17)
    
        Box  5 is at 
            top left     (10,1)
            bottom right (10,2)
    
        Box  6 is at 
            top left     (7,0)
            bottom right (10,0)
    
        Box  7 is at 
            top left     (3,0)
            bottom right (6,0)
    
        Box  8 is at 
            top left     (8,16)
            bottom right (10,18)
    
        Box  9 is at 
            top left     (5,16)
            bottom right (7,18)
    
        Box 10 is at 
            top left     (2,16)
            bottom right (4,18)
    
        Box 11 is at 
            top left     (8,13)
            bottom right (10,15)
    
        Box 12 is at 
            top left     (5,13)
            bottom right (7,15)
    
        Roll length used: 19

    [1;34mTry max length:[0m 18
    [1;34m    At iteration:[0m 11
        lingeling found a solution in .226 ms

       | W
     L |  0  1  2 3 4  5  6  7  8  9 10 
    ------------------------------------
     0 |  .  6  6 6 6  .  .  .  .  .  . 
     1 |  .  .  . . .  .  7  7  7  7  . 
     2 |  .  .  . . .  .  .  .  .  .  . 
     3 |  .  .  . . .  .  .  .  .  .  . 
     4 |  .  .  . . .  .  .  .  .  .  . 
     5 |  .  .  . . .  .  .  .  .  .  . 
     6 |  .  .  . . .  .  .  .  .  .  . 
     7 |  .  .  . . .  .  .  .  .  .  . 
     8 |  .  1  . . .  .  .  .  .  .  . 
     9 |  .  .  . . .  .  .  .  .  .  . 
    10 |  .  .  . . .  .  .  .  .  .  . 
    11 |  .  .  . . .  .  .  .  .  .  . 
    12 |  .  .  . . . 12 12 12 11 11 11 
    13 |  5  .  . . . 12 12 12 11 11 11 
    14 |  5  .  . . . 12 12 12 11 11 11 
    15 | 10 10 10 . .  9  9  9  8  8  8 
    16 | 10 10 10 . 4  9  9  9  8  8  8 
    17 | 10 10 10 3 2  9  9  9  8  8  8 
    
    Boxes' corners:       (w,l)
        Box  1 is at 
            top left     (1,8)
            bottom right (1,8)
    
        Box  2 is at 
            top left     (4,17)
            bottom right (4,17)
    
        Box  3 is at 
            top left     (3,17)
            bottom right (3,17)
    
        Box  4 is at 
            top left     (4,16)
            bottom right (4,16)
    
        Box  5 is at 
            top left     (0,13)
            bottom right (0,14)
    
        Box  6 is at 
            top left     (1,0)
            bottom right (4,0)
    
        Box  7 is at 
            top left     (6,1)
            bottom right (9,1)
    
        Box  8 is at 
            top left     (8,15)
            bottom right (10,17)
    
        Box  9 is at 
            top left     (5,15)
            bottom right (7,17)
    
        Box 10 is at 
            top left     (0,15)
            bottom right (2,17)
    
        Box 11 is at 
            top left     (8,12)
            bottom right (10,14)
    
        Box 12 is at 
            top left     (5,12)
            bottom right (7,14)
    
        Roll length used: 18

    [1;34mTry max length:[0m 17
    [1;34m    At iteration:[0m 12
        lingeling found a solution in .206 ms

       | W
     L | 0  1  2  3 4  5  6  7  8  9 10 
    ------------------------------------
     0 | 7  7  7  7 .  .  .  6  6  6  6 
     1 | .  .  .  . .  .  .  .  .  .  . 
     2 | .  .  .  . .  .  .  .  .  .  . 
     3 | .  .  .  . .  .  .  .  .  .  . 
     4 | .  .  .  . .  .  .  .  .  .  . 
     5 | .  .  .  . .  .  .  .  .  .  . 
     6 | .  .  .  . .  .  .  .  .  .  . 
     7 | .  .  .  . .  .  .  .  .  .  . 
     8 | 1  .  .  . .  .  .  .  .  .  . 
     9 | .  .  .  . .  .  .  .  .  .  5 
    10 | .  .  .  . .  .  .  .  .  .  5 
    11 | .  .  .  . . 12 12 12 11 11 11 
    12 | .  .  .  . . 12 12 12 11 11 11 
    13 | .  .  .  . . 12 12 12 11 11 11 
    14 | . 10 10 10 .  9  9  9  8  8  8 
    15 | . 10 10 10 4  9  9  9  8  8  8 
    16 | 3 10 10 10 2  9  9  9  8  8  8 
    
    Boxes' corners:       (w,l)
        Box  1 is at 
            top left     (0,8)
            bottom right (0,8)
    
        Box  2 is at 
            top left     (4,16)
            bottom right (4,16)
    
        Box  3 is at 
            top left     (0,16)
            bottom right (0,16)
    
        Box  4 is at 
            top left     (4,15)
            bottom right (4,15)
    
        Box  5 is at 
            top left     (10,9)
            bottom right (10,10)
    
        Box  6 is at 
            top left     (7,0)
            bottom right (10,0)
    
        Box  7 is at 
            top left     (0,0)
            bottom right (3,0)
    
        Box  8 is at 
            top left     (8,14)
            bottom right (10,16)
    
        Box  9 is at 
            top left     (5,14)
            bottom right (7,16)
    
        Box 10 is at 
            top left     (1,14)
            bottom right (3,16)
    
        Box 11 is at 
            top left     (8,11)
            bottom right (10,13)
    
        Box 12 is at 
            top left     (5,11)
            bottom right (7,13)
    
        Roll length used: 17

    [1;34mTry max length:[0m 16
    [1;34m    At iteration:[0m 13
        lingeling found a solution in .193 ms

       | W
     L | 0  1  2  3 4  5  6  7  8  9 10 
    ------------------------------------
     0 | 7  7  7  7 .  .  .  6  6  6  6 
     1 | .  .  .  . .  .  .  .  .  .  . 
     2 | .  .  1  . .  .  .  .  .  .  5 
     3 | .  .  .  . .  .  .  .  .  .  5 
     4 | .  .  .  . .  .  .  .  .  .  . 
     5 | .  .  .  . .  .  .  .  .  .  . 
     6 | .  .  .  . .  .  .  .  .  .  . 
     7 | .  .  .  . .  .  .  .  .  .  . 
     8 | .  .  .  . .  .  .  .  .  .  . 
     9 | .  .  .  . .  .  .  .  .  .  . 
    10 | .  .  .  . . 12 12 12 11 11 11 
    11 | .  .  .  . . 12 12 12 11 11 11 
    12 | .  .  .  . . 12 12 12 11 11 11 
    13 | . 10 10 10 .  9  9  9  8  8  8 
    14 | . 10 10 10 4  9  9  9  8  8  8 
    15 | 3 10 10 10 2  9  9  9  8  8  8 
    
    Boxes' corners:       (w,l)
        Box  1 is at 
            top left     (2,2)
            bottom right (2,2)
    
        Box  2 is at 
            top left     (4,15)
            bottom right (4,15)
    
        Box  3 is at 
            top left     (0,15)
            bottom right (0,15)
    
        Box  4 is at 
            top left     (4,14)
            bottom right (4,14)
    
        Box  5 is at 
            top left     (10,2)
            bottom right (10,3)
    
        Box  6 is at 
            top left     (7,0)
            bottom right (10,0)
    
        Box  7 is at 
            top left     (0,0)
            bottom right (3,0)
    
        Box  8 is at 
            top left     (8,13)
            bottom right (10,15)
    
        Box  9 is at 
            top left     (5,13)
            bottom right (7,15)
    
        Box 10 is at 
            top left     (1,13)
            bottom right (3,15)
    
        Box 11 is at 
            top left     (8,10)
            bottom right (10,12)
    
        Box 12 is at 
            top left     (5,10)
            bottom right (7,12)
    
        Roll length used: 16

    [1;34mTry max length:[0m 15
    [1;34m    At iteration:[0m 14
        lingeling found a solution in .175 ms

       | W
     L | 0  1  2  3 4  5  6  7  8  9 10 
    ------------------------------------
     0 | .  7  7  7 7  .  .  6  6  6  6 
     1 | .  .  .  . .  .  .  .  .  .  . 
     2 | .  .  .  . .  .  .  .  .  .  . 
     3 | .  .  .  . .  .  .  .  .  .  5 
     4 | .  .  .  . .  .  .  .  .  .  5 
     5 | .  .  .  . .  .  .  .  .  .  . 
     6 | .  1  .  . .  .  .  .  .  .  . 
     7 | .  .  .  . .  .  .  .  .  .  . 
     8 | .  .  .  . .  .  .  .  .  .  . 
     9 | .  .  .  . . 12 12 12 11 11 11 
    10 | .  .  .  . . 12 12 12 11 11 11 
    11 | .  .  .  . . 12 12 12 11 11 11 
    12 | . 10 10 10 .  9  9  9  8  8  8 
    13 | . 10 10 10 4  9  9  9  8  8  8 
    14 | 3 10 10 10 2  9  9  9  8  8  8 
    
    Boxes' corners:       (w,l)
        Box  1 is at 
            top left     (1,6)
            bottom right (1,6)
    
        Box  2 is at 
            top left     (4,14)
            bottom right (4,14)
    
        Box  3 is at 
            top left     (0,14)
            bottom right (0,14)
    
        Box  4 is at 
            top left     (4,13)
            bottom right (4,13)
    
        Box  5 is at 
            top left     (10,3)
            bottom right (10,4)
    
        Box  6 is at 
            top left     (7,0)
            bottom right (10,0)
    
        Box  7 is at 
            top left     (1,0)
            bottom right (4,0)
    
        Box  8 is at 
            top left     (8,12)
            bottom right (10,14)
    
        Box  9 is at 
            top left     (5,12)
            bottom right (7,14)
    
        Box 10 is at 
            top left     (1,12)
            bottom right (3,14)
    
        Box 11 is at 
            top left     (8,9)
            bottom right (10,11)
    
        Box 12 is at 
            top left     (5,9)
            bottom right (7,11)
    
        Roll length used: 15

    [1;34mTry max length:[0m 14
    [1;34m    At iteration:[0m 15
        lingeling found a solution in .164 ms

       | W
     L | 0  1  2  3 4  5  6  7  8  9 10 
    ------------------------------------
     0 | .  7  7  7 7  .  .  6  6  6  6 
     1 | .  .  .  . .  .  .  .  .  .  . 
     2 | .  .  .  . .  .  .  .  .  .  . 
     3 | .  .  .  . .  .  .  .  .  .  . 
     4 | .  .  .  . .  .  .  .  .  .  . 
     5 | .  .  .  . .  .  .  .  .  .  . 
     6 | .  .  .  . .  .  .  .  .  .  5 
     7 | .  .  .  . .  1  .  .  .  .  5 
     8 | .  .  .  . . 12 12 12 11 11 11 
     9 | .  .  .  . . 12 12 12 11 11 11 
    10 | .  .  .  . . 12 12 12 11 11 11 
    11 | . 10 10 10 .  9  9  9  8  8  8 
    12 | . 10 10 10 4  9  9  9  8  8  8 
    13 | 3 10 10 10 2  9  9  9  8  8  8 
    
    Boxes' corners:       (w,l)
        Box  1 is at 
            top left     (5,7)
            bottom right (5,7)
    
        Box  2 is at 
            top left     (4,13)
            bottom right (4,13)
    
        Box  3 is at 
            top left     (0,13)
            bottom right (0,13)
    
        Box  4 is at 
            top left     (4,12)
            bottom right (4,12)
    
        Box  5 is at 
            top left     (10,6)
            bottom right (10,7)
    
        Box  6 is at 
            top left     (7,0)
            bottom right (10,0)
    
        Box  7 is at 
            top left     (1,0)
            bottom right (4,0)
    
        Box  8 is at 
            top left     (8,11)
            bottom right (10,13)
    
        Box  9 is at 
            top left     (5,11)
            bottom right (7,13)
    
        Box 10 is at 
            top left     (1,11)
            bottom right (3,13)
    
        Box 11 is at 
            top left     (8,8)
            bottom right (10,10)
    
        Box 12 is at 
            top left     (5,8)
            bottom right (7,10)
    
        Roll length used: 14

    [1;34mTry max length:[0m 13
    [1;34m    At iteration:[0m 16
        lingeling found a solution in .148 ms

       | W
     L | 0  1  2  3 4  5  6  7  8  9 10 
    ------------------------------------
     0 | 7  7  7  7 .  .  .  6  6  6  6 
     1 | .  .  .  . .  .  .  .  .  .  . 
     2 | .  .  .  . .  .  .  .  .  .  . 
     3 | .  .  .  . .  .  .  .  .  .  . 
     4 | .  .  .  . .  .  .  .  .  .  . 
     5 | .  .  .  . .  .  .  .  .  .  . 
     6 | .  .  .  . .  1  .  .  .  .  . 
     7 | .  .  .  . . 12 12 12 11 11 11 
     8 | .  .  .  . . 12 12 12 11 11 11 
     9 | .  .  .  . . 12 12 12 11 11 11 
    10 | . 10 10 10 4  9  9  9  8  8  8 
    11 | 5 10 10 10 3  9  9  9  8  8  8 
    12 | 5 10 10 10 2  9  9  9  8  8  8 
    
    Boxes' corners:       (w,l)
        Box  1 is at 
            top left     (5,6)
            bottom right (5,6)
    
        Box  2 is at 
            top left     (4,12)
            bottom right (4,12)
    
        Box  3 is at 
            top left     (4,11)
            bottom right (4,11)
    
        Box  4 is at 
            top left     (4,10)
            bottom right (4,10)
    
        Box  5 is at 
            top left     (0,11)
            bottom right (0,12)
    
        Box  6 is at 
            top left     (7,0)
            bottom right (10,0)
    
        Box  7 is at 
            top left     (0,0)
            bottom right (3,0)
    
        Box  8 is at 
            top left     (8,10)
            bottom right (10,12)
    
        Box  9 is at 
            top left     (5,10)
            bottom right (7,12)
    
        Box 10 is at 
            top left     (1,10)
            bottom right (3,12)
    
        Box 11 is at 
            top left     (8,7)
            bottom right (10,9)
    
        Box 12 is at 
            top left     (5,7)
            bottom right (7,9)
    
        Roll length used: 13

    [1;34mTry max length:[0m 12
    [1;34m    At iteration:[0m 17
        lingeling found a solution in .155 ms

       | W
     L |  0  1  2  3  4  5  6  7  8 9 10 
    -------------------------------------
     0 |  .  7  7  7  7  .  .  6  6 6  6 
     1 |  .  .  1  .  .  .  .  .  . .  . 
     2 |  .  .  .  .  .  . 10 10 10 .  . 
     3 |  .  .  .  .  .  . 10 10 10 .  . 
     4 |  .  .  .  .  .  . 10 10 10 .  . 
     5 |  .  .  .  .  .  .  .  .  . .  . 
     6 |  .  .  .  .  .  .  .  .  9 9  9 
     7 |  .  .  . 12 12 12  .  .  9 9  9 
     8 |  .  .  . 12 12 12  .  .  9 9  9 
     9 | 11 11 11 12 12 12  .  8  8 8  . 
    10 | 11 11 11  .  .  .  .  8  8 8  5 
    11 | 11 11 11  .  4  3  2  8  8 8  5 
    
    Boxes' corners:       (w,l)
        Box  1 is at 
            top left     (2,1)
            bottom right (2,1)
    
        Box  2 is at 
            top left     (6,11)
            bottom right (6,11)
    
        Box  3 is at 
            top left     (5,11)
            bottom right (5,11)
    
        Box  4 is at 
            top left     (4,11)
            bottom right (4,11)
    
        Box  5 is at 
            top left     (10,10)
            bottom right (10,11)
    
        Box  6 is at 
            top left     (7,0)
            bottom right (10,0)
    
        Box  7 is at 
            top left     (1,0)
            bottom right (4,0)
    
        Box  8 is at 
            top left     (7,9)
            bottom right (9,11)
    
        Box  9 is at 
            top left     (8,6)
            bottom right (10,8)
    
        Box 10 is at 
            top left     (6,2)
            bottom right (8,4)
    
        Box 11 is at 
            top left     (0,9)
            bottom right (2,11)
    
        Box 12 is at 
            top left     (3,7)
            bottom right (5,9)
    
        Roll length used: 12

    [1;34mTry max length:[0m 11
    [1;34m    At iteration:[0m 18
        lingeling found a solution in .129 ms

       | W
     L |  0  1  2 3  4  5  6 7  8  9 10 
    ------------------------------------
     0 |  7  .  . .  .  .  . .  .  .  . 
     1 |  7  .  . .  .  .  . . 10 10 10 
     2 |  7  .  . .  .  .  . . 10 10 10 
     3 |  7  .  . . 12 12 12 . 10 10 10 
     4 |  6  .  . . 12 12 12 .  .  .  . 
     5 |  6  .  . 1 12 12 12 .  .  .  . 
     6 |  6  .  . .  .  .  . .  .  .  . 
     7 |  6  .  . .  .  .  . .  .  .  . 
     8 | 11 11 11 5  .  8  8 8  9  9  9 
     9 | 11 11 11 5  4  8  8 8  9  9  9 
    10 | 11 11 11 3  2  8  8 8  9  9  9 
    
    Boxes' corners:       (w,l)
        Box  1 is at 
            top left     (3,5)
            bottom right (3,5)
    
        Box  2 is at 
            top left     (4,10)
            bottom right (4,10)
    
        Box  3 is at 
            top left     (3,10)
            bottom right (3,10)
    
        Box  4 is at 
            top left     (4,9)
            bottom right (4,9)
    
        Box  5 is at 
            top left     (3,8)
            bottom right (3,9)
    
        Box  6 is at 
            top left     (0,4)
            bottom right (0,7)
    
        Box  7 is at 
            top left     (0,0)
            bottom right (0,3)
    
        Box  8 is at 
            top left     (5,8)
            bottom right (7,10)
    
        Box  9 is at 
            top left     (8,8)
            bottom right (10,10)
    
        Box 10 is at 
            top left     (8,1)
            bottom right (10,3)
    
        Box 11 is at 
            top left     (0,8)
            bottom right (2,10)
    
        Box 12 is at 
            top left     (4,3)
            bottom right (6,5)
    
        Roll length used: 11

    [1;34mTry max length:[0m 10
    [1;34m    At iteration:[0m 19
        lingeling found a solution in .109 ms

       | W
     L | 0  1  2  3 4 5 6 7  8  9 10 
    ---------------------------------
     0 | 5  .  .  . . . . . 12 12 12 
     1 | 5  .  .  . . . . . 12 12 12 
     2 | 7  .  .  . . . . . 12 12 12 
     3 | 7  .  .  . . 1 . .  .  .  . 
     4 | 7  .  .  . . . . . 11 11 11 
     5 | 7  .  .  . . . . . 11 11 11 
     6 | 6  .  .  . . . . . 11 11 11 
     7 | 6 10 10 10 4 9 9 9  8  8  8 
     8 | 6 10 10 10 3 9 9 9  8  8  8 
     9 | 6 10 10 10 2 9 9 9  8  8  8 
    
    Boxes' corners:       (w,l)
        Box  1 is at 
            top left     (5,3)
            bottom right (5,3)
    
        Box  2 is at 
            top left     (4,9)
            bottom right (4,9)
    
        Box  3 is at 
            top left     (4,8)
            bottom right (4,8)
    
        Box  4 is at 
            top left     (4,7)
            bottom right (4,7)
    
        Box  5 is at 
            top left     (0,0)
            bottom right (0,1)
    
        Box  6 is at 
            top left     (0,6)
            bottom right (0,9)
    
        Box  7 is at 
            top left     (0,2)
            bottom right (0,5)
    
        Box  8 is at 
            top left     (8,7)
            bottom right (10,9)
    
        Box  9 is at 
            top left     (5,7)
            bottom right (7,9)
    
        Box 10 is at 
            top left     (1,7)
            bottom right (3,9)
    
        Box 11 is at 
            top left     (8,4)
            bottom right (10,6)
    
        Box 12 is at 
            top left     (8,0)
            bottom right (10,2)
    
        Roll length used: 10

    [1;34mTry max length:[0m 9
    [1;34m    At iteration:[0m 20
        lingeling found a solution in .101 ms

      | W
    L | 0  1  2  3 4 5 6 7  8  9 10 
    ---------------------------------
    0 | 7  .  .  . . . . . 12 12 12 
    1 | 7  .  .  . . . . . 12 12 12 
    2 | 7  .  .  . . . . . 12 12 12 
    3 | 7  .  .  . . . . . 11 11 11 
    4 | .  .  .  1 . . . . 11 11 11 
    5 | 6  4  .  . . . . 3 11 11 11 
    6 | 6 10 10 10 2 9 9 9  8  8  8 
    7 | 6 10 10 10 5 9 9 9  8  8  8 
    8 | 6 10 10 10 5 9 9 9  8  8  8 
    
    Boxes' corners:       (w,l)
        Box  1 is at 
            top left     (3,4)
            bottom right (3,4)
    
        Box  2 is at 
            top left     (4,6)
            bottom right (4,6)
    
        Box  3 is at 
            top left     (7,5)
            bottom right (7,5)
    
        Box  4 is at 
            top left     (1,5)
            bottom right (1,5)
    
        Box  5 is at 
            top left     (4,7)
            bottom right (4,8)
    
        Box  6 is at 
            top left     (0,5)
            bottom right (0,8)
    
        Box  7 is at 
            top left     (0,0)
            bottom right (0,3)
    
        Box  8 is at 
            top left     (8,6)
            bottom right (10,8)
    
        Box  9 is at 
            top left     (5,6)
            bottom right (7,8)
    
        Box 10 is at 
            top left     (1,6)
            bottom right (3,8)
    
        Box 11 is at 
            top left     (8,3)
            bottom right (10,5)
    
        Box 12 is at 
            top left     (8,0)
            bottom right (10,2)
    
        Roll length used: 9

    [1;34mTry max length:[0m 8
    [1;34m    At iteration:[0m 21
        lingeling found a solution in .089 ms

      | W
    L | 0  1  2  3  4  5  6  7  8 9 10 
    ------------------------------------
    0 | 7  .  .  .  .  .  .  .  . 5  5 
    1 | 7  .  .  .  6  6  6  6  . 3  4 
    2 | 7 12 12 12  .  . 11 11 11 .  . 
    3 | 7 12 12 12  .  . 11 11 11 .  . 
    4 | 1 12 12 12  .  . 11 11 11 .  . 
    5 | 9  9  9 10 10 10  .  2  8 8  8 
    6 | 9  9  9 10 10 10  .  .  8 8  8 
    7 | 9  9  9 10 10 10  .  .  8 8  8 
    
    Boxes' corners:       (w,l)
        Box  1 is at 
            top left     (0,4)
            bottom right (0,4)
    
        Box  2 is at 
            top left     (7,5)
            bottom right (7,5)
    
        Box  3 is at 
            top left     (9,1)
            bottom right (9,1)
    
        Box  4 is at 
            top left     (10,1)
            bottom right (10,1)
    
        Box  5 is at 
            top left     (9,0)
            bottom right (10,0)
    
        Box  6 is at 
            top left     (4,1)
            bottom right (7,1)
    
        Box  7 is at 
            top left     (0,0)
            bottom right (0,3)
    
        Box  8 is at 
            top left     (8,5)
            bottom right (10,7)
    
        Box  9 is at 
            top left     (0,5)
            bottom right (2,7)
    
        Box 10 is at 
            top left     (3,5)
            bottom right (5,7)
    
        Box 11 is at 
            top left     (6,2)
            bottom right (8,4)
    
        Box 12 is at 
            top left     (1,2)
            bottom right (3,4)
    
        Roll length used: 8

    [1;34mTry max length:[0m 7
    [1;34m    At iteration:[0m 22
        lingeling found a solution in .074 ms

      | W
    L |  0  1  2  3  4  5 6 7  8  9 10 
    ------------------------------------
    0 |  7  .  .  .  .  6 6 6  6  2  . 
    1 |  7  .  .  .  .  9 9 9 12 12 12 
    2 |  7  .  .  .  .  9 9 9 12 12 12 
    3 |  7  5  5  1  .  9 9 9 12 12 12 
    4 | 11 11 11 10 10 10 . 4  8  8  8 
    5 | 11 11 11 10 10 10 . 3  8  8  8 
    6 | 11 11 11 10 10 10 . .  8  8  8 
    
    Boxes' corners:       (w,l)
        Box  1 is at 
            top left     (3,3)
            bottom right (3,3)
    
        Box  2 is at 
            top left     (9,0)
            bottom right (9,0)
    
        Box  3 is at 
            top left     (7,5)
            bottom right (7,5)
    
        Box  4 is at 
            top left     (7,4)
            bottom right (7,4)
    
        Box  5 is at 
            top left     (1,3)
            bottom right (2,3)
    
        Box  6 is at 
            top left     (5,0)
            bottom right (8,0)
    
        Box  7 is at 
            top left     (0,0)
            bottom right (0,3)
    
        Box  8 is at 
            top left     (8,4)
            bottom right (10,6)
    
        Box  9 is at 
            top left     (5,1)
            bottom right (7,3)
    
        Box 10 is at 
            top left     (3,4)
            bottom right (5,6)
    
        Box 11 is at 
            top left     (0,4)
            bottom right (2,6)
    
        Box 12 is at 
            top left     (8,1)
            bottom right (10,3)
    
        Roll length used: 7

    [1;34mTry max length:[0m 6
    [1;34m    At iteration:[0m 23
        lingeling found a solution in .071 ms

      | W
    L |  0  1  2  3  4  5 6 7 8 9 10 
    ----------------------------------
    0 |  .  .  . 10 10 10 8 8 8 .  5 
    1 |  1  3  . 10 10 10 8 8 8 7  5 
    2 | 11 11 11 10 10 10 8 8 8 7  6 
    3 | 11 11 11 12 12 12 9 9 9 7  6 
    4 | 11 11 11 12 12 12 9 9 9 7  6 
    5 |  .  4  2 12 12 12 9 9 9 .  6 
    
    Boxes' corners:       (w,l)
        Box  1 is at 
            top left     (0,1)
            bottom right (0,1)
    
        Box  2 is at 
            top left     (2,5)
            bottom right (2,5)
    
        Box  3 is at 
            top left     (1,1)
            bottom right (1,1)
    
        Box  4 is at 
            top left     (1,5)
            bottom right (1,5)
    
        Box  5 is at 
            top left     (10,0)
            bottom right (10,1)
    
        Box  6 is at 
            top left     (10,2)
            bottom right (10,5)
    
        Box  7 is at 
            top left     (9,1)
            bottom right (9,4)
    
        Box  8 is at 
            top left     (6,0)
            bottom right (8,2)
    
        Box  9 is at 
            top left     (6,3)
            bottom right (8,5)
    
        Box 10 is at 
            top left     (3,0)
            bottom right (5,2)
    
        Box 11 is at 
            top left     (0,2)
            bottom right (2,4)
    
        Box 12 is at 
            top left     (3,3)
            bottom right (5,5)
    
        Roll length used: 6

    [1;34mTry max length:[0m 5
    [1;34m    At iteration:[0m 24
        [3;31mlingeling determined unsatisfiability of the Boolean formula[0m
        [1;32mOptimality reached![0m
