Wed 6 Jun 09:03:51 CEST 2018
    [1;34mTry max length:[0m 999999
    [1;34m    At iteration:[0m 0
        lingeling found a solution in .211 ms

       | W
     L |  0 1 2 3 4 
    ---------------
     0 |  2 2 2 2 . 
     1 |  2 2 2 2 . 
     2 |  2 2 2 2 . 
     3 |  2 2 2 2 . 
     4 |  2 2 2 2 . 
     5 |  2 2 2 2 . 
     6 |  . . . . . 
     7 |  . . . . . 
     8 |  . . . . . 
     9 |  . . . . . 
    10 |  . . . . . 
    11 |  . . . . . 
    12 |  . . . . . 
    13 |  . . . . . 
    14 |  . . . . . 
    15 |  . . . . . 
    16 |  . . . . . 
    17 |  . . . . . 
    18 |  . 1 1 1 1 
    19 |  . 1 1 1 1 
    20 |  . 1 1 1 1 
    21 |  . 1 1 1 1 
    22 | 12 1 1 1 1 
    23 | 11 1 1 1 1 
    24 | 10 4 4 4 4 
    25 | 10 4 4 4 4 
    26 |  9 4 4 4 4 
    27 |  9 4 4 4 4 
    28 |  8 4 4 4 4 
    29 |  8 4 4 4 4 
    30 |  6 . . . . 
    31 |  6 . . . . 
    32 |  3 3 3 3 . 
    33 |  3 3 3 3 . 
    34 |  3 3 3 3 7 
    35 |  3 3 3 3 7 
    36 |  3 3 3 3 5 
    37 |  3 3 3 3 5 
    
    Boxes' corners:       (w,l)
        Box  1 is at 
            top left     (1,18)
            bottom right (4,23)
    
        Box  2 is at 
            top left     (0,0)
            bottom right (3,5)
    
        Box  3 is at 
            top left     (0,32)
            bottom right (3,37)
    
        Box  4 is at 
            top left     (1,24)
            bottom right (4,29)
    
        Box  5 is at 
            top left     (4,36)
            bottom right (4,37)
    
        Box  6 is at 
            top left     (0,30)
            bottom right (0,31)
    
        Box  7 is at 
            top left     (4,34)
            bottom right (4,35)
    
        Box  8 is at 
            top left     (0,28)
            bottom right (0,29)
    
        Box  9 is at 
            top left     (0,26)
            bottom right (0,27)
    
        Box 10 is at 
            top left     (0,24)
            bottom right (0,25)
    
        Box 11 is at 
            top left     (0,23)
            bottom right (0,23)
    
        Box 12 is at 
            top left     (0,22)
            bottom right (0,22)
    
        Roll length used: 38

    [1;34mTry max length:[0m 37
    [1;34m    At iteration:[0m 1
        lingeling found a solution in .224 ms

       | W
     L |  0 1  2  3 4 
    -----------------
     0 |  . .  .  . . 
     1 |  . .  .  . . 
     2 |  . .  .  . . 
     3 |  . .  .  . . 
     4 |  . .  .  . . 
     5 |  2 2  2  2 . 
     6 |  2 2  2  2 . 
     7 |  2 2  2  2 . 
     8 |  2 2  2  2 . 
     9 |  2 2  2  2 . 
    10 |  2 2  2  2 . 
    11 |  1 1  1  1 . 
    12 |  1 1  1  1 . 
    13 |  1 1  1  1 . 
    14 |  1 1  1  1 . 
    15 |  1 1  1  1 . 
    16 |  1 1  1  1 . 
    17 |  . .  .  . . 
    18 |  3 3  3  3 . 
    19 |  3 3  3  3 . 
    20 |  3 3  3  3 . 
    21 |  3 3  3  3 . 
    22 |  3 3  3  3 . 
    23 |  3 3  3  3 . 
    24 |  . .  .  . . 
    25 |  . .  .  . . 
    26 |  . .  .  . . 
    27 | 10 .  .  . . 
    28 | 10 .  .  . . 
    29 |  8 .  .  . 9 
    30 |  8 . 12 11 9 
    31 |  7 4  4  4 4 
    32 |  7 4  4  4 4 
    33 |  6 4  4  4 4 
    34 |  6 4  4  4 4 
    35 |  5 4  4  4 4 
    36 |  5 4  4  4 4 
    
    Boxes' corners:       (w,l)
        Box  1 is at 
            top left     (0,11)
            bottom right (3,16)
    
        Box  2 is at 
            top left     (0,5)
            bottom right (3,10)
    
        Box  3 is at 
            top left     (0,18)
            bottom right (3,23)
    
        Box  4 is at 
            top left     (1,31)
            bottom right (4,36)
    
        Box  5 is at 
            top left     (0,35)
            bottom right (0,36)
    
        Box  6 is at 
            top left     (0,33)
            bottom right (0,34)
    
        Box  7 is at 
            top left     (0,31)
            bottom right (0,32)
    
        Box  8 is at 
            top left     (0,29)
            bottom right (0,30)
    
        Box  9 is at 
            top left     (4,29)
            bottom right (4,30)
    
        Box 10 is at 
            top left     (0,27)
            bottom right (0,28)
    
        Box 11 is at 
            top left     (3,30)
            bottom right (3,30)
    
        Box 12 is at 
            top left     (2,30)
            bottom right (2,30)
    
        Roll length used: 37

    [1;34mTry max length:[0m 36
    [1;34m    At iteration:[0m 2
        lingeling found a solution in .213 ms

       | W
     L | 0  1 2  3  4 
    -----------------
     0 | .  . .  .  . 
     1 | .  1 1  1  1 
     2 | .  1 1  1  1 
     3 | .  1 1  1  1 
     4 | .  1 1  1  1 
     5 | .  1 1  1  1 
     6 | .  1 1  1  1 
     7 | 4  4 4  4  . 
     8 | 4  4 4  4  . 
     9 | 4  4 4  4  . 
    10 | 4  4 4  4  . 
    11 | 4  4 4  4  . 
    12 | 4  4 4  4  . 
    13 | .  . .  .  . 
    14 | .  . .  .  . 
    15 | .  . .  .  . 
    16 | .  . .  .  . 
    17 | 2  2 2  2  . 
    18 | 2  2 2  2  . 
    19 | 2  2 2  2  . 
    20 | 2  2 2  2  . 
    21 | 2  2 2  2  . 
    22 | 2  2 2  2  . 
    23 | .  . .  .  . 
    24 | .  . .  .  7 
    25 | .  . .  .  7 
    26 | 3  3 3  3  . 
    27 | 3  3 3  3  . 
    28 | 3  3 3  3  . 
    29 | 3  3 3  3  8 
    30 | 3  3 3  3  8 
    31 | 3  3 3  3  . 
    32 | 6  . .  .  . 
    33 | 6  . .  .  . 
    34 | 5  . 9  . 10 
    35 | 5 12 9 11 10 
    
    Boxes' corners:       (w,l)
        Box  1 is at 
            top left     (1,1)
            bottom right (4,6)
    
        Box  2 is at 
            top left     (0,17)
            bottom right (3,22)
    
        Box  3 is at 
            top left     (0,26)
            bottom right (3,31)
    
        Box  4 is at 
            top left     (0,7)
            bottom right (3,12)
    
        Box  5 is at 
            top left     (0,34)
            bottom right (0,35)
    
        Box  6 is at 
            top left     (0,32)
            bottom right (0,33)
    
        Box  7 is at 
            top left     (4,24)
            bottom right (4,25)
    
        Box  8 is at 
            top left     (4,29)
            bottom right (4,30)
    
        Box  9 is at 
            top left     (2,34)
            bottom right (2,35)
    
        Box 10 is at 
            top left     (4,34)
            bottom right (4,35)
    
        Box 11 is at 
            top left     (3,35)
            bottom right (3,35)
    
        Box 12 is at 
            top left     (1,35)
            bottom right (1,35)
    
        Roll length used: 36

    [1;34mTry max length:[0m 35
    [1;34m    At iteration:[0m 3
        lingeling found a solution in .206 ms

       | W
     L |  0 1  2  3 4 
    -----------------
     0 |  . .  .  . . 
     1 |  . .  .  . . 
     2 |  . .  .  . . 
     3 |  . .  .  . . 
     4 |  . 1  1  1 1 
     5 |  . 1  1  1 1 
     6 |  . 1  1  1 1 
     7 |  . 1  1  1 1 
     8 |  . 1  1  1 1 
     9 |  . 1  1  1 1 
    10 |  . .  .  . . 
    11 |  2 2  2  2 . 
    12 |  2 2  2  2 . 
    13 |  2 2  2  2 . 
    14 |  2 2  2  2 . 
    15 |  2 2  2  2 . 
    16 |  2 2  2  2 . 
    17 |  . 3  3  3 3 
    18 |  . 3  3  3 3 
    19 |  . 3  3  3 3 
    20 |  . 3  3  3 3 
    21 |  . 3  3  3 3 
    22 |  . 3  3  3 3 
    23 |  . .  .  . . 
    24 |  . .  .  . . 
    25 | 10 .  .  . . 
    26 | 10 .  .  . . 
    27 |  4 4  4  4 7 
    28 |  4 4  4  4 7 
    29 |  4 4  4  4 6 
    30 |  4 4  4  4 6 
    31 |  4 4  4  4 9 
    32 |  4 4  4  4 9 
    33 |  5 .  .  . 8 
    34 |  5 . 12 11 8 
    
    Boxes' corners:       (w,l)
        Box  1 is at 
            top left     (1,4)
            bottom right (4,9)
    
        Box  2 is at 
            top left     (0,11)
            bottom right (3,16)
    
        Box  3 is at 
            top left     (1,17)
            bottom right (4,22)
    
        Box  4 is at 
            top left     (0,27)
            bottom right (3,32)
    
        Box  5 is at 
            top left     (0,33)
            bottom right (0,34)
    
        Box  6 is at 
            top left     (4,29)
            bottom right (4,30)
    
        Box  7 is at 
            top left     (4,27)
            bottom right (4,28)
    
        Box  8 is at 
            top left     (4,33)
            bottom right (4,34)
    
        Box  9 is at 
            top left     (4,31)
            bottom right (4,32)
    
        Box 10 is at 
            top left     (0,25)
            bottom right (0,26)
    
        Box 11 is at 
            top left     (3,34)
            bottom right (3,34)
    
        Box 12 is at 
            top left     (2,34)
            bottom right (2,34)
    
        Roll length used: 35

    [1;34mTry max length:[0m 34
    [1;34m    At iteration:[0m 4
        lingeling found a solution in .212 ms

       | W
     L |  0 1 2  3  4 
    -----------------
     0 |  . . .  .  . 
     1 |  . . .  .  . 
     2 |  . 1 1  1  1 
     3 |  . 1 1  1  1 
     4 |  . 1 1  1  1 
     5 |  . 1 1  1  1 
     6 |  . 1 1  1  1 
     7 |  . 1 1  1  1 
     8 |  . 4 4  4  4 
     9 |  . 4 4  4  4 
    10 |  . 4 4  4  4 
    11 |  . 4 4  4  4 
    12 |  . 4 4  4  4 
    13 |  . 4 4  4  4 
    14 |  . . .  .  . 
    15 |  2 2 2  2  . 
    16 |  2 2 2  2  . 
    17 |  2 2 2  2  . 
    18 |  2 2 2  2  . 
    19 |  2 2 2  2  . 
    20 |  2 2 2  2  . 
    21 |  . . .  .  . 
    22 |  . 3 3  3  3 
    23 |  . 3 3  3  3 
    24 | 10 3 3  3  3 
    25 | 10 3 3  3  3 
    26 |  9 3 3  3  3 
    27 |  9 3 3  3  3 
    28 |  8 . .  .  5 
    29 |  8 . .  .  5 
    30 |  7 . .  .  . 
    31 |  7 . .  .  . 
    32 |  6 . .  .  . 
    33 |  6 . . 12 11 
    
    Boxes' corners:       (w,l)
        Box  1 is at 
            top left     (1,2)
            bottom right (4,7)
    
        Box  2 is at 
            top left     (0,15)
            bottom right (3,20)
    
        Box  3 is at 
            top left     (1,22)
            bottom right (4,27)
    
        Box  4 is at 
            top left     (1,8)
            bottom right (4,13)
    
        Box  5 is at 
            top left     (4,28)
            bottom right (4,29)
    
        Box  6 is at 
            top left     (0,32)
            bottom right (0,33)
    
        Box  7 is at 
            top left     (0,30)
            bottom right (0,31)
    
        Box  8 is at 
            top left     (0,28)
            bottom right (0,29)
    
        Box  9 is at 
            top left     (0,26)
            bottom right (0,27)
    
        Box 10 is at 
            top left     (0,24)
            bottom right (0,25)
    
        Box 11 is at 
            top left     (4,33)
            bottom right (4,33)
    
        Box 12 is at 
            top left     (3,33)
            bottom right (3,33)
    
        Roll length used: 34

    [1;34mTry max length:[0m 33
    [1;34m    At iteration:[0m 5
        lingeling found a solution in .169 ms

       | W
     L |  0 1 2 3  4 
    ----------------
     0 |  . . . .  . 
     1 |  . . . .  . 
     2 |  . . . .  . 
     3 |  . . . .  . 
     4 |  2 2 2 2  . 
     5 |  2 2 2 2  . 
     6 |  2 2 2 2  . 
     7 |  2 2 2 2  9 
     8 |  2 2 2 2  9 
     9 |  2 2 2 2  . 
    10 |  . 1 1 1  1 
    11 |  . 1 1 1  1 
    12 |  . 1 1 1  1 
    13 |  . 1 1 1  1 
    14 |  . 1 1 1  1 
    15 |  . 1 1 1  1 
    16 |  . . . .  8 
    17 |  . . . .  8 
    18 |  . . . .  . 
    19 |  . . . .  . 
    20 |  . . . .  . 
    21 | 10 4 4 4  4 
    22 | 10 4 4 4  4 
    23 |  6 4 4 4  4 
    24 |  6 4 4 4  4 
    25 |  7 4 4 4  4 
    26 |  7 4 4 4  4 
    27 |  3 3 3 3  . 
    28 |  3 3 3 3  . 
    29 |  3 3 3 3 12 
    30 |  3 3 3 3 11 
    31 |  3 3 3 3  5 
    32 |  3 3 3 3  5 
    
    Boxes' corners:       (w,l)
        Box  1 is at 
            top left     (1,10)
            bottom right (4,15)
    
        Box  2 is at 
            top left     (0,4)
            bottom right (3,9)
    
        Box  3 is at 
            top left     (0,27)
            bottom right (3,32)
    
        Box  4 is at 
            top left     (1,21)
            bottom right (4,26)
    
        Box  5 is at 
            top left     (4,31)
            bottom right (4,32)
    
        Box  6 is at 
            top left     (0,23)
            bottom right (0,24)
    
        Box  7 is at 
            top left     (0,25)
            bottom right (0,26)
    
        Box  8 is at 
            top left     (4,16)
            bottom right (4,17)
    
        Box  9 is at 
            top left     (4,7)
            bottom right (4,8)
    
        Box 10 is at 
            top left     (0,21)
            bottom right (0,22)
    
        Box 11 is at 
            top left     (4,30)
            bottom right (4,30)
    
        Box 12 is at 
            top left     (4,29)
            bottom right (4,29)
    
        Roll length used: 33

    [1;34mTry max length:[0m 32
    [1;34m    At iteration:[0m 6
        lingeling found a solution in .206 ms

       | W
     L |  0 1 2  3  4 
    -----------------
     0 |  . . .  .  . 
     1 |  . . .  .  . 
     2 |  . . .  .  . 
     3 |  1 1 1  1  . 
     4 |  1 1 1  1  . 
     5 |  1 1 1  1  . 
     6 |  1 1 1  1  . 
     7 |  1 1 1  1  . 
     8 |  1 1 1  1  . 
     9 |  . 4 4  4  4 
    10 |  . 4 4  4  4 
    11 |  . 4 4  4  4 
    12 |  . 4 4  4  4 
    13 |  . 4 4  4  4 
    14 |  . 4 4  4  4 
    15 |  . 3 3  3  3 
    16 | 10 3 3  3  3 
    17 | 10 3 3  3  3 
    18 |  8 3 3  3  3 
    19 |  8 3 3  3  3 
    20 |  9 3 3  3  3 
    21 |  9 . .  .  . 
    22 |  5 . .  .  . 
    23 |  5 . .  .  . 
    24 |  6 . .  .  . 
    25 |  6 2 2  2  2 
    26 |  . 2 2  2  2 
    27 |  . 2 2  2  2 
    28 |  . 2 2  2  2 
    29 |  . 2 2  2  2 
    30 |  . 2 2  2  2 
    31 |  . 7 7 12 11 
    
    Boxes' corners:       (w,l)
        Box  1 is at 
            top left     (0,3)
            bottom right (3,8)
    
        Box  2 is at 
            top left     (1,25)
            bottom right (4,30)
    
        Box  3 is at 
            top left     (1,15)
            bottom right (4,20)
    
        Box  4 is at 
            top left     (1,9)
            bottom right (4,14)
    
        Box  5 is at 
            top left     (0,22)
            bottom right (0,23)
    
        Box  6 is at 
            top left     (0,24)
            bottom right (0,25)
    
        Box  7 is at 
            top left     (1,31)
            bottom right (2,31)
    
        Box  8 is at 
            top left     (0,18)
            bottom right (0,19)
    
        Box  9 is at 
            top left     (0,20)
            bottom right (0,21)
    
        Box 10 is at 
            top left     (0,16)
            bottom right (0,17)
    
        Box 11 is at 
            top left     (4,31)
            bottom right (4,31)
    
        Box 12 is at 
            top left     (3,31)
            bottom right (3,31)
    
        Roll length used: 32

    [1;34mTry max length:[0m 31
    [1;34m    At iteration:[0m 7
        lingeling found a solution in .176 ms

       | W
     L |  0 1  2  3 4 
    -----------------
     0 |  . .  .  . . 
     1 |  . .  .  . . 
     2 |  . .  .  . . 
     3 |  . 1  1  1 1 
     4 |  . 1  1  1 1 
     5 |  . 1  1  1 1 
     6 |  . 1  1  1 1 
     7 |  . 1  1  1 1 
     8 |  . 1  1  1 1 
     9 |  . 2  2  2 2 
    10 |  . 2  2  2 2 
    11 |  . 2  2  2 2 
    12 |  . 2  2  2 2 
    13 |  . 2  2  2 2 
    14 |  . 2  2  2 2 
    15 |  3 3  3  3 . 
    16 |  3 3  3  3 . 
    17 |  3 3  3  3 . 
    18 |  3 3  3  3 . 
    19 |  3 3  3  3 . 
    20 |  3 3  3  3 . 
    21 | 10 .  .  . . 
    22 | 10 .  .  . . 
    23 |  8 .  .  . 9 
    24 |  8 . 12 11 9 
    25 |  7 4  4  4 4 
    26 |  7 4  4  4 4 
    27 |  6 4  4  4 4 
    28 |  6 4  4  4 4 
    29 |  5 4  4  4 4 
    30 |  5 4  4  4 4 
    
    Boxes' corners:       (w,l)
        Box  1 is at 
            top left     (1,3)
            bottom right (4,8)
    
        Box  2 is at 
            top left     (1,9)
            bottom right (4,14)
    
        Box  3 is at 
            top left     (0,15)
            bottom right (3,20)
    
        Box  4 is at 
            top left     (1,25)
            bottom right (4,30)
    
        Box  5 is at 
            top left     (0,29)
            bottom right (0,30)
    
        Box  6 is at 
            top left     (0,27)
            bottom right (0,28)
    
        Box  7 is at 
            top left     (0,25)
            bottom right (0,26)
    
        Box  8 is at 
            top left     (0,23)
            bottom right (0,24)
    
        Box  9 is at 
            top left     (4,23)
            bottom right (4,24)
    
        Box 10 is at 
            top left     (0,21)
            bottom right (0,22)
    
        Box 11 is at 
            top left     (3,24)
            bottom right (3,24)
    
        Box 12 is at 
            top left     (2,24)
            bottom right (2,24)
    
        Roll length used: 31

    [1;34mTry max length:[0m 30
    [1;34m    At iteration:[0m 8
        lingeling found a solution in .184 ms

       | W
     L |  0 1  2  3 4 
    -----------------
     0 |  4 4  4  4 . 
     1 |  4 4  4  4 . 
     2 |  4 4  4  4 . 
     3 |  4 4  4  4 . 
     4 |  4 4  4  4 . 
     5 |  4 4  4  4 . 
     6 |  . .  .  . . 
     7 |  1 1  1  1 . 
     8 |  1 1  1  1 . 
     9 |  1 1  1  1 . 
    10 |  1 1  1  1 . 
    11 |  1 1  1  1 . 
    12 |  1 1  1  1 . 
    13 |  . 2  2  2 2 
    14 |  . 2  2  2 2 
    15 |  . 2  2  2 2 
    16 |  . 2  2  2 2 
    17 |  . 2  2  2 2 
    18 |  . 2  2  2 2 
    19 |  . .  .  . . 
    20 | 10 .  .  . . 
    21 | 10 .  .  . . 
    22 |  9 3  3  3 3 
    23 |  9 3  3  3 3 
    24 |  8 3  3  3 3 
    25 |  8 3  3  3 3 
    26 |  7 3  3  3 3 
    27 |  7 3  3  3 3 
    28 |  6 .  .  . 5 
    29 |  6 . 12 11 5 
    
    Boxes' corners:       (w,l)
        Box  1 is at 
            top left     (0,7)
            bottom right (3,12)
    
        Box  2 is at 
            top left     (1,13)
            bottom right (4,18)
    
        Box  3 is at 
            top left     (1,22)
            bottom right (4,27)
    
        Box  4 is at 
            top left     (0,0)
            bottom right (3,5)
    
        Box  5 is at 
            top left     (4,28)
            bottom right (4,29)
    
        Box  6 is at 
            top left     (0,28)
            bottom right (0,29)
    
        Box  7 is at 
            top left     (0,26)
            bottom right (0,27)
    
        Box  8 is at 
            top left     (0,24)
            bottom right (0,25)
    
        Box  9 is at 
            top left     (0,22)
            bottom right (0,23)
    
        Box 10 is at 
            top left     (0,20)
            bottom right (0,21)
    
        Box 11 is at 
            top left     (3,29)
            bottom right (3,29)
    
        Box 12 is at 
            top left     (2,29)
            bottom right (2,29)
    
        Roll length used: 30

    [1;34mTry max length:[0m 29
    [1;34m    At iteration:[0m 9
        lingeling found a solution in .188 ms

       | W
     L |  0 1 2 3  4 
    ----------------
     0 |  . . . .  . 
     1 |  . . . .  . 
     2 |  . . . .  . 
     3 |  9 . . .  . 
     4 |  9 . . .  8 
     5 |  1 1 1 1  8 
     6 |  1 1 1 1  . 
     7 |  1 1 1 1 10 
     8 |  1 1 1 1 10 
     9 |  1 1 1 1  7 
    10 |  1 1 1 1  7 
    11 | 12 4 4 4  4 
    12 |  6 4 4 4  4 
    13 |  6 4 4 4  4 
    14 |  5 4 4 4  4 
    15 |  5 4 4 4  4 
    16 |  . 4 4 4  4 
    17 |  . 2 2 2  2 
    18 |  . 2 2 2  2 
    19 |  . 2 2 2  2 
    20 |  . 2 2 2  2 
    21 |  . 2 2 2  2 
    22 |  . 2 2 2  2 
    23 |  . 3 3 3  3 
    24 |  . 3 3 3  3 
    25 |  . 3 3 3  3 
    26 |  . 3 3 3  3 
    27 |  . 3 3 3  3 
    28 | 11 3 3 3  3 
    
    Boxes' corners:       (w,l)
        Box  1 is at 
            top left     (0,5)
            bottom right (3,10)
    
        Box  2 is at 
            top left     (1,17)
            bottom right (4,22)
    
        Box  3 is at 
            top left     (1,23)
            bottom right (4,28)
    
        Box  4 is at 
            top left     (1,11)
            bottom right (4,16)
    
        Box  5 is at 
            top left     (0,14)
            bottom right (0,15)
    
        Box  6 is at 
            top left     (0,12)
            bottom right (0,13)
    
        Box  7 is at 
            top left     (4,9)
            bottom right (4,10)
    
        Box  8 is at 
            top left     (4,4)
            bottom right (4,5)
    
        Box  9 is at 
            top left     (0,3)
            bottom right (0,4)
    
        Box 10 is at 
            top left     (4,7)
            bottom right (4,8)
    
        Box 11 is at 
            top left     (0,28)
            bottom right (0,28)
    
        Box 12 is at 
            top left     (0,11)
            bottom right (0,11)
    
        Roll length used: 29

    [1;34mTry max length:[0m 28
    [1;34m    At iteration:[0m 10
        lingeling found a solution in .175 ms

       | W
     L | 0  1  2  3 4 
    -----------------
     0 | .  .  .  . . 
     1 | .  1  1  1 1 
     2 | .  1  1  1 1 
     3 | .  1  1  1 1 
     4 | .  1  1  1 1 
     5 | .  1  1  1 1 
     6 | .  1  1  1 1 
     7 | .  .  .  . . 
     8 | 2  2  2  2 . 
     9 | 2  2  2  2 . 
    10 | 2  2  2  2 . 
    11 | 2  2  2  2 . 
    12 | 2  2  2  2 . 
    13 | 2  2  2  2 . 
    14 | 4  4  4  4 . 
    15 | 4  4  4  4 . 
    16 | 4  4  4  4 . 
    17 | 4  4  4  4 8 
    18 | 4  4  4  4 8 
    19 | 4  4  4  4 . 
    20 | .  3  3  3 3 
    21 | .  3  3  3 3 
    22 | 9  3  3  3 3 
    23 | 9  3  3  3 3 
    24 | 7  3  3  3 3 
    25 | 7  3  3  3 3 
    26 | 5  . 10  . 6 
    27 | 5 12 10 11 6 
    
    Boxes' corners:       (w,l)
        Box  1 is at 
            top left     (1,1)
            bottom right (4,6)
    
        Box  2 is at 
            top left     (0,8)
            bottom right (3,13)
    
        Box  3 is at 
            top left     (1,20)
            bottom right (4,25)
    
        Box  4 is at 
            top left     (0,14)
            bottom right (3,19)
    
        Box  5 is at 
            top left     (0,26)
            bottom right (0,27)
    
        Box  6 is at 
            top left     (4,26)
            bottom right (4,27)
    
        Box  7 is at 
            top left     (0,24)
            bottom right (0,25)
    
        Box  8 is at 
            top left     (4,17)
            bottom right (4,18)
    
        Box  9 is at 
            top left     (0,22)
            bottom right (0,23)
    
        Box 10 is at 
            top left     (2,26)
            bottom right (2,27)
    
        Box 11 is at 
            top left     (3,27)
            bottom right (3,27)
    
        Box 12 is at 
            top left     (1,27)
            bottom right (1,27)
    
        Roll length used: 28

    [1;34mTry max length:[0m 27
    [1;34m    At iteration:[0m 11
        lingeling found a solution in .159 ms

       | W
     L | 0 1 2  3  4 
    ----------------
     0 | . . .  .  . 
     1 | . 2 2  2  2 
     2 | . 2 2  2  2 
     3 | . 2 2  2  2 
     4 | . 2 2  2  2 
     5 | 9 2 2  2  2 
     6 | 9 2 2  2  2 
     7 | 3 3 3  3  . 
     8 | 3 3 3  3  . 
     9 | 3 3 3  3  . 
    10 | 3 3 3  3 10 
    11 | 3 3 3  3 10 
    12 | 3 3 3  3  . 
    13 | 8 1 1  1  1 
    14 | 8 1 1  1  1 
    15 | 7 1 1  1  1 
    16 | 7 1 1  1  1 
    17 | 6 1 1  1  1 
    18 | 6 1 1  1  1 
    19 | 4 4 4  4  . 
    20 | 4 4 4  4  . 
    21 | 4 4 4  4  . 
    22 | 4 4 4  4  . 
    23 | 4 4 4  4  . 
    24 | 4 4 4  4  . 
    25 | 5 . .  .  . 
    26 | 5 . . 12 11 
    
    Boxes' corners:       (w,l)
        Box  1 is at 
            top left     (1,13)
            bottom right (4,18)
    
        Box  2 is at 
            top left     (1,1)
            bottom right (4,6)
    
        Box  3 is at 
            top left     (0,7)
            bottom right (3,12)
    
        Box  4 is at 
            top left     (0,19)
            bottom right (3,24)
    
        Box  5 is at 
            top left     (0,25)
            bottom right (0,26)
    
        Box  6 is at 
            top left     (0,17)
            bottom right (0,18)
    
        Box  7 is at 
            top left     (0,15)
            bottom right (0,16)
    
        Box  8 is at 
            top left     (0,13)
            bottom right (0,14)
    
        Box  9 is at 
            top left     (0,5)
            bottom right (0,6)
    
        Box 10 is at 
            top left     (4,10)
            bottom right (4,11)
    
        Box 11 is at 
            top left     (4,26)
            bottom right (4,26)
    
        Box 12 is at 
            top left     (3,26)
            bottom right (3,26)
    
        Roll length used: 27

    [1;34mTry max length:[0m 26
    [1;34m    At iteration:[0m 12
        lingeling found a solution in .149 ms

       | W
     L |  0 1 2 3  4 
    ----------------
     0 |  4 4 4 4  . 
     1 |  4 4 4 4  6 
     2 |  4 4 4 4  6 
     3 |  4 4 4 4  9 
     4 |  4 4 4 4  9 
     5 |  4 4 4 4  . 
     6 |  . 3 3 3  3 
     7 |  8 3 3 3  3 
     8 |  8 3 3 3  3 
     9 | 10 3 3 3  3 
    10 | 10 3 3 3  3 
    11 |  . 3 3 3  3 
    12 |  1 1 1 1  . 
    13 |  1 1 1 1  . 
    14 |  1 1 1 1  . 
    15 |  1 1 1 1  . 
    16 |  1 1 1 1  . 
    17 |  1 1 1 1 12 
    18 |  . . . .  . 
    19 |  . . . .  . 
    20 |  . 2 2 2  2 
    21 |  5 2 2 2  2 
    22 |  5 2 2 2  2 
    23 |  7 2 2 2  2 
    24 |  7 2 2 2  2 
    25 | 11 2 2 2  2 
    
    Boxes' corners:       (w,l)
        Box  1 is at 
            top left     (0,12)
            bottom right (3,17)
    
        Box  2 is at 
            top left     (1,20)
            bottom right (4,25)
    
        Box  3 is at 
            top left     (1,6)
            bottom right (4,11)
    
        Box  4 is at 
            top left     (0,0)
            bottom right (3,5)
    
        Box  5 is at 
            top left     (0,21)
            bottom right (0,22)
    
        Box  6 is at 
            top left     (4,1)
            bottom right (4,2)
    
        Box  7 is at 
            top left     (0,23)
            bottom right (0,24)
    
        Box  8 is at 
            top left     (0,7)
            bottom right (0,8)
    
        Box  9 is at 
            top left     (4,3)
            bottom right (4,4)
    
        Box 10 is at 
            top left     (0,9)
            bottom right (0,10)
    
        Box 11 is at 
            top left     (0,25)
            bottom right (0,25)
    
        Box 12 is at 
            top left     (4,17)
            bottom right (4,17)
    
        Roll length used: 26

    [1;34mTry max length:[0m 25
    [1;34m    At iteration:[0m 13
        lingeling found a solution in .144 ms

       | W
     L | 0 1 2 3  4 
    ---------------
     0 | 1 1 1 1 10 
     1 | 1 1 1 1 10 
     2 | 1 1 1 1  8 
     3 | 1 1 1 1  8 
     4 | 1 1 1 1  . 
     5 | 1 1 1 1  . 
     6 | . 5 5 .  . 
     7 | . 3 3 3  3 
     8 | . 3 3 3  3 
     9 | . 3 3 3  3 
    10 | . 3 3 3  3 
    11 | 6 3 3 3  3 
    12 | 6 3 3 3  3 
    13 | 2 2 2 2  9 
    14 | 2 2 2 2  9 
    15 | 2 2 2 2  . 
    16 | 2 2 2 2  . 
    17 | 2 2 2 2  . 
    18 | 2 2 2 2  . 
    19 | 4 4 4 4  7 
    20 | 4 4 4 4  7 
    21 | 4 4 4 4 12 
    22 | 4 4 4 4  . 
    23 | 4 4 4 4  . 
    24 | 4 4 4 4 11 
    
    Boxes' corners:       (w,l)
        Box  1 is at 
            top left     (0,0)
            bottom right (3,5)
    
        Box  2 is at 
            top left     (0,13)
            bottom right (3,18)
    
        Box  3 is at 
            top left     (1,7)
            bottom right (4,12)
    
        Box  4 is at 
            top left     (0,19)
            bottom right (3,24)
    
        Box  5 is at 
            top left     (1,6)
            bottom right (2,6)
    
        Box  6 is at 
            top left     (0,11)
            bottom right (0,12)
    
        Box  7 is at 
            top left     (4,19)
            bottom right (4,20)
    
        Box  8 is at 
            top left     (4,2)
            bottom right (4,3)
    
        Box  9 is at 
            top left     (4,13)
            bottom right (4,14)
    
        Box 10 is at 
            top left     (4,0)
            bottom right (4,1)
    
        Box 11 is at 
            top left     (4,24)
            bottom right (4,24)
    
        Box 12 is at 
            top left     (4,21)
            bottom right (4,21)
    
        Roll length used: 25

    [1;34mTry max length:[0m 24
    [1;34m    At iteration:[0m 14
        lingeling found a solution in .144 ms

       | W
     L | 0 1 2 3  4 
    ---------------
     0 | 3 3 3 3 10 
     1 | 3 3 3 3 10 
     2 | 3 3 3 3  9 
     3 | 3 3 3 3  9 
     4 | 3 3 3 3  8 
     5 | 3 3 3 3  8 
     6 | 7 1 1 1  1 
     7 | 7 1 1 1  1 
     8 | . 1 1 1  1 
     9 | . 1 1 1  1 
    10 | 6 1 1 1  1 
    11 | 6 1 1 1  1 
    12 | 2 2 2 2  . 
    13 | 2 2 2 2  . 
    14 | 2 2 2 2  . 
    15 | 2 2 2 2  . 
    16 | 2 2 2 2 12 
    17 | 2 2 2 2 11 
    18 | 4 4 4 4  . 
    19 | 4 4 4 4  . 
    20 | 4 4 4 4  . 
    21 | 4 4 4 4  . 
    22 | 4 4 4 4  5 
    23 | 4 4 4 4  5 
    
    Boxes' corners:       (w,l)
        Box  1 is at 
            top left     (1,6)
            bottom right (4,11)
    
        Box  2 is at 
            top left     (0,12)
            bottom right (3,17)
    
        Box  3 is at 
            top left     (0,0)
            bottom right (3,5)
    
        Box  4 is at 
            top left     (0,18)
            bottom right (3,23)
    
        Box  5 is at 
            top left     (4,22)
            bottom right (4,23)
    
        Box  6 is at 
            top left     (0,10)
            bottom right (0,11)
    
        Box  7 is at 
            top left     (0,6)
            bottom right (0,7)
    
        Box  8 is at 
            top left     (4,4)
            bottom right (4,5)
    
        Box  9 is at 
            top left     (4,2)
            bottom right (4,3)
    
        Box 10 is at 
            top left     (4,0)
            bottom right (4,1)
    
        Box 11 is at 
            top left     (4,17)
            bottom right (4,17)
    
        Box 12 is at 
            top left     (4,16)
            bottom right (4,16)
    
        Roll length used: 24

    [1;34mTry max length:[0m 23
    [1;34m    At iteration:[0m 15
        [3;31mlingeling determined unsatisfiability of the Boolean formula[0m
        [1;32mOptimality reached![0m
