Tue 5 Jun 21:18:31 CEST 2018
    [1;34mTry max length:[0m 999999
    [1;34m    At iteration:[0m 0
        lingeling found a solution in .663 ms

       | W
     L |  0  1  2 3 4 5 6 7 
    -----------------------
     0 | 13 13 13 1 1 1 1 1 
     1 | 13 13 13 1 1 1 1 1 
     2 | 13 13 13 1 1 1 1 1 
     3 |  .  .  . 1 1 1 1 1 
     4 |  .  .  . . . . . . 
     5 |  .  .  . . . . . . 
     6 |  .  .  . . . . . . 
     7 |  .  .  2 2 2 2 2 . 
     8 |  .  .  2 2 2 2 2 . 
     9 |  .  .  2 2 2 2 2 . 
    10 |  .  .  2 2 2 2 2 . 
    11 |  .  .  . . . . . . 
    12 |  .  .  . . . . . . 
    13 |  .  .  . . . . . . 
    14 |  .  .  . . . . . . 
    15 |  .  .  . . . . . . 
    16 |  .  .  5 5 5 5 5 . 
    17 |  .  .  5 5 5 5 5 . 
    18 |  .  .  5 5 5 5 5 . 
    19 |  .  .  5 5 5 5 5 . 
    20 |  .  .  . . . . . . 
    21 |  .  .  . . . . . . 
    22 |  .  .  . . . . . . 
    23 |  .  .  . . . . . . 
    24 |  .  .  . . . . . . 
    25 |  .  .  . . . . 9 9 
    26 |  .  .  . . . . 9 9 
    27 |  .  .  . . 3 3 3 3 
    28 |  .  .  . . 3 3 3 3 
    29 |  .  .  . . 3 3 3 3 
    30 |  .  .  . . 3 3 3 3 
    31 |  .  .  . . 3 3 3 3 
    32 |  .  .  . . . . . . 
    33 |  .  .  . . . . . . 
    34 |  .  .  . . . . . . 
    35 |  4  4  4 4 4 . . . 
    36 |  4  4  4 4 4 . . . 
    37 |  4  4  4 4 4 . . . 
    38 |  4  4  4 4 4 . . . 
    39 | 12  .  . . . . 8 8 
    40 | 12  .  . 6 6 6 8 8 
    41 | 10  . 11 6 6 6 7 7 
    42 | 10  . 11 . . . 7 7 
    
    Boxes' corners:       (w,l)
        Box  1 is at 
            top left     (3,0)
            bottom right (7,3)
    
        Box  2 is at 
            top left     (2,7)
            bottom right (6,10)
    
        Box  3 is at 
            top left     (4,27)
            bottom right (7,31)
    
        Box  4 is at 
            top left     (0,35)
            bottom right (4,38)
    
        Box  5 is at 
            top left     (2,16)
            bottom right (6,19)
    
        Box  6 is at 
            top left     (3,40)
            bottom right (5,41)
    
        Box  7 is at 
            top left     (6,41)
            bottom right (7,42)
    
        Box  8 is at 
            top left     (6,39)
            bottom right (7,40)
    
        Box  9 is at 
            top left     (6,25)
            bottom right (7,26)
    
        Box 10 is at 
            top left     (0,41)
            bottom right (0,42)
    
        Box 11 is at 
            top left     (2,41)
            bottom right (2,42)
    
        Box 12 is at 
            top left     (0,39)
            bottom right (0,40)
    
        Box 13 is at 
            top left     (0,0)
            bottom right (2,2)
    
        Roll length used: 43

    [1;34mTry max length:[0m 42
    [1;34m    At iteration:[0m 1
        lingeling found a solution in .632 ms

       | W
     L |  0 1 2 3 4  5  6  7 
    ------------------------
     0 |  4 4 4 4 4 13 13 13 
     1 |  4 4 4 4 4 13 13 13 
     2 |  4 4 4 4 4 13 13 13 
     3 |  4 4 4 4 4  .  .  . 
     4 |  . . . . .  .  .  . 
     5 |  . . . . .  .  .  . 
     6 |  . . . . .  .  .  . 
     7 |  . . . . .  .  .  . 
     8 |  . . . . .  .  .  . 
     9 |  1 1 1 1 1  .  .  . 
    10 |  1 1 1 1 1  .  .  . 
    11 |  1 1 1 1 1  .  .  . 
    12 |  1 1 1 1 1  .  .  . 
    13 |  . . . . .  .  .  . 
    14 |  . . . . .  .  .  . 
    15 |  . . . . .  .  .  . 
    16 |  . . . . .  .  .  . 
    17 |  . . . . .  .  .  . 
    18 |  . . . . .  .  .  . 
    19 |  . . . . .  .  .  . 
    20 |  . . . . .  .  .  . 
    21 |  . . . . .  .  .  . 
    22 |  . . . . .  .  .  . 
    23 |  . . . . .  .  .  . 
    24 |  . . . . .  .  .  . 
    25 |  . . . . .  .  .  . 
    26 |  . . . . .  .  .  . 
    27 |  . . 2 2 2  2  2  . 
    28 |  . . 2 2 2  2  2  . 
    29 |  . . 2 2 2  2  2  . 
    30 |  . . 2 2 2  2  2  . 
    31 |  3 3 3 3 3  .  .  . 
    32 |  3 3 3 3 3  .  .  . 
    33 |  3 3 3 3 3  .  .  . 
    34 |  3 3 3 3 3  .  9  9 
    35 |  . . . . .  .  9  9 
    36 |  6 6 6 . .  .  8  8 
    37 |  6 6 6 . .  .  8  8 
    38 | 12 5 5 5 5  5  7  7 
    39 | 12 5 5 5 5  5  7  7 
    40 | 11 5 5 5 5  5  . 10 
    41 | 11 5 5 5 5  5  . 10 
    
    Boxes' corners:       (w,l)
        Box  1 is at 
            top left     (0,9)
            bottom right (4,12)
    
        Box  2 is at 
            top left     (2,27)
            bottom right (6,30)
    
        Box  3 is at 
            top left     (0,31)
            bottom right (4,34)
    
        Box  4 is at 
            top left     (0,0)
            bottom right (4,3)
    
        Box  5 is at 
            top left     (1,38)
            bottom right (5,41)
    
        Box  6 is at 
            top left     (0,36)
            bottom right (2,37)
    
        Box  7 is at 
            top left     (6,38)
            bottom right (7,39)
    
        Box  8 is at 
            top left     (6,36)
            bottom right (7,37)
    
        Box  9 is at 
            top left     (6,34)
            bottom right (7,35)
    
        Box 10 is at 
            top left     (7,40)
            bottom right (7,41)
    
        Box 11 is at 
            top left     (0,40)
            bottom right (0,41)
    
        Box 12 is at 
            top left     (0,38)
            bottom right (0,39)
    
        Box 13 is at 
            top left     (5,0)
            bottom right (7,2)
    
        Roll length used: 42

    [1;34mTry max length:[0m 41
    [1;34m    At iteration:[0m 2
        lingeling found a solution in .580 ms

       | W
     L |  0  1  2 3 4 5 6  7 
    ------------------------
     0 | 13 13 13 5 5 5 5  5 
     1 | 13 13 13 5 5 5 5  5 
     2 | 13 13 13 5 5 5 5  5 
     3 |  .  .  . 5 5 5 5  5 
     4 |  .  .  . . . . .  . 
     5 |  .  .  . . . . .  . 
     6 |  .  .  . . . . .  . 
     7 |  .  .  . . . . .  . 
     8 |  .  .  . . . . .  . 
     9 |  .  .  . . . . .  . 
    10 |  .  .  . . . . .  . 
    11 |  .  .  . . . . .  . 
    12 |  .  .  . . . . .  . 
    13 |  .  .  . . . . .  . 
    14 |  .  .  . . . . .  . 
    15 |  .  .  . . . . .  . 
    16 |  .  .  . . . . .  . 
    17 |  1  1  1 1 1 . .  . 
    18 |  1  1  1 1 1 . .  . 
    19 |  1  1  1 1 1 . .  . 
    20 |  1  1  1 1 1 . .  . 
    21 |  .  .  . . . . .  . 
    22 |  .  .  . . . . .  . 
    23 |  .  .  . . . . .  . 
    24 |  .  .  . . . . .  . 
    25 |  .  .  . . . . .  . 
    26 |  .  .  . . . . .  . 
    27 |  6  6  6 . . . .  . 
    28 |  6  6  6 . . . .  . 
    29 |  .  .  3 3 3 3 3  . 
    30 |  .  .  3 3 3 3 3  . 
    31 |  .  .  3 3 3 3 3  . 
    32 |  .  .  3 3 3 3 3  . 
    33 |  .  .  4 4 4 4 4  . 
    34 |  .  .  4 4 4 4 4  . 
    35 |  9  9  4 4 4 4 4 12 
    36 |  9  9  4 4 4 4 4 12 
    37 |  8  8  2 2 2 2 2 11 
    38 |  8  8  2 2 2 2 2 11 
    39 |  7  7  2 2 2 2 2 10 
    40 |  7  7  2 2 2 2 2 10 
    
    Boxes' corners:       (w,l)
        Box  1 is at 
            top left     (0,17)
            bottom right (4,20)
    
        Box  2 is at 
            top left     (2,37)
            bottom right (6,40)
    
        Box  3 is at 
            top left     (2,29)
            bottom right (6,32)
    
        Box  4 is at 
            top left     (2,33)
            bottom right (6,36)
    
        Box  5 is at 
            top left     (3,0)
            bottom right (7,3)
    
        Box  6 is at 
            top left     (0,27)
            bottom right (2,28)
    
        Box  7 is at 
            top left     (0,39)
            bottom right (1,40)
    
        Box  8 is at 
            top left     (0,37)
            bottom right (1,38)
    
        Box  9 is at 
            top left     (0,35)
            bottom right (1,36)
    
        Box 10 is at 
            top left     (7,39)
            bottom right (7,40)
    
        Box 11 is at 
            top left     (7,37)
            bottom right (7,38)
    
        Box 12 is at 
            top left     (7,35)
            bottom right (7,36)
    
        Box 13 is at 
            top left     (0,0)
            bottom right (2,2)
    
        Roll length used: 41

    [1;34mTry max length:[0m 40
    [1;34m    At iteration:[0m 3
        lingeling found a solution in .605 ms

       | W
     L |  0  1  2 3 4 5 6  7 
    ------------------------
     0 |  .  .  . . . 6 6  6 
     1 |  .  .  . . . 6 6  6 
     2 |  .  .  . . . . .  . 
     3 |  .  .  . . . . .  . 
     4 |  .  .  . . . . .  . 
     5 |  .  .  . . . . .  . 
     6 |  .  .  . . . . .  . 
     7 |  .  .  . . . . .  . 
     8 |  1  1  1 1 1 . .  . 
     9 |  1  1  1 1 1 . .  . 
    10 |  1  1  1 1 1 . .  . 
    11 |  1  1  1 1 1 . .  . 
    12 |  .  .  . . . . .  . 
    13 |  .  .  . . . . .  . 
    14 |  .  .  . . . . .  . 
    15 |  .  .  . . . . .  . 
    16 |  .  .  . . . . .  . 
    17 |  .  .  . . . . .  . 
    18 |  .  .  . . . . .  . 
    19 |  .  .  . . . . .  . 
    20 |  .  .  . . . . .  . 
    21 |  .  .  . . . . .  . 
    22 |  .  .  . . . . .  . 
    23 |  .  .  2 2 2 2 2  . 
    24 |  .  .  2 2 2 2 2  . 
    25 |  .  .  2 2 2 2 2  . 
    26 |  .  .  2 2 2 2 2  . 
    27 |  .  .  . . . . .  . 
    28 |  .  4  4 4 4 4 .  . 
    29 |  .  4  4 4 4 4 .  . 
    30 |  .  4  4 4 4 4 9  9 
    31 | 12  4  4 4 4 4 9  9 
    32 | 12  .  5 5 5 5 5 11 
    33 |  8  8  5 5 5 5 5 11 
    34 |  8  8  5 5 5 5 5 10 
    35 |  7  7  5 5 5 5 5 10 
    36 |  7  7  . 3 3 3 3  3 
    37 | 13 13 13 3 3 3 3  3 
    38 | 13 13 13 3 3 3 3  3 
    39 | 13 13 13 3 3 3 3  3 
    
    Boxes' corners:       (w,l)
        Box  1 is at 
            top left     (0,8)
            bottom right (4,11)
    
        Box  2 is at 
            top left     (2,23)
            bottom right (6,26)
    
        Box  3 is at 
            top left     (3,36)
            bottom right (7,39)
    
        Box  4 is at 
            top left     (1,28)
            bottom right (5,31)
    
        Box  5 is at 
            top left     (2,32)
            bottom right (6,35)
    
        Box  6 is at 
            top left     (5,0)
            bottom right (7,1)
    
        Box  7 is at 
            top left     (0,35)
            bottom right (1,36)
    
        Box  8 is at 
            top left     (0,33)
            bottom right (1,34)
    
        Box  9 is at 
            top left     (6,30)
            bottom right (7,31)
    
        Box 10 is at 
            top left     (7,34)
            bottom right (7,35)
    
        Box 11 is at 
            top left     (7,32)
            bottom right (7,33)
    
        Box 12 is at 
            top left     (0,31)
            bottom right (0,32)
    
        Box 13 is at 
            top left     (0,37)
            bottom right (2,39)
    
        Roll length used: 40

    [1;34mTry max length:[0m 39
    [1;34m    At iteration:[0m 4
        lingeling found a solution in .607 ms

       | W
     L |  0  1  2 3 4 5 6  7 
    ------------------------
     0 |  .  5  5 5 5 5 .  . 
     1 |  .  5  5 5 5 5 .  . 
     2 |  .  5  5 5 5 5 .  . 
     3 |  .  5  5 5 5 5 .  . 
     4 |  .  .  . . . . .  . 
     5 |  .  .  . . . . .  . 
     6 |  .  .  . . . . .  . 
     7 |  .  .  . . . . .  . 
     8 |  .  .  . . . . .  . 
     9 |  .  .  . . . . .  . 
    10 |  .  .  . . . . .  . 
    11 |  1  1  1 1 1 . .  . 
    12 |  1  1  1 1 1 . .  . 
    13 |  1  1  1 1 1 . .  . 
    14 |  1  1  1 1 1 . .  . 
    15 |  .  .  . . . . .  . 
    16 |  .  .  . . . . .  . 
    17 |  .  .  . . . . .  . 
    18 |  .  .  . . . . .  . 
    19 |  .  .  . . . . .  . 
    20 |  .  .  . . . . .  . 
    21 |  .  .  . . . . .  . 
    22 |  .  .  . . . . .  . 
    23 |  .  .  . . . . .  . 
    24 | 13 13 13 . . . .  . 
    25 | 13 13 13 . . . .  . 
    26 | 13 13 13 . . . .  . 
    27 |  2  2  2 2 2 . .  . 
    28 |  2  2  2 2 2 . .  . 
    29 |  2  2  2 2 2 6 6  6 
    30 |  2  2  2 2 2 6 6  6 
    31 |  .  4  4 4 4 4 .  . 
    32 |  .  4  4 4 4 4 .  . 
    33 | 12  4  4 4 4 4 9  9 
    34 | 12  4  4 4 4 4 9  9 
    35 |  8  8  3 3 3 3 3 11 
    36 |  8  8  3 3 3 3 3 11 
    37 |  7  7  3 3 3 3 3 10 
    38 |  7  7  3 3 3 3 3 10 
    
    Boxes' corners:       (w,l)
        Box  1 is at 
            top left     (0,11)
            bottom right (4,14)
    
        Box  2 is at 
            top left     (0,27)
            bottom right (4,30)
    
        Box  3 is at 
            top left     (2,35)
            bottom right (6,38)
    
        Box  4 is at 
            top left     (1,31)
            bottom right (5,34)
    
        Box  5 is at 
            top left     (1,0)
            bottom right (5,3)
    
        Box  6 is at 
            top left     (5,29)
            bottom right (7,30)
    
        Box  7 is at 
            top left     (0,37)
            bottom right (1,38)
    
        Box  8 is at 
            top left     (0,35)
            bottom right (1,36)
    
        Box  9 is at 
            top left     (6,33)
            bottom right (7,34)
    
        Box 10 is at 
            top left     (7,37)
            bottom right (7,38)
    
        Box 11 is at 
            top left     (7,35)
            bottom right (7,36)
    
        Box 12 is at 
            top left     (0,33)
            bottom right (0,34)
    
        Box 13 is at 
            top left     (0,24)
            bottom right (2,26)
    
        Roll length used: 39

    [1;34mTry max length:[0m 38
    [1;34m    At iteration:[0m 5
        lingeling found a solution in .549 ms

       | W
     L |  0  1 2 3 4  5  6  7 
    -------------------------
     0 |  .  5 5 5 5  5  .  . 
     1 |  .  5 5 5 5  5  .  . 
     2 |  .  5 5 5 5  5  .  . 
     3 |  .  5 5 5 5  5  .  . 
     4 |  .  . . . .  .  .  . 
     5 |  .  . . . .  .  .  . 
     6 |  9  9 . . .  .  .  . 
     7 |  9  9 . . .  .  .  . 
     8 |  .  . . . .  .  .  . 
     9 |  .  7 7 . .  .  .  . 
    10 |  .  7 7 . .  .  .  . 
    11 |  .  . . . .  .  .  . 
    12 |  .  . . . .  .  .  . 
    13 |  .  . . . .  .  .  . 
    14 |  .  . . . .  .  .  . 
    15 |  .  . . . .  .  .  . 
    16 |  .  . . 1 1  1  1  1 
    17 |  .  . . 1 1  1  1  1 
    18 |  .  . . 1 1  1  1  1 
    19 |  .  . . 1 1  1  1  1 
    20 | 12  . . . .  .  .  . 
    21 | 12  . . . .  .  .  . 
    22 | 11  . . . .  .  .  . 
    23 | 11  . . . .  .  .  . 
    24 |  6  6 6 . .  .  8  8 
    25 |  6  6 6 . .  .  8  8 
    26 |  3  3 3 3 3  .  .  . 
    27 |  3  3 3 3 3 13 13 13 
    28 |  3  3 3 3 3 13 13 13 
    29 |  3  3 3 3 3 13 13 13 
    30 |  .  2 2 2 2  2  .  . 
    31 |  .  2 2 2 2  2  .  . 
    32 |  .  2 2 2 2  2  .  . 
    33 |  .  2 2 2 2  2  .  . 
    34 |  .  . 4 4 4  4  4  . 
    35 |  .  . 4 4 4  4  4  . 
    36 |  .  . 4 4 4  4  4  . 
    37 | 10 10 4 4 4  4  4  . 
    
    Boxes' corners:       (w,l)
        Box  1 is at 
            top left     (3,16)
            bottom right (7,19)
    
        Box  2 is at 
            top left     (1,30)
            bottom right (5,33)
    
        Box  3 is at 
            top left     (0,26)
            bottom right (4,29)
    
        Box  4 is at 
            top left     (2,34)
            bottom right (6,37)
    
        Box  5 is at 
            top left     (1,0)
            bottom right (5,3)
    
        Box  6 is at 
            top left     (0,24)
            bottom right (2,25)
    
        Box  7 is at 
            top left     (1,9)
            bottom right (2,10)
    
        Box  8 is at 
            top left     (6,24)
            bottom right (7,25)
    
        Box  9 is at 
            top left     (0,6)
            bottom right (1,7)
    
        Box 10 is at 
            top left     (0,37)
            bottom right (1,37)
    
        Box 11 is at 
            top left     (0,22)
            bottom right (0,23)
    
        Box 12 is at 
            top left     (0,20)
            bottom right (0,21)
    
        Box 13 is at 
            top left     (5,27)
            bottom right (7,29)
    
        Roll length used: 38

    [1;34mTry max length:[0m 37
    [1;34m    At iteration:[0m 6
        lingeling found a solution in .505 ms

       | W
     L |  0 1 2 3 4  5  6  7 
    ------------------------
     0 |  . . 6 6 6 13 13 13 
     1 |  . . 6 6 6 13 13 13 
     2 |  . . . . . 13 13 13 
     3 |  . . . . .  .  .  . 
     4 |  . . . . .  .  .  . 
     5 |  . . . . .  .  .  . 
     6 |  . . . . .  .  .  . 
     7 |  . . . . .  .  .  . 
     8 |  . . . . .  .  .  . 
     9 |  . . . . .  .  .  . 
    10 |  . . . . .  .  .  . 
    11 |  . . . . .  .  .  . 
    12 |  . . . . .  .  .  . 
    13 |  . . . . .  .  .  . 
    14 |  . . . . .  .  .  . 
    15 |  1 1 1 1 1  .  .  . 
    16 |  1 1 1 1 1  .  .  . 
    17 |  1 1 1 1 1  .  .  . 
    18 |  1 1 1 1 1  .  .  . 
    19 |  . . . . .  .  .  . 
    20 |  2 2 2 2 2  .  .  . 
    21 |  2 2 2 2 2  .  .  . 
    22 |  2 2 2 2 2  .  .  . 
    23 |  2 2 2 2 2  .  .  . 
    24 |  . . . 4 4  4  4  4 
    25 |  . . . 4 4  4  4  4 
    26 |  . . . 4 4  4  4  4 
    27 |  . . . 4 4  4  4  4 
    28 |  . . . . .  .  .  . 
    29 | 12 . . 3 3  3  3  3 
    30 | 12 . . 3 3  3  3  3 
    31 |  9 9 . 3 3  3  3  3 
    32 |  9 9 . 3 3  3  3  3 
    33 |  8 8 5 5 5  5  5 11 
    34 |  8 8 5 5 5  5  5 11 
    35 |  7 7 5 5 5  5  5 10 
    36 |  7 7 5 5 5  5  5 10 
    
    Boxes' corners:       (w,l)
        Box  1 is at 
            top left     (0,15)
            bottom right (4,18)
    
        Box  2 is at 
            top left     (0,20)
            bottom right (4,23)
    
        Box  3 is at 
            top left     (3,29)
            bottom right (7,32)
    
        Box  4 is at 
            top left     (3,24)
            bottom right (7,27)
    
        Box  5 is at 
            top left     (2,33)
            bottom right (6,36)
    
        Box  6 is at 
            top left     (2,0)
            bottom right (4,1)
    
        Box  7 is at 
            top left     (0,35)
            bottom right (1,36)
    
        Box  8 is at 
            top left     (0,33)
            bottom right (1,34)
    
        Box  9 is at 
            top left     (0,31)
            bottom right (1,32)
    
        Box 10 is at 
            top left     (7,35)
            bottom right (7,36)
    
        Box 11 is at 
            top left     (7,33)
            bottom right (7,34)
    
        Box 12 is at 
            top left     (0,29)
            bottom right (0,30)
    
        Box 13 is at 
            top left     (5,0)
            bottom right (7,2)
    
        Roll length used: 37

    [1;34mTry max length:[0m 36
    [1;34m    At iteration:[0m 7
        lingeling found a solution in .491 ms

       | W
     L |  0  1  2  3  4 5 6  7 
    --------------------------
     0 |  .  .  2  2  2 2 2  . 
     1 |  .  .  2  2  2 2 2  . 
     2 |  .  .  2  2  2 2 2  . 
     3 |  8  8  2  2  2 2 2  . 
     4 |  8  8  .  .  . . .  . 
     5 |  .  .  .  .  . . .  . 
     6 |  .  .  .  .  . . .  . 
     7 |  .  .  .  .  . . .  . 
     8 |  .  .  .  .  . . .  . 
     9 |  .  .  .  .  . . .  . 
    10 |  .  .  .  .  . . .  . 
    11 |  .  .  .  .  . . .  . 
    12 |  .  .  .  .  . . .  . 
    13 | 12  .  .  .  . . .  . 
    14 | 12  .  .  .  . . .  . 
    15 |  1  1  1  1  1 . . 11 
    16 |  1  1  1  1  1 . . 11 
    17 |  1  1  1  1  1 . .  . 
    18 |  1  1  1  1  1 . .  . 
    19 |  6  6  6  .  . . .  . 
    20 |  6  6  6  .  . . .  . 
    21 |  .  .  .  3  3 3 3  3 
    22 |  .  7  7  3  3 3 3  3 
    23 |  .  7  7  3  3 3 3  3 
    24 |  .  .  .  3  3 3 3  3 
    25 |  5  5  5  5  5 . .  . 
    26 |  5  5  5  5  5 . .  . 
    27 |  5  5  5  5  5 . .  . 
    28 |  5  5  5  5  5 . .  . 
    29 | 13 13 13  .  . . .  . 
    30 | 13 13 13  .  . . .  . 
    31 | 13 13 13 10 10 . .  . 
    32 |  9  9  4  4  4 4 4  . 
    33 |  9  9  4  4  4 4 4  . 
    34 |  .  .  4  4  4 4 4  . 
    35 |  .  .  4  4  4 4 4  . 
    
    Boxes' corners:       (w,l)
        Box  1 is at 
            top left     (0,15)
            bottom right (4,18)
    
        Box  2 is at 
            top left     (2,0)
            bottom right (6,3)
    
        Box  3 is at 
            top left     (3,21)
            bottom right (7,24)
    
        Box  4 is at 
            top left     (2,32)
            bottom right (6,35)
    
        Box  5 is at 
            top left     (0,25)
            bottom right (4,28)
    
        Box  6 is at 
            top left     (0,19)
            bottom right (2,20)
    
        Box  7 is at 
            top left     (1,22)
            bottom right (2,23)
    
        Box  8 is at 
            top left     (0,3)
            bottom right (1,4)
    
        Box  9 is at 
            top left     (0,32)
            bottom right (1,33)
    
        Box 10 is at 
            top left     (3,31)
            bottom right (4,31)
    
        Box 11 is at 
            top left     (7,15)
            bottom right (7,16)
    
        Box 12 is at 
            top left     (0,13)
            bottom right (0,14)
    
        Box 13 is at 
            top left     (0,29)
            bottom right (2,31)
    
        Roll length used: 36

    [1;34mTry max length:[0m 35
    [1;34m    At iteration:[0m 8
        lingeling found a solution in .460 ms

       | W
     L |  0  1  2  3  4 5 6 7 
    -------------------------
     0 | 13 13 13  5  5 5 5 5 
     1 | 13 13 13  5  5 5 5 5 
     2 | 13 13 13  5  5 5 5 5 
     3 |  .  .  .  5  5 5 5 5 
     4 |  .  .  .  .  . . . . 
     5 |  .  .  .  .  . . . . 
     6 |  .  .  .  .  . . . . 
     7 |  .  .  9  9  . . . . 
     8 |  .  .  9  9  . . . . 
     9 |  .  .  .  .  . . . . 
    10 |  .  .  .  .  . . . . 
    11 |  .  .  .  .  . . . . 
    12 |  .  .  1  1  1 1 1 . 
    13 |  .  .  1  1  1 1 1 . 
    14 |  .  .  1  1  1 1 1 . 
    15 |  .  .  1  1  1 1 1 . 
    16 |  .  .  .  .  7 7 . . 
    17 |  .  .  .  .  7 7 . . 
    18 |  .  .  .  .  . . . . 
    19 |  .  .  .  .  . . . . 
    20 |  .  .  .  .  . . . . 
    21 |  . 10  .  .  . . . . 
    22 |  . 10  .  4  4 4 4 4 
    23 |  .  .  .  4  4 4 4 4 
    24 |  .  .  .  4  4 4 4 4 
    25 |  6  6  6  4  4 4 4 4 
    26 |  6  6  6  2  2 2 2 2 
    27 |  .  .  .  2  2 2 2 2 
    28 |  .  .  .  2  2 2 2 2 
    29 |  .  .  .  2  2 2 2 2 
    30 |  3  3  3  3  3 . 8 8 
    31 |  3  3  3  3  3 . 8 8 
    32 |  3  3  3  3  3 . . . 
    33 |  3  3  3  3  3 . . . 
    34 | 11 11  . 12 12 . . . 
    
    Boxes' corners:       (w,l)
        Box  1 is at 
            top left     (2,12)
            bottom right (6,15)
    
        Box  2 is at 
            top left     (3,26)
            bottom right (7,29)
    
        Box  3 is at 
            top left     (0,30)
            bottom right (4,33)
    
        Box  4 is at 
            top left     (3,22)
            bottom right (7,25)
    
        Box  5 is at 
            top left     (3,0)
            bottom right (7,3)
    
        Box  6 is at 
            top left     (0,25)
            bottom right (2,26)
    
        Box  7 is at 
            top left     (4,16)
            bottom right (5,17)
    
        Box  8 is at 
            top left     (6,30)
            bottom right (7,31)
    
        Box  9 is at 
            top left     (2,7)
            bottom right (3,8)
    
        Box 10 is at 
            top left     (1,21)
            bottom right (1,22)
    
        Box 11 is at 
            top left     (0,34)
            bottom right (1,34)
    
        Box 12 is at 
            top left     (3,34)
            bottom right (4,34)
    
        Box 13 is at 
            top left     (0,0)
            bottom right (2,2)
    
        Roll length used: 35

    [1;34mTry max length:[0m 34
    [1;34m    At iteration:[0m 9
        lingeling found a solution in .430 ms

       | W
     L |  0  1  2  3  4 5 6  7 
    --------------------------
     0 |  1  1  1  1  1 6 6  6 
     1 |  1  1  1  1  1 6 6  6 
     2 |  1  1  1  1  1 . .  . 
     3 |  1  1  1  1  1 . .  . 
     4 |  .  .  .  . 11 . .  . 
     5 |  .  .  .  . 11 . .  . 
     6 |  .  .  .  .  . . .  . 
     7 |  .  .  .  .  . . .  . 
     8 |  .  .  .  .  . . .  . 
     9 |  .  .  .  .  . . .  . 
    10 |  .  .  . 12  . . .  . 
    11 |  .  .  . 12  . . .  . 
    12 |  .  .  .  .  . . .  . 
    13 |  .  .  .  .  . . .  . 
    14 |  .  .  .  .  . . .  . 
    15 |  .  .  .  .  . . .  . 
    16 |  .  .  .  .  . . .  . 
    17 |  .  .  .  .  . . .  . 
    18 |  .  .  2  2  2 2 2  . 
    19 |  .  .  2  2  2 2 2  . 
    20 |  .  .  2  2  2 2 2  . 
    21 |  .  .  2  2  2 2 2  . 
    22 |  5  5  5  5  5 . . 10 
    23 |  5  5  5  5  5 . . 10 
    24 |  5  5  5  5  5 . 9  9 
    25 |  5  5  5  5  5 . 9  9 
    26 |  3  3  3  3  3 . 8  8 
    27 |  3  3  3  3  3 . 8  8 
    28 |  3  3  3  3  3 . 7  7 
    29 |  3  3  3  3  3 . 7  7 
    30 |  .  .  .  4  4 4 4  4 
    31 | 13 13 13  4  4 4 4  4 
    32 | 13 13 13  4  4 4 4  4 
    33 | 13 13 13  4  4 4 4  4 
    
    Boxes' corners:       (w,l)
        Box  1 is at 
            top left     (0,0)
            bottom right (4,3)
    
        Box  2 is at 
            top left     (2,18)
            bottom right (6,21)
    
        Box  3 is at 
            top left     (0,26)
            bottom right (4,29)
    
        Box  4 is at 
            top left     (3,30)
            bottom right (7,33)
    
        Box  5 is at 
            top left     (0,22)
            bottom right (4,25)
    
        Box  6 is at 
            top left     (5,0)
            bottom right (7,1)
    
        Box  7 is at 
            top left     (6,28)
            bottom right (7,29)
    
        Box  8 is at 
            top left     (6,26)
            bottom right (7,27)
    
        Box  9 is at 
            top left     (6,24)
            bottom right (7,25)
    
        Box 10 is at 
            top left     (7,22)
            bottom right (7,23)
    
        Box 11 is at 
            top left     (4,4)
            bottom right (4,5)
    
        Box 12 is at 
            top left     (3,10)
            bottom right (3,11)
    
        Box 13 is at 
            top left     (0,31)
            bottom right (2,33)
    
        Roll length used: 34

    [1;34mTry max length:[0m 33
    [1;34m    At iteration:[0m 10
        lingeling found a solution in .439 ms

       | W
     L |  0 1 2 3 4  5  6  7 
    ------------------------
     0 |  . . 1 1 1  1  1  . 
     1 |  . . 1 1 1  1  1  . 
     2 |  . . 1 1 1  1  1  . 
     3 |  . . 1 1 1  1  1  . 
     4 |  . . . . .  .  .  . 
     5 |  . . . . .  .  .  . 
     6 |  . . . . .  .  .  . 
     7 |  . . . . .  .  .  . 
     8 |  2 2 2 2 2  .  .  . 
     9 |  2 2 2 2 2  .  .  . 
    10 |  2 2 2 2 2  .  .  . 
    11 |  2 2 2 2 2  .  .  . 
    12 |  . . . . .  .  .  . 
    13 |  . . . . .  .  .  . 
    14 |  . . . . .  .  .  . 
    15 |  . . . . .  .  .  . 
    16 |  . . . . .  .  .  . 
    17 |  . . . . .  .  .  . 
    18 |  . . . . .  .  .  . 
    19 |  . . . 4 4  4  4  4 
    20 |  . . . 4 4  4  4  4 
    21 | 12 . . 4 4  4  4  4 
    22 | 12 . . 4 4  4  4  4 
    23 |  9 9 3 3 3  3  3 11 
    24 |  9 9 3 3 3  3  3 11 
    25 |  8 8 3 3 3  3  3 10 
    26 |  8 8 3 3 3  3  3 10 
    27 |  6 6 6 . .  .  7  7 
    28 |  6 6 6 . .  .  7  7 
    29 |  5 5 5 5 5 13 13 13 
    30 |  5 5 5 5 5 13 13 13 
    31 |  5 5 5 5 5 13 13 13 
    32 |  5 5 5 5 5  .  .  . 
    
    Boxes' corners:       (w,l)
        Box  1 is at 
            top left     (2,0)
            bottom right (6,3)
    
        Box  2 is at 
            top left     (0,8)
            bottom right (4,11)
    
        Box  3 is at 
            top left     (2,23)
            bottom right (6,26)
    
        Box  4 is at 
            top left     (3,19)
            bottom right (7,22)
    
        Box  5 is at 
            top left     (0,29)
            bottom right (4,32)
    
        Box  6 is at 
            top left     (0,27)
            bottom right (2,28)
    
        Box  7 is at 
            top left     (6,27)
            bottom right (7,28)
    
        Box  8 is at 
            top left     (0,25)
            bottom right (1,26)
    
        Box  9 is at 
            top left     (0,23)
            bottom right (1,24)
    
        Box 10 is at 
            top left     (7,25)
            bottom right (7,26)
    
        Box 11 is at 
            top left     (7,23)
            bottom right (7,24)
    
        Box 12 is at 
            top left     (0,21)
            bottom right (0,22)
    
        Box 13 is at 
            top left     (5,29)
            bottom right (7,31)
    
        Roll length used: 33

    [1;34mTry max length:[0m 32
    [1;34m    At iteration:[0m 11
        lingeling found a solution in .410 ms

       | W
     L |  0  1 2 3 4  5  6  7 
    -------------------------
     0 | 11 11 1 1 1  1  1  . 
     1 |  .  . 1 1 1  1  1  . 
     2 |  .  . 1 1 1  1  1  . 
     3 |  .  . 1 1 1  1  1  . 
     4 |  .  . 9 9 .  .  .  . 
     5 |  .  . 9 9 .  .  .  . 
     6 |  .  . . . .  .  .  . 
     7 |  .  . . . .  .  .  . 
     8 |  .  . . . .  .  .  . 
     9 |  3  3 3 3 3  .  .  . 
    10 |  3  3 3 3 3  .  .  . 
    11 |  3  3 3 3 3  .  .  . 
    12 |  3  3 3 3 3  6  6  6 
    13 |  .  . . . .  6  6  6 
    14 |  .  . . . .  .  .  . 
    15 |  .  . 4 4 4  4  4  . 
    16 |  .  . 4 4 4  4  4  . 
    17 |  .  . 4 4 4  4  4  . 
    18 | 12  . 4 4 4  4  4  . 
    19 | 12  . . . .  7  7  . 
    20 |  5  5 5 5 5  7  7  . 
    21 |  5  5 5 5 5  .  8  8 
    22 |  5  5 5 5 5  .  8  8 
    23 |  5  5 5 5 5  .  .  . 
    24 |  .  . . 2 2  2  2  2 
    25 |  .  . . 2 2  2  2  2 
    26 |  .  . . 2 2  2  2  2 
    27 |  . 10 . 2 2  2  2  2 
    28 |  . 10 . . . 13 13 13 
    29 |  .  . . . . 13 13 13 
    30 |  .  . . . . 13 13 13 
    31 |  .  . . . .  .  .  . 
    
    Boxes' corners:       (w,l)
        Box  1 is at 
            top left     (2,0)
            bottom right (6,3)
    
        Box  2 is at 
            top left     (3,24)
            bottom right (7,27)
    
        Box  3 is at 
            top left     (0,9)
            bottom right (4,12)
    
        Box  4 is at 
            top left     (2,15)
            bottom right (6,18)
    
        Box  5 is at 
            top left     (0,20)
            bottom right (4,23)
    
        Box  6 is at 
            top left     (5,12)
            bottom right (7,13)
    
        Box  7 is at 
            top left     (5,19)
            bottom right (6,20)
    
        Box  8 is at 
            top left     (6,21)
            bottom right (7,22)
    
        Box  9 is at 
            top left     (2,4)
            bottom right (3,5)
    
        Box 10 is at 
            top left     (1,27)
            bottom right (1,28)
    
        Box 11 is at 
            top left     (0,0)
            bottom right (1,0)
    
        Box 12 is at 
            top left     (0,18)
            bottom right (0,19)
    
        Box 13 is at 
            top left     (5,28)
            bottom right (7,30)
    
        Roll length used: 31

    [1;34mTry max length:[0m 30
    [1;34m    At iteration:[0m 12
        lingeling found a solution in .363 ms

       | W
     L |  0  1  2 3 4 5 6  7 
    ------------------------
     0 |  .  .  . 1 1 1 1  1 
     1 |  .  .  . 1 1 1 1  1 
     2 |  .  .  . 1 1 1 1  1 
     3 |  .  .  . 1 1 1 1  1 
     4 |  .  .  . . . . .  . 
     5 |  .  .  . . . . .  . 
     6 |  .  .  . . . . .  . 
     7 |  .  .  . . . . .  . 
     8 |  .  .  . . . . .  . 
     9 |  .  .  . . . . .  . 
    10 |  .  .  . 2 2 2 2  2 
    11 |  .  .  . 2 2 2 2  2 
    12 |  .  .  . 2 2 2 2  2 
    13 |  .  .  . 2 2 2 2  2 
    14 |  .  .  . 3 3 3 3  3 
    15 |  .  .  . 3 3 3 3  3 
    16 |  .  .  . 3 3 3 3  3 
    17 | 13 13 13 3 3 3 3  3 
    18 | 13 13 13 . . . .  . 
    19 | 13 13 13 . . . .  . 
    20 |  .  .  5 5 5 5 5  . 
    21 |  .  .  5 5 5 5 5  . 
    22 |  .  .  5 5 5 5 5  . 
    23 |  .  .  5 5 5 5 5  . 
    24 | 12  4  4 4 4 4 . 11 
    25 | 12  4  4 4 4 4 . 11 
    26 | 10  4  4 4 4 4 9  9 
    27 | 10  4  4 4 4 4 9  9 
    28 |  6  6  6 . 8 8 7  7 
    29 |  6  6  6 . 8 8 7  7 
    
    Boxes' corners:       (w,l)
        Box  1 is at 
            top left     (3,0)
            bottom right (7,3)
    
        Box  2 is at 
            top left     (3,10)
            bottom right (7,13)
    
        Box  3 is at 
            top left     (3,14)
            bottom right (7,17)
    
        Box  4 is at 
            top left     (1,24)
            bottom right (5,27)
    
        Box  5 is at 
            top left     (2,20)
            bottom right (6,23)
    
        Box  6 is at 
            top left     (0,28)
            bottom right (2,29)
    
        Box  7 is at 
            top left     (6,28)
            bottom right (7,29)
    
        Box  8 is at 
            top left     (4,28)
            bottom right (5,29)
    
        Box  9 is at 
            top left     (6,26)
            bottom right (7,27)
    
        Box 10 is at 
            top left     (0,26)
            bottom right (0,27)
    
        Box 11 is at 
            top left     (7,24)
            bottom right (7,25)
    
        Box 12 is at 
            top left     (0,24)
            bottom right (0,25)
    
        Box 13 is at 
            top left     (0,17)
            bottom right (2,19)
    
        Roll length used: 30

    [1;34mTry max length:[0m 29
    [1;34m    At iteration:[0m 13
        lingeling found a solution in .321 ms

       | W
     L | 0 1 2 3 4  5  6  7 
    -----------------------
     0 | 3 3 3 3 3  6  6 12 
     1 | 3 3 3 3 3  6  6 12 
     2 | 3 3 3 3 3  6  6  . 
     3 | 3 3 3 3 3  .  .  . 
     4 | . . . . .  .  .  . 
     5 | . . . . .  .  .  . 
     6 | . . . . .  .  .  . 
     7 | . . . . .  .  .  . 
     8 | . . . . .  .  .  . 
     9 | . . . . .  .  .  . 
    10 | . . . . .  .  .  . 
    11 | . 1 1 1 1  .  .  . 
    12 | . 1 1 1 1  .  .  . 
    13 | . 1 1 1 1 10  .  . 
    14 | . 1 1 1 1 10  .  . 
    15 | . 1 1 1 1  .  .  . 
    16 | . . . 4 4  4  4  4 
    17 | . . . 4 4  4  4  4 
    18 | . . . 4 4  4  4  4 
    19 | 9 9 . 4 4  4  4  4 
    20 | 9 9 . . .  .  . 11 
    21 | 8 8 2 2 2  2  2 11 
    22 | 8 8 2 2 2  2  2  . 
    23 | 7 7 2 2 2  2  2  . 
    24 | 7 7 2 2 2  2  2  . 
    25 | 5 5 5 5 5 13 13 13 
    26 | 5 5 5 5 5 13 13 13 
    27 | 5 5 5 5 5 13 13 13 
    28 | 5 5 5 5 5  .  .  . 
    
    Boxes' corners:       (w,l)
        Box  1 is at 
            top left     (1,11)
            bottom right (4,15)
    
        Box  2 is at 
            top left     (2,21)
            bottom right (6,24)
    
        Box  3 is at 
            top left     (0,0)
            bottom right (4,3)
    
        Box  4 is at 
            top left     (3,16)
            bottom right (7,19)
    
        Box  5 is at 
            top left     (0,25)
            bottom right (4,28)
    
        Box  6 is at 
            top left     (5,0)
            bottom right (6,2)
    
        Box  7 is at 
            top left     (0,23)
            bottom right (1,24)
    
        Box  8 is at 
            top left     (0,21)
            bottom right (1,22)
    
        Box  9 is at 
            top left     (0,19)
            bottom right (1,20)
    
        Box 10 is at 
            top left     (5,13)
            bottom right (5,14)
    
        Box 11 is at 
            top left     (7,20)
            bottom right (7,21)
    
        Box 12 is at 
            top left     (7,0)
            bottom right (7,1)
    
        Box 13 is at 
            top left     (5,25)
            bottom right (7,27)
    
        Roll length used: 29

    [1;34mTry max length:[0m 28
    [1;34m    At iteration:[0m 14
        lingeling found a solution in .318 ms

       | W
     L |  0 1 2 3 4  5  6  7 
    ------------------------
     0 |  . 2 2 2 2  2  .  . 
     1 |  . 2 2 2 2  2  .  . 
     2 |  . 2 2 2 2  2  .  . 
     3 |  . 2 2 2 2  2  .  . 
     4 |  . . . . .  .  .  . 
     5 |  . . . . .  .  .  . 
     6 |  . . . . .  .  .  . 
     7 |  . . . . .  .  .  . 
     8 |  . . . . .  .  .  . 
     9 |  . . . 5 5  5  5  5 
    10 |  . . . 5 5  5  5  5 
    11 |  . . . 5 5  5  5  5 
    12 |  . . . 5 5  5  5  5 
    13 | 12 . 1 1 1  1  1 11 
    14 | 12 . 1 1 1  1  1 11 
    15 |  9 9 1 1 1  1  1 10 
    16 |  9 9 1 1 1  1  1 10 
    17 |  8 8 . . .  .  7  7 
    18 |  8 8 . . .  .  7  7 
    19 |  . . . . .  6  6  6 
    20 |  3 3 3 3 3  6  6  6 
    21 |  3 3 3 3 3  .  .  . 
    22 |  3 3 3 3 3  .  .  . 
    23 |  3 3 3 3 3  .  .  . 
    24 |  4 4 4 4 4 13 13 13 
    25 |  4 4 4 4 4 13 13 13 
    26 |  4 4 4 4 4 13 13 13 
    27 |  4 4 4 4 4  .  .  . 
    
    Boxes' corners:       (w,l)
        Box  1 is at 
            top left     (2,13)
            bottom right (6,16)
    
        Box  2 is at 
            top left     (1,0)
            bottom right (5,3)
    
        Box  3 is at 
            top left     (0,20)
            bottom right (4,23)
    
        Box  4 is at 
            top left     (0,24)
            bottom right (4,27)
    
        Box  5 is at 
            top left     (3,9)
            bottom right (7,12)
    
        Box  6 is at 
            top left     (5,19)
            bottom right (7,20)
    
        Box  7 is at 
            top left     (6,17)
            bottom right (7,18)
    
        Box  8 is at 
            top left     (0,17)
            bottom right (1,18)
    
        Box  9 is at 
            top left     (0,15)
            bottom right (1,16)
    
        Box 10 is at 
            top left     (7,15)
            bottom right (7,16)
    
        Box 11 is at 
            top left     (7,13)
            bottom right (7,14)
    
        Box 12 is at 
            top left     (0,13)
            bottom right (0,14)
    
        Box 13 is at 
            top left     (5,24)
            bottom right (7,26)
    
        Roll length used: 28

    [1;34mTry max length:[0m 27
    [1;34m    At iteration:[0m 15
        lingeling found a solution in .315 ms

       | W
     L |  0  1  2 3 4 5  6  7 
    -------------------------
     0 | 13 13 13 5 5 5  5  5 
     1 | 13 13 13 5 5 5  5  5 
     2 | 13 13 13 5 5 5  5  5 
     3 |  .  .  . 5 5 5  5  5 
     4 |  .  .  . . . .  . 12 
     5 |  .  .  . . . .  . 12 
     6 |  .  .  . . . .  .  . 
     7 |  3  3  3 3 3 .  .  . 
     8 |  3  3  3 3 3 .  .  . 
     9 |  3  3  3 3 3 .  .  . 
    10 |  3  3  3 3 3 .  .  . 
    11 |  .  .  1 1 1 1  .  . 
    12 |  .  .  1 1 1 1  9  9 
    13 |  .  .  1 1 1 1  9  9 
    14 |  8  8  1 1 1 1  7  7 
    15 |  8  8  1 1 1 1  7  7 
    16 |  .  .  . . . .  .  . 
    17 |  .  .  . . . .  .  . 
    18 |  2  2  2 2 2 .  .  . 
    19 |  2  2  2 2 2 .  .  . 
    20 |  2  2  2 2 2 .  .  . 
    21 |  2  2  2 2 2 . 10  . 
    22 |  .  .  . . . . 10  . 
    23 |  6  6  4 4 4 4  4  . 
    24 |  6  6  4 4 4 4  4  . 
    25 |  6  6  4 4 4 4  4  . 
    26 | 11 11  4 4 4 4  4  . 
    
    Boxes' corners:       (w,l)
        Box  1 is at 
            top left     (2,11)
            bottom right (5,15)
    
        Box  2 is at 
            top left     (0,18)
            bottom right (4,21)
    
        Box  3 is at 
            top left     (0,7)
            bottom right (4,10)
    
        Box  4 is at 
            top left     (2,23)
            bottom right (6,26)
    
        Box  5 is at 
            top left     (3,0)
            bottom right (7,3)
    
        Box  6 is at 
            top left     (0,23)
            bottom right (1,25)
    
        Box  7 is at 
            top left     (6,14)
            bottom right (7,15)
    
        Box  8 is at 
            top left     (0,14)
            bottom right (1,15)
    
        Box  9 is at 
            top left     (6,12)
            bottom right (7,13)
    
        Box 10 is at 
            top left     (6,21)
            bottom right (6,22)
    
        Box 11 is at 
            top left     (0,26)
            bottom right (1,26)
    
        Box 12 is at 
            top left     (7,4)
            bottom right (7,5)
    
        Box 13 is at 
            top left     (0,0)
            bottom right (2,2)
    
        Roll length used: 27

    [1;34mTry max length:[0m 26
    [1;34m    At iteration:[0m 16
        lingeling found a solution in .383 ms

       | W
     L |  0  1  2 3  4 5 6  7 
    -------------------------
     0 |  5  5  5 5  . . .  . 
     1 |  5  5  5 5  . . .  . 
     2 |  5  5  5 5  . . .  . 
     3 |  5  5  5 5  8 8 .  . 
     4 |  5  5  5 5  8 8 . 11 
     5 |  .  .  2 2  2 2 2 11 
     6 |  9  9  2 2  2 2 2  . 
     7 |  9  9  2 2  2 2 2  . 
     8 |  .  .  2 2  2 2 2  . 
     9 | 13 13 13 .  . 6 6  . 
    10 | 13 13 13 .  . 6 6  . 
    11 | 13 13 13 . 12 6 6  . 
    12 |  1  1  1 1 12 . .  . 
    13 |  1  1  1 1  4 4 4  4 
    14 |  1  1  1 1  4 4 4  4 
    15 |  1  1  1 1  4 4 4  4 
    16 |  1  1  1 1  4 4 4  4 
    17 |  .  .  . .  4 4 4  4 
    18 |  3  3  3 3  . . .  . 
    19 |  3  3  3 3  . . .  . 
    20 |  3  3  3 3  . . .  . 
    21 |  3  3  3 3  . . .  . 
    22 |  3  3  3 3  . . .  . 
    23 | 10  .  . .  . . 7  7 
    24 | 10  .  . .  . . 7  7 
    25 |  .  .  . .  . . .  . 
    
    Boxes' corners:       (w,l)
        Box  1 is at 
            top left     (0,12)
            bottom right (3,16)
    
        Box  2 is at 
            top left     (2,5)
            bottom right (6,8)
    
        Box  3 is at 
            top left     (0,18)
            bottom right (3,22)
    
        Box  4 is at 
            top left     (4,13)
            bottom right (7,17)
    
        Box  5 is at 
            top left     (0,0)
            bottom right (3,4)
    
        Box  6 is at 
            top left     (5,9)
            bottom right (6,11)
    
        Box  7 is at 
            top left     (6,23)
            bottom right (7,24)
    
        Box  8 is at 
            top left     (4,3)
            bottom right (5,4)
    
        Box  9 is at 
            top left     (0,6)
            bottom right (1,7)
    
        Box 10 is at 
            top left     (0,23)
            bottom right (0,24)
    
        Box 11 is at 
            top left     (7,4)
            bottom right (7,5)
    
        Box 12 is at 
            top left     (4,11)
            bottom right (4,12)
    
        Box 13 is at 
            top left     (0,9)
            bottom right (2,11)
    
        Roll length used: 25

    [1;34mTry max length:[0m 24
    [1;34m    At iteration:[0m 17
        lingeling found a solution in .254 ms

       | W
     L |  0  1 2 3  4  5  6  7 
    --------------------------
     0 |  .  5 5 5  5  5  .  . 
     1 |  .  5 5 5  5  5  .  . 
     2 |  .  5 5 5  5  5  .  . 
     3 |  .  5 5 5  5  5  .  . 
     4 |  .  2 2 2  2  2  .  . 
     5 |  .  2 2 2  2  2  .  . 
     6 |  .  2 2 2  2  2  .  . 
     7 |  .  2 2 2  2  2  8  8 
     8 |  .  . . . 11  .  8  8 
     9 |  .  . . . 11  .  .  . 
    10 |  1  1 1 1  .  .  .  . 
    11 |  1  1 1 1  .  .  .  . 
    12 |  1  1 1 1  3  3  3  3 
    13 |  1  1 1 1  3  3  3  3 
    14 |  1  1 1 1  3  3  3  3 
    15 |  9  9 . .  3  3  3  3 
    16 |  9  9 . .  3  3  3  3 
    17 |  .  . . .  . 13 13 13 
    18 |  .  6 6 6  . 13 13 13 
    19 |  .  6 6 6  . 13 13 13 
    20 |  .  . 4 4  4  4  4 10 
    21 |  7  7 4 4  4  4  4 10 
    22 |  7  7 4 4  4  4  4  . 
    23 | 12 12 4 4  4  4  4  . 
    
    Boxes' corners:       (w,l)
        Box  1 is at 
            top left     (0,10)
            bottom right (3,14)
    
        Box  2 is at 
            top left     (1,4)
            bottom right (5,7)
    
        Box  3 is at 
            top left     (4,12)
            bottom right (7,16)
    
        Box  4 is at 
            top left     (2,20)
            bottom right (6,23)
    
        Box  5 is at 
            top left     (1,0)
            bottom right (5,3)
    
        Box  6 is at 
            top left     (1,18)
            bottom right (3,19)
    
        Box  7 is at 
            top left     (0,21)
            bottom right (1,22)
    
        Box  8 is at 
            top left     (6,7)
            bottom right (7,8)
    
        Box  9 is at 
            top left     (0,15)
            bottom right (1,16)
    
        Box 10 is at 
            top left     (7,20)
            bottom right (7,21)
    
        Box 11 is at 
            top left     (4,8)
            bottom right (4,9)
    
        Box 12 is at 
            top left     (0,23)
            bottom right (1,23)
    
        Box 13 is at 
            top left     (5,17)
            bottom right (7,19)
    
        Roll length used: 24

    [1;34mTry max length:[0m 23
    [1;34m    At iteration:[0m 18
        lingeling found a solution in .276 ms

       | W
     L |  0  1  2 3 4  5  6  7 
    --------------------------
     0 | 13 13 13 4 4  4  4  4 
     1 | 13 13 13 4 4  4  4  4 
     2 | 13 13 13 4 4  4  4  4 
     3 |  .  .  . 4 4  4  4  4 
     4 |  5  5  5 5 5  .  .  . 
     5 |  5  5  5 5 5  .  .  . 
     6 |  5  5  5 5 5  .  .  . 
     7 |  5  5  5 5 5 11 11  . 
     8 |  1  1  1 1 1  .  .  . 
     9 |  1  1  1 1 1  .  .  . 
    10 |  1  1  1 1 1  .  .  . 
    11 |  1  1  1 1 1  .  . 10 
    12 |  3  3  3 3 3  7  7 10 
    13 |  3  3  3 3 3  7  7  . 
    14 |  3  3  3 3 3  6  6  6 
    15 |  3  3  3 3 3  6  6  6 
    16 | 12  .  . 9 9  .  8  8 
    17 | 12  .  . 9 9  .  8  8 
    18 |  .  .  . . .  .  .  . 
    19 |  2  2  2 2 2  .  .  . 
    20 |  2  2  2 2 2  .  .  . 
    21 |  2  2  2 2 2  .  .  . 
    22 |  2  2  2 2 2  .  .  . 
    
    Boxes' corners:       (w,l)
        Box  1 is at 
            top left     (0,8)
            bottom right (4,11)
    
        Box  2 is at 
            top left     (0,19)
            bottom right (4,22)
    
        Box  3 is at 
            top left     (0,12)
            bottom right (4,15)
    
        Box  4 is at 
            top left     (3,0)
            bottom right (7,3)
    
        Box  5 is at 
            top left     (0,4)
            bottom right (4,7)
    
        Box  6 is at 
            top left     (5,14)
            bottom right (7,15)
    
        Box  7 is at 
            top left     (5,12)
            bottom right (6,13)
    
        Box  8 is at 
            top left     (6,16)
            bottom right (7,17)
    
        Box  9 is at 
            top left     (3,16)
            bottom right (4,17)
    
        Box 10 is at 
            top left     (7,11)
            bottom right (7,12)
    
        Box 11 is at 
            top left     (5,7)
            bottom right (6,7)
    
        Box 12 is at 
            top left     (0,16)
            bottom right (0,17)
    
        Box 13 is at 
            top left     (0,0)
            bottom right (2,2)
    
        Roll length used: 23

    [1;34mTry max length:[0m 22
    [1;34m    At iteration:[0m 19
        lingeling found a solution in .244 ms

       | W
     L |  0 1 2 3 4  5  6  7 
    ------------------------
     0 |  4 4 4 4 4 13 13 13 
     1 |  4 4 4 4 4 13 13 13 
     2 |  4 4 4 4 4 13 13 13 
     3 |  4 4 4 4 4  .  .  . 
     4 |  . . 8 8 5  5  5  5 
     5 |  . . 8 8 5  5  5  5 
     6 |  1 1 1 1 5  5  5  5 
     7 |  1 1 1 1 5  5  5  5 
     8 |  1 1 1 1 5  5  5  5 
     9 |  1 1 1 1 .  .  .  . 
    10 |  1 1 1 1 .  .  .  . 
    11 | 10 3 3 3 3  .  9  9 
    12 | 10 3 3 3 3  .  9  9 
    13 |  . 3 3 3 3  .  .  . 
    14 |  . 3 3 3 3  .  .  . 
    15 |  . 3 3 3 3  . 11  . 
    16 |  6 6 . . .  . 11  . 
    17 |  6 6 . . .  .  .  . 
    18 |  6 6 2 2 2  2  2  . 
    19 |  7 7 2 2 2  2  2 12 
    20 |  7 7 2 2 2  2  2 12 
    21 |  . . 2 2 2  2  2  . 
    
    Boxes' corners:       (w,l)
        Box  1 is at 
            top left     (0,6)
            bottom right (3,10)
    
        Box  2 is at 
            top left     (2,18)
            bottom right (6,21)
    
        Box  3 is at 
            top left     (1,11)
            bottom right (4,15)
    
        Box  4 is at 
            top left     (0,0)
            bottom right (4,3)
    
        Box  5 is at 
            top left     (4,4)
            bottom right (7,8)
    
        Box  6 is at 
            top left     (0,16)
            bottom right (1,18)
    
        Box  7 is at 
            top left     (0,19)
            bottom right (1,20)
    
        Box  8 is at 
            top left     (2,4)
            bottom right (3,5)
    
        Box  9 is at 
            top left     (6,11)
            bottom right (7,12)
    
        Box 10 is at 
            top left     (0,11)
            bottom right (0,12)
    
        Box 11 is at 
            top left     (6,15)
            bottom right (6,16)
    
        Box 12 is at 
            top left     (7,19)
            bottom right (7,20)
    
        Box 13 is at 
            top left     (5,0)
            bottom right (7,2)
    
        Roll length used: 22

    [1;34mTry max length:[0m 21
    [1;34m    At iteration:[0m 20
        lingeling found a solution in .236 ms

       | W
     L |  0 1 2 3 4  5  6  7 
    ------------------------
     0 |  . . 1 1 1  1  1  . 
     1 |  . . 1 1 1  1  1  . 
     2 |  . . 1 1 1  1  1  . 
     3 |  . . 1 1 1  1  1  . 
     4 |  . . 2 2 2  2  2  . 
     5 |  . . 2 2 2  2  2  . 
     6 |  . . 2 2 2  2  2  . 
     7 | 10 . 2 2 2  2  2 12 
     8 | 10 . . . .  .  . 12 
     9 |  9 9 . 5 5  5  5  5 
    10 |  9 9 . 5 5  5  5  5 
    11 |  6 6 6 5 5  5  5  5 
    12 |  6 6 6 5 5  5  5  5 
    13 |  8 8 3 3 3  3  3 11 
    14 |  8 8 3 3 3  3  3 11 
    15 |  7 7 3 3 3  3  3  . 
    16 |  7 7 3 3 3  3  3  . 
    17 |  4 4 4 4 4 13 13 13 
    18 |  4 4 4 4 4 13 13 13 
    19 |  4 4 4 4 4 13 13 13 
    20 |  4 4 4 4 4  .  .  . 
    
    Boxes' corners:       (w,l)
        Box  1 is at 
            top left     (2,0)
            bottom right (6,3)
    
        Box  2 is at 
            top left     (2,4)
            bottom right (6,7)
    
        Box  3 is at 
            top left     (2,13)
            bottom right (6,16)
    
        Box  4 is at 
            top left     (0,17)
            bottom right (4,20)
    
        Box  5 is at 
            top left     (3,9)
            bottom right (7,12)
    
        Box  6 is at 
            top left     (0,11)
            bottom right (2,12)
    
        Box  7 is at 
            top left     (0,15)
            bottom right (1,16)
    
        Box  8 is at 
            top left     (0,13)
            bottom right (1,14)
    
        Box  9 is at 
            top left     (0,9)
            bottom right (1,10)
    
        Box 10 is at 
            top left     (0,7)
            bottom right (0,8)
    
        Box 11 is at 
            top left     (7,13)
            bottom right (7,14)
    
        Box 12 is at 
            top left     (7,7)
            bottom right (7,8)
    
        Box 13 is at 
            top left     (5,17)
            bottom right (7,19)
    
        Roll length used: 21

    [1;34mTry max length:[0m 20
    [1;34m    At iteration:[0m 21
        lingeling found a solution in .887 ms

       | W
     L |  0 1 2 3 4  5  6  7 
    ------------------------
     0 |  4 4 4 4 4 13 13 13 
     1 |  4 4 4 4 4 13 13 13 
     2 |  4 4 4 4 4 13 13 13 
     3 |  4 4 4 4 4  7  7  . 
     4 |  1 1 1 1 1  7  7  . 
     5 |  1 1 1 1 1  .  .  . 
     6 |  1 1 1 1 1 11  .  . 
     7 |  1 1 1 1 1 11  6  6 
     8 |  . 5 5 5 5  5  6  6 
     9 | 12 5 5 5 5  5  6  6 
    10 | 12 5 5 5 5  5  .  . 
    11 |  . 5 5 5 5  5  .  . 
    12 |  . . . 9 9  . 10  . 
    13 |  . 8 8 9 9  . 10  . 
    14 |  . 8 8 . 3  3  3  3 
    15 |  2 2 2 2 3  3  3  3 
    16 |  2 2 2 2 3  3  3  3 
    17 |  2 2 2 2 3  3  3  3 
    18 |  2 2 2 2 3  3  3  3 
    19 |  2 2 2 2 .  .  .  . 
    
    Boxes' corners:       (w,l)
        Box  1 is at 
            top left     (0,4)
            bottom right (4,7)
    
        Box  2 is at 
            top left     (0,15)
            bottom right (3,19)
    
        Box  3 is at 
            top left     (4,14)
            bottom right (7,18)
    
        Box  4 is at 
            top left     (0,0)
            bottom right (4,3)
    
        Box  5 is at 
            top left     (1,8)
            bottom right (5,11)
    
        Box  6 is at 
            top left     (6,7)
            bottom right (7,9)
    
        Box  7 is at 
            top left     (5,3)
            bottom right (6,4)
    
        Box  8 is at 
            top left     (1,13)
            bottom right (2,14)
    
        Box  9 is at 
            top left     (3,12)
            bottom right (4,13)
    
        Box 10 is at 
            top left     (6,12)
            bottom right (6,13)
    
        Box 11 is at 
            top left     (5,6)
            bottom right (5,7)
    
        Box 12 is at 
            top left     (0,9)
            bottom right (0,10)
    
        Box 13 is at 
            top left     (5,0)
            bottom right (7,2)
    
        Roll length used: 20

    [1;34mTry max length:[0m 19
    [1;34m    At iteration:[0m 22
        lingeling found a solution in .786 ms

       | W
     L | 0 1  2  3 4  5  6  7 
    -------------------------
     0 | 1 1  1  1 1 13 13 13 
     1 | 1 1  1  1 1 13 13 13 
     2 | 1 1  1  1 1 13 13 13 
     3 | 1 1  1  1 1  .  .  . 
     4 | 7 7  5  5 5  5  5  . 
     5 | 7 7  5  5 5  5  5  . 
     6 | 8 8  5  5 5  5  5  . 
     7 | 8 8  5  5 5  5  5  . 
     8 | 3 3  3  3 9  9  .  . 
     9 | 3 3  3  3 9  9 12 12 
    10 | 3 3  3  3 6  6  .  . 
    11 | 3 3  3  3 6  6  .  . 
    12 | 3 3  3  3 6  6  . 11 
    13 | 2 2  2  2 .  .  . 11 
    14 | 2 2  2  2 4  4  4  4 
    15 | 2 2  2  2 4  4  4  4 
    16 | 2 2  2  2 4  4  4  4 
    17 | 2 2  2  2 4  4  4  4 
    18 | . . 10 10 4  4  4  4 
    
    Boxes' corners:       (w,l)
        Box  1 is at 
            top left     (0,0)
            bottom right (4,3)
    
        Box  2 is at 
            top left     (0,13)
            bottom right (3,17)
    
        Box  3 is at 
            top left     (0,8)
            bottom right (3,12)
    
        Box  4 is at 
            top left     (4,14)
            bottom right (7,18)
    
        Box  5 is at 
            top left     (2,4)
            bottom right (6,7)
    
        Box  6 is at 
            top left     (4,10)
            bottom right (5,12)
    
        Box  7 is at 
            top left     (0,4)
            bottom right (1,5)
    
        Box  8 is at 
            top left     (0,6)
            bottom right (1,7)
    
        Box  9 is at 
            top left     (4,8)
            bottom right (5,9)
    
        Box 10 is at 
            top left     (2,18)
            bottom right (3,18)
    
        Box 11 is at 
            top left     (7,12)
            bottom right (7,13)
    
        Box 12 is at 
            top left     (6,9)
            bottom right (7,9)
    
        Box 13 is at 
            top left     (5,0)
            bottom right (7,2)
    
        Roll length used: 19

    [1;34mTry max length:[0m 18
    [1;34m    At iteration:[0m 23
        lingeling found a solution in .758 ms

       | W
     L |  0  1  2 3  4  5  6 7 
    --------------------------
     0 |  . 10 10 5  5  5  5 5 
     1 | 13 13 13 5  5  5  5 5 
     2 | 13 13 13 5  5  5  5 5 
     3 | 13 13 13 5  5  5  5 5 
     4 |  2  2  2 2  1  1  1 1 
     5 |  2  2  2 2  1  1  1 1 
     6 |  2  2  2 2  1  1  1 1 
     7 |  2  2  2 2  1  1  1 1 
     8 |  2  2  2 2  1  1  1 1 
     9 |  .  .  7 7  3  3  3 3 
    10 |  6  6  7 7  3  3  3 3 
    11 |  6  6  8 8  3  3  3 3 
    12 |  6  6  8 8  3  3  3 3 
    13 |  4  4  4 4  3  3  3 3 
    14 |  4  4  4 4  .  .  . . 
    15 |  4  4  4 4  . 11 11 . 
    16 |  4  4  4 4 12  9  9 . 
    17 |  4  4  4 4 12  9  9 . 
    
    Boxes' corners:       (w,l)
        Box  1 is at 
            top left     (4,4)
            bottom right (7,8)
    
        Box  2 is at 
            top left     (0,4)
            bottom right (3,8)
    
        Box  3 is at 
            top left     (4,9)
            bottom right (7,13)
    
        Box  4 is at 
            top left     (0,13)
            bottom right (3,17)
    
        Box  5 is at 
            top left     (3,0)
            bottom right (7,3)
    
        Box  6 is at 
            top left     (0,10)
            bottom right (1,12)
    
        Box  7 is at 
            top left     (2,9)
            bottom right (3,10)
    
        Box  8 is at 
            top left     (2,11)
            bottom right (3,12)
    
        Box  9 is at 
            top left     (5,16)
            bottom right (6,17)
    
        Box 10 is at 
            top left     (1,0)
            bottom right (2,0)
    
        Box 11 is at 
            top left     (5,15)
            bottom right (6,15)
    
        Box 12 is at 
            top left     (4,16)
            bottom right (4,17)
    
        Box 13 is at 
            top left     (0,1)
            bottom right (2,3)
    
        Roll length used: 18

    [1;34mTry max length:[0m 17
    [1;34m    At iteration:[0m 24
        lingeling found a solution in 1.076 ms

       | W
     L |  0  1 2  3 4  5  6  7 
    --------------------------
     0 |  5  5 5  5 3  3  3  3 
     1 |  5  5 5  5 3  3  3  3 
     2 |  5  5 5  5 3  3  3  3 
     3 |  5  5 5  5 3  3  3  3 
     4 |  5  5 5  5 3  3  3  3 
     5 |  6  6 6 12 4  4  4  4 
     6 |  6  6 6 12 4  4  4  4 
     7 |  1  1 1  1 4  4  4  4 
     8 |  1  1 1  1 4  4  4  4 
     9 |  1  1 1  1 4  4  4  4 
    10 |  1  1 1  1 7  7  8  8 
    11 |  1  1 1  1 7  7  8  8 
    12 |  2  2 2  2 2 10  9  9 
    13 |  2  2 2  2 2 10  9  9 
    14 |  2  2 2  2 2 13 13 13 
    15 |  2  2 2  2 2 13 13 13 
    16 | 11 11 .  . . 13 13 13 
    
    Boxes' corners:       (w,l)
        Box  1 is at 
            top left     (0,7)
            bottom right (3,11)
    
        Box  2 is at 
            top left     (0,12)
            bottom right (4,15)
    
        Box  3 is at 
            top left     (4,0)
            bottom right (7,4)
    
        Box  4 is at 
            top left     (4,5)
            bottom right (7,9)
    
        Box  5 is at 
            top left     (0,0)
            bottom right (3,4)
    
        Box  6 is at 
            top left     (0,5)
            bottom right (2,6)
    
        Box  7 is at 
            top left     (4,10)
            bottom right (5,11)
    
        Box  8 is at 
            top left     (6,10)
            bottom right (7,11)
    
        Box  9 is at 
            top left     (6,12)
            bottom right (7,13)
    
        Box 10 is at 
            top left     (5,12)
            bottom right (5,13)
    
        Box 11 is at 
            top left     (0,16)
            bottom right (1,16)
    
        Box 12 is at 
            top left     (3,5)
            bottom right (3,6)
    
        Box 13 is at 
            top left     (5,14)
            bottom right (7,16)
    
        Roll length used: 17

    [1;34mTry max length:[0m 16
    [1;34m    At iteration:[0m 25
        [3;31mlingeling was timeout-terminated[0m
        [1;31mScript reached time limit[0m
