Wed 6 Jun 09:23:00 CEST 2018
    [1;34mTry max length:[0m 999999
    [1;34m    At iteration:[0m 0
        lingeling found a solution in .098 ms

       | W
     L | 0 1 2 3 4 5 6 7 8 
    ----------------------
     0 | . . . . . . . . . 
     1 | . . 1 . . . . . . 
     2 | . . . . . . . . . 
     3 | . . . . . . . . . 
     4 | . . . . . . . . . 
     5 | . . . . . . . . . 
     6 | . . . . . . . . . 
     7 | . . 8 8 8 8 8 . . 
     8 | . . 8 8 8 8 8 . . 
     9 | . . 8 8 8 8 8 . . 
    10 | . . 8 8 8 8 8 . . 
    11 | . . . . . . . . . 
    12 | . . . . . 7 7 6 6 
    13 | . 5 4 3 2 7 7 6 6 
    
    Boxes' corners:      (w,l)
        Box 1 is at 
            top left     (2,1)
            bottom right (2,1)
    
        Box 2 is at 
            top left     (4,13)
            bottom right (4,13)
    
        Box 3 is at 
            top left     (3,13)
            bottom right (3,13)
    
        Box 4 is at 
            top left     (2,13)
            bottom right (2,13)
    
        Box 5 is at 
            top left     (1,13)
            bottom right (1,13)
    
        Box 6 is at 
            top left     (7,12)
            bottom right (8,13)
    
        Box 7 is at 
            top left     (5,12)
            bottom right (6,13)
    
        Box 8 is at 
            top left     (2,7)
            bottom right (6,10)
    
        Roll length used: 14

    [1;34mTry max length:[0m 13
    [1;34m    At iteration:[0m 1
        lingeling found a solution in .120 ms

       | W
     L | 0 1 2 3 4 5 6 7 8 
    ----------------------
     0 | . . . . . . . . . 
     1 | . . . . . . . . . 
     2 | . . . . . . . . . 
     3 | . . . . . . . . . 
     4 | . . . . . . . . . 
     5 | . . . . . . . . . 
     6 | . 1 8 8 8 8 8 . . 
     7 | . . 8 8 8 8 8 . . 
     8 | . . 8 8 8 8 8 . . 
     9 | . . 8 8 8 8 8 . . 
    10 | . . . . . . . . . 
    11 | . 4 . . . 7 7 6 6 
    12 | . . 5 3 2 7 7 6 6 
    
    Boxes' corners:      (w,l)
        Box 1 is at 
            top left     (1,6)
            bottom right (1,6)
    
        Box 2 is at 
            top left     (4,12)
            bottom right (4,12)
    
        Box 3 is at 
            top left     (3,12)
            bottom right (3,12)
    
        Box 4 is at 
            top left     (1,11)
            bottom right (1,11)
    
        Box 5 is at 
            top left     (2,12)
            bottom right (2,12)
    
        Box 6 is at 
            top left     (7,11)
            bottom right (8,12)
    
        Box 7 is at 
            top left     (5,11)
            bottom right (6,12)
    
        Box 8 is at 
            top left     (2,6)
            bottom right (6,9)
    
        Roll length used: 13

    [1;34mTry max length:[0m 12
    [1;34m    At iteration:[0m 2
        lingeling found a solution in .081 ms

       | W
     L | 0 1 2 3 4 5 6 7 8 
    ----------------------
     0 | . . . . . . . . . 
     1 | 1 . . . . . . . . 
     2 | . . . . . . . . . 
     3 | . . . . . . . . . 
     4 | . . . . . . . . . 
     5 | . . 8 8 8 8 8 . . 
     6 | . . 8 8 8 8 8 . . 
     7 | . . 8 8 8 8 8 . . 
     8 | . . 8 8 8 8 8 . . 
     9 | . . . . . . . . . 
    10 | . . . . 4 7 7 6 6 
    11 | . 3 . 2 5 7 7 6 6 
    
    Boxes' corners:      (w,l)
        Box 1 is at 
            top left     (0,1)
            bottom right (0,1)
    
        Box 2 is at 
            top left     (3,11)
            bottom right (3,11)
    
        Box 3 is at 
            top left     (1,11)
            bottom right (1,11)
    
        Box 4 is at 
            top left     (4,10)
            bottom right (4,10)
    
        Box 5 is at 
            top left     (4,11)
            bottom right (4,11)
    
        Box 6 is at 
            top left     (7,10)
            bottom right (8,11)
    
        Box 7 is at 
            top left     (5,10)
            bottom right (6,11)
    
        Box 8 is at 
            top left     (2,5)
            bottom right (6,8)
    
        Roll length used: 12

    [1;34mTry max length:[0m 11
    [1;34m    At iteration:[0m 3
        lingeling found a solution in .073 ms

       | W
     L | 0 1 2 3 4 5 6 7 8 
    ----------------------
     0 | . . . . . . . . . 
     1 | . . . . . . . . . 
     2 | . . . . . . . . . 
     3 | . . . . . . . . . 
     4 | . . 8 8 8 8 8 . . 
     5 | 1 . 8 8 8 8 8 . . 
     6 | . . 8 8 8 8 8 . . 
     7 | . . 8 8 8 8 8 . . 
     8 | . . . . . . . . . 
     9 | . . . . . 7 7 6 6 
    10 | . 4 5 3 2 7 7 6 6 
    
    Boxes' corners:      (w,l)
        Box 1 is at 
            top left     (0,5)
            bottom right (0,5)
    
        Box 2 is at 
            top left     (4,10)
            bottom right (4,10)
    
        Box 3 is at 
            top left     (3,10)
            bottom right (3,10)
    
        Box 4 is at 
            top left     (1,10)
            bottom right (1,10)
    
        Box 5 is at 
            top left     (2,10)
            bottom right (2,10)
    
        Box 6 is at 
            top left     (7,9)
            bottom right (8,10)
    
        Box 7 is at 
            top left     (5,9)
            bottom right (6,10)
    
        Box 8 is at 
            top left     (2,4)
            bottom right (6,7)
    
        Roll length used: 11

    [1;34mTry max length:[0m 10
    [1;34m    At iteration:[0m 4
        lingeling found a solution in .073 ms

       | W
     L | 0 1 2 3 4 5 6 7 8 
    ----------------------
     0 | . 1 . . . . . . . 
     1 | . . 6 6 . . . . . 
     2 | . . 6 6 . . . . . 
     3 | . . . . . . . . . 
     4 | . . . . . . . . 2 
     5 | . 3 . . . . . . . 
     6 | . 8 8 8 8 8 . 7 7 
     7 | . 8 8 8 8 8 . 7 7 
     8 | . 8 8 8 8 8 . . . 
     9 | . 8 8 8 8 8 . 5 4 
    
    Boxes' corners:      (w,l)
        Box 1 is at 
            top left     (1,0)
            bottom right (1,0)
    
        Box 2 is at 
            top left     (8,4)
            bottom right (8,4)
    
        Box 3 is at 
            top left     (1,5)
            bottom right (1,5)
    
        Box 4 is at 
            top left     (8,9)
            bottom right (8,9)
    
        Box 5 is at 
            top left     (7,9)
            bottom right (7,9)
    
        Box 6 is at 
            top left     (2,1)
            bottom right (3,2)
    
        Box 7 is at 
            top left     (7,6)
            bottom right (8,7)
    
        Box 8 is at 
            top left     (1,6)
            bottom right (5,9)
    
        Roll length used: 10

    [1;34mTry max length:[0m 9
    [1;34m    At iteration:[0m 5
        lingeling found a solution in .064 ms

      | W
    L | 0 1 2 3 4 5 6 7 8 
    ----------------------
    0 | . . . . . . . . . 
    1 | . . . . . 3 . . . 
    2 | 1 . . . . . . . . 
    3 | . . . . . . . . . 
    4 | . . . 8 8 8 8 . . 
    5 | . . . 8 8 8 8 . . 
    6 | . . . 8 8 8 8 . 4 
    7 | 7 7 5 8 8 8 8 6 6 
    8 | 7 7 2 8 8 8 8 6 6 
    
    Boxes' corners:      (w,l)
        Box 1 is at 
            top left     (0,2)
            bottom right (0,2)
    
        Box 2 is at 
            top left     (2,8)
            bottom right (2,8)
    
        Box 3 is at 
            top left     (5,1)
            bottom right (5,1)
    
        Box 4 is at 
            top left     (8,6)
            bottom right (8,6)
    
        Box 5 is at 
            top left     (2,7)
            bottom right (2,7)
    
        Box 6 is at 
            top left     (7,7)
            bottom right (8,8)
    
        Box 7 is at 
            top left     (0,7)
            bottom right (1,8)
    
        Box 8 is at 
            top left     (3,4)
            bottom right (6,8)
    
        Roll length used: 9

    [1;34mTry max length:[0m 8
    [1;34m    At iteration:[0m 6
        lingeling found a solution in .056 ms

      | W
    L | 0 1 2 3 4 5 6 7 8 
    ----------------------
    0 | . . . . . 3 . . . 
    1 | . . . . . . . . . 
    2 | . . . . . . . . 4 
    3 | . . 1 . . 8 8 8 8 
    4 | . . . . . 8 8 8 8 
    5 | . . 5 . . 8 8 8 8 
    6 | 7 7 . 6 6 8 8 8 8 
    7 | 7 7 2 6 6 8 8 8 8 
    
    Boxes' corners:      (w,l)
        Box 1 is at 
            top left     (2,3)
            bottom right (2,3)
    
        Box 2 is at 
            top left     (2,7)
            bottom right (2,7)
    
        Box 3 is at 
            top left     (5,0)
            bottom right (5,0)
    
        Box 4 is at 
            top left     (8,2)
            bottom right (8,2)
    
        Box 5 is at 
            top left     (2,5)
            bottom right (2,5)
    
        Box 6 is at 
            top left     (3,6)
            bottom right (4,7)
    
        Box 7 is at 
            top left     (0,6)
            bottom right (1,7)
    
        Box 8 is at 
            top left     (5,3)
            bottom right (8,7)
    
        Roll length used: 8

    [1;34mTry max length:[0m 7
    [1;34m    At iteration:[0m 7
        lingeling found a solution in .047 ms

      | W
    L | 0 1 2 3 4 5 6 7 8 
    ----------------------
    0 | . . . 1 . . 4 . . 
    1 | . . . . . 8 8 8 8 
    2 | . . . . . 8 8 8 8 
    3 | . . . . . 8 8 8 8 
    4 | . . . . . 8 8 8 8 
    5 | . 7 7 6 6 8 8 8 8 
    6 | . 7 7 6 6 3 2 5 . 
    
    Boxes' corners:      (w,l)
        Box 1 is at 
            top left     (3,0)
            bottom right (3,0)
    
        Box 2 is at 
            top left     (6,6)
            bottom right (6,6)
    
        Box 3 is at 
            top left     (5,6)
            bottom right (5,6)
    
        Box 4 is at 
            top left     (6,0)
            bottom right (6,0)
    
        Box 5 is at 
            top left     (7,6)
            bottom right (7,6)
    
        Box 6 is at 
            top left     (3,5)
            bottom right (4,6)
    
        Box 7 is at 
            top left     (1,5)
            bottom right (2,6)
    
        Box 8 is at 
            top left     (5,1)
            bottom right (8,5)
    
        Roll length used: 7

    [1;34mTry max length:[0m 6
    [1;34m    At iteration:[0m 8
        lingeling found a solution in .040 ms

      | W
    L | 0 1 2 3 4 5 6 7 8 
    ----------------------
    0 | . . . . 1 8 8 8 8 
    1 | . . . . . 8 8 8 8 
    2 | . . . . . 8 8 8 8 
    3 | . 4 . . . 8 8 8 8 
    4 | 7 7 . 6 6 8 8 8 8 
    5 | 7 7 . 6 6 5 3 2 . 
    
    Boxes' corners:      (w,l)
        Box 1 is at 
            top left     (4,0)
            bottom right (4,0)
    
        Box 2 is at 
            top left     (7,5)
            bottom right (7,5)
    
        Box 3 is at 
            top left     (6,5)
            bottom right (6,5)
    
        Box 4 is at 
            top left     (1,3)
            bottom right (1,3)
    
        Box 5 is at 
            top left     (5,5)
            bottom right (5,5)
    
        Box 6 is at 
            top left     (3,4)
            bottom right (4,5)
    
        Box 7 is at 
            top left     (0,4)
            bottom right (1,5)
    
        Box 8 is at 
            top left     (5,0)
            bottom right (8,4)
    
        Roll length used: 6

    [1;34mTry max length:[0m 5
    [1;34m    At iteration:[0m 9
        lingeling found a solution in .030 ms

      | W
    L | 0 1 2 3 4 5 6 7 8 
    ----------------------
    0 | . . . . . 8 8 8 8 
    1 | . . . 1 . 8 8 8 8 
    2 | . . . 5 4 8 8 8 8 
    3 | 7 7 6 6 3 8 8 8 8 
    4 | 7 7 6 6 2 8 8 8 8 
    
    Boxes' corners:      (w,l)
        Box 1 is at 
            top left     (3,1)
            bottom right (3,1)
    
        Box 2 is at 
            top left     (4,4)
            bottom right (4,4)
    
        Box 3 is at 
            top left     (4,3)
            bottom right (4,3)
    
        Box 4 is at 
            top left     (4,2)
            bottom right (4,2)
    
        Box 5 is at 
            top left     (3,2)
            bottom right (3,2)
    
        Box 6 is at 
            top left     (2,3)
            bottom right (3,4)
    
        Box 7 is at 
            top left     (0,3)
            bottom right (1,4)
    
        Box 8 is at 
            top left     (5,0)
            bottom right (8,4)
    
        Roll length used: 5

    [1;34mTry max length:[0m 4
    [1;34m    At iteration:[0m 10
        lingeling found a solution in .020 ms

      | W
    L | 0 1 2 3 4 5 6 7 8 
    ----------------------
    0 | . 8 8 8 8 8 7 7 . 
    1 | 1 8 8 8 8 8 7 7 4 
    2 | 3 8 8 8 8 8 6 6 2 
    3 | . 8 8 8 8 8 6 6 5 
    
    Boxes' corners:      (w,l)
        Box 1 is at 
            top left     (0,1)
            bottom right (0,1)
    
        Box 2 is at 
            top left     (8,2)
            bottom right (8,2)
    
        Box 3 is at 
            top left     (0,2)
            bottom right (0,2)
    
        Box 4 is at 
            top left     (8,1)
            bottom right (8,1)
    
        Box 5 is at 
            top left     (8,3)
            bottom right (8,3)
    
        Box 6 is at 
            top left     (6,2)
            bottom right (7,3)
    
        Box 7 is at 
            top left     (6,0)
            bottom right (7,1)
    
        Box 8 is at 
            top left     (1,0)
            bottom right (5,3)
    
        Roll length used: 4

    [1;34mTry max length:[0m 3
    [1;34m    At iteration:[0m 11
        [3;31mlingeling determined unsatisfiability of the Boolean formula[0m
        [1;32mOptimality reached![0m
