Wed 6 Jun 09:26:28 CEST 2018
    [1;34mTry max length:[0m 999999
    [1;34m    At iteration:[0m 0
        lingeling found a solution in .069 ms

       | W
     L | 0 1 2 3 4 5 6 7 8 9 
    -------------------------
     0 | . . . . . . . . . . 
     1 | . . . . . . . . . . 
     2 | . . . 1 . . . . . . 
     3 | . . . . . . . . . . 
     4 | . . . . . . . . . . 
     5 | . . . . . . . . . . 
     6 | . . . . . . . . . . 
     7 | . . . . . . . . . . 
     8 | 5 . . . . 3 7 7 6 6 
     9 | 5 . . . 4 2 7 7 6 6 
    
    Boxes' corners:      (w,l)
        Box 1 is at 
            top left     (3,2)
            bottom right (3,2)
    
        Box 2 is at 
            top left     (5,9)
            bottom right (5,9)
    
        Box 3 is at 
            top left     (5,8)
            bottom right (5,8)
    
        Box 4 is at 
            top left     (4,9)
            bottom right (4,9)
    
        Box 5 is at 
            top left     (0,8)
            bottom right (0,9)
    
        Box 6 is at 
            top left     (8,8)
            bottom right (9,9)
    
        Box 7 is at 
            top left     (6,8)
            bottom right (7,9)
    
        Roll length used: 10

    [1;34mTry max length:[0m 9
    [1;34m    At iteration:[0m 1
        lingeling found a solution in .062 ms

      | W
    L | 0 1 2 3 4 5 6 7 8 9 
    -------------------------
    0 | . . 1 . . . . . . . 
    1 | . . . . . . . . . . 
    2 | . . . . . . . . . . 
    3 | . . . . . . . . . . 
    4 | . . . . . . . . . . 
    5 | . . . . . 4 . . . . 
    6 | . . 3 . . . . . . . 
    7 | 5 . . . . . 7 7 6 6 
    8 | 5 . . . . 2 7 7 6 6 
    
    Boxes' corners:      (w,l)
        Box 1 is at 
            top left     (2,0)
            bottom right (2,0)
    
        Box 2 is at 
            top left     (5,8)
            bottom right (5,8)
    
        Box 3 is at 
            top left     (2,6)
            bottom right (2,6)
    
        Box 4 is at 
            top left     (5,5)
            bottom right (5,5)
    
        Box 5 is at 
            top left     (0,7)
            bottom right (0,8)
    
        Box 6 is at 
            top left     (8,7)
            bottom right (9,8)
    
        Box 7 is at 
            top left     (6,7)
            bottom right (7,8)
    
        Roll length used: 9

    [1;34mTry max length:[0m 8
    [1;34m    At iteration:[0m 2
        lingeling found a solution in .058 ms

      | W
    L | 0 1 2 3 4 5 6 7 8 9 
    -------------------------
    0 | . . . . . . . . . . 
    1 | . . . . . . . . . . 
    2 | . . 1 . . . . . . . 
    3 | . . . . . . 2 . . . 
    4 | . . . . . . . 4 . . 
    5 | . . . . 3 . . . . . 
    6 | 5 . . . . . 7 7 6 6 
    7 | 5 . . . . . 7 7 6 6 
    
    Boxes' corners:      (w,l)
        Box 1 is at 
            top left     (2,2)
            bottom right (2,2)
    
        Box 2 is at 
            top left     (6,3)
            bottom right (6,3)
    
        Box 3 is at 
            top left     (4,5)
            bottom right (4,5)
    
        Box 4 is at 
            top left     (7,4)
            bottom right (7,4)
    
        Box 5 is at 
            top left     (0,6)
            bottom right (0,7)
    
        Box 6 is at 
            top left     (8,6)
            bottom right (9,7)
    
        Box 7 is at 
            top left     (6,6)
            bottom right (7,7)
    
        Roll length used: 8

    [1;34mTry max length:[0m 7
    [1;34m    At iteration:[0m 3
        lingeling found a solution in .045 ms

      | W
    L | 0 1 2 3 4 5 6 7 8 9 
    -------------------------
    0 | . 1 . . . . . . . . 
    1 | . . . . . . . . . . 
    2 | . . . . . . 3 . . . 
    3 | . . . . . . . . 4 . 
    4 | . . . . . . . . . . 
    5 | 5 . . . . . 7 7 6 6 
    6 | 5 2 . . . . 7 7 6 6 
    
    Boxes' corners:      (w,l)
        Box 1 is at 
            top left     (1,0)
            bottom right (1,0)
    
        Box 2 is at 
            top left     (1,6)
            bottom right (1,6)
    
        Box 3 is at 
            top left     (6,2)
            bottom right (6,2)
    
        Box 4 is at 
            top left     (8,3)
            bottom right (8,3)
    
        Box 5 is at 
            top left     (0,5)
            bottom right (0,6)
    
        Box 6 is at 
            top left     (8,5)
            bottom right (9,6)
    
        Box 7 is at 
            top left     (6,5)
            bottom right (7,6)
    
        Roll length used: 7

    [1;34mTry max length:[0m 6
    [1;34m    At iteration:[0m 4
        lingeling found a solution in .041 ms

      | W
    L | 0 1 2 3 4 5 6 7 8 9 
    -------------------------
    0 | . . . . 1 . . . . . 
    1 | . . . . . . . . . . 
    2 | . . . . . . . 3 . . 
    3 | . . . . . . . . . . 
    4 | 5 . . . . . 7 7 6 6 
    5 | 5 4 2 . . . 7 7 6 6 
    
    Boxes' corners:      (w,l)
        Box 1 is at 
            top left     (4,0)
            bottom right (4,0)
    
        Box 2 is at 
            top left     (2,5)
            bottom right (2,5)
    
        Box 3 is at 
            top left     (7,2)
            bottom right (7,2)
    
        Box 4 is at 
            top left     (1,5)
            bottom right (1,5)
    
        Box 5 is at 
            top left     (0,4)
            bottom right (0,5)
    
        Box 6 is at 
            top left     (8,4)
            bottom right (9,5)
    
        Box 7 is at 
            top left     (6,4)
            bottom right (7,5)
    
        Roll length used: 6

    [1;34mTry max length:[0m 5
    [1;34m    At iteration:[0m 5
        lingeling found a solution in .033 ms

      | W
    L | 0 1 2 3 4 5 6 7 8 9 
    -------------------------
    0 | . . . . . . . 2 . . 
    1 | 1 . . . . . . . . . 
    2 | . . . . . . . . . . 
    3 | 5 . . . . . 7 7 6 6 
    4 | 5 . . 3 . 4 7 7 6 6 
    
    Boxes' corners:      (w,l)
        Box 1 is at 
            top left     (0,1)
            bottom right (0,1)
    
        Box 2 is at 
            top left     (7,0)
            bottom right (7,0)
    
        Box 3 is at 
            top left     (3,4)
            bottom right (3,4)
    
        Box 4 is at 
            top left     (5,4)
            bottom right (5,4)
    
        Box 5 is at 
            top left     (0,3)
            bottom right (0,4)
    
        Box 6 is at 
            top left     (8,3)
            bottom right (9,4)
    
        Box 7 is at 
            top left     (6,3)
            bottom right (7,4)
    
        Roll length used: 5

    [1;34mTry max length:[0m 4
    [1;34m    At iteration:[0m 6
        lingeling found a solution in .020 ms

      | W
    L | 0 1 2 3 4 5 6 7 8 9 
    -------------------------
    0 | . . . . 1 . . . . . 
    1 | . . . . . . . . . . 
    2 | 5 . . 4 . 7 7 . 6 6 
    3 | 5 . . . 2 7 7 3 6 6 
    
    Boxes' corners:      (w,l)
        Box 1 is at 
            top left     (4,0)
            bottom right (4,0)
    
        Box 2 is at 
            top left     (4,3)
            bottom right (4,3)
    
        Box 3 is at 
            top left     (7,3)
            bottom right (7,3)
    
        Box 4 is at 
            top left     (3,2)
            bottom right (3,2)
    
        Box 5 is at 
            top left     (0,2)
            bottom right (0,3)
    
        Box 6 is at 
            top left     (8,2)
            bottom right (9,3)
    
        Box 7 is at 
            top left     (5,2)
            bottom right (6,3)
    
        Roll length used: 4

    [1;34mTry max length:[0m 3
    [1;34m    At iteration:[0m 7
        lingeling found a solution in .016 ms

      | W
    L | 0 1 2 3 4 5 6 7 8 9 
    -------------------------
    0 | . 1 . . . 7 7 . . . 
    1 | . . . . . 7 7 6 6 5 
    2 | . . 4 . 3 . 2 6 6 5 
    
    Boxes' corners:      (w,l)
        Box 1 is at 
            top left     (1,0)
            bottom right (1,0)
    
        Box 2 is at 
            top left     (6,2)
            bottom right (6,2)
    
        Box 3 is at 
            top left     (4,2)
            bottom right (4,2)
    
        Box 4 is at 
            top left     (2,2)
            bottom right (2,2)
    
        Box 5 is at 
            top left     (9,1)
            bottom right (9,2)
    
        Box 6 is at 
            top left     (7,1)
            bottom right (8,2)
    
        Box 7 is at 
            top left     (5,0)
            bottom right (6,1)
    
        Roll length used: 3

    [1;34mTry max length:[0m 2
    [1;34m    At iteration:[0m 8
        lingeling found a solution in .010 ms

      | W
    L | 0 1 2 3 4 5 6 7 8 9 
    -------------------------
    0 | 1 7 7 6 6 4 . . . . 
    1 | . 7 7 6 6 5 5 3 . 2 
    
    Boxes' corners:      (w,l)
        Box 1 is at 
            top left     (0,0)
            bottom right (0,0)
    
        Box 2 is at 
            top left     (9,1)
            bottom right (9,1)
    
        Box 3 is at 
            top left     (7,1)
            bottom right (7,1)
    
        Box 4 is at 
            top left     (5,0)
            bottom right (5,0)
    
        Box 5 is at 
            top left     (5,1)
            bottom right (6,1)
    
        Box 6 is at 
            top left     (3,0)
            bottom right (4,1)
    
        Box 7 is at 
            top left     (1,0)
            bottom right (2,1)
    
        Roll length used: 2

    [1;34mTry max length:[0m 1
    [1;34m    At iteration:[0m 9
        [3;31mlingeling determined unsatisfiability of the Boolean formula[0m
        [1;32mOptimality reached![0m
