Tue 5 Jun 20:53:11 CEST 2018
    [1;34mTry max length:[0m 999999
    [1;34m    At iteration:[0m 0
        lingeling found a solution in .063 ms

       | W
     L | 0 1 2 3 
    ------------
     0 | . . . . 
     1 | . . . . 
     2 | . . 1 . 
     3 | . . . . 
     4 | . . . . 
     5 | . . . . 
     6 | . . . . 
     7 | . . . . 
     8 | 3 . . . 
     9 | 5 . . 4 
    10 | 5 2 . 4 
    11 | 9 9 8 8 
    12 | 9 9 8 8 
    13 | 7 7 6 6 
    14 | 7 7 6 6 
    
    Boxes' corners:      (w,l)
        Box 1 is at 
            top left     (2,2)
            bottom right (2,2)
    
        Box 2 is at 
            top left     (1,10)
            bottom right (1,10)
    
        Box 3 is at 
            top left     (0,8)
            bottom right (0,8)
    
        Box 4 is at 
            top left     (3,9)
            bottom right (3,10)
    
        Box 5 is at 
            top left     (0,9)
            bottom right (0,10)
    
        Box 6 is at 
            top left     (2,13)
            bottom right (3,14)
    
        Box 7 is at 
            top left     (0,13)
            bottom right (1,14)
    
        Box 8 is at 
            top left     (2,11)
            bottom right (3,12)
    
        Box 9 is at 
            top left     (0,11)
            bottom right (1,12)
    
        Roll length used: 15

    [1;34mTry max length:[0m 14
    [1;34m    At iteration:[0m 1
        lingeling found a solution in .059 ms

       | W
     L | 0 1 2 3 
    ------------
     0 | 1 . . . 
     1 | . . . . 
     2 | . . . . 
     3 | . . . . 
     4 | . . . 3 
     5 | . . . . 
     6 | . . . . 
     7 | . . . . 
     8 | 5 . . 4 
     9 | 5 . 2 4 
    10 | 9 9 8 8 
    11 | 9 9 8 8 
    12 | 7 7 6 6 
    13 | 7 7 6 6 
    
    Boxes' corners:      (w,l)
        Box 1 is at 
            top left     (0,0)
            bottom right (0,0)
    
        Box 2 is at 
            top left     (2,9)
            bottom right (2,9)
    
        Box 3 is at 
            top left     (3,4)
            bottom right (3,4)
    
        Box 4 is at 
            top left     (3,8)
            bottom right (3,9)
    
        Box 5 is at 
            top left     (0,8)
            bottom right (0,9)
    
        Box 6 is at 
            top left     (2,12)
            bottom right (3,13)
    
        Box 7 is at 
            top left     (0,12)
            bottom right (1,13)
    
        Box 8 is at 
            top left     (2,10)
            bottom right (3,11)
    
        Box 9 is at 
            top left     (0,10)
            bottom right (1,11)
    
        Roll length used: 14

    [1;34mTry max length:[0m 13
    [1;34m    At iteration:[0m 2
        lingeling found a solution in .052 ms

       | W
     L | 0 1 2 3 
    ------------
     0 | . . . . 
     1 | . . . . 
     2 | . 1 . . 
     3 | . . . 3 
     4 | . . . . 
     5 | . . . . 
     6 | . . . . 
     7 | 5 . . 4 
     8 | 5 2 . 4 
     9 | 9 9 8 8 
    10 | 9 9 8 8 
    11 | 7 7 6 6 
    12 | 7 7 6 6 
    
    Boxes' corners:      (w,l)
        Box 1 is at 
            top left     (1,2)
            bottom right (1,2)
    
        Box 2 is at 
            top left     (1,8)
            bottom right (1,8)
    
        Box 3 is at 
            top left     (3,3)
            bottom right (3,3)
    
        Box 4 is at 
            top left     (3,7)
            bottom right (3,8)
    
        Box 5 is at 
            top left     (0,7)
            bottom right (0,8)
    
        Box 6 is at 
            top left     (2,11)
            bottom right (3,12)
    
        Box 7 is at 
            top left     (0,11)
            bottom right (1,12)
    
        Box 8 is at 
            top left     (2,9)
            bottom right (3,10)
    
        Box 9 is at 
            top left     (0,9)
            bottom right (1,10)
    
        Roll length used: 13

    [1;34mTry max length:[0m 12
    [1;34m    At iteration:[0m 3
        lingeling found a solution in .049 ms

       | W
     L | 0 1 2 3 
    ------------
     0 | . . . . 
     1 | . . . . 
     2 | . . . . 
     3 | . 1 . . 
     4 | . . . 5 
     5 | . . . 5 
     6 | . . . 4 
     7 | 2 . 3 4 
     8 | 9 9 8 8 
     9 | 9 9 8 8 
    10 | 7 7 6 6 
    11 | 7 7 6 6 
    
    Boxes' corners:      (w,l)
        Box 1 is at 
            top left     (1,3)
            bottom right (1,3)
    
        Box 2 is at 
            top left     (0,7)
            bottom right (0,7)
    
        Box 3 is at 
            top left     (2,7)
            bottom right (2,7)
    
        Box 4 is at 
            top left     (3,6)
            bottom right (3,7)
    
        Box 5 is at 
            top left     (3,4)
            bottom right (3,5)
    
        Box 6 is at 
            top left     (2,10)
            bottom right (3,11)
    
        Box 7 is at 
            top left     (0,10)
            bottom right (1,11)
    
        Box 8 is at 
            top left     (2,8)
            bottom right (3,9)
    
        Box 9 is at 
            top left     (0,8)
            bottom right (1,9)
    
        Roll length used: 12

    [1;34mTry max length:[0m 11
    [1;34m    At iteration:[0m 4
        lingeling found a solution in .047 ms

       | W
     L | 0 1 2 3 
    ------------
     0 | . . . . 
     1 | . . . . 
     2 | . . 1 . 
     3 | . . 7 7 
     4 | 5 . 7 7 
     5 | 5 . 6 6 
     6 | 4 . 6 6 
     7 | 4 . . . 
     8 | . . 8 8 
     9 | 9 9 8 8 
    10 | 9 9 2 3 
    
    Boxes' corners:      (w,l)
        Box 1 is at 
            top left     (2,2)
            bottom right (2,2)
    
        Box 2 is at 
            top left     (2,10)
            bottom right (2,10)
    
        Box 3 is at 
            top left     (3,10)
            bottom right (3,10)
    
        Box 4 is at 
            top left     (0,6)
            bottom right (0,7)
    
        Box 5 is at 
            top left     (0,4)
            bottom right (0,5)
    
        Box 6 is at 
            top left     (2,5)
            bottom right (3,6)
    
        Box 7 is at 
            top left     (2,3)
            bottom right (3,4)
    
        Box 8 is at 
            top left     (2,8)
            bottom right (3,9)
    
        Box 9 is at 
            top left     (0,9)
            bottom right (1,10)
    
        Roll length used: 11

    [1;34mTry max length:[0m 10
    [1;34m    At iteration:[0m 5
        lingeling found a solution in .036 ms

       | W
     L | 0 1 2 3 
    ------------
     0 | . . . . 
     1 | . . . . 
     2 | 7 7 . . 
     3 | 7 7 . 5 
     4 | . . . 5 
     5 | . 1 8 8 
     6 | 9 9 8 8 
     7 | 9 9 . . 
     8 | 4 3 6 6 
     9 | 4 2 6 6 
    
    Boxes' corners:      (w,l)
        Box 1 is at 
            top left     (1,5)
            bottom right (1,5)
    
        Box 2 is at 
            top left     (1,9)
            bottom right (1,9)
    
        Box 3 is at 
            top left     (1,8)
            bottom right (1,8)
    
        Box 4 is at 
            top left     (0,8)
            bottom right (0,9)
    
        Box 5 is at 
            top left     (3,3)
            bottom right (3,4)
    
        Box 6 is at 
            top left     (2,8)
            bottom right (3,9)
    
        Box 7 is at 
            top left     (0,2)
            bottom right (1,3)
    
        Box 8 is at 
            top left     (2,5)
            bottom right (3,6)
    
        Box 9 is at 
            top left     (0,6)
            bottom right (1,7)
    
        Roll length used: 10

    [1;34mTry max length:[0m 9
    [1;34m    At iteration:[0m 6
        lingeling found a solution in .032 ms

      | W
    L | 0 1 2 3 
    ------------
    0 | . . . . 
    1 | . . . 3 
    2 | . . . 2 
    3 | 5 1 . 4 
    4 | 5 . . 4 
    5 | 6 6 7 7 
    6 | 6 6 7 7 
    7 | 8 8 9 9 
    8 | 8 8 9 9 
    
    Boxes' corners:      (w,l)
        Box 1 is at 
            top left     (1,3)
            bottom right (1,3)
    
        Box 2 is at 
            top left     (3,2)
            bottom right (3,2)
    
        Box 3 is at 
            top left     (3,1)
            bottom right (3,1)
    
        Box 4 is at 
            top left     (3,3)
            bottom right (3,4)
    
        Box 5 is at 
            top left     (0,3)
            bottom right (0,4)
    
        Box 6 is at 
            top left     (0,5)
            bottom right (1,6)
    
        Box 7 is at 
            top left     (2,5)
            bottom right (3,6)
    
        Box 8 is at 
            top left     (0,7)
            bottom right (1,8)
    
        Box 9 is at 
            top left     (2,7)
            bottom right (3,8)
    
        Roll length used: 9

    [1;34mTry max length:[0m 8
    [1;34m    At iteration:[0m 7
        lingeling found a solution in .030 ms

      | W
    L | 0 1 2 3 
    ------------
    0 | 1 . . . 
    1 | . . 6 6 
    2 | 5 . 6 6 
    3 | 5 . . 2 
    4 | 4 . 7 7 
    5 | 4 3 7 7 
    6 | 8 8 9 9 
    7 | 8 8 9 9 
    
    Boxes' corners:      (w,l)
        Box 1 is at 
            top left     (0,0)
            bottom right (0,0)
    
        Box 2 is at 
            top left     (3,3)
            bottom right (3,3)
    
        Box 3 is at 
            top left     (1,5)
            bottom right (1,5)
    
        Box 4 is at 
            top left     (0,4)
            bottom right (0,5)
    
        Box 5 is at 
            top left     (0,2)
            bottom right (0,3)
    
        Box 6 is at 
            top left     (2,1)
            bottom right (3,2)
    
        Box 7 is at 
            top left     (2,4)
            bottom right (3,5)
    
        Box 8 is at 
            top left     (0,6)
            bottom right (1,7)
    
        Box 9 is at 
            top left     (2,6)
            bottom right (3,7)
    
        Roll length used: 8

    [1;34mTry max length:[0m 7
    [1;34m    At iteration:[0m 8
        lingeling found a solution in .024 ms

      | W
    L | 0 1 2 3 
    ------------
    0 | 4 4 5 5 
    1 | 8 8 . 2 
    2 | 8 8 . . 
    3 | 3 1 9 9 
    4 | . . 9 9 
    5 | 7 7 6 6 
    6 | 7 7 6 6 
    
    Boxes' corners:      (w,l)
        Box 1 is at 
            top left     (1,3)
            bottom right (1,3)
    
        Box 2 is at 
            top left     (3,1)
            bottom right (3,1)
    
        Box 3 is at 
            top left     (0,3)
            bottom right (0,3)
    
        Box 4 is at 
            top left     (0,0)
            bottom right (1,0)
    
        Box 5 is at 
            top left     (2,0)
            bottom right (3,0)
    
        Box 6 is at 
            top left     (2,5)
            bottom right (3,6)
    
        Box 7 is at 
            top left     (0,5)
            bottom right (1,6)
    
        Box 8 is at 
            top left     (0,1)
            bottom right (1,2)
    
        Box 9 is at 
            top left     (2,3)
            bottom right (3,4)
    
        Roll length used: 7

    [1;34mTry max length:[0m 6
    [1;34m    At iteration:[0m 9
        lingeling found a solution in .021 ms

      | W
    L | 0 1 2 3 
    ------------
    0 | 4 4 8 8 
    1 | 9 9 8 8 
    2 | 9 9 . 3 
    3 | 2 1 5 5 
    4 | 6 6 7 7 
    5 | 6 6 7 7 
    
    Boxes' corners:      (w,l)
        Box 1 is at 
            top left     (1,3)
            bottom right (1,3)
    
        Box 2 is at 
            top left     (0,3)
            bottom right (0,3)
    
        Box 3 is at 
            top left     (3,2)
            bottom right (3,2)
    
        Box 4 is at 
            top left     (0,0)
            bottom right (1,0)
    
        Box 5 is at 
            top left     (2,3)
            bottom right (3,3)
    
        Box 6 is at 
            top left     (0,4)
            bottom right (1,5)
    
        Box 7 is at 
            top left     (2,4)
            bottom right (3,5)
    
        Box 8 is at 
            top left     (2,0)
            bottom right (3,1)
    
        Box 9 is at 
            top left     (0,1)
            bottom right (1,2)
    
        Roll length used: 6

    [1;34mTry max length:[0m 5
    [1;34m    At iteration:[0m 10
        [3;31mlingeling determined unsatisfiability of the Boolean formula[0m
        [1;32mOptimality reached![0m
