Wed 6 Jun 09:17:30 CEST 2018
    [1;34mTry max length:[0m 999999
    [1;34m    At iteration:[0m 0
        lingeling found a solution in .246 ms

       | W
     L | 0 1 2 3 4 5 6 7 
    --------------------
     0 | 1 1 1 . . . . . 
     1 | 1 1 1 . . . . . 
     2 | . . . . . . . . 
     3 | . . . . . . . . 
     4 | . . . . . . . . 
     5 | . . . . . . . . 
     6 | . . . . . . . . 
     7 | . . . . . . . . 
     8 | . . . . . . . . 
     9 | . . . . . . . . 
    10 | . . . . . 2 2 2 
    11 | . . . . . 2 2 2 
    12 | . . . . . . . . 
    13 | . . . . . . . . 
    14 | . . . . . . . . 
    15 | . . . . . . . . 
    16 | . . . . . . . . 
    17 | . . . . . . . . 
    18 | . . . . . . . . 
    19 | . . . . . . . . 
    20 | . . . . . . . . 
    21 | . . . . . . . . 
    22 | . . . . . . . . 
    23 | 4 4 4 4 4 4 4 . 
    24 | . . . . . . . . 
    25 | . . 3 3 3 . . . 
    26 | . . 3 3 3 . . . 
    27 | . . 3 3 3 . . . 
    28 | 5 5 5 5 5 5 5 . 
    29 | . 6 6 6 6 6 6 6 
    
    Boxes' corners:      (w,l)
        Box 1 is at 
            top left     (0,0)
            bottom right (2,1)
    
        Box 2 is at 
            top left     (5,10)
            bottom right (7,11)
    
        Box 3 is at 
            top left     (2,25)
            bottom right (4,27)
    
        Box 4 is at 
            top left     (0,23)
            bottom right (6,23)
    
        Box 5 is at 
            top left     (0,28)
            bottom right (6,28)
    
        Box 6 is at 
            top left     (1,29)
            bottom right (7,29)
    
        Roll length used: 30

    [1;34mTry max length:[0m 29
    [1;34m    At iteration:[0m 1
        lingeling found a solution in .261 ms

       | W
     L | 0 1 2 3 4 5 6 7 
    --------------------
     0 | . 4 4 4 4 4 4 4 
     1 | 6 6 6 6 6 6 6 . 
     2 | . . . . . . . . 
     3 | . . . . . . . . 
     4 | . . . . . . . . 
     5 | . . . . . . . . 
     6 | . . . . . . . . 
     7 | 5 5 5 5 5 5 5 . 
     8 | . . . . . . . . 
     9 | . . . . . . . . 
    10 | 1 1 1 . . . . . 
    11 | 1 1 1 . . . . . 
    12 | . . . . . . . . 
    13 | . . . . . . . . 
    14 | . . . . . . . . 
    15 | . . . . . . . . 
    16 | . . . . . . . . 
    17 | . . . . . . . . 
    18 | . . . . . . . . 
    19 | . . . . . . . . 
    20 | . . . . . . . . 
    21 | . . . . . . . . 
    22 | . . . . . . . . 
    23 | . . . . . . . . 
    24 | . . . . . 3 3 3 
    25 | . . . . . 3 3 3 
    26 | . . . . . 3 3 3 
    27 | . . . 2 2 2 . . 
    28 | . . . 2 2 2 . . 
    
    Boxes' corners:      (w,l)
        Box 1 is at 
            top left     (0,10)
            bottom right (2,11)
    
        Box 2 is at 
            top left     (3,27)
            bottom right (5,28)
    
        Box 3 is at 
            top left     (5,24)
            bottom right (7,26)
    
        Box 4 is at 
            top left     (1,0)
            bottom right (7,0)
    
        Box 5 is at 
            top left     (0,7)
            bottom right (6,7)
    
        Box 6 is at 
            top left     (0,1)
            bottom right (6,1)
    
        Roll length used: 29

    [1;34mTry max length:[0m 28
    [1;34m    At iteration:[0m 2
        lingeling found a solution in .166 ms

       | W
     L | 0 1 2 3 4 5 6 7 
    --------------------
     0 | . . 1 1 1 . . . 
     1 | . . 1 1 1 . . . 
     2 | . . . . . . . . 
     3 | . . . . . . . . 
     4 | . . . . . . . . 
     5 | . . . . . . . . 
     6 | . . . . . . . . 
     7 | . . . . . . . . 
     8 | . . . . . . . . 
     9 | . . . . . . . . 
    10 | . . . . . . . . 
    11 | . . . . . . . . 
    12 | . . . . . . . . 
    13 | . . . . . . . . 
    14 | . . . . . . . . 
    15 | . . . . . . . . 
    16 | . . . . . . . . 
    17 | . . . . . . . . 
    18 | 2 2 2 . . . . . 
    19 | 2 2 2 . . . . . 
    20 | . . . . . . . . 
    21 | . . . . . . . . 
    22 | . . . . . 3 3 3 
    23 | . . . . . 3 3 3 
    24 | . . . . . 3 3 3 
    25 | . 4 4 4 4 4 4 4 
    26 | . 6 6 6 6 6 6 6 
    27 | 5 5 5 5 5 5 5 . 
    
    Boxes' corners:      (w,l)
        Box 1 is at 
            top left     (2,0)
            bottom right (4,1)
    
        Box 2 is at 
            top left     (0,18)
            bottom right (2,19)
    
        Box 3 is at 
            top left     (5,22)
            bottom right (7,24)
    
        Box 4 is at 
            top left     (1,25)
            bottom right (7,25)
    
        Box 5 is at 
            top left     (0,27)
            bottom right (6,27)
    
        Box 6 is at 
            top left     (1,26)
            bottom right (7,26)
    
        Roll length used: 28

    [1;34mTry max length:[0m 27
    [1;34m    At iteration:[0m 3
        lingeling found a solution in .156 ms

       | W
     L | 0 1 2 3 4 5 6 7 
    --------------------
     0 | . . . 1 1 1 . . 
     1 | . . . 1 1 1 . . 
     2 | . . . . . . . . 
     3 | . . . . . . . . 
     4 | . . . . . . . . 
     5 | . . . . . . . . 
     6 | . . . . . . . . 
     7 | . . . . . . . . 
     8 | . . . . . . . . 
     9 | . . . . . . . . 
    10 | . . . . . . . . 
    11 | . . . . . . . . 
    12 | . . . . . . . . 
    13 | 6 6 6 6 6 6 6 . 
    14 | . . . . . . . . 
    15 | . . . . . . . . 
    16 | . . . . . . . . 
    17 | . . . . . . . . 
    18 | . . . . . 2 2 2 
    19 | . . . . . 2 2 2 
    20 | . . . . . 3 3 3 
    21 | . . . . . 3 3 3 
    22 | . . . . . 3 3 3 
    23 | . 5 5 5 5 5 5 5 
    24 | . . . . . . . . 
    25 | . 4 4 4 4 4 4 4 
    26 | . . . . . . . . 
    
    Boxes' corners:      (w,l)
        Box 1 is at 
            top left     (3,0)
            bottom right (5,1)
    
        Box 2 is at 
            top left     (5,18)
            bottom right (7,19)
    
        Box 3 is at 
            top left     (5,20)
            bottom right (7,22)
    
        Box 4 is at 
            top left     (1,25)
            bottom right (7,25)
    
        Box 5 is at 
            top left     (1,23)
            bottom right (7,23)
    
        Box 6 is at 
            top left     (0,13)
            bottom right (6,13)
    
        Roll length used: 26

    [1;34mTry max length:[0m 25
    [1;34m    At iteration:[0m 4
        lingeling found a solution in .201 ms

       | W
     L | 0 1 2 3 4 5 6 7 
    --------------------
     0 | 4 4 4 4 4 4 4 . 
     1 | . . . . . . . . 
     2 | . . . . . . . . 
     3 | . . . . . . . . 
     4 | . . . . . . . . 
     5 | . . . . . . . . 
     6 | . . . . . . . . 
     7 | . . . . . . . . 
     8 | . . . . . . . . 
     9 | . . . . . . . . 
    10 | . . . . . . . . 
    11 | 1 1 1 . . . . . 
    12 | 1 1 1 . . . . . 
    13 | . . . . . . . . 
    14 | . . . . . . . . 
    15 | . . . . . . . . 
    16 | . . . . . . . . 
    17 | . . . . 2 2 2 . 
    18 | . . . . 2 2 2 . 
    19 | . . . . . 3 3 3 
    20 | . . . . . 3 3 3 
    21 | . . . . . 3 3 3 
    22 | . . . . . . . . 
    23 | 6 6 6 6 6 6 6 . 
    24 | 5 5 5 5 5 5 5 . 
    
    Boxes' corners:      (w,l)
        Box 1 is at 
            top left     (0,11)
            bottom right (2,12)
    
        Box 2 is at 
            top left     (4,17)
            bottom right (6,18)
    
        Box 3 is at 
            top left     (5,19)
            bottom right (7,21)
    
        Box 4 is at 
            top left     (0,0)
            bottom right (6,0)
    
        Box 5 is at 
            top left     (0,24)
            bottom right (6,24)
    
        Box 6 is at 
            top left     (0,23)
            bottom right (6,23)
    
        Roll length used: 25

    [1;34mTry max length:[0m 24
    [1;34m    At iteration:[0m 5
        lingeling found a solution in .137 ms

       | W
     L | 0 1 2 3 4 5 6 7 
    --------------------
     0 | . 4 4 4 4 4 4 4 
     1 | 1 1 1 . . . . . 
     2 | 1 1 1 . . . . . 
     3 | . . . . . . . . 
     4 | . . . . . . . . 
     5 | . . . . . . . . 
     6 | . . . . . . . . 
     7 | . . . . . . . . 
     8 | . . . . . . . . 
     9 | . . . . . . . . 
    10 | . . . . . . . . 
    11 | . . . . . . . . 
    12 | . . . . . . . . 
    13 | . . . . . . . . 
    14 | . . . . . . . . 
    15 | . . . . . . . . 
    16 | 2 2 2 . . . . . 
    17 | 2 2 2 . . . . . 
    18 | . . . . . . . . 
    19 | . . . . 3 3 3 . 
    20 | . . . . 3 3 3 . 
    21 | . . . . 3 3 3 . 
    22 | 6 6 6 6 6 6 6 . 
    23 | . 5 5 5 5 5 5 5 
    
    Boxes' corners:      (w,l)
        Box 1 is at 
            top left     (0,1)
            bottom right (2,2)
    
        Box 2 is at 
            top left     (0,16)
            bottom right (2,17)
    
        Box 3 is at 
            top left     (4,19)
            bottom right (6,21)
    
        Box 4 is at 
            top left     (1,0)
            bottom right (7,0)
    
        Box 5 is at 
            top left     (1,23)
            bottom right (7,23)
    
        Box 6 is at 
            top left     (0,22)
            bottom right (6,22)
    
        Roll length used: 24

    [1;34mTry max length:[0m 23
    [1;34m    At iteration:[0m 6
        lingeling found a solution in .133 ms

       | W
     L | 0 1 2 3 4 5 6 7 
    --------------------
     0 | . 5 5 5 5 5 5 5 
     1 | . . . . . . . . 
     2 | . . . . . . . . 
     3 | . . . . . . . . 
     4 | . . . . . . . . 
     5 | . . . . . . . . 
     6 | . . . . . . . . 
     7 | . . . . . . . . 
     8 | . . . . . . . . 
     9 | 1 1 . . . . . . 
    10 | 1 1 . . . . . . 
    11 | 1 1 2 2 2 . . . 
    12 | . . 2 2 2 . . . 
    13 | . . . . . . . . 
    14 | . . . . . . . . 
    15 | . . . . . . . . 
    16 | . . . . . . . . 
    17 | . . . . . . . . 
    18 | . 4 4 4 4 4 4 4 
    19 | . . . 3 3 3 . . 
    20 | . . . 3 3 3 . . 
    21 | . . . 3 3 3 . . 
    22 | 6 6 6 6 6 6 6 . 
    
    Boxes' corners:      (w,l)
        Box 1 is at 
            top left     (0,9)
            bottom right (1,11)
    
        Box 2 is at 
            top left     (2,11)
            bottom right (4,12)
    
        Box 3 is at 
            top left     (3,19)
            bottom right (5,21)
    
        Box 4 is at 
            top left     (1,18)
            bottom right (7,18)
    
        Box 5 is at 
            top left     (1,0)
            bottom right (7,0)
    
        Box 6 is at 
            top left     (0,22)
            bottom right (6,22)
    
        Roll length used: 23

    [1;34mTry max length:[0m 22
    [1;34m    At iteration:[0m 7
        lingeling found a solution in .127 ms

       | W
     L | 0 1 2 3 4 5 6 7 
    --------------------
     0 | . . . 1 1 1 . . 
     1 | . . . 1 1 1 . . 
     2 | . . . . . . . . 
     3 | . . . . . . . . 
     4 | . . . . . . . . 
     5 | . . . . . . . . 
     6 | . . . . . . . . 
     7 | . . . . . . . . 
     8 | . . . . . . . . 
     9 | . . . . . . . . 
    10 | . . . . . . . . 
    11 | . . . . . . . . 
    12 | . . . . . . . . 
    13 | . . . . 2 2 2 . 
    14 | . . . . 2 2 2 . 
    15 | . . . . 3 3 3 . 
    16 | . . . . 3 3 3 . 
    17 | . . . . 3 3 3 . 
    18 | 4 4 4 4 4 4 4 . 
    19 | . 6 6 6 6 6 6 6 
    20 | . . . . . . . . 
    21 | 5 5 5 5 5 5 5 . 
    
    Boxes' corners:      (w,l)
        Box 1 is at 
            top left     (3,0)
            bottom right (5,1)
    
        Box 2 is at 
            top left     (4,13)
            bottom right (6,14)
    
        Box 3 is at 
            top left     (4,15)
            bottom right (6,17)
    
        Box 4 is at 
            top left     (0,18)
            bottom right (6,18)
    
        Box 5 is at 
            top left     (0,21)
            bottom right (6,21)
    
        Box 6 is at 
            top left     (1,19)
            bottom right (7,19)
    
        Roll length used: 22

    [1;34mTry max length:[0m 21
    [1;34m    At iteration:[0m 8
        lingeling found a solution in .121 ms

       | W
     L | 0 1 2 3 4 5 6 7 
    --------------------
     0 | 6 6 6 6 6 6 6 . 
     1 | . . . . . . . . 
     2 | . . . . . . . . 
     3 | . . . . . . . . 
     4 | . . . . . . . . 
     5 | . . . . . . . . 
     6 | 1 1 . . . . . . 
     7 | 1 1 . . . . . . 
     8 | 1 1 . . . . . . 
     9 | . . . . . . . . 
    10 | . . 2 2 2 . . . 
    11 | . . 2 2 2 . . . 
    12 | . . . . . . . . 
    13 | . . . . . . . . 
    14 | . . . . . . . . 
    15 | . . . . . . . . 
    16 | . . 3 3 3 . . . 
    17 | . . 3 3 3 . . . 
    18 | . . 3 3 3 . . . 
    19 | 4 4 4 4 4 4 4 . 
    20 | . 5 5 5 5 5 5 5 
    
    Boxes' corners:      (w,l)
        Box 1 is at 
            top left     (0,6)
            bottom right (1,8)
    
        Box 2 is at 
            top left     (2,10)
            bottom right (4,11)
    
        Box 3 is at 
            top left     (2,16)
            bottom right (4,18)
    
        Box 4 is at 
            top left     (0,19)
            bottom right (6,19)
    
        Box 5 is at 
            top left     (1,20)
            bottom right (7,20)
    
        Box 6 is at 
            top left     (0,0)
            bottom right (6,0)
    
        Roll length used: 21

    [1;34mTry max length:[0m 20
    [1;34m    At iteration:[0m 9
        lingeling found a solution in .115 ms

       | W
     L | 0 1 2 3 4 5 6 7 
    --------------------
     0 | . . 1 1 1 2 2 2 
     1 | . . 1 1 1 2 2 2 
     2 | . . . . . . . . 
     3 | . . . . . . . . 
     4 | . . . . . . . . 
     5 | . . . . . . . . 
     6 | . . . . . . . . 
     7 | . . . . . . . . 
     8 | . . . . . . . . 
     9 | . . . . . . . . 
    10 | . . . . . . . . 
    11 | . . . . . . . . 
    12 | . . . . . . . . 
    13 | . . . . . . . . 
    14 | . . 3 3 3 . . . 
    15 | . . 3 3 3 . . . 
    16 | . . 3 3 3 . . . 
    17 | 5 5 5 5 5 5 5 . 
    18 | . 4 4 4 4 4 4 4 
    19 | 6 6 6 6 6 6 6 . 
    
    Boxes' corners:      (w,l)
        Box 1 is at 
            top left     (2,0)
            bottom right (4,1)
    
        Box 2 is at 
            top left     (5,0)
            bottom right (7,1)
    
        Box 3 is at 
            top left     (2,14)
            bottom right (4,16)
    
        Box 4 is at 
            top left     (1,18)
            bottom right (7,18)
    
        Box 5 is at 
            top left     (0,17)
            bottom right (6,17)
    
        Box 6 is at 
            top left     (0,19)
            bottom right (6,19)
    
        Roll length used: 20

    [1;34mTry max length:[0m 19
    [1;34m    At iteration:[0m 10
        lingeling found a solution in .110 ms

       | W
     L | 0 1 2 3 4 5 6 7 
    --------------------
     0 | 1 1 1 . . 2 2 2 
     1 | 1 1 1 . . 2 2 2 
     2 | . . . . . . . . 
     3 | . . . . . . . . 
     4 | . . . . . . . . 
     5 | . . . . . . . . 
     6 | . . . . . . . . 
     7 | . . . . . . . . 
     8 | . . . . . . . . 
     9 | . . . . . . . . 
    10 | . . . . . . . . 
    11 | . . . . . . . . 
    12 | . . . . . . . . 
    13 | . . . . 3 3 3 . 
    14 | . . . . 3 3 3 . 
    15 | . . . . 3 3 3 . 
    16 | . 5 5 5 5 5 5 5 
    17 | . 6 6 6 6 6 6 6 
    18 | . 4 4 4 4 4 4 4 
    
    Boxes' corners:      (w,l)
        Box 1 is at 
            top left     (0,0)
            bottom right (2,1)
    
        Box 2 is at 
            top left     (5,0)
            bottom right (7,1)
    
        Box 3 is at 
            top left     (4,13)
            bottom right (6,15)
    
        Box 4 is at 
            top left     (1,18)
            bottom right (7,18)
    
        Box 5 is at 
            top left     (1,16)
            bottom right (7,16)
    
        Box 6 is at 
            top left     (1,17)
            bottom right (7,17)
    
        Roll length used: 19

    [1;34mTry max length:[0m 18
    [1;34m    At iteration:[0m 11
        lingeling found a solution in .103 ms

       | W
     L | 0 1 2 3 4 5 6 7 
    --------------------
     0 | 1 1 1 . 2 2 2 . 
     1 | 1 1 1 . 2 2 2 . 
     2 | . . . . . . . . 
     3 | . . . . . . . . 
     4 | . . . . . . . . 
     5 | . . . . . . . . 
     6 | . . . . . . . . 
     7 | . . . . . . . . 
     8 | . . . . . . . . 
     9 | . . . . . . . . 
    10 | . . . . . . . . 
    11 | . . . . . . . . 
    12 | . . . . 3 3 3 . 
    13 | . . . . 3 3 3 . 
    14 | . . . . 3 3 3 . 
    15 | 6 6 6 6 6 6 6 . 
    16 | 4 4 4 4 4 4 4 . 
    17 | 5 5 5 5 5 5 5 . 
    
    Boxes' corners:      (w,l)
        Box 1 is at 
            top left     (0,0)
            bottom right (2,1)
    
        Box 2 is at 
            top left     (4,0)
            bottom right (6,1)
    
        Box 3 is at 
            top left     (4,12)
            bottom right (6,14)
    
        Box 4 is at 
            top left     (0,16)
            bottom right (6,16)
    
        Box 5 is at 
            top left     (0,17)
            bottom right (6,17)
    
        Box 6 is at 
            top left     (0,15)
            bottom right (6,15)
    
        Roll length used: 18

    [1;34mTry max length:[0m 17
    [1;34m    At iteration:[0m 12
        lingeling found a solution in .146 ms

       | W
     L | 0 1 2 3 4 5 6 7 
    --------------------
     0 | . 1 1 1 . 2 2 2 
     1 | . 1 1 1 . 2 2 2 
     2 | . . . . . . . . 
     3 | . . . . . . . . 
     4 | . . . . . . . . 
     5 | . . . . . . . . 
     6 | . . . . . . . . 
     7 | . . . . . . . . 
     8 | . . . . . . . . 
     9 | . . . . . . . . 
    10 | . . . . . . . . 
    11 | . . . . 3 3 3 . 
    12 | . . . . 3 3 3 . 
    13 | . . . . 3 3 3 . 
    14 | 5 5 5 5 5 5 5 . 
    15 | 4 4 4 4 4 4 4 . 
    16 | 6 6 6 6 6 6 6 . 
    
    Boxes' corners:      (w,l)
        Box 1 is at 
            top left     (1,0)
            bottom right (3,1)
    
        Box 2 is at 
            top left     (5,0)
            bottom right (7,1)
    
        Box 3 is at 
            top left     (4,11)
            bottom right (6,13)
    
        Box 4 is at 
            top left     (0,15)
            bottom right (6,15)
    
        Box 5 is at 
            top left     (0,14)
            bottom right (6,14)
    
        Box 6 is at 
            top left     (0,16)
            bottom right (6,16)
    
        Roll length used: 17

    [1;34mTry max length:[0m 16
    [1;34m    At iteration:[0m 13
        lingeling found a solution in .087 ms

       | W
     L | 0 1 2 3 4 5 6 7 
    --------------------
     0 | 2 2 2 1 1 1 . . 
     1 | 2 2 2 1 1 1 . . 
     2 | . . . . . . . . 
     3 | . . . . . . . . 
     4 | . . . . . . . . 
     5 | . . . . . . . . 
     6 | . . . . . . . . 
     7 | . . . . 3 3 3 . 
     8 | . . . . 3 3 3 . 
     9 | . . . . 3 3 3 . 
    10 | . 4 4 4 4 4 4 4 
    11 | . . . . . . . . 
    12 | . . . . . . . . 
    13 | . 6 6 6 6 6 6 6 
    14 | . . . . . . . . 
    15 | . 5 5 5 5 5 5 5 
    
    Boxes' corners:      (w,l)
        Box 1 is at 
            top left     (3,0)
            bottom right (5,1)
    
        Box 2 is at 
            top left     (0,0)
            bottom right (2,1)
    
        Box 3 is at 
            top left     (4,7)
            bottom right (6,9)
    
        Box 4 is at 
            top left     (1,10)
            bottom right (7,10)
    
        Box 5 is at 
            top left     (1,15)
            bottom right (7,15)
    
        Box 6 is at 
            top left     (1,13)
            bottom right (7,13)
    
        Roll length used: 16

    [1;34mTry max length:[0m 15
    [1;34m    At iteration:[0m 14
        lingeling found a solution in .138 ms

       | W
     L | 0 1 2 3 4 5 6 7 
    --------------------
     0 | 1 1 1 . . 2 2 2 
     1 | 1 1 1 . . 2 2 2 
     2 | . . . . . . . . 
     3 | . . . . . . . . 
     4 | . . . . . . . . 
     5 | . . . . . . . . 
     6 | . . . . . . . . 
     7 | . 3 3 3 . . . . 
     8 | . 3 3 3 . . . . 
     9 | . 3 3 3 . . . . 
    10 | . . . . . . . . 
    11 | . 4 4 4 4 4 4 4 
    12 | . . . . . . . . 
    13 | 5 5 5 5 5 5 5 . 
    14 | 6 6 6 6 6 6 6 . 
    
    Boxes' corners:      (w,l)
        Box 1 is at 
            top left     (0,0)
            bottom right (2,1)
    
        Box 2 is at 
            top left     (5,0)
            bottom right (7,1)
    
        Box 3 is at 
            top left     (1,7)
            bottom right (3,9)
    
        Box 4 is at 
            top left     (1,11)
            bottom right (7,11)
    
        Box 5 is at 
            top left     (0,13)
            bottom right (6,13)
    
        Box 6 is at 
            top left     (0,14)
            bottom right (6,14)
    
        Roll length used: 15

    [1;34mTry max length:[0m 14
    [1;34m    At iteration:[0m 15
        lingeling found a solution in .084 ms

       | W
     L | 0 1 2 3 4 5 6 7 
    --------------------
     0 | . . 1 1 1 . . . 
     1 | . . 1 1 1 . . . 
     2 | . . . . . . . . 
     3 | . . . . . . . . 
     4 | . . . . . . . . 
     5 | . . . . . . . . 
     6 | . . . . . . . . 
     7 | . . . . . . . . 
     8 | . . . . 3 3 3 . 
     9 | . 2 2 2 3 3 3 . 
    10 | . 2 2 2 3 3 3 . 
    11 | . 5 5 5 5 5 5 5 
    12 | 6 6 6 6 6 6 6 . 
    13 | 4 4 4 4 4 4 4 . 
    
    Boxes' corners:      (w,l)
        Box 1 is at 
            top left     (2,0)
            bottom right (4,1)
    
        Box 2 is at 
            top left     (1,9)
            bottom right (3,10)
    
        Box 3 is at 
            top left     (4,8)
            bottom right (6,10)
    
        Box 4 is at 
            top left     (0,13)
            bottom right (6,13)
    
        Box 5 is at 
            top left     (1,11)
            bottom right (7,11)
    
        Box 6 is at 
            top left     (0,12)
            bottom right (6,12)
    
        Roll length used: 14

    [1;34mTry max length:[0m 13
    [1;34m    At iteration:[0m 16
        lingeling found a solution in .082 ms

       | W
     L | 0 1 2 3 4 5 6 7 
    --------------------
     0 | . . 1 1 1 . . . 
     1 | . . 1 1 1 . . . 
     2 | . . . . . . . . 
     3 | . . . . . . . . 
     4 | . . . . . . . . 
     5 | . . . . 2 2 2 . 
     6 | . 3 3 3 2 2 2 . 
     7 | . 3 3 3 . . . . 
     8 | . 3 3 3 . . . . 
     9 | . 6 6 6 6 6 6 6 
    10 | . . . . . . . . 
    11 | 5 5 5 5 5 5 5 . 
    12 | 4 4 4 4 4 4 4 . 
    
    Boxes' corners:      (w,l)
        Box 1 is at 
            top left     (2,0)
            bottom right (4,1)
    
        Box 2 is at 
            top left     (4,5)
            bottom right (6,6)
    
        Box 3 is at 
            top left     (1,6)
            bottom right (3,8)
    
        Box 4 is at 
            top left     (0,12)
            bottom right (6,12)
    
        Box 5 is at 
            top left     (0,11)
            bottom right (6,11)
    
        Box 6 is at 
            top left     (1,9)
            bottom right (7,9)
    
        Roll length used: 13

    [1;34mTry max length:[0m 12
    [1;34m    At iteration:[0m 17
        lingeling found a solution in .080 ms

       | W
     L | 0 1 2 3 4 5 6 7 
    --------------------
     0 | . 1 1 1 2 2 2 . 
     1 | . 1 1 1 2 2 2 . 
     2 | . . . . . . . . 
     3 | . . . . . . . . 
     4 | . . . . . . . . 
     5 | . . . 3 3 3 . . 
     6 | . . . 3 3 3 . . 
     7 | . . . 3 3 3 . . 
     8 | . . . . . . . . 
     9 | 5 5 5 5 5 5 5 . 
    10 | 4 4 4 4 4 4 4 . 
    11 | 6 6 6 6 6 6 6 . 
    
    Boxes' corners:      (w,l)
        Box 1 is at 
            top left     (1,0)
            bottom right (3,1)
    
        Box 2 is at 
            top left     (4,0)
            bottom right (6,1)
    
        Box 3 is at 
            top left     (3,5)
            bottom right (5,7)
    
        Box 4 is at 
            top left     (0,10)
            bottom right (6,10)
    
        Box 5 is at 
            top left     (0,9)
            bottom right (6,9)
    
        Box 6 is at 
            top left     (0,11)
            bottom right (6,11)
    
        Roll length used: 12

    [1;34mTry max length:[0m 11
    [1;34m    At iteration:[0m 18
        lingeling found a solution in .065 ms

       | W
     L | 0 1 2 3 4 5 6 7 
    --------------------
     0 | 1 1 1 2 2 2 . . 
     1 | 1 1 1 2 2 2 . . 
     2 | . . . . . . . . 
     3 | . 4 4 4 4 4 4 4 
     4 | . . . . . . . . 
     5 | . . 3 3 3 . . . 
     6 | . . 3 3 3 . . . 
     7 | . . 3 3 3 . . . 
     8 | 6 6 6 6 6 6 6 . 
     9 | . 5 5 5 5 5 5 5 
    10 | . . . . . . . . 
    
    Boxes' corners:      (w,l)
        Box 1 is at 
            top left     (0,0)
            bottom right (2,1)
    
        Box 2 is at 
            top left     (3,0)
            bottom right (5,1)
    
        Box 3 is at 
            top left     (2,5)
            bottom right (4,7)
    
        Box 4 is at 
            top left     (1,3)
            bottom right (7,3)
    
        Box 5 is at 
            top left     (1,9)
            bottom right (7,9)
    
        Box 6 is at 
            top left     (0,8)
            bottom right (6,8)
    
        Roll length used: 10

    [1;34mTry max length:[0m 9
    [1;34m    At iteration:[0m 19
        lingeling found a solution in .044 ms

      | W
    L | 0 1 2 3 4 5 6 7 
    --------------------
    0 | . . . 1 1 1 . . 
    1 | . . . 1 1 1 . . 
    2 | . . 3 3 3 2 2 2 
    3 | . . 3 3 3 2 2 2 
    4 | . . 3 3 3 . . . 
    5 | 6 6 6 6 6 6 6 . 
    6 | . . . . . . . . 
    7 | 5 5 5 5 5 5 5 . 
    8 | 4 4 4 4 4 4 4 . 
    
    Boxes' corners:      (w,l)
        Box 1 is at 
            top left     (3,0)
            bottom right (5,1)
    
        Box 2 is at 
            top left     (5,2)
            bottom right (7,3)
    
        Box 3 is at 
            top left     (2,2)
            bottom right (4,4)
    
        Box 4 is at 
            top left     (0,8)
            bottom right (6,8)
    
        Box 5 is at 
            top left     (0,7)
            bottom right (6,7)
    
        Box 6 is at 
            top left     (0,5)
            bottom right (6,5)
    
        Roll length used: 9

    [1;34mTry max length:[0m 8
    [1;34m    At iteration:[0m 20
        lingeling found a solution in .040 ms

      | W
    L | 0 1 2 3 4 5 6 7 
    --------------------
    0 | 4 4 4 4 4 4 4 . 
    1 | . . . . . . . . 
    2 | . . . . . . . . 
    3 | 1 1 . 3 3 3 2 2 
    4 | 1 1 . 3 3 3 2 2 
    5 | 1 1 . 3 3 3 2 2 
    6 | 6 6 6 6 6 6 6 . 
    7 | . 5 5 5 5 5 5 5 
    
    Boxes' corners:      (w,l)
        Box 1 is at 
            top left     (0,3)
            bottom right (1,5)
    
        Box 2 is at 
            top left     (6,3)
            bottom right (7,5)
    
        Box 3 is at 
            top left     (3,3)
            bottom right (5,5)
    
        Box 4 is at 
            top left     (0,0)
            bottom right (6,0)
    
        Box 5 is at 
            top left     (1,7)
            bottom right (7,7)
    
        Box 6 is at 
            top left     (0,6)
            bottom right (6,6)
    
        Roll length used: 8

    [1;34mTry max length:[0m 7
    [1;34m    At iteration:[0m 21
        lingeling found a solution in .041 ms

      | W
    L | 0 1 2 3 4 5 6 7 
    --------------------
    0 | . . . . . 6 4 5 
    1 | 1 1 . . . 6 4 5 
    2 | 1 1 . . . 6 4 5 
    3 | 1 1 3 3 3 6 4 5 
    4 | 2 2 3 3 3 6 4 5 
    5 | 2 2 3 3 3 6 4 5 
    6 | 2 2 . . . 6 4 5 
    
    Boxes' corners:      (w,l)
        Box 1 is at 
            top left     (0,1)
            bottom right (1,3)
    
        Box 2 is at 
            top left     (0,4)
            bottom right (1,6)
    
        Box 3 is at 
            top left     (2,3)
            bottom right (4,5)
    
        Box 4 is at 
            top left     (6,0)
            bottom right (6,6)
    
        Box 5 is at 
            top left     (7,0)
            bottom right (7,6)
    
        Box 6 is at 
            top left     (5,0)
            bottom right (5,6)
    
        Roll length used: 7

    [1;34mTry max length:[0m 6
    [1;34m    At iteration:[0m 22
        lingeling found a solution in .027 ms

      | W
    L | 0 1 2 3 4 5 6 7 
    --------------------
    0 | 4 4 4 4 4 4 4 . 
    1 | 1 1 3 3 3 . 2 2 
    2 | 1 1 3 3 3 . 2 2 
    3 | 1 1 3 3 3 . 2 2 
    4 | . 5 5 5 5 5 5 5 
    5 | . 6 6 6 6 6 6 6 
    
    Boxes' corners:      (w,l)
        Box 1 is at 
            top left     (0,1)
            bottom right (1,3)
    
        Box 2 is at 
            top left     (6,1)
            bottom right (7,3)
    
        Box 3 is at 
            top left     (2,1)
            bottom right (4,3)
    
        Box 4 is at 
            top left     (0,0)
            bottom right (6,0)
    
        Box 5 is at 
            top left     (1,4)
            bottom right (7,4)
    
        Box 6 is at 
            top left     (1,5)
            bottom right (7,5)
    
        Roll length used: 6

    [1;34mTry max length:[0m 5
    [1;34m    At iteration:[0m 23
        [3;31mlingeling determined unsatisfiability of the Boolean formula[0m
        [1;32mOptimality reached![0m
