Wed 6 Jun 09:22:42 CEST 2018
    [1;34mTry max length:[0m 999999
    [1;34m    At iteration:[0m 0
        lingeling found a solution in .193 ms

       | W
     L | 0 1 2 3 4 5 6 7 8 
    ----------------------
     0 | 6 6 6 5 5 5 . . . 
     1 | . . . . . . . . . 
     2 | . . . . . . . . . 
     3 | . . . . . . . . . 
     4 | . . . . . . . . . 
     5 | . . . . . . . . . 
     6 | . . . . . . . . . 
     7 | . . . . . . . . . 
     8 | . . . . . . . . . 
     9 | 1 . . . . . . . . 
    10 | 1 . . . . . . . . 
    11 | 1 . . . . . . . . 
    12 | . . . . . . . . . 
    13 | . . . . . . . . . 
    14 | . . . . . . . . . 
    15 | . . . . . . . . . 
    16 | . . . . . . . . . 
    17 | . . . . . . . . 7 
    18 | 4 4 4 3 3 3 2 2 2 
    
    Boxes' corners:      (w,l)
        Box 1 is at 
            top left     (0,9)
            bottom right (0,11)
    
        Box 2 is at 
            top left     (6,18)
            bottom right (8,18)
    
        Box 3 is at 
            top left     (3,18)
            bottom right (5,18)
    
        Box 4 is at 
            top left     (0,18)
            bottom right (2,18)
    
        Box 5 is at 
            top left     (3,0)
            bottom right (5,0)
    
        Box 6 is at 
            top left     (0,0)
            bottom right (2,0)
    
        Box 7 is at 
            top left     (8,17)
            bottom right (8,17)
    
        Roll length used: 19

    [1;34mTry max length:[0m 18
    [1;34m    At iteration:[0m 1
        lingeling found a solution in .146 ms

       | W
     L | 0 1 2 3 4 5 6 7 8 
    ----------------------
     0 | 3 3 3 4 4 4 6 6 6 
     1 | 5 5 5 . . . . . . 
     2 | . . . . . . . . . 
     3 | . . . . . . . . . 
     4 | . . . . . . . . . 
     5 | . . . . . . . . . 
     6 | . . . . . . . . . 
     7 | . . . . . . . . . 
     8 | 1 . . 2 2 2 . . . 
     9 | 1 . . . . . . . . 
    10 | 1 . . . . . . . . 
    11 | . . . . . . . . . 
    12 | . . . . . . . . . 
    13 | . . . . . . . . . 
    14 | . . . . . . . . . 
    15 | . . . . . . . . . 
    16 | . . . . . . . . . 
    17 | . . . . . . . 7 . 
    
    Boxes' corners:      (w,l)
        Box 1 is at 
            top left     (0,8)
            bottom right (0,10)
    
        Box 2 is at 
            top left     (3,8)
            bottom right (5,8)
    
        Box 3 is at 
            top left     (0,0)
            bottom right (2,0)
    
        Box 4 is at 
            top left     (3,0)
            bottom right (5,0)
    
        Box 5 is at 
            top left     (0,1)
            bottom right (2,1)
    
        Box 6 is at 
            top left     (6,0)
            bottom right (8,0)
    
        Box 7 is at 
            top left     (7,17)
            bottom right (7,17)
    
        Roll length used: 18

    [1;34mTry max length:[0m 17
    [1;34m    At iteration:[0m 2
        lingeling found a solution in .143 ms

       | W
     L | 0 1 2 3 4 5 6 7 8 
    ----------------------
     0 | . 5 5 5 3 3 3 . . 
     1 | . . . . . . . . . 
     2 | . . . . . . . . . 
     3 | . . . . . . . . . 
     4 | . . . . . . . . . 
     5 | . . . . . . . . . 
     6 | . . . . . . . . . 
     7 | . . . . . . . . . 
     8 | 1 . . . . . . . . 
     9 | 1 . . . . . . . . 
    10 | 1 . . . . . . . . 
    11 | . . . . . . . . . 
    12 | . . . 6 6 6 . . . 
    13 | . . . . . . . . . 
    14 | . . . . . . 2 2 2 
    15 | . . . . . . . . . 
    16 | . . . . . 7 4 4 4 
    
    Boxes' corners:      (w,l)
        Box 1 is at 
            top left     (0,8)
            bottom right (0,10)
    
        Box 2 is at 
            top left     (6,14)
            bottom right (8,14)
    
        Box 3 is at 
            top left     (4,0)
            bottom right (6,0)
    
        Box 4 is at 
            top left     (6,16)
            bottom right (8,16)
    
        Box 5 is at 
            top left     (1,0)
            bottom right (3,0)
    
        Box 6 is at 
            top left     (3,12)
            bottom right (5,12)
    
        Box 7 is at 
            top left     (5,16)
            bottom right (5,16)
    
        Roll length used: 17

    [1;34mTry max length:[0m 16
    [1;34m    At iteration:[0m 3
        lingeling found a solution in .133 ms

       | W
     L | 0 1 2 3 4 5 6 7 8 
    ----------------------
     0 | 5 5 5 2 2 2 3 3 3 
     1 | . . . . . . . . . 
     2 | . . . . . 4 4 4 . 
     3 | . . . . . . . . . 
     4 | . . . . . . . . . 
     5 | . . . . . . . . . 
     6 | . . . . . . . . . 
     7 | 1 . . . . . . . . 
     8 | 1 . . . . . . . . 
     9 | 1 . . . . . . . . 
    10 | . . . . . . . . . 
    11 | . . . . . . . . . 
    12 | . . . . . . . . . 
    13 | . . . . . . . . . 
    14 | . . . . . . . . . 
    15 | . . . . . 7 6 6 6 
    
    Boxes' corners:      (w,l)
        Box 1 is at 
            top left     (0,7)
            bottom right (0,9)
    
        Box 2 is at 
            top left     (3,0)
            bottom right (5,0)
    
        Box 3 is at 
            top left     (6,0)
            bottom right (8,0)
    
        Box 4 is at 
            top left     (5,2)
            bottom right (7,2)
    
        Box 5 is at 
            top left     (0,0)
            bottom right (2,0)
    
        Box 6 is at 
            top left     (6,15)
            bottom right (8,15)
    
        Box 7 is at 
            top left     (5,15)
            bottom right (5,15)
    
        Roll length used: 16

    [1;34mTry max length:[0m 15
    [1;34m    At iteration:[0m 4
        lingeling found a solution in .121 ms

       | W
     L | 0 1 2 3 4 5 6 7 8 
    ----------------------
     0 | 1 . . . . . 3 3 3 
     1 | 1 . 5 5 5 . . . . 
     2 | 1 . . . . . . . . 
     3 | . . . . . . . 6 . 
     4 | . . . . . . . 6 . 
     5 | . . . . . . . 6 . 
     6 | . . . . . . . . . 
     7 | . . . . . . . . . 
     8 | . . . . . . . . . 
     9 | . . . . . . . . . 
    10 | . . . . . . . . . 
    11 | . . . . . . . . . 
    12 | . . . . . . . . . 
    13 | . . 2 2 2 . . . . 
    14 | 4 4 4 . . . . . 7 
    
    Boxes' corners:      (w,l)
        Box 1 is at 
            top left     (0,0)
            bottom right (0,2)
    
        Box 2 is at 
            top left     (2,13)
            bottom right (4,13)
    
        Box 3 is at 
            top left     (6,0)
            bottom right (8,0)
    
        Box 4 is at 
            top left     (0,14)
            bottom right (2,14)
    
        Box 5 is at 
            top left     (2,1)
            bottom right (4,1)
    
        Box 6 is at 
            top left     (7,3)
            bottom right (7,5)
    
        Box 7 is at 
            top left     (8,14)
            bottom right (8,14)
    
        Roll length used: 15

    [1;34mTry max length:[0m 14
    [1;34m    At iteration:[0m 5
        lingeling found a solution in .114 ms

       | W
     L | 0 1 2 3 4 5 6 7 8 
    ----------------------
     0 | 4 4 4 5 5 5 3 3 3 
     1 | . . . . . . . . . 
     2 | . . . . . . . . . 
     3 | . . . . . . . . . 
     4 | . . . . . . . . . 
     5 | . . . . . . . . . 
     6 | 1 . . . . . . . . 
     7 | 1 . . . . . . . . 
     8 | 1 . . . 2 2 2 . . 
     9 | . . . . . . . . . 
    10 | . . . . . . . . . 
    11 | . . . . . . . . . 
    12 | . . . . . . . . . 
    13 | . . . . . 7 6 6 6 
    
    Boxes' corners:      (w,l)
        Box 1 is at 
            top left     (0,6)
            bottom right (0,8)
    
        Box 2 is at 
            top left     (4,8)
            bottom right (6,8)
    
        Box 3 is at 
            top left     (6,0)
            bottom right (8,0)
    
        Box 4 is at 
            top left     (0,0)
            bottom right (2,0)
    
        Box 5 is at 
            top left     (3,0)
            bottom right (5,0)
    
        Box 6 is at 
            top left     (6,13)
            bottom right (8,13)
    
        Box 7 is at 
            top left     (5,13)
            bottom right (5,13)
    
        Roll length used: 14

    [1;34mTry max length:[0m 13
    [1;34m    At iteration:[0m 6
        lingeling found a solution in .128 ms

       | W
     L | 0 1 2 3 4 5 6 7 8 
    ----------------------
     0 | 6 6 6 5 5 5 . . . 
     1 | . . . . . . . . . 
     2 | . . . . . . . . . 
     3 | . . . . . . . . . 
     4 | . . . . . . . . . 
     5 | . . . . . . . . . 
     6 | 1 . . . . . . . . 
     7 | 1 . . . . . . . . 
     8 | 1 . . . . . . . . 
     9 | . . . . . . . . . 
    10 | . . . . . . . . . 
    11 | . . . . . . . . 7 
    12 | 4 4 4 3 3 3 2 2 2 
    
    Boxes' corners:      (w,l)
        Box 1 is at 
            top left     (0,6)
            bottom right (0,8)
    
        Box 2 is at 
            top left     (6,12)
            bottom right (8,12)
    
        Box 3 is at 
            top left     (3,12)
            bottom right (5,12)
    
        Box 4 is at 
            top left     (0,12)
            bottom right (2,12)
    
        Box 5 is at 
            top left     (3,0)
            bottom right (5,0)
    
        Box 6 is at 
            top left     (0,0)
            bottom right (2,0)
    
        Box 7 is at 
            top left     (8,11)
            bottom right (8,11)
    
        Roll length used: 13

    [1;34mTry max length:[0m 12
    [1;34m    At iteration:[0m 7
        lingeling found a solution in .116 ms

       | W
     L | 0 1 2 3 4 5 6 7 8 
    ----------------------
     0 | 5 5 5 6 6 6 4 4 4 
     1 | . . . . . . . . . 
     2 | . . . . . . . . . 
     3 | . . . 3 3 3 . . . 
     4 | . . . . . . . . . 
     5 | 1 . . . . . . . . 
     6 | 1 . . . . . . . . 
     7 | 1 . . . . . . . . 
     8 | . . . . . . . . . 
     9 | . . . . . . . . . 
    10 | . . . . . . 2 2 2 
    11 | . . . . . . . 7 . 
    
    Boxes' corners:      (w,l)
        Box 1 is at 
            top left     (0,5)
            bottom right (0,7)
    
        Box 2 is at 
            top left     (6,10)
            bottom right (8,10)
    
        Box 3 is at 
            top left     (3,3)
            bottom right (5,3)
    
        Box 4 is at 
            top left     (6,0)
            bottom right (8,0)
    
        Box 5 is at 
            top left     (0,0)
            bottom right (2,0)
    
        Box 6 is at 
            top left     (3,0)
            bottom right (5,0)
    
        Box 7 is at 
            top left     (7,11)
            bottom right (7,11)
    
        Roll length used: 12

    [1;34mTry max length:[0m 11
    [1;34m    At iteration:[0m 8
        lingeling found a solution in .102 ms

       | W
     L | 0 1 2 3 4 5 6 7 8 
    ----------------------
     0 | 6 6 6 5 5 5 . . . 
     1 | . . . . . . . . . 
     2 | . . . . . . . . . 
     3 | . . . . . . . . . 
     4 | . . . . . . . . . 
     5 | 1 . . . . . . . . 
     6 | 1 . . . . . . . . 
     7 | 1 . . . . . . . . 
     8 | . . . . . . . . . 
     9 | . . . . . . . . 7 
    10 | 4 4 4 3 3 3 2 2 2 
    
    Boxes' corners:      (w,l)
        Box 1 is at 
            top left     (0,5)
            bottom right (0,7)
    
        Box 2 is at 
            top left     (6,10)
            bottom right (8,10)
    
        Box 3 is at 
            top left     (3,10)
            bottom right (5,10)
    
        Box 4 is at 
            top left     (0,10)
            bottom right (2,10)
    
        Box 5 is at 
            top left     (3,0)
            bottom right (5,0)
    
        Box 6 is at 
            top left     (0,0)
            bottom right (2,0)
    
        Box 7 is at 
            top left     (8,9)
            bottom right (8,9)
    
        Roll length used: 11

    [1;34mTry max length:[0m 10
    [1;34m    At iteration:[0m 9
        lingeling found a solution in .092 ms

       | W
     L | 0 1 2 3 4 5 6 7 8 
    ----------------------
     0 | 1 1 1 5 5 5 3 3 3 
     1 | . . . . . . . . . 
     2 | . . . . . . . . . 
     3 | . . . . . . . . . 
     4 | . . . . . . . . . 
     5 | . . . . . . . . . 
     6 | . . . . . . 7 . . 
     7 | . . . . . . . . . 
     8 | 4 4 4 . . . . . . 
     9 | . . . 2 2 2 6 6 6 
    
    Boxes' corners:      (w,l)
        Box 1 is at 
            top left     (0,0)
            bottom right (2,0)
    
        Box 2 is at 
            top left     (3,9)
            bottom right (5,9)
    
        Box 3 is at 
            top left     (6,0)
            bottom right (8,0)
    
        Box 4 is at 
            top left     (0,8)
            bottom right (2,8)
    
        Box 5 is at 
            top left     (3,0)
            bottom right (5,0)
    
        Box 6 is at 
            top left     (6,9)
            bottom right (8,9)
    
        Box 7 is at 
            top left     (6,6)
            bottom right (6,6)
    
        Roll length used: 10

    [1;34mTry max length:[0m 9
    [1;34m    At iteration:[0m 10
        lingeling found a solution in .083 ms

      | W
    L | 0 1 2 3 4 5 6 7 8 
    ----------------------
    0 | . 1 . . . 2 . . 4 
    1 | . 1 . . . 2 . . 4 
    2 | . 1 . . . 2 . . 4 
    3 | . . . . . . . 7 6 
    4 | . . . . . . . . 6 
    5 | . . . . . . . . 6 
    6 | 5 . . . . . . . 3 
    7 | 5 . . . . . . . 3 
    8 | 5 . . . . . . . 3 
    
    Boxes' corners:      (w,l)
        Box 1 is at 
            top left     (1,0)
            bottom right (1,2)
    
        Box 2 is at 
            top left     (5,0)
            bottom right (5,2)
    
        Box 3 is at 
            top left     (8,6)
            bottom right (8,8)
    
        Box 4 is at 
            top left     (8,0)
            bottom right (8,2)
    
        Box 5 is at 
            top left     (0,6)
            bottom right (0,8)
    
        Box 6 is at 
            top left     (8,3)
            bottom right (8,5)
    
        Box 7 is at 
            top left     (7,3)
            bottom right (7,3)
    
        Roll length used: 9

    [1;34mTry max length:[0m 8
    [1;34m    At iteration:[0m 11
        lingeling found a solution in .072 ms

      | W
    L | 0 1 2 3 4 5 6 7 8 
    ----------------------
    0 | . . . . 1 1 1 . . 
    1 | 5 5 5 . . . . . . 
    2 | 4 . . . . . . . 3 
    3 | 4 . . . . . . . 3 
    4 | 4 . . . . . . . 3 
    5 | . . . . . . . . 6 
    6 | . . . . . . . . 6 
    7 | . 2 2 2 . . . 7 6 
    
    Boxes' corners:      (w,l)
        Box 1 is at 
            top left     (4,0)
            bottom right (6,0)
    
        Box 2 is at 
            top left     (1,7)
            bottom right (3,7)
    
        Box 3 is at 
            top left     (8,2)
            bottom right (8,4)
    
        Box 4 is at 
            top left     (0,2)
            bottom right (0,4)
    
        Box 5 is at 
            top left     (0,1)
            bottom right (2,1)
    
        Box 6 is at 
            top left     (8,5)
            bottom right (8,7)
    
        Box 7 is at 
            top left     (7,7)
            bottom right (7,7)
    
        Roll length used: 8

    [1;34mTry max length:[0m 7
    [1;34m    At iteration:[0m 12
        lingeling found a solution in .062 ms

      | W
    L | 0 1 2 3 4 5 6 7 8 
    ----------------------
    0 | 1 1 1 . . . . . 5 
    1 | 6 . . . . . . . 5 
    2 | 6 . . . . . . . 5 
    3 | 6 . . . . . . . 4 
    4 | 3 . . . . . . . 4 
    5 | 3 . 2 2 2 . . . 4 
    6 | 3 . . . . . . 7 . 
    
    Boxes' corners:      (w,l)
        Box 1 is at 
            top left     (0,0)
            bottom right (2,0)
    
        Box 2 is at 
            top left     (2,5)
            bottom right (4,5)
    
        Box 3 is at 
            top left     (0,4)
            bottom right (0,6)
    
        Box 4 is at 
            top left     (8,3)
            bottom right (8,5)
    
        Box 5 is at 
            top left     (8,0)
            bottom right (8,2)
    
        Box 6 is at 
            top left     (0,1)
            bottom right (0,3)
    
        Box 7 is at 
            top left     (7,6)
            bottom right (7,6)
    
        Roll length used: 7

    [1;34mTry max length:[0m 6
    [1;34m    At iteration:[0m 13
        lingeling found a solution in .057 ms

      | W
    L | 0 1 2 3 4 5 6 7 8 
    ----------------------
    0 | 2 . . . 1 1 1 . 4 
    1 | 2 . . . . . . . 4 
    2 | 2 5 . . . . . . 4 
    3 | 6 5 . . . . . . 3 
    4 | 6 5 . . . . . . 3 
    5 | 6 . . 7 . . . . 3 
    
    Boxes' corners:      (w,l)
        Box 1 is at 
            top left     (4,0)
            bottom right (6,0)
    
        Box 2 is at 
            top left     (0,0)
            bottom right (0,2)
    
        Box 3 is at 
            top left     (8,3)
            bottom right (8,5)
    
        Box 4 is at 
            top left     (8,0)
            bottom right (8,2)
    
        Box 5 is at 
            top left     (1,2)
            bottom right (1,4)
    
        Box 6 is at 
            top left     (0,3)
            bottom right (0,5)
    
        Box 7 is at 
            top left     (3,5)
            bottom right (3,5)
    
        Roll length used: 6

    [1;34mTry max length:[0m 5
    [1;34m    At iteration:[0m 14
        lingeling found a solution in .048 ms

      | W
    L | 0 1 2 3 4 5 6 7 8 
    ----------------------
    0 | . . . . . . . . . 
    1 | 1 1 1 . . . . . . 
    2 | 2 4 . . 6 . 5 . 3 
    3 | 2 4 . . 6 . 5 . 3 
    4 | 2 4 . . 6 . 5 7 3 
    
    Boxes' corners:      (w,l)
        Box 1 is at 
            top left     (0,1)
            bottom right (2,1)
    
        Box 2 is at 
            top left     (0,2)
            bottom right (0,4)
    
        Box 3 is at 
            top left     (8,2)
            bottom right (8,4)
    
        Box 4 is at 
            top left     (1,2)
            bottom right (1,4)
    
        Box 5 is at 
            top left     (6,2)
            bottom right (6,4)
    
        Box 6 is at 
            top left     (4,2)
            bottom right (4,4)
    
        Box 7 is at 
            top left     (7,4)
            bottom right (7,4)
    
        Roll length used: 5

    [1;34mTry max length:[0m 4
    [1;34m    At iteration:[0m 15
        lingeling found a solution in .037 ms

      | W
    L | 0 1 2 3 4 5 6 7 8 
    ----------------------
    0 | . . 6 . 1 1 1 4 . 
    1 | 2 5 6 . . . . 4 . 
    2 | 2 5 6 . . 7 . 4 . 
    3 | 2 5 . . . . 3 3 3 
    
    Boxes' corners:      (w,l)
        Box 1 is at 
            top left     (4,0)
            bottom right (6,0)
    
        Box 2 is at 
            top left     (0,1)
            bottom right (0,3)
    
        Box 3 is at 
            top left     (6,3)
            bottom right (8,3)
    
        Box 4 is at 
            top left     (7,0)
            bottom right (7,2)
    
        Box 5 is at 
            top left     (1,1)
            bottom right (1,3)
    
        Box 6 is at 
            top left     (2,0)
            bottom right (2,2)
    
        Box 7 is at 
            top left     (5,2)
            bottom right (5,2)
    
        Roll length used: 4

    [1;34mTry max length:[0m 3
    [1;34m    At iteration:[0m 16
        lingeling found a solution in .021 ms

      | W
    L | 0 1 2 3 4 5 6 7 8 
    ----------------------
    0 | 6 2 1 1 1 4 . 3 5 
    1 | 6 2 . . . 4 . 3 5 
    2 | 6 2 . . . 4 7 3 5 
    
    Boxes' corners:      (w,l)
        Box 1 is at 
            top left     (2,0)
            bottom right (4,0)
    
        Box 2 is at 
            top left     (1,0)
            bottom right (1,2)
    
        Box 3 is at 
            top left     (7,0)
            bottom right (7,2)
    
        Box 4 is at 
            top left     (5,0)
            bottom right (5,2)
    
        Box 5 is at 
            top left     (8,0)
            bottom right (8,2)
    
        Box 6 is at 
            top left     (0,0)
            bottom right (0,2)
    
        Box 7 is at 
            top left     (6,2)
            bottom right (6,2)
    
        Roll length used: 3

    [1;34mTry max length:[0m 2
    [1;34m    At iteration:[0m 17
        [3;31mlingeling determined unsatisfiability of the Boolean formula[0m
        [1;32mOptimality reached![0m
