Sun 20 May 09:41:22 CEST 2018
CPXPARAM_TimeLimit                               45
CPXPARAM_Threads                                 4
CPXPARAM_MIP_Strategy_CallbackReducedLP          0
Tried aggregator 3 times.
MIP Presolve eliminated 5917 rows and 5949 columns.
MIP Presolve modified 16901 coefficients.
Aggregator did 30842 substitutions.
Reduced MIP has 43533 rows, 30647 columns, and 94713 nonzeros.
Reduced MIP has 28241 binaries, 12 generals, 0 SOSs, and 3694 indicators.
Presolve time = 0.71 sec. (2312.63 ticks)
Probing time = 0.64 sec. (178.71 ticks)
Tried aggregator 3 times.
Aggregator did 20392 substitutions.
Reduced MIP has 23141 rows, 10255 columns, and 53929 nonzeros.
Reduced MIP has 7849 binaries, 2406 generals, 0 SOSs, and 3694 indicators.
Presolve time = 0.12 sec. (139.61 ticks)
Probing time = 0.24 sec. (123.79 ticks)
Tried aggregator 1 time.
Reduced MIP has 23141 rows, 10255 columns, and 53929 nonzeros.
Reduced MIP has 7849 binaries, 2406 generals, 0 SOSs, and 3694 indicators.
Presolve time = 0.05 sec. (48.08 ticks)
Probing time = 0.02 sec. (9.87 ticks)
Clique table members: 582689.
MIP emphasis: balance optimality and feasibility.
MIP search method: dynamic search.
Parallel mode: deterministic, using up to 4 threads.
Root relaxation solution time = 0.68 sec. (522.14 ticks)

        Nodes                                         Cuts/
   Node  Left     Objective  IInf  Best Integer    Best Bound    ItCnt     Gap

      0     0        0.0000  4868                      0.0000     2723         
*     0+    0                           26.0000        0.0000           100.00%
*     0+    0                           22.0000        0.0000           100.00%
      0     2        0.0000  1334       22.0000        0.0000     2760  100.00%
Elapsed time = 37.38 sec. (22746.56 ticks, tree = 0.01 MB, solutions = 2)
      3     5        0.0000  1257       22.0000        0.0000     3896  100.00%
*    12+    2                           14.0000        0.0000           100.00%
     17    14        0.0000   853       14.0000        0.0000     5522  100.00%
     54    44       11.0000   663       14.0000        0.0000     8382  100.00%
    132   108        0.0000  1136       14.0000        0.0000     8998  100.00%
    181   124        0.0000  1113       14.0000        0.0000     9097  100.00%
    213   196        8.0000   346       14.0000        0.0000    12956  100.00%
    303   244        0.0000   655       14.0000        0.0000    13240  100.00%
    400   329        0.0000  1002       14.0000        0.0000    14874  100.00%
    451   405        0.0000   999       14.0000        0.0000    15769  100.00%
*   453+  346                           13.0000        0.0000           100.00%
*   456+  346                           12.0000        0.0000           100.00%
*   520+  435                           11.0000        0.0000           100.00%
*   664+  494                           10.0000        0.0000           100.00%
    832   670        3.0000   714       10.0000        0.0000    20738  100.00%
Elapsed time = 43.08 sec. (25916.48 ticks, tree = 12.55 MB, solutions = 8)
*   906+  728                            9.0000        0.0000           100.00%
   1153   965        3.0000   632        9.0000        0.0000    26544  100.00%

Implied bound cuts applied:  27

Root node processing (before b&c):
  Real time             =   37.33 sec. (22708.99 ticks)
Parallel b&c, 4 threads:
  Real time             =    7.68 sec. (4311.22 ticks)
  Sync time (average)   =    1.07 sec.
  Wait time (average)   =    0.00 sec.
                          ------------
Total (root+branch&cut) =   45.02 sec. (27020.20 ticks)
   | W
 L |  0  1  2  3 4 5 6 7 8 9 
-----------------------------
 0 |  .  1  5  . 9 9 4 3 . . 
 1 |  .  7  7  7 9 9 . 8 8 8 
 2 |  .  7  7  7 9 9 . 8 8 8 
 3 |  .  .  .  . 9 9 . . . . 
 4 | 10 10 10 10 . . . . . . 
 5 | 10 10 10 10 6 6 6 2 . . 
 6 |  .  .  .  . 6 6 6 . . . 
 7 | 11 11 11 11 . . . . . . 
 8 | 11 11 11 11 . . . . . . 
 9 |  .  .  .  . . . . . . . 
10 |  .  .  .  . . . . . . . 
11 |  .  .  .  . . . . . . . 
12 |  .  .  .  . . . . . . . 
13 |  .  .  .  . . . . . . . 
14 |  .  .  .  . . . . . . . 
15 |  .  .  .  . . . . . . . 
16 |  .  .  .  . . . . . . . 
17 |  .  .  .  . . . . . . . 
18 |  .  .  .  . . . . . . . 
19 |  .  .  .  . . . . . . . 
20 |  .  .  .  . . . . . . . 
21 |  .  .  .  . . . . . . . 
22 |  .  .  .  . . . . . . . 
23 |  .  .  .  . . . . . . . 
24 |  .  .  .  . . . . . . . 
25 |  .  .  .  . . . . . . . 

Boxes' corners:       (w,l)
    Box  1 is at 
        top left     (1,0)
        bottom right (1,0)

    Box  2 is at 
        top left     (7,5)
        bottom right (7,5)

    Box  3 is at 
        top left     (7,0)
        bottom right (7,0)

    Box  4 is at 
        top left     (6,0)
        bottom right (6,0)

    Box  5 is at 
        top left     (2,0)
        bottom right (2,0)

    Box  6 is at 
        top left     (4,5)
        bottom right (6,6)

    Box  7 is at 
        top left     (1,1)
        bottom right (3,2)

    Box  8 is at 
        top left     (7,1)
        bottom right (9,2)

    Box  9 is at 
        top left     (4,0)
        bottom right (5,3)

    Box 10 is at 
        top left     (0,4)
        bottom right (3,5)

    Box 11 is at 
        top left     (0,7)
        bottom right (3,8)

    Roll length used: 9
In 137.98 seconds
