Sun 20 May 08:59:42 CEST 2018
CPXPARAM_TimeLimit                               45
CPXPARAM_Threads                                 4
CPXPARAM_MIP_Strategy_CallbackReducedLP          0
Tried aggregator 12 times.
MIP Presolve eliminated 5408 rows and 5122 columns.
MIP Presolve modified 6957 coefficients.
Aggregator did 17578 substitutions.
Reduced MIP has 19124 rows, 15473 columns, and 42156 nonzeros.
Reduced MIP has 14117 binaries, 14 generals, 0 SOSs, and 2114 indicators.
Presolve time = 0.35 sec. (777.72 ticks)
Found incumbent of value 45.000000 after 0.48 sec. (919.80 ticks)
Probing fixed 20 vars, tightened 0 bounds.
Probing time = 0.52 sec. (187.13 ticks)
Tried aggregator 9 times.
MIP Presolve eliminated 5559 rows and 1800 columns.
MIP Presolve modified 1066 coefficients.
Aggregator did 8571 substitutions.
Reduced MIP has 4994 rows, 5102 columns, and 17990 nonzeros.
Reduced MIP has 4554 binaries, 548 generals, 0 SOSs, and 1618 indicators.
Presolve time = 0.15 sec. (138.01 ticks)
Probing time = 0.07 sec. (30.22 ticks)
Tried aggregator 9 times.
Aggregator did 1058 substitutions.
Reduced MIP has 3936 rows, 4044 columns, and 15874 nonzeros.
Reduced MIP has 3496 binaries, 548 generals, 0 SOSs, and 1618 indicators.
Presolve time = 0.05 sec. (55.27 ticks)
Probing time = 0.06 sec. (27.55 ticks)
Tried aggregator 1 time.
Reduced MIP has 3936 rows, 4044 columns, and 15874 nonzeros.
Reduced MIP has 3496 binaries, 548 generals, 0 SOSs, and 1618 indicators.
Presolve time = 0.02 sec. (17.08 ticks)
Probing time = 0.01 sec. (4.96 ticks)
Clique table members: 74630.
MIP emphasis: balance optimality and feasibility.
MIP search method: dynamic search.
Parallel mode: deterministic, using up to 4 threads.
Root relaxation solution time = 0.04 sec. (49.48 ticks)

        Nodes                                         Cuts/
   Node  Left     Objective  IInf  Best Integer    Best Bound    ItCnt     Gap

*     0+    0                           45.0000        0.0000           100.00%
      0     0        0.0000  1607       45.0000        0.0000      602  100.00%
*     0+    0                           28.0000        0.0000           100.00%
      0     0        0.0000  1498       28.0000 Cliques: 1084      921  100.00%
*     0+    0                           22.0000        0.0000           100.00%
      0     0        0.0000  1245       22.0000 Cliques: 1084     1287  100.00%

Repeating presolve.
Tried aggregator 3 times.
MIP Presolve eliminated 2203 rows and 2113 columns.
MIP Presolve modified 1 coefficients.
Aggregator did 6 substitutions.
Reduced MIP has 1727 rows, 1775 columns, and 6809 nonzeros.
Reduced MIP has 1527 binaries, 248 generals, 0 SOSs, and 693 indicators.
Presolve time = 0.02 sec. (19.46 ticks)
Probing time = 0.03 sec. (25.90 ticks)
Tried aggregator 1 time.
Reduced MIP has 1727 rows, 1775 columns, and 6809 nonzeros.
Reduced MIP has 1527 binaries, 248 generals, 0 SOSs, and 693 indicators.
Presolve time = 0.01 sec. (7.29 ticks)
Represolve time = 0.14 sec. (221.10 ticks)
Probing time = 0.00 sec. (3.34 ticks)
Clique table members: 13577.
MIP emphasis: balance optimality and feasibility.
MIP search method: dynamic search.
Parallel mode: deterministic, using up to 4 threads.
Root relaxation solution time = 0.03 sec. (36.97 ticks)

        Nodes                                         Cuts/
   Node  Left     Objective  IInf  Best Integer    Best Bound    ItCnt     Gap

*     0+    0                           22.0000        0.0000           100.00%
      0     0        0.0000   710       22.0000        0.0000     1772  100.00%
      0     0        0.0000   631       22.0000  Cliques: 531     2028  100.00%
      0     0        0.0000   424       22.0000  Cliques: 531     2456  100.00%
      0     0        0.0000   286       22.0000  Cliques: 531     2706  100.00%
      0     0        0.0000   277       22.0000     Cuts: 531     3067  100.00%
      0     0        0.0000   269       22.0000     Cuts: 531     3483  100.00%
      0     0        0.0000   364       22.0000     Cuts: 531     4046  100.00%
      0     0        0.0000   317       22.0000  Cliques: 531     4337  100.00%
      0     0        0.0000   341       22.0000     Cuts: 531     4920  100.00%
      0     2        0.0000   341       22.0000        0.0000     4920  100.00%
Elapsed time = 14.06 sec. (11326.43 ticks, tree = 0.01 MB, solutions = 4)
     12    10    infeasible             22.0000        0.0000     8713  100.00%
     70    40    infeasible             22.0000        0.0000    17098  100.00%
    137    67       16.0000   161       22.0000        0.0000    29835  100.00%
    161    73    infeasible             22.0000        0.0000    35848  100.00%
    183    70        5.0000   208       22.0000        0.2340    43931   98.94%
    223    71    infeasible             22.0000        0.2340    52576   98.94%
    329    98        5.0000   169       22.0000        2.2105    64218   89.95%
    395   108        8.0000   148       22.0000        5.0000    76014   77.27%
    481   116    infeasible             22.0000        5.0000    87617   77.27%
    789   106       16.0000   100       22.0000       15.0000   123683   31.82%
Elapsed time = 17.49 sec. (14469.61 ticks, tree = 0.89 MB, solutions = 4)
   1110    46       21.0000   129       22.0000       17.0000   171593   22.73%

Clique cuts applied:  280
Implied bound cuts applied:  242
Zero-half cuts applied:  1

Root node processing (before b&c):
  Real time             =   14.04 sec. (11309.30 ticks)
Parallel b&c, 4 threads:
  Real time             =    5.33 sec. (4964.10 ticks)
  Sync time (average)   =    1.03 sec.
  Wait time (average)   =    0.00 sec.
                          ------------
Total (root+branch&cut) =   19.37 sec. (16273.39 ticks)
   | W
 L |  0 1  2 
------------
 0 |  4 4  3 
 1 |  4 4  3 
 2 |  4 4  3 
 3 |  4 4 13 
 4 |  5 5 13 
 5 |  5 5 13 
 6 |  5 5 13 
 7 |  5 5 13 
 8 | 12 8  8 
 9 | 12 8  8 
10 | 12 8  8 
11 | 12 8  8 
12 | 12 7  7 
13 |  9 7  7 
14 | 11 7  7 
15 | 11 7  7 
16 | 11 6  6 
17 | 11 6  6 
18 | 11 6  6 
19 | 10 6  6 
20 |  2 2  2 
21 |  1 1  1 
22 |  . .  . 
23 |  . .  . 
24 |  . .  . 
25 |  . .  . 
26 |  . .  . 
27 |  . .  . 
28 |  . .  . 
29 |  . .  . 
30 |  . .  . 
31 |  . .  . 
32 |  . .  . 
33 |  . .  . 
34 |  . .  . 
35 |  . .  . 
36 |  . .  . 
37 |  . .  . 
38 |  . .  . 
39 |  . .  . 
40 |  . .  . 
41 |  . .  . 
42 |  . .  . 
43 |  . .  . 
44 |  . .  . 
45 |  . .  . 

Boxes' corners:       (w,l)
    Box  1 is at 
        top left     (0,21)
        bottom right (2,21)

    Box  2 is at 
        top left     (0,20)
        bottom right (2,20)

    Box  3 is at 
        top left     (2,0)
        bottom right (2,2)

    Box  4 is at 
        top left     (0,0)
        bottom right (1,3)

    Box  5 is at 
        top left     (0,4)
        bottom right (1,7)

    Box  6 is at 
        top left     (1,16)
        bottom right (2,19)

    Box  7 is at 
        top left     (1,12)
        bottom right (2,15)

    Box  8 is at 
        top left     (1,8)
        bottom right (2,11)

    Box  9 is at 
        top left     (0,13)
        bottom right (0,13)

    Box 10 is at 
        top left     (0,19)
        bottom right (0,19)

    Box 11 is at 
        top left     (0,14)
        bottom right (0,18)

    Box 12 is at 
        top left     (0,8)
        bottom right (0,12)

    Box 13 is at 
        top left     (2,3)
        bottom right (2,7)

    Roll length used: 22
In 71.57 seconds
