Sun 20 May 09:07:00 CEST 2018
CPXPARAM_TimeLimit                               45
CPXPARAM_Threads                                 4
CPXPARAM_MIP_Strategy_CallbackReducedLP          0
Tried aggregator 2 times.
MIP Presolve eliminated 1968 rows and 1640 columns.
MIP Presolve modified 224 coefficients.
Aggregator did 698 substitutions.
Reduced MIP has 1142 rows, 1455 columns, and 3508 nonzeros.
Reduced MIP has 1446 binaries, 9 generals, 0 SOSs, and 416 indicators.
Presolve time = 0.01 sec. (8.74 ticks)
Probing time = 0.02 sec. (16.11 ticks)
Cover probing fixed 0 vars, tightened 9 bounds.
Tried aggregator 3 times.
MIP Presolve modified 72 coefficients.
Aggregator did 650 substitutions.
Reduced MIP has 492 rows, 805 columns, and 2208 nonzeros.
Reduced MIP has 796 binaries, 9 generals, 0 SOSs, and 416 indicators.
Presolve time = 0.00 sec. (5.41 ticks)
Probing time = 0.01 sec. (6.10 ticks)
Tried aggregator 1 time.
Reduced MIP has 492 rows, 805 columns, and 2208 nonzeros.
Reduced MIP has 796 binaries, 9 generals, 0 SOSs, and 416 indicators.
Presolve time = 0.00 sec. (2.82 ticks)
Probing time = 0.00 sec. (2.58 ticks)
Clique table members: 8784.
MIP emphasis: balance optimality and feasibility.
MIP search method: dynamic search.
Parallel mode: deterministic, using up to 4 threads.
Root relaxation solution time = 0.00 sec. (1.01 ticks)

        Nodes                                         Cuts/
   Node  Left     Objective  IInf  Best Integer    Best Bound    ItCnt     Gap

      0     0        2.0000   362                      2.0000       34         
*     0+    0                           11.0000        2.0000            81.82%
      0     0        2.0000   258       11.0000  Cliques: 223      169   81.82%
      0     0        2.0000   136       11.0000  Cliques: 223      335   81.82%
      0     0        2.0000    70       11.0000  Cliques: 223      491   81.82%
      0     0        2.0000    23       11.0000  Impl Bds: 22      543   81.82%
*     0+    0                            4.0000        2.0000            50.00%
      0     0        cutoff              4.0000        4.0000      553    0.00%
Elapsed time = 0.24 sec. (228.35 ticks, tree = 0.01 MB, solutions = 2)

Clique cuts applied:  326
Implied bound cuts applied:  22

Root node processing (before b&c):
  Real time             =    0.24 sec. (228.52 ticks)
Parallel b&c, 4 threads:
  Real time             =    0.00 sec. (0.00 ticks)
  Sync time (average)   =    0.00 sec.
  Wait time (average)   =    0.00 sec.
                          ------------
Total (root+branch&cut) =    0.24 sec. (228.52 ticks)
   | W
 L | 0 1 2 3 4 
--------------
 0 | 8 8 5 5 2 
 1 | 8 8 5 5 1 
 2 | 7 7 6 6 4 
 3 | 7 7 6 6 3 
 4 | . . . . . 
 5 | . . . . . 
 6 | . . . . . 
 7 | . . . . . 
 8 | . . . . . 
 9 | . . . . . 
10 | . . . . . 
11 | . . . . . 

Boxes' corners:      (w,l)
    Box 1 is at 
        top left     (4,1)
        bottom right (4,1)

    Box 2 is at 
        top left     (4,0)
        bottom right (4,0)

    Box 3 is at 
        top left     (4,3)
        bottom right (4,3)

    Box 4 is at 
        top left     (4,2)
        bottom right (4,2)

    Box 5 is at 
        top left     (2,0)
        bottom right (3,1)

    Box 6 is at 
        top left     (2,2)
        bottom right (3,3)

    Box 7 is at 
        top left     (0,2)
        bottom right (1,3)

    Box 8 is at 
        top left     (0,0)
        bottom right (1,1)

    Roll length used: 4
In 0.55 seconds
