Sun 20 May 08:58:41 CEST 2018
CPXPARAM_TimeLimit                               45
CPXPARAM_Threads                                 4
CPXPARAM_MIP_Strategy_CallbackReducedLP          0
Tried aggregator 6 times.
MIP Presolve eliminated 2682 rows and 2692 columns.
MIP Presolve modified 1812 coefficients.
Aggregator did 5430 substitutions.
Reduced MIP has 5714 rows, 5081 columns, and 12914 nonzeros.
Reduced MIP has 4620 binaries, 11 generals, 0 SOSs, and 786 indicators.
Presolve time = 0.07 sec. (113.61 ticks)
Found incumbent of value 28.000000 after 0.10 sec. (146.22 ticks)
Probing time = 0.07 sec. (26.75 ticks)
Tried aggregator 3 times.
MIP Presolve eliminated 1746 rows and 450 columns.
MIP Presolve modified 468 coefficients.
Aggregator did 2616 substitutions.
Reduced MIP has 1352 rows, 2015 columns, and 5438 nonzeros.
Reduced MIP has 2004 binaries, 11 generals, 0 SOSs, and 786 indicators.
Presolve time = 0.02 sec. (19.12 ticks)
Probing time = 0.03 sec. (19.73 ticks)
Tried aggregator 3 times.
Aggregator did 462 substitutions.
Reduced MIP has 890 rows, 1553 columns, and 4514 nonzeros.
Reduced MIP has 1542 binaries, 11 generals, 0 SOSs, and 786 indicators.
Presolve time = 0.01 sec. (7.59 ticks)
Probing time = 0.03 sec. (17.76 ticks)
Tried aggregator 1 time.
Reduced MIP has 890 rows, 1553 columns, and 4514 nonzeros.
Reduced MIP has 1542 binaries, 11 generals, 0 SOSs, and 786 indicators.
Presolve time = 0.01 sec. (6.01 ticks)
Probing time = 0.00 sec. (2.98 ticks)
Clique table members: 21508.
MIP emphasis: balance optimality and feasibility.
MIP search method: dynamic search.
Parallel mode: deterministic, using up to 4 threads.
Root relaxation solution time = 0.00 sec. (2.20 ticks)

        Nodes                                         Cuts/
   Node  Left     Objective  IInf  Best Integer    Best Bound    ItCnt     Gap

*     0+    0                           28.0000        0.0000           100.00%
      0     0        0.0000   756       28.0000        0.0000       48  100.00%
*     0+    0                           25.0000        0.0000           100.00%
      0     0        0.0000   626       25.0000  Cliques: 322      209  100.00%
*     0+    0                           23.0000        0.0000           100.00%
      0     0        0.0000   424       23.0000  Cliques: 322      481  100.00%
*     0+    0                           21.0000        0.0000           100.00%
      0     0        0.0000   313       21.0000  Cliques: 322      785  100.00%
*     0+    0                           18.0000        0.0000           100.00%
*     0+    0                           17.0000        0.0000           100.00%
*     0+    0                           16.0000        0.0000           100.00%

Repeating presolve.
Tried aggregator 1 time.
MIP Presolve eliminated 429 rows and 750 columns.
Reduced MIP has 461 rows, 803 columns, and 2252 nonzeros.
Reduced MIP has 792 binaries, 11 generals, 0 SOSs, and 396 indicators.
Presolve time = 0.00 sec. (1.95 ticks)
Probing time = 0.01 sec. (5.05 ticks)
Tried aggregator 1 time.
Reduced MIP has 461 rows, 803 columns, and 2252 nonzeros.
Reduced MIP has 792 binaries, 11 generals, 0 SOSs, and 396 indicators.
Presolve time = 0.00 sec. (2.83 ticks)
Represolve time = 0.03 sec. (39.76 ticks)
Probing time = 0.00 sec. (2.55 ticks)
Clique table members: 5377.
MIP emphasis: balance optimality and feasibility.
MIP search method: dynamic search.
Parallel mode: deterministic, using up to 4 threads.
Root relaxation solution time = 0.00 sec. (2.72 ticks)

        Nodes                                         Cuts/
   Node  Left     Objective  IInf  Best Integer    Best Bound    ItCnt     Gap

*     0+    0                           16.0000        0.0000           100.00%
      0     0        0.0000   232       16.0000        0.0000      821  100.00%
*     0+    0                           13.0000        0.0000           100.00%
*     0+    0                           10.0000        0.0000           100.00%
      0     0        cutoff             10.0000       10.0000      978    0.00%
Elapsed time = 1.13 sec. (946.96 ticks, tree = 0.01 MB, solutions = 10)

Clique cuts applied:  539

Root node processing (before b&c):
  Real time             =    1.13 sec. (947.95 ticks)
Parallel b&c, 4 threads:
  Real time             =    0.00 sec. (0.00 ticks)
  Sync time (average)   =    0.00 sec.
  Wait time (average)   =    0.00 sec.
                          ------------
Total (root+branch&cut) =    1.13 sec. (947.95 ticks)
   | W
 L | 0  1 2 
-----------
 0 | 6 10 . 
 1 | 6  9 1 
 2 | 6  5 1 
 3 | 6  5 1 
 4 | 8  5 1 
 5 | 7  5 3 
 6 | 2  4 3 
 7 | 2  4 3 
 8 | 2  4 3 
 9 | 2  4 . 
10 | .  . . 
11 | .  . . 
12 | .  . . 
13 | .  . . 
14 | .  . . 
15 | .  . . 
16 | .  . . 
17 | .  . . 
18 | .  . . 
19 | .  . . 
20 | .  . . 
21 | .  . . 
22 | .  . . 
23 | .  . . 
24 | .  . . 
25 | .  . . 
26 | .  . . 
27 | .  . . 

Boxes' corners:       (w,l)
    Box  1 is at 
        top left     (2,1)
        bottom right (2,4)

    Box  2 is at 
        top left     (0,6)
        bottom right (0,9)

    Box  3 is at 
        top left     (2,5)
        bottom right (2,8)

    Box  4 is at 
        top left     (1,6)
        bottom right (1,9)

    Box  5 is at 
        top left     (1,2)
        bottom right (1,5)

    Box  6 is at 
        top left     (0,0)
        bottom right (0,3)

    Box  7 is at 
        top left     (0,5)
        bottom right (0,5)

    Box  8 is at 
        top left     (0,4)
        bottom right (0,4)

    Box  9 is at 
        top left     (1,1)
        bottom right (1,1)

    Box 10 is at 
        top left     (1,0)
        bottom right (1,0)

    Roll length used: 10
In 3.44 seconds
