Sun 20 May 09:31:38 CEST 2018
CPXPARAM_TimeLimit                               45
CPXPARAM_Threads                                 4
CPXPARAM_MIP_Strategy_CallbackReducedLP          0
Tried aggregator 5 times.
MIP Presolve eliminated 3662 rows and 2016 columns.
MIP Presolve modified 1288 coefficients.
Aggregator did 2228 substitutions.
Reduced MIP has 4522 rows, 4289 columns, and 12566 nonzeros.
Reduced MIP has 3824 binaries, 7 generals, 0 SOSs, and 836 indicators.
Presolve time = 0.04 sec. (55.84 ticks)
Probing time = 0.09 sec. (34.88 ticks)
Tried aggregator 4 times.
Aggregator did 2132 substitutions.
Reduced MIP has 2390 rows, 2157 columns, and 8302 nonzeros.
Reduced MIP has 1692 binaries, 465 generals, 0 SOSs, and 836 indicators.
Presolve time = 0.02 sec. (19.77 ticks)
Probing time = 0.06 sec. (48.19 ticks)
Tried aggregator 1 time.
Reduced MIP has 2390 rows, 2157 columns, and 8302 nonzeros.
Reduced MIP has 1692 binaries, 465 generals, 0 SOSs, and 836 indicators.
Presolve time = 0.01 sec. (7.88 ticks)
Probing time = 0.01 sec. (4.49 ticks)
Clique table members: 61952.
MIP emphasis: balance optimality and feasibility.
MIP search method: dynamic search.
Parallel mode: deterministic, using up to 4 threads.
Root relaxation solution time = 0.01 sec. (10.60 ticks)

        Nodes                                         Cuts/
   Node  Left     Objective  IInf  Best Integer    Best Bound    ItCnt     Gap

      0     0        0.0000   772                      0.0000      218         
*     0+    0                            6.0000        0.0000           100.00%
      0     0        0.0000   793        6.0000  Cliques: 697      487   50.00%
*     0+    0                            4.0000        3.0000            25.00%
      0     0        cutoff              4.0000        4.0000      812    0.00%
Elapsed time = 1.66 sec. (1904.70 ticks, tree = 0.01 MB, solutions = 2)

Clique cuts applied:  1394

Root node processing (before b&c):
  Real time             =    1.66 sec. (1905.11 ticks)
Parallel b&c, 4 threads:
  Real time             =    0.00 sec. (0.00 ticks)
  Sync time (average)   =    0.00 sec.
  Wait time (average)   =    0.00 sec.
                          ------------
Total (root+branch&cut) =    1.66 sec. (1905.11 ticks)
   | W
 L | 0 1 2 3 4 5 6 7 8 
----------------------
 0 | 2 2 1 . . . 5 5 5 
 1 | 4 4 4 6 6 6 5 5 5 
 2 | 4 4 4 6 6 6 5 5 5 
 3 | 4 4 4 6 6 6 3 3 . 
 4 | . . . . . . . . . 
 5 | . . . . . . . . . 
 6 | . . . . . . . . . 
 7 | . . . . . . . . . 
 8 | . . . . . . . . . 
 9 | . . . . . . . . . 
10 | . . . . . . . . . 
11 | . . . . . . . . . 
12 | . . . . . . . . . 
13 | . . . . . . . . . 

Boxes' corners:      (w,l)
    Box 1 is at 
        top left     (2,0)
        bottom right (2,0)

    Box 2 is at 
        top left     (0,0)
        bottom right (1,0)

    Box 3 is at 
        top left     (6,3)
        bottom right (7,3)

    Box 4 is at 
        top left     (0,1)
        bottom right (2,3)

    Box 5 is at 
        top left     (6,0)
        bottom right (8,2)

    Box 6 is at 
        top left     (3,1)
        bottom right (5,3)

    Roll length used: 4
In 4.15 seconds
