Sun 20 May 09:08:31 CEST 2018
CPXPARAM_TimeLimit                               45
CPXPARAM_Threads                                 4
CPXPARAM_MIP_Strategy_CallbackReducedLP          0
Tried aggregator 3 times.
MIP Presolve eliminated 10509 rows and 11168 columns.
MIP Presolve modified 14700 coefficients.
Aggregator did 34592 substitutions.
Reduced MIP has 31638 rows, 20657 columns, and 67126 nonzeros.
Reduced MIP has 20153 binaries, 12 generals, 0 SOSs, and 1667 indicators.
Presolve time = 0.62 sec. (1913.21 ticks)
Probing time = 0.72 sec. (496.36 ticks)
Cover probing fixed 0 vars, tightened 12 bounds.
Tried aggregator 3 times.
MIP Presolve eliminated 12858 rows and 492 columns.
MIP Presolve modified 1460 coefficients.
Aggregator did 15480 substitutions.
Reduced MIP has 3300 rows, 4685 columns, and 22726 nonzeros.
Reduced MIP has 4673 binaries, 12 generals, 0 SOSs, and 1667 indicators.
Presolve time = 0.11 sec. (104.11 ticks)
Probing time = 0.05 sec. (29.50 ticks)
Tried aggregator 3 times.
Aggregator did 1376 substitutions.
Reduced MIP has 1924 rows, 3309 columns, and 19974 nonzeros.
Reduced MIP has 3297 binaries, 12 generals, 0 SOSs, and 1667 indicators.
Presolve time = 0.02 sec. (30.69 ticks)
Probing time = 0.05 sec. (25.14 ticks)
Tried aggregator 1 time.
Reduced MIP has 1924 rows, 3309 columns, and 19974 nonzeros.
Reduced MIP has 3297 binaries, 12 generals, 0 SOSs, and 1667 indicators.
Presolve time = 0.05 sec. (80.51 ticks)
Probing time = 0.01 sec. (4.29 ticks)
Clique table members: 121483.
MIP emphasis: balance optimality and feasibility.
MIP search method: dynamic search.
Parallel mode: deterministic, using up to 4 threads.
Root relaxation solution time = 0.01 sec. (8.95 ticks)

        Nodes                                         Cuts/
   Node  Left     Objective  IInf  Best Integer    Best Bound    ItCnt     Gap

      0     0        7.0000  1609                      7.0000      127         
*     0+    0                           46.0000        7.0000            84.78%
      0     0        7.0000  1381       46.0000  Cliques: 581      383   84.78%
*     0+    0                           42.0000        7.0000            83.33%
      0     0        cutoff             42.0000                    690    0.00%
Elapsed time = 6.44 sec. (7510.80 ticks, tree = 0.01 MB, solutions = 2)

Clique cuts applied:  1162

Root node processing (before b&c):
  Real time             =    6.45 sec. (7513.24 ticks)
Parallel b&c, 4 threads:
  Real time             =    0.00 sec. (0.00 ticks)
  Sync time (average)   =    0.00 sec.
  Wait time (average)   =    0.00 sec.
                          ------------
Total (root+branch&cut) =    6.45 sec. (7513.24 ticks)
   | W
 L |  0  1  2  3  4 
-------------------
 0 | 11 11 11 11  . 
 1 | 11 11 11 11  . 
 2 | 11 11 11 11  5 
 3 | 11 11 11 11  2 
 4 | 11 11 11 11  . 
 5 | 11 11 11 11  . 
 6 | 11 11 11 11  . 
 7 |  6  6  6  6  . 
 8 |  6  6  6  6  . 
 9 |  6  6  6  6  . 
10 |  6  6  6  6  . 
11 |  6  6  6  6  . 
12 |  6  6  6  6  . 
13 |  6  6  6  6  . 
14 |  . 10 10 10 10 
15 |  . 10 10 10 10 
16 |  4 10 10 10 10 
17 |  . 10 10 10 10 
18 |  . 10 10 10 10 
19 |  . 10 10 10 10 
20 |  . 10 10 10 10 
21 |  .  7  7  7  7 
22 |  .  7  7  7  7 
23 |  3  7  7  7  7 
24 |  .  7  7  7  7 
25 |  .  7  7  7  7 
26 |  .  7  7  7  7 
27 |  .  7  7  7  7 
28 |  9  9  9  9  . 
29 |  9  9  9  9  . 
30 |  9  9  9  9  . 
31 |  9  9  9  9  . 
32 |  9  9  9  9  . 
33 |  9  9  9  9  . 
34 |  9  9  9  9  1 
35 |  .  8  8  8  8 
36 |  .  8  8  8  8 
37 |  .  8  8  8  8 
38 |  .  8  8  8  8 
39 |  .  8  8  8  8 
40 |  .  8  8  8  8 
41 |  .  8  8  8  8 
42 |  .  .  .  .  . 
43 |  .  .  .  .  . 
44 |  .  .  .  .  . 
45 |  .  .  .  .  . 
46 |  .  .  .  .  . 

Boxes' corners:       (w,l)
    Box  1 is at 
        top left     (4,34)
        bottom right (4,34)

    Box  2 is at 
        top left     (4,3)
        bottom right (4,3)

    Box  3 is at 
        top left     (0,23)
        bottom right (0,23)

    Box  4 is at 
        top left     (0,16)
        bottom right (0,16)

    Box  5 is at 
        top left     (4,2)
        bottom right (4,2)

    Box  6 is at 
        top left     (0,7)
        bottom right (3,13)

    Box  7 is at 
        top left     (1,21)
        bottom right (4,27)

    Box  8 is at 
        top left     (1,35)
        bottom right (4,41)

    Box  9 is at 
        top left     (0,28)
        bottom right (3,34)

    Box 10 is at 
        top left     (1,14)
        bottom right (4,20)

    Box 11 is at 
        top left     (0,0)
        bottom right (3,6)

    Roll length used: 42
In 18.29 seconds
