Sun 20 May 09:42:23 CEST 2018
CPXPARAM_TimeLimit                               45
CPXPARAM_Threads                                 4
CPXPARAM_MIP_Strategy_CallbackReducedLP          0
Tried aggregator 11 times.
MIP Presolve eliminated 12078 rows and 8041 columns.
MIP Presolve modified 5372 coefficients.
Aggregator did 9822 substitutions.
Reduced MIP has 17465 rows, 16696 columns, and 46144 nonzeros.
Reduced MIP has 15393 binaries, 13 generals, 0 SOSs, and 3304 indicators.
Presolve time = 0.29 sec. (583.18 ticks)
Probing time = 0.43 sec. (143.34 ticks)
Tried aggregator 7 times.
Aggregator did 8663 substitutions.
Reduced MIP has 8802 rows, 8033 columns, and 28818 nonzeros.
Reduced MIP has 6730 binaries, 1303 generals, 0 SOSs, and 3304 indicators.
Presolve time = 0.10 sec. (128.88 ticks)
Probing time = 0.17 sec. (90.67 ticks)
Tried aggregator 1 time.
Reduced MIP has 8802 rows, 8033 columns, and 28818 nonzeros.
Reduced MIP has 6730 binaries, 1303 generals, 0 SOSs, and 3304 indicators.
Presolve time = 0.03 sec. (25.84 ticks)
Probing time = 0.02 sec. (7.99 ticks)
Clique table members: 451225.
MIP emphasis: balance optimality and feasibility.
MIP search method: dynamic search.
Parallel mode: deterministic, using up to 4 threads.
Root relaxation solution time = 0.14 sec. (167.83 ticks)

        Nodes                                         Cuts/
   Node  Left     Objective  IInf  Best Integer    Best Bound    ItCnt     Gap

      0     0        0.0000  3175                      0.0000     1212         
*     0+    0                           25.0000        0.0000           100.00%
      0     0        0.0000  3213       25.0000 Cliques: 2300     1776   96.00%
*     0+    0                           16.0000        1.0000            93.75%
      0     0        0.0000  3251       16.0000 Cliques: 2300     2353   93.75%

Repeating presolve.
Tried aggregator 3 times.
MIP Presolve eliminated 3635 rows and 2787 columns.
MIP Presolve modified 1 coefficients.
Aggregator did 6 substitutions.
Reduced MIP has 5161 rows, 4822 columns, and 16869 nonzeros.
Reduced MIP has 4059 binaries, 763 generals, 0 SOSs, and 1934 indicators.
Presolve time = 0.03 sec. (45.94 ticks)
Probing time = 0.05 sec. (32.79 ticks)
Tried aggregator 1 time.
Reduced MIP has 5161 rows, 4822 columns, and 16869 nonzeros.
Reduced MIP has 4059 binaries, 763 generals, 0 SOSs, and 1934 indicators.
Presolve time = 0.01 sec. (15.20 ticks)
Represolve time = 0.29 sec. (496.89 ticks)
Probing time = 0.01 sec. (5.66 ticks)
Clique table members: 149420.
MIP emphasis: balance optimality and feasibility.
MIP search method: dynamic search.
Parallel mode: deterministic, using up to 4 threads.
Root relaxation solution time = 0.02 sec. (27.78 ticks)

        Nodes                                         Cuts/
   Node  Left     Objective  IInf  Best Integer    Best Bound    ItCnt     Gap

*     0+    0                           16.0000        1.0000            93.75%
      0     0  -1.00000e+37     0       16.0000        1.0000     2423   93.75%

Clique cuts applied:  4600

Root node processing (before b&c):
  Real time             =   47.37 sec. (23438.90 ticks)
Parallel b&c, 4 threads:
  Real time             =    0.00 sec. (0.00 ticks)
  Sync time (average)   =    0.00 sec.
  Wait time (average)   =    0.00 sec.
                          ------------
Total (root+branch&cut) =   47.37 sec. (23438.90 ticks)
   | W
 L |  0  1  2  3  4 5 6 7 8 9 
------------------------------
 0 |  .  .  3  3  3 1 1 1 . . 
 1 |  .  .  . 11 11 . . . . . 
 2 |  .  .  . 11 11 . . . . . 
 3 |  .  .  .  .  . . . . . . 
 4 | 12 12 12  2  . . 9 9 8 8 
 5 | 12 12 12  2  7 7 9 9 8 8 
 6 | 12 12 12  2  7 7 . 5 6 4 
 7 |  .  .  .  .  . . . . . . 
 8 |  .  .  .  .  . . . . . . 
 9 |  .  .  .  .  . . . . . . 
10 |  .  .  .  .  . . . . . . 
11 |  .  .  .  .  . . . . . . 
12 |  .  .  .  .  . . . . . . 
13 |  .  .  .  .  . . . . . . 
14 |  .  .  . 10 10 . . . . . 
15 |  .  .  . 10 10 . . . . . 
16 |  .  .  .  .  . . . . . . 
17 |  .  .  .  .  . . . . . . 
18 |  .  .  .  .  . . . . . . 
19 |  .  .  .  .  . . . . . . 
20 |  .  .  .  .  . . . . . . 
21 |  .  .  .  .  . . . . . . 
22 |  .  .  .  .  . . . . . . 
23 |  .  .  .  .  . . . . . . 
24 |  .  .  .  .  . . . . . . 

Boxes' corners:       (w,l)
    Box  1 is at 
        top left     (5,0)
        bottom right (7,0)

    Box  2 is at 
        top left     (3,4)
        bottom right (3,6)

    Box  3 is at 
        top left     (2,0)
        bottom right (4,0)

    Box  4 is at 
        top left     (9,6)
        bottom right (9,6)

    Box  5 is at 
        top left     (7,6)
        bottom right (7,6)

    Box  6 is at 
        top left     (8,6)
        bottom right (8,6)

    Box  7 is at 
        top left     (4,5)
        bottom right (5,6)

    Box  8 is at 
        top left     (8,4)
        bottom right (9,5)

    Box  9 is at 
        top left     (6,4)
        bottom right (7,5)

    Box 10 is at 
        top left     (3,14)
        bottom right (4,15)

    Box 11 is at 
        top left     (3,1)
        bottom right (4,2)

    Box 12 is at 
        top left     (0,4)
        bottom right (2,6)

    Roll length used: 16
In 126.43 seconds
