Sun 20 May 09:48:55 CEST 2018
CPXPARAM_TimeLimit                               45
CPXPARAM_Threads                                 4
CPXPARAM_MIP_Strategy_CallbackReducedLP          0
Tried aggregator 3 times.
MIP Presolve eliminated 1348 rows and 1238 columns.
MIP Presolve modified 7032 coefficients.
Aggregator did 12451 substitutions.
Reduced MIP has 19416 rows, 14307 columns, and 42649 nonzeros.
Reduced MIP has 12566 binaries, 6 generals, 0 SOSs, and 1735 indicators.
Presolve time = 0.19 sec. (462.39 ticks)
Found incumbent of value 19.000000 after 0.26 sec. (518.13 ticks)
Probing time = 0.37 sec. (134.82 ticks)
Tried aggregator 2 times.
Aggregator did 8667 substitutions.
Reduced MIP has 10749 rows, 5640 columns, and 25315 nonzeros.
Reduced MIP has 3899 binaries, 1741 generals, 0 SOSs, and 1735 indicators.
Presolve time = 0.04 sec. (43.59 ticks)
Probing time = 0.15 sec. (72.75 ticks)
Tried aggregator 1 time.
Reduced MIP has 10749 rows, 5640 columns, and 25315 nonzeros.
Reduced MIP has 3899 binaries, 1741 generals, 0 SOSs, and 1735 indicators.
Presolve time = 0.02 sec. (22.22 ticks)
Probing time = 0.01 sec. (7.07 ticks)
Clique table members: 272094.
MIP emphasis: balance optimality and feasibility.
MIP search method: dynamic search.
Parallel mode: deterministic, using up to 4 threads.
Root relaxation solution time = 0.18 sec. (210.19 ticks)

        Nodes                                         Cuts/
   Node  Left     Objective  IInf  Best Integer    Best Bound    ItCnt     Gap

*     0+    0                           19.0000        0.0000           100.00%
      0     0        0.0000  2003       19.0000        0.0000     1577  100.00%
*     0+    0                            3.0000        0.0000           100.00%
      0     0        0.0000  1618        3.0000 Cliques: 2787     2022   66.67%
      0     0        0.0000  1111        3.0000 Cliques: 2787     2715   66.67%

Repeating presolve.
Tried aggregator 4 times.
MIP Presolve eliminated 9914 rows and 4927 columns.
MIP Presolve modified 541 coefficients.
Aggregator did 115 substitutions.
Reduced MIP has 760 rows, 565 columns, and 1700 nonzeros.
Reduced MIP has 479 binaries, 86 generals, 0 SOSs, and 40 indicators.
Presolve time = 0.01 sec. (14.65 ticks)
Probing fixed 241 vars, tightened 16 bounds.
Probing time = 0.00 sec. (1.58 ticks)
Cover probing fixed 0 vars, tightened 3 bounds.
Tried aggregator 3 times.
MIP Presolve eliminated 388 rows and 305 columns.
MIP Presolve modified 68 coefficients.
Aggregator did 48 substitutions.
Reduced MIP has 340 rows, 212 columns, and 912 nonzeros.
Reduced MIP has 158 binaries, 54 generals, 0 SOSs, and 24 indicators.
Presolve time = 0.00 sec. (1.71 ticks)
Probing time = 0.00 sec. (0.61 ticks)
Tried aggregator 3 times.
Aggregator did 52 substitutions.
Reduced MIP has 288 rows, 160 columns, and 816 nonzeros.
Reduced MIP has 106 binaries, 54 generals, 0 SOSs, and 24 indicators.
Presolve time = 0.00 sec. (1.03 ticks)
Probing time = 0.00 sec. (0.42 ticks)
Tried aggregator 1 time.
Reduced MIP has 288 rows, 160 columns, and 816 nonzeros.
Reduced MIP has 106 binaries, 54 generals, 0 SOSs, and 24 indicators.
Presolve time = 0.00 sec. (0.70 ticks)
Represolve time = 0.14 sec. (403.08 ticks)
Probing time = 0.00 sec. (0.41 ticks)
Clique table members: 20.
MIP emphasis: balance optimality and feasibility.
MIP search method: dynamic search.
Parallel mode: deterministic, using up to 4 threads.
Root relaxation solution time = 0.00 sec. (2.03 ticks)

        Nodes                                         Cuts/
   Node  Left     Objective  IInf  Best Integer    Best Bound    ItCnt     Gap

*     0+    0                            3.0000        1.0000            66.67%
      0     0        1.0000    33        3.0000        1.0000     3013   66.67%
      0     0        1.0000    23        3.0000       Cuts: 5     3030   66.67%
      0     0        1.0000    37        3.0000      Cuts: 32     3145   66.67%
      0     0        1.0100   109        3.0000      Cuts: 55     3233   66.33%
      0     0        1.0156   118        3.0000      Cuts: 43     3268   66.15%
      0     0        1.0260   130        3.0000      Cuts: 62     3295   65.80%
      0     0        1.0260   126        3.0000      Cuts: 58     3321   65.80%
      0     2        2.0000    40        3.0000        2.0000     3321   33.33%
Elapsed time = 37.43 sec. (18150.62 ticks, tree = 0.01 MB, solutions = 2)

Clique cuts applied:  17
Implied bound cuts applied:  56
Zero-half cuts applied:  33
Lift and project cuts applied:  2
Gomory fractional cuts applied:  3

Root node processing (before b&c):
  Real time             =   37.44 sec. (18150.81 ticks)
Parallel b&c, 4 threads:
  Real time             =    0.04 sec. (41.40 ticks)
  Sync time (average)   =    0.02 sec.
  Wait time (average)   =    0.00 sec.
                          ------------
Total (root+branch&cut) =   37.48 sec. (18192.21 ticks)
   | W
 L | 0 1 2 3 4 5 6 7 8 9 10 
----------------------------
 0 | . 1 1 1 1 3 3 3 3 .  . 
 1 | . . . . . . . 5 5 5  5 
 2 | 2 2 2 2 4 4 4 4 . .  . 
 3 | . . . . . . . . . .  . 
 4 | . . . . . . . . . .  . 
 5 | . . . . . . . . . .  . 
 6 | . . . . . . . . . .  . 
 7 | . . . . . . . . . .  . 
 8 | . . . . . . . . . .  . 
 9 | . . . . . . . . . .  . 
10 | . . . . . . . . . .  . 
11 | . . . . . . . . . .  . 
12 | . . . . . . . . . .  . 
13 | . . . . . . . . . .  . 
14 | . . . . . . . . . .  . 
15 | . . . . . . . . . .  . 
16 | . . . . . . . . . .  . 
17 | . . . . . . . . . .  . 
18 | . . . . . . . . . .  . 
19 | . . . . . . . . . .  . 

Boxes' corners:      (w,l)
    Box 1 is at 
        top left     (1,0)
        bottom right (4,0)

    Box 2 is at 
        top left     (0,2)
        bottom right (3,2)

    Box 3 is at 
        top left     (5,0)
        bottom right (8,0)

    Box 4 is at 
        top left     (4,2)
        bottom right (7,2)

    Box 5 is at 
        top left     (7,1)
        bottom right (10,1)

    Roll length used: 3
In 147.08 seconds
