Sun 20 May 09:04:20 CEST 2018
CPXPARAM_TimeLimit                               45
CPXPARAM_Threads                                 4
CPXPARAM_MIP_Strategy_CallbackReducedLP          0
Tried aggregator 4 times.
MIP Presolve eliminated 4292 rows and 4176 columns.
MIP Presolve modified 6859 coefficients.
Aggregator did 15706 substitutions.
Reduced MIP has 20558 rows, 16769 columns, and 46656 nonzeros.
Reduced MIP has 14989 binaries, 14 generals, 0 SOSs, and 2522 indicators.
Presolve time = 0.26 sec. (654.57 ticks)
Found incumbent of value 37.000000 after 0.39 sec. (784.27 ticks)
Probing fixed 20 vars, tightened 0 bounds.
Probing time = 0.58 sec. (207.49 ticks)
Tried aggregator 3 times.
MIP Presolve eliminated 2668 rows and 514 columns.
MIP Presolve modified 288 coefficients.
Aggregator did 9210 substitutions.
Reduced MIP has 8680 rows, 7045 columns, and 25076 nonzeros.
Reduced MIP has 5451 binaries, 1594 generals, 0 SOSs, and 2358 indicators.
Presolve time = 0.08 sec. (92.41 ticks)
Probing time = 0.10 sec. (53.86 ticks)
Tried aggregator 3 times.
Aggregator did 280 substitutions.
Reduced MIP has 8400 rows, 6765 columns, and 24516 nonzeros.
Reduced MIP has 5171 binaries, 1594 generals, 0 SOSs, and 2358 indicators.
Presolve time = 0.04 sec. (40.49 ticks)
Probing time = 0.01 sec. (6.23 ticks)
Clique table members: 187813.
MIP emphasis: balance optimality and feasibility.
MIP search method: dynamic search.
Parallel mode: deterministic, using up to 4 threads.
Root relaxation solution time = 0.07 sec. (68.39 ticks)

        Nodes                                         Cuts/
   Node  Left     Objective  IInf  Best Integer    Best Bound    ItCnt     Gap

*     0+    0                           37.0000        0.0000           100.00%
      0     0        0.0000  2724       37.0000        0.0000      806  100.00%
*     0+    0                           18.0000        0.0000           100.00%
      0     0        0.0000  2342       18.0000 Cliques: 2200     1147   61.11%
*     0+    0                           13.0000        7.0000            46.15%
      0     0        0.0000  2112       13.0000 Cliques: 2200     1770   46.15%

Repeating presolve.
Tried aggregator 3 times.
MIP Presolve eliminated 5826 rows and 3764 columns.
MIP Presolve modified 42 coefficients.
Aggregator did 11 substitutions.
Reduced MIP has 2563 rows, 2089 columns, and 7019 nonzeros.
Reduced MIP has 1595 binaries, 494 generals, 0 SOSs, and 696 indicators.
Presolve time = 0.02 sec. (22.18 ticks)
Probing time = 0.03 sec. (24.18 ticks)
Tried aggregator 1 time.
Reduced MIP has 2563 rows, 2089 columns, and 7019 nonzeros.
Reduced MIP has 1595 binaries, 494 generals, 0 SOSs, and 696 indicators.
Presolve time = 0.01 sec. (6.76 ticks)
Represolve time = 0.21 sec. (376.11 ticks)
Probing time = 0.00 sec. (3.41 ticks)
Clique table members: 16378.
MIP emphasis: balance optimality and feasibility.
MIP search method: dynamic search.
Parallel mode: deterministic, using up to 4 threads.
Root relaxation solution time = 0.14 sec. (140.46 ticks)

        Nodes                                         Cuts/
   Node  Left     Objective  IInf  Best Integer    Best Bound    ItCnt     Gap

*     0+    0                           13.0000        7.0000            46.15%
      0     0        0.0000   912       13.0000        7.0000     4178   46.15%
      0     0        0.0000   753       13.0000  Cliques: 740     4384   46.15%
      0     0        0.0000   579       13.0000  Cliques: 740     4608   46.15%
      0     0        0.0000   572       13.0000  Cliques: 740     4813   46.15%
      0     0        0.0000   530       13.0000     Cuts: 740     5201   46.15%
      0     0        0.0000   490       13.0000     Cuts: 740     5439   46.15%
      0     0        0.0000   488       13.0000     Cuts: 740     5579   46.15%
      0     0        0.0000   444       13.0000     Cuts: 740     5671   46.15%
      0     0        0.0000   548       13.0000      Cuts: 44     5809   46.15%
      0     2        0.0000   548       13.0000        7.0000     5809   46.15%
Elapsed time = 33.85 sec. (17933.81 ticks, tree = 0.01 MB, solutions = 4)
     48    34       10.0000   136       13.0000        7.0000    13063   46.15%
     89    68        0.0000   226       13.0000        7.0000    18918   46.15%
    140   118       11.0000   185       13.0000        7.0000    28597   46.15%
    184   147       10.0000   156       13.0000        7.0000    35785   46.15%
    226   177       11.0000   156       13.0000        7.0000    40092   46.15%
    260   196        9.0000   283       13.0000        7.0000    48010   46.15%
    302   219    infeasible             13.0000        7.0000    54531   46.15%
    327   241       11.0000   155       13.0000        7.0000    63014   46.15%
    358   254    infeasible             13.0000        7.0000    65675   46.15%
    520   318        2.8696   339       13.0000        7.0000   101735   46.15%
Elapsed time = 37.32 sec. (21072.21 ticks, tree = 3.30 MB, solutions = 4)
    813   411        cutoff             13.0000        7.0000   137879   46.15%
   1087   538        1.1239   465       13.0000        7.0000   176861   46.15%
   1324   643        cutoff             13.0000        7.0000   221212   46.15%
   1611   725       12.0000   167       13.0000        7.0000   263851   46.15%
   1875   781        2.1903   264       13.0000        7.0000   302829   46.15%
   2093   825       11.0000   199       13.0000        7.0000   337231   46.15%
   2335   885        2.0000   266       13.0000        7.0000   384308   46.15%

Clique cuts applied:  624
Implied bound cuts applied:  562
Zero-half cuts applied:  1

Root node processing (before b&c):
  Real time             =   33.82 sec. (17916.11 ticks)
Parallel b&c, 4 threads:
  Real time             =   11.19 sec. (10005.39 ticks)
  Sync time (average)   =    0.75 sec.
  Wait time (average)   =    0.00 sec.
                          ------------
Total (root+branch&cut) =   45.00 sec. (27921.50 ticks)
   | W
 L |  0  1  2  3 
----------------
 0 |  6  6 13 13 
 1 | 12 12 13 13 
 2 | 12 12 13 13 
 3 | 12 12 13 13 
 4 | 12 12 13 13 
 5 | 12 12 13 13 
 6 | 12 12 13 13 
 7 | 12 12  3  1 
 8 | 10  8  8  8 
 9 | 10  2  5  . 
10 | 10  4  5 11 
11 |  7  7  7 11 
12 |  9  9  9 11 
13 |  .  .  .  . 
14 |  .  .  .  . 
15 |  .  .  .  . 
16 |  .  .  .  . 
17 |  .  .  .  . 
18 |  .  .  .  . 
19 |  .  .  .  . 
20 |  .  .  .  . 
21 |  .  .  .  . 
22 |  .  .  .  . 
23 |  .  .  .  . 
24 |  .  .  .  . 
25 |  .  .  .  . 
26 |  .  .  .  . 
27 |  .  .  .  . 
28 |  .  .  .  . 
29 |  .  .  .  . 
30 |  .  .  .  . 
31 |  .  .  .  . 
32 |  .  .  .  . 
33 |  .  .  .  . 
34 |  .  .  .  . 
35 |  .  .  .  . 
36 |  .  .  .  . 

Boxes' corners:       (w,l)
    Box  1 is at 
        top left     (3,7)
        bottom right (3,7)

    Box  2 is at 
        top left     (1,9)
        bottom right (1,9)

    Box  3 is at 
        top left     (2,7)
        bottom right (2,7)

    Box  4 is at 
        top left     (1,10)
        bottom right (1,10)

    Box  5 is at 
        top left     (2,9)
        bottom right (2,10)

    Box  6 is at 
        top left     (0,0)
        bottom right (1,0)

    Box  7 is at 
        top left     (0,11)
        bottom right (2,11)

    Box  8 is at 
        top left     (1,8)
        bottom right (3,8)

    Box  9 is at 
        top left     (0,12)
        bottom right (2,12)

    Box 10 is at 
        top left     (0,8)
        bottom right (0,10)

    Box 11 is at 
        top left     (3,10)
        bottom right (3,12)

    Box 12 is at 
        top left     (0,1)
        bottom right (1,7)

    Box 13 is at 
        top left     (2,0)
        bottom right (3,6)

    Roll length used: 13
In 175.79 seconds
