Sun 20 May 08:58:03 CEST 2018
CPXPARAM_TimeLimit                               45
CPXPARAM_Threads                                 4
CPXPARAM_MIP_Strategy_CallbackReducedLP          0
Tried aggregator 3 times.
MIP Presolve eliminated 2885 rows and 2750 columns.
MIP Presolve modified 2974 coefficients.
Aggregator did 6781 substitutions.
Reduced MIP has 7867 rows, 6155 columns, and 17836 nonzeros.
Reduced MIP has 5588 binaries, 9 generals, 0 SOSs, and 764 indicators.
Presolve time = 0.08 sec. (145.32 ticks)
Probing changed sense of 66 constraints.
Probing time = 0.11 sec. (47.47 ticks)
Tried aggregator 3 times.
MIP Presolve eliminated 2019 rows and 318 columns.
MIP Presolve modified 297 coefficients.
Aggregator did 3635 substitutions.
Reduced MIP has 2213 rows, 2202 columns, and 8193 nonzeros.
Reduced MIP has 1887 binaries, 315 generals, 0 SOSs, and 764 indicators.
Presolve time = 0.02 sec. (24.73 ticks)
Probing time = 0.05 sec. (37.30 ticks)
Cover probing fixed 0 vars, tightened 2 bounds.
Tried aggregator 3 times.
MIP Presolve modified 2 coefficients.
Aggregator did 291 substitutions.
Reduced MIP has 1922 rows, 1911 columns, and 7611 nonzeros.
Reduced MIP has 1596 binaries, 315 generals, 0 SOSs, and 764 indicators.
Presolve time = 0.01 sec. (12.67 ticks)
Probing time = 0.00 sec. (4.09 ticks)
Clique table members: 30818.
MIP emphasis: balance optimality and feasibility.
MIP search method: dynamic search.
Parallel mode: deterministic, using up to 4 threads.
Root relaxation solution time = 0.05 sec. (11.76 ticks)

        Nodes                                         Cuts/
   Node  Left     Objective  IInf  Best Integer    Best Bound    ItCnt     Gap

      0     0        3.0000   695                      3.0000      225         
*     0+    0                           35.0000        3.0000            91.43%
      0     0        3.0000   648       35.0000  Cliques: 580      420   91.43%
*     0+    0                           19.0000        3.0000            84.21%
      0     0        3.0000   402       19.0000  Cliques: 580      715   84.21%
*     0+    0                           15.0000        3.0000            80.00%
      0     0        3.0000   419       15.0000  Cliques: 580     1012   80.00%

Repeating presolve.
Tried aggregator 1 time.
MIP Presolve eliminated 1089 rows and 1107 columns.
MIP Presolve modified 141 coefficients.
Reduced MIP has 833 rows, 802 columns, and 2758 nonzeros.
Reduced MIP has 676 binaries, 126 generals, 0 SOSs, and 256 indicators.
Presolve time = 0.00 sec. (4.04 ticks)
Probing time = 0.01 sec. (10.50 ticks)
Cover probing fixed 0 vars, tightened 1 bounds.
Tried aggregator 1 time.
MIP Presolve eliminated 122 rows and 119 columns.
MIP Presolve modified 1 coefficients.
Reduced MIP has 711 rows, 683 columns, and 2515 nonzeros.
Reduced MIP has 558 binaries, 125 generals, 0 SOSs, and 255 indicators.
Presolve time = 0.00 sec. (2.86 ticks)
Probing time = 0.01 sec. (5.69 ticks)
Tried aggregator 1 time.
Reduced MIP has 711 rows, 683 columns, and 2515 nonzeros.
Reduced MIP has 558 binaries, 125 generals, 0 SOSs, and 255 indicators.
Presolve time = 0.00 sec. (2.41 ticks)
Represolve time = 0.08 sec. (100.22 ticks)
Probing time = 0.00 sec. (2.67 ticks)
Clique table members: 3786.
MIP emphasis: balance optimality and feasibility.
MIP search method: dynamic search.
Parallel mode: deterministic, using up to 4 threads.
Root relaxation solution time = 0.01 sec. (6.97 ticks)

        Nodes                                         Cuts/
   Node  Left     Objective  IInf  Best Integer    Best Bound    ItCnt     Gap

*     0+    0                           15.0000        3.0000            80.00%
      0     0        3.0000   177       15.0000        3.0000     1342   80.00%
      0     0        3.0000   160       15.0000  Cliques: 277     1524   80.00%
      0     0        3.0000   186       15.0000  Cliques: 277     1613   80.00%
      0     0        3.0000   175       15.0000  Cliques: 277     1693   80.00%
      0     0        3.0000   173       15.0000  Cliques: 277     1768   80.00%
      0     2        3.0000   139       15.0000        3.0000     1768   80.00%
Elapsed time = 3.37 sec. (3236.24 ticks, tree = 0.01 MB, solutions = 3)

Clique cuts applied:  121
Implied bound cuts applied:  32

Root node processing (before b&c):
  Real time             =    3.37 sec. (3236.17 ticks)
Parallel b&c, 4 threads:
  Real time             =    0.10 sec. (108.80 ticks)
  Sync time (average)   =    0.04 sec.
  Wait time (average)   =    0.00 sec.
                          ------------
Total (root+branch&cut) =    3.47 sec. (3344.98 ticks)
   | W
 L | 0 1 2 
----------
 0 | 7 6 6 
 1 | 7 6 6 
 2 | 1 . . 
 3 | 4 3 2 
 4 | 4 3 2 
 5 | 4 3 2 
 6 | 4 3 2 
 7 | 4 3 2 
 8 | 4 3 2 
 9 | 4 3 2 
10 | 4 3 2 
11 | 5 5 5 
12 | 5 5 5 
13 | 5 5 5 
14 | 8 8 8 
15 | . . . 
16 | . . . 
17 | . . . 
18 | . . . 
19 | . . . 
20 | . . . 
21 | . . . 
22 | . . . 
23 | . . . 
24 | . . . 
25 | . . . 
26 | . . . 
27 | . . . 
28 | . . . 
29 | . . . 
30 | . . . 
31 | . . . 
32 | . . . 
33 | . . . 
34 | . . . 

Boxes' corners:      (w,l)
    Box 1 is at 
        top left     (0,2)
        bottom right (0,2)

    Box 2 is at 
        top left     (2,3)
        bottom right (2,10)

    Box 3 is at 
        top left     (1,3)
        bottom right (1,10)

    Box 4 is at 
        top left     (0,3)
        bottom right (0,10)

    Box 5 is at 
        top left     (0,11)
        bottom right (2,13)

    Box 6 is at 
        top left     (1,0)
        bottom right (2,1)

    Box 7 is at 
        top left     (0,0)
        bottom right (0,1)

    Box 8 is at 
        top left     (0,14)
        bottom right (2,14)

    Roll length used: 15
In 9.73 seconds
