Sun 20 May 09:25:42 CEST 2018
CPXPARAM_TimeLimit                               45
CPXPARAM_Threads                                 4
CPXPARAM_MIP_Strategy_CallbackReducedLP          0
Tried aggregator 3 times.
MIP Presolve eliminated 4254 rows and 2762 columns.
MIP Presolve modified 12274 coefficients.
Aggregator did 21164 substitutions.
Reduced MIP has 33021 rows, 24210 columns, and 74091 nonzeros.
Reduced MIP has 21385 binaries, 10 generals, 0 SOSs, and 2935 indicators.
Presolve time = 0.44 sec. (1232.54 ticks)
Found incumbent of value 25.000000 after 0.65 sec. (1451.14 ticks)
Probing time = 0.53 sec. (159.61 ticks)
Tried aggregator 3 times.
Aggregator did 15022 substitutions.
Reduced MIP has 17999 rows, 9188 columns, and 44047 nonzeros.
Reduced MIP has 6363 binaries, 2825 generals, 0 SOSs, and 2935 indicators.
Presolve time = 0.09 sec. (102.91 ticks)
Probing time = 0.21 sec. (116.97 ticks)
Tried aggregator 1 time.
Reduced MIP has 17999 rows, 9188 columns, and 44047 nonzeros.
Reduced MIP has 6363 binaries, 2825 generals, 0 SOSs, and 2935 indicators.
Presolve time = 0.04 sec. (40.32 ticks)
Probing time = 0.02 sec. (8.06 ticks)
Clique table members: 463441.
MIP emphasis: balance optimality and feasibility.
MIP search method: dynamic search.
Parallel mode: deterministic, using up to 4 threads.
Root relaxation solution time = 0.14 sec. (135.49 ticks)

        Nodes                                         Cuts/
   Node  Left     Objective  IInf  Best Integer    Best Bound    ItCnt     Gap

*     0+    0                           25.0000        0.0000           100.00%
      0     0        0.0000  4055       25.0000        0.0000     1051  100.00%
*     0+    0                            7.0000        0.0000           100.00%
      0     0        0.0000  3265        7.0000 Cliques: 4599     3508   42.86%

Clique cuts applied:  4599

Root node processing (before b&c):
  Real time             =   46.23 sec. (24832.49 ticks)
Parallel b&c, 4 threads:
  Real time             =    0.00 sec. (0.00 ticks)
  Sync time (average)   =    0.00 sec.
  Wait time (average)   =    0.00 sec.
                          ------------
Total (root+branch&cut) =   46.23 sec. (24832.49 ticks)
   | W
 L | 0 1 2 3 4 5 6 7 
--------------------
 0 | 3 5 7 . 1 1 1 1 
 1 | 3 5 7 6 1 1 1 1 
 2 | 8 4 4 6 1 1 1 1 
 3 | 8 9 9 9 9 2 2 2 
 4 | 8 9 9 9 9 2 2 2 
 5 | 8 9 9 9 9 2 2 2 
 6 | 8 9 9 9 9 2 2 2 
 7 | . . . . . . . . 
 8 | . . . . . . . . 
 9 | . . . . . . . . 
10 | . . . . . . . . 
11 | . . . . . . . . 
12 | . . . . . . . . 
13 | . . . . . . . . 
14 | . . . . . . . . 
15 | . . . . . . . . 
16 | . . . . . . . . 
17 | . . . . . . . . 
18 | . . . . . . . . 
19 | . . . . . . . . 
20 | . . . . . . . . 
21 | . . . . . . . . 
22 | . . . . . . . . 
23 | . . . . . . . . 
24 | . . . . . . . . 
25 | . . . . . . . . 
26 | . . . . . . . . 

Boxes' corners:      (w,l)
    Box 1 is at 
        top left     (4,0)
        bottom right (7,2)

    Box 2 is at 
        top left     (5,3)
        bottom right (7,6)

    Box 3 is at 
        top left     (0,0)
        bottom right (0,1)

    Box 4 is at 
        top left     (1,2)
        bottom right (2,2)

    Box 5 is at 
        top left     (1,0)
        bottom right (1,1)

    Box 6 is at 
        top left     (3,1)
        bottom right (3,2)

    Box 7 is at 
        top left     (2,0)
        bottom right (2,1)

    Box 8 is at 
        top left     (0,2)
        bottom right (0,6)

    Box 9 is at 
        top left     (1,3)
        bottom right (4,6)

    Roll length used: 7
In 174.34 seconds
