Sun 20 May 09:24:27 CEST 2018
CPXPARAM_TimeLimit                               45
CPXPARAM_Threads                                 4
CPXPARAM_MIP_Strategy_CallbackReducedLP          0
Tried aggregator 3 times.
MIP Presolve eliminated 3710 rows and 3462 columns.
MIP Presolve modified 9277 coefficients.
Aggregator did 16216 substitutions.
Reduced MIP has 20660 rows, 12898 columns, and 43861 nonzeros.
Reduced MIP has 12446 binaries, 8 generals, 0 SOSs, and 1057 indicators.
Presolve time = 0.26 sec. (629.85 ticks)
Probing time = 0.28 sec. (135.36 ticks)
Tried aggregator 3 times.
Aggregator did 10068 substitutions.
Reduced MIP has 10592 rows, 2830 columns, and 23725 nonzeros.
Reduced MIP has 2378 binaries, 452 generals, 0 SOSs, and 1057 indicators.
Presolve time = 0.04 sec. (43.32 ticks)
Probing time = 0.05 sec. (35.27 ticks)
Tried aggregator 1 time.
Reduced MIP has 10592 rows, 2830 columns, and 23725 nonzeros.
Reduced MIP has 2378 binaries, 452 generals, 0 SOSs, and 1057 indicators.
Presolve time = 0.02 sec. (18.74 ticks)
Probing time = 0.01 sec. (4.45 ticks)
Clique table members: 68374.
MIP emphasis: balance optimality and feasibility.
MIP search method: dynamic search.
Parallel mode: deterministic, using up to 4 threads.
Root relaxation solution time = 0.11 sec. (95.85 ticks)

        Nodes                                         Cuts/
   Node  Left     Objective  IInf  Best Integer    Best Bound    ItCnt     Gap

      0     0        0.0000  1448                      0.0000     1200         
*     0+    0                           18.0000        0.0000           100.00%
      0     0        0.0000  1160       18.0000 Cliques: 2748     1498   94.44%
*     0+    0                           12.0000        1.0000            91.67%
      0     0        0.0000   998       12.0000 Cliques: 2748     1659   91.67%
      0     0        0.0000   853       12.0000 Cliques: 2748     1975   91.67%
      0     0        0.0000   623       12.0000 Cliques: 2748     2208   91.67%
      0     0        0.0000   505       12.0000 Cliques: 2748     2356   91.67%
      0     0        0.0000   504       12.0000      Cuts: 13     2557   91.67%
      0     0        0.0000   191       12.0000   Impl Bds: 2     2603   91.67%
      0     0        0.0000   254       12.0000 Cliques: 2748     2799   91.67%
      0     2        0.0000   343       12.0000        1.0000     2899   91.67%
Elapsed time = 31.45 sec. (24545.72 ticks, tree = 0.01 MB, solutions = 2)
      1     3        0.0000   588       12.0000        1.0000     3839   91.67%
     22    10        6.0000   216       12.0000        1.0000     5953   91.67%
     39    30        4.0000   270       12.0000        1.0000     7316   91.67%
     93    73        0.0000   155       12.0000        1.0000     9897   91.67%
    127   119        6.0000    46       12.0000        1.0000    12297   91.67%
*   167+  123                           11.0000        1.0000            90.91%
    174   156        0.0000   137       11.0000        1.0000    14340   90.91%
    202   137        9.0000    61       11.0000        1.0000    15443   90.91%
    219   162        0.0000   166       11.0000        1.0000    16863   90.91%
*   220+  157                           10.0000        1.0000            90.00%
*   242   168      integral     0        9.0000        1.0000    19681   88.89%
    248   158        cutoff              9.0000        1.0000    22453   88.89%
    295   128    infeasible              9.0000        1.0000    34420   88.89%
Elapsed time = 37.58 sec. (27978.32 ticks, tree = 0.19 MB, solutions = 5)
    331    87    infeasible              9.0000        1.0000    47455   88.89%
    388    55    infeasible              9.0000        1.0000    57456   88.89%
    438    24    infeasible              9.0000        5.0000    66029   44.44%

Clique cuts applied:  6970
Implied bound cuts applied:  41

Root node processing (before b&c):
  Real time             =   31.40 sec. (24499.36 ticks)
Parallel b&c, 4 threads:
  Real time             =   12.13 sec. (6702.97 ticks)
  Sync time (average)   =    1.22 sec.
  Wait time (average)   =    0.01 sec.
                          ------------
Total (root+branch&cut) =   43.52 sec. (31202.33 ticks)
   | W
 L | 0 1 2 3 4 5 6 7 
--------------------
 0 | . 6 6 6 6 6 4 4 
 1 | . 6 6 6 6 6 4 4 
 2 | 2 6 6 6 6 6 . 1 
 3 | 3 6 6 6 6 6 . . 
 4 | 7 7 7 7 5 5 5 5 
 5 | 7 7 7 7 5 5 5 5 
 6 | 7 7 7 7 5 5 5 5 
 7 | 7 7 7 7 5 5 5 5 
 8 | 7 7 7 7 5 5 5 5 
 9 | . . . . . . . . 
10 | . . . . . . . . 
11 | . . . . . . . . 
12 | . . . . . . . . 
13 | . . . . . . . . 
14 | . . . . . . . . 
15 | . . . . . . . . 
16 | . . . . . . . . 
17 | . . . . . . . . 
18 | . . . . . . . . 
19 | . . . . . . . . 

Boxes' corners:      (w,l)
    Box 1 is at 
        top left     (7,2)
        bottom right (7,2)

    Box 2 is at 
        top left     (0,2)
        bottom right (0,2)

    Box 3 is at 
        top left     (0,3)
        bottom right (0,3)

    Box 4 is at 
        top left     (6,0)
        bottom right (7,1)

    Box 5 is at 
        top left     (4,4)
        bottom right (7,8)

    Box 6 is at 
        top left     (1,0)
        bottom right (5,3)

    Box 7 is at 
        top left     (0,4)
        bottom right (3,8)

    Roll length used: 9
In 136.74 seconds
