Sun 20 May 09:23:30 CEST 2018
CPXPARAM_TimeLimit                               45
CPXPARAM_Threads                                 4
CPXPARAM_MIP_Strategy_CallbackReducedLP          0
Tried aggregator 2 times.
MIP Presolve eliminated 4920 rows and 2435 columns.
MIP Presolve modified 580 coefficients.
Aggregator did 418 substitutions.
Reduced MIP has 1512 rows, 1748 columns, and 6674 nonzeros.
Reduced MIP has 1742 binaries, 6 generals, 0 SOSs, and 390 indicators.
Presolve time = 0.02 sec. (15.41 ticks)
Probing time = 0.03 sec. (23.30 ticks)
Cover probing fixed 0 vars, tightened 6 bounds.
Tried aggregator 3 times.
MIP Presolve eliminated 76 rows and 0 columns.
MIP Presolve modified 60 coefficients.
Aggregator did 992 substitutions.
Reduced MIP has 444 rows, 756 columns, and 3160 nonzeros.
Reduced MIP has 750 binaries, 6 generals, 0 SOSs, and 390 indicators.
Presolve time = 0.01 sec. (9.30 ticks)
Probing time = 0.01 sec. (8.93 ticks)
Tried aggregator 1 time.
Reduced MIP has 444 rows, 756 columns, and 3160 nonzeros.
Reduced MIP has 750 binaries, 6 generals, 0 SOSs, and 390 indicators.
Presolve time = 0.00 sec. (3.92 ticks)
Probing time = 0.00 sec. (2.73 ticks)
Clique table members: 12499.
MIP emphasis: balance optimality and feasibility.
MIP search method: dynamic search.
Parallel mode: deterministic, using up to 4 threads.
Root relaxation solution time = 0.00 sec. (0.87 ticks)

        Nodes                                         Cuts/
   Node  Left     Objective  IInf  Best Integer    Best Bound    ItCnt     Gap

      0     0        3.0000   330                      3.0000       12         
*     0+    0                           14.0000        3.0000            78.57%
      0     0        3.0000   270       14.0000  Cliques: 211      121   78.57%
      0     0        3.0000   186       14.0000  Cliques: 211      304   78.57%
*     0+    0                            9.0000        3.0000            66.67%
      0     0        cutoff              9.0000                    447    0.00%
Elapsed time = 0.46 sec. (464.08 ticks, tree = 0.01 MB, solutions = 2)

Clique cuts applied:  633

Root node processing (before b&c):
  Real time             =    0.46 sec. (464.30 ticks)
Parallel b&c, 4 threads:
  Real time             =    0.00 sec. (0.00 ticks)
  Sync time (average)   =    0.00 sec.
  Wait time (average)   =    0.00 sec.
                          ------------
Total (root+branch&cut) =    0.46 sec. (464.30 ticks)
   | W
 L | 0 1 2 3 4 5 6 7 
--------------------
 0 | 5 5 5 . . . . . 
 1 | 5 5 5 . . 1 1 1 
 2 | 5 5 5 . . 1 1 1 
 3 | 4 4 4 . . 1 1 1 
 4 | 4 4 4 . . . . . 
 5 | 4 4 4 . . 3 3 3 
 6 | 2 2 2 . . 3 3 3 
 7 | 2 2 2 . . 3 3 3 
 8 | 2 2 2 . . . . . 
 9 | . . . . . . . . 
10 | . . . . . . . . 
11 | . . . . . . . . 
12 | . . . . . . . . 
13 | . . . . . . . . 
14 | . . . . . . . . 

Boxes' corners:      (w,l)
    Box 1 is at 
        top left     (5,1)
        bottom right (7,3)

    Box 2 is at 
        top left     (0,6)
        bottom right (2,8)

    Box 3 is at 
        top left     (5,5)
        bottom right (7,7)

    Box 4 is at 
        top left     (0,3)
        bottom right (2,5)

    Box 5 is at 
        top left     (0,0)
        bottom right (2,2)

    Roll length used: 9
In 0.73 seconds
