In 43.7952 seconds (average)
--------------------
1)
  | W
L | 0 1  2  3 4 5 6 7 8 9 
---------------------------
0 | 1 1  1  1 2 2 2 2 6 6 
1 | 1 1  1  1 2 2 2 2 6 6 
2 | 3 3  3  3 4 4 4 7 6 6 
3 | 3 3  3  3 4 4 4 5 5 5 
4 | 8 9 10 11 . . . 5 5 5 

Boxes' corners:       (w,l)
    Box  1 is at 
        top left     (0,0)
        bottom right (3,1)

    Box  2 is at 
        top left     (4,0)
        bottom right (7,1)

    Box  3 is at 
        top left     (0,2)
        bottom right (3,3)

    Box  4 is at 
        top left     (4,2)
        bottom right (6,3)

    Box  5 is at 
        top left     (7,3)
        bottom right (9,4)

    Box  6 is at 
        top left     (8,0)
        bottom right (9,2)

    Box  7 is at 
        top left     (7,2)
        bottom right (7,2)

    Box  8 is at 
        top left     (0,4)
        bottom right (0,4)

    Box  9 is at 
        top left     (1,4)
        bottom right (1,4)

    Box 10 is at 
        top left     (2,4)
        bottom right (2,4)

    Box 11 is at 
        top left     (3,4)
        bottom right (3,4)

    Roll length used: 5
--------------------
  | W
L | 0 1  2  3 4 5 6 7 8 9 
---------------------------
0 | 1 1  1  1 2 2 2 2 6 6 
1 | 1 1  1  1 2 2 2 2 6 6 
2 | 3 3  3  3 4 4 4 7 6 6 
3 | 3 3  3  3 4 4 4 5 5 5 
4 | 8 9 10 11 . . . 5 5 5 

Boxes' corners:       (w,l)
    Box  1 is at 
        top left     (0,0)
        bottom right (3,1)

    Box  2 is at 
        top left     (4,0)
        bottom right (7,1)

    Box  3 is at 
        top left     (0,2)
        bottom right (3,3)

    Box  4 is at 
        top left     (4,2)
        bottom right (6,3)

    Box  5 is at 
        top left     (7,3)
        bottom right (9,4)

    Box  6 is at 
        top left     (8,0)
        bottom right (9,2)

    Box  7 is at 
        top left     (7,2)
        bottom right (7,2)

    Box  8 is at 
        top left     (0,4)
        bottom right (0,4)

    Box  9 is at 
        top left     (1,4)
        bottom right (1,4)

    Box 10 is at 
        top left     (2,4)
        bottom right (2,4)

    Box 11 is at 
        top left     (3,4)
        bottom right (3,4)

    Roll length used: 5
