In 33.0989 seconds (average)
--------------------
1)
  | W
L | 0 1 2 3 4 5  6 7  8 
------------------------
0 | 1 1 1 1 1 1  3 3  3 
1 | 1 1 1 1 1 1  3 3  3 
2 | 2 2 2 2 2 2  3 3  3 
3 | 2 2 2 2 2 2  3 3  3 
4 | 4 4 5 5 6 6  7 7 10 
5 | 4 4 8 8 9 9 11 .  . 
6 | . . . . . .  . .  . 

Boxes' corners:       (w,l)
    Box  1 is at 
        top left     (0,0)
        bottom right (5,1)

    Box  2 is at 
        top left     (0,2)
        bottom right (5,3)

    Box  3 is at 
        top left     (6,0)
        bottom right (8,3)

    Box  4 is at 
        top left     (0,4)
        bottom right (1,5)

    Box  5 is at 
        top left     (2,4)
        bottom right (3,4)

    Box  6 is at 
        top left     (4,4)
        bottom right (5,4)

    Box  7 is at 
        top left     (6,4)
        bottom right (7,4)

    Box  8 is at 
        top left     (2,5)
        bottom right (3,5)

    Box  9 is at 
        top left     (4,5)
        bottom right (5,5)

    Box 10 is at 
        top left     (8,4)
        bottom right (8,4)

    Box 11 is at 
        top left     (6,5)
        bottom right (6,5)

    Roll length used: 6
--------------------
  | W
L | 0 1 2 3 4 5  6 7  8 
------------------------
0 | 1 1 1 1 1 1  3 3  3 
1 | 1 1 1 1 1 1  3 3  3 
2 | 2 2 2 2 2 2  3 3  3 
3 | 2 2 2 2 2 2  3 3  3 
4 | 4 4 5 5 6 6  7 7 10 
5 | 4 4 8 8 9 9 11 .  . 
6 | . . . . . .  . .  . 

Boxes' corners:       (w,l)
    Box  1 is at 
        top left     (0,0)
        bottom right (5,1)

    Box  2 is at 
        top left     (0,2)
        bottom right (5,3)

    Box  3 is at 
        top left     (6,0)
        bottom right (8,3)

    Box  4 is at 
        top left     (0,4)
        bottom right (1,5)

    Box  5 is at 
        top left     (2,4)
        bottom right (3,4)

    Box  6 is at 
        top left     (4,4)
        bottom right (5,4)

    Box  7 is at 
        top left     (6,4)
        bottom right (7,4)

    Box  8 is at 
        top left     (2,5)
        bottom right (3,5)

    Box  9 is at 
        top left     (4,5)
        bottom right (5,5)

    Box 10 is at 
        top left     (8,4)
        bottom right (8,4)

    Box 11 is at 
        top left     (6,5)
        bottom right (6,5)

    Roll length used: 6
