In 0.093894 seconds (average)
--------------------
1)
   | W
 L | 0 1 2 3 4 
--------------
 0 | 1 1 5 6 . 
 1 | 1 1 5 6 . 
 2 | 2 2 5 6 . 
 3 | 2 2 5 6 . 
 4 | 3 3 5 6 . 
 5 | 3 3 5 6 . 
 6 | 4 4 5 6 . 
 7 | 4 4 5 6 . 
 8 | . . . . . 
 9 | . . . . . 
10 | . . . . . 
11 | . . . . . 
12 | . . . . . 
13 | . . . . . 
14 | . . . . . 
15 | . . . . . 
16 | . . . . . 
17 | . . . . . 
18 | . . . . . 
19 | . . . . . 
20 | . . . . . 
21 | . . . . . 
22 | . . . . . 
23 | . . . . . 

Boxes' corners:      (w,l)
    Box 1 is at 
        top left     (0,0)
        bottom right (1,1)

    Box 2 is at 
        top left     (0,2)
        bottom right (1,3)

    Box 3 is at 
        top left     (0,4)
        bottom right (1,5)

    Box 4 is at 
        top left     (0,6)
        bottom right (1,7)

    Box 5 is at 
        top left     (2,0)
        bottom right (2,7)

    Box 6 is at 
        top left     (3,0)
        bottom right (3,7)

    Roll length used: 8
--------------------
   | W
 L | 0 1 2 3 4 
--------------
 0 | 1 1 5 6 . 
 1 | 1 1 5 6 . 
 2 | 2 2 5 6 . 
 3 | 2 2 5 6 . 
 4 | 3 3 5 6 . 
 5 | 3 3 5 6 . 
 6 | 4 4 5 6 . 
 7 | 4 4 5 6 . 
 8 | . . . . . 
 9 | . . . . . 
10 | . . . . . 
11 | . . . . . 
12 | . . . . . 
13 | . . . . . 
14 | . . . . . 
15 | . . . . . 
16 | . . . . . 
17 | . . . . . 
18 | . . . . . 
19 | . . . . . 
20 | . . . . . 
21 | . . . . . 
22 | . . . . . 
23 | . . . . . 

Boxes' corners:      (w,l)
    Box 1 is at 
        top left     (0,0)
        bottom right (1,1)

    Box 2 is at 
        top left     (0,2)
        bottom right (1,3)

    Box 3 is at 
        top left     (0,4)
        bottom right (1,5)

    Box 4 is at 
        top left     (0,6)
        bottom right (1,7)

    Box 5 is at 
        top left     (2,0)
        bottom right (2,7)

    Box 6 is at 
        top left     (3,0)
        bottom right (3,7)

    Roll length used: 8
