In 0.011677 seconds (average)
--------------------
1)
   | W
 L | 0 1 2 3 4 5 
----------------
 0 | 1 2 2 . 7 7 
 1 | . 2 2 . 7 7 
 2 | 3 3 4 4 7 7 
 3 | 3 3 4 4 7 7 
 4 | 5 5 6 6 7 7 
 5 | 5 5 6 6 7 7 
 6 | . . . . 7 7 
 7 | . . . . . . 
 8 | . . . . . . 
 9 | . . . . . . 
10 | . . . . . . 
11 | . . . . . . 
12 | . . . . . . 
13 | . . . . . . 
14 | . . . . . . 
15 | . . . . . . 
16 | . . . . . . 
17 | . . . . . . 

Boxes' corners:      (w,l)
    Box 1 is at 
        top left     (0,0)
        bottom right (0,0)

    Box 2 is at 
        top left     (1,0)
        bottom right (2,1)

    Box 3 is at 
        top left     (0,2)
        bottom right (1,3)

    Box 4 is at 
        top left     (2,2)
        bottom right (3,3)

    Box 5 is at 
        top left     (0,4)
        bottom right (1,5)

    Box 6 is at 
        top left     (2,4)
        bottom right (3,5)

    Box 7 is at 
        top left     (4,0)
        bottom right (5,6)

    Roll length used: 7
--------------------
   | W
 L | 0 1 2 3 4 5 
----------------
 0 | 1 2 2 . 7 7 
 1 | . 2 2 . 7 7 
 2 | 3 3 4 4 7 7 
 3 | 3 3 4 4 7 7 
 4 | 5 5 6 6 7 7 
 5 | 5 5 6 6 7 7 
 6 | . . . . 7 7 
 7 | . . . . . . 
 8 | . . . . . . 
 9 | . . . . . . 
10 | . . . . . . 
11 | . . . . . . 
12 | . . . . . . 
13 | . . . . . . 
14 | . . . . . . 
15 | . . . . . . 
16 | . . . . . . 
17 | . . . . . . 

Boxes' corners:      (w,l)
    Box 1 is at 
        top left     (0,0)
        bottom right (0,0)

    Box 2 is at 
        top left     (1,0)
        bottom right (2,1)

    Box 3 is at 
        top left     (0,2)
        bottom right (1,3)

    Box 4 is at 
        top left     (2,2)
        bottom right (3,3)

    Box 5 is at 
        top left     (0,4)
        bottom right (1,5)

    Box 6 is at 
        top left     (2,4)
        bottom right (3,5)

    Box 7 is at 
        top left     (4,0)
        bottom right (5,6)

    Roll length used: 7
