In 35.4 seconds (average)
--------------------
1)
   | W
 L | 0 1 2 3 4  5  6  7  8  9 10 
---------------------------------
 0 | 1 2 3 4 5  5  5  6  6  6  . 
 1 | 7 7 7 7 7  8  8  8  8  8  . 
 2 | 7 7 7 7 7  8  8  8  8  8  . 
 3 | 9 9 9 9 9 10 10 10 10 10  . 
 4 | 9 9 9 9 9 10 10 10 10 10  . 
 5 | . . . . .  .  .  .  .  .  . 
 6 | . . . . .  .  .  .  .  .  . 
 7 | . . . . .  .  .  .  .  .  . 
 8 | . . . . .  .  .  .  .  .  . 
 9 | . . . . .  .  .  .  .  .  . 
10 | . . . . .  .  .  .  .  .  . 
11 | . . . . .  .  .  .  .  .  . 
12 | . . . . .  .  .  .  .  .  . 
13 | . . . . .  .  .  .  .  .  . 
14 | . . . . .  .  .  .  .  .  . 
15 | . . . . .  .  .  .  .  .  . 
16 | . . . . .  .  .  .  .  .  . 
17 | . . . . .  .  .  .  .  .  . 
18 | . . . . .  .  .  .  .  .  . 
19 | . . . . .  .  .  .  .  .  . 
20 | . . . . .  .  .  .  .  .  . 
21 | . . . . .  .  .  .  .  .  . 
22 | . . . . .  .  .  .  .  .  . 
23 | . . . . .  .  .  .  .  .  . 
24 | . . . . .  .  .  .  .  .  . 
25 | . . . . .  .  .  .  .  .  . 
26 | . . . . .  .  .  .  .  .  . 
27 | . . . . .  .  .  .  .  .  . 
28 | . . . . .  .  .  .  .  .  . 
29 | . . . . .  .  .  .  .  .  . 

Boxes' corners:       (w,l)
    Box  1 is at 
        top left     (0,0)
        bottom right (0,0)

    Box  2 is at 
        top left     (1,0)
        bottom right (1,0)

    Box  3 is at 
        top left     (2,0)
        bottom right (2,0)

    Box  4 is at 
        top left     (3,0)
        bottom right (3,0)

    Box  5 is at 
        top left     (4,0)
        bottom right (6,0)

    Box  6 is at 
        top left     (7,0)
        bottom right (9,0)

    Box  7 is at 
        top left     (0,1)
        bottom right (4,2)

    Box  8 is at 
        top left     (5,1)
        bottom right (9,2)

    Box  9 is at 
        top left     (0,3)
        bottom right (4,4)

    Box 10 is at 
        top left     (5,3)
        bottom right (9,4)

    Roll length used: 5
--------------------
   | W
 L | 0 1 2 3 4  5  6  7  8  9 10 
---------------------------------
 0 | 1 2 3 4 5  5  5  6  6  6  . 
 1 | 7 7 7 7 7  8  8  8  8  8  . 
 2 | 7 7 7 7 7  8  8  8  8  8  . 
 3 | 9 9 9 9 9 10 10 10 10 10  . 
 4 | 9 9 9 9 9 10 10 10 10 10  . 
 5 | . . . . .  .  .  .  .  .  . 
 6 | . . . . .  .  .  .  .  .  . 
 7 | . . . . .  .  .  .  .  .  . 
 8 | . . . . .  .  .  .  .  .  . 
 9 | . . . . .  .  .  .  .  .  . 
10 | . . . . .  .  .  .  .  .  . 
11 | . . . . .  .  .  .  .  .  . 
12 | . . . . .  .  .  .  .  .  . 
13 | . . . . .  .  .  .  .  .  . 
14 | . . . . .  .  .  .  .  .  . 
15 | . . . . .  .  .  .  .  .  . 
16 | . . . . .  .  .  .  .  .  . 
17 | . . . . .  .  .  .  .  .  . 
18 | . . . . .  .  .  .  .  .  . 
19 | . . . . .  .  .  .  .  .  . 
20 | . . . . .  .  .  .  .  .  . 
21 | . . . . .  .  .  .  .  .  . 
22 | . . . . .  .  .  .  .  .  . 
23 | . . . . .  .  .  .  .  .  . 
24 | . . . . .  .  .  .  .  .  . 
25 | . . . . .  .  .  .  .  .  . 
26 | . . . . .  .  .  .  .  .  . 
27 | . . . . .  .  .  .  .  .  . 
28 | . . . . .  .  .  .  .  .  . 
29 | . . . . .  .  .  .  .  .  . 

Boxes' corners:       (w,l)
    Box  1 is at 
        top left     (0,0)
        bottom right (0,0)

    Box  2 is at 
        top left     (1,0)
        bottom right (1,0)

    Box  3 is at 
        top left     (2,0)
        bottom right (2,0)

    Box  4 is at 
        top left     (3,0)
        bottom right (3,0)

    Box  5 is at 
        top left     (4,0)
        bottom right (6,0)

    Box  6 is at 
        top left     (7,0)
        bottom right (9,0)

    Box  7 is at 
        top left     (0,1)
        bottom right (4,2)

    Box  8 is at 
        top left     (5,1)
        bottom right (9,2)

    Box  9 is at 
        top left     (0,3)
        bottom right (4,4)

    Box 10 is at 
        top left     (5,3)
        bottom right (9,4)

    Roll length used: 5
