In 0.011469 seconds (average)
--------------------
1)
   | W
 L | 0 1 2 3 4 5 6 7 8 9 
-------------------------
 0 | 1 2 2 4 4 4 5 5 5 . 
 1 | 3 3 . 4 4 4 5 5 5 . 
 2 | . . . . . . . . . . 
 3 | . . . . . . . . . . 
 4 | . . . . . . . . . . 
 5 | . . . . . . . . . . 
 6 | . . . . . . . . . . 
 7 | . . . . . . . . . . 
 8 | . . . . . . . . . . 
 9 | . . . . . . . . . . 
10 | . . . . . . . . . . 

Boxes' corners:      (w,l)
    Box 1 is at 
        top left     (0,0)
        bottom right (0,0)

    Box 2 is at 
        top left     (1,0)
        bottom right (2,0)

    Box 3 is at 
        top left     (0,1)
        bottom right (1,1)

    Box 4 is at 
        top left     (3,0)
        bottom right (5,1)

    Box 5 is at 
        top left     (6,0)
        bottom right (8,1)

    Roll length used: 2
--------------------
   | W
 L | 0 1 2 3 4 5 6 7 8 9 
-------------------------
 0 | 1 2 2 4 4 4 5 5 5 . 
 1 | 3 3 . 4 4 4 5 5 5 . 
 2 | . . . . . . . . . . 
 3 | . . . . . . . . . . 
 4 | . . . . . . . . . . 
 5 | . . . . . . . . . . 
 6 | . . . . . . . . . . 
 7 | . . . . . . . . . . 
 8 | . . . . . . . . . . 
 9 | . . . . . . . . . . 
10 | . . . . . . . . . . 

Boxes' corners:      (w,l)
    Box 1 is at 
        top left     (0,0)
        bottom right (0,0)

    Box 2 is at 
        top left     (1,0)
        bottom right (2,0)

    Box 3 is at 
        top left     (0,1)
        bottom right (1,1)

    Box 4 is at 
        top left     (3,0)
        bottom right (5,1)

    Box 5 is at 
        top left     (6,0)
        bottom right (8,1)

    Roll length used: 2
