In 44.9052 seconds (average)
--------------------
1)
   | W
 L | 0 1 2 3  4 
---------------
 0 | 1 1 1 1  7 
 1 | 1 1 1 1  8 
 2 | 1 1 1 1  9 
 3 | 1 1 1 1 10 
 4 | 1 1 1 1 11 
 5 | 1 1 1 1  . 
 6 | 1 1 1 1  . 
 7 | 2 2 2 2  . 
 8 | 2 2 2 2  . 
 9 | 2 2 2 2  . 
10 | 2 2 2 2  . 
11 | 2 2 2 2  . 
12 | 2 2 2 2  . 
13 | 2 2 2 2  . 
14 | 3 3 3 3  . 
15 | 3 3 3 3  . 
16 | 3 3 3 3  . 
17 | 3 3 3 3  . 
18 | 3 3 3 3  . 
19 | 3 3 3 3  . 
20 | 3 3 3 3  . 
21 | 4 4 4 4  . 
22 | 4 4 4 4  . 
23 | 4 4 4 4  . 
24 | 4 4 4 4  . 
25 | 4 4 4 4  . 
26 | 4 4 4 4  . 
27 | 4 4 4 4  . 
28 | 5 5 5 5  . 
29 | 5 5 5 5  . 
30 | 5 5 5 5  . 
31 | 5 5 5 5  . 
32 | 5 5 5 5  . 
33 | 5 5 5 5  . 
34 | 5 5 5 5  . 
35 | 6 6 6 6  . 
36 | 6 6 6 6  . 
37 | 6 6 6 6  . 
38 | 6 6 6 6  . 
39 | 6 6 6 6  . 
40 | 6 6 6 6  . 
41 | 6 6 6 6  . 

Boxes' corners:       (w,l)
    Box  1 is at 
        top left     (0,0)
        bottom right (3,6)

    Box  2 is at 
        top left     (0,7)
        bottom right (3,13)

    Box  3 is at 
        top left     (0,14)
        bottom right (3,20)

    Box  4 is at 
        top left     (0,21)
        bottom right (3,27)

    Box  5 is at 
        top left     (0,28)
        bottom right (3,34)

    Box  6 is at 
        top left     (0,35)
        bottom right (3,41)

    Box  7 is at 
        top left     (4,0)
        bottom right (4,0)

    Box  8 is at 
        top left     (4,1)
        bottom right (4,1)

    Box  9 is at 
        top left     (4,2)
        bottom right (4,2)

    Box 10 is at 
        top left     (4,3)
        bottom right (4,3)

    Box 11 is at 
        top left     (4,4)
        bottom right (4,4)

    Roll length used: 42
--------------------
   | W
 L | 0 1 2 3  4 
---------------
 0 | 1 1 1 1  7 
 1 | 1 1 1 1  8 
 2 | 1 1 1 1  9 
 3 | 1 1 1 1 10 
 4 | 1 1 1 1 11 
 5 | 1 1 1 1  . 
 6 | 1 1 1 1  . 
 7 | 2 2 2 2  . 
 8 | 2 2 2 2  . 
 9 | 2 2 2 2  . 
10 | 2 2 2 2  . 
11 | 2 2 2 2  . 
12 | 2 2 2 2  . 
13 | 2 2 2 2  . 
14 | 3 3 3 3  . 
15 | 3 3 3 3  . 
16 | 3 3 3 3  . 
17 | 3 3 3 3  . 
18 | 3 3 3 3  . 
19 | 3 3 3 3  . 
20 | 3 3 3 3  . 
21 | 4 4 4 4  . 
22 | 4 4 4 4  . 
23 | 4 4 4 4  . 
24 | 4 4 4 4  . 
25 | 4 4 4 4  . 
26 | 4 4 4 4  . 
27 | 4 4 4 4  . 
28 | 5 5 5 5  . 
29 | 5 5 5 5  . 
30 | 5 5 5 5  . 
31 | 5 5 5 5  . 
32 | 5 5 5 5  . 
33 | 5 5 5 5  . 
34 | 5 5 5 5  . 
35 | 6 6 6 6  . 
36 | 6 6 6 6  . 
37 | 6 6 6 6  . 
38 | 6 6 6 6  . 
39 | 6 6 6 6  . 
40 | 6 6 6 6  . 
41 | 6 6 6 6  . 

Boxes' corners:       (w,l)
    Box  1 is at 
        top left     (0,0)
        bottom right (3,6)

    Box  2 is at 
        top left     (0,7)
        bottom right (3,13)

    Box  3 is at 
        top left     (0,14)
        bottom right (3,20)

    Box  4 is at 
        top left     (0,21)
        bottom right (3,27)

    Box  5 is at 
        top left     (0,28)
        bottom right (3,34)

    Box  6 is at 
        top left     (0,35)
        bottom right (3,41)

    Box  7 is at 
        top left     (4,0)
        bottom right (4,0)

    Box  8 is at 
        top left     (4,1)
        bottom right (4,1)

    Box  9 is at 
        top left     (4,2)
        bottom right (4,2)

    Box 10 is at 
        top left     (4,3)
        bottom right (4,3)

    Box 11 is at 
        top left     (4,4)
        bottom right (4,4)

    Roll length used: 42
