Sun 3 Jun 21:06:00 CEST 2018
    [1;34mTry max length:[0m 999999
    [1;34m    At iteration:[0m 0
        lingeling found a solution in .158 ms

       | W
     L | 0 1 2 3 4 5 6 7 8 9 
    -------------------------
     0 | . . . . . . . . . . 
     1 | . . . . . . . . . . 
     2 | . . . . . . . . . . 
     3 | . . . . . . . . . . 
     4 | . . . . . . . . . . 
     5 | . . . . . . . . . . 
     6 | . . . . . . . . . . 
     7 | . . . . . . . . . . 
     8 | 6 . . . . . . . . 5 
     9 | 6 . . . . . . . . 5 
    10 | 4 . . . . . . . . 3 
    11 | 4 . . . . . . . . 3 
    12 | 2 . . . . . . . . 1 
    13 | 2 . . . . . . 8 7 1 
    
    Boxes' corners:      (w,l)
        Box 1 is at 
            top left     (9,12)
            bottom right (9,13)
    
        Box 2 is at 
            top left     (0,12)
            bottom right (0,13)
    
        Box 3 is at 
            top left     (9,10)
            bottom right (9,11)
    
        Box 4 is at 
            top left     (0,10)
            bottom right (0,11)
    
        Box 5 is at 
            top left     (9,8)
            bottom right (9,9)
    
        Box 6 is at 
            top left     (0,8)
            bottom right (0,9)
    
        Box 7 is at 
            top left     (8,13)
            bottom right (8,13)
    
        Box 8 is at 
            top left     (7,13)
            bottom right (7,13)
    
        Roll length used: 14

    [1;34mTry max length:[0m 13
    [1;34m    At iteration:[0m 1
        lingeling found a solution in .159 ms

       | W
     L | 0 1 2 3 4 5 6 7 8 9 
    -------------------------
     0 | . . . . . . . . . . 
     1 | . . . . . . . . . . 
     2 | . . . . . . . . . . 
     3 | . . . . . . . . . . 
     4 | . . . . . . . . . . 
     5 | . . . . . . . . . . 
     6 | . . . . . . . . . . 
     7 | 6 . . . . . . . . 5 
     8 | 6 . . . . . . . . 5 
     9 | 4 . . . . . . . . 3 
    10 | 4 . . . . . . . . 3 
    11 | 2 . . . . . . . . 1 
    12 | 2 . . . 8 . . . 7 1 
    
    Boxes' corners:      (w,l)
        Box 1 is at 
            top left     (9,11)
            bottom right (9,12)
    
        Box 2 is at 
            top left     (0,11)
            bottom right (0,12)
    
        Box 3 is at 
            top left     (9,9)
            bottom right (9,10)
    
        Box 4 is at 
            top left     (0,9)
            bottom right (0,10)
    
        Box 5 is at 
            top left     (9,7)
            bottom right (9,8)
    
        Box 6 is at 
            top left     (0,7)
            bottom right (0,8)
    
        Box 7 is at 
            top left     (8,12)
            bottom right (8,12)
    
        Box 8 is at 
            top left     (4,12)
            bottom right (4,12)
    
        Roll length used: 13

    [1;34mTry max length:[0m 12
    [1;34m    At iteration:[0m 2
        lingeling found a solution in .141 ms

       | W
     L | 0 1 2 3 4 5 6 7 8 9 
    -------------------------
     0 | . . . . . . . . . . 
     1 | . . . . . . . . . . 
     2 | . . . . . . . . . . 
     3 | . . . . . . . . . . 
     4 | . . . . . . . . . . 
     5 | . . . . . . . . . . 
     6 | 6 . . . . . . . . 5 
     7 | 6 . . . . . . . . 5 
     8 | 4 . . . . . . . . 3 
     9 | 4 . . . . . . . . 3 
    10 | 2 . . . . . . . . 1 
    11 | 2 8 . . . . . . 7 1 
    
    Boxes' corners:      (w,l)
        Box 1 is at 
            top left     (9,10)
            bottom right (9,11)
    
        Box 2 is at 
            top left     (0,10)
            bottom right (0,11)
    
        Box 3 is at 
            top left     (9,8)
            bottom right (9,9)
    
        Box 4 is at 
            top left     (0,8)
            bottom right (0,9)
    
        Box 5 is at 
            top left     (9,6)
            bottom right (9,7)
    
        Box 6 is at 
            top left     (0,6)
            bottom right (0,7)
    
        Box 7 is at 
            top left     (8,11)
            bottom right (8,11)
    
        Box 8 is at 
            top left     (1,11)
            bottom right (1,11)
    
        Roll length used: 12

    [1;34mTry max length:[0m 11
    [1;34m    At iteration:[0m 3
        lingeling found a solution in .127 ms

       | W
     L | 0 1 2 3 4 5 6 7 8 9 
    -------------------------
     0 | . . . . . . . . . . 
     1 | . . . . . . . . . . 
     2 | . . . . . . . . . . 
     3 | . . . . . . . . . . 
     4 | . . . . . . . . . . 
     5 | 6 . . . . . . . . 5 
     6 | 6 . . . . . . . . 5 
     7 | 4 . . . . . . . . 3 
     8 | 4 . . . . . 8 . . 3 
     9 | 2 . . . . . . . . 1 
    10 | 2 . . . . . . . 7 1 
    
    Boxes' corners:      (w,l)
        Box 1 is at 
            top left     (9,9)
            bottom right (9,10)
    
        Box 2 is at 
            top left     (0,9)
            bottom right (0,10)
    
        Box 3 is at 
            top left     (9,7)
            bottom right (9,8)
    
        Box 4 is at 
            top left     (0,7)
            bottom right (0,8)
    
        Box 5 is at 
            top left     (9,5)
            bottom right (9,6)
    
        Box 6 is at 
            top left     (0,5)
            bottom right (0,6)
    
        Box 7 is at 
            top left     (8,10)
            bottom right (8,10)
    
        Box 8 is at 
            top left     (6,8)
            bottom right (6,8)
    
        Roll length used: 11

    [1;34mTry max length:[0m 10
    [1;34m    At iteration:[0m 4
        lingeling found a solution in .114 ms

       | W
     L | 0 1 2 3 4 5 6 7 8 9 
    -------------------------
     0 | . . . . . . . . . . 
     1 | . . . . . . . . . . 
     2 | . . . . . . . . . . 
     3 | . . . . . . . . . . 
     4 | 6 . . . . . . 8 . 5 
     5 | 6 . . . . . . . . 5 
     6 | 4 . . . . . . . . 3 
     7 | 4 . . . . . . . . 3 
     8 | 2 . . . . . . . . 1 
     9 | 2 . . . . . . . 7 1 
    
    Boxes' corners:      (w,l)
        Box 1 is at 
            top left     (9,8)
            bottom right (9,9)
    
        Box 2 is at 
            top left     (0,8)
            bottom right (0,9)
    
        Box 3 is at 
            top left     (9,6)
            bottom right (9,7)
    
        Box 4 is at 
            top left     (0,6)
            bottom right (0,7)
    
        Box 5 is at 
            top left     (9,4)
            bottom right (9,5)
    
        Box 6 is at 
            top left     (0,4)
            bottom right (0,5)
    
        Box 7 is at 
            top left     (8,9)
            bottom right (8,9)
    
        Box 8 is at 
            top left     (7,4)
            bottom right (7,4)
    
        Roll length used: 10

    [1;34mTry max length:[0m 9
    [1;34m    At iteration:[0m 5
        lingeling found a solution in .098 ms

      | W
    L | 0 1 2 3 4 5 6 7 8 9 
    -------------------------
    0 | . . . . . . . . . . 
    1 | . . . . . . . . 7 . 
    2 | . . . . . . . . . . 
    3 | 6 . . . . . . . . 5 
    4 | 6 . . . . . . . . 5 
    5 | 4 . . . . . . . . 3 
    6 | 4 . . . . . . 8 . 3 
    7 | 2 . . . . . . . . 1 
    8 | 2 . . . . . . . . 1 
    
    Boxes' corners:      (w,l)
        Box 1 is at 
            top left     (9,7)
            bottom right (9,8)
    
        Box 2 is at 
            top left     (0,7)
            bottom right (0,8)
    
        Box 3 is at 
            top left     (9,5)
            bottom right (9,6)
    
        Box 4 is at 
            top left     (0,5)
            bottom right (0,6)
    
        Box 5 is at 
            top left     (9,3)
            bottom right (9,4)
    
        Box 6 is at 
            top left     (0,3)
            bottom right (0,4)
    
        Box 7 is at 
            top left     (8,1)
            bottom right (8,1)
    
        Box 8 is at 
            top left     (7,6)
            bottom right (7,6)
    
        Roll length used: 9

    [1;34mTry max length:[0m 8
    [1;34m    At iteration:[0m 6
        lingeling found a solution in .087 ms

      | W
    L | 0 1 2 3 4 5 6 7 8 9 
    -------------------------
    0 | . . . . . . . . 8 . 
    1 | . . . . . . . . . . 
    2 | 6 . . . 7 . . . . 5 
    3 | 6 . . . . . . . . 5 
    4 | 4 . . . . . . . . 3 
    5 | 4 . . . . . . . . 3 
    6 | 2 . . . . . . . . 1 
    7 | 2 . . . . . . . . 1 
    
    Boxes' corners:      (w,l)
        Box 1 is at 
            top left     (9,6)
            bottom right (9,7)
    
        Box 2 is at 
            top left     (0,6)
            bottom right (0,7)
    
        Box 3 is at 
            top left     (9,4)
            bottom right (9,5)
    
        Box 4 is at 
            top left     (0,4)
            bottom right (0,5)
    
        Box 5 is at 
            top left     (9,2)
            bottom right (9,3)
    
        Box 6 is at 
            top left     (0,2)
            bottom right (0,3)
    
        Box 7 is at 
            top left     (4,2)
            bottom right (4,2)
    
        Box 8 is at 
            top left     (8,0)
            bottom right (8,0)
    
        Roll length used: 8

    [1;34mTry max length:[0m 7
    [1;34m    At iteration:[0m 7
        lingeling found a solution in .074 ms

      | W
    L | 0 1 2 3 4 5 6 7 8 9 
    -------------------------
    0 | 6 . . . . . . . . . 
    1 | 6 . . . . . . . . 5 
    2 | . . . . . . . . . 5 
    3 | 4 . . . . . . . . 3 
    4 | 4 . . . . . . . . 3 
    5 | 2 . . . . . . . 7 1 
    6 | 2 . . . . . . 8 . 1 
    
    Boxes' corners:      (w,l)
        Box 1 is at 
            top left     (9,5)
            bottom right (9,6)
    
        Box 2 is at 
            top left     (0,5)
            bottom right (0,6)
    
        Box 3 is at 
            top left     (9,3)
            bottom right (9,4)
    
        Box 4 is at 
            top left     (0,3)
            bottom right (0,4)
    
        Box 5 is at 
            top left     (9,1)
            bottom right (9,2)
    
        Box 6 is at 
            top left     (0,0)
            bottom right (0,1)
    
        Box 7 is at 
            top left     (8,5)
            bottom right (8,5)
    
        Box 8 is at 
            top left     (7,6)
            bottom right (7,6)
    
        Roll length used: 7

    [1;34mTry max length:[0m 6
    [1;34m    At iteration:[0m 8
        lingeling found a solution in .064 ms

      | W
    L | 0 1 2 3 4 5 6 7 8 9 
    -------------------------
    0 | 6 . . . . . . . . 5 
    1 | 6 7 . . . . . . . 5 
    2 | 4 . . . . . . . . 3 
    3 | 4 . . 8 . . . . . 3 
    4 | 2 . . . . . . . . 1 
    5 | 2 . . . . . . . . 1 
    
    Boxes' corners:      (w,l)
        Box 1 is at 
            top left     (9,4)
            bottom right (9,5)
    
        Box 2 is at 
            top left     (0,4)
            bottom right (0,5)
    
        Box 3 is at 
            top left     (9,2)
            bottom right (9,3)
    
        Box 4 is at 
            top left     (0,2)
            bottom right (0,3)
    
        Box 5 is at 
            top left     (9,0)
            bottom right (9,1)
    
        Box 6 is at 
            top left     (0,0)
            bottom right (0,1)
    
        Box 7 is at 
            top left     (1,1)
            bottom right (1,1)
    
        Box 8 is at 
            top left     (3,3)
            bottom right (3,3)
    
        Roll length used: 6

    [1;34mTry max length:[0m 5
    [1;34m    At iteration:[0m 9
        lingeling found a solution in .054 ms

      | W
    L | 0 1 2 3 4 5 6 7 8 9 
    -------------------------
    0 | 4 . . . . . . . . 3 
    1 | 4 . . . . . . . . 3 
    2 | 6 . . . . . . 8 . . 
    3 | 6 . . . . . . 5 1 2 
    4 | . . . 7 . . . 5 1 2 
    
    Boxes' corners:      (w,l)
        Box 1 is at 
            top left     (8,3)
            bottom right (8,4)
    
        Box 2 is at 
            top left     (9,3)
            bottom right (9,4)
    
        Box 3 is at 
            top left     (9,0)
            bottom right (9,1)
    
        Box 4 is at 
            top left     (0,0)
            bottom right (0,1)
    
        Box 5 is at 
            top left     (7,3)
            bottom right (7,4)
    
        Box 6 is at 
            top left     (0,2)
            bottom right (0,3)
    
        Box 7 is at 
            top left     (3,4)
            bottom right (3,4)
    
        Box 8 is at 
            top left     (7,2)
            bottom right (7,2)
    
        Roll length used: 5

    [1;34mTry max length:[0m 4
    [1;34m    At iteration:[0m 10
        lingeling found a solution in .041 ms

      | W
    L | 0 1 2 3 4 5 6 7 8 9 
    -------------------------
    0 | 2 . . . . . . . . 5 
    1 | 2 . . . 7 . 1 . . 5 
    2 | 3 . . . . . 1 . . 6 
    3 | 3 . . . . . 4 4 8 6 
    
    Boxes' corners:      (w,l)
        Box 1 is at 
            top left     (6,1)
            bottom right (6,2)
    
        Box 2 is at 
            top left     (0,0)
            bottom right (0,1)
    
        Box 3 is at 
            top left     (0,2)
            bottom right (0,3)
    
        Box 4 is at 
            top left     (6,3)
            bottom right (7,3)
    
        Box 5 is at 
            top left     (9,0)
            bottom right (9,1)
    
        Box 6 is at 
            top left     (9,2)
            bottom right (9,3)
    
        Box 7 is at 
            top left     (4,1)
            bottom right (4,1)
    
        Box 8 is at 
            top left     (8,3)
            bottom right (8,3)
    
        Roll length used: 4

    [1;34mTry max length:[0m 3
    [1;34m    At iteration:[0m 11
        lingeling found a solution in .032 ms

      | W
    L | 0 1 2 3 4 5 6 7 8 9 
    -------------------------
    0 | 2 4 5 6 . . . . 3 1 
    1 | 2 4 5 6 . . . . 3 1 
    2 | . . . . . . . . 8 7 
    
    Boxes' corners:      (w,l)
        Box 1 is at 
            top left     (9,0)
            bottom right (9,1)
    
        Box 2 is at 
            top left     (0,0)
            bottom right (0,1)
    
        Box 3 is at 
            top left     (8,0)
            bottom right (8,1)
    
        Box 4 is at 
            top left     (1,0)
            bottom right (1,1)
    
        Box 5 is at 
            top left     (2,0)
            bottom right (2,1)
    
        Box 6 is at 
            top left     (3,0)
            bottom right (3,1)
    
        Box 7 is at 
            top left     (9,2)
            bottom right (9,2)
    
        Box 8 is at 
            top left     (8,2)
            bottom right (8,2)
    
        Roll length used: 3

    [1;34mTry max length:[0m 2
    [1;34m    At iteration:[0m 12
        lingeling found a solution in .018 ms

      | W
    L | 0 1 2 3 4 5 6 7 8 9 
    -------------------------
    0 | . 7 1 1 5 5 2 2 . . 
    1 | 4 4 . . 6 6 8 3 3 . 
    
    Boxes' corners:      (w,l)
        Box 1 is at 
            top left     (2,0)
            bottom right (3,0)
    
        Box 2 is at 
            top left     (6,0)
            bottom right (7,0)
    
        Box 3 is at 
            top left     (7,1)
            bottom right (8,1)
    
        Box 4 is at 
            top left     (0,1)
            bottom right (1,1)
    
        Box 5 is at 
            top left     (4,0)
            bottom right (5,0)
    
        Box 6 is at 
            top left     (4,1)
            bottom right (5,1)
    
        Box 7 is at 
            top left     (1,0)
            bottom right (1,0)
    
        Box 8 is at 
            top left     (6,1)
            bottom right (6,1)
    
        Roll length used: 2

    [1;34mTry max length:[0m 1
    [1;34m    At iteration:[0m 13
        [3;31mlingeling determined unsatisfiability of the Boolean formula[0m
        [1;32mOptimality reached![0m
