Sun 3 Jun 20:37:15 CEST 2018
    [1;34mTry max length:[0m 999999
    [1;34m    At iteration:[0m 0
        lingeling found a solution in .040 ms

       | W
     L | 0 1 2 3 4 
    --------------
     0 | . 2 2 2 . 
     1 | . 2 2 2 . 
     2 | . . . . . 
     3 | . . . . 4 
     4 | . . . . . 
     5 | . . . . . 
     6 | . 1 1 1 . 
     7 | . 1 1 1 . 
     8 | . . 3 3 3 
     9 | . . 3 3 3 
    
    Boxes' corners:      (w,l)
        Box 1 is at 
            top left     (1,6)
            bottom right (3,7)
    
        Box 2 is at 
            top left     (1,0)
            bottom right (3,1)
    
        Box 3 is at 
            top left     (2,8)
            bottom right (4,9)
    
        Box 4 is at 
            top left     (4,3)
            bottom right (4,3)
    
        Roll length used: 10

    [1;34mTry max length:[0m 9
    [1;34m    At iteration:[0m 1
        lingeling found a solution in .029 ms

      | W
    L | 0 1 2 3 4 
    --------------
    0 | . . 3 3 3 
    1 | . . 3 3 3 
    2 | . . . . . 
    3 | . . . . . 
    4 | . . . . . 
    5 | . 1 1 1 . 
    6 | . 1 1 1 . 
    7 | . 2 2 2 . 
    8 | . 2 2 2 4 
    
    Boxes' corners:      (w,l)
        Box 1 is at 
            top left     (1,5)
            bottom right (3,6)
    
        Box 2 is at 
            top left     (1,7)
            bottom right (3,8)
    
        Box 3 is at 
            top left     (2,0)
            bottom right (4,1)
    
        Box 4 is at 
            top left     (4,8)
            bottom right (4,8)
    
        Roll length used: 9

    [1;34mTry max length:[0m 8
    [1;34m    At iteration:[0m 2
        lingeling found a solution in .027 ms

      | W
    L | 0 1 2 3 4 
    --------------
    0 | . . . . . 
    1 | . . . . . 
    2 | 1 1 . . . 
    3 | 1 1 . . . 
    4 | 1 1 . . . 
    5 | 2 2 . 3 3 
    6 | 2 2 4 3 3 
    7 | 2 2 . 3 3 
    
    Boxes' corners:      (w,l)
        Box 1 is at 
            top left     (0,2)
            bottom right (1,4)
    
        Box 2 is at 
            top left     (0,5)
            bottom right (1,7)
    
        Box 3 is at 
            top left     (3,5)
            bottom right (4,7)
    
        Box 4 is at 
            top left     (2,6)
            bottom right (2,6)
    
        Roll length used: 8

    [1;34mTry max length:[0m 7
    [1;34m    At iteration:[0m 3
        lingeling found a solution in .023 ms

      | W
    L | 0 1 2 3 4 
    --------------
    0 | . . . . . 
    1 | 1 1 . . . 
    2 | 1 1 . . . 
    3 | 1 1 . . . 
    4 | 2 2 . 3 3 
    5 | 2 2 . 3 3 
    6 | 2 2 4 3 3 
    
    Boxes' corners:      (w,l)
        Box 1 is at 
            top left     (0,1)
            bottom right (1,3)
    
        Box 2 is at 
            top left     (0,4)
            bottom right (1,6)
    
        Box 3 is at 
            top left     (3,4)
            bottom right (4,6)
    
        Box 4 is at 
            top left     (2,6)
            bottom right (2,6)
    
        Roll length used: 7

    [1;34mTry max length:[0m 6
    [1;34m    At iteration:[0m 4
        lingeling found a solution in .015 ms

      | W
    L | 0 1 2 3 4 
    --------------
    0 | . 2 2 2 . 
    1 | . 2 2 2 . 
    2 | . 3 3 3 . 
    3 | . 3 3 3 . 
    4 | 1 1 1 . . 
    5 | 1 1 1 . 4 
    
    Boxes' corners:      (w,l)
        Box 1 is at 
            top left     (0,4)
            bottom right (2,5)
    
        Box 2 is at 
            top left     (1,0)
            bottom right (3,1)
    
        Box 3 is at 
            top left     (1,2)
            bottom right (3,3)
    
        Box 4 is at 
            top left     (4,5)
            bottom right (4,5)
    
        Roll length used: 6

    [1;34mTry max length:[0m 5
    [1;34m    At iteration:[0m 5
        lingeling found a solution in .012 ms

      | W
    L | 0 1 2 3 4 
    --------------
    0 | 2 2 2 3 3 
    1 | 2 2 2 3 3 
    2 | . . . 3 3 
    3 | 1 1 1 . . 
    4 | 1 1 1 . 4 
    
    Boxes' corners:      (w,l)
        Box 1 is at 
            top left     (0,3)
            bottom right (2,4)
    
        Box 2 is at 
            top left     (0,0)
            bottom right (2,1)
    
        Box 3 is at 
            top left     (3,0)
            bottom right (4,2)
    
        Box 4 is at 
            top left     (4,4)
            bottom right (4,4)
    
        Roll length used: 5

    [1;34mTry max length:[0m 4
    [1;34m    At iteration:[0m 6
        lingeling found a solution in .012 ms

      | W
    L | 0 1 2 3 4 
    --------------
    0 | 3 3 2 2 2 
    1 | 3 3 2 2 2 
    2 | 3 3 1 1 1 
    3 | 4 . 1 1 1 
    
    Boxes' corners:      (w,l)
        Box 1 is at 
            top left     (2,2)
            bottom right (4,3)
    
        Box 2 is at 
            top left     (2,0)
            bottom right (4,1)
    
        Box 3 is at 
            top left     (0,0)
            bottom right (1,2)
    
        Box 4 is at 
            top left     (0,3)
            bottom right (0,3)
    
        Roll length used: 4

    [1;34mTry max length:[0m 3
    [1;34m    At iteration:[0m 7
        [3;31mlingeling determined unsatisfiability of the Boolean formula[0m
        [1;32mOptimality reached![0m
