Sun 3 Jun 20:23:24 CEST 2018
    [1;34mTry max length:[0m 999999
    [1;34m    At iteration:[0m 0
        lingeling found a solution in .060 ms

       | W
     L | 0 1 2 
    ----------
     0 | . . . 
     1 | . . . 
     2 | . . . 
     3 | . 3 . 
     4 | . 3 . 
     5 | . 3 . 
     6 | . 3 . 
     7 | . 3 . 
     8 | . 3 . 
     9 | . 3 . 
    10 | . 3 . 
    11 | 4 . . 
    12 | 4 . . 
    13 | 4 . . 
    14 | 4 . . 
    15 | 4 . 2 
    16 | 4 . 2 
    17 | 4 . 2 
    18 | 4 . 2 
    19 | . . 2 
    20 | . . 2 
    21 | . . 2 
    22 | . . 2 
    23 | . . . 
    24 | . . . 
    25 | . . . 
    26 | . . . 
    27 | . . 7 
    28 | . . 7 
    29 | 5 5 5 
    30 | 5 5 5 
    31 | 5 5 5 
    32 | . 1 8 
    33 | 6 6 8 
    34 | 6 6 8 
    
    Boxes' corners:      (w,l)
        Box 1 is at 
            top left     (1,32)
            bottom right (1,32)
    
        Box 2 is at 
            top left     (2,15)
            bottom right (2,22)
    
        Box 3 is at 
            top left     (1,3)
            bottom right (1,10)
    
        Box 4 is at 
            top left     (0,11)
            bottom right (0,18)
    
        Box 5 is at 
            top left     (0,29)
            bottom right (2,31)
    
        Box 6 is at 
            top left     (0,33)
            bottom right (1,34)
    
        Box 7 is at 
            top left     (2,27)
            bottom right (2,28)
    
        Box 8 is at 
            top left     (2,32)
            bottom right (2,34)
    
        Roll length used: 35

    [1;34mTry max length:[0m 34
    [1;34m    At iteration:[0m 1
        lingeling found a solution in .079 ms

       | W
     L | 0 1 2 
    ----------
     0 | . . . 
     1 | 8 8 8 
     2 | . . . 
     3 | . . . 
     4 | . . . 
     5 | . . . 
     6 | . . . 
     7 | . . . 
     8 | . . . 
     9 | . . . 
    10 | . . . 
    11 | . . . 
    12 | . . . 
    13 | . . . 
    14 | . . . 
    15 | . . . 
    16 | . . . 
    17 | . . . 
    18 | . . . 
    19 | . . . 
    20 | . . 1 
    21 | 5 5 5 
    22 | 5 5 5 
    23 | 5 5 5 
    24 | 6 6 7 
    25 | 6 6 7 
    26 | 4 3 2 
    27 | 4 3 2 
    28 | 4 3 2 
    29 | 4 3 2 
    30 | 4 3 2 
    31 | 4 3 2 
    32 | 4 3 2 
    33 | 4 3 2 
    
    Boxes' corners:      (w,l)
        Box 1 is at 
            top left     (2,20)
            bottom right (2,20)
    
        Box 2 is at 
            top left     (2,26)
            bottom right (2,33)
    
        Box 3 is at 
            top left     (1,26)
            bottom right (1,33)
    
        Box 4 is at 
            top left     (0,26)
            bottom right (0,33)
    
        Box 5 is at 
            top left     (0,21)
            bottom right (2,23)
    
        Box 6 is at 
            top left     (0,24)
            bottom right (1,25)
    
        Box 7 is at 
            top left     (2,24)
            bottom right (2,25)
    
        Box 8 is at 
            top left     (0,1)
            bottom right (2,1)
    
        Roll length used: 34

    [1;34mTry max length:[0m 33
    [1;34m    At iteration:[0m 2
        lingeling found a solution in .082 ms

       | W
     L | 0 1 2 
    ----------
     0 | . . . 
     1 | 8 8 8 
     2 | . . . 
     3 | . . . 
     4 | . . . 
     5 | . . . 
     6 | . . . 
     7 | . . . 
     8 | . . . 
     9 | . . . 
    10 | . . . 
    11 | . . . 
    12 | . . . 
    13 | . . . 
    14 | . . . 
    15 | . . . 
    16 | . . . 
    17 | . . . 
    18 | . . . 
    19 | . . 1 
    20 | 5 5 5 
    21 | 5 5 5 
    22 | 5 5 5 
    23 | 6 6 7 
    24 | 6 6 7 
    25 | 4 3 2 
    26 | 4 3 2 
    27 | 4 3 2 
    28 | 4 3 2 
    29 | 4 3 2 
    30 | 4 3 2 
    31 | 4 3 2 
    32 | 4 3 2 
    
    Boxes' corners:      (w,l)
        Box 1 is at 
            top left     (2,19)
            bottom right (2,19)
    
        Box 2 is at 
            top left     (2,25)
            bottom right (2,32)
    
        Box 3 is at 
            top left     (1,25)
            bottom right (1,32)
    
        Box 4 is at 
            top left     (0,25)
            bottom right (0,32)
    
        Box 5 is at 
            top left     (0,20)
            bottom right (2,22)
    
        Box 6 is at 
            top left     (0,23)
            bottom right (1,24)
    
        Box 7 is at 
            top left     (2,23)
            bottom right (2,24)
    
        Box 8 is at 
            top left     (0,1)
            bottom right (2,1)
    
        Roll length used: 33

    [1;34mTry max length:[0m 32
    [1;34m    At iteration:[0m 3
        lingeling found a solution in .082 ms

       | W
     L | 0 1 2 
    ----------
     0 | . . . 
     1 | 8 8 8 
     2 | . . . 
     3 | . . . 
     4 | . . . 
     5 | . . . 
     6 | . . . 
     7 | . . . 
     8 | . . . 
     9 | . . . 
    10 | . . . 
    11 | . . . 
    12 | . . . 
    13 | . . . 
    14 | . . . 
    15 | . . . 
    16 | . . . 
    17 | . . . 
    18 | . . 1 
    19 | 5 5 5 
    20 | 5 5 5 
    21 | 5 5 5 
    22 | 6 6 7 
    23 | 6 6 7 
    24 | 4 3 2 
    25 | 4 3 2 
    26 | 4 3 2 
    27 | 4 3 2 
    28 | 4 3 2 
    29 | 4 3 2 
    30 | 4 3 2 
    31 | 4 3 2 
    
    Boxes' corners:      (w,l)
        Box 1 is at 
            top left     (2,18)
            bottom right (2,18)
    
        Box 2 is at 
            top left     (2,24)
            bottom right (2,31)
    
        Box 3 is at 
            top left     (1,24)
            bottom right (1,31)
    
        Box 4 is at 
            top left     (0,24)
            bottom right (0,31)
    
        Box 5 is at 
            top left     (0,19)
            bottom right (2,21)
    
        Box 6 is at 
            top left     (0,22)
            bottom right (1,23)
    
        Box 7 is at 
            top left     (2,22)
            bottom right (2,23)
    
        Box 8 is at 
            top left     (0,1)
            bottom right (2,1)
    
        Roll length used: 32

    [1;34mTry max length:[0m 31
    [1;34m    At iteration:[0m 4
        lingeling found a solution in .096 ms

       | W
     L | 0 1 2 
    ----------
     0 | . . . 
     1 | 8 8 8 
     2 | . . . 
     3 | . . . 
     4 | . . . 
     5 | . . . 
     6 | . . . 
     7 | . . . 
     8 | . . . 
     9 | . . . 
    10 | . . . 
    11 | . . . 
    12 | . . . 
    13 | . . . 
    14 | . . . 
    15 | . . . 
    16 | . . . 
    17 | 1 . . 
    18 | 5 5 5 
    19 | 5 5 5 
    20 | 5 5 5 
    21 | 6 6 7 
    22 | 6 6 7 
    23 | 4 3 2 
    24 | 4 3 2 
    25 | 4 3 2 
    26 | 4 3 2 
    27 | 4 3 2 
    28 | 4 3 2 
    29 | 4 3 2 
    30 | 4 3 2 
    
    Boxes' corners:      (w,l)
        Box 1 is at 
            top left     (0,17)
            bottom right (0,17)
    
        Box 2 is at 
            top left     (2,23)
            bottom right (2,30)
    
        Box 3 is at 
            top left     (1,23)
            bottom right (1,30)
    
        Box 4 is at 
            top left     (0,23)
            bottom right (0,30)
    
        Box 5 is at 
            top left     (0,18)
            bottom right (2,20)
    
        Box 6 is at 
            top left     (0,21)
            bottom right (1,22)
    
        Box 7 is at 
            top left     (2,21)
            bottom right (2,22)
    
        Box 8 is at 
            top left     (0,1)
            bottom right (2,1)
    
        Roll length used: 31

    [1;34mTry max length:[0m 30
    [1;34m    At iteration:[0m 5
        lingeling found a solution in .085 ms

       | W
     L | 0 1 2 
    ----------
     0 | 8 8 8 
     1 | . . . 
     2 | . . . 
     3 | . . . 
     4 | . . . 
     5 | . . . 
     6 | . . . 
     7 | . . . 
     8 | 2 . . 
     9 | 2 6 6 
    10 | 2 6 6 
    11 | 2 . . 
    12 | 2 . . 
    13 | 2 . . 
    14 | 2 . . 
    15 | 2 . . 
    16 | . . . 
    17 | 7 . . 
    18 | 7 . . 
    19 | 5 5 5 
    20 | 5 5 5 
    21 | 5 5 5 
    22 | 3 . 4 
    23 | 3 . 4 
    24 | 3 . 4 
    25 | 3 . 4 
    26 | 3 . 4 
    27 | 3 . 4 
    28 | 3 . 4 
    29 | 3 1 4 
    
    Boxes' corners:      (w,l)
        Box 1 is at 
            top left     (1,29)
            bottom right (1,29)
    
        Box 2 is at 
            top left     (0,8)
            bottom right (0,15)
    
        Box 3 is at 
            top left     (0,22)
            bottom right (0,29)
    
        Box 4 is at 
            top left     (2,22)
            bottom right (2,29)
    
        Box 5 is at 
            top left     (0,19)
            bottom right (2,21)
    
        Box 6 is at 
            top left     (1,9)
            bottom right (2,10)
    
        Box 7 is at 
            top left     (0,17)
            bottom right (0,18)
    
        Box 8 is at 
            top left     (0,0)
            bottom right (2,0)
    
        Roll length used: 30

    [1;34mTry max length:[0m 29
    [1;34m    At iteration:[0m 6
        lingeling found a solution in .095 ms

       | W
     L | 0 1 2 
    ----------
     0 | . . . 
     1 | 8 8 8 
     2 | . . . 
     3 | . . . 
     4 | . . . 
     5 | . . . 
     6 | . . . 
     7 | . . . 
     8 | . . . 
     9 | . . . 
    10 | . . . 
    11 | . . . 
    12 | . . . 
    13 | . . . 
    14 | . . . 
    15 | 5 5 5 
    16 | 5 5 5 
    17 | 5 5 5 
    18 | . . 1 
    19 | 6 6 7 
    20 | 6 6 7 
    21 | 4 3 2 
    22 | 4 3 2 
    23 | 4 3 2 
    24 | 4 3 2 
    25 | 4 3 2 
    26 | 4 3 2 
    27 | 4 3 2 
    28 | 4 3 2 
    
    Boxes' corners:      (w,l)
        Box 1 is at 
            top left     (2,18)
            bottom right (2,18)
    
        Box 2 is at 
            top left     (2,21)
            bottom right (2,28)
    
        Box 3 is at 
            top left     (1,21)
            bottom right (1,28)
    
        Box 4 is at 
            top left     (0,21)
            bottom right (0,28)
    
        Box 5 is at 
            top left     (0,15)
            bottom right (2,17)
    
        Box 6 is at 
            top left     (0,19)
            bottom right (1,20)
    
        Box 7 is at 
            top left     (2,19)
            bottom right (2,20)
    
        Box 8 is at 
            top left     (0,1)
            bottom right (2,1)
    
        Roll length used: 29

    [1;34mTry max length:[0m 28
    [1;34m    At iteration:[0m 7
        lingeling found a solution in .076 ms

       | W
     L | 0 1 2 
    ----------
     0 | . . . 
     1 | 8 8 8 
     2 | . . . 
     3 | . . . 
     4 | . . . 
     5 | . . . 
     6 | . . . 
     7 | . . . 
     8 | . . . 
     9 | . . . 
    10 | . . . 
    11 | . 1 . 
    12 | . . . 
    13 | . . . 
    14 | . . . 
    15 | 5 5 5 
    16 | 5 5 5 
    17 | 5 5 5 
    18 | 6 6 7 
    19 | 6 6 7 
    20 | 4 3 2 
    21 | 4 3 2 
    22 | 4 3 2 
    23 | 4 3 2 
    24 | 4 3 2 
    25 | 4 3 2 
    26 | 4 3 2 
    27 | 4 3 2 
    
    Boxes' corners:      (w,l)
        Box 1 is at 
            top left     (1,11)
            bottom right (1,11)
    
        Box 2 is at 
            top left     (2,20)
            bottom right (2,27)
    
        Box 3 is at 
            top left     (1,20)
            bottom right (1,27)
    
        Box 4 is at 
            top left     (0,20)
            bottom right (0,27)
    
        Box 5 is at 
            top left     (0,15)
            bottom right (2,17)
    
        Box 6 is at 
            top left     (0,18)
            bottom right (1,19)
    
        Box 7 is at 
            top left     (2,18)
            bottom right (2,19)
    
        Box 8 is at 
            top left     (0,1)
            bottom right (2,1)
    
        Roll length used: 28

    [1;34mTry max length:[0m 27
    [1;34m    At iteration:[0m 8
        lingeling found a solution in .086 ms

       | W
     L | 0 1 2 
    ----------
     0 | . . . 
     1 | 8 8 8 
     2 | . . . 
     3 | . . . 
     4 | . . . 
     5 | . . . 
     6 | . . . 
     7 | . . . 
     8 | . . . 
     9 | . . . 
    10 | . . . 
    11 | . . . 
    12 | . . . 
    13 | . . 1 
    14 | 5 5 5 
    15 | 5 5 5 
    16 | 5 5 5 
    17 | 6 6 7 
    18 | 6 6 7 
    19 | 4 3 2 
    20 | 4 3 2 
    21 | 4 3 2 
    22 | 4 3 2 
    23 | 4 3 2 
    24 | 4 3 2 
    25 | 4 3 2 
    26 | 4 3 2 
    
    Boxes' corners:      (w,l)
        Box 1 is at 
            top left     (2,13)
            bottom right (2,13)
    
        Box 2 is at 
            top left     (2,19)
            bottom right (2,26)
    
        Box 3 is at 
            top left     (1,19)
            bottom right (1,26)
    
        Box 4 is at 
            top left     (0,19)
            bottom right (0,26)
    
        Box 5 is at 
            top left     (0,14)
            bottom right (2,16)
    
        Box 6 is at 
            top left     (0,17)
            bottom right (1,18)
    
        Box 7 is at 
            top left     (2,17)
            bottom right (2,18)
    
        Box 8 is at 
            top left     (0,1)
            bottom right (2,1)
    
        Roll length used: 27

    [1;34mTry max length:[0m 26
    [1;34m    At iteration:[0m 9
        lingeling found a solution in .071 ms

       | W
     L | 0 1 2 
    ----------
     0 | . . . 
     1 | 8 8 8 
     2 | . . . 
     3 | . . . 
     4 | . . . 
     5 | . . . 
     6 | . . . 
     7 | . . . 
     8 | . . . 
     9 | . . . 
    10 | . . . 
    11 | . . . 
    12 | . . 1 
    13 | 5 5 5 
    14 | 5 5 5 
    15 | 5 5 5 
    16 | 7 6 6 
    17 | 7 6 6 
    18 | 4 3 2 
    19 | 4 3 2 
    20 | 4 3 2 
    21 | 4 3 2 
    22 | 4 3 2 
    23 | 4 3 2 
    24 | 4 3 2 
    25 | 4 3 2 
    
    Boxes' corners:      (w,l)
        Box 1 is at 
            top left     (2,12)
            bottom right (2,12)
    
        Box 2 is at 
            top left     (2,18)
            bottom right (2,25)
    
        Box 3 is at 
            top left     (1,18)
            bottom right (1,25)
    
        Box 4 is at 
            top left     (0,18)
            bottom right (0,25)
    
        Box 5 is at 
            top left     (0,13)
            bottom right (2,15)
    
        Box 6 is at 
            top left     (1,16)
            bottom right (2,17)
    
        Box 7 is at 
            top left     (0,16)
            bottom right (0,17)
    
        Box 8 is at 
            top left     (0,1)
            bottom right (2,1)
    
        Roll length used: 26

    [1;34mTry max length:[0m 25
    [1;34m    At iteration:[0m 10
        lingeling found a solution in .076 ms

       | W
     L | 0 1 2 
    ----------
     0 | . . . 
     1 | 8 8 8 
     2 | . . . 
     3 | . . . 
     4 | . . . 
     5 | . . . 
     6 | . . . 
     7 | . . . 
     8 | . . . 
     9 | . . . 
    10 | . . . 
    11 | . . 1 
    12 | 5 5 5 
    13 | 5 5 5 
    14 | 5 5 5 
    15 | 6 6 7 
    16 | 6 6 7 
    17 | 4 3 2 
    18 | 4 3 2 
    19 | 4 3 2 
    20 | 4 3 2 
    21 | 4 3 2 
    22 | 4 3 2 
    23 | 4 3 2 
    24 | 4 3 2 
    
    Boxes' corners:      (w,l)
        Box 1 is at 
            top left     (2,11)
            bottom right (2,11)
    
        Box 2 is at 
            top left     (2,17)
            bottom right (2,24)
    
        Box 3 is at 
            top left     (1,17)
            bottom right (1,24)
    
        Box 4 is at 
            top left     (0,17)
            bottom right (0,24)
    
        Box 5 is at 
            top left     (0,12)
            bottom right (2,14)
    
        Box 6 is at 
            top left     (0,15)
            bottom right (1,16)
    
        Box 7 is at 
            top left     (2,15)
            bottom right (2,16)
    
        Box 8 is at 
            top left     (0,1)
            bottom right (2,1)
    
        Roll length used: 25

    [1;34mTry max length:[0m 24
    [1;34m    At iteration:[0m 11
        lingeling found a solution in .057 ms

       | W
     L | 0 1 2 
    ----------
     0 | . . . 
     1 | . . . 
     2 | 5 5 5 
     3 | 5 5 5 
     4 | 5 5 5 
     5 | . 2 . 
     6 | . 2 . 
     7 | 3 2 4 
     8 | 3 2 4 
     9 | 3 2 4 
    10 | 3 2 4 
    11 | 3 2 4 
    12 | 3 2 4 
    13 | 3 . 4 
    14 | 3 . 4 
    15 | . . . 
    16 | . . . 
    17 | 6 6 . 
    18 | 6 6 . 
    19 | . . . 
    20 | . . 7 
    21 | 8 . 7 
    22 | 8 . . 
    23 | 8 . 1 
    
    Boxes' corners:      (w,l)
        Box 1 is at 
            top left     (2,23)
            bottom right (2,23)
    
        Box 2 is at 
            top left     (1,5)
            bottom right (1,12)
    
        Box 3 is at 
            top left     (0,7)
            bottom right (0,14)
    
        Box 4 is at 
            top left     (2,7)
            bottom right (2,14)
    
        Box 5 is at 
            top left     (0,2)
            bottom right (2,4)
    
        Box 6 is at 
            top left     (0,17)
            bottom right (1,18)
    
        Box 7 is at 
            top left     (2,20)
            bottom right (2,21)
    
        Box 8 is at 
            top left     (0,21)
            bottom right (0,23)
    
        Roll length used: 24

    [1;34mTry max length:[0m 23
    [1;34m    At iteration:[0m 12
        lingeling found a solution in .065 ms

       | W
     L | 0 1 2 
    ----------
     0 | . . . 
     1 | . . . 
     2 | . . . 
     3 | 5 5 5 
     4 | 5 5 5 
     5 | 5 5 5 
     6 | . 3 . 
     7 | 2 3 . 
     8 | 2 3 . 
     9 | 2 3 . 
    10 | 2 3 . 
    11 | 2 3 . 
    12 | 2 3 . 
    13 | 2 3 . 
    14 | 2 1 . 
    15 | . . 4 
    16 | . . 4 
    17 | . . 4 
    18 | . 8 4 
    19 | 7 8 4 
    20 | 7 8 4 
    21 | 6 6 4 
    22 | 6 6 4 
    
    Boxes' corners:      (w,l)
        Box 1 is at 
            top left     (1,14)
            bottom right (1,14)
    
        Box 2 is at 
            top left     (0,7)
            bottom right (0,14)
    
        Box 3 is at 
            top left     (1,6)
            bottom right (1,13)
    
        Box 4 is at 
            top left     (2,15)
            bottom right (2,22)
    
        Box 5 is at 
            top left     (0,3)
            bottom right (2,5)
    
        Box 6 is at 
            top left     (0,21)
            bottom right (1,22)
    
        Box 7 is at 
            top left     (0,19)
            bottom right (0,20)
    
        Box 8 is at 
            top left     (1,18)
            bottom right (1,20)
    
        Roll length used: 23

    [1;34mTry max length:[0m 22
    [1;34m    At iteration:[0m 13
        lingeling found a solution in .083 ms

       | W
     L | 0 1 2 
    ----------
     0 | . . . 
     1 | 8 8 8 
     2 | . . . 
     3 | . . . 
     4 | . . . 
     5 | . . . 
     6 | . . . 
     7 | . . . 
     8 | . . 1 
     9 | 5 5 5 
    10 | 5 5 5 
    11 | 5 5 5 
    12 | 6 6 7 
    13 | 6 6 7 
    14 | 4 3 2 
    15 | 4 3 2 
    16 | 4 3 2 
    17 | 4 3 2 
    18 | 4 3 2 
    19 | 4 3 2 
    20 | 4 3 2 
    21 | 4 3 2 
    
    Boxes' corners:      (w,l)
        Box 1 is at 
            top left     (2,8)
            bottom right (2,8)
    
        Box 2 is at 
            top left     (2,14)
            bottom right (2,21)
    
        Box 3 is at 
            top left     (1,14)
            bottom right (1,21)
    
        Box 4 is at 
            top left     (0,14)
            bottom right (0,21)
    
        Box 5 is at 
            top left     (0,9)
            bottom right (2,11)
    
        Box 6 is at 
            top left     (0,12)
            bottom right (1,13)
    
        Box 7 is at 
            top left     (2,12)
            bottom right (2,13)
    
        Box 8 is at 
            top left     (0,1)
            bottom right (2,1)
    
        Roll length used: 22

    [1;34mTry max length:[0m 21
    [1;34m    At iteration:[0m 14
        lingeling found a solution in .061 ms

       | W
     L | 0 1 2 
    ----------
     0 | . . . 
     1 | 8 8 8 
     2 | . . . 
     3 | . . . 
     4 | . . . 
     5 | . . . 
     6 | . . . 
     7 | . . 1 
     8 | 5 5 5 
     9 | 5 5 5 
    10 | 5 5 5 
    11 | 6 6 7 
    12 | 6 6 7 
    13 | 4 3 2 
    14 | 4 3 2 
    15 | 4 3 2 
    16 | 4 3 2 
    17 | 4 3 2 
    18 | 4 3 2 
    19 | 4 3 2 
    20 | 4 3 2 
    
    Boxes' corners:      (w,l)
        Box 1 is at 
            top left     (2,7)
            bottom right (2,7)
    
        Box 2 is at 
            top left     (2,13)
            bottom right (2,20)
    
        Box 3 is at 
            top left     (1,13)
            bottom right (1,20)
    
        Box 4 is at 
            top left     (0,13)
            bottom right (0,20)
    
        Box 5 is at 
            top left     (0,8)
            bottom right (2,10)
    
        Box 6 is at 
            top left     (0,11)
            bottom right (1,12)
    
        Box 7 is at 
            top left     (2,11)
            bottom right (2,12)
    
        Box 8 is at 
            top left     (0,1)
            bottom right (2,1)
    
        Roll length used: 21

    [1;34mTry max length:[0m 20
    [1;34m    At iteration:[0m 15
        lingeling found a solution in .061 ms

       | W
     L | 0 1 2 
    ----------
     0 | 5 5 5 
     1 | 5 5 5 
     2 | 5 5 5 
     3 | . . . 
     4 | . . . 
     5 | . . . 
     6 | . . . 
     7 | . . . 
     8 | . . 1 
     9 | 8 8 8 
    10 | 7 6 6 
    11 | 7 6 6 
    12 | 4 3 2 
    13 | 4 3 2 
    14 | 4 3 2 
    15 | 4 3 2 
    16 | 4 3 2 
    17 | 4 3 2 
    18 | 4 3 2 
    19 | 4 3 2 
    
    Boxes' corners:      (w,l)
        Box 1 is at 
            top left     (2,8)
            bottom right (2,8)
    
        Box 2 is at 
            top left     (2,12)
            bottom right (2,19)
    
        Box 3 is at 
            top left     (1,12)
            bottom right (1,19)
    
        Box 4 is at 
            top left     (0,12)
            bottom right (0,19)
    
        Box 5 is at 
            top left     (0,0)
            bottom right (2,2)
    
        Box 6 is at 
            top left     (1,10)
            bottom right (2,11)
    
        Box 7 is at 
            top left     (0,10)
            bottom right (0,11)
    
        Box 8 is at 
            top left     (0,9)
            bottom right (2,9)
    
        Roll length used: 20

    [1;34mTry max length:[0m 19
    [1;34m    At iteration:[0m 16
        lingeling found a solution in .048 ms

       | W
     L | 0 1 2 
    ----------
     0 | 6 6 . 
     1 | 6 6 . 
     2 | . . . 
     3 | 8 . . 
     4 | 8 . . 
     5 | 8 . . 
     6 | 7 . . 
     7 | 7 . 1 
     8 | 5 5 5 
     9 | 5 5 5 
    10 | 5 5 5 
    11 | 4 2 3 
    12 | 4 2 3 
    13 | 4 2 3 
    14 | 4 2 3 
    15 | 4 2 3 
    16 | 4 2 3 
    17 | 4 2 3 
    18 | 4 2 3 
    
    Boxes' corners:      (w,l)
        Box 1 is at 
            top left     (2,7)
            bottom right (2,7)
    
        Box 2 is at 
            top left     (1,11)
            bottom right (1,18)
    
        Box 3 is at 
            top left     (2,11)
            bottom right (2,18)
    
        Box 4 is at 
            top left     (0,11)
            bottom right (0,18)
    
        Box 5 is at 
            top left     (0,8)
            bottom right (2,10)
    
        Box 6 is at 
            top left     (0,0)
            bottom right (1,1)
    
        Box 7 is at 
            top left     (0,6)
            bottom right (0,7)
    
        Box 8 is at 
            top left     (0,3)
            bottom right (0,5)
    
        Roll length used: 19

    [1;34mTry max length:[0m 18
    [1;34m    At iteration:[0m 17
        lingeling found a solution in .052 ms

       | W
     L | 0 1 2 
    ----------
     0 | . . . 
     1 | 8 8 8 
     2 | . . . 
     3 | . . . 
     4 | . . 1 
     5 | 5 5 5 
     6 | 5 5 5 
     7 | 5 5 5 
     8 | 7 6 6 
     9 | 7 6 6 
    10 | 4 3 2 
    11 | 4 3 2 
    12 | 4 3 2 
    13 | 4 3 2 
    14 | 4 3 2 
    15 | 4 3 2 
    16 | 4 3 2 
    17 | 4 3 2 
    
    Boxes' corners:      (w,l)
        Box 1 is at 
            top left     (2,4)
            bottom right (2,4)
    
        Box 2 is at 
            top left     (2,10)
            bottom right (2,17)
    
        Box 3 is at 
            top left     (1,10)
            bottom right (1,17)
    
        Box 4 is at 
            top left     (0,10)
            bottom right (0,17)
    
        Box 5 is at 
            top left     (0,5)
            bottom right (2,7)
    
        Box 6 is at 
            top left     (1,8)
            bottom right (2,9)
    
        Box 7 is at 
            top left     (0,8)
            bottom right (0,9)
    
        Box 8 is at 
            top left     (0,1)
            bottom right (2,1)
    
        Roll length used: 18

    [1;34mTry max length:[0m 17
    [1;34m    At iteration:[0m 18
        lingeling found a solution in .050 ms

       | W
     L | 0 1 2 
    ----------
     0 | 8 8 8 
     1 | 5 5 5 
     2 | 5 5 5 
     3 | 5 5 5 
     4 | . . . 
     5 | 3 6 6 
     6 | 3 6 6 
     7 | 3 . . 
     8 | 3 4 . 
     9 | 3 4 2 
    10 | 3 4 2 
    11 | 3 4 2 
    12 | 3 4 2 
    13 | 1 4 2 
    14 | 7 4 2 
    15 | 7 4 2 
    16 | . . 2 
    
    Boxes' corners:      (w,l)
        Box 1 is at 
            top left     (0,13)
            bottom right (0,13)
    
        Box 2 is at 
            top left     (2,9)
            bottom right (2,16)
    
        Box 3 is at 
            top left     (0,5)
            bottom right (0,12)
    
        Box 4 is at 
            top left     (1,8)
            bottom right (1,15)
    
        Box 5 is at 
            top left     (0,1)
            bottom right (2,3)
    
        Box 6 is at 
            top left     (1,5)
            bottom right (2,6)
    
        Box 7 is at 
            top left     (0,14)
            bottom right (0,15)
    
        Box 8 is at 
            top left     (0,0)
            bottom right (2,0)
    
        Roll length used: 17

    [1;34mTry max length:[0m 16
    [1;34m    At iteration:[0m 19
        lingeling found a solution in .045 ms

       | W
     L | 0 1 2 
    ----------
     0 | . . . 
     1 | 8 8 8 
     2 | . . 1 
     3 | 5 5 5 
     4 | 5 5 5 
     5 | 5 5 5 
     6 | 6 6 7 
     7 | 6 6 7 
     8 | 4 2 3 
     9 | 4 2 3 
    10 | 4 2 3 
    11 | 4 2 3 
    12 | 4 2 3 
    13 | 4 2 3 
    14 | 4 2 3 
    15 | 4 2 3 
    
    Boxes' corners:      (w,l)
        Box 1 is at 
            top left     (2,2)
            bottom right (2,2)
    
        Box 2 is at 
            top left     (1,8)
            bottom right (1,15)
    
        Box 3 is at 
            top left     (2,8)
            bottom right (2,15)
    
        Box 4 is at 
            top left     (0,8)
            bottom right (0,15)
    
        Box 5 is at 
            top left     (0,3)
            bottom right (2,5)
    
        Box 6 is at 
            top left     (0,6)
            bottom right (1,7)
    
        Box 7 is at 
            top left     (2,6)
            bottom right (2,7)
    
        Box 8 is at 
            top left     (0,1)
            bottom right (2,1)
    
        Roll length used: 16

    [1;34mTry max length:[0m 15
    [1;34m    At iteration:[0m 20
        lingeling found a solution in .040 ms

       | W
     L | 0 1 2 
    ----------
     0 | 4 6 6 
     1 | 4 6 6 
     2 | 4 3 2 
     3 | 4 3 2 
     4 | 4 3 2 
     5 | 4 3 2 
     6 | 4 3 2 
     7 | 4 3 2 
     8 | 8 3 2 
     9 | 8 3 2 
    10 | 8 7 1 
    11 | . 7 . 
    12 | 5 5 5 
    13 | 5 5 5 
    14 | 5 5 5 
    
    Boxes' corners:      (w,l)
        Box 1 is at 
            top left     (2,10)
            bottom right (2,10)
    
        Box 2 is at 
            top left     (2,2)
            bottom right (2,9)
    
        Box 3 is at 
            top left     (1,2)
            bottom right (1,9)
    
        Box 4 is at 
            top left     (0,0)
            bottom right (0,7)
    
        Box 5 is at 
            top left     (0,12)
            bottom right (2,14)
    
        Box 6 is at 
            top left     (1,0)
            bottom right (2,1)
    
        Box 7 is at 
            top left     (1,10)
            bottom right (1,11)
    
        Box 8 is at 
            top left     (0,8)
            bottom right (0,10)
    
        Roll length used: 15

    [1;34mTry max length:[0m 14
    [1;34m    At iteration:[0m 21
        [3;31mlingeling determined unsatisfiability of the Boolean formula[0m
        [1;32mOptimality reached![0m
