Sun 3 Jun 21:03:33 CEST 2018
    [1;34mTry max length:[0m 999999
    [1;34m    At iteration:[0m 0
        lingeling found a solution in .237 ms

       | W
     L |  0 1 2 3 4 5 6  7  8 
    -------------------------
     0 |  . . . . . . 5  5  5 
     1 |  . . . . . . .  .  . 
     2 |  . . . . . . .  .  . 
     3 |  . . . . . . .  .  . 
     4 |  . . . . . . .  .  . 
     5 |  . . . . . . .  .  . 
     6 |  . . . . . . .  .  . 
     7 |  . . . . . . .  .  . 
     8 |  . . . . . . .  .  . 
     9 |  . . . . . . .  .  . 
    10 |  . . . . . . .  .  . 
    11 | 10 . . . . . .  .  . 
    12 | 10 . . . . . .  .  . 
    13 |  9 . . . . . .  .  . 
    14 |  9 . . . . . .  .  . 
    15 |  8 . . . . . .  . 11 
    16 |  8 . . . . . .  . 11 
    17 |  7 . . . . . .  .  . 
    18 |  7 . . . . . .  .  . 
    19 |  6 . . . . . . 12 12 
    20 |  6 . . 4 3 2 1 12 12 
    
    Boxes' corners:       (w,l)
        Box  1 is at 
            top left     (6,20)
            bottom right (6,20)
    
        Box  2 is at 
            top left     (5,20)
            bottom right (5,20)
    
        Box  3 is at 
            top left     (4,20)
            bottom right (4,20)
    
        Box  4 is at 
            top left     (3,20)
            bottom right (3,20)
    
        Box  5 is at 
            top left     (6,0)
            bottom right (8,0)
    
        Box  6 is at 
            top left     (0,19)
            bottom right (0,20)
    
        Box  7 is at 
            top left     (0,17)
            bottom right (0,18)
    
        Box  8 is at 
            top left     (0,15)
            bottom right (0,16)
    
        Box  9 is at 
            top left     (0,13)
            bottom right (0,14)
    
        Box 10 is at 
            top left     (0,11)
            bottom right (0,12)
    
        Box 11 is at 
            top left     (8,15)
            bottom right (8,16)
    
        Box 12 is at 
            top left     (7,19)
            bottom right (8,20)
    
        Roll length used: 21

    [1;34mTry max length:[0m 20
    [1;34m    At iteration:[0m 1
        lingeling found a solution in .219 ms

       | W
     L |  0 1 2 3 4 5 6  7  8 
    -------------------------
     0 |  . . . . . . 5  5  5 
     1 |  . . . . . . .  .  . 
     2 |  . . . . . . .  .  . 
     3 |  . . . . . . .  .  . 
     4 |  . . . . . . .  .  . 
     5 |  . . . . . . .  .  . 
     6 |  . . . . . . .  .  . 
     7 |  . . . . . . .  .  . 
     8 |  . . . . . . .  .  . 
     9 |  . . . . . . .  .  . 
    10 | 10 . . . . . .  .  . 
    11 | 10 . . . . . .  . 11 
    12 |  9 . . . . . .  . 11 
    13 |  9 . . . . . .  .  . 
    14 |  8 . . . . . .  .  . 
    15 |  8 . . . . . .  .  . 
    16 |  7 . . . . . .  .  . 
    17 |  7 . . . . . .  .  . 
    18 |  6 . . . . . . 12 12 
    19 |  6 . . 4 3 2 1 12 12 
    
    Boxes' corners:       (w,l)
        Box  1 is at 
            top left     (6,19)
            bottom right (6,19)
    
        Box  2 is at 
            top left     (5,19)
            bottom right (5,19)
    
        Box  3 is at 
            top left     (4,19)
            bottom right (4,19)
    
        Box  4 is at 
            top left     (3,19)
            bottom right (3,19)
    
        Box  5 is at 
            top left     (6,0)
            bottom right (8,0)
    
        Box  6 is at 
            top left     (0,18)
            bottom right (0,19)
    
        Box  7 is at 
            top left     (0,16)
            bottom right (0,17)
    
        Box  8 is at 
            top left     (0,14)
            bottom right (0,15)
    
        Box  9 is at 
            top left     (0,12)
            bottom right (0,13)
    
        Box 10 is at 
            top left     (0,10)
            bottom right (0,11)
    
        Box 11 is at 
            top left     (8,11)
            bottom right (8,12)
    
        Box 12 is at 
            top left     (7,18)
            bottom right (8,19)
    
        Roll length used: 20

    [1;34mTry max length:[0m 19
    [1;34m    At iteration:[0m 2
        lingeling found a solution in .203 ms

       | W
     L |  0 1 2 3 4 5 6  7  8 
    -------------------------
     0 |  . . . . . . 5  5  5 
     1 |  . . . . . . .  .  . 
     2 |  . . . . . . .  .  . 
     3 |  . . . . . . .  .  . 
     4 |  . . . . . . .  .  . 
     5 |  . . . . . . .  .  . 
     6 |  . . . . . . .  .  . 
     7 |  . . . . . . .  . 11 
     8 |  . . . . . . .  . 11 
     9 | 10 . . . . . .  .  . 
    10 | 10 . . . . . .  .  . 
    11 |  9 . . . . . .  .  . 
    12 |  9 . . . . . .  .  . 
    13 |  8 . . . . . .  .  . 
    14 |  8 . . . . . .  .  . 
    15 |  7 . . . . . .  .  . 
    16 |  7 . . . . . .  .  . 
    17 |  6 . . . . . . 12 12 
    18 |  6 . . 4 3 2 1 12 12 
    
    Boxes' corners:       (w,l)
        Box  1 is at 
            top left     (6,18)
            bottom right (6,18)
    
        Box  2 is at 
            top left     (5,18)
            bottom right (5,18)
    
        Box  3 is at 
            top left     (4,18)
            bottom right (4,18)
    
        Box  4 is at 
            top left     (3,18)
            bottom right (3,18)
    
        Box  5 is at 
            top left     (6,0)
            bottom right (8,0)
    
        Box  6 is at 
            top left     (0,17)
            bottom right (0,18)
    
        Box  7 is at 
            top left     (0,15)
            bottom right (0,16)
    
        Box  8 is at 
            top left     (0,13)
            bottom right (0,14)
    
        Box  9 is at 
            top left     (0,11)
            bottom right (0,12)
    
        Box 10 is at 
            top left     (0,9)
            bottom right (0,10)
    
        Box 11 is at 
            top left     (8,7)
            bottom right (8,8)
    
        Box 12 is at 
            top left     (7,17)
            bottom right (8,18)
    
        Roll length used: 19

    [1;34mTry max length:[0m 18
    [1;34m    At iteration:[0m 3
        lingeling found a solution in .185 ms

       | W
     L |  0 1 2 3 4 5 6  7  8 
    -------------------------
     0 |  . . . . . . 5  5  5 
     1 |  . . . . . . .  .  . 
     2 |  . . . . . . .  .  . 
     3 |  . . . . . . .  .  . 
     4 |  . . . . . . .  .  . 
     5 |  . . . . . . .  .  . 
     6 |  . . . . . . .  .  . 
     7 |  . . . . . . .  .  . 
     8 | 10 . . . . . .  .  . 
     9 | 10 . . . . . .  .  . 
    10 |  9 . . . . . .  .  . 
    11 |  9 . . . . . .  .  . 
    12 |  8 . . . . . .  . 11 
    13 |  8 . . . . . .  . 11 
    14 |  7 . . . . . .  .  . 
    15 |  7 . . . . . .  .  . 
    16 |  6 . . . . . . 12 12 
    17 |  6 . . 4 3 2 1 12 12 
    
    Boxes' corners:       (w,l)
        Box  1 is at 
            top left     (6,17)
            bottom right (6,17)
    
        Box  2 is at 
            top left     (5,17)
            bottom right (5,17)
    
        Box  3 is at 
            top left     (4,17)
            bottom right (4,17)
    
        Box  4 is at 
            top left     (3,17)
            bottom right (3,17)
    
        Box  5 is at 
            top left     (6,0)
            bottom right (8,0)
    
        Box  6 is at 
            top left     (0,16)
            bottom right (0,17)
    
        Box  7 is at 
            top left     (0,14)
            bottom right (0,15)
    
        Box  8 is at 
            top left     (0,12)
            bottom right (0,13)
    
        Box  9 is at 
            top left     (0,10)
            bottom right (0,11)
    
        Box 10 is at 
            top left     (0,8)
            bottom right (0,9)
    
        Box 11 is at 
            top left     (8,12)
            bottom right (8,13)
    
        Box 12 is at 
            top left     (7,16)
            bottom right (8,17)
    
        Roll length used: 18

    [1;34mTry max length:[0m 17
    [1;34m    At iteration:[0m 4
        lingeling found a solution in .183 ms

       | W
     L |  0 1 2 3 4 5 6  7  8 
    -------------------------
     0 |  . . . . . . 5  5  5 
     1 |  . . . . . . .  .  . 
     2 |  . . . . . . .  .  . 
     3 |  . . . . . . .  .  . 
     4 |  . . . . . . .  .  . 
     5 |  . . . . . . .  .  . 
     6 |  . . . . . . .  .  . 
     7 |  . . . . . . .  .  . 
     8 |  . . . . . . .  .  . 
     9 | 11 . . . . . .  .  . 
    10 | 11 . . . . . .  . 10 
    11 |  8 . . . . . .  . 10 
    12 |  8 . . . . . .  .  9 
    13 |  7 . . . . . .  .  9 
    14 |  7 . . . . . .  .  . 
    15 |  6 . . . . . . 12 12 
    16 |  6 . . 4 3 2 1 12 12 
    
    Boxes' corners:       (w,l)
        Box  1 is at 
            top left     (6,16)
            bottom right (6,16)
    
        Box  2 is at 
            top left     (5,16)
            bottom right (5,16)
    
        Box  3 is at 
            top left     (4,16)
            bottom right (4,16)
    
        Box  4 is at 
            top left     (3,16)
            bottom right (3,16)
    
        Box  5 is at 
            top left     (6,0)
            bottom right (8,0)
    
        Box  6 is at 
            top left     (0,15)
            bottom right (0,16)
    
        Box  7 is at 
            top left     (0,13)
            bottom right (0,14)
    
        Box  8 is at 
            top left     (0,11)
            bottom right (0,12)
    
        Box  9 is at 
            top left     (8,12)
            bottom right (8,13)
    
        Box 10 is at 
            top left     (8,10)
            bottom right (8,11)
    
        Box 11 is at 
            top left     (0,9)
            bottom right (0,10)
    
        Box 12 is at 
            top left     (7,15)
            bottom right (8,16)
    
        Roll length used: 17

    [1;34mTry max length:[0m 16
    [1;34m    At iteration:[0m 5
        lingeling found a solution in .171 ms

       | W
     L |  0 1 2 3 4 5 6  7  8 
    -------------------------
     0 |  . . . . . . 5  5  5 
     1 |  . . . . . . .  .  . 
     2 |  . . . . . . .  .  . 
     3 |  . . . . . . .  .  . 
     4 | 11 . . . . . .  .  . 
     5 | 11 . . . . . .  .  . 
     6 | 10 . . . . . .  .  . 
     7 | 10 . . . . . .  .  . 
     8 |  9 . . . . . .  .  . 
     9 |  9 . . . . . .  .  . 
    10 |  8 . . . . . .  .  . 
    11 |  8 . . . . . .  .  . 
    12 |  7 . . . . . .  .  . 
    13 |  7 . . . . . .  .  . 
    14 |  6 . . . . . . 12 12 
    15 |  6 . . 4 3 2 1 12 12 
    
    Boxes' corners:       (w,l)
        Box  1 is at 
            top left     (6,15)
            bottom right (6,15)
    
        Box  2 is at 
            top left     (5,15)
            bottom right (5,15)
    
        Box  3 is at 
            top left     (4,15)
            bottom right (4,15)
    
        Box  4 is at 
            top left     (3,15)
            bottom right (3,15)
    
        Box  5 is at 
            top left     (6,0)
            bottom right (8,0)
    
        Box  6 is at 
            top left     (0,14)
            bottom right (0,15)
    
        Box  7 is at 
            top left     (0,12)
            bottom right (0,13)
    
        Box  8 is at 
            top left     (0,10)
            bottom right (0,11)
    
        Box  9 is at 
            top left     (0,8)
            bottom right (0,9)
    
        Box 10 is at 
            top left     (0,6)
            bottom right (0,7)
    
        Box 11 is at 
            top left     (0,4)
            bottom right (0,5)
    
        Box 12 is at 
            top left     (7,14)
            bottom right (8,15)
    
        Roll length used: 16

    [1;34mTry max length:[0m 15
    [1;34m    At iteration:[0m 6
        lingeling found a solution in .161 ms

       | W
     L |  0 1 2 3 4 5 6  7  8 
    -------------------------
     0 |  . . . . . . 5  5  5 
     1 |  . . . . . . .  .  . 
     2 |  . . . . . . .  .  . 
     3 |  . . . . . . .  .  . 
     4 |  . . . . . . .  .  . 
     5 | 11 . . . . . .  . 10 
     6 | 11 . . . . . .  . 10 
     7 |  9 . . . . . .  .  . 
     8 |  9 . . . . . .  .  . 
     9 |  8 . . . . . .  .  . 
    10 |  8 . . . . . .  .  . 
    11 |  7 . . . . . .  .  . 
    12 |  7 . . . . . .  .  . 
    13 |  6 . . . . . . 12 12 
    14 |  6 . . 4 3 2 1 12 12 
    
    Boxes' corners:       (w,l)
        Box  1 is at 
            top left     (6,14)
            bottom right (6,14)
    
        Box  2 is at 
            top left     (5,14)
            bottom right (5,14)
    
        Box  3 is at 
            top left     (4,14)
            bottom right (4,14)
    
        Box  4 is at 
            top left     (3,14)
            bottom right (3,14)
    
        Box  5 is at 
            top left     (6,0)
            bottom right (8,0)
    
        Box  6 is at 
            top left     (0,13)
            bottom right (0,14)
    
        Box  7 is at 
            top left     (0,11)
            bottom right (0,12)
    
        Box  8 is at 
            top left     (0,9)
            bottom right (0,10)
    
        Box  9 is at 
            top left     (0,7)
            bottom right (0,8)
    
        Box 10 is at 
            top left     (8,5)
            bottom right (8,6)
    
        Box 11 is at 
            top left     (0,5)
            bottom right (0,6)
    
        Box 12 is at 
            top left     (7,13)
            bottom right (8,14)
    
        Roll length used: 15

    [1;34mTry max length:[0m 14
    [1;34m    At iteration:[0m 7
        lingeling found a solution in .143 ms

       | W
     L |  0 1 2 3 4 5 6  7  8 
    -------------------------
     0 |  . . . . . . 5  5  5 
     1 |  . . . . . . .  .  . 
     2 |  . . . . . . .  .  . 
     3 |  . . . . . . .  .  . 
     4 | 11 . . . . . .  .  . 
     5 | 11 . . . . . .  .  . 
     6 |  9 . . . . . .  . 10 
     7 |  9 . . . . . .  . 10 
     8 |  8 . . . . . .  .  . 
     9 |  8 . . . . . .  .  . 
    10 |  7 . . . . . .  .  . 
    11 |  7 . . . . . .  .  . 
    12 |  6 . . . . . . 12 12 
    13 |  6 . . 4 3 2 1 12 12 
    
    Boxes' corners:       (w,l)
        Box  1 is at 
            top left     (6,13)
            bottom right (6,13)
    
        Box  2 is at 
            top left     (5,13)
            bottom right (5,13)
    
        Box  3 is at 
            top left     (4,13)
            bottom right (4,13)
    
        Box  4 is at 
            top left     (3,13)
            bottom right (3,13)
    
        Box  5 is at 
            top left     (6,0)
            bottom right (8,0)
    
        Box  6 is at 
            top left     (0,12)
            bottom right (0,13)
    
        Box  7 is at 
            top left     (0,10)
            bottom right (0,11)
    
        Box  8 is at 
            top left     (0,8)
            bottom right (0,9)
    
        Box  9 is at 
            top left     (0,6)
            bottom right (0,7)
    
        Box 10 is at 
            top left     (8,6)
            bottom right (8,7)
    
        Box 11 is at 
            top left     (0,4)
            bottom right (0,5)
    
        Box 12 is at 
            top left     (7,12)
            bottom right (8,13)
    
        Roll length used: 14

    [1;34mTry max length:[0m 13
    [1;34m    At iteration:[0m 8
        lingeling found a solution in .124 ms

       | W
     L |  0 1 2 3 4 5 6  7  8 
    -------------------------
     0 |  . . . . . . .  .  . 
     1 |  . . . . . . .  .  . 
     2 |  . . . . . . .  .  . 
     3 |  . . . . . . .  .  . 
     4 |  . . . . . . .  .  . 
     5 |  . . . . . . .  . 11 
     6 |  . . . . . . .  . 11 
     7 | 10 . . . . . .  .  9 
     8 | 10 . . . . . .  .  9 
     9 |  8 . . . . . .  .  7 
    10 |  8 . . . . . .  .  7 
    11 |  6 . . . . . 3 12 12 
    12 |  6 2 1 4 5 5 5 12 12 
    
    Boxes' corners:       (w,l)
        Box  1 is at 
            top left     (2,12)
            bottom right (2,12)
    
        Box  2 is at 
            top left     (1,12)
            bottom right (1,12)
    
        Box  3 is at 
            top left     (6,11)
            bottom right (6,11)
    
        Box  4 is at 
            top left     (3,12)
            bottom right (3,12)
    
        Box  5 is at 
            top left     (4,12)
            bottom right (6,12)
    
        Box  6 is at 
            top left     (0,11)
            bottom right (0,12)
    
        Box  7 is at 
            top left     (8,9)
            bottom right (8,10)
    
        Box  8 is at 
            top left     (0,9)
            bottom right (0,10)
    
        Box  9 is at 
            top left     (8,7)
            bottom right (8,8)
    
        Box 10 is at 
            top left     (0,7)
            bottom right (0,8)
    
        Box 11 is at 
            top left     (8,5)
            bottom right (8,6)
    
        Box 12 is at 
            top left     (7,11)
            bottom right (8,12)
    
        Roll length used: 13

    [1;34mTry max length:[0m 12
    [1;34m    At iteration:[0m 9
        lingeling found a solution in .125 ms

       | W
     L | 0 1  2  3  4 5 6 7 8 
    -------------------------
     0 | . .  .  .  . . . . . 
     1 | . .  . 12 12 . . . . 
     2 | . . 10 12 12 . . . . 
     3 | . . 10  .  . . . . . 
     4 | . .  .  .  . . . . . 
     5 | . .  .  .  . . . . . 
     6 | . .  .  9 11 6 . . . 
     7 | . .  .  9 11 6 . . . 
     8 | . .  .  .  . . . . . 
     9 | . .  .  .  5 5 5 . . 
    10 | 8 .  .  .  . . 7 . . 
    11 | 8 .  .  .  4 3 7 2 1 
    
    Boxes' corners:       (w,l)
        Box  1 is at 
            top left     (8,11)
            bottom right (8,11)
    
        Box  2 is at 
            top left     (7,11)
            bottom right (7,11)
    
        Box  3 is at 
            top left     (5,11)
            bottom right (5,11)
    
        Box  4 is at 
            top left     (4,11)
            bottom right (4,11)
    
        Box  5 is at 
            top left     (4,9)
            bottom right (6,9)
    
        Box  6 is at 
            top left     (5,6)
            bottom right (5,7)
    
        Box  7 is at 
            top left     (6,10)
            bottom right (6,11)
    
        Box  8 is at 
            top left     (0,10)
            bottom right (0,11)
    
        Box  9 is at 
            top left     (3,6)
            bottom right (3,7)
    
        Box 10 is at 
            top left     (2,2)
            bottom right (2,3)
    
        Box 11 is at 
            top left     (4,6)
            bottom right (4,7)
    
        Box 12 is at 
            top left     (3,1)
            bottom right (4,2)
    
        Roll length used: 12

    [1;34mTry max length:[0m 11
    [1;34m    At iteration:[0m 10
        lingeling found a solution in .116 ms

       | W
     L |  0 1 2 3 4 5 6  7  8 
    -------------------------
     0 |  9 . . . . . 5  8  . 
     1 |  9 . . . . . 5  8  . 
     2 | 11 . . . . . 5  .  . 
     3 | 11 . . . . . .  .  . 
     4 | 10 . . . . . .  .  . 
     5 | 10 . . . . . .  .  . 
     6 |  . . . . . . .  .  . 
     7 |  7 . . . . . .  .  . 
     8 |  7 . . . . . .  .  . 
     9 |  6 . . . . . . 12 12 
    10 |  6 . . 4 3 2 1 12 12 
    
    Boxes' corners:       (w,l)
        Box  1 is at 
            top left     (6,10)
            bottom right (6,10)
    
        Box  2 is at 
            top left     (5,10)
            bottom right (5,10)
    
        Box  3 is at 
            top left     (4,10)
            bottom right (4,10)
    
        Box  4 is at 
            top left     (3,10)
            bottom right (3,10)
    
        Box  5 is at 
            top left     (6,0)
            bottom right (6,2)
    
        Box  6 is at 
            top left     (0,9)
            bottom right (0,10)
    
        Box  7 is at 
            top left     (0,7)
            bottom right (0,8)
    
        Box  8 is at 
            top left     (7,0)
            bottom right (7,1)
    
        Box  9 is at 
            top left     (0,0)
            bottom right (0,1)
    
        Box 10 is at 
            top left     (0,4)
            bottom right (0,5)
    
        Box 11 is at 
            top left     (0,2)
            bottom right (0,3)
    
        Box 12 is at 
            top left     (7,9)
            bottom right (8,10)
    
        Roll length used: 11

    [1;34mTry max length:[0m 10
    [1;34m    At iteration:[0m 11
        lingeling found a solution in .103 ms

       | W
     L |  0 1  2  3 4 5 6 7 8 
    -------------------------
     0 |  . .  .  . . . . . . 
     1 |  . . 12 12 . . . . 3 
     2 | 11 . 12 12 . . . . . 
     3 | 11 .  .  . . . . 2 . 
     4 | 10 .  .  . . . . . . 
     5 | 10 .  .  . . . . . . 
     6 |  9 .  .  . . . . . . 
     7 |  9 .  .  . 5 5 5 . . 
     8 |  8 .  4  . . . 7 6 . 
     9 |  8 .  .  . . . 7 6 1 
    
    Boxes' corners:       (w,l)
        Box  1 is at 
            top left     (8,9)
            bottom right (8,9)
    
        Box  2 is at 
            top left     (7,3)
            bottom right (7,3)
    
        Box  3 is at 
            top left     (8,1)
            bottom right (8,1)
    
        Box  4 is at 
            top left     (2,8)
            bottom right (2,8)
    
        Box  5 is at 
            top left     (4,7)
            bottom right (6,7)
    
        Box  6 is at 
            top left     (7,8)
            bottom right (7,9)
    
        Box  7 is at 
            top left     (6,8)
            bottom right (6,9)
    
        Box  8 is at 
            top left     (0,8)
            bottom right (0,9)
    
        Box  9 is at 
            top left     (0,6)
            bottom right (0,7)
    
        Box 10 is at 
            top left     (0,4)
            bottom right (0,5)
    
        Box 11 is at 
            top left     (0,2)
            bottom right (0,3)
    
        Box 12 is at 
            top left     (2,1)
            bottom right (3,2)
    
        Roll length used: 10

    [1;34mTry max length:[0m 9
    [1;34m    At iteration:[0m 12
        lingeling found a solution in .092 ms

      | W
    L |  0 1 2 3 4 5 6  7  8 
    -------------------------
    0 | 11 . . . . . 3  . 10 
    1 | 11 . . 2 . . .  . 10 
    2 |  9 . . . . . .  .  . 
    3 |  9 . . . . . .  .  8 
    4 |  7 . . . . . .  .  8 
    5 |  7 . . . . . .  .  6 
    6 |  5 . . . . . .  .  6 
    7 |  5 1 . . . . . 12 12 
    8 |  5 . . . . . 4 12 12 
    
    Boxes' corners:       (w,l)
        Box  1 is at 
            top left     (1,7)
            bottom right (1,7)
    
        Box  2 is at 
            top left     (3,1)
            bottom right (3,1)
    
        Box  3 is at 
            top left     (6,0)
            bottom right (6,0)
    
        Box  4 is at 
            top left     (6,8)
            bottom right (6,8)
    
        Box  5 is at 
            top left     (0,6)
            bottom right (0,8)
    
        Box  6 is at 
            top left     (8,5)
            bottom right (8,6)
    
        Box  7 is at 
            top left     (0,4)
            bottom right (0,5)
    
        Box  8 is at 
            top left     (8,3)
            bottom right (8,4)
    
        Box  9 is at 
            top left     (0,2)
            bottom right (0,3)
    
        Box 10 is at 
            top left     (8,0)
            bottom right (8,1)
    
        Box 11 is at 
            top left     (0,0)
            bottom right (0,1)
    
        Box 12 is at 
            top left     (7,7)
            bottom right (8,8)
    
        Roll length used: 9

    [1;34mTry max length:[0m 8
    [1;34m    At iteration:[0m 13
        lingeling found a solution in .079 ms

      | W
    L | 0 1 2 3 4 5 6  7  8 
    ------------------------
    0 | 9 . . . . . .  . 10 
    1 | 9 . . . . . 7  . 10 
    2 | 8 . . . . . 7  . 11 
    3 | 8 . . . . . .  . 11 
    4 | . . 1 . . . .  .  6 
    5 | 5 . . . . . .  .  6 
    6 | 5 . . . . . . 12 12 
    7 | 5 4 . . . 3 2 12 12 
    
    Boxes' corners:       (w,l)
        Box  1 is at 
            top left     (2,4)
            bottom right (2,4)
    
        Box  2 is at 
            top left     (6,7)
            bottom right (6,7)
    
        Box  3 is at 
            top left     (5,7)
            bottom right (5,7)
    
        Box  4 is at 
            top left     (1,7)
            bottom right (1,7)
    
        Box  5 is at 
            top left     (0,5)
            bottom right (0,7)
    
        Box  6 is at 
            top left     (8,4)
            bottom right (8,5)
    
        Box  7 is at 
            top left     (6,1)
            bottom right (6,2)
    
        Box  8 is at 
            top left     (0,2)
            bottom right (0,3)
    
        Box  9 is at 
            top left     (0,0)
            bottom right (0,1)
    
        Box 10 is at 
            top left     (8,0)
            bottom right (8,1)
    
        Box 11 is at 
            top left     (8,2)
            bottom right (8,3)
    
        Box 12 is at 
            top left     (7,6)
            bottom right (8,7)
    
        Roll length used: 8

    [1;34mTry max length:[0m 7
    [1;34m    At iteration:[0m 14
        lingeling found a solution in .073 ms

      | W
    L | 0 1 2  3 4 5 6  7  8 
    -------------------------
    0 | 9 . .  . 7 . 1  . 10 
    1 | 9 . .  . 7 . .  . 10 
    2 | 8 . .  . . . .  .  6 
    3 | 8 . .  . . . .  .  6 
    4 | 5 . . 11 2 . .  .  . 
    5 | 5 . . 11 . . . 12 12 
    6 | 5 . .  . . 4 3 12 12 
    
    Boxes' corners:       (w,l)
        Box  1 is at 
            top left     (6,0)
            bottom right (6,0)
    
        Box  2 is at 
            top left     (4,4)
            bottom right (4,4)
    
        Box  3 is at 
            top left     (6,6)
            bottom right (6,6)
    
        Box  4 is at 
            top left     (5,6)
            bottom right (5,6)
    
        Box  5 is at 
            top left     (0,4)
            bottom right (0,6)
    
        Box  6 is at 
            top left     (8,2)
            bottom right (8,3)
    
        Box  7 is at 
            top left     (4,0)
            bottom right (4,1)
    
        Box  8 is at 
            top left     (0,2)
            bottom right (0,3)
    
        Box  9 is at 
            top left     (0,0)
            bottom right (0,1)
    
        Box 10 is at 
            top left     (8,0)
            bottom right (8,1)
    
        Box 11 is at 
            top left     (3,4)
            bottom right (3,5)
    
        Box 12 is at 
            top left     (7,5)
            bottom right (8,6)
    
        Roll length used: 7

    [1;34mTry max length:[0m 6
    [1;34m    At iteration:[0m 15
        lingeling found a solution in .061 ms

      | W
    L |  0 1 2 3 4 5  6  7  8 
    --------------------------
    0 | 10 . . . . .  .  .  7 
    1 | 10 . . . . .  .  .  7 
    2 |  . . . . 2 .  8  .  6 
    3 |  5 9 . . . .  8  .  6 
    4 |  5 9 . . . . 11 12 12 
    5 |  5 . . 4 3 1 11 12 12 
    
    Boxes' corners:       (w,l)
        Box  1 is at 
            top left     (5,5)
            bottom right (5,5)
    
        Box  2 is at 
            top left     (4,2)
            bottom right (4,2)
    
        Box  3 is at 
            top left     (4,5)
            bottom right (4,5)
    
        Box  4 is at 
            top left     (3,5)
            bottom right (3,5)
    
        Box  5 is at 
            top left     (0,3)
            bottom right (0,5)
    
        Box  6 is at 
            top left     (8,2)
            bottom right (8,3)
    
        Box  7 is at 
            top left     (8,0)
            bottom right (8,1)
    
        Box  8 is at 
            top left     (6,2)
            bottom right (6,3)
    
        Box  9 is at 
            top left     (1,3)
            bottom right (1,4)
    
        Box 10 is at 
            top left     (0,0)
            bottom right (0,1)
    
        Box 11 is at 
            top left     (6,4)
            bottom right (6,5)
    
        Box 12 is at 
            top left     (7,4)
            bottom right (8,5)
    
        Roll length used: 6

    [1;34mTry max length:[0m 5
    [1;34m    At iteration:[0m 16
        lingeling found a solution in .050 ms

      | W
    L |  0  1 2 3  4 5  6  7 8 
    ---------------------------
    0 | 11 11 . .  . 6 12 12 . 
    1 |  .  . . .  . 6 12 12 5 
    2 |  .  . . .  . .  4  . 5 
    3 |  7  3 9 . 10 .  8  . 5 
    4 |  7  1 9 . 10 .  8  2 . 
    
    Boxes' corners:       (w,l)
        Box  1 is at 
            top left     (1,4)
            bottom right (1,4)
    
        Box  2 is at 
            top left     (7,4)
            bottom right (7,4)
    
        Box  3 is at 
            top left     (1,3)
            bottom right (1,3)
    
        Box  4 is at 
            top left     (6,2)
            bottom right (6,2)
    
        Box  5 is at 
            top left     (8,1)
            bottom right (8,3)
    
        Box  6 is at 
            top left     (5,0)
            bottom right (5,1)
    
        Box  7 is at 
            top left     (0,3)
            bottom right (0,4)
    
        Box  8 is at 
            top left     (6,3)
            bottom right (6,4)
    
        Box  9 is at 
            top left     (2,3)
            bottom right (2,4)
    
        Box 10 is at 
            top left     (4,3)
            bottom right (4,4)
    
        Box 11 is at 
            top left     (0,0)
            bottom right (1,0)
    
        Box 12 is at 
            top left     (6,0)
            bottom right (7,1)
    
        Roll length used: 5

    [1;34mTry max length:[0m 4
    [1;34m    At iteration:[0m 17
        lingeling found a solution in .036 ms

      | W
    L | 0 1 2 3 4  5 6  7  8 
    -------------------------
    0 | 5 9 . . . 10 6  .  7 
    1 | 5 9 . . . 10 6  .  7 
    2 | 5 . . . . 11 8 12 12 
    3 | . 4 3 1 2 11 8 12 12 
    
    Boxes' corners:       (w,l)
        Box  1 is at 
            top left     (3,3)
            bottom right (3,3)
    
        Box  2 is at 
            top left     (4,3)
            bottom right (4,3)
    
        Box  3 is at 
            top left     (2,3)
            bottom right (2,3)
    
        Box  4 is at 
            top left     (1,3)
            bottom right (1,3)
    
        Box  5 is at 
            top left     (0,0)
            bottom right (0,2)
    
        Box  6 is at 
            top left     (6,0)
            bottom right (6,1)
    
        Box  7 is at 
            top left     (8,0)
            bottom right (8,1)
    
        Box  8 is at 
            top left     (6,2)
            bottom right (6,3)
    
        Box  9 is at 
            top left     (1,0)
            bottom right (1,1)
    
        Box 10 is at 
            top left     (5,0)
            bottom right (5,1)
    
        Box 11 is at 
            top left     (5,2)
            bottom right (5,3)
    
        Box 12 is at 
            top left     (7,2)
            bottom right (8,3)
    
        Roll length used: 4

    [1;34mTry max length:[0m 3
    [1;34m    At iteration:[0m 18
        lingeling found a solution in .028 ms

      | W
    L | 0 1 2  3  4 5  6  7 8 
    --------------------------
    0 | 6 5 .  4  3 8 12 12 7 
    1 | 6 5 9 11 10 8 12 12 7 
    2 | . 5 9 11 10 2  .  1 . 
    
    Boxes' corners:       (w,l)
        Box  1 is at 
            top left     (7,2)
            bottom right (7,2)
    
        Box  2 is at 
            top left     (5,2)
            bottom right (5,2)
    
        Box  3 is at 
            top left     (4,0)
            bottom right (4,0)
    
        Box  4 is at 
            top left     (3,0)
            bottom right (3,0)
    
        Box  5 is at 
            top left     (1,0)
            bottom right (1,2)
    
        Box  6 is at 
            top left     (0,0)
            bottom right (0,1)
    
        Box  7 is at 
            top left     (8,0)
            bottom right (8,1)
    
        Box  8 is at 
            top left     (5,0)
            bottom right (5,1)
    
        Box  9 is at 
            top left     (2,1)
            bottom right (2,2)
    
        Box 10 is at 
            top left     (4,1)
            bottom right (4,2)
    
        Box 11 is at 
            top left     (3,1)
            bottom right (3,2)
    
        Box 12 is at 
            top left     (6,0)
            bottom right (7,1)
    
        Roll length used: 3

    [1;34mTry max length:[0m 2
    [1;34m    At iteration:[0m 19
        [3;31mlingeling determined unsatisfiability of the Boolean formula[0m
        [1;32mOptimality reached![0m
