Sun 3 Jun 20:55:40 CEST 2018
    [1;34mTry max length:[0m 999999
    [1;34m    At iteration:[0m 0
        lingeling found a solution in .263 ms

       | W
     L | 0 1 2 3 4 5 6 7 
    --------------------
     0 | . . 1 1 1 1 . . 
     1 | . . 1 1 1 1 . . 
     2 | . . 1 1 1 1 . . 
     3 | . . . . . . . . 
     4 | . . . . . . . . 
     5 | . . . . . . . . 
     6 | . . . . . . . . 
     7 | . . . . . . . . 
     8 | . . . . . . . . 
     9 | . . . . . . . . 
    10 | . . . . . . . . 
    11 | . . . . . . . . 
    12 | . . . . . . . . 
    13 | . . . . . . . . 
    14 | . . . . . . . . 
    15 | . . . . . . . . 
    16 | 7 . . 8 8 8 8 8 
    17 | 7 . . . . . . . 
    18 | 6 . . . . . . . 
    19 | 6 . . . . . . . 
    20 | 5 . 9 9 9 9 . . 
    21 | 5 . 9 9 9 9 . . 
    22 | 4 . 9 9 9 9 . . 
    23 | 4 . 9 9 9 9 . . 
    24 | 2 2 2 2 . . . . 
    25 | 2 2 2 2 3 3 . . 
    26 | 2 2 2 2 . . . . 
    
    Boxes' corners:      (w,l)
        Box 1 is at 
            top left     (2,0)
            bottom right (5,2)
    
        Box 2 is at 
            top left     (0,24)
            bottom right (3,26)
    
        Box 3 is at 
            top left     (4,25)
            bottom right (5,25)
    
        Box 4 is at 
            top left     (0,22)
            bottom right (0,23)
    
        Box 5 is at 
            top left     (0,20)
            bottom right (0,21)
    
        Box 6 is at 
            top left     (0,18)
            bottom right (0,19)
    
        Box 7 is at 
            top left     (0,16)
            bottom right (0,17)
    
        Box 8 is at 
            top left     (3,16)
            bottom right (7,16)
    
        Box 9 is at 
            top left     (2,20)
            bottom right (5,23)
    
        Roll length used: 27

    [1;34mTry max length:[0m 26
    [1;34m    At iteration:[0m 1
        lingeling found a solution in .246 ms

       | W
     L | 0 1 2 3 4 5 6 7 
    --------------------
     0 | 1 1 1 1 2 2 2 2 
     1 | 1 1 1 1 2 2 2 2 
     2 | 1 1 1 1 2 2 2 2 
     3 | . . . . . . . . 
     4 | . . . . . . . . 
     5 | . . . . . . . . 
     6 | . . . . . . . . 
     7 | . . . . . . . . 
     8 | . . . . . . . . 
     9 | . . . . . . . . 
    10 | . . . . . . . . 
    11 | . . . . . . . . 
    12 | . . . . . . . . 
    13 | . . . . . . . . 
    14 | . . . . . . . . 
    15 | . . . . . . . . 
    16 | . . 9 9 9 9 . . 
    17 | 7 . 9 9 9 9 . . 
    18 | 7 . 9 9 9 9 . 6 
    19 | 5 . 9 9 9 9 . 6 
    20 | 5 . . . . . . . 
    21 | 3 . . . . . . 4 
    22 | 3 . . . . . . 4 
    23 | . . . . . . . . 
    24 | . . . . . . . . 
    25 | . . 8 8 8 8 8 . 
    
    Boxes' corners:      (w,l)
        Box 1 is at 
            top left     (0,0)
            bottom right (3,2)
    
        Box 2 is at 
            top left     (4,0)
            bottom right (7,2)
    
        Box 3 is at 
            top left     (0,21)
            bottom right (0,22)
    
        Box 4 is at 
            top left     (7,21)
            bottom right (7,22)
    
        Box 5 is at 
            top left     (0,19)
            bottom right (0,20)
    
        Box 6 is at 
            top left     (7,18)
            bottom right (7,19)
    
        Box 7 is at 
            top left     (0,17)
            bottom right (0,18)
    
        Box 8 is at 
            top left     (2,25)
            bottom right (6,25)
    
        Box 9 is at 
            top left     (2,16)
            bottom right (5,19)
    
        Roll length used: 26

    [1;34mTry max length:[0m 25
    [1;34m    At iteration:[0m 2
        lingeling found a solution in .230 ms

       | W
     L | 0 1 2 3 4 5 6 7 
    --------------------
     0 | 1 1 1 1 2 2 2 2 
     1 | 1 1 1 1 2 2 2 2 
     2 | 1 1 1 1 2 2 2 2 
     3 | . . . . . . . . 
     4 | . . . . . . . . 
     5 | . . . . . . . . 
     6 | . . . . . . . . 
     7 | . . . . . . . . 
     8 | . . . . . . . . 
     9 | . . . . . . . . 
    10 | . . . . . . . . 
    11 | . . . . . . . . 
    12 | . . . . . . . . 
    13 | . . . . . . . . 
    14 | . . . . . . . . 
    15 | . . . . . . . . 
    16 | 7 . . . . . . . 
    17 | 7 . . . . . . . 
    18 | 6 . 9 9 9 9 . 5 
    19 | 6 . 9 9 9 9 . 5 
    20 | 4 . 9 9 9 9 . 3 
    21 | 4 . 9 9 9 9 . 3 
    22 | . . . . . . . . 
    23 | . 8 8 8 8 8 . . 
    24 | . . . . . . . . 
    
    Boxes' corners:      (w,l)
        Box 1 is at 
            top left     (0,0)
            bottom right (3,2)
    
        Box 2 is at 
            top left     (4,0)
            bottom right (7,2)
    
        Box 3 is at 
            top left     (7,20)
            bottom right (7,21)
    
        Box 4 is at 
            top left     (0,20)
            bottom right (0,21)
    
        Box 5 is at 
            top left     (7,18)
            bottom right (7,19)
    
        Box 6 is at 
            top left     (0,18)
            bottom right (0,19)
    
        Box 7 is at 
            top left     (0,16)
            bottom right (0,17)
    
        Box 8 is at 
            top left     (1,23)
            bottom right (5,23)
    
        Box 9 is at 
            top left     (2,18)
            bottom right (5,21)
    
        Roll length used: 24

    [1;34mTry max length:[0m 23
    [1;34m    At iteration:[0m 3
        lingeling found a solution in .205 ms

       | W
     L | 0 1 2 3 4 5 6 7 
    --------------------
     0 | . . 8 8 8 8 8 . 
     1 | . . . . . . . . 
     2 | . . . . . . . . 
     3 | . . . . . . . . 
     4 | . . . . . . . . 
     5 | . . . . . . . . 
     6 | . . . . . . . . 
     7 | . . . . . . . . 
     8 | . . . . . . . . 
     9 | . . . . . . . . 
    10 | . . 9 9 9 9 . . 
    11 | . . 9 9 9 9 . . 
    12 | . . 9 9 9 9 . . 
    13 | . . 9 9 9 9 . . 
    14 | 7 . . . . . . . 
    15 | 7 . . . . . . 4 
    16 | 6 . . . . . . 4 
    17 | 6 . . . . . . . 
    18 | 5 . . . . . . 3 
    19 | 5 . . . . . . 3 
    20 | 1 1 1 1 2 2 2 2 
    21 | 1 1 1 1 2 2 2 2 
    22 | 1 1 1 1 2 2 2 2 
    
    Boxes' corners:      (w,l)
        Box 1 is at 
            top left     (0,20)
            bottom right (3,22)
    
        Box 2 is at 
            top left     (4,20)
            bottom right (7,22)
    
        Box 3 is at 
            top left     (7,18)
            bottom right (7,19)
    
        Box 4 is at 
            top left     (7,15)
            bottom right (7,16)
    
        Box 5 is at 
            top left     (0,18)
            bottom right (0,19)
    
        Box 6 is at 
            top left     (0,16)
            bottom right (0,17)
    
        Box 7 is at 
            top left     (0,14)
            bottom right (0,15)
    
        Box 8 is at 
            top left     (2,0)
            bottom right (6,0)
    
        Box 9 is at 
            top left     (2,10)
            bottom right (5,13)
    
        Roll length used: 23

    [1;34mTry max length:[0m 22
    [1;34m    At iteration:[0m 4
        lingeling found a solution in .196 ms

       | W
     L | 0 1 2 3 4 5 6 7 
    --------------------
     0 | 1 1 1 1 . . . . 
     1 | 1 1 1 1 . . . . 
     2 | 1 1 1 1 . . . . 
     3 | . . . . . . . . 
     4 | . . . . . . . . 
     5 | . . . . . . . . 
     6 | . . . . . . . . 
     7 | . . . . . . . . 
     8 | . . . . . . . . 
     9 | . . . . . . . . 
    10 | . . . . . . . . 
    11 | 7 . 8 8 8 8 8 . 
    12 | 7 . . . . . . . 
    13 | 6 . . . . . . . 
    14 | 6 . . . . . . . 
    15 | 5 . 9 9 9 9 . . 
    16 | 5 . 9 9 9 9 . . 
    17 | 4 . 9 9 9 9 . 3 
    18 | 4 . 9 9 9 9 . 3 
    19 | . . . 2 2 2 2 . 
    20 | . . . 2 2 2 2 . 
    21 | . . . 2 2 2 2 . 
    
    Boxes' corners:      (w,l)
        Box 1 is at 
            top left     (0,0)
            bottom right (3,2)
    
        Box 2 is at 
            top left     (3,19)
            bottom right (6,21)
    
        Box 3 is at 
            top left     (7,17)
            bottom right (7,18)
    
        Box 4 is at 
            top left     (0,17)
            bottom right (0,18)
    
        Box 5 is at 
            top left     (0,15)
            bottom right (0,16)
    
        Box 6 is at 
            top left     (0,13)
            bottom right (0,14)
    
        Box 7 is at 
            top left     (0,11)
            bottom right (0,12)
    
        Box 8 is at 
            top left     (2,11)
            bottom right (6,11)
    
        Box 9 is at 
            top left     (2,15)
            bottom right (5,18)
    
        Roll length used: 22

    [1;34mTry max length:[0m 21
    [1;34m    At iteration:[0m 5
        lingeling found a solution in .222 ms

       | W
     L | 0 1 2 3 4 5 6 7 
    --------------------
     0 | . . 8 8 8 8 8 . 
     1 | . . . . . . . . 
     2 | . . . . . . . . 
     3 | . . . . . . . . 
     4 | . . . . . . . . 
     5 | . . . . . . . . 
     6 | . . . . . . . . 
     7 | . . . . . . . . 
     8 | . . . . . . . . 
     9 | . . . . . . . . 
    10 | 7 . . . . . . . 
    11 | 7 . 9 9 9 9 . . 
    12 | 6 . 9 9 9 9 . . 
    13 | 6 . 9 9 9 9 . . 
    14 | 4 . 9 9 9 9 . 5 
    15 | 4 . . . . . . 5 
    16 | 3 . . . . . . . 
    17 | 3 . . . . . . . 
    18 | 2 2 2 2 1 1 1 1 
    19 | 2 2 2 2 1 1 1 1 
    20 | 2 2 2 2 1 1 1 1 
    
    Boxes' corners:      (w,l)
        Box 1 is at 
            top left     (4,18)
            bottom right (7,20)
    
        Box 2 is at 
            top left     (0,18)
            bottom right (3,20)
    
        Box 3 is at 
            top left     (0,16)
            bottom right (0,17)
    
        Box 4 is at 
            top left     (0,14)
            bottom right (0,15)
    
        Box 5 is at 
            top left     (7,14)
            bottom right (7,15)
    
        Box 6 is at 
            top left     (0,12)
            bottom right (0,13)
    
        Box 7 is at 
            top left     (0,10)
            bottom right (0,11)
    
        Box 8 is at 
            top left     (2,0)
            bottom right (6,0)
    
        Box 9 is at 
            top left     (2,11)
            bottom right (5,14)
    
        Roll length used: 21

    [1;34mTry max length:[0m 20
    [1;34m    At iteration:[0m 6
        lingeling found a solution in .169 ms

       | W
     L | 0 1 2 3 4 5 6 7 
    --------------------
     0 | . 2 2 2 2 . . . 
     1 | . 2 2 2 2 . . . 
     2 | . 2 2 2 2 . . . 
     3 | . . . . . . . . 
     4 | . . . . . . . . 
     5 | . . . . . . . . 
     6 | . . . . . . . . 
     7 | . . . . . . . . 
     8 | . . . . . . . . 
     9 | 6 . . . . . . . 
    10 | 6 . . . . . . . 
    11 | 5 . 9 9 9 9 . . 
    12 | 5 . 9 9 9 9 . . 
    13 | 4 . 9 9 9 9 . . 
    14 | 4 . 9 9 9 9 . . 
    15 | 3 . 1 1 1 1 . . 
    16 | 3 . 1 1 1 1 . . 
    17 | . . 1 1 1 1 . 7 
    18 | 8 8 8 8 8 . . 7 
    19 | . . . . . . . . 
    
    Boxes' corners:      (w,l)
        Box 1 is at 
            top left     (2,15)
            bottom right (5,17)
    
        Box 2 is at 
            top left     (1,0)
            bottom right (4,2)
    
        Box 3 is at 
            top left     (0,15)
            bottom right (0,16)
    
        Box 4 is at 
            top left     (0,13)
            bottom right (0,14)
    
        Box 5 is at 
            top left     (0,11)
            bottom right (0,12)
    
        Box 6 is at 
            top left     (0,9)
            bottom right (0,10)
    
        Box 7 is at 
            top left     (7,17)
            bottom right (7,18)
    
        Box 8 is at 
            top left     (0,18)
            bottom right (4,18)
    
        Box 9 is at 
            top left     (2,11)
            bottom right (5,14)
    
        Roll length used: 19

    [1;34mTry max length:[0m 18
    [1;34m    At iteration:[0m 7
        lingeling found a solution in .151 ms

       | W
     L | 0 1 2 3 4 5 6 7 
    --------------------
     0 | 8 8 8 8 8 . . . 
     1 | . . . . . . . . 
     2 | . . . . . . . . 
     3 | . . . . . . . . 
     4 | . . . . . . . 4 
     5 | . . . . . . . 4 
     6 | . . . . . . . 3 
     7 | . . . . . . . 3 
     8 | . . . . . . . . 
     9 | . . . . . . . 7 
    10 | . . . . . . . 7 
    11 | 9 9 9 9 . . . 5 
    12 | 9 9 9 9 . . . 5 
    13 | 9 9 9 9 . . . 6 
    14 | 9 9 9 9 . . . 6 
    15 | 2 2 2 2 1 1 1 1 
    16 | 2 2 2 2 1 1 1 1 
    17 | 2 2 2 2 1 1 1 1 
    
    Boxes' corners:      (w,l)
        Box 1 is at 
            top left     (4,15)
            bottom right (7,17)
    
        Box 2 is at 
            top left     (0,15)
            bottom right (3,17)
    
        Box 3 is at 
            top left     (7,6)
            bottom right (7,7)
    
        Box 4 is at 
            top left     (7,4)
            bottom right (7,5)
    
        Box 5 is at 
            top left     (7,11)
            bottom right (7,12)
    
        Box 6 is at 
            top left     (7,13)
            bottom right (7,14)
    
        Box 7 is at 
            top left     (7,9)
            bottom right (7,10)
    
        Box 8 is at 
            top left     (0,0)
            bottom right (4,0)
    
        Box 9 is at 
            top left     (0,11)
            bottom right (3,14)
    
        Roll length used: 18

    [1;34mTry max length:[0m 17
    [1;34m    At iteration:[0m 8
        lingeling found a solution in .145 ms

       | W
     L | 0 1 2 3 4 5 6 7 
    --------------------
     0 | . . . 8 8 8 8 8 
     1 | . . . . . . . . 
     2 | . . . . . . . . 
     3 | . . . . . . . . 
     4 | 6 . . . . . . . 
     5 | 6 . . . . . . . 
     6 | 4 . . . . . . 7 
     7 | 4 . . . . . . 7 
     8 | 3 . . . . . . . 
     9 | 3 . . . . . . . 
    10 | 9 9 9 9 . . . 5 
    11 | 9 9 9 9 . . . 5 
    12 | 9 9 9 9 . . . . 
    13 | 9 9 9 9 . . . . 
    14 | 1 1 1 1 2 2 2 2 
    15 | 1 1 1 1 2 2 2 2 
    16 | 1 1 1 1 2 2 2 2 
    
    Boxes' corners:      (w,l)
        Box 1 is at 
            top left     (0,14)
            bottom right (3,16)
    
        Box 2 is at 
            top left     (4,14)
            bottom right (7,16)
    
        Box 3 is at 
            top left     (0,8)
            bottom right (0,9)
    
        Box 4 is at 
            top left     (0,6)
            bottom right (0,7)
    
        Box 5 is at 
            top left     (7,10)
            bottom right (7,11)
    
        Box 6 is at 
            top left     (0,4)
            bottom right (0,5)
    
        Box 7 is at 
            top left     (7,6)
            bottom right (7,7)
    
        Box 8 is at 
            top left     (3,0)
            bottom right (7,0)
    
        Box 9 is at 
            top left     (0,10)
            bottom right (3,13)
    
        Roll length used: 17

    [1;34mTry max length:[0m 16
    [1;34m    At iteration:[0m 9
        lingeling found a solution in .134 ms

       | W
     L | 0 1 2 3 4 5 6 7 
    --------------------
     0 | . . . 8 8 8 8 8 
     1 | . . . . . . . . 
     2 | . . . . . . . 5 
     3 | . . . . . . . 5 
     4 | . . . . . . . 6 
     5 | . . . . . . . 6 
     6 | . . . . . . . 4 
     7 | . . . . . . . 4 
     8 | . . . . . . . 3 
     9 | 9 9 9 9 . . . 3 
    10 | 9 9 9 9 . . . . 
    11 | 9 9 9 9 . . . 7 
    12 | 9 9 9 9 . . . 7 
    13 | 1 1 1 1 2 2 2 2 
    14 | 1 1 1 1 2 2 2 2 
    15 | 1 1 1 1 2 2 2 2 
    
    Boxes' corners:      (w,l)
        Box 1 is at 
            top left     (0,13)
            bottom right (3,15)
    
        Box 2 is at 
            top left     (4,13)
            bottom right (7,15)
    
        Box 3 is at 
            top left     (7,8)
            bottom right (7,9)
    
        Box 4 is at 
            top left     (7,6)
            bottom right (7,7)
    
        Box 5 is at 
            top left     (7,2)
            bottom right (7,3)
    
        Box 6 is at 
            top left     (7,4)
            bottom right (7,5)
    
        Box 7 is at 
            top left     (7,11)
            bottom right (7,12)
    
        Box 8 is at 
            top left     (3,0)
            bottom right (7,0)
    
        Box 9 is at 
            top left     (0,9)
            bottom right (3,12)
    
        Roll length used: 16

    [1;34mTry max length:[0m 15
    [1;34m    At iteration:[0m 10
        lingeling found a solution in .125 ms

       | W
     L | 0 1 2 3 4 5 6 7 
    --------------------
     0 | . . 8 8 8 8 8 4 
     1 | 7 . . . . . . 4 
     2 | 7 . . . . . . . 
     3 | . . . . . . . . 
     4 | 9 9 9 9 6 . . . 
     5 | 9 9 9 9 6 . . . 
     6 | 9 9 9 9 . . . . 
     7 | 9 9 9 9 . . . . 
     8 | 5 . . . . . . . 
     9 | 5 . . . . . . . 
    10 | 3 . . . . . . . 
    11 | 3 . . . . . . . 
    12 | 2 2 2 2 1 1 1 1 
    13 | 2 2 2 2 1 1 1 1 
    14 | 2 2 2 2 1 1 1 1 
    
    Boxes' corners:      (w,l)
        Box 1 is at 
            top left     (4,12)
            bottom right (7,14)
    
        Box 2 is at 
            top left     (0,12)
            bottom right (3,14)
    
        Box 3 is at 
            top left     (0,10)
            bottom right (0,11)
    
        Box 4 is at 
            top left     (7,0)
            bottom right (7,1)
    
        Box 5 is at 
            top left     (0,8)
            bottom right (0,9)
    
        Box 6 is at 
            top left     (4,4)
            bottom right (4,5)
    
        Box 7 is at 
            top left     (0,1)
            bottom right (0,2)
    
        Box 8 is at 
            top left     (2,0)
            bottom right (6,0)
    
        Box 9 is at 
            top left     (0,4)
            bottom right (3,7)
    
        Roll length used: 15

    [1;34mTry max length:[0m 14
    [1;34m    At iteration:[0m 11
        lingeling found a solution in .114 ms

       | W
     L | 0 1 2 3 4 5 6 7 
    --------------------
     0 | . . 8 8 8 8 8 . 
     1 | . . . . . . . . 
     2 | . . . . . . . . 
     3 | . . . . . . . . 
     4 | . . . . . . . . 
     5 | . . . . . . . 7 
     6 | . . . . . . . 7 
     7 | 6 . 9 9 9 9 . 5 
     8 | 6 . 9 9 9 9 . 5 
     9 | 4 . 9 9 9 9 . 3 
    10 | 4 . 9 9 9 9 . 3 
    11 | 2 2 2 2 1 1 1 1 
    12 | 2 2 2 2 1 1 1 1 
    13 | 2 2 2 2 1 1 1 1 
    
    Boxes' corners:      (w,l)
        Box 1 is at 
            top left     (4,11)
            bottom right (7,13)
    
        Box 2 is at 
            top left     (0,11)
            bottom right (3,13)
    
        Box 3 is at 
            top left     (7,9)
            bottom right (7,10)
    
        Box 4 is at 
            top left     (0,9)
            bottom right (0,10)
    
        Box 5 is at 
            top left     (7,7)
            bottom right (7,8)
    
        Box 6 is at 
            top left     (0,7)
            bottom right (0,8)
    
        Box 7 is at 
            top left     (7,5)
            bottom right (7,6)
    
        Box 8 is at 
            top left     (2,0)
            bottom right (6,0)
    
        Box 9 is at 
            top left     (2,7)
            bottom right (5,10)
    
        Roll length used: 14

    [1;34mTry max length:[0m 13
    [1;34m    At iteration:[0m 12
        lingeling found a solution in .127 ms

       | W
     L | 0 1 2 3 4 5 6 7 
    --------------------
     0 | . . 8 8 8 8 8 . 
     1 | . . . . . . . . 
     2 | . . . . . . . . 
     3 | . . . . . . . . 
     4 | . . . . . . . 7 
     5 | . . . . . . . 7 
     6 | 6 . 9 9 9 9 . 5 
     7 | 6 . 9 9 9 9 . 5 
     8 | 4 . 9 9 9 9 . 3 
     9 | 4 . 9 9 9 9 . 3 
    10 | 2 2 2 2 1 1 1 1 
    11 | 2 2 2 2 1 1 1 1 
    12 | 2 2 2 2 1 1 1 1 
    
    Boxes' corners:      (w,l)
        Box 1 is at 
            top left     (4,10)
            bottom right (7,12)
    
        Box 2 is at 
            top left     (0,10)
            bottom right (3,12)
    
        Box 3 is at 
            top left     (7,8)
            bottom right (7,9)
    
        Box 4 is at 
            top left     (0,8)
            bottom right (0,9)
    
        Box 5 is at 
            top left     (7,6)
            bottom right (7,7)
    
        Box 6 is at 
            top left     (0,6)
            bottom right (0,7)
    
        Box 7 is at 
            top left     (7,4)
            bottom right (7,5)
    
        Box 8 is at 
            top left     (2,0)
            bottom right (6,0)
    
        Box 9 is at 
            top left     (2,6)
            bottom right (5,9)
    
        Roll length used: 13

    [1;34mTry max length:[0m 12
    [1;34m    At iteration:[0m 13
        lingeling found a solution in .127 ms

       | W
     L | 0 1 2 3 4 5 6 7 
    --------------------
     0 | . . 8 8 8 8 8 . 
     1 | . . . . . . . . 
     2 | . . . . . . . . 
     3 | . . . . . . . 7 
     4 | . . . . . . . 7 
     5 | 6 . 9 9 9 9 . 5 
     6 | 6 . 9 9 9 9 . 5 
     7 | 4 . 9 9 9 9 . 3 
     8 | 4 . 9 9 9 9 . 3 
     9 | 1 1 1 1 2 2 2 2 
    10 | 1 1 1 1 2 2 2 2 
    11 | 1 1 1 1 2 2 2 2 
    
    Boxes' corners:      (w,l)
        Box 1 is at 
            top left     (0,9)
            bottom right (3,11)
    
        Box 2 is at 
            top left     (4,9)
            bottom right (7,11)
    
        Box 3 is at 
            top left     (7,7)
            bottom right (7,8)
    
        Box 4 is at 
            top left     (0,7)
            bottom right (0,8)
    
        Box 5 is at 
            top left     (7,5)
            bottom right (7,6)
    
        Box 6 is at 
            top left     (0,5)
            bottom right (0,6)
    
        Box 7 is at 
            top left     (7,3)
            bottom right (7,4)
    
        Box 8 is at 
            top left     (2,0)
            bottom right (6,0)
    
        Box 9 is at 
            top left     (2,5)
            bottom right (5,8)
    
        Roll length used: 12

    [1;34mTry max length:[0m 11
    [1;34m    At iteration:[0m 14
        lingeling found a solution in .114 ms

       | W
     L | 0 1 2 3 4 5 6 7 
    --------------------
     0 | . . 8 8 8 8 8 . 
     1 | . . . . . . . . 
     2 | . . . . . . . 7 
     3 | . . . . . . . 7 
     4 | 6 . 9 9 9 9 . 5 
     5 | 6 . 9 9 9 9 . 5 
     6 | 4 . 9 9 9 9 . 3 
     7 | 4 . 9 9 9 9 . 3 
     8 | 2 2 2 2 1 1 1 1 
     9 | 2 2 2 2 1 1 1 1 
    10 | 2 2 2 2 1 1 1 1 
    
    Boxes' corners:      (w,l)
        Box 1 is at 
            top left     (4,8)
            bottom right (7,10)
    
        Box 2 is at 
            top left     (0,8)
            bottom right (3,10)
    
        Box 3 is at 
            top left     (7,6)
            bottom right (7,7)
    
        Box 4 is at 
            top left     (0,6)
            bottom right (0,7)
    
        Box 5 is at 
            top left     (7,4)
            bottom right (7,5)
    
        Box 6 is at 
            top left     (0,4)
            bottom right (0,5)
    
        Box 7 is at 
            top left     (7,2)
            bottom right (7,3)
    
        Box 8 is at 
            top left     (2,0)
            bottom right (6,0)
    
        Box 9 is at 
            top left     (2,4)
            bottom right (5,7)
    
        Roll length used: 11

    [1;34mTry max length:[0m 10
    [1;34m    At iteration:[0m 15
        lingeling found a solution in .104 ms

       | W
     L | 0 1 2 3 4 5 6 7 
    --------------------
     0 | . . . 8 8 8 8 8 
     1 | . . . . . . . 7 
     2 | . . . . . . . 7 
     3 | 6 . 9 9 9 9 . 5 
     4 | 6 . 9 9 9 9 . 5 
     5 | 4 . 9 9 9 9 . 3 
     6 | 4 . 9 9 9 9 . 3 
     7 | 2 2 2 2 1 1 1 1 
     8 | 2 2 2 2 1 1 1 1 
     9 | 2 2 2 2 1 1 1 1 
    
    Boxes' corners:      (w,l)
        Box 1 is at 
            top left     (4,7)
            bottom right (7,9)
    
        Box 2 is at 
            top left     (0,7)
            bottom right (3,9)
    
        Box 3 is at 
            top left     (7,5)
            bottom right (7,6)
    
        Box 4 is at 
            top left     (0,5)
            bottom right (0,6)
    
        Box 5 is at 
            top left     (7,3)
            bottom right (7,4)
    
        Box 6 is at 
            top left     (0,3)
            bottom right (0,4)
    
        Box 7 is at 
            top left     (7,1)
            bottom right (7,2)
    
        Box 8 is at 
            top left     (3,0)
            bottom right (7,0)
    
        Box 9 is at 
            top left     (2,3)
            bottom right (5,6)
    
        Roll length used: 10

    [1;34mTry max length:[0m 9
    [1;34m    At iteration:[0m 16
        lingeling found a solution in .095 ms

      | W
    L | 0 1 2 3 4 5 6 7 
    --------------------
    0 | 1 1 1 1 2 2 2 2 
    1 | 1 1 1 1 2 2 2 2 
    2 | 1 1 1 1 2 2 2 2 
    3 | 5 . 9 9 9 9 . . 
    4 | 5 . 9 9 9 9 4 . 
    5 | . 7 9 9 9 9 4 6 
    6 | . 7 9 9 9 9 . 6 
    7 | . . 3 8 8 8 8 8 
    8 | . . 3 . . . . . 
    
    Boxes' corners:      (w,l)
        Box 1 is at 
            top left     (0,0)
            bottom right (3,2)
    
        Box 2 is at 
            top left     (4,0)
            bottom right (7,2)
    
        Box 3 is at 
            top left     (2,7)
            bottom right (2,8)
    
        Box 4 is at 
            top left     (6,4)
            bottom right (6,5)
    
        Box 5 is at 
            top left     (0,3)
            bottom right (0,4)
    
        Box 6 is at 
            top left     (7,5)
            bottom right (7,6)
    
        Box 7 is at 
            top left     (1,5)
            bottom right (1,6)
    
        Box 8 is at 
            top left     (3,7)
            bottom right (7,7)
    
        Box 9 is at 
            top left     (2,3)
            bottom right (5,6)
    
        Roll length used: 9

    [1;34mTry max length:[0m 8
    [1;34m    At iteration:[0m 17
        lingeling found a solution in .068 ms

      | W
    L | 0 1 2 3 4 5 6 7 
    --------------------
    0 | . 9 9 9 9 2 2 2 
    1 | 8 9 9 9 9 2 2 2 
    2 | 8 9 9 9 9 2 2 2 
    3 | 8 9 9 9 9 2 2 2 
    4 | 8 . . . . 1 1 1 
    5 | 8 . . . . 1 1 1 
    6 | 3 7 6 5 4 1 1 1 
    7 | 3 7 6 5 4 1 1 1 
    
    Boxes' corners:      (w,l)
        Box 1 is at 
            top left     (5,4)
            bottom right (7,7)
    
        Box 2 is at 
            top left     (5,0)
            bottom right (7,3)
    
        Box 3 is at 
            top left     (0,6)
            bottom right (0,7)
    
        Box 4 is at 
            top left     (4,6)
            bottom right (4,7)
    
        Box 5 is at 
            top left     (3,6)
            bottom right (3,7)
    
        Box 6 is at 
            top left     (2,6)
            bottom right (2,7)
    
        Box 7 is at 
            top left     (1,6)
            bottom right (1,7)
    
        Box 8 is at 
            top left     (0,1)
            bottom right (0,5)
    
        Box 9 is at 
            top left     (1,0)
            bottom right (4,3)
    
        Roll length used: 8

    [1;34mTry max length:[0m 7
    [1;34m    At iteration:[0m 18
        lingeling found a solution in .085 ms

      | W
    L | 0 1 2 3 4 5 6 7 
    --------------------
    0 | 6 1 1 1 2 2 2 2 
    1 | 6 1 1 1 2 2 2 2 
    2 | 8 1 1 1 2 2 2 2 
    3 | 8 1 1 1 9 9 9 9 
    4 | 8 3 7 4 9 9 9 9 
    5 | 8 3 7 4 9 9 9 9 
    6 | 8 . 5 5 9 9 9 9 
    
    Boxes' corners:      (w,l)
        Box 1 is at 
            top left     (1,0)
            bottom right (3,3)
    
        Box 2 is at 
            top left     (4,0)
            bottom right (7,2)
    
        Box 3 is at 
            top left     (1,4)
            bottom right (1,5)
    
        Box 4 is at 
            top left     (3,4)
            bottom right (3,5)
    
        Box 5 is at 
            top left     (2,6)
            bottom right (3,6)
    
        Box 6 is at 
            top left     (0,0)
            bottom right (0,1)
    
        Box 7 is at 
            top left     (2,4)
            bottom right (2,5)
    
        Box 8 is at 
            top left     (0,2)
            bottom right (0,6)
    
        Box 9 is at 
            top left     (4,3)
            bottom right (7,6)
    
        Roll length used: 7

    [1;34mTry max length:[0m 6
    [1;34m    At iteration:[0m 19
        [3;31mlingeling determined unsatisfiability of the Boolean formula[0m
        [1;32mOptimality reached![0m
