Sun 3 Jun 21:12:29 CEST 2018
    [1;34mTry max length:[0m 999999
    [1;34m    At iteration:[0m 0
        lingeling found a solution in .057 ms

      | W
    L | 0 1 2 3 4 5 6 7 8 9 10 
    ----------------------------
    0 | 4 . . . . . . . . .  . 
    1 | 4 . . . . . . . . .  . 
    2 | . . . . . . . . . .  . 
    3 | . . . . . . . . . .  . 
    4 | . . . . . . . . . .  . 
    5 | . . . . . . . . . .  3 
    6 | . . . . . . . . . .  3 
    7 | . . . . . . . 2 2 1  1 
    
    Boxes' corners:      (w,l)
        Box 1 is at 
            top left     (9,7)
            bottom right (10,7)
    
        Box 2 is at 
            top left     (7,7)
            bottom right (8,7)
    
        Box 3 is at 
            top left     (10,5)
            bottom right (10,6)
    
        Box 4 is at 
            top left     (0,0)
            bottom right (0,1)
    
        Roll length used: 8

    [1;34mTry max length:[0m 7
    [1;34m    At iteration:[0m 1
        lingeling found a solution in .046 ms

      | W
    L | 0 1 2 3 4 5 6 7 8 9 10 
    ----------------------------
    0 | 3 . . . . . . . . .  . 
    1 | 3 . . . . . . . . .  . 
    2 | . . . . . . . . . .  . 
    3 | . . . . . . . . . .  4 
    4 | . . . . . . . . . .  4 
    5 | . . . . . . . . . .  1 
    6 | . . . . . . . . 2 2  1 
    
    Boxes' corners:      (w,l)
        Box 1 is at 
            top left     (10,5)
            bottom right (10,6)
    
        Box 2 is at 
            top left     (8,6)
            bottom right (9,6)
    
        Box 3 is at 
            top left     (0,0)
            bottom right (0,1)
    
        Box 4 is at 
            top left     (10,3)
            bottom right (10,4)
    
        Roll length used: 7

    [1;34mTry max length:[0m 6
    [1;34m    At iteration:[0m 2
        lingeling found a solution in .035 ms

      | W
    L | 0 1 2 3 4 5 6 7 8 9 10 
    ----------------------------
    0 | . . . . . . . . . .  4 
    1 | . . . . . . . . . .  4 
    2 | . . . . . . . . . .  3 
    3 | 2 . . . . . . . . .  3 
    4 | 2 . . . . . . . . .  1 
    5 | . . . . . . . . . .  1 
    
    Boxes' corners:      (w,l)
        Box 1 is at 
            top left     (10,4)
            bottom right (10,5)
    
        Box 2 is at 
            top left     (0,3)
            bottom right (0,4)
    
        Box 3 is at 
            top left     (10,2)
            bottom right (10,3)
    
        Box 4 is at 
            top left     (10,0)
            bottom right (10,1)
    
        Roll length used: 6

    [1;34mTry max length:[0m 5
    [1;34m    At iteration:[0m 3
        lingeling found a solution in .030 ms

      | W
    L | 0 1 2 3 4 5 6 7 8 9 10 
    ----------------------------
    0 | 4 . . . . . . . . .  3 
    1 | 4 . . . . . . . . .  3 
    2 | . . . . . . . . . .  . 
    3 | 1 . . . . . . . . .  2 
    4 | 1 . . . . . . . . .  2 
    
    Boxes' corners:      (w,l)
        Box 1 is at 
            top left     (0,3)
            bottom right (0,4)
    
        Box 2 is at 
            top left     (10,3)
            bottom right (10,4)
    
        Box 3 is at 
            top left     (10,0)
            bottom right (10,1)
    
        Box 4 is at 
            top left     (0,0)
            bottom right (0,1)
    
        Roll length used: 5

    [1;34mTry max length:[0m 4
    [1;34m    At iteration:[0m 4
        lingeling found a solution in .023 ms

      | W
    L | 0 1 2 3 4 5 6 7 8 9 10 
    ----------------------------
    0 | 4 . . . . . . . . .  3 
    1 | 4 . . . . . . . . .  3 
    2 | . . . . . . . . . .  1 
    3 | . . . . . . . . 2 2  1 
    
    Boxes' corners:      (w,l)
        Box 1 is at 
            top left     (10,2)
            bottom right (10,3)
    
        Box 2 is at 
            top left     (8,3)
            bottom right (9,3)
    
        Box 3 is at 
            top left     (10,0)
            bottom right (10,1)
    
        Box 4 is at 
            top left     (0,0)
            bottom right (0,1)
    
        Roll length used: 4

    [1;34mTry max length:[0m 3
    [1;34m    At iteration:[0m 5
        lingeling found a solution in .017 ms

      | W
    L | 0 1 2 3 4 5 6 7 8 9 10 
    ----------------------------
    0 | . . . . . . . . 4 .  2 
    1 | 1 . . . . . . . 4 3  2 
    2 | 1 . . . . . . . . 3  . 
    
    Boxes' corners:      (w,l)
        Box 1 is at 
            top left     (0,1)
            bottom right (0,2)
    
        Box 2 is at 
            top left     (10,0)
            bottom right (10,1)
    
        Box 3 is at 
            top left     (9,1)
            bottom right (9,2)
    
        Box 4 is at 
            top left     (8,0)
            bottom right (8,1)
    
        Roll length used: 3

    [1;34mTry max length:[0m 2
    [1;34m    At iteration:[0m 6
        lingeling found a solution in .010 ms

      | W
    L | 0 1 2 3 4 5 6 7 8 9 10 
    ----------------------------
    0 | 4 . . . . . . 3 . .  1 
    1 | 4 . . . . 2 2 3 . .  1 
    
    Boxes' corners:      (w,l)
        Box 1 is at 
            top left     (10,0)
            bottom right (10,1)
    
        Box 2 is at 
            top left     (5,1)
            bottom right (6,1)
    
        Box 3 is at 
            top left     (7,0)
            bottom right (7,1)
    
        Box 4 is at 
            top left     (0,0)
            bottom right (0,1)
    
        Roll length used: 2

    [1;34mTry max length:[0m 1
    [1;34m    At iteration:[0m 7
        lingeling found a solution in .007 ms

      | W
    L | 0 1 2 3 4 5 6 7 8 9 10 
    ----------------------------
    0 | . 2 2 . 4 4 3 3 1 1  . 
    
    Boxes' corners:      (w,l)
        Box 1 is at 
            top left     (8,0)
            bottom right (9,0)
    
        Box 2 is at 
            top left     (1,0)
            bottom right (2,0)
    
        Box 3 is at 
            top left     (6,0)
            bottom right (7,0)
    
        Box 4 is at 
            top left     (4,0)
            bottom right (5,0)
    
        Roll length used: 1

    [1;34mTry max length:[0m 0
    [1;34m    At iteration:[0m 8
        [3;31mlingeling determined unsatisfiability of the Boolean formula[0m
        [1;32mOptimality reached![0m
