Sun 3 Jun 20:55:23 CEST 2018
    [1;34mTry max length:[0m 999999
    [1;34m    At iteration:[0m 0
        lingeling found a solution in .089 ms

       | W
     L | 0 1 2 3 4 5 6 7 
    --------------------
     0 | . . . . . . . . 
     1 | . . . . . . . . 
     2 | . . . . . . . . 
     3 | . . . . . . . . 
     4 | . . . . . . . . 
     5 | . . . . . . . . 
     6 | . . . . . . . . 
     7 | . . . . . . . . 
     8 | 8 . . . . . . 7 
     9 | 8 . . 3 . . . 7 
    10 | 6 . . . . 2 . 5 
    11 | 6 . . . . 4 1 5 
    
    Boxes' corners:      (w,l)
        Box 1 is at 
            top left     (6,11)
            bottom right (6,11)
    
        Box 2 is at 
            top left     (5,10)
            bottom right (5,10)
    
        Box 3 is at 
            top left     (3,9)
            bottom right (3,9)
    
        Box 4 is at 
            top left     (5,11)
            bottom right (5,11)
    
        Box 5 is at 
            top left     (7,10)
            bottom right (7,11)
    
        Box 6 is at 
            top left     (0,10)
            bottom right (0,11)
    
        Box 7 is at 
            top left     (7,8)
            bottom right (7,9)
    
        Box 8 is at 
            top left     (0,8)
            bottom right (0,9)
    
        Roll length used: 12

    [1;34mTry max length:[0m 11
    [1;34m    At iteration:[0m 1
        lingeling found a solution in .082 ms

       | W
     L | 0 1 2 3 4 5 6 7 
    --------------------
     0 | . . . . . . . . 
     1 | . . . . . . . . 
     2 | . . . . . . . . 
     3 | . . . . . . . . 
     4 | . . . 2 . . . . 
     5 | 1 . . . . . . . 
     6 | . 4 . . . . . 3 
     7 | 8 . . . . . . 7 
     8 | 8 . . . . . . 7 
     9 | 6 . . . . . . 5 
    10 | 6 . . . . . . 5 
    
    Boxes' corners:      (w,l)
        Box 1 is at 
            top left     (0,5)
            bottom right (0,5)
    
        Box 2 is at 
            top left     (3,4)
            bottom right (3,4)
    
        Box 3 is at 
            top left     (7,6)
            bottom right (7,6)
    
        Box 4 is at 
            top left     (1,6)
            bottom right (1,6)
    
        Box 5 is at 
            top left     (7,9)
            bottom right (7,10)
    
        Box 6 is at 
            top left     (0,9)
            bottom right (0,10)
    
        Box 7 is at 
            top left     (7,7)
            bottom right (7,8)
    
        Box 8 is at 
            top left     (0,7)
            bottom right (0,8)
    
        Roll length used: 11

    [1;34mTry max length:[0m 10
    [1;34m    At iteration:[0m 2
        lingeling found a solution in .073 ms

       | W
     L | 0 1 2 3 4 5 6 7 
    --------------------
     0 | . . . . . . . . 
     1 | . . . . . . . . 
     2 | . . . . . . . . 
     3 | . . . 1 . . . . 
     4 | . . . . . . . . 
     5 | . . . . . . . . 
     6 | 8 . . . . . 2 7 
     7 | 8 . . . . . . 7 
     8 | 6 . . . . . 3 5 
     9 | 6 . 4 . . . . 5 
    
    Boxes' corners:      (w,l)
        Box 1 is at 
            top left     (3,3)
            bottom right (3,3)
    
        Box 2 is at 
            top left     (6,6)
            bottom right (6,6)
    
        Box 3 is at 
            top left     (6,8)
            bottom right (6,8)
    
        Box 4 is at 
            top left     (2,9)
            bottom right (2,9)
    
        Box 5 is at 
            top left     (7,8)
            bottom right (7,9)
    
        Box 6 is at 
            top left     (0,8)
            bottom right (0,9)
    
        Box 7 is at 
            top left     (7,6)
            bottom right (7,7)
    
        Box 8 is at 
            top left     (0,6)
            bottom right (0,7)
    
        Roll length used: 10

    [1;34mTry max length:[0m 9
    [1;34m    At iteration:[0m 3
        lingeling found a solution in .068 ms

      | W
    L | 0 1 2 3 4 5 6 7 
    --------------------
    0 | . . . . . . . . 
    1 | . . . . . . . . 
    2 | . . . . . . . . 
    3 | . . . . . . . . 
    4 | . . . . . . 4 . 
    5 | 8 . . . . . . 7 
    6 | 8 . . . . . . 7 
    7 | 6 . 1 . . 2 . 5 
    8 | 6 . 3 . . . . 5 
    
    Boxes' corners:      (w,l)
        Box 1 is at 
            top left     (2,7)
            bottom right (2,7)
    
        Box 2 is at 
            top left     (5,7)
            bottom right (5,7)
    
        Box 3 is at 
            top left     (2,8)
            bottom right (2,8)
    
        Box 4 is at 
            top left     (6,4)
            bottom right (6,4)
    
        Box 5 is at 
            top left     (7,7)
            bottom right (7,8)
    
        Box 6 is at 
            top left     (0,7)
            bottom right (0,8)
    
        Box 7 is at 
            top left     (7,5)
            bottom right (7,6)
    
        Box 8 is at 
            top left     (0,5)
            bottom right (0,6)
    
        Roll length used: 9

    [1;34mTry max length:[0m 8
    [1;34m    At iteration:[0m 4
        lingeling found a solution in .059 ms

      | W
    L | 0 1 2 3 4 5 6 7 
    --------------------
    0 | . . 3 . . . . . 
    1 | . . . . . . . . 
    2 | . . . . . . . . 
    3 | . 2 . . . . . . 
    4 | 8 . . . . . . 7 
    5 | 8 . . . . . . 7 
    6 | 6 . . . . 1 . 5 
    7 | 6 . . . . . 4 5 
    
    Boxes' corners:      (w,l)
        Box 1 is at 
            top left     (5,6)
            bottom right (5,6)
    
        Box 2 is at 
            top left     (1,3)
            bottom right (1,3)
    
        Box 3 is at 
            top left     (2,0)
            bottom right (2,0)
    
        Box 4 is at 
            top left     (6,7)
            bottom right (6,7)
    
        Box 5 is at 
            top left     (7,6)
            bottom right (7,7)
    
        Box 6 is at 
            top left     (0,6)
            bottom right (0,7)
    
        Box 7 is at 
            top left     (7,4)
            bottom right (7,5)
    
        Box 8 is at 
            top left     (0,4)
            bottom right (0,5)
    
        Roll length used: 8

    [1;34mTry max length:[0m 7
    [1;34m    At iteration:[0m 5
        lingeling found a solution in .053 ms

      | W
    L | 0 1 2 3 4 5 6 7 
    --------------------
    0 | . . . 1 . . . . 
    1 | . . . . . . . 3 
    2 | . . . . . . . . 
    3 | 8 . . . . . . 7 
    4 | 8 . . . . . . 7 
    5 | 6 . . . . . 2 5 
    6 | 6 . . . . . 4 5 
    
    Boxes' corners:      (w,l)
        Box 1 is at 
            top left     (3,0)
            bottom right (3,0)
    
        Box 2 is at 
            top left     (6,5)
            bottom right (6,5)
    
        Box 3 is at 
            top left     (7,1)
            bottom right (7,1)
    
        Box 4 is at 
            top left     (6,6)
            bottom right (6,6)
    
        Box 5 is at 
            top left     (7,5)
            bottom right (7,6)
    
        Box 6 is at 
            top left     (0,5)
            bottom right (0,6)
    
        Box 7 is at 
            top left     (7,3)
            bottom right (7,4)
    
        Box 8 is at 
            top left     (0,3)
            bottom right (0,4)
    
        Roll length used: 7

    [1;34mTry max length:[0m 6
    [1;34m    At iteration:[0m 6
        lingeling found a solution in .044 ms

      | W
    L | 0 1 2 3 4 5 6 7 
    --------------------
    0 | . . . 4 . . . . 
    1 | 1 . . . . . . . 
    2 | 8 . . . . . . 7 
    3 | 8 . . . . . 2 7 
    4 | 6 . . . . . . 5 
    5 | 6 . . 3 . . . 5 
    
    Boxes' corners:      (w,l)
        Box 1 is at 
            top left     (0,1)
            bottom right (0,1)
    
        Box 2 is at 
            top left     (6,3)
            bottom right (6,3)
    
        Box 3 is at 
            top left     (3,5)
            bottom right (3,5)
    
        Box 4 is at 
            top left     (3,0)
            bottom right (3,0)
    
        Box 5 is at 
            top left     (7,4)
            bottom right (7,5)
    
        Box 6 is at 
            top left     (0,4)
            bottom right (0,5)
    
        Box 7 is at 
            top left     (7,2)
            bottom right (7,3)
    
        Box 8 is at 
            top left     (0,2)
            bottom right (0,3)
    
        Roll length used: 6

    [1;34mTry max length:[0m 5
    [1;34m    At iteration:[0m 7
        lingeling found a solution in .037 ms

      | W
    L | 0 1 2 3 4 5 6 7 
    --------------------
    0 | 8 . . . . . . 7 
    1 | 8 . . . . . . 7 
    2 | . 2 3 4 . . . . 
    3 | 6 . . . . . . 5 
    4 | 6 . . . . . 1 5 
    
    Boxes' corners:      (w,l)
        Box 1 is at 
            top left     (6,4)
            bottom right (6,4)
    
        Box 2 is at 
            top left     (1,2)
            bottom right (1,2)
    
        Box 3 is at 
            top left     (2,2)
            bottom right (2,2)
    
        Box 4 is at 
            top left     (3,2)
            bottom right (3,2)
    
        Box 5 is at 
            top left     (7,3)
            bottom right (7,4)
    
        Box 6 is at 
            top left     (0,3)
            bottom right (0,4)
    
        Box 7 is at 
            top left     (7,0)
            bottom right (7,1)
    
        Box 8 is at 
            top left     (0,0)
            bottom right (0,1)
    
        Roll length used: 5

    [1;34mTry max length:[0m 4
    [1;34m    At iteration:[0m 8
        lingeling found a solution in .026 ms

      | W
    L | 0 1 2 3 4 5 6 7 
    --------------------
    0 | 8 . . . . . . 5 
    1 | 8 . . 1 . . . 5 
    2 | 6 . 2 . . . . 7 
    3 | 6 . . . 3 . 4 7 
    
    Boxes' corners:      (w,l)
        Box 1 is at 
            top left     (3,1)
            bottom right (3,1)
    
        Box 2 is at 
            top left     (2,2)
            bottom right (2,2)
    
        Box 3 is at 
            top left     (4,3)
            bottom right (4,3)
    
        Box 4 is at 
            top left     (6,3)
            bottom right (6,3)
    
        Box 5 is at 
            top left     (7,0)
            bottom right (7,1)
    
        Box 6 is at 
            top left     (0,2)
            bottom right (0,3)
    
        Box 7 is at 
            top left     (7,2)
            bottom right (7,3)
    
        Box 8 is at 
            top left     (0,0)
            bottom right (0,1)
    
        Roll length used: 4

    [1;34mTry max length:[0m 3
    [1;34m    At iteration:[0m 9
        lingeling found a solution in .027 ms

      | W
    L | 0 1 2 3 4 5 6 7 
    --------------------
    0 | . 2 . . . 1 8 . 
    1 | 6 3 . . 5 . 8 7 
    2 | 6 . . . 5 . 4 7 
    
    Boxes' corners:      (w,l)
        Box 1 is at 
            top left     (5,0)
            bottom right (5,0)
    
        Box 2 is at 
            top left     (1,0)
            bottom right (1,0)
    
        Box 3 is at 
            top left     (1,1)
            bottom right (1,1)
    
        Box 4 is at 
            top left     (6,2)
            bottom right (6,2)
    
        Box 5 is at 
            top left     (4,1)
            bottom right (4,2)
    
        Box 6 is at 
            top left     (0,1)
            bottom right (0,2)
    
        Box 7 is at 
            top left     (7,1)
            bottom right (7,2)
    
        Box 8 is at 
            top left     (6,0)
            bottom right (6,1)
    
        Roll length used: 3

    [1;34mTry max length:[0m 2
    [1;34m    At iteration:[0m 10
        lingeling found a solution in .013 ms

      | W
    L | 0 1 2 3 4 5 6 7 
    --------------------
    0 | 6 . 5 8 . . . 7 
    1 | 6 4 5 8 3 1 2 7 
    
    Boxes' corners:      (w,l)
        Box 1 is at 
            top left     (5,1)
            bottom right (5,1)
    
        Box 2 is at 
            top left     (6,1)
            bottom right (6,1)
    
        Box 3 is at 
            top left     (4,1)
            bottom right (4,1)
    
        Box 4 is at 
            top left     (1,1)
            bottom right (1,1)
    
        Box 5 is at 
            top left     (2,0)
            bottom right (2,1)
    
        Box 6 is at 
            top left     (0,0)
            bottom right (0,1)
    
        Box 7 is at 
            top left     (7,0)
            bottom right (7,1)
    
        Box 8 is at 
            top left     (3,0)
            bottom right (3,1)
    
        Roll length used: 2

    [1;34mTry max length:[0m 1
    [1;34m    At iteration:[0m 11
        [3;31mlingeling determined unsatisfiability of the Boolean formula[0m
        [1;32mOptimality reached![0m
