Sun 3 Jun 20:54:46 CEST 2018
    [1;34mTry max length:[0m 999999
    [1;34m    At iteration:[0m 0
        lingeling found a solution in .268 ms

       | W
     L | 0 1 2 3 4 5 6 7 
    --------------------
     0 | . . . . . 2 2 2 
     1 | . . . . . 2 2 2 
     2 | . . . . . . . . 
     3 | . . . . . . . . 
     4 | . . . . . . . . 
     5 | . . . . . . . . 
     6 | . . . . . . . . 
     7 | . . . . . . . . 
     8 | . . . . . . . . 
     9 | . . . . . . . . 
    10 | . . . . . . . . 
    11 | . 4 4 4 4 4 4 4 
    12 | . . . . . . . . 
    13 | . . . . . . . . 
    14 | . . . . . . . . 
    15 | . . . . . . . . 
    16 | . 6 6 6 6 6 6 6 
    17 | . . . . . . . . 
    18 | . . . . . . . . 
    19 | . . . . . . . . 
    20 | . . . . . . . . 
    21 | . . . . . . . . 
    22 | . . . . . . . . 
    23 | . . . . . 1 1 1 
    24 | . . . . . 1 1 1 
    25 | . . . . 3 3 3 . 
    26 | . . . . 3 3 3 . 
    27 | . . . . 3 3 3 . 
    28 | 5 5 5 5 5 5 5 . 
    29 | . . . . . . . . 
    
    Boxes' corners:      (w,l)
        Box 1 is at 
            top left     (5,23)
            bottom right (7,24)
    
        Box 2 is at 
            top left     (5,0)
            bottom right (7,1)
    
        Box 3 is at 
            top left     (4,25)
            bottom right (6,27)
    
        Box 4 is at 
            top left     (1,11)
            bottom right (7,11)
    
        Box 5 is at 
            top left     (0,28)
            bottom right (6,28)
    
        Box 6 is at 
            top left     (1,16)
            bottom right (7,16)
    
        Roll length used: 29

    [1;34mTry max length:[0m 28
    [1;34m    At iteration:[0m 1
        lingeling found a solution in .210 ms

       | W
     L | 0 1 2 3 4 5 6 7 
    --------------------
     0 | . 6 6 6 6 6 6 6 
     1 | . . . . . . . . 
     2 | . . . . . . . . 
     3 | . . . . . . . . 
     4 | . . . . . . . . 
     5 | . . . . . . . . 
     6 | . . . . . . . . 
     7 | . . . . . . . . 
     8 | . . . . . . . . 
     9 | . . . . . . . . 
    10 | . . . . 2 2 2 . 
    11 | . . . . 2 2 2 . 
    12 | . . . . . . . . 
    13 | . . . . . . . . 
    14 | . . . . . . . . 
    15 | . . . . . . . . 
    16 | . . . . . . . . 
    17 | . . . . . . . . 
    18 | . . . . . . . . 
    19 | . . . . . . . . 
    20 | . . . . . . . . 
    21 | 1 1 1 3 3 3 . . 
    22 | 1 1 1 3 3 3 . . 
    23 | . . . 3 3 3 . . 
    24 | . . . . . . . . 
    25 | . . . . . . . . 
    26 | 5 5 5 5 5 5 5 . 
    27 | 4 4 4 4 4 4 4 . 
    
    Boxes' corners:      (w,l)
        Box 1 is at 
            top left     (0,21)
            bottom right (2,22)
    
        Box 2 is at 
            top left     (4,10)
            bottom right (6,11)
    
        Box 3 is at 
            top left     (3,21)
            bottom right (5,23)
    
        Box 4 is at 
            top left     (0,27)
            bottom right (6,27)
    
        Box 5 is at 
            top left     (0,26)
            bottom right (6,26)
    
        Box 6 is at 
            top left     (1,0)
            bottom right (7,0)
    
        Roll length used: 28

    [1;34mTry max length:[0m 27
    [1;34m    At iteration:[0m 2
        lingeling found a solution in .203 ms

       | W
     L | 0 1 2 3 4 5 6 7 
    --------------------
     0 | 5 5 5 5 5 5 5 . 
     1 | 4 4 4 4 4 4 4 . 
     2 | . . . . . . . . 
     3 | . . . . . 1 1 1 
     4 | . . . . . 1 1 1 
     5 | . . . . . . . . 
     6 | . . . . . . . . 
     7 | . . . . . . . . 
     8 | . . . . . . . . 
     9 | . . . . . . . . 
    10 | . . . . . . . . 
    11 | . . . . . . . . 
    12 | . . . . . . . . 
    13 | . . . . . . . . 
    14 | . . . . . . . . 
    15 | . . . . . . . . 
    16 | . . . . . . . . 
    17 | . . . . . . . . 
    18 | . . . . . . . . 
    19 | . . . . . . . . 
    20 | . . . . . . . . 
    21 | . . . . . . . . 
    22 | . . 3 3 3 . . . 
    23 | . . 3 3 3 . . . 
    24 | . . 3 3 3 2 2 2 
    25 | . . . . . 2 2 2 
    26 | . 6 6 6 6 6 6 6 
    
    Boxes' corners:      (w,l)
        Box 1 is at 
            top left     (5,3)
            bottom right (7,4)
    
        Box 2 is at 
            top left     (5,24)
            bottom right (7,25)
    
        Box 3 is at 
            top left     (2,22)
            bottom right (4,24)
    
        Box 4 is at 
            top left     (0,1)
            bottom right (6,1)
    
        Box 5 is at 
            top left     (0,0)
            bottom right (6,0)
    
        Box 6 is at 
            top left     (1,26)
            bottom right (7,26)
    
        Roll length used: 27

    [1;34mTry max length:[0m 26
    [1;34m    At iteration:[0m 3
        lingeling found a solution in .185 ms

       | W
     L | 0 1 2 3 4 5 6 7 
    --------------------
     0 | . 6 6 6 6 6 6 6 
     1 | . . . . . . . . 
     2 | . 4 4 4 4 4 4 4 
     3 | . . . . . . . . 
     4 | . . . . . . . . 
     5 | . . . . . . . . 
     6 | . . . . . . . . 
     7 | . . . . . . . . 
     8 | . . . . . . . . 
     9 | . . . . . . . . 
    10 | . . . . . . . . 
    11 | . . . . . . . . 
    12 | . . . . . . . . 
    13 | . . . . . . . . 
    14 | . 5 5 5 5 5 5 5 
    15 | . . . . . . . . 
    16 | . . . . . . . . 
    17 | . . . . . . . . 
    18 | . . . . . . . . 
    19 | . . . . . . . . 
    20 | . . . . . . . . 
    21 | . . . . . . . . 
    22 | 1 1 1 . . . . . 
    23 | 1 1 1 3 3 3 . . 
    24 | 2 2 2 3 3 3 . . 
    25 | 2 2 2 3 3 3 . . 
    
    Boxes' corners:      (w,l)
        Box 1 is at 
            top left     (0,22)
            bottom right (2,23)
    
        Box 2 is at 
            top left     (0,24)
            bottom right (2,25)
    
        Box 3 is at 
            top left     (3,23)
            bottom right (5,25)
    
        Box 4 is at 
            top left     (1,2)
            bottom right (7,2)
    
        Box 5 is at 
            top left     (1,14)
            bottom right (7,14)
    
        Box 6 is at 
            top left     (1,0)
            bottom right (7,0)
    
        Roll length used: 26

    [1;34mTry max length:[0m 25
    [1;34m    At iteration:[0m 4
        lingeling found a solution in .203 ms

       | W
     L | 0 1 2 3 4 5 6 7 
    --------------------
     0 | 6 6 6 6 6 6 6 . 
     1 | 5 5 5 5 5 5 5 . 
     2 | . . . . . . . . 
     3 | . . . . . . . . 
     4 | . . . . . 2 2 2 
     5 | . . . . . 2 2 2 
     6 | . . . . . . . . 
     7 | . . . . . . . . 
     8 | . . . . . . . . 
     9 | . . . . . . . . 
    10 | . . . . . . . . 
    11 | . . . . . . . . 
    12 | . . . . . . . . 
    13 | . . . . . . . . 
    14 | . . . . . . . . 
    15 | . . . . . . . . 
    16 | . . . . . . . . 
    17 | . . . . . 1 1 1 
    18 | . . . . . 1 1 1 
    19 | . . . . . . . . 
    20 | . . . . 3 3 3 . 
    21 | . . . . 3 3 3 . 
    22 | . . . . 3 3 3 . 
    23 | 4 4 4 4 4 4 4 . 
    24 | . . . . . . . . 
    
    Boxes' corners:      (w,l)
        Box 1 is at 
            top left     (5,17)
            bottom right (7,18)
    
        Box 2 is at 
            top left     (5,4)
            bottom right (7,5)
    
        Box 3 is at 
            top left     (4,20)
            bottom right (6,22)
    
        Box 4 is at 
            top left     (0,23)
            bottom right (6,23)
    
        Box 5 is at 
            top left     (0,1)
            bottom right (6,1)
    
        Box 6 is at 
            top left     (0,0)
            bottom right (6,0)
    
        Roll length used: 24

    [1;34mTry max length:[0m 23
    [1;34m    At iteration:[0m 5
        lingeling found a solution in .162 ms

       | W
     L | 0 1 2 3 4 5 6 7 
    --------------------
     0 | . . . 2 2 2 . . 
     1 | . . . 2 2 2 . . 
     2 | . . . . . . . . 
     3 | . . . . . . . . 
     4 | . . . . . . . . 
     5 | . . . . . . . . 
     6 | . . 1 1 1 . . . 
     7 | . . 1 1 1 . . . 
     8 | . . . . . . . . 
     9 | . . . . . . . . 
    10 | . . . . . . . . 
    11 | . . . . . . . . 
    12 | . . . . 4 . . . 
    13 | . . . . 4 . . . 
    14 | . . . . 4 . . . 
    15 | . . . . 4 . . . 
    16 | . . . . 4 . . . 
    17 | . . . . 4 . . . 
    18 | . . . . 4 3 3 3 
    19 | . . . . . 3 3 3 
    20 | . . . . . 3 3 3 
    21 | . 5 5 5 5 5 5 5 
    22 | . 6 6 6 6 6 6 6 
    
    Boxes' corners:      (w,l)
        Box 1 is at 
            top left     (2,6)
            bottom right (4,7)
    
        Box 2 is at 
            top left     (3,0)
            bottom right (5,1)
    
        Box 3 is at 
            top left     (5,18)
            bottom right (7,20)
    
        Box 4 is at 
            top left     (4,12)
            bottom right (4,18)
    
        Box 5 is at 
            top left     (1,21)
            bottom right (7,21)
    
        Box 6 is at 
            top left     (1,22)
            bottom right (7,22)
    
        Roll length used: 23

    [1;34mTry max length:[0m 22
    [1;34m    At iteration:[0m 6
        lingeling found a solution in .129 ms

       | W
     L | 0 1 2 3 4 5 6 7 
    --------------------
     0 | . . . . 1 1 1 . 
     1 | . . . . 1 1 1 . 
     2 | . . . . . . . . 
     3 | . . . . . . . . 
     4 | . . . . . . . . 
     5 | . . . . . . . . 
     6 | . 5 5 5 5 5 5 5 
     7 | . . . . . . . . 
     8 | . . . . . . . . 
     9 | . . 4 . . . . . 
    10 | . . 4 . . . . . 
    11 | . . 4 . . . . . 
    12 | . . 4 . . . . . 
    13 | . . 4 . . . . . 
    14 | . . 4 . 3 3 3 . 
    15 | . . 4 . 3 3 3 . 
    16 | . . . . 3 3 3 . 
    17 | 6 6 6 6 6 6 6 . 
    18 | . . . . . . . . 
    19 | . . . . . . . . 
    20 | . . . 2 2 2 . . 
    21 | . . . 2 2 2 . . 
    
    Boxes' corners:      (w,l)
        Box 1 is at 
            top left     (4,0)
            bottom right (6,1)
    
        Box 2 is at 
            top left     (3,20)
            bottom right (5,21)
    
        Box 3 is at 
            top left     (4,14)
            bottom right (6,16)
    
        Box 4 is at 
            top left     (2,9)
            bottom right (2,15)
    
        Box 5 is at 
            top left     (1,6)
            bottom right (7,6)
    
        Box 6 is at 
            top left     (0,17)
            bottom right (6,17)
    
        Roll length used: 22

    [1;34mTry max length:[0m 21
    [1;34m    At iteration:[0m 7
        lingeling found a solution in .157 ms

       | W
     L | 0 1 2 3 4 5 6 7 
    --------------------
     0 | 2 2 2 1 1 1 . . 
     1 | 2 2 2 1 1 1 . . 
     2 | . . . . . . . . 
     3 | . . . . . . . . 
     4 | . . . . . . . . 
     5 | . . . . . . . . 
     6 | . . . . . . . . 
     7 | . . . . . . . . 
     8 | . . . . . . . . 
     9 | . . . . . . . . 
    10 | . . . . . . . . 
    11 | . . . . . . . . 
    12 | . . . . . . . . 
    13 | . . . . 3 3 3 . 
    14 | . . . . 3 3 3 . 
    15 | . . . . 3 3 3 . 
    16 | . . . . . . . . 
    17 | . . . . . . . . 
    18 | 5 5 5 5 5 5 5 . 
    19 | . 4 4 4 4 4 4 4 
    20 | 6 6 6 6 6 6 6 . 
    
    Boxes' corners:      (w,l)
        Box 1 is at 
            top left     (3,0)
            bottom right (5,1)
    
        Box 2 is at 
            top left     (0,0)
            bottom right (2,1)
    
        Box 3 is at 
            top left     (4,13)
            bottom right (6,15)
    
        Box 4 is at 
            top left     (1,19)
            bottom right (7,19)
    
        Box 5 is at 
            top left     (0,18)
            bottom right (6,18)
    
        Box 6 is at 
            top left     (0,20)
            bottom right (6,20)
    
        Roll length used: 21

    [1;34mTry max length:[0m 20
    [1;34m    At iteration:[0m 8
        lingeling found a solution in .157 ms

       | W
     L | 0 1 2 3 4 5 6 7 
    --------------------
     0 | 6 6 6 6 6 6 6 . 
     1 | 5 5 5 5 5 5 5 . 
     2 | . . . . . . . . 
     3 | . . . . . . . . 
     4 | . . . . . . . . 
     5 | . . . . . . . . 
     6 | . . . . . . . . 
     7 | . . . . . . . . 
     8 | . . . . . . . . 
     9 | . . . . . . . . 
    10 | . . . . . . . . 
    11 | . . . . . . . . 
    12 | . . . . . . . . 
    13 | . . . . . . . . 
    14 | . . . . 3 3 3 . 
    15 | . . . . 3 3 3 . 
    16 | . . . . 3 3 3 . 
    17 | 2 2 2 . . 1 1 1 
    18 | 2 2 2 . . 1 1 1 
    19 | . 4 4 4 4 4 4 4 
    
    Boxes' corners:      (w,l)
        Box 1 is at 
            top left     (5,17)
            bottom right (7,18)
    
        Box 2 is at 
            top left     (0,17)
            bottom right (2,18)
    
        Box 3 is at 
            top left     (4,14)
            bottom right (6,16)
    
        Box 4 is at 
            top left     (1,19)
            bottom right (7,19)
    
        Box 5 is at 
            top left     (0,1)
            bottom right (6,1)
    
        Box 6 is at 
            top left     (0,0)
            bottom right (6,0)
    
        Roll length used: 20

    [1;34mTry max length:[0m 19
    [1;34m    At iteration:[0m 9
        lingeling found a solution in .141 ms

       | W
     L | 0 1 2 3 4 5 6 7 
    --------------------
     0 | 4 4 4 4 4 4 4 . 
     1 | . 6 6 6 6 6 6 6 
     2 | . . . . . . . . 
     3 | . . . . . . . . 
     4 | . . . . . . . . 
     5 | . . . . . . . . 
     6 | . . . . . . . . 
     7 | . . . . . . . . 
     8 | . . . . . . . . 
     9 | . . . . . . . . 
    10 | . . . . . . . . 
    11 | . . . . . . . . 
    12 | . . . . . . . . 
    13 | . . . 3 3 3 . . 
    14 | . . . 3 3 3 . . 
    15 | . . . 3 3 3 . . 
    16 | . 2 2 2 . 1 1 1 
    17 | . 2 2 2 . 1 1 1 
    18 | 5 5 5 5 5 5 5 . 
    
    Boxes' corners:      (w,l)
        Box 1 is at 
            top left     (5,16)
            bottom right (7,17)
    
        Box 2 is at 
            top left     (1,16)
            bottom right (3,17)
    
        Box 3 is at 
            top left     (3,13)
            bottom right (5,15)
    
        Box 4 is at 
            top left     (0,0)
            bottom right (6,0)
    
        Box 5 is at 
            top left     (0,18)
            bottom right (6,18)
    
        Box 6 is at 
            top left     (1,1)
            bottom right (7,1)
    
        Roll length used: 19

    [1;34mTry max length:[0m 18
    [1;34m    At iteration:[0m 10
        lingeling found a solution in .132 ms

       | W
     L | 0 1 2 3 4 5 6 7 
    --------------------
     0 | . 4 4 4 4 4 4 4 
     1 | . 5 5 5 5 5 5 5 
     2 | . . . . . . . . 
     3 | . . . . . . . . 
     4 | . . . . . . . . 
     5 | . . . . . . . . 
     6 | . . . . . . . . 
     7 | . . . . . . . . 
     8 | . . . . . . . . 
     9 | . . . . . . . . 
    10 | . . . . . . . . 
    11 | . . . . . . . . 
    12 | . . . . 3 3 3 . 
    13 | . . . . 3 3 3 . 
    14 | . . . . 3 3 3 . 
    15 | . . 2 2 2 1 1 1 
    16 | . . 2 2 2 1 1 1 
    17 | 6 6 6 6 6 6 6 . 
    
    Boxes' corners:      (w,l)
        Box 1 is at 
            top left     (5,15)
            bottom right (7,16)
    
        Box 2 is at 
            top left     (2,15)
            bottom right (4,16)
    
        Box 3 is at 
            top left     (4,12)
            bottom right (6,14)
    
        Box 4 is at 
            top left     (1,0)
            bottom right (7,0)
    
        Box 5 is at 
            top left     (1,1)
            bottom right (7,1)
    
        Box 6 is at 
            top left     (0,17)
            bottom right (6,17)
    
        Roll length used: 18

    [1;34mTry max length:[0m 17
    [1;34m    At iteration:[0m 11
        lingeling found a solution in .158 ms

       | W
     L | 0 1 2 3 4 5 6 7 
    --------------------
     0 | . 6 6 6 6 6 6 6 
     1 | 4 4 4 4 4 4 4 . 
     2 | . . . . . . . . 
     3 | . . . . . . . . 
     4 | . . . . . . . . 
     5 | . . . . . . . . 
     6 | . . . . . . . . 
     7 | . . . . . . . . 
     8 | . . . 3 3 3 . . 
     9 | . . . 3 3 3 . . 
    10 | . . . 3 3 3 . . 
    11 | . . . . . . . . 
    12 | . . . 1 1 1 . . 
    13 | . . . 1 1 1 . . 
    14 | . . . 2 2 2 . . 
    15 | . . . 2 2 2 . . 
    16 | . 5 5 5 5 5 5 5 
    
    Boxes' corners:      (w,l)
        Box 1 is at 
            top left     (3,12)
            bottom right (5,13)
    
        Box 2 is at 
            top left     (3,14)
            bottom right (5,15)
    
        Box 3 is at 
            top left     (3,8)
            bottom right (5,10)
    
        Box 4 is at 
            top left     (0,1)
            bottom right (6,1)
    
        Box 5 is at 
            top left     (1,16)
            bottom right (7,16)
    
        Box 6 is at 
            top left     (1,0)
            bottom right (7,0)
    
        Roll length used: 17

    [1;34mTry max length:[0m 16
    [1;34m    At iteration:[0m 12
        lingeling found a solution in .097 ms

       | W
     L | 0 1 2 3 4 5 6 7 
    --------------------
     0 | 6 6 6 6 6 6 6 . 
     1 | 5 5 5 5 5 5 5 . 
     2 | . . . . . . 1 1 
     3 | . . . . . . 1 1 
     4 | . . . . . . 1 1 
     5 | . . . . . . . . 
     6 | . . . . . . . . 
     7 | . . . . . . . . 
     8 | 4 4 4 4 4 4 4 . 
     9 | . . . . . . . . 
    10 | . . . . . . . . 
    11 | . . . . 3 3 3 . 
    12 | . . . . 3 3 3 . 
    13 | . . . . 3 3 3 . 
    14 | . . . 2 2 2 . . 
    15 | . . . 2 2 2 . . 
    
    Boxes' corners:      (w,l)
        Box 1 is at 
            top left     (6,2)
            bottom right (7,4)
    
        Box 2 is at 
            top left     (3,14)
            bottom right (5,15)
    
        Box 3 is at 
            top left     (4,11)
            bottom right (6,13)
    
        Box 4 is at 
            top left     (0,8)
            bottom right (6,8)
    
        Box 5 is at 
            top left     (0,1)
            bottom right (6,1)
    
        Box 6 is at 
            top left     (0,0)
            bottom right (6,0)
    
        Roll length used: 16

    [1;34mTry max length:[0m 15
    [1;34m    At iteration:[0m 13
        lingeling found a solution in .152 ms

       | W
     L | 0 1 2 3 4 5 6 7 
    --------------------
     0 | . 5 5 5 5 5 5 5 
     1 | . . . . . 1 1 1 
     2 | . . . . . 1 1 1 
     3 | . . . . . . . . 
     4 | . . . . . . . . 
     5 | . . . . . . . . 
     6 | . . . . . . . . 
     7 | . . . . 2 2 2 . 
     8 | . . . . 2 2 2 . 
     9 | . . . . . . . . 
    10 | . . . . 3 3 3 . 
    11 | . . . . 3 3 3 . 
    12 | . . . . 3 3 3 . 
    13 | 6 6 6 6 6 6 6 . 
    14 | . 4 4 4 4 4 4 4 
    
    Boxes' corners:      (w,l)
        Box 1 is at 
            top left     (5,1)
            bottom right (7,2)
    
        Box 2 is at 
            top left     (4,7)
            bottom right (6,8)
    
        Box 3 is at 
            top left     (4,10)
            bottom right (6,12)
    
        Box 4 is at 
            top left     (1,14)
            bottom right (7,14)
    
        Box 5 is at 
            top left     (1,0)
            bottom right (7,0)
    
        Box 6 is at 
            top left     (0,13)
            bottom right (6,13)
    
        Roll length used: 15

    [1;34mTry max length:[0m 14
    [1;34m    At iteration:[0m 14
        lingeling found a solution in .090 ms

       | W
     L | 0 1 2 3 4 5 6 7 
    --------------------
     0 | . 4 4 4 4 4 4 4 
     1 | . . . . . 2 2 2 
     2 | . . . . . 2 2 2 
     3 | . . . . . . . . 
     4 | . . . . . . . . 
     5 | . . . . . . . . 
     6 | . . . . . . . . 
     7 | . . . . . . . . 
     8 | 1 1 1 . . . . . 
     9 | 1 1 1 . 3 3 3 . 
    10 | . . . . 3 3 3 . 
    11 | . . . . 3 3 3 . 
    12 | . 5 5 5 5 5 5 5 
    13 | . 6 6 6 6 6 6 6 
    
    Boxes' corners:      (w,l)
        Box 1 is at 
            top left     (0,8)
            bottom right (2,9)
    
        Box 2 is at 
            top left     (5,1)
            bottom right (7,2)
    
        Box 3 is at 
            top left     (4,9)
            bottom right (6,11)
    
        Box 4 is at 
            top left     (1,0)
            bottom right (7,0)
    
        Box 5 is at 
            top left     (1,12)
            bottom right (7,12)
    
        Box 6 is at 
            top left     (1,13)
            bottom right (7,13)
    
        Roll length used: 14

    [1;34mTry max length:[0m 13
    [1;34m    At iteration:[0m 15
        lingeling found a solution in .081 ms

       | W
     L | 0 1 2 3 4 5 6 7 
    --------------------
     0 | 4 4 4 4 4 4 4 . 
     1 | 5 5 5 5 5 5 5 . 
     2 | . . . . . . . . 
     3 | . . . . . . . . 
     4 | . . . . . . . . 
     5 | . . . . . . . . 
     6 | . . . . . . . . 
     7 | . . . . 3 3 3 . 
     8 | . . . . 3 3 3 . 
     9 | . . . . 3 3 3 . 
    10 | . . 1 1 1 2 2 2 
    11 | . . 1 1 1 2 2 2 
    12 | . 6 6 6 6 6 6 6 
    
    Boxes' corners:      (w,l)
        Box 1 is at 
            top left     (2,10)
            bottom right (4,11)
    
        Box 2 is at 
            top left     (5,10)
            bottom right (7,11)
    
        Box 3 is at 
            top left     (4,7)
            bottom right (6,9)
    
        Box 4 is at 
            top left     (0,0)
            bottom right (6,0)
    
        Box 5 is at 
            top left     (0,1)
            bottom right (6,1)
    
        Box 6 is at 
            top left     (1,12)
            bottom right (7,12)
    
        Roll length used: 13

    [1;34mTry max length:[0m 12
    [1;34m    At iteration:[0m 16
        lingeling found a solution in .086 ms

       | W
     L | 0 1 2 3 4 5 6 7 
    --------------------
     0 | 4 4 4 4 4 4 4 . 
     1 | . . 2 2 2 . . . 
     2 | . . 2 2 2 . . . 
     3 | . . 1 1 1 . . . 
     4 | . . 1 1 1 . . . 
     5 | . . . . . . . . 
     6 | . . . . . . . . 
     7 | . 3 3 3 . . . . 
     8 | . 3 3 3 . . . . 
     9 | . 3 3 3 . . . . 
    10 | . 6 6 6 6 6 6 6 
    11 | 5 5 5 5 5 5 5 . 
    
    Boxes' corners:      (w,l)
        Box 1 is at 
            top left     (2,3)
            bottom right (4,4)
    
        Box 2 is at 
            top left     (2,1)
            bottom right (4,2)
    
        Box 3 is at 
            top left     (1,7)
            bottom right (3,9)
    
        Box 4 is at 
            top left     (0,0)
            bottom right (6,0)
    
        Box 5 is at 
            top left     (0,11)
            bottom right (6,11)
    
        Box 6 is at 
            top left     (1,10)
            bottom right (7,10)
    
        Roll length used: 12

    [1;34mTry max length:[0m 11
    [1;34m    At iteration:[0m 17
        lingeling found a solution in .103 ms

       | W
     L | 0 1 2 3 4 5 6 7 
    --------------------
     0 | 5 5 5 5 5 5 5 . 
     1 | . . . . . . . . 
     2 | 2 2 2 . . . . . 
     3 | 2 2 2 . . . . . 
     4 | . 3 3 3 . . . . 
     5 | . 3 3 3 . . 1 1 
     6 | . 3 3 3 . . 1 1 
     7 | . . . . . . 1 1 
     8 | . 4 4 4 4 4 4 4 
     9 | . 6 6 6 6 6 6 6 
    10 | . . . . . . . . 
    
    Boxes' corners:      (w,l)
        Box 1 is at 
            top left     (6,5)
            bottom right (7,7)
    
        Box 2 is at 
            top left     (0,2)
            bottom right (2,3)
    
        Box 3 is at 
            top left     (1,4)
            bottom right (3,6)
    
        Box 4 is at 
            top left     (1,8)
            bottom right (7,8)
    
        Box 5 is at 
            top left     (0,0)
            bottom right (6,0)
    
        Box 6 is at 
            top left     (1,9)
            bottom right (7,9)
    
        Roll length used: 10

    [1;34mTry max length:[0m 9
    [1;34m    At iteration:[0m 18
        lingeling found a solution in .056 ms

      | W
    L | 0 1 2 3 4 5 6 7 
    --------------------
    0 | 5 5 5 5 5 5 5 . 
    1 | . 4 4 4 4 4 4 4 
    2 | . . . . . . . . 
    3 | . . . . 3 3 3 . 
    4 | . . . . 3 3 3 . 
    5 | . . . . 3 3 3 . 
    6 | . 6 6 6 6 6 6 6 
    7 | 1 1 1 2 2 2 . . 
    8 | 1 1 1 2 2 2 . . 
    
    Boxes' corners:      (w,l)
        Box 1 is at 
            top left     (0,7)
            bottom right (2,8)
    
        Box 2 is at 
            top left     (3,7)
            bottom right (5,8)
    
        Box 3 is at 
            top left     (4,3)
            bottom right (6,5)
    
        Box 4 is at 
            top left     (1,1)
            bottom right (7,1)
    
        Box 5 is at 
            top left     (0,0)
            bottom right (6,0)
    
        Box 6 is at 
            top left     (1,6)
            bottom right (7,6)
    
        Roll length used: 9

    [1;34mTry max length:[0m 8
    [1;34m    At iteration:[0m 19
        lingeling found a solution in .048 ms

      | W
    L | 0 1 2 3 4 5 6 7 
    --------------------
    0 | 6 6 6 6 6 6 6 . 
    1 | . . . . . . 2 2 
    2 | 3 3 3 . . . 2 2 
    3 | 3 3 3 1 1 . 2 2 
    4 | 3 3 3 1 1 . . . 
    5 | . . . 1 1 . . . 
    6 | . 4 4 4 4 4 4 4 
    7 | 5 5 5 5 5 5 5 . 
    
    Boxes' corners:      (w,l)
        Box 1 is at 
            top left     (3,3)
            bottom right (4,5)
    
        Box 2 is at 
            top left     (6,1)
            bottom right (7,3)
    
        Box 3 is at 
            top left     (0,2)
            bottom right (2,4)
    
        Box 4 is at 
            top left     (1,6)
            bottom right (7,6)
    
        Box 5 is at 
            top left     (0,7)
            bottom right (6,7)
    
        Box 6 is at 
            top left     (0,0)
            bottom right (6,0)
    
        Roll length used: 8

    [1;34mTry max length:[0m 7
    [1;34m    At iteration:[0m 20
        lingeling found a solution in .068 ms

      | W
    L | 0 1 2 3 4 5 6 7 
    --------------------
    0 | 5 2 2 1 1 . 6 4 
    1 | 5 2 2 1 1 . 6 4 
    2 | 5 2 2 1 1 . 6 4 
    3 | 5 . . . . . 6 4 
    4 | 5 . . 3 3 3 6 4 
    5 | 5 . . 3 3 3 6 4 
    6 | 5 . . 3 3 3 6 4 
    
    Boxes' corners:      (w,l)
        Box 1 is at 
            top left     (3,0)
            bottom right (4,2)
    
        Box 2 is at 
            top left     (1,0)
            bottom right (2,2)
    
        Box 3 is at 
            top left     (3,4)
            bottom right (5,6)
    
        Box 4 is at 
            top left     (7,0)
            bottom right (7,6)
    
        Box 5 is at 
            top left     (0,0)
            bottom right (0,6)
    
        Box 6 is at 
            top left     (6,0)
            bottom right (6,6)
    
        Roll length used: 7

    [1;34mTry max length:[0m 6
    [1;34m    At iteration:[0m 21
        lingeling found a solution in .028 ms

      | W
    L | 0 1 2 3 4 5 6 7 
    --------------------
    0 | 5 5 5 5 5 5 5 . 
    1 | 2 2 . 3 3 3 1 1 
    2 | 2 2 . 3 3 3 1 1 
    3 | 2 2 . 3 3 3 1 1 
    4 | 6 6 6 6 6 6 6 . 
    5 | . 4 4 4 4 4 4 4 
    
    Boxes' corners:      (w,l)
        Box 1 is at 
            top left     (6,1)
            bottom right (7,3)
    
        Box 2 is at 
            top left     (0,1)
            bottom right (1,3)
    
        Box 3 is at 
            top left     (3,1)
            bottom right (5,3)
    
        Box 4 is at 
            top left     (1,5)
            bottom right (7,5)
    
        Box 5 is at 
            top left     (0,0)
            bottom right (6,0)
    
        Box 6 is at 
            top left     (0,4)
            bottom right (6,4)
    
        Roll length used: 6

    [1;34mTry max length:[0m 5
    [1;34m    At iteration:[0m 22
        [3;31mlingeling determined unsatisfiability of the Boolean formula[0m
        [1;32mOptimality reached![0m
