Sun 3 Jun 20:58:22 CEST 2018
    [1;34mTry max length:[0m 999999
    [1;34m    At iteration:[0m 0
        lingeling found a solution in .715 ms

       | W
     L |  0  1  2 3 4 5 6 7 
    -----------------------
     0 |  .  1  1 1 1 1 . . 
     1 |  .  1  1 1 1 1 . . 
     2 |  .  1  1 1 1 1 . . 
     3 |  .  1  1 1 1 1 . . 
     4 |  .  .  . . . . . . 
     5 |  .  .  . . . . . . 
     6 |  .  .  . . . . . . 
     7 |  .  .  . . . . . . 
     8 |  .  .  . . . . . . 
     9 |  2  2  2 2 . . . . 
    10 |  2  2  2 2 . . . . 
    11 |  2  2  2 2 . . . . 
    12 |  2  2  2 2 . . . . 
    13 |  2  2  2 2 . . . . 
    14 |  .  .  . . . . . . 
    15 |  6  6  6 . . . . . 
    16 |  6  6  6 . . . . . 
    17 |  .  .  . . . . . . 
    18 |  .  .  . . . . . . 
    19 |  .  .  . . . . . . 
    20 |  .  .  . . . . . . 
    21 |  .  .  . . . . . . 
    22 |  .  .  . . . . . . 
    23 |  .  .  3 3 3 3 3 . 
    24 |  .  .  3 3 3 3 3 . 
    25 |  .  .  3 3 3 3 3 . 
    26 |  .  .  3 3 3 3 3 . 
    27 | 13 13 13 . . . . . 
    28 | 13 13 13 . . . . . 
    29 | 13 13 13 . . . . . 
    30 | 12  .  . . . . . . 
    31 | 12  .  . . . . . . 
    32 | 10  .  . . 9 9 8 8 
    33 | 10  .  . . 9 9 8 8 
    34 |  7  7  . 5 5 5 5 5 
    35 |  7  7  . 5 5 5 5 5 
    36 |  .  .  . 5 5 5 5 5 
    37 |  .  .  . 5 5 5 5 5 
    38 |  .  .  . . . . . . 
    39 |  .  .  . 4 4 4 4 4 
    40 |  .  .  . 4 4 4 4 4 
    41 |  .  .  . 4 4 4 4 4 
    42 | 11 11  . 4 4 4 4 4 
    
    Boxes' corners:       (w,l)
        Box  1 is at 
            top left     (1,0)
            bottom right (5,3)
    
        Box  2 is at 
            top left     (0,9)
            bottom right (3,13)
    
        Box  3 is at 
            top left     (2,23)
            bottom right (6,26)
    
        Box  4 is at 
            top left     (3,39)
            bottom right (7,42)
    
        Box  5 is at 
            top left     (3,34)
            bottom right (7,37)
    
        Box  6 is at 
            top left     (0,15)
            bottom right (2,16)
    
        Box  7 is at 
            top left     (0,34)
            bottom right (1,35)
    
        Box  8 is at 
            top left     (6,32)
            bottom right (7,33)
    
        Box  9 is at 
            top left     (4,32)
            bottom right (5,33)
    
        Box 10 is at 
            top left     (0,32)
            bottom right (0,33)
    
        Box 11 is at 
            top left     (0,42)
            bottom right (1,42)
    
        Box 12 is at 
            top left     (0,30)
            bottom right (0,31)
    
        Box 13 is at 
            top left     (0,27)
            bottom right (2,29)
    
        Roll length used: 43

    [1;34mTry max length:[0m 42
    [1;34m    At iteration:[0m 1
        lingeling found a solution in .651 ms

       | W
     L |  0  1 2 3 4  5  6  7 
    -------------------------
     0 |  2  2 2 2 2 13 13 13 
     1 |  2  2 2 2 2 13 13 13 
     2 |  2  2 2 2 2 13 13 13 
     3 |  2  2 2 2 2  .  .  . 
     4 |  .  . . . .  .  .  . 
     5 |  .  . . . .  .  .  . 
     6 |  .  . . . .  .  .  . 
     7 |  .  . . . .  .  .  . 
     8 |  .  . . . .  .  .  . 
     9 |  .  . . . .  .  .  . 
    10 |  .  . . . .  .  .  . 
    11 |  .  . . . .  .  .  . 
    12 |  .  . . . .  .  .  . 
    13 |  .  . . 6 6  .  .  . 
    14 |  .  . . 6 6  .  .  . 
    15 |  .  . . 6 6  .  .  . 
    16 |  .  . . . 4  4  4  4 
    17 |  .  . . . 4  4  4  4 
    18 |  .  . . . 4  4  4  4 
    19 |  .  . . . 4  4  4  4 
    20 |  .  . . . 4  4  4  4 
    21 |  .  . . . .  .  .  . 
    22 |  .  . . . .  .  .  . 
    23 |  .  . . . .  .  .  . 
    24 | 12  . . . .  .  .  . 
    25 | 12  . . . .  .  .  . 
    26 | 11  . . . .  .  .  . 
    27 | 11  . . . .  .  .  . 
    28 |  9  9 . . .  .  .  . 
    29 |  9  9 . 1 1  1  1  1 
    30 |  8  8 . 1 1  1  1  1 
    31 |  8  8 . 1 1  1  1  1 
    32 |  7  7 . 1 1  1  1  1 
    33 |  7  7 . . .  .  .  . 
    34 |  .  . 3 3 3  3  3  . 
    35 |  .  . 3 3 3  3  3  . 
    36 |  .  . 3 3 3  3  3  . 
    37 |  .  . 3 3 3  3  3  . 
    38 |  .  . . 5 5  5  5  5 
    39 |  .  . . 5 5  5  5  5 
    40 |  .  . . 5 5  5  5  5 
    41 | 10 10 . 5 5  5  5  5 
    
    Boxes' corners:       (w,l)
        Box  1 is at 
            top left     (3,29)
            bottom right (7,32)
    
        Box  2 is at 
            top left     (0,0)
            bottom right (4,3)
    
        Box  3 is at 
            top left     (2,34)
            bottom right (6,37)
    
        Box  4 is at 
            top left     (4,16)
            bottom right (7,20)
    
        Box  5 is at 
            top left     (3,38)
            bottom right (7,41)
    
        Box  6 is at 
            top left     (3,13)
            bottom right (4,15)
    
        Box  7 is at 
            top left     (0,32)
            bottom right (1,33)
    
        Box  8 is at 
            top left     (0,30)
            bottom right (1,31)
    
        Box  9 is at 
            top left     (0,28)
            bottom right (1,29)
    
        Box 10 is at 
            top left     (0,41)
            bottom right (1,41)
    
        Box 11 is at 
            top left     (0,26)
            bottom right (0,27)
    
        Box 12 is at 
            top left     (0,24)
            bottom right (0,25)
    
        Box 13 is at 
            top left     (5,0)
            bottom right (7,2)
    
        Roll length used: 42

    [1;34mTry max length:[0m 41
    [1;34m    At iteration:[0m 2
        lingeling found a solution in .642 ms

       | W
     L |  0  1  2 3 4 5 6  7 
    ------------------------
     0 | 13 13 13 5 5 5 5  5 
     1 | 13 13 13 5 5 5 5  5 
     2 | 13 13 13 5 5 5 5  5 
     3 |  .  .  . 5 5 5 5  5 
     4 |  .  .  . . . . .  . 
     5 |  .  .  . . . . .  . 
     6 |  .  3  3 3 3 3 .  . 
     7 |  .  3  3 3 3 3 .  . 
     8 |  .  3  3 3 3 3 .  . 
     9 |  .  3  3 3 3 3 .  . 
    10 |  .  .  . . . . .  . 
    11 |  .  .  . . . . .  . 
    12 |  .  .  . . . . .  . 
    13 |  .  .  . . . . .  . 
    14 |  .  .  . . . . .  . 
    15 |  .  .  . . . . .  . 
    16 |  .  .  . . . . .  . 
    17 |  .  .  . . . . .  . 
    18 |  1  1  1 1 1 . .  . 
    19 |  1  1  1 1 1 . .  . 
    20 |  1  1  1 1 1 . .  . 
    21 |  1  1  1 1 1 . .  . 
    22 |  .  .  . . . . .  . 
    23 |  .  .  . . . . .  . 
    24 |  .  .  . . . . .  . 
    25 |  .  .  . . . . .  . 
    26 |  .  .  . . . . .  . 
    27 |  .  .  . . . . . 12 
    28 |  .  .  . . . . . 12 
    29 |  .  .  . . . . . 11 
    30 |  4  4  4 4 4 . . 11 
    31 |  4  4  4 4 4 . . 10 
    32 |  4  4  4 4 4 . . 10 
    33 |  4  4  4 4 4 . 9  9 
    34 |  .  .  . . . . 9  9 
    35 |  8  8  . . . . 7  7 
    36 |  8  8  . . . . 7  7 
    37 |  2  2  2 2 2 . .  . 
    38 |  2  2  2 2 2 . .  . 
    39 |  2  2  2 2 2 6 6  6 
    40 |  2  2  2 2 2 6 6  6 
    
    Boxes' corners:       (w,l)
        Box  1 is at 
            top left     (0,18)
            bottom right (4,21)
    
        Box  2 is at 
            top left     (0,37)
            bottom right (4,40)
    
        Box  3 is at 
            top left     (1,6)
            bottom right (5,9)
    
        Box  4 is at 
            top left     (0,30)
            bottom right (4,33)
    
        Box  5 is at 
            top left     (3,0)
            bottom right (7,3)
    
        Box  6 is at 
            top left     (5,39)
            bottom right (7,40)
    
        Box  7 is at 
            top left     (6,35)
            bottom right (7,36)
    
        Box  8 is at 
            top left     (0,35)
            bottom right (1,36)
    
        Box  9 is at 
            top left     (6,33)
            bottom right (7,34)
    
        Box 10 is at 
            top left     (7,31)
            bottom right (7,32)
    
        Box 11 is at 
            top left     (7,29)
            bottom right (7,30)
    
        Box 12 is at 
            top left     (7,27)
            bottom right (7,28)
    
        Box 13 is at 
            top left     (0,0)
            bottom right (2,2)
    
        Roll length used: 41

    [1;34mTry max length:[0m 40
    [1;34m    At iteration:[0m 3
        lingeling found a solution in .661 ms

       | W
     L |  0  1  2 3 4 5 6  7 
    ------------------------
     0 |  .  .  3 3 3 3 3  . 
     1 |  .  .  3 3 3 3 3  . 
     2 |  .  .  3 3 3 3 3  . 
     3 |  .  .  3 3 3 3 3  . 
     4 |  .  .  . . . . .  . 
     5 |  .  .  . . . . .  . 
     6 |  .  .  . . . . .  . 
     7 |  .  .  . . . . .  . 
     8 | 13 13 13 . . . .  . 
     9 | 13 13 13 . . . .  . 
    10 | 13 13 13 . . . .  . 
    11 |  .  .  . . . . .  . 
    12 |  .  .  . . . . .  . 
    13 |  .  .  . . . . .  . 
    14 |  6  6  6 . . . .  . 
    15 |  6  6  6 . . . .  . 
    16 |  .  .  . . . . .  . 
    17 |  .  .  . . . . .  . 
    18 |  .  .  . . . . .  . 
    19 |  .  .  . . . . .  . 
    20 |  .  .  . . . . .  . 
    21 |  .  .  . . . . .  . 
    22 |  1  1  1 1 1 . .  . 
    23 |  1  1  1 1 1 . .  . 
    24 |  1  1  1 1 1 . .  . 
    25 |  1  1  1 1 1 . .  . 
    26 |  .  .  . . . . .  . 
    27 |  2  2  2 2 2 . .  . 
    28 |  2  2  2 2 2 . .  . 
    29 |  2  2  2 2 2 . .  . 
    30 |  2  2  2 2 2 . .  . 
    31 |  .  .  . . . . .  . 
    32 |  5  5  5 5 5 . . 12 
    33 |  5  5  5 5 5 . . 12 
    34 |  5  5  5 5 5 . 9  9 
    35 |  5  5  5 5 5 . 9  9 
    36 | 11  4  4 4 4 4 8  8 
    37 | 11  4  4 4 4 4 8  8 
    38 | 10  4  4 4 4 4 7  7 
    39 | 10  4  4 4 4 4 7  7 
    
    Boxes' corners:       (w,l)
        Box  1 is at 
            top left     (0,22)
            bottom right (4,25)
    
        Box  2 is at 
            top left     (0,27)
            bottom right (4,30)
    
        Box  3 is at 
            top left     (2,0)
            bottom right (6,3)
    
        Box  4 is at 
            top left     (1,36)
            bottom right (5,39)
    
        Box  5 is at 
            top left     (0,32)
            bottom right (4,35)
    
        Box  6 is at 
            top left     (0,14)
            bottom right (2,15)
    
        Box  7 is at 
            top left     (6,38)
            bottom right (7,39)
    
        Box  8 is at 
            top left     (6,36)
            bottom right (7,37)
    
        Box  9 is at 
            top left     (6,34)
            bottom right (7,35)
    
        Box 10 is at 
            top left     (0,38)
            bottom right (0,39)
    
        Box 11 is at 
            top left     (0,36)
            bottom right (0,37)
    
        Box 12 is at 
            top left     (7,32)
            bottom right (7,33)
    
        Box 13 is at 
            top left     (0,8)
            bottom right (2,10)
    
        Roll length used: 40

    [1;34mTry max length:[0m 39
    [1;34m    At iteration:[0m 4
        lingeling found a solution in .643 ms

       | W
     L |  0  1  2 3 4 5 6  7 
    ------------------------
     0 |  .  .  3 3 3 3 3  . 
     1 |  .  .  3 3 3 3 3 12 
     2 |  .  .  3 3 3 3 3 12 
     3 |  .  .  3 3 3 3 3  . 
     4 |  .  .  . . . . . 10 
     5 |  .  .  . . . . . 10 
     6 |  .  .  . . . . . 11 
     7 |  .  .  5 5 5 5 . 11 
     8 |  .  .  5 5 5 5 .  . 
     9 |  6  6  5 5 5 5 .  . 
    10 |  6  6  5 5 5 5 .  . 
    11 |  6  6  5 5 5 5 .  . 
    12 |  .  .  . . . . .  . 
    13 |  .  .  . . . . .  . 
    14 |  .  .  . . . . .  . 
    15 |  .  .  . . . . .  . 
    16 |  .  .  . . . . .  . 
    17 |  .  .  . . . . .  . 
    18 |  .  .  . . . . .  . 
    19 |  .  .  . . . . .  . 
    20 |  .  .  . . . . .  . 
    21 |  .  .  . . . . .  . 
    22 |  .  .  . . . . .  . 
    23 |  .  .  . . . . .  . 
    24 |  .  .  1 1 1 1 1  . 
    25 |  .  .  1 1 1 1 1  . 
    26 |  .  .  1 1 1 1 1  . 
    27 |  .  .  1 1 1 1 1  . 
    28 |  .  .  . . . . .  . 
    29 |  9  9  . 8 8 . 7  7 
    30 |  9  9  . 8 8 . 7  7 
    31 |  .  .  . 2 2 2 2  2 
    32 | 13 13 13 2 2 2 2  2 
    33 | 13 13 13 2 2 2 2  2 
    34 | 13 13 13 2 2 2 2  2 
    35 |  .  4  4 4 4 4 .  . 
    36 |  .  4  4 4 4 4 .  . 
    37 |  .  4  4 4 4 4 .  . 
    38 |  .  4  4 4 4 4 .  . 
    
    Boxes' corners:       (w,l)
        Box  1 is at 
            top left     (2,24)
            bottom right (6,27)
    
        Box  2 is at 
            top left     (3,31)
            bottom right (7,34)
    
        Box  3 is at 
            top left     (2,0)
            bottom right (6,3)
    
        Box  4 is at 
            top left     (1,35)
            bottom right (5,38)
    
        Box  5 is at 
            top left     (2,7)
            bottom right (5,11)
    
        Box  6 is at 
            top left     (0,9)
            bottom right (1,11)
    
        Box  7 is at 
            top left     (6,29)
            bottom right (7,30)
    
        Box  8 is at 
            top left     (3,29)
            bottom right (4,30)
    
        Box  9 is at 
            top left     (0,29)
            bottom right (1,30)
    
        Box 10 is at 
            top left     (7,4)
            bottom right (7,5)
    
        Box 11 is at 
            top left     (7,6)
            bottom right (7,7)
    
        Box 12 is at 
            top left     (7,1)
            bottom right (7,2)
    
        Box 13 is at 
            top left     (0,32)
            bottom right (2,34)
    
        Roll length used: 39

    [1;34mTry max length:[0m 38
    [1;34m    At iteration:[0m 5
        lingeling found a solution in .589 ms

       | W
     L |  0  1  2 3 4 5 6 7 
    -----------------------
     0 |  .  .  5 5 5 5 5 . 
     1 |  .  .  5 5 5 5 5 . 
     2 |  .  .  5 5 5 5 5 . 
     3 |  .  .  5 5 5 5 5 . 
     4 |  .  .  . . . . . . 
     5 |  .  .  . . . . . . 
     6 |  .  .  . . . . . . 
     7 |  .  .  . . . . . . 
     8 |  .  .  . . . . . . 
     9 |  .  .  . . . . . . 
    10 |  .  .  . . . . . . 
    11 |  .  .  . . . . . . 
    12 |  .  .  . . . . . . 
    13 |  .  .  . . . . . . 
    14 |  .  .  . . . . . . 
    15 |  .  .  . . . . . . 
    16 |  .  .  . . . . . . 
    17 |  .  .  . . . . . . 
    18 |  .  .  . . . . . . 
    19 | 13 13 13 . . . . . 
    20 | 13 13 13 . . . . . 
    21 | 13 13 13 . . . . . 
    22 |  .  .  1 1 1 1 1 . 
    23 |  .  .  1 1 1 1 1 . 
    24 |  .  .  1 1 1 1 1 . 
    25 |  .  .  1 1 1 1 1 . 
    26 |  3  3  3 3 3 . . . 
    27 |  3  3  3 3 3 . . . 
    28 |  3  3  3 3 3 6 6 6 
    29 |  3  3  3 3 3 6 6 6 
    30 | 12  .  . 2 2 2 2 2 
    31 | 12  .  . 2 2 2 2 2 
    32 |  9  9  . 2 2 2 2 2 
    33 |  9  9  . 2 2 2 2 2 
    34 | 11  4  4 4 4 4 8 8 
    35 | 11  4  4 4 4 4 8 8 
    36 | 10  4  4 4 4 4 7 7 
    37 | 10  4  4 4 4 4 7 7 
    
    Boxes' corners:       (w,l)
        Box  1 is at 
            top left     (2,22)
            bottom right (6,25)
    
        Box  2 is at 
            top left     (3,30)
            bottom right (7,33)
    
        Box  3 is at 
            top left     (0,26)
            bottom right (4,29)
    
        Box  4 is at 
            top left     (1,34)
            bottom right (5,37)
    
        Box  5 is at 
            top left     (2,0)
            bottom right (6,3)
    
        Box  6 is at 
            top left     (5,28)
            bottom right (7,29)
    
        Box  7 is at 
            top left     (6,36)
            bottom right (7,37)
    
        Box  8 is at 
            top left     (6,34)
            bottom right (7,35)
    
        Box  9 is at 
            top left     (0,32)
            bottom right (1,33)
    
        Box 10 is at 
            top left     (0,36)
            bottom right (0,37)
    
        Box 11 is at 
            top left     (0,34)
            bottom right (0,35)
    
        Box 12 is at 
            top left     (0,30)
            bottom right (0,31)
    
        Box 13 is at 
            top left     (0,19)
            bottom right (2,21)
    
        Roll length used: 38

    [1;34mTry max length:[0m 37
    [1;34m    At iteration:[0m 6
        lingeling found a solution in .563 ms

       | W
     L |  0  1  2 3 4 5 6  7 
    ------------------------
     0 |  2  2  2 2 2 6 6  6 
     1 |  2  2  2 2 2 6 6  6 
     2 |  2  2  2 2 2 . .  . 
     3 |  2  2  2 2 2 . .  . 
     4 |  .  .  . . . . .  . 
     5 |  .  .  . . . . .  . 
     6 |  .  .  . . . . .  . 
     7 |  .  .  . . . . .  . 
     8 |  .  .  . . . . .  . 
     9 |  .  .  . . . . .  . 
    10 |  .  .  . . . . .  . 
    11 |  .  .  . . . . .  . 
    12 |  .  .  . 3 3 3 3  3 
    13 |  .  .  . 3 3 3 3  3 
    14 |  .  .  . 3 3 3 3  3 
    15 |  .  .  . 3 3 3 3  3 
    16 |  .  .  . . . . .  . 
    17 |  .  .  . . . . .  . 
    18 |  .  .  . . . . .  . 
    19 |  .  .  . . . . .  . 
    20 |  .  .  . 1 1 1 1  1 
    21 |  .  .  . 1 1 1 1  1 
    22 |  .  .  . 1 1 1 1  1 
    23 |  .  .  . 1 1 1 1  1 
    24 | 12  .  . . . . .  . 
    25 | 12  .  . . . . .  . 
    26 | 11  .  . . . . . 10 
    27 | 11  .  . . . . . 10 
    28 |  9  9  . 4 4 4 4  4 
    29 |  9  9  . 4 4 4 4  4 
    30 |  8  8  . 4 4 4 4  4 
    31 |  8  8  . 4 4 4 4  4 
    32 |  7  7  . . . . .  . 
    33 |  7  7  . 5 5 5 5  5 
    34 | 13 13 13 5 5 5 5  5 
    35 | 13 13 13 5 5 5 5  5 
    36 | 13 13 13 5 5 5 5  5 
    
    Boxes' corners:       (w,l)
        Box  1 is at 
            top left     (3,20)
            bottom right (7,23)
    
        Box  2 is at 
            top left     (0,0)
            bottom right (4,3)
    
        Box  3 is at 
            top left     (3,12)
            bottom right (7,15)
    
        Box  4 is at 
            top left     (3,28)
            bottom right (7,31)
    
        Box  5 is at 
            top left     (3,33)
            bottom right (7,36)
    
        Box  6 is at 
            top left     (5,0)
            bottom right (7,1)
    
        Box  7 is at 
            top left     (0,32)
            bottom right (1,33)
    
        Box  8 is at 
            top left     (0,30)
            bottom right (1,31)
    
        Box  9 is at 
            top left     (0,28)
            bottom right (1,29)
    
        Box 10 is at 
            top left     (7,26)
            bottom right (7,27)
    
        Box 11 is at 
            top left     (0,26)
            bottom right (0,27)
    
        Box 12 is at 
            top left     (0,24)
            bottom right (0,25)
    
        Box 13 is at 
            top left     (0,34)
            bottom right (2,36)
    
        Roll length used: 37

    [1;34mTry max length:[0m 36
    [1;34m    At iteration:[0m 7
        lingeling found a solution in .539 ms

       | W
     L |  0  1  2 3 4 5 6  7 
    ------------------------
     0 |  .  .  2 2 2 2 2  . 
     1 |  .  .  2 2 2 2 2  . 
     2 |  .  .  2 2 2 2 2  . 
     3 |  .  .  2 2 2 2 2  . 
     4 |  .  .  . . . . .  . 
     5 |  .  .  . . . . .  . 
     6 |  .  .  . . . . .  . 
     7 |  .  .  . . . . .  . 
     8 |  .  .  . . . . .  . 
     9 |  .  .  . . . . .  . 
    10 |  .  .  . . . . .  . 
    11 |  .  .  . . . . .  . 
    12 |  .  .  . 4 4 4 4  4 
    13 |  .  .  . 4 4 4 4  4 
    14 |  .  .  . 4 4 4 4  4 
    15 |  .  .  . 4 4 4 4  4 
    16 |  .  .  . 3 3 3 3  3 
    17 |  .  .  . 3 3 3 3  3 
    18 |  .  .  . 3 3 3 3  3 
    19 |  .  .  . 3 3 3 3  3 
    20 |  .  .  . . . . .  . 
    21 |  .  .  . . . . .  . 
    22 |  .  .  . . . . . 12 
    23 |  .  .  . . . . . 12 
    24 | 11  .  . . . . . 10 
    25 | 11  .  . . . . . 10 
    26 |  6  6  6 . . . 9  9 
    27 |  6  6  6 . . . 9  9 
    28 |  1  1  1 1 1 . 8  8 
    29 |  1  1  1 1 1 . 8  8 
    30 |  1  1  1 1 1 . 7  7 
    31 |  1  1  1 1 1 . 7  7 
    32 |  .  .  . 5 5 5 5  5 
    33 | 13 13 13 5 5 5 5  5 
    34 | 13 13 13 5 5 5 5  5 
    35 | 13 13 13 5 5 5 5  5 
    
    Boxes' corners:       (w,l)
        Box  1 is at 
            top left     (0,28)
            bottom right (4,31)
    
        Box  2 is at 
            top left     (2,0)
            bottom right (6,3)
    
        Box  3 is at 
            top left     (3,16)
            bottom right (7,19)
    
        Box  4 is at 
            top left     (3,12)
            bottom right (7,15)
    
        Box  5 is at 
            top left     (3,32)
            bottom right (7,35)
    
        Box  6 is at 
            top left     (0,26)
            bottom right (2,27)
    
        Box  7 is at 
            top left     (6,30)
            bottom right (7,31)
    
        Box  8 is at 
            top left     (6,28)
            bottom right (7,29)
    
        Box  9 is at 
            top left     (6,26)
            bottom right (7,27)
    
        Box 10 is at 
            top left     (7,24)
            bottom right (7,25)
    
        Box 11 is at 
            top left     (0,24)
            bottom right (0,25)
    
        Box 12 is at 
            top left     (7,22)
            bottom right (7,23)
    
        Box 13 is at 
            top left     (0,33)
            bottom right (2,35)
    
        Roll length used: 36

    [1;34mTry max length:[0m 35
    [1;34m    At iteration:[0m 8
        lingeling found a solution in .527 ms

       | W
     L |  0  1  2 3 4 5 6  7 
    ------------------------
     0 |  6  6  6 5 5 5 5  5 
     1 |  6  6  6 5 5 5 5  5 
     2 |  .  .  . 5 5 5 5  5 
     3 |  .  .  . 5 5 5 5  5 
     4 |  .  .  . . . . .  . 
     5 |  .  .  . 4 4 4 4  4 
     6 |  .  .  . 4 4 4 4  4 
     7 |  .  .  . 4 4 4 4  4 
     8 |  .  .  . 4 4 4 4  4 
     9 |  1  1  1 1 1 . .  . 
    10 |  1  1  1 1 1 . .  . 
    11 |  1  1  1 1 1 . .  . 
    12 |  1  1  1 1 1 . .  . 
    13 |  .  .  . . . . .  . 
    14 |  .  .  . . . . .  . 
    15 |  .  .  . . . . .  . 
    16 |  .  .  . . . . .  . 
    17 |  .  .  . . . . .  . 
    18 |  .  .  . . . . .  . 
    19 |  .  .  . . . . .  . 
    20 |  .  .  . 2 2 2 2  2 
    21 |  .  .  . 2 2 2 2  2 
    22 |  .  .  . 2 2 2 2  2 
    23 |  .  .  . 2 2 2 2  2 
    24 |  .  .  . . . . .  . 
    25 |  .  .  . . . . . 12 
    26 | 11  .  . . . . . 12 
    27 | 11  .  . . . . . 10 
    28 |  9  9  . . . . . 10 
    29 |  9  9  . . . . 8  8 
    30 |  7  7  . . . . 8  8 
    31 |  7  7  . 3 3 3 3  3 
    32 | 13 13 13 3 3 3 3  3 
    33 | 13 13 13 3 3 3 3  3 
    34 | 13 13 13 3 3 3 3  3 
    
    Boxes' corners:       (w,l)
        Box  1 is at 
            top left     (0,9)
            bottom right (4,12)
    
        Box  2 is at 
            top left     (3,20)
            bottom right (7,23)
    
        Box  3 is at 
            top left     (3,31)
            bottom right (7,34)
    
        Box  4 is at 
            top left     (3,5)
            bottom right (7,8)
    
        Box  5 is at 
            top left     (3,0)
            bottom right (7,3)
    
        Box  6 is at 
            top left     (0,0)
            bottom right (2,1)
    
        Box  7 is at 
            top left     (0,30)
            bottom right (1,31)
    
        Box  8 is at 
            top left     (6,29)
            bottom right (7,30)
    
        Box  9 is at 
            top left     (0,28)
            bottom right (1,29)
    
        Box 10 is at 
            top left     (7,27)
            bottom right (7,28)
    
        Box 11 is at 
            top left     (0,26)
            bottom right (0,27)
    
        Box 12 is at 
            top left     (7,25)
            bottom right (7,26)
    
        Box 13 is at 
            top left     (0,32)
            bottom right (2,34)
    
        Roll length used: 35

    [1;34mTry max length:[0m 34
    [1;34m    At iteration:[0m 9
        lingeling found a solution in .506 ms

       | W
     L |  0  1 2 3 4  5  6  7 
    -------------------------
     0 |  .  . 3 3 3  3  3  . 
     1 |  .  . 3 3 3  3  3  . 
     2 |  . 10 3 3 3  3  3  . 
     3 |  . 10 3 3 3  3  3  . 
     4 |  2  2 2 2 .  .  .  . 
     5 |  2  2 2 2 .  .  .  . 
     6 |  2  2 2 2 .  .  .  . 
     7 |  2  2 2 2 .  .  .  . 
     8 |  2  2 2 2 .  .  .  . 
     9 |  .  . . . .  .  .  . 
    10 |  1  1 1 1 1  .  .  . 
    11 |  1  1 1 1 1  .  .  . 
    12 |  1  1 1 1 1  .  .  . 
    13 |  1  1 1 1 1  .  .  . 
    14 |  .  . . . .  .  .  . 
    15 |  .  . . . .  .  .  . 
    16 |  .  . . . .  6  6  6 
    17 |  .  . . . .  6  6  6 
    18 | 12  . . . .  .  .  . 
    19 | 12  . . . .  .  .  . 
    20 |  .  . . . .  .  .  . 
    21 |  .  . 5 5 5  5  5  . 
    22 |  .  . 5 5 5  5  5  . 
    23 |  .  . 5 5 5  5  5  . 
    24 |  .  . 5 5 5  5  5  . 
    25 |  .  . . . .  .  .  . 
    26 | 11  . . . .  .  .  . 
    27 | 11  . . 9 9  .  8  8 
    28 |  7  7 . 9 9  .  8  8 
    29 |  7  7 . . . 13 13 13 
    30 |  4  4 4 4 4 13 13 13 
    31 |  4  4 4 4 4 13 13 13 
    32 |  4  4 4 4 4  .  .  . 
    33 |  4  4 4 4 4  .  .  . 
    
    Boxes' corners:       (w,l)
        Box  1 is at 
            top left     (0,10)
            bottom right (4,13)
    
        Box  2 is at 
            top left     (0,4)
            bottom right (3,8)
    
        Box  3 is at 
            top left     (2,0)
            bottom right (6,3)
    
        Box  4 is at 
            top left     (0,30)
            bottom right (4,33)
    
        Box  5 is at 
            top left     (2,21)
            bottom right (6,24)
    
        Box  6 is at 
            top left     (5,16)
            bottom right (7,17)
    
        Box  7 is at 
            top left     (0,28)
            bottom right (1,29)
    
        Box  8 is at 
            top left     (6,27)
            bottom right (7,28)
    
        Box  9 is at 
            top left     (3,27)
            bottom right (4,28)
    
        Box 10 is at 
            top left     (1,2)
            bottom right (1,3)
    
        Box 11 is at 
            top left     (0,26)
            bottom right (0,27)
    
        Box 12 is at 
            top left     (0,18)
            bottom right (0,19)
    
        Box 13 is at 
            top left     (5,29)
            bottom right (7,31)
    
        Roll length used: 34

    [1;34mTry max length:[0m 33
    [1;34m    At iteration:[0m 10
        lingeling found a solution in .485 ms

       | W
     L |  0  1  2 3 4 5 6  7 
    ------------------------
     0 |  .  3  3 3 3 3 .  . 
     1 |  .  3  3 3 3 3 .  . 
     2 |  .  3  3 3 3 3 .  . 
     3 |  .  3  3 3 3 3 .  . 
     4 |  .  .  . . . . .  . 
     5 |  .  .  . . . . .  . 
     6 |  .  .  . . . 6 6  6 
     7 |  .  .  . . . 6 6  6 
     8 |  2  2  2 2 2 . .  . 
     9 |  2  2  2 2 2 . .  . 
    10 |  2  2  2 2 2 . .  . 
    11 |  2  2  2 2 2 . .  . 
    12 |  .  .  . . . . .  . 
    13 |  .  .  . . . . .  . 
    14 |  .  .  . . . . .  . 
    15 |  .  .  . . . . .  . 
    16 | 12  .  . . . . . 11 
    17 | 12  .  . . . . . 11 
    18 | 13 13 13 . . . . 10 
    19 | 13 13 13 . . . . 10 
    20 | 13 13 13 . . . 9  9 
    21 |  4  4  4 4 4 . 9  9 
    22 |  4  4  4 4 4 . 8  8 
    23 |  4  4  4 4 4 . 8  8 
    24 |  4  4  4 4 4 . 7  7 
    25 |  .  1  1 1 1 1 7  7 
    26 |  .  1  1 1 1 1 .  . 
    27 |  .  1  1 1 1 1 .  . 
    28 |  .  1  1 1 1 1 .  . 
    29 |  .  .  5 5 5 5 5  . 
    30 |  .  .  5 5 5 5 5  . 
    31 |  .  .  5 5 5 5 5  . 
    32 |  .  .  5 5 5 5 5  . 
    
    Boxes' corners:       (w,l)
        Box  1 is at 
            top left     (1,25)
            bottom right (5,28)
    
        Box  2 is at 
            top left     (0,8)
            bottom right (4,11)
    
        Box  3 is at 
            top left     (1,0)
            bottom right (5,3)
    
        Box  4 is at 
            top left     (0,21)
            bottom right (4,24)
    
        Box  5 is at 
            top left     (2,29)
            bottom right (6,32)
    
        Box  6 is at 
            top left     (5,6)
            bottom right (7,7)
    
        Box  7 is at 
            top left     (6,24)
            bottom right (7,25)
    
        Box  8 is at 
            top left     (6,22)
            bottom right (7,23)
    
        Box  9 is at 
            top left     (6,20)
            bottom right (7,21)
    
        Box 10 is at 
            top left     (7,18)
            bottom right (7,19)
    
        Box 11 is at 
            top left     (7,16)
            bottom right (7,17)
    
        Box 12 is at 
            top left     (0,16)
            bottom right (0,17)
    
        Box 13 is at 
            top left     (0,18)
            bottom right (2,20)
    
        Roll length used: 33

    [1;34mTry max length:[0m 32
    [1;34m    At iteration:[0m 11
        lingeling found a solution in .459 ms

       | W
     L |  0  1  2 3 4 5 6  7 
    ------------------------
     0 | 13 13 13 4 4 4 4  4 
     1 | 13 13 13 4 4 4 4  4 
     2 | 13 13 13 4 4 4 4  4 
     3 |  .  .  . 4 4 4 4  4 
     4 |  .  .  . . . . .  . 
     5 |  .  .  . . . . .  . 
     6 |  .  .  . . . . .  . 
     7 |  .  .  . . . . .  . 
     8 |  .  .  . . . . .  . 
     9 |  .  .  . 3 3 3 3  3 
    10 |  .  .  . 3 3 3 3  3 
    11 |  .  .  . 3 3 3 3  3 
    12 |  .  .  . 3 3 3 3  3 
    13 |  .  .  . . . . .  . 
    14 |  .  1  1 1 1 1 .  . 
    15 |  .  1  1 1 1 1 .  . 
    16 | 12  1  1 1 1 1 . 11 
    17 | 12  1  1 1 1 1 . 11 
    18 | 10  .  . . . . 9  9 
    19 | 10  .  . . . . 9  9 
    20 |  .  .  5 5 5 5 5  . 
    21 |  .  .  5 5 5 5 5  . 
    22 |  .  .  5 5 5 5 5  . 
    23 |  .  .  5 5 5 5 5  . 
    24 |  .  .  . . . . .  . 
    25 |  .  .  . . . . .  . 
    26 |  8  8  . . . . 7  7 
    27 |  8  8  . . . . 7  7 
    28 |  2  2  2 2 2 . .  . 
    29 |  2  2  2 2 2 . .  . 
    30 |  2  2  2 2 2 6 6  6 
    31 |  2  2  2 2 2 6 6  6 
    
    Boxes' corners:       (w,l)
        Box  1 is at 
            top left     (1,14)
            bottom right (5,17)
    
        Box  2 is at 
            top left     (0,28)
            bottom right (4,31)
    
        Box  3 is at 
            top left     (3,9)
            bottom right (7,12)
    
        Box  4 is at 
            top left     (3,0)
            bottom right (7,3)
    
        Box  5 is at 
            top left     (2,20)
            bottom right (6,23)
    
        Box  6 is at 
            top left     (5,30)
            bottom right (7,31)
    
        Box  7 is at 
            top left     (6,26)
            bottom right (7,27)
    
        Box  8 is at 
            top left     (0,26)
            bottom right (1,27)
    
        Box  9 is at 
            top left     (6,18)
            bottom right (7,19)
    
        Box 10 is at 
            top left     (0,18)
            bottom right (0,19)
    
        Box 11 is at 
            top left     (7,16)
            bottom right (7,17)
    
        Box 12 is at 
            top left     (0,16)
            bottom right (0,17)
    
        Box 13 is at 
            top left     (0,0)
            bottom right (2,2)
    
        Roll length used: 32

    [1;34mTry max length:[0m 31
    [1;34m    At iteration:[0m 12
        lingeling found a solution in .426 ms

       | W
     L |  0  1  2  3  4 5  6  7 
    ---------------------------
     0 | 13 13 13  1  1 1  1  1 
     1 | 13 13 13  1  1 1  1  1 
     2 | 13 13 13  1  1 1  1  1 
     3 |  .  .  .  1  1 1  1  1 
     4 |  .  .  .  .  . .  .  . 
     5 |  .  .  .  .  . .  .  . 
     6 |  .  .  5  5  5 5  5  . 
     7 |  .  .  5  5  5 5  5  . 
     8 |  .  .  5  5  5 5  5  . 
     9 |  .  .  5  5  5 5  5  . 
    10 |  .  .  .  .  . .  .  . 
    11 |  .  .  .  .  . .  .  . 
    12 |  .  .  .  .  3 3  3  3 
    13 |  .  .  .  .  3 3  3  3 
    14 |  .  .  .  .  3 3  3  3 
    15 |  .  .  .  .  3 3  3  3 
    16 |  .  .  .  .  3 3  3  3 
    17 |  . 11  . 10 10 .  .  . 
    18 |  . 11  .  .  . .  .  . 
    19 |  .  .  .  .  . .  .  . 
    20 |  .  .  .  .  . .  8  8 
    21 |  .  .  .  .  . .  8  8 
    22 |  .  .  4  4  4 4  4  . 
    23 |  9  9  4  4  4 4  4  . 
    24 |  9  9  4  4  4 4  4  . 
    25 |  7  7  4  4  4 4  4  . 
    26 |  7  7  .  .  . 6  6  6 
    27 |  2  2  2  2  2 6  6  6 
    28 |  2  2  2  2  2 .  .  . 
    29 |  2  2  2  2  2 .  .  . 
    30 |  2  2  2  2  2 . 12 12 
    
    Boxes' corners:       (w,l)
        Box  1 is at 
            top left     (3,0)
            bottom right (7,3)
    
        Box  2 is at 
            top left     (0,27)
            bottom right (4,30)
    
        Box  3 is at 
            top left     (4,12)
            bottom right (7,16)
    
        Box  4 is at 
            top left     (2,22)
            bottom right (6,25)
    
        Box  5 is at 
            top left     (2,6)
            bottom right (6,9)
    
        Box  6 is at 
            top left     (5,26)
            bottom right (7,27)
    
        Box  7 is at 
            top left     (0,25)
            bottom right (1,26)
    
        Box  8 is at 
            top left     (6,20)
            bottom right (7,21)
    
        Box  9 is at 
            top left     (0,23)
            bottom right (1,24)
    
        Box 10 is at 
            top left     (3,17)
            bottom right (4,17)
    
        Box 11 is at 
            top left     (1,17)
            bottom right (1,18)
    
        Box 12 is at 
            top left     (6,30)
            bottom right (7,30)
    
        Box 13 is at 
            top left     (0,0)
            bottom right (2,2)
    
        Roll length used: 31

    [1;34mTry max length:[0m 30
    [1;34m    At iteration:[0m 13
        lingeling found a solution in .401 ms

       | W
     L |  0  1 2 3 4  5  6  7 
    -------------------------
     0 |  1  1 1 1 1  .  .  . 
     1 |  1  1 1 1 1  .  .  . 
     2 |  1  1 1 1 1  .  .  . 
     3 |  1  1 1 1 1 13 13 13 
     4 |  3  3 3 3 3 13 13 13 
     5 |  3  3 3 3 3 13 13 13 
     6 |  3  3 3 3 3  .  .  . 
     7 |  3  3 3 3 3  .  .  . 
     8 |  .  . . . .  .  .  . 
     9 |  4  4 4 4 4  .  .  . 
    10 |  4  4 4 4 4  .  .  . 
    11 |  4  4 4 4 4  .  .  . 
    12 |  4  4 4 4 4  .  .  . 
    13 |  .  . . . .  .  .  . 
    14 |  .  . . 2 2  2  2  . 
    15 |  6  6 6 2 2  2  2  . 
    16 |  6  6 6 2 2  2  2  . 
    17 |  .  . . 2 2  2  2  . 
    18 |  .  . . 2 2  2  2  . 
    19 |  .  . . . .  .  .  . 
    20 |  .  . . . .  .  .  . 
    21 |  .  . . . .  .  .  . 
    22 |  .  . . . .  .  .  . 
    23 | 12  . . . .  .  .  . 
    24 | 12  . . . .  .  9  9 
    25 |  8  8 . . .  .  9  9 
    26 |  8  8 5 5 5  5  5 10 
    27 |  7  7 5 5 5  5  5 10 
    28 |  7  7 5 5 5  5  5  . 
    29 | 11 11 5 5 5  5  5  . 
    
    Boxes' corners:       (w,l)
        Box  1 is at 
            top left     (0,0)
            bottom right (4,3)
    
        Box  2 is at 
            top left     (3,14)
            bottom right (6,18)
    
        Box  3 is at 
            top left     (0,4)
            bottom right (4,7)
    
        Box  4 is at 
            top left     (0,9)
            bottom right (4,12)
    
        Box  5 is at 
            top left     (2,26)
            bottom right (6,29)
    
        Box  6 is at 
            top left     (0,15)
            bottom right (2,16)
    
        Box  7 is at 
            top left     (0,27)
            bottom right (1,28)
    
        Box  8 is at 
            top left     (0,25)
            bottom right (1,26)
    
        Box  9 is at 
            top left     (6,24)
            bottom right (7,25)
    
        Box 10 is at 
            top left     (7,26)
            bottom right (7,27)
    
        Box 11 is at 
            top left     (0,29)
            bottom right (1,29)
    
        Box 12 is at 
            top left     (0,23)
            bottom right (0,24)
    
        Box 13 is at 
            top left     (5,3)
            bottom right (7,5)
    
        Roll length used: 30

    [1;34mTry max length:[0m 29
    [1;34m    At iteration:[0m 14
        lingeling found a solution in .362 ms

       | W
     L |  0  1  2 3 4 5 6  7 
    ------------------------
     0 | 13 13 13 3 3 3 3  3 
     1 | 13 13 13 3 3 3 3  3 
     2 | 13 13 13 3 3 3 3  3 
     3 |  .  .  . 3 3 3 3  3 
     4 |  .  .  . . . . .  . 
     5 |  .  .  . . . . .  . 
     6 |  .  .  2 2 2 2 2  . 
     7 |  .  .  2 2 2 2 2  . 
     8 |  .  .  2 2 2 2 2  . 
     9 |  .  .  2 2 2 2 2  . 
    10 |  .  .  . . . . .  . 
    11 |  .  .  . 1 1 1 1  1 
    12 |  .  .  . 1 1 1 1  1 
    13 |  .  .  . 1 1 1 1  1 
    14 |  .  .  . 1 1 1 1  1 
    15 |  .  4  4 4 4 4 .  . 
    16 |  .  4  4 4 4 4 .  . 
    17 |  .  4  4 4 4 4 .  . 
    18 |  .  4  4 4 4 4 .  . 
    19 |  .  .  . . . . . 12 
    20 | 11  .  . . . . . 12 
    21 | 11  .  . . . . 9  9 
    22 |  .  .  . . . . 9  9 
    23 |  8  8  . . . . 7  7 
    24 |  8  8  . . . . 7  7 
    25 |  5  5  5 5 5 6 6  6 
    26 |  5  5  5 5 5 6 6  6 
    27 |  5  5  5 5 5 . . 10 
    28 |  5  5  5 5 5 . . 10 
    
    Boxes' corners:       (w,l)
        Box  1 is at 
            top left     (3,11)
            bottom right (7,14)
    
        Box  2 is at 
            top left     (2,6)
            bottom right (6,9)
    
        Box  3 is at 
            top left     (3,0)
            bottom right (7,3)
    
        Box  4 is at 
            top left     (1,15)
            bottom right (5,18)
    
        Box  5 is at 
            top left     (0,25)
            bottom right (4,28)
    
        Box  6 is at 
            top left     (5,25)
            bottom right (7,26)
    
        Box  7 is at 
            top left     (6,23)
            bottom right (7,24)
    
        Box  8 is at 
            top left     (0,23)
            bottom right (1,24)
    
        Box  9 is at 
            top left     (6,21)
            bottom right (7,22)
    
        Box 10 is at 
            top left     (7,27)
            bottom right (7,28)
    
        Box 11 is at 
            top left     (0,20)
            bottom right (0,21)
    
        Box 12 is at 
            top left     (7,19)
            bottom right (7,20)
    
        Box 13 is at 
            top left     (0,0)
            bottom right (2,2)
    
        Roll length used: 29

    [1;34mTry max length:[0m 28
    [1;34m    At iteration:[0m 15
        lingeling found a solution in .342 ms

       | W
     L |  0 1 2 3 4  5  6  7 
    ------------------------
     0 |  4 4 4 4 4  6  6  6 
     1 |  4 4 4 4 4  6  6  6 
     2 |  4 4 4 4 4  .  .  . 
     3 |  4 4 4 4 4  .  .  . 
     4 |  . . . . .  .  .  . 
     5 |  . . . . .  .  .  . 
     6 |  . . . 2 2  2  2  2 
     7 |  . . . 2 2  2  2  2 
     8 |  . . . 2 2  2  2  2 
     9 |  . . . 2 2  2  2  2 
    10 |  3 3 3 3 3  .  .  . 
    11 |  3 3 3 3 3  .  .  . 
    12 |  3 3 3 3 3  .  .  . 
    13 |  3 3 3 3 3  .  .  . 
    14 |  . . . . .  .  . 12 
    15 |  . . . . .  .  . 12 
    16 |  5 5 5 5 5  .  .  . 
    17 |  5 5 5 5 5  .  .  . 
    18 |  5 5 5 5 5  .  .  . 
    19 |  5 5 5 5 5  .  . 11 
    20 | 10 . . . .  .  . 11 
    21 | 10 . . . .  .  9  9 
    22 |  8 8 . . .  .  9  9 
    23 |  8 8 . . .  .  7  7 
    24 |  1 1 1 1 1  .  7  7 
    25 |  1 1 1 1 1 13 13 13 
    26 |  1 1 1 1 1 13 13 13 
    27 |  1 1 1 1 1 13 13 13 
    
    Boxes' corners:       (w,l)
        Box  1 is at 
            top left     (0,24)
            bottom right (4,27)
    
        Box  2 is at 
            top left     (3,6)
            bottom right (7,9)
    
        Box  3 is at 
            top left     (0,10)
            bottom right (4,13)
    
        Box  4 is at 
            top left     (0,0)
            bottom right (4,3)
    
        Box  5 is at 
            top left     (0,16)
            bottom right (4,19)
    
        Box  6 is at 
            top left     (5,0)
            bottom right (7,1)
    
        Box  7 is at 
            top left     (6,23)
            bottom right (7,24)
    
        Box  8 is at 
            top left     (0,22)
            bottom right (1,23)
    
        Box  9 is at 
            top left     (6,21)
            bottom right (7,22)
    
        Box 10 is at 
            top left     (0,20)
            bottom right (0,21)
    
        Box 11 is at 
            top left     (7,19)
            bottom right (7,20)
    
        Box 12 is at 
            top left     (7,14)
            bottom right (7,15)
    
        Box 13 is at 
            top left     (5,25)
            bottom right (7,27)
    
        Roll length used: 28

    [1;34mTry max length:[0m 27
    [1;34m    At iteration:[0m 16
        lingeling found a solution in .346 ms

       | W
     L |  0 1 2 3 4  5  6  7 
    ------------------------
     0 |  . 3 3 3 3  3  .  . 
     1 |  . 3 3 3 3  3  .  . 
     2 |  . 3 3 3 3  3  .  . 
     3 |  . 3 3 3 3  3  .  . 
     4 |  . 4 4 4 4  4  .  . 
     5 |  . 4 4 4 4  4  .  . 
     6 |  . 4 4 4 4  4  .  . 
     7 |  . 4 4 4 4  4  .  . 
     8 |  . . . . .  .  .  . 
     9 | 11 . . . .  .  . 12 
    10 | 11 . . . .  .  . 12 
    11 | 10 . . . .  .  .  . 
    12 | 10 . . . .  .  .  . 
    13 |  2 2 2 2 2 13 13 13 
    14 |  2 2 2 2 2 13 13 13 
    15 |  2 2 2 2 2 13 13 13 
    16 |  2 2 2 2 2  .  9  9 
    17 |  . . . . .  .  9  9 
    18 |  1 1 1 1 1  .  8  8 
    19 |  1 1 1 1 1  .  8  8 
    20 |  1 1 1 1 1  .  7  7 
    21 |  1 1 1 1 1  .  7  7 
    22 |  . . . . .  .  .  . 
    23 |  5 5 5 5 5  6  6  6 
    24 |  5 5 5 5 5  6  6  6 
    25 |  5 5 5 5 5  .  .  . 
    26 |  5 5 5 5 5  .  .  . 
    
    Boxes' corners:       (w,l)
        Box  1 is at 
            top left     (0,18)
            bottom right (4,21)
    
        Box  2 is at 
            top left     (0,13)
            bottom right (4,16)
    
        Box  3 is at 
            top left     (1,0)
            bottom right (5,3)
    
        Box  4 is at 
            top left     (1,4)
            bottom right (5,7)
    
        Box  5 is at 
            top left     (0,23)
            bottom right (4,26)
    
        Box  6 is at 
            top left     (5,23)
            bottom right (7,24)
    
        Box  7 is at 
            top left     (6,20)
            bottom right (7,21)
    
        Box  8 is at 
            top left     (6,18)
            bottom right (7,19)
    
        Box  9 is at 
            top left     (6,16)
            bottom right (7,17)
    
        Box 10 is at 
            top left     (0,11)
            bottom right (0,12)
    
        Box 11 is at 
            top left     (0,9)
            bottom right (0,10)
    
        Box 12 is at 
            top left     (7,9)
            bottom right (7,10)
    
        Box 13 is at 
            top left     (5,13)
            bottom right (7,15)
    
        Roll length used: 27

    [1;34mTry max length:[0m 26
    [1;34m    At iteration:[0m 17
        lingeling found a solution in .421 ms

       | W
     L |  0  1  2 3 4 5 6 7 
    -----------------------
     0 |  .  5  5 5 5 5 . . 
     1 |  .  5  5 5 5 5 . . 
     2 |  .  5  5 5 5 5 . . 
     3 |  .  5  5 5 5 5 . . 
     4 |  .  .  . . . . . . 
     5 |  .  .  2 2 2 2 . . 
     6 |  .  .  2 2 2 2 . . 
     7 | 12  .  2 2 2 2 . . 
     8 | 12  .  2 2 2 2 . . 
     9 |  .  .  2 2 2 2 9 9 
    10 |  .  .  . . . . 9 9 
    11 | 11 11 10 4 4 4 4 4 
    12 |  8  8 10 4 4 4 4 4 
    13 |  8  8  . 4 4 4 4 4 
    14 | 13 13 13 4 4 4 4 4 
    15 | 13 13 13 . . . . . 
    16 | 13 13 13 . . . . . 
    17 |  1  1  1 1 1 . . . 
    18 |  1  1  1 1 1 . . . 
    19 |  1  1  1 1 1 . . . 
    20 |  1  1  1 1 1 . . . 
    21 |  .  .  . . . . 7 7 
    22 |  3  3  3 3 3 . 7 7 
    23 |  3  3  3 3 3 6 6 6 
    24 |  3  3  3 3 3 6 6 6 
    25 |  3  3  3 3 3 . . . 
    
    Boxes' corners:       (w,l)
        Box  1 is at 
            top left     (0,17)
            bottom right (4,20)
    
        Box  2 is at 
            top left     (2,5)
            bottom right (5,9)
    
        Box  3 is at 
            top left     (0,22)
            bottom right (4,25)
    
        Box  4 is at 
            top left     (3,11)
            bottom right (7,14)
    
        Box  5 is at 
            top left     (1,0)
            bottom right (5,3)
    
        Box  6 is at 
            top left     (5,23)
            bottom right (7,24)
    
        Box  7 is at 
            top left     (6,21)
            bottom right (7,22)
    
        Box  8 is at 
            top left     (0,12)
            bottom right (1,13)
    
        Box  9 is at 
            top left     (6,9)
            bottom right (7,10)
    
        Box 10 is at 
            top left     (2,11)
            bottom right (2,12)
    
        Box 11 is at 
            top left     (0,11)
            bottom right (1,11)
    
        Box 12 is at 
            top left     (0,7)
            bottom right (0,8)
    
        Box 13 is at 
            top left     (0,14)
            bottom right (2,16)
    
        Roll length used: 26

    [1;34mTry max length:[0m 25
    [1;34m    At iteration:[0m 18
        lingeling found a solution in .307 ms

       | W
     L |  0  1  2 3 4 5 6 7 
    -----------------------
     0 |  .  2  2 2 2 2 . . 
     1 |  .  2  2 2 2 2 . . 
     2 |  .  2  2 2 2 2 . . 
     3 |  .  2  2 2 2 2 . . 
     4 | 12  .  . . . . . . 
     5 | 12  .  . . . . . . 
     6 | 11  .  . . . 6 6 6 
     7 | 11  .  . . . 6 6 6 
     8 |  9  9  . . 1 1 1 1 
     9 |  9  9  . . 1 1 1 1 
    10 | 10 10  . . 1 1 1 1 
    11 |  .  .  . . 1 1 1 1 
    12 |  8  8  . . 1 1 1 1 
    13 |  8  8  . 3 3 3 3 3 
    14 |  7  7  . 3 3 3 3 3 
    15 |  7  7  . 3 3 3 3 3 
    16 |  .  .  . 3 3 3 3 3 
    17 |  4  4  4 4 4 . . . 
    18 |  4  4  4 4 4 . . . 
    19 |  4  4  4 4 4 . . . 
    20 |  4  4  4 4 4 . . . 
    21 |  .  .  . 5 5 5 5 5 
    22 | 13 13 13 5 5 5 5 5 
    23 | 13 13 13 5 5 5 5 5 
    24 | 13 13 13 5 5 5 5 5 
    
    Boxes' corners:       (w,l)
        Box  1 is at 
            top left     (4,8)
            bottom right (7,12)
    
        Box  2 is at 
            top left     (1,0)
            bottom right (5,3)
    
        Box  3 is at 
            top left     (3,13)
            bottom right (7,16)
    
        Box  4 is at 
            top left     (0,17)
            bottom right (4,20)
    
        Box  5 is at 
            top left     (3,21)
            bottom right (7,24)
    
        Box  6 is at 
            top left     (5,6)
            bottom right (7,7)
    
        Box  7 is at 
            top left     (0,14)
            bottom right (1,15)
    
        Box  8 is at 
            top left     (0,12)
            bottom right (1,13)
    
        Box  9 is at 
            top left     (0,8)
            bottom right (1,9)
    
        Box 10 is at 
            top left     (0,10)
            bottom right (1,10)
    
        Box 11 is at 
            top left     (0,6)
            bottom right (0,7)
    
        Box 12 is at 
            top left     (0,4)
            bottom right (0,5)
    
        Box 13 is at 
            top left     (0,22)
            bottom right (2,24)
    
        Roll length used: 25

    [1;34mTry max length:[0m 24
    [1;34m    At iteration:[0m 19
        lingeling found a solution in .288 ms

       | W
     L |  0 1 2 3 4  5  6  7 
    ------------------------
     0 |  . . . 4 4  4  4  4 
     1 |  . . . 4 4  4  4  4 
     2 |  . . . 4 4  4  4  4 
     3 |  . . . 4 4  4  4  4 
     4 |  5 5 5 5 5  .  .  . 
     5 |  5 5 5 5 5  .  .  . 
     6 |  5 5 5 5 5  .  .  . 
     7 |  5 5 5 5 5  .  .  . 
     8 |  . 2 2 2 2  2  .  . 
     9 |  . 2 2 2 2  2  .  . 
    10 |  . 2 2 2 2  2  .  . 
    11 |  . 2 2 2 2  2  .  . 
    12 |  . . . 3 3  3  3  3 
    13 | 12 . . 3 3  3  3  3 
    14 | 12 . . 3 3  3  3  3 
    15 |  . . . 3 3  3  3  3 
    16 |  1 1 1 1 1  .  . 11 
    17 |  1 1 1 1 1  .  . 11 
    18 |  1 1 1 1 1  .  . 10 
    19 |  1 1 1 1 1  .  . 10 
    20 |  9 9 8 8 .  .  .  . 
    21 |  9 9 8 8 . 13 13 13 
    22 |  6 6 6 7 7 13 13 13 
    23 |  6 6 6 7 7 13 13 13 
    
    Boxes' corners:       (w,l)
        Box  1 is at 
            top left     (0,16)
            bottom right (4,19)
    
        Box  2 is at 
            top left     (1,8)
            bottom right (5,11)
    
        Box  3 is at 
            top left     (3,12)
            bottom right (7,15)
    
        Box  4 is at 
            top left     (3,0)
            bottom right (7,3)
    
        Box  5 is at 
            top left     (0,4)
            bottom right (4,7)
    
        Box  6 is at 
            top left     (0,22)
            bottom right (2,23)
    
        Box  7 is at 
            top left     (3,22)
            bottom right (4,23)
    
        Box  8 is at 
            top left     (2,20)
            bottom right (3,21)
    
        Box  9 is at 
            top left     (0,20)
            bottom right (1,21)
    
        Box 10 is at 
            top left     (7,18)
            bottom right (7,19)
    
        Box 11 is at 
            top left     (7,16)
            bottom right (7,17)
    
        Box 12 is at 
            top left     (0,13)
            bottom right (0,14)
    
        Box 13 is at 
            top left     (5,21)
            bottom right (7,23)
    
        Roll length used: 24

    [1;34mTry max length:[0m 23
    [1;34m    At iteration:[0m 20
        lingeling found a solution in .280 ms

       | W
     L | 0 1 2 3 4  5  6  7 
    -----------------------
     0 | . 1 1 1 1  1  .  . 
     1 | . 1 1 1 1  1  .  . 
     2 | . 1 1 1 1  1  .  . 
     3 | . 1 1 1 1  1  .  . 
     4 | . . . . .  .  .  . 
     5 | . . 2 2 2  2  2  . 
     6 | . . 2 2 2  2  2  . 
     7 | 9 9 2 2 2  2  2  . 
     8 | 9 9 2 2 2  2  2  . 
     9 | 8 8 3 3 3  3  3 11 
    10 | 8 8 3 3 3  3  3 11 
    11 | 7 7 3 3 3  3  3 10 
    12 | 7 7 3 3 3  3  3 10 
    13 | 5 5 5 5 5  .  .  . 
    14 | 5 5 5 5 5  6  6  6 
    15 | 5 5 5 5 5  6  6  6 
    16 | 5 5 5 5 5  .  .  . 
    17 | . . . . .  .  .  . 
    18 | . . . . .  .  .  . 
    19 | 4 4 4 4 4 13 13 13 
    20 | 4 4 4 4 4 13 13 13 
    21 | 4 4 4 4 4 13 13 13 
    22 | 4 4 4 4 4  . 12 12 
    
    Boxes' corners:       (w,l)
        Box  1 is at 
            top left     (1,0)
            bottom right (5,3)
    
        Box  2 is at 
            top left     (2,5)
            bottom right (6,8)
    
        Box  3 is at 
            top left     (2,9)
            bottom right (6,12)
    
        Box  4 is at 
            top left     (0,19)
            bottom right (4,22)
    
        Box  5 is at 
            top left     (0,13)
            bottom right (4,16)
    
        Box  6 is at 
            top left     (5,14)
            bottom right (7,15)
    
        Box  7 is at 
            top left     (0,11)
            bottom right (1,12)
    
        Box  8 is at 
            top left     (0,9)
            bottom right (1,10)
    
        Box  9 is at 
            top left     (0,7)
            bottom right (1,8)
    
        Box 10 is at 
            top left     (7,11)
            bottom right (7,12)
    
        Box 11 is at 
            top left     (7,9)
            bottom right (7,10)
    
        Box 12 is at 
            top left     (6,22)
            bottom right (7,22)
    
        Box 13 is at 
            top left     (5,19)
            bottom right (7,21)
    
        Roll length used: 23

    [1;34mTry max length:[0m 22
    [1;34m    At iteration:[0m 21
        lingeling found a solution in .260 ms

       | W
     L |  0  1  2 3 4  5 6  7 
    -------------------------
     0 |  .  .  3 3 3  3 3  . 
     1 |  .  .  3 3 3  3 3 10 
     2 |  .  .  3 3 3  3 3 10 
     3 |  .  .  3 3 3  3 3 12 
     4 |  2  2  2 2 2  . . 12 
     5 |  2  2  2 2 2  . .  . 
     6 |  2  2  2 2 2 11 .  . 
     7 |  2  2  2 2 2 11 .  . 
     8 |  .  .  . . 1  1 1  1 
     9 |  .  .  . . 1  1 1  1 
    10 |  .  .  . . 1  1 1  1 
    11 |  9  9  7 7 1  1 1  1 
    12 |  9  9  7 7 1  1 1  1 
    13 |  5  5  5 5 5  . 8  8 
    14 |  5  5  5 5 5  . 8  8 
    15 |  5  5  5 5 5  . .  . 
    16 |  5  5  5 5 5  6 6  6 
    17 |  .  .  . . .  6 6  6 
    18 | 13 13 13 4 4  4 4  4 
    19 | 13 13 13 4 4  4 4  4 
    20 | 13 13 13 4 4  4 4  4 
    21 |  .  .  . 4 4  4 4  4 
    
    Boxes' corners:       (w,l)
        Box  1 is at 
            top left     (4,8)
            bottom right (7,12)
    
        Box  2 is at 
            top left     (0,4)
            bottom right (4,7)
    
        Box  3 is at 
            top left     (2,0)
            bottom right (6,3)
    
        Box  4 is at 
            top left     (3,18)
            bottom right (7,21)
    
        Box  5 is at 
            top left     (0,13)
            bottom right (4,16)
    
        Box  6 is at 
            top left     (5,16)
            bottom right (7,17)
    
        Box  7 is at 
            top left     (2,11)
            bottom right (3,12)
    
        Box  8 is at 
            top left     (6,13)
            bottom right (7,14)
    
        Box  9 is at 
            top left     (0,11)
            bottom right (1,12)
    
        Box 10 is at 
            top left     (7,1)
            bottom right (7,2)
    
        Box 11 is at 
            top left     (5,6)
            bottom right (5,7)
    
        Box 12 is at 
            top left     (7,3)
            bottom right (7,4)
    
        Box 13 is at 
            top left     (0,18)
            bottom right (2,20)
    
        Roll length used: 22

    [1;34mTry max length:[0m 21
    [1;34m    At iteration:[0m 22
        lingeling found a solution in .254 ms

       | W
     L |  0  1  2 3 4 5 6  7 
    ------------------------
     0 |  .  .  . 4 4 4 4  4 
     1 | 13 13 13 4 4 4 4  4 
     2 | 13 13 13 4 4 4 4  4 
     3 | 13 13 13 4 4 4 4  4 
     4 |  2  2  2 2 2 . .  . 
     5 |  2  2  2 2 2 . .  . 
     6 |  2  2  2 2 2 . . 11 
     7 |  2  2  2 2 2 . . 11 
     8 |  8  8  . . . . . 10 
     9 |  8  8  3 3 3 3 3 10 
    10 |  9  9  3 3 3 3 3  . 
    11 |  9  9  3 3 3 3 3  . 
    12 |  7  7  3 3 3 3 3  . 
    13 |  7  7  . 5 5 5 5  5 
    14 |  .  .  . 5 5 5 5  5 
    15 |  6  6  6 5 5 5 5  5 
    16 |  6  6  6 5 5 5 5  5 
    17 |  1  1  1 1 1 . .  . 
    18 |  1  1  1 1 1 . .  . 
    19 |  1  1  1 1 1 . . 12 
    20 |  1  1  1 1 1 . . 12 
    
    Boxes' corners:       (w,l)
        Box  1 is at 
            top left     (0,17)
            bottom right (4,20)
    
        Box  2 is at 
            top left     (0,4)
            bottom right (4,7)
    
        Box  3 is at 
            top left     (2,9)
            bottom right (6,12)
    
        Box  4 is at 
            top left     (3,0)
            bottom right (7,3)
    
        Box  5 is at 
            top left     (3,13)
            bottom right (7,16)
    
        Box  6 is at 
            top left     (0,15)
            bottom right (2,16)
    
        Box  7 is at 
            top left     (0,12)
            bottom right (1,13)
    
        Box  8 is at 
            top left     (0,8)
            bottom right (1,9)
    
        Box  9 is at 
            top left     (0,10)
            bottom right (1,11)
    
        Box 10 is at 
            top left     (7,8)
            bottom right (7,9)
    
        Box 11 is at 
            top left     (7,6)
            bottom right (7,7)
    
        Box 12 is at 
            top left     (7,19)
            bottom right (7,20)
    
        Box 13 is at 
            top left     (0,1)
            bottom right (2,3)
    
        Roll length used: 21

    [1;34mTry max length:[0m 20
    [1;34m    At iteration:[0m 23
        lingeling found a solution in .224 ms

       | W
     L |  0  1  2 3 4 5 6  7 
    ------------------------
     0 |  4  4  4 4 3 3 3  3 
     1 |  4  4  4 4 3 3 3  3 
     2 |  4  4  4 4 3 3 3  3 
     3 |  4  4  4 4 3 3 3  3 
     4 |  4  4  4 4 3 3 3  3 
     5 |  .  .  . . . . .  . 
     6 |  .  .  . 2 2 2 2  2 
     7 |  6  6 12 2 2 2 2  2 
     8 |  6  6 12 2 2 2 2  2 
     9 |  6  6  . 2 2 2 2  2 
    10 |  7  7  . . 5 5 5  5 
    11 |  7  7  . . 5 5 5  5 
    12 | 13 13 13 . 5 5 5  5 
    13 | 13 13 13 . 5 5 5  5 
    14 | 13 13 13 . 5 5 5  5 
    15 | 10 10  1 1 1 1 1  . 
    16 |  9  9  1 1 1 1 1  . 
    17 |  9  9  1 1 1 1 1  . 
    18 |  8  8  1 1 1 1 1 11 
    19 |  8  8  . . . . . 11 
    
    Boxes' corners:       (w,l)
        Box  1 is at 
            top left     (2,15)
            bottom right (6,18)
    
        Box  2 is at 
            top left     (3,6)
            bottom right (7,9)
    
        Box  3 is at 
            top left     (4,0)
            bottom right (7,4)
    
        Box  4 is at 
            top left     (0,0)
            bottom right (3,4)
    
        Box  5 is at 
            top left     (4,10)
            bottom right (7,14)
    
        Box  6 is at 
            top left     (0,7)
            bottom right (1,9)
    
        Box  7 is at 
            top left     (0,10)
            bottom right (1,11)
    
        Box  8 is at 
            top left     (0,18)
            bottom right (1,19)
    
        Box  9 is at 
            top left     (0,16)
            bottom right (1,17)
    
        Box 10 is at 
            top left     (0,15)
            bottom right (1,15)
    
        Box 11 is at 
            top left     (7,18)
            bottom right (7,19)
    
        Box 12 is at 
            top left     (2,7)
            bottom right (2,8)
    
        Box 13 is at 
            top left     (0,12)
            bottom right (2,14)
    
        Roll length used: 20

    [1;34mTry max length:[0m 19
    [1;34m    At iteration:[0m 24
        lingeling found a solution in .773 ms

       | W
     L | 0 1 2 3 4  5  6  7 
    -----------------------
     0 | 4 4 4 4 1  1  1  1 
     1 | 4 4 4 4 1  1  1  1 
     2 | 4 4 4 4 1  1  1  1 
     3 | 4 4 4 4 1  1  1  1 
     4 | 4 4 4 4 1  1  1  1 
     5 | 6 6 6 . 7  7 10  . 
     6 | 6 6 6 . 7  7 10  . 
     7 | 2 2 2 2 2  . 12  . 
     8 | 2 2 2 2 2  . 12  . 
     9 | 2 2 2 2 2  .  .  . 
    10 | 2 2 2 2 2  .  8  8 
    11 | 3 3 3 3 3  .  8  8 
    12 | 3 3 3 3 3 11 11  . 
    13 | 3 3 3 3 3 13 13 13 
    14 | 3 3 3 3 3 13 13 13 
    15 | 5 5 5 5 5 13 13 13 
    16 | 5 5 5 5 5  .  .  . 
    17 | 5 5 5 5 5  .  9  9 
    18 | 5 5 5 5 5  .  9  9 
    
    Boxes' corners:       (w,l)
        Box  1 is at 
            top left     (4,0)
            bottom right (7,4)
    
        Box  2 is at 
            top left     (0,7)
            bottom right (4,10)
    
        Box  3 is at 
            top left     (0,11)
            bottom right (4,14)
    
        Box  4 is at 
            top left     (0,0)
            bottom right (3,4)
    
        Box  5 is at 
            top left     (0,15)
            bottom right (4,18)
    
        Box  6 is at 
            top left     (0,5)
            bottom right (2,6)
    
        Box  7 is at 
            top left     (4,5)
            bottom right (5,6)
    
        Box  8 is at 
            top left     (6,10)
            bottom right (7,11)
    
        Box  9 is at 
            top left     (6,17)
            bottom right (7,18)
    
        Box 10 is at 
            top left     (6,5)
            bottom right (6,6)
    
        Box 11 is at 
            top left     (5,12)
            bottom right (6,12)
    
        Box 12 is at 
            top left     (6,7)
            bottom right (6,8)
    
        Box 13 is at 
            top left     (5,13)
            bottom right (7,15)
    
        Roll length used: 19

    [1;34mTry max length:[0m 18
    [1;34m    At iteration:[0m 25
        lingeling found a solution in .789 ms

       | W
     L |  0  1  2  3 4 5 6 7 
    ------------------------
     0 |  7  7  8  8 2 2 2 2 
     1 |  7  7  8  8 2 2 2 2 
     2 |  6  6 10 10 2 2 2 2 
     3 |  6  6  .  . 2 2 2 2 
     4 |  6  6  .  . 2 2 2 2 
     5 | 13 13 13  5 5 5 5 5 
     6 | 13 13 13  5 5 5 5 5 
     7 | 13 13 13  5 5 5 5 5 
     8 |  9  9  .  5 5 5 5 5 
     9 |  9  9  4  4 4 4 4 . 
    10 |  .  .  4  4 4 4 4 . 
    11 | 11 11  4  4 4 4 4 . 
    12 | 12 12  4  4 4 4 4 . 
    13 |  1  1  1  1 3 3 3 3 
    14 |  1  1  1  1 3 3 3 3 
    15 |  1  1  1  1 3 3 3 3 
    16 |  1  1  1  1 3 3 3 3 
    17 |  1  1  1  1 3 3 3 3 
    
    Boxes' corners:       (w,l)
        Box  1 is at 
            top left     (0,13)
            bottom right (3,17)
    
        Box  2 is at 
            top left     (4,0)
            bottom right (7,4)
    
        Box  3 is at 
            top left     (4,13)
            bottom right (7,17)
    
        Box  4 is at 
            top left     (2,9)
            bottom right (6,12)
    
        Box  5 is at 
            top left     (3,5)
            bottom right (7,8)
    
        Box  6 is at 
            top left     (0,2)
            bottom right (1,4)
    
        Box  7 is at 
            top left     (0,0)
            bottom right (1,1)
    
        Box  8 is at 
            top left     (2,0)
            bottom right (3,1)
    
        Box  9 is at 
            top left     (0,8)
            bottom right (1,9)
    
        Box 10 is at 
            top left     (2,2)
            bottom right (3,2)
    
        Box 11 is at 
            top left     (0,11)
            bottom right (1,11)
    
        Box 12 is at 
            top left     (0,12)
            bottom right (1,12)
    
        Box 13 is at 
            top left     (0,5)
            bottom right (2,7)
    
        Roll length used: 18

    [1;34mTry max length:[0m 17
    [1;34m    At iteration:[0m 26
        lingeling found a solution in .758 ms

       | W
     L | 0 1 2  3  4  5  6  7 
    -------------------------
     0 | 5 5 5  5  3  3  3  3 
     1 | 5 5 5  5  3  3  3  3 
     2 | 5 5 5  5  3  3  3  3 
     3 | 5 5 5  5  3  3  3  3 
     4 | 5 5 5  5  3  3  3  3 
     5 | 6 6 6 10  1  1  1  1 
     6 | 6 6 6 10  1  1  1  1 
     7 | 2 2 2  2  1  1  1  1 
     8 | 2 2 2  2  1  1  1  1 
     9 | 2 2 2  2  1  1  1  1 
    10 | 2 2 2  2  . 13 13 13 
    11 | 2 2 2  2 11 13 13 13 
    12 | 4 4 4  4 11 13 13 13 
    13 | 4 4 4  4  9  9  . 12 
    14 | 4 4 4  4  9  9  . 12 
    15 | 4 4 4  4  7  7  8  8 
    16 | 4 4 4  4  7  7  8  8 
    
    Boxes' corners:       (w,l)
        Box  1 is at 
            top left     (4,5)
            bottom right (7,9)
    
        Box  2 is at 
            top left     (0,7)
            bottom right (3,11)
    
        Box  3 is at 
            top left     (4,0)
            bottom right (7,4)
    
        Box  4 is at 
            top left     (0,12)
            bottom right (3,16)
    
        Box  5 is at 
            top left     (0,0)
            bottom right (3,4)
    
        Box  6 is at 
            top left     (0,5)
            bottom right (2,6)
    
        Box  7 is at 
            top left     (4,15)
            bottom right (5,16)
    
        Box  8 is at 
            top left     (6,15)
            bottom right (7,16)
    
        Box  9 is at 
            top left     (4,13)
            bottom right (5,14)
    
        Box 10 is at 
            top left     (3,5)
            bottom right (3,6)
    
        Box 11 is at 
            top left     (4,11)
            bottom right (4,12)
    
        Box 12 is at 
            top left     (7,13)
            bottom right (7,14)
    
        Box 13 is at 
            top left     (5,10)
            bottom right (7,12)
    
        Roll length used: 17

    [1;34mTry max length:[0m 16
    [1;34m    At iteration:[0m 27
        [3;31mlingeling was timeout-terminated[0m
        [1;31mScript reached time limit[0m
