Sun 3 Jun 20:43:21 CEST 2018
    [1;34mTry max length:[0m 999999
    [1;34m    At iteration:[0m 0
        lingeling found a solution in .160 ms

       | W
     L | 0 1 2 3 4 5 
    ----------------
     0 | . . . . . . 
     1 | . . . . . . 
     2 | . . . . . . 
     3 | . . . . . . 
     4 | . . . . . . 
     5 | . . . . . . 
     6 | . . . . . . 
     7 | . . . . . . 
     8 | . . . . . . 
     9 | . . . . . . 
    10 | . . . . . . 
    11 | . . . . 7 7 
    12 | . . 6 6 7 7 
    13 | . 1 6 6 7 7 
    14 | 5 5 4 4 7 7 
    15 | 5 5 4 4 7 7 
    16 | 3 3 2 2 7 7 
    17 | 3 3 2 2 7 7 
    
    Boxes' corners:      (w,l)
        Box 1 is at 
            top left     (1,13)
            bottom right (1,13)
    
        Box 2 is at 
            top left     (2,16)
            bottom right (3,17)
    
        Box 3 is at 
            top left     (0,16)
            bottom right (1,17)
    
        Box 4 is at 
            top left     (2,14)
            bottom right (3,15)
    
        Box 5 is at 
            top left     (0,14)
            bottom right (1,15)
    
        Box 6 is at 
            top left     (2,12)
            bottom right (3,13)
    
        Box 7 is at 
            top left     (4,11)
            bottom right (5,17)
    
        Roll length used: 18

    [1;34mTry max length:[0m 17
    [1;34m    At iteration:[0m 1
        lingeling found a solution in .170 ms

       | W
     L | 0 1 2 3 4 5 
    ----------------
     0 | . . . . . . 
     1 | . . . . . . 
     2 | . . . . . . 
     3 | . . . . . . 
     4 | . . . . . . 
     5 | . . . . . . 
     6 | . . . . . . 
     7 | . . . . . . 
     8 | . . . . . . 
     9 | . . . . . . 
    10 | . . . . 7 7 
    11 | . . 6 6 7 7 
    12 | . 1 6 6 7 7 
    13 | 5 5 4 4 7 7 
    14 | 5 5 4 4 7 7 
    15 | 3 3 2 2 7 7 
    16 | 3 3 2 2 7 7 
    
    Boxes' corners:      (w,l)
        Box 1 is at 
            top left     (1,12)
            bottom right (1,12)
    
        Box 2 is at 
            top left     (2,15)
            bottom right (3,16)
    
        Box 3 is at 
            top left     (0,15)
            bottom right (1,16)
    
        Box 4 is at 
            top left     (2,13)
            bottom right (3,14)
    
        Box 5 is at 
            top left     (0,13)
            bottom right (1,14)
    
        Box 6 is at 
            top left     (2,11)
            bottom right (3,12)
    
        Box 7 is at 
            top left     (4,10)
            bottom right (5,16)
    
        Roll length used: 17

    [1;34mTry max length:[0m 16
    [1;34m    At iteration:[0m 2
        lingeling found a solution in .088 ms

       | W
     L | 0 1 2 3 4 5 
    ----------------
     0 | . . . . . . 
     1 | . . . . 3 3 
     2 | . . . . 3 3 
     3 | . . . . . . 
     4 | . . . . . . 
     5 | . . . . . . 
     6 | . . . . . . 
     7 | . . . . . . 
     8 | . . . . 6 6 
     9 | . . 7 7 6 6 
    10 | . . 7 7 . . 
    11 | . . 7 7 5 5 
    12 | . . 7 7 5 5 
    13 | . . 7 7 . 1 
    14 | 4 4 7 7 2 2 
    15 | 4 4 7 7 2 2 
    
    Boxes' corners:      (w,l)
        Box 1 is at 
            top left     (5,13)
            bottom right (5,13)
    
        Box 2 is at 
            top left     (4,14)
            bottom right (5,15)
    
        Box 3 is at 
            top left     (4,1)
            bottom right (5,2)
    
        Box 4 is at 
            top left     (0,14)
            bottom right (1,15)
    
        Box 5 is at 
            top left     (4,11)
            bottom right (5,12)
    
        Box 6 is at 
            top left     (4,8)
            bottom right (5,9)
    
        Box 7 is at 
            top left     (2,9)
            bottom right (3,15)
    
        Roll length used: 16

    [1;34mTry max length:[0m 15
    [1;34m    At iteration:[0m 3
        lingeling found a solution in .075 ms

       | W
     L | 0 1 2 3 4 5 
    ----------------
     0 | . . . . . . 
     1 | . . . . . . 
     2 | . . . . . . 
     3 | . . . 1 . . 
     4 | . . . . . . 
     5 | . . . . . . 
     6 | . . . . . . 
     7 | . . . . . . 
     8 | . . . . 7 7 
     9 | . . 6 6 7 7 
    10 | . . 6 6 7 7 
    11 | 5 5 4 4 7 7 
    12 | 5 5 4 4 7 7 
    13 | 3 3 2 2 7 7 
    14 | 3 3 2 2 7 7 
    
    Boxes' corners:      (w,l)
        Box 1 is at 
            top left     (3,3)
            bottom right (3,3)
    
        Box 2 is at 
            top left     (2,13)
            bottom right (3,14)
    
        Box 3 is at 
            top left     (0,13)
            bottom right (1,14)
    
        Box 4 is at 
            top left     (2,11)
            bottom right (3,12)
    
        Box 5 is at 
            top left     (0,11)
            bottom right (1,12)
    
        Box 6 is at 
            top left     (2,9)
            bottom right (3,10)
    
        Box 7 is at 
            top left     (4,8)
            bottom right (5,14)
    
        Roll length used: 15

    [1;34mTry max length:[0m 14
    [1;34m    At iteration:[0m 4
        lingeling found a solution in .074 ms

       | W
     L | 0 1 2 3 4 5 
    ----------------
     0 | . . 1 . . . 
     1 | . . . . . . 
     2 | . . . . . . 
     3 | . . . . . . 
     4 | . . . . . . 
     5 | . . . . . . 
     6 | . . . . . . 
     7 | . . . . 7 7 
     8 | . . 6 6 7 7 
     9 | . . 6 6 7 7 
    10 | 5 5 4 4 7 7 
    11 | 5 5 4 4 7 7 
    12 | 3 3 2 2 7 7 
    13 | 3 3 2 2 7 7 
    
    Boxes' corners:      (w,l)
        Box 1 is at 
            top left     (2,0)
            bottom right (2,0)
    
        Box 2 is at 
            top left     (2,12)
            bottom right (3,13)
    
        Box 3 is at 
            top left     (0,12)
            bottom right (1,13)
    
        Box 4 is at 
            top left     (2,10)
            bottom right (3,11)
    
        Box 5 is at 
            top left     (0,10)
            bottom right (1,11)
    
        Box 6 is at 
            top left     (2,8)
            bottom right (3,9)
    
        Box 7 is at 
            top left     (4,7)
            bottom right (5,13)
    
        Roll length used: 14

    [1;34mTry max length:[0m 13
    [1;34m    At iteration:[0m 5
        lingeling found a solution in .066 ms

       | W
     L | 0 1 2 3 4 5 
    ----------------
     0 | . . . . 7 7 
     1 | . . . . 7 7 
     2 | . . . . 7 7 
     3 | . . . . 7 7 
     4 | . . . 1 7 7 
     5 | . . . . 7 7 
     6 | . . . . 7 7 
     7 | . . . . . . 
     8 | . . . . . . 
     9 | . . 6 6 5 5 
    10 | . . 6 6 5 5 
    11 | 4 4 3 3 2 2 
    12 | 4 4 3 3 2 2 
    
    Boxes' corners:      (w,l)
        Box 1 is at 
            top left     (3,4)
            bottom right (3,4)
    
        Box 2 is at 
            top left     (4,11)
            bottom right (5,12)
    
        Box 3 is at 
            top left     (2,11)
            bottom right (3,12)
    
        Box 4 is at 
            top left     (0,11)
            bottom right (1,12)
    
        Box 5 is at 
            top left     (4,9)
            bottom right (5,10)
    
        Box 6 is at 
            top left     (2,9)
            bottom right (3,10)
    
        Box 7 is at 
            top left     (4,0)
            bottom right (5,6)
    
        Roll length used: 13

    [1;34mTry max length:[0m 12
    [1;34m    At iteration:[0m 6
        lingeling found a solution in .059 ms

       | W
     L | 0 1 2 3 4 5 
    ----------------
     0 | . . . . . . 
     1 | . . . . . . 
     2 | . . . . . . 
     3 | . . . . . . 
     4 | . . . . . . 
     5 | . . . . 7 7 
     6 | . . 6 6 7 7 
     7 | . 1 6 6 7 7 
     8 | 5 5 4 4 7 7 
     9 | 5 5 4 4 7 7 
    10 | 3 3 2 2 7 7 
    11 | 3 3 2 2 7 7 
    
    Boxes' corners:      (w,l)
        Box 1 is at 
            top left     (1,7)
            bottom right (1,7)
    
        Box 2 is at 
            top left     (2,10)
            bottom right (3,11)
    
        Box 3 is at 
            top left     (0,10)
            bottom right (1,11)
    
        Box 4 is at 
            top left     (2,8)
            bottom right (3,9)
    
        Box 5 is at 
            top left     (0,8)
            bottom right (1,9)
    
        Box 6 is at 
            top left     (2,6)
            bottom right (3,7)
    
        Box 7 is at 
            top left     (4,5)
            bottom right (5,11)
    
        Roll length used: 12

    [1;34mTry max length:[0m 11
    [1;34m    At iteration:[0m 7
        lingeling found a solution in .057 ms

       | W
     L | 0 1 2 3 4 5 
    ----------------
     0 | 7 7 . . . . 
     1 | 7 7 . . . . 
     2 | 7 7 . . . . 
     3 | 7 7 . . . . 
     4 | 7 7 . . . . 
     5 | 7 7 . . . . 
     6 | 7 7 . . . . 
     7 | . . 6 6 5 5 
     8 | . 1 6 6 5 5 
     9 | 4 4 3 3 2 2 
    10 | 4 4 3 3 2 2 
    
    Boxes' corners:      (w,l)
        Box 1 is at 
            top left     (1,8)
            bottom right (1,8)
    
        Box 2 is at 
            top left     (4,9)
            bottom right (5,10)
    
        Box 3 is at 
            top left     (2,9)
            bottom right (3,10)
    
        Box 4 is at 
            top left     (0,9)
            bottom right (1,10)
    
        Box 5 is at 
            top left     (4,7)
            bottom right (5,8)
    
        Box 6 is at 
            top left     (2,7)
            bottom right (3,8)
    
        Box 7 is at 
            top left     (0,0)
            bottom right (1,6)
    
        Roll length used: 11

    [1;34mTry max length:[0m 10
    [1;34m    At iteration:[0m 8
        lingeling found a solution in .049 ms

       | W
     L | 0 1 2 3 4 5 
    ----------------
     0 | 7 7 . . . . 
     1 | 7 7 . . . . 
     2 | 7 7 . . . . 
     3 | 7 7 . . . . 
     4 | 7 7 . . . . 
     5 | 7 7 . . . . 
     6 | 7 7 6 6 5 5 
     7 | . 1 6 6 5 5 
     8 | 4 4 3 3 2 2 
     9 | 4 4 3 3 2 2 
    
    Boxes' corners:      (w,l)
        Box 1 is at 
            top left     (1,7)
            bottom right (1,7)
    
        Box 2 is at 
            top left     (4,8)
            bottom right (5,9)
    
        Box 3 is at 
            top left     (2,8)
            bottom right (3,9)
    
        Box 4 is at 
            top left     (0,8)
            bottom right (1,9)
    
        Box 5 is at 
            top left     (4,6)
            bottom right (5,7)
    
        Box 6 is at 
            top left     (2,6)
            bottom right (3,7)
    
        Box 7 is at 
            top left     (0,0)
            bottom right (1,6)
    
        Roll length used: 10

    [1;34mTry max length:[0m 9
    [1;34m    At iteration:[0m 9
        lingeling found a solution in .045 ms

      | W
    L | 0 1 2 3 4 5 
    ----------------
    0 | 7 7 . . 1 . 
    1 | 7 7 . . . . 
    2 | 7 7 . . . . 
    3 | 7 7 . . . . 
    4 | 7 7 . . . . 
    5 | 7 7 6 6 5 5 
    6 | 7 7 6 6 5 5 
    7 | 4 4 3 3 2 2 
    8 | 4 4 3 3 2 2 
    
    Boxes' corners:      (w,l)
        Box 1 is at 
            top left     (4,0)
            bottom right (4,0)
    
        Box 2 is at 
            top left     (4,7)
            bottom right (5,8)
    
        Box 3 is at 
            top left     (2,7)
            bottom right (3,8)
    
        Box 4 is at 
            top left     (0,7)
            bottom right (1,8)
    
        Box 5 is at 
            top left     (4,5)
            bottom right (5,6)
    
        Box 6 is at 
            top left     (2,5)
            bottom right (3,6)
    
        Box 7 is at 
            top left     (0,0)
            bottom right (1,6)
    
        Roll length used: 9

    [1;34mTry max length:[0m 8
    [1;34m    At iteration:[0m 10
        lingeling found a solution in .038 ms

      | W
    L | 0 1 2 3 4 5 
    ----------------
    0 | 5 5 6 6 . . 
    1 | 5 5 6 6 7 7 
    2 | 4 4 . . 7 7 
    3 | 4 4 . . 7 7 
    4 | . 2 2 . 7 7 
    5 | . 2 2 . 7 7 
    6 | . 3 3 . 7 7 
    7 | . 3 3 1 7 7 
    
    Boxes' corners:      (w,l)
        Box 1 is at 
            top left     (3,7)
            bottom right (3,7)
    
        Box 2 is at 
            top left     (1,4)
            bottom right (2,5)
    
        Box 3 is at 
            top left     (1,6)
            bottom right (2,7)
    
        Box 4 is at 
            top left     (0,2)
            bottom right (1,3)
    
        Box 5 is at 
            top left     (0,0)
            bottom right (1,1)
    
        Box 6 is at 
            top left     (2,0)
            bottom right (3,1)
    
        Box 7 is at 
            top left     (4,1)
            bottom right (5,7)
    
        Roll length used: 8

    [1;34mTry max length:[0m 7
    [1;34m    At iteration:[0m 11
        lingeling found a solution in .034 ms

      | W
    L | 0 1 2 3 4 5 
    ----------------
    0 | 4 4 7 7 2 2 
    1 | 4 4 7 7 2 2 
    2 | 6 6 7 7 5 5 
    3 | 6 6 7 7 5 5 
    4 | 3 3 7 7 . . 
    5 | 3 3 7 7 . . 
    6 | 1 . 7 7 . . 
    
    Boxes' corners:      (w,l)
        Box 1 is at 
            top left     (0,6)
            bottom right (0,6)
    
        Box 2 is at 
            top left     (4,0)
            bottom right (5,1)
    
        Box 3 is at 
            top left     (0,4)
            bottom right (1,5)
    
        Box 4 is at 
            top left     (0,0)
            bottom right (1,1)
    
        Box 5 is at 
            top left     (4,2)
            bottom right (5,3)
    
        Box 6 is at 
            top left     (0,2)
            bottom right (1,3)
    
        Box 7 is at 
            top left     (2,0)
            bottom right (3,6)
    
        Roll length used: 7

    [1;34mTry max length:[0m 6
    [1;34m    At iteration:[0m 12
        [3;31mlingeling determined unsatisfiability of the Boolean formula[0m
        [1;32mOptimality reached![0m
