Sun 3 Jun 20:56:22 CEST 2018
    [1;34mTry max length:[0m 999999
    [1;34m    At iteration:[0m 0
        lingeling found a solution in .261 ms

       | W
     L | 0 1 2  3  4 5 6 7 
    ----------------------
     0 | . . .  .  . . . . 
     1 | . . .  .  . . . . 
     2 | . . .  .  . . . . 
     3 | . . .  .  . . . . 
     4 | . . .  .  . . . . 
     5 | . . .  .  . . . . 
     6 | . . .  .  . . . . 
     7 | . . .  .  . . . . 
     8 | . . .  .  . . . . 
     9 | . . .  .  . . . . 
    10 | . . .  .  . . . . 
    11 | 8 . .  .  . . . . 
    12 | 8 . .  .  . . . . 
    13 | 7 . .  .  . . . . 
    14 | 7 . .  .  . . . . 
    15 | 6 . .  .  . . 5 5 
    16 | 6 . . 11 10 9 5 5 
    17 | 4 4 3  3  2 2 1 1 
    18 | 4 4 3  3  2 2 1 1 
    
    Boxes' corners:       (w,l)
        Box  1 is at 
            top left     (6,17)
            bottom right (7,18)
    
        Box  2 is at 
            top left     (4,17)
            bottom right (5,18)
    
        Box  3 is at 
            top left     (2,17)
            bottom right (3,18)
    
        Box  4 is at 
            top left     (0,17)
            bottom right (1,18)
    
        Box  5 is at 
            top left     (6,15)
            bottom right (7,16)
    
        Box  6 is at 
            top left     (0,15)
            bottom right (0,16)
    
        Box  7 is at 
            top left     (0,13)
            bottom right (0,14)
    
        Box  8 is at 
            top left     (0,11)
            bottom right (0,12)
    
        Box  9 is at 
            top left     (5,16)
            bottom right (5,16)
    
        Box 10 is at 
            top left     (4,16)
            bottom right (4,16)
    
        Box 11 is at 
            top left     (3,16)
            bottom right (3,16)
    
        Roll length used: 19

    [1;34mTry max length:[0m 18
    [1;34m    At iteration:[0m 1
        lingeling found a solution in .244 ms

       | W
     L | 0 1 2  3  4 5 6 7 
    ----------------------
     0 | . . .  .  . . . . 
     1 | . . .  .  . . . . 
     2 | . . .  .  . . . . 
     3 | . . .  .  . . . . 
     4 | . . .  .  . . . . 
     5 | . . .  .  . . . . 
     6 | . . .  .  . . . . 
     7 | . . .  .  . . . . 
     8 | . . .  .  . . . . 
     9 | . . .  .  . . . . 
    10 | 8 . .  .  . . . . 
    11 | 8 . .  .  . . . . 
    12 | 7 . .  .  . . . . 
    13 | 7 . .  .  . . . . 
    14 | 6 . .  .  . . 5 5 
    15 | 6 . . 11 10 9 5 5 
    16 | 4 4 3  3  2 2 1 1 
    17 | 4 4 3  3  2 2 1 1 
    
    Boxes' corners:       (w,l)
        Box  1 is at 
            top left     (6,16)
            bottom right (7,17)
    
        Box  2 is at 
            top left     (4,16)
            bottom right (5,17)
    
        Box  3 is at 
            top left     (2,16)
            bottom right (3,17)
    
        Box  4 is at 
            top left     (0,16)
            bottom right (1,17)
    
        Box  5 is at 
            top left     (6,14)
            bottom right (7,15)
    
        Box  6 is at 
            top left     (0,14)
            bottom right (0,15)
    
        Box  7 is at 
            top left     (0,12)
            bottom right (0,13)
    
        Box  8 is at 
            top left     (0,10)
            bottom right (0,11)
    
        Box  9 is at 
            top left     (5,15)
            bottom right (5,15)
    
        Box 10 is at 
            top left     (4,15)
            bottom right (4,15)
    
        Box 11 is at 
            top left     (3,15)
            bottom right (3,15)
    
        Roll length used: 18

    [1;34mTry max length:[0m 17
    [1;34m    At iteration:[0m 2
        lingeling found a solution in .155 ms

       | W
     L | 0 1 2 3  4 5 6 7 
    ---------------------
     0 | . . . .  . . . . 
     1 | . . . .  . . . . 
     2 | . . . .  . . . . 
     3 | . . . .  . . . . 
     4 | . . . .  . . . . 
     5 | . . . .  . . . . 
     6 | . . . .  . . . . 
     7 | . . . .  . . . . 
     8 | . . . .  . . . . 
     9 | . . . .  . . . . 
    10 | . . . .  . . . . 
    11 | 8 . . .  . . . 7 
    12 | 8 . . .  . . . 7 
    13 | 6 . . . 11 . 5 5 
    14 | 6 . . . 10 9 5 5 
    15 | 4 4 3 3  2 2 1 1 
    16 | 4 4 3 3  2 2 1 1 
    
    Boxes' corners:       (w,l)
        Box  1 is at 
            top left     (6,15)
            bottom right (7,16)
    
        Box  2 is at 
            top left     (4,15)
            bottom right (5,16)
    
        Box  3 is at 
            top left     (2,15)
            bottom right (3,16)
    
        Box  4 is at 
            top left     (0,15)
            bottom right (1,16)
    
        Box  5 is at 
            top left     (6,13)
            bottom right (7,14)
    
        Box  6 is at 
            top left     (0,13)
            bottom right (0,14)
    
        Box  7 is at 
            top left     (7,11)
            bottom right (7,12)
    
        Box  8 is at 
            top left     (0,11)
            bottom right (0,12)
    
        Box  9 is at 
            top left     (5,14)
            bottom right (5,14)
    
        Box 10 is at 
            top left     (4,14)
            bottom right (4,14)
    
        Box 11 is at 
            top left     (4,13)
            bottom right (4,13)
    
        Roll length used: 17

    [1;34mTry max length:[0m 16
    [1;34m    At iteration:[0m 3
        lingeling found a solution in .139 ms

       | W
     L | 0  1 2 3  4 5 6 7 
    ----------------------
     0 | .  . . .  . . . . 
     1 | .  . . .  . . . . 
     2 | .  . . .  . . . . 
     3 | .  . . .  . . . . 
     4 | .  . . .  . . . . 
     5 | .  . . .  . . . . 
     6 | .  . . .  . . . . 
     7 | .  . . .  . . . . 
     8 | .  . . .  . . . . 
     9 | .  . . .  . . . . 
    10 | 8 11 . .  . . . 7 
    11 | 8  . . .  . . . 7 
    12 | 6  . . .  . . 5 5 
    13 | 6  . . . 10 9 5 5 
    14 | 4  4 3 3  2 2 1 1 
    15 | 4  4 3 3  2 2 1 1 
    
    Boxes' corners:       (w,l)
        Box  1 is at 
            top left     (6,14)
            bottom right (7,15)
    
        Box  2 is at 
            top left     (4,14)
            bottom right (5,15)
    
        Box  3 is at 
            top left     (2,14)
            bottom right (3,15)
    
        Box  4 is at 
            top left     (0,14)
            bottom right (1,15)
    
        Box  5 is at 
            top left     (6,12)
            bottom right (7,13)
    
        Box  6 is at 
            top left     (0,12)
            bottom right (0,13)
    
        Box  7 is at 
            top left     (7,10)
            bottom right (7,11)
    
        Box  8 is at 
            top left     (0,10)
            bottom right (0,11)
    
        Box  9 is at 
            top left     (5,13)
            bottom right (5,13)
    
        Box 10 is at 
            top left     (4,13)
            bottom right (4,13)
    
        Box 11 is at 
            top left     (1,10)
            bottom right (1,10)
    
        Roll length used: 16

    [1;34mTry max length:[0m 15
    [1;34m    At iteration:[0m 4
        lingeling found a solution in .176 ms

       | W
     L | 0 1 2  3  4 5 6 7 
    ----------------------
     0 | . . .  .  . . . . 
     1 | . . .  .  . . . . 
     2 | . . .  .  . . . . 
     3 | . . .  .  . . . . 
     4 | . . .  .  . . . . 
     5 | . . .  .  . . . . 
     6 | . . .  .  . . . . 
     7 | 8 . .  .  . . . . 
     8 | 8 . .  .  . . . . 
     9 | 7 . .  .  . . . . 
    10 | 7 . .  .  . . . . 
    11 | 6 . .  .  . . 5 5 
    12 | 6 . . 11 10 9 5 5 
    13 | 4 4 3  3  2 2 1 1 
    14 | 4 4 3  3  2 2 1 1 
    
    Boxes' corners:       (w,l)
        Box  1 is at 
            top left     (6,13)
            bottom right (7,14)
    
        Box  2 is at 
            top left     (4,13)
            bottom right (5,14)
    
        Box  3 is at 
            top left     (2,13)
            bottom right (3,14)
    
        Box  4 is at 
            top left     (0,13)
            bottom right (1,14)
    
        Box  5 is at 
            top left     (6,11)
            bottom right (7,12)
    
        Box  6 is at 
            top left     (0,11)
            bottom right (0,12)
    
        Box  7 is at 
            top left     (0,9)
            bottom right (0,10)
    
        Box  8 is at 
            top left     (0,7)
            bottom right (0,8)
    
        Box  9 is at 
            top left     (5,12)
            bottom right (5,12)
    
        Box 10 is at 
            top left     (4,12)
            bottom right (4,12)
    
        Box 11 is at 
            top left     (3,12)
            bottom right (3,12)
    
        Roll length used: 15

    [1;34mTry max length:[0m 14
    [1;34m    At iteration:[0m 5
        lingeling found a solution in .195 ms

       | W
     L | 0 1 2  3 4  5 6 7 
    ----------------------
     0 | . . .  . .  . . . 
     1 | . . .  . .  . . . 
     2 | . . .  . .  . . . 
     3 | . . .  . .  . . . 
     4 | . . .  . .  . . . 
     5 | . . .  . .  . . . 
     6 | . . .  . .  . . . 
     7 | . . .  . .  . . . 
     8 | 8 . .  . .  . . 7 
     9 | 8 . .  . .  . . 7 
    10 | 6 . .  . .  . 5 5 
    11 | 6 . . 10 9 11 5 5 
    12 | 4 4 3  3 2  2 1 1 
    13 | 4 4 3  3 2  2 1 1 
    
    Boxes' corners:       (w,l)
        Box  1 is at 
            top left     (6,12)
            bottom right (7,13)
    
        Box  2 is at 
            top left     (4,12)
            bottom right (5,13)
    
        Box  3 is at 
            top left     (2,12)
            bottom right (3,13)
    
        Box  4 is at 
            top left     (0,12)
            bottom right (1,13)
    
        Box  5 is at 
            top left     (6,10)
            bottom right (7,11)
    
        Box  6 is at 
            top left     (0,10)
            bottom right (0,11)
    
        Box  7 is at 
            top left     (7,8)
            bottom right (7,9)
    
        Box  8 is at 
            top left     (0,8)
            bottom right (0,9)
    
        Box  9 is at 
            top left     (4,11)
            bottom right (4,11)
    
        Box 10 is at 
            top left     (3,11)
            bottom right (3,11)
    
        Box 11 is at 
            top left     (5,11)
            bottom right (5,11)
    
        Roll length used: 14

    [1;34mTry max length:[0m 13
    [1;34m    At iteration:[0m 6
        lingeling found a solution in .178 ms

       | W
     L | 0 1 2 3  4 5  6 7 
    ----------------------
     0 | . . . .  . .  . . 
     1 | . . . .  . .  . . 
     2 | . . . .  . .  . . 
     3 | . . . .  . .  . . 
     4 | . . . .  . .  . . 
     5 | . . . .  . .  . . 
     6 | . . . .  . .  . . 
     7 | 8 . . .  . .  . 7 
     8 | 8 . . .  . . 11 7 
     9 | 6 . . .  . .  5 5 
    10 | 6 . . . 10 9  5 5 
    11 | 4 4 3 3  2 2  1 1 
    12 | 4 4 3 3  2 2  1 1 
    
    Boxes' corners:       (w,l)
        Box  1 is at 
            top left     (6,11)
            bottom right (7,12)
    
        Box  2 is at 
            top left     (4,11)
            bottom right (5,12)
    
        Box  3 is at 
            top left     (2,11)
            bottom right (3,12)
    
        Box  4 is at 
            top left     (0,11)
            bottom right (1,12)
    
        Box  5 is at 
            top left     (6,9)
            bottom right (7,10)
    
        Box  6 is at 
            top left     (0,9)
            bottom right (0,10)
    
        Box  7 is at 
            top left     (7,7)
            bottom right (7,8)
    
        Box  8 is at 
            top left     (0,7)
            bottom right (0,8)
    
        Box  9 is at 
            top left     (5,10)
            bottom right (5,10)
    
        Box 10 is at 
            top left     (4,10)
            bottom right (4,10)
    
        Box 11 is at 
            top left     (6,8)
            bottom right (6,8)
    
        Roll length used: 13

    [1;34mTry max length:[0m 12
    [1;34m    At iteration:[0m 7
        lingeling found a solution in .109 ms

       | W
     L | 0 1 2  3  4 5 6 7 
    ----------------------
     0 | . . .  .  . . . . 
     1 | . . .  .  . . . . 
     2 | . . .  .  . . . . 
     3 | . . .  .  . . . . 
     4 | . . .  .  . . . . 
     5 | . . .  .  . . . . 
     6 | 8 . .  .  . . . 7 
     7 | 8 . .  .  . . . 7 
     8 | 6 . .  .  . . 5 5 
     9 | 6 . . 11 10 9 5 5 
    10 | 4 4 3  3  2 2 1 1 
    11 | 4 4 3  3  2 2 1 1 
    
    Boxes' corners:       (w,l)
        Box  1 is at 
            top left     (6,10)
            bottom right (7,11)
    
        Box  2 is at 
            top left     (4,10)
            bottom right (5,11)
    
        Box  3 is at 
            top left     (2,10)
            bottom right (3,11)
    
        Box  4 is at 
            top left     (0,10)
            bottom right (1,11)
    
        Box  5 is at 
            top left     (6,8)
            bottom right (7,9)
    
        Box  6 is at 
            top left     (0,8)
            bottom right (0,9)
    
        Box  7 is at 
            top left     (7,6)
            bottom right (7,7)
    
        Box  8 is at 
            top left     (0,6)
            bottom right (0,7)
    
        Box  9 is at 
            top left     (5,9)
            bottom right (5,9)
    
        Box 10 is at 
            top left     (4,9)
            bottom right (4,9)
    
        Box 11 is at 
            top left     (3,9)
            bottom right (3,9)
    
        Roll length used: 12

    [1;34mTry max length:[0m 11
    [1;34m    At iteration:[0m 8
        lingeling found a solution in .096 ms

       | W
     L | 0 1  2 3  4 5 6 7 
    ----------------------
     0 | . .  . .  . . . . 
     1 | . .  . .  . . . . 
     2 | 9 .  . .  . . . . 
     3 | . . 10 .  . . . . 
     4 | . .  . .  . . . . 
     5 | 8 .  . .  . . . 7 
     6 | 8 .  . .  . . . 7 
     7 | 6 .  . .  . . 5 5 
     8 | 6 .  . . 11 . 5 5 
     9 | 4 4  3 3  2 2 1 1 
    10 | 4 4  3 3  2 2 1 1 
    
    Boxes' corners:       (w,l)
        Box  1 is at 
            top left     (6,9)
            bottom right (7,10)
    
        Box  2 is at 
            top left     (4,9)
            bottom right (5,10)
    
        Box  3 is at 
            top left     (2,9)
            bottom right (3,10)
    
        Box  4 is at 
            top left     (0,9)
            bottom right (1,10)
    
        Box  5 is at 
            top left     (6,7)
            bottom right (7,8)
    
        Box  6 is at 
            top left     (0,7)
            bottom right (0,8)
    
        Box  7 is at 
            top left     (7,5)
            bottom right (7,6)
    
        Box  8 is at 
            top left     (0,5)
            bottom right (0,6)
    
        Box  9 is at 
            top left     (0,2)
            bottom right (0,2)
    
        Box 10 is at 
            top left     (2,3)
            bottom right (2,3)
    
        Box 11 is at 
            top left     (4,8)
            bottom right (4,8)
    
        Roll length used: 11

    [1;34mTry max length:[0m 10
    [1;34m    At iteration:[0m 9
        lingeling found a solution in .088 ms

       | W
     L | 0 1 2  3  4 5 6 7 
    ----------------------
     0 | . . .  .  . . . . 
     1 | . . .  .  . . . . 
     2 | . . .  .  . . . . 
     3 | . . .  .  . . . . 
     4 | 8 . .  .  . . . 7 
     5 | 8 . .  .  . . . 7 
     6 | 6 . .  .  . . 5 5 
     7 | 6 . . 10 11 9 5 5 
     8 | 4 4 3  3  2 2 1 1 
     9 | 4 4 3  3  2 2 1 1 
    
    Boxes' corners:       (w,l)
        Box  1 is at 
            top left     (6,8)
            bottom right (7,9)
    
        Box  2 is at 
            top left     (4,8)
            bottom right (5,9)
    
        Box  3 is at 
            top left     (2,8)
            bottom right (3,9)
    
        Box  4 is at 
            top left     (0,8)
            bottom right (1,9)
    
        Box  5 is at 
            top left     (6,6)
            bottom right (7,7)
    
        Box  6 is at 
            top left     (0,6)
            bottom right (0,7)
    
        Box  7 is at 
            top left     (7,4)
            bottom right (7,5)
    
        Box  8 is at 
            top left     (0,4)
            bottom right (0,5)
    
        Box  9 is at 
            top left     (5,7)
            bottom right (5,7)
    
        Box 10 is at 
            top left     (3,7)
            bottom right (3,7)
    
        Box 11 is at 
            top left     (4,7)
            bottom right (4,7)
    
        Roll length used: 10

    [1;34mTry max length:[0m 9
    [1;34m    At iteration:[0m 10
        lingeling found a solution in .076 ms

      | W
    L | 0 1 2 3 4  5  6 7 
    ----------------------
    0 | . . . . .  .  . . 
    1 | . . . . .  .  . . 
    2 | . . 9 . .  .  . . 
    3 | 8 . . . .  .  . 7 
    4 | 8 . . . .  . 11 7 
    5 | 6 . . . .  .  5 5 
    6 | 6 . . . . 10  5 5 
    7 | 4 4 3 3 2  2  1 1 
    8 | 4 4 3 3 2  2  1 1 
    
    Boxes' corners:       (w,l)
        Box  1 is at 
            top left     (6,7)
            bottom right (7,8)
    
        Box  2 is at 
            top left     (4,7)
            bottom right (5,8)
    
        Box  3 is at 
            top left     (2,7)
            bottom right (3,8)
    
        Box  4 is at 
            top left     (0,7)
            bottom right (1,8)
    
        Box  5 is at 
            top left     (6,5)
            bottom right (7,6)
    
        Box  6 is at 
            top left     (0,5)
            bottom right (0,6)
    
        Box  7 is at 
            top left     (7,3)
            bottom right (7,4)
    
        Box  8 is at 
            top left     (0,3)
            bottom right (0,4)
    
        Box  9 is at 
            top left     (2,2)
            bottom right (2,2)
    
        Box 10 is at 
            top left     (5,6)
            bottom right (5,6)
    
        Box 11 is at 
            top left     (6,4)
            bottom right (6,4)
    
        Roll length used: 9

    [1;34mTry max length:[0m 8
    [1;34m    At iteration:[0m 11
        lingeling found a solution in .071 ms

      | W
    L | 0 1 2 3 4  5  6 7 
    ----------------------
    0 | . . . . .  . 10 . 
    1 | . . . 9 .  .  . . 
    2 | 8 . . . .  .  . 7 
    3 | 8 . . . .  .  . 7 
    4 | 6 . . . .  .  5 5 
    5 | 6 . . . . 11  5 5 
    6 | 4 4 3 3 2  2  1 1 
    7 | 4 4 3 3 2  2  1 1 
    
    Boxes' corners:       (w,l)
        Box  1 is at 
            top left     (6,6)
            bottom right (7,7)
    
        Box  2 is at 
            top left     (4,6)
            bottom right (5,7)
    
        Box  3 is at 
            top left     (2,6)
            bottom right (3,7)
    
        Box  4 is at 
            top left     (0,6)
            bottom right (1,7)
    
        Box  5 is at 
            top left     (6,4)
            bottom right (7,5)
    
        Box  6 is at 
            top left     (0,4)
            bottom right (0,5)
    
        Box  7 is at 
            top left     (7,2)
            bottom right (7,3)
    
        Box  8 is at 
            top left     (0,2)
            bottom right (0,3)
    
        Box  9 is at 
            top left     (3,1)
            bottom right (3,1)
    
        Box 10 is at 
            top left     (6,0)
            bottom right (6,0)
    
        Box 11 is at 
            top left     (5,5)
            bottom right (5,5)
    
        Roll length used: 8

    [1;34mTry max length:[0m 7
    [1;34m    At iteration:[0m 12
        lingeling found a solution in .063 ms

      | W
    L | 0 1 2  3  4 5 6 7 
    ----------------------
    0 | 8 . .  .  . . . . 
    1 | 8 . .  .  . . . 7 
    2 | . . . 11  . . . 7 
    3 | 6 . .  .  . . 5 5 
    4 | 6 . .  . 10 9 5 5 
    5 | 4 4 3  3  2 2 1 1 
    6 | 4 4 3  3  2 2 1 1 
    
    Boxes' corners:       (w,l)
        Box  1 is at 
            top left     (6,5)
            bottom right (7,6)
    
        Box  2 is at 
            top left     (4,5)
            bottom right (5,6)
    
        Box  3 is at 
            top left     (2,5)
            bottom right (3,6)
    
        Box  4 is at 
            top left     (0,5)
            bottom right (1,6)
    
        Box  5 is at 
            top left     (6,3)
            bottom right (7,4)
    
        Box  6 is at 
            top left     (0,3)
            bottom right (0,4)
    
        Box  7 is at 
            top left     (7,1)
            bottom right (7,2)
    
        Box  8 is at 
            top left     (0,0)
            bottom right (0,1)
    
        Box  9 is at 
            top left     (5,4)
            bottom right (5,4)
    
        Box 10 is at 
            top left     (4,4)
            bottom right (4,4)
    
        Box 11 is at 
            top left     (3,2)
            bottom right (3,2)
    
        Roll length used: 7

    [1;34mTry max length:[0m 6
    [1;34m    At iteration:[0m 13
        lingeling found a solution in .052 ms

      | W
    L | 0 1  2 3 4  5 6 7 
    ----------------------
    0 | 8 .  . . .  . . 7 
    1 | 8 . 11 . .  . . 7 
    2 | 6 .  . . .  . 5 5 
    3 | 6 .  . 9 . 10 5 5 
    4 | 4 4  3 3 2  2 1 1 
    5 | 4 4  3 3 2  2 1 1 
    
    Boxes' corners:       (w,l)
        Box  1 is at 
            top left     (6,4)
            bottom right (7,5)
    
        Box  2 is at 
            top left     (4,4)
            bottom right (5,5)
    
        Box  3 is at 
            top left     (2,4)
            bottom right (3,5)
    
        Box  4 is at 
            top left     (0,4)
            bottom right (1,5)
    
        Box  5 is at 
            top left     (6,2)
            bottom right (7,3)
    
        Box  6 is at 
            top left     (0,2)
            bottom right (0,3)
    
        Box  7 is at 
            top left     (7,0)
            bottom right (7,1)
    
        Box  8 is at 
            top left     (0,0)
            bottom right (0,1)
    
        Box  9 is at 
            top left     (3,3)
            bottom right (3,3)
    
        Box 10 is at 
            top left     (5,3)
            bottom right (5,3)
    
        Box 11 is at 
            top left     (2,1)
            bottom right (2,1)
    
        Roll length used: 6

    [1;34mTry max length:[0m 5
    [1;34m    At iteration:[0m 14
        lingeling found a solution in .038 ms

      | W
    L | 0 1  2 3 4 5 6  7 
    ----------------------
    0 | 8 .  3 3 . . 4  4 
    1 | 8 .  3 3 5 5 4  4 
    2 | 7 .  . . 5 5 9  6 
    3 | 7 .  . 1 1 2 2  6 
    4 | . . 10 1 1 2 2 11 
    
    Boxes' corners:       (w,l)
        Box  1 is at 
            top left     (3,3)
            bottom right (4,4)
    
        Box  2 is at 
            top left     (5,3)
            bottom right (6,4)
    
        Box  3 is at 
            top left     (2,0)
            bottom right (3,1)
    
        Box  4 is at 
            top left     (6,0)
            bottom right (7,1)
    
        Box  5 is at 
            top left     (4,1)
            bottom right (5,2)
    
        Box  6 is at 
            top left     (7,2)
            bottom right (7,3)
    
        Box  7 is at 
            top left     (0,2)
            bottom right (0,3)
    
        Box  8 is at 
            top left     (0,0)
            bottom right (0,1)
    
        Box  9 is at 
            top left     (6,2)
            bottom right (6,2)
    
        Box 10 is at 
            top left     (2,4)
            bottom right (2,4)
    
        Box 11 is at 
            top left     (7,4)
            bottom right (7,4)
    
        Roll length used: 5

    [1;34mTry max length:[0m 4
    [1;34m    At iteration:[0m 15
        lingeling found a solution in .030 ms

      | W
    L | 0 1 2  3 4  5 6 7 
    ----------------------
    0 | 6 1 1  . 8  7 3 3 
    1 | 6 1 1 11 8  7 3 3 
    2 | 2 2 5  5 . 10 4 4 
    3 | 2 2 5  5 .  9 4 4 
    
    Boxes' corners:       (w,l)
        Box  1 is at 
            top left     (1,0)
            bottom right (2,1)
    
        Box  2 is at 
            top left     (0,2)
            bottom right (1,3)
    
        Box  3 is at 
            top left     (6,0)
            bottom right (7,1)
    
        Box  4 is at 
            top left     (6,2)
            bottom right (7,3)
    
        Box  5 is at 
            top left     (2,2)
            bottom right (3,3)
    
        Box  6 is at 
            top left     (0,0)
            bottom right (0,1)
    
        Box  7 is at 
            top left     (5,0)
            bottom right (5,1)
    
        Box  8 is at 
            top left     (4,0)
            bottom right (4,1)
    
        Box  9 is at 
            top left     (5,3)
            bottom right (5,3)
    
        Box 10 is at 
            top left     (5,2)
            bottom right (5,2)
    
        Box 11 is at 
            top left     (3,1)
            bottom right (3,1)
    
        Roll length used: 4

    [1;34mTry max length:[0m 3
    [1;34m    At iteration:[0m 16
        [3;31mlingeling determined unsatisfiability of the Boolean formula[0m
        [1;32mOptimality reached![0m
