Sun 3 Jun 21:00:53 CEST 2018
    [1;34mTry max length:[0m 999999
    [1;34m    At iteration:[0m 0
        lingeling found a solution in .022 ms

      | W
    L | 0 1 2 3 4 5 6 7 8 
    ----------------------
    0 | . . . . . . . . . 
    1 | . . . . 1 1 1 1 . 
    2 | . . . . 1 1 1 1 . 
    3 | . . . . 1 1 1 1 . 
    4 | . . . . 1 1 1 1 2 
    5 | . 3 . . 1 1 1 1 . 
    6 | . . . . . . . . . 
    
    Boxes' corners:      (w,l)
        Box 1 is at 
            top left     (4,1)
            bottom right (7,5)
    
        Box 2 is at 
            top left     (8,4)
            bottom right (8,4)
    
        Box 3 is at 
            top left     (1,5)
            bottom right (1,5)
    
        Roll length used: 6

    [1;34mTry max length:[0m 5
    [1;34m    At iteration:[0m 1
        lingeling found a solution in .016 ms

      | W
    L | 0 1 2 3 4 5 6 7 8 
    ----------------------
    0 | . . . . 1 1 1 1 . 
    1 | . . . . 1 1 1 1 . 
    2 | . . . . 1 1 1 1 . 
    3 | . . . . 1 1 1 1 . 
    4 | . 3 2 . 1 1 1 1 . 
    
    Boxes' corners:      (w,l)
        Box 1 is at 
            top left     (4,0)
            bottom right (7,4)
    
        Box 2 is at 
            top left     (2,4)
            bottom right (2,4)
    
        Box 3 is at 
            top left     (1,4)
            bottom right (1,4)
    
        Roll length used: 5

    [1;34mTry max length:[0m 4
    [1;34m    At iteration:[0m 2
        lingeling found a solution in .009 ms

      | W
    L | 0 1 2 3 4 5 6 7 8 
    ----------------------
    0 | . . 1 1 1 1 1 . . 
    1 | . . 1 1 1 1 1 . . 
    2 | . . 1 1 1 1 1 . 3 
    3 | . . 1 1 1 1 1 . 2 
    
    Boxes' corners:      (w,l)
        Box 1 is at 
            top left     (2,0)
            bottom right (6,3)
    
        Box 2 is at 
            top left     (8,3)
            bottom right (8,3)
    
        Box 3 is at 
            top left     (8,2)
            bottom right (8,2)
    
        Roll length used: 4

    [1;34mTry max length:[0m 3
    [1;34m    At iteration:[0m 3
        [3;31mlingeling determined unsatisfiability of the Boolean formula[0m
        [1;32mOptimality reached![0m
