Sun 3 Jun 20:44:10 CEST 2018
    [1;34mTry max length:[0m 999999
    [1;34m    At iteration:[0m 0
        lingeling found a solution in .106 ms

       | W
     L | 0 1 2  3  4  5 
    -------------------
     0 | . . .  .  .  . 
     1 | . . .  .  .  . 
     2 | . . .  .  .  . 
     3 | . . .  .  .  . 
     4 | . . .  .  .  . 
     5 | . . .  .  .  . 
     6 | . . .  .  .  . 
     7 | . . .  .  .  . 
     8 | . . .  .  .  . 
     9 | . . .  .  .  . 
    10 | . . .  .  .  4 
    11 | 7 7 .  .  3  . 
    12 | 7 7 5 10 10 10 
    13 | 6 6 2 10 10 10 
    14 | 6 6 1 10 10 10 
    15 | 9 9 9  8  8  8 
    16 | 9 9 9  8  8  8 
    17 | 9 9 9  8  8  8 
    
    Boxes' corners:       (w,l)
        Box  1 is at 
            top left     (2,14)
            bottom right (2,14)
    
        Box  2 is at 
            top left     (2,13)
            bottom right (2,13)
    
        Box  3 is at 
            top left     (4,11)
            bottom right (4,11)
    
        Box  4 is at 
            top left     (5,10)
            bottom right (5,10)
    
        Box  5 is at 
            top left     (2,12)
            bottom right (2,12)
    
        Box  6 is at 
            top left     (0,13)
            bottom right (1,14)
    
        Box  7 is at 
            top left     (0,11)
            bottom right (1,12)
    
        Box  8 is at 
            top left     (3,15)
            bottom right (5,17)
    
        Box  9 is at 
            top left     (0,15)
            bottom right (2,17)
    
        Box 10 is at 
            top left     (3,12)
            bottom right (5,14)
    
        Roll length used: 18

    [1;34mTry max length:[0m 17
    [1;34m    At iteration:[0m 1
        lingeling found a solution in .099 ms

       | W
     L | 0 1 2  3  4  5 
    -------------------
     0 | . . .  .  .  . 
     1 | . . .  .  .  . 
     2 | . . .  .  .  . 
     3 | . . .  .  .  . 
     4 | . . .  .  .  . 
     5 | . . .  .  .  . 
     6 | . . .  .  .  . 
     7 | . . .  .  .  . 
     8 | . . .  .  .  . 
     9 | . . .  .  .  . 
    10 | 7 7 .  .  4  5 
    11 | 7 7 3 10 10 10 
    12 | 6 6 2 10 10 10 
    13 | 6 6 1 10 10 10 
    14 | 9 9 9  8  8  8 
    15 | 9 9 9  8  8  8 
    16 | 9 9 9  8  8  8 
    
    Boxes' corners:       (w,l)
        Box  1 is at 
            top left     (2,13)
            bottom right (2,13)
    
        Box  2 is at 
            top left     (2,12)
            bottom right (2,12)
    
        Box  3 is at 
            top left     (2,11)
            bottom right (2,11)
    
        Box  4 is at 
            top left     (4,10)
            bottom right (4,10)
    
        Box  5 is at 
            top left     (5,10)
            bottom right (5,10)
    
        Box  6 is at 
            top left     (0,12)
            bottom right (1,13)
    
        Box  7 is at 
            top left     (0,10)
            bottom right (1,11)
    
        Box  8 is at 
            top left     (3,14)
            bottom right (5,16)
    
        Box  9 is at 
            top left     (0,14)
            bottom right (2,16)
    
        Box 10 is at 
            top left     (3,11)
            bottom right (5,13)
    
        Roll length used: 17

    [1;34mTry max length:[0m 16
    [1;34m    At iteration:[0m 2
        lingeling found a solution in .091 ms

       | W
     L | 0 1 2  3  4  5 
    -------------------
     0 | . . .  .  .  . 
     1 | . . .  .  .  . 
     2 | . . .  .  .  . 
     3 | . . .  .  .  . 
     4 | . . .  .  .  . 
     5 | . . .  .  .  . 
     6 | . . .  .  .  . 
     7 | . . .  .  .  . 
     8 | . . .  .  4  . 
     9 | 7 7 3  .  2  5 
    10 | 7 7 . 10 10 10 
    11 | 6 6 . 10 10 10 
    12 | 6 6 1 10 10 10 
    13 | 9 9 9  8  8  8 
    14 | 9 9 9  8  8  8 
    15 | 9 9 9  8  8  8 
    
    Boxes' corners:       (w,l)
        Box  1 is at 
            top left     (2,12)
            bottom right (2,12)
    
        Box  2 is at 
            top left     (4,9)
            bottom right (4,9)
    
        Box  3 is at 
            top left     (2,9)
            bottom right (2,9)
    
        Box  4 is at 
            top left     (4,8)
            bottom right (4,8)
    
        Box  5 is at 
            top left     (5,9)
            bottom right (5,9)
    
        Box  6 is at 
            top left     (0,11)
            bottom right (1,12)
    
        Box  7 is at 
            top left     (0,9)
            bottom right (1,10)
    
        Box  8 is at 
            top left     (3,13)
            bottom right (5,15)
    
        Box  9 is at 
            top left     (0,13)
            bottom right (2,15)
    
        Box 10 is at 
            top left     (3,10)
            bottom right (5,12)
    
        Roll length used: 16

    [1;34mTry max length:[0m 15
    [1;34m    At iteration:[0m 3
        lingeling found a solution in .084 ms

       | W
     L | 0 1 2  3  4  5 
    -------------------
     0 | . . .  .  .  . 
     1 | . . .  .  .  . 
     2 | . . .  5  .  . 
     3 | . . .  .  .  . 
     4 | . . .  .  .  . 
     5 | 2 . .  .  .  . 
     6 | . . 1  .  .  3 
     7 | . . .  .  .  . 
     8 | 7 7 .  .  .  . 
     9 | 7 7 . 10 10 10 
    10 | 6 6 4 10 10 10 
    11 | 6 6 . 10 10 10 
    12 | 9 9 9  8  8  8 
    13 | 9 9 9  8  8  8 
    14 | 9 9 9  8  8  8 
    
    Boxes' corners:       (w,l)
        Box  1 is at 
            top left     (2,6)
            bottom right (2,6)
    
        Box  2 is at 
            top left     (0,5)
            bottom right (0,5)
    
        Box  3 is at 
            top left     (5,6)
            bottom right (5,6)
    
        Box  4 is at 
            top left     (2,10)
            bottom right (2,10)
    
        Box  5 is at 
            top left     (3,2)
            bottom right (3,2)
    
        Box  6 is at 
            top left     (0,10)
            bottom right (1,11)
    
        Box  7 is at 
            top left     (0,8)
            bottom right (1,9)
    
        Box  8 is at 
            top left     (3,12)
            bottom right (5,14)
    
        Box  9 is at 
            top left     (0,12)
            bottom right (2,14)
    
        Box 10 is at 
            top left     (3,9)
            bottom right (5,11)
    
        Roll length used: 15

    [1;34mTry max length:[0m 14
    [1;34m    At iteration:[0m 4
        lingeling found a solution in .079 ms

       | W
     L | 0 1 2  3  4  5 
    -------------------
     0 | . . .  .  .  . 
     1 | . . .  .  .  . 
     2 | . . .  .  .  . 
     3 | . . .  .  .  . 
     4 | . . .  .  .  . 
     5 | . . .  .  .  . 
     6 | 3 . .  .  .  . 
     7 | 7 7 .  4  .  . 
     8 | 7 7 5 10 10 10 
     9 | 6 6 2 10 10 10 
    10 | 6 6 1 10 10 10 
    11 | 9 9 9  8  8  8 
    12 | 9 9 9  8  8  8 
    13 | 9 9 9  8  8  8 
    
    Boxes' corners:       (w,l)
        Box  1 is at 
            top left     (2,10)
            bottom right (2,10)
    
        Box  2 is at 
            top left     (2,9)
            bottom right (2,9)
    
        Box  3 is at 
            top left     (0,6)
            bottom right (0,6)
    
        Box  4 is at 
            top left     (3,7)
            bottom right (3,7)
    
        Box  5 is at 
            top left     (2,8)
            bottom right (2,8)
    
        Box  6 is at 
            top left     (0,9)
            bottom right (1,10)
    
        Box  7 is at 
            top left     (0,7)
            bottom right (1,8)
    
        Box  8 is at 
            top left     (3,11)
            bottom right (5,13)
    
        Box  9 is at 
            top left     (0,11)
            bottom right (2,13)
    
        Box 10 is at 
            top left     (3,8)
            bottom right (5,10)
    
        Roll length used: 14

    [1;34mTry max length:[0m 13
    [1;34m    At iteration:[0m 5
        lingeling found a solution in .072 ms

       | W
     L | 0 1 2  3  4  5 
    -------------------
     0 | . . .  .  .  . 
     1 | . . .  .  .  . 
     2 | . 1 .  .  .  . 
     3 | . . .  .  .  . 
     4 | . . .  .  .  5 
     5 | . . .  .  4  . 
     6 | 7 7 .  .  .  . 
     7 | 7 7 2 10 10 10 
     8 | 6 6 3 10 10 10 
     9 | 6 6 . 10 10 10 
    10 | 9 9 9  8  8  8 
    11 | 9 9 9  8  8  8 
    12 | 9 9 9  8  8  8 
    
    Boxes' corners:       (w,l)
        Box  1 is at 
            top left     (1,2)
            bottom right (1,2)
    
        Box  2 is at 
            top left     (2,7)
            bottom right (2,7)
    
        Box  3 is at 
            top left     (2,8)
            bottom right (2,8)
    
        Box  4 is at 
            top left     (4,5)
            bottom right (4,5)
    
        Box  5 is at 
            top left     (5,4)
            bottom right (5,4)
    
        Box  6 is at 
            top left     (0,8)
            bottom right (1,9)
    
        Box  7 is at 
            top left     (0,6)
            bottom right (1,7)
    
        Box  8 is at 
            top left     (3,10)
            bottom right (5,12)
    
        Box  9 is at 
            top left     (0,10)
            bottom right (2,12)
    
        Box 10 is at 
            top left     (3,7)
            bottom right (5,9)
    
        Roll length used: 13

    [1;34mTry max length:[0m 12
    [1;34m    At iteration:[0m 6
        lingeling found a solution in .068 ms

       | W
     L |  0  1  2 3 4 5 
    -------------------
     0 |  .  .  . . 6 6 
     1 |  .  .  . . 6 6 
     2 |  .  .  . . 1 2 
     3 |  .  .  . 9 9 9 
     4 | 10 10 10 9 9 9 
     5 | 10 10 10 9 9 9 
     6 | 10 10 10 5 4 . 
     7 |  .  .  . . . . 
     8 |  .  .  . . . . 
     9 |  .  7  7 8 8 8 
    10 |  .  7  7 8 8 8 
    11 |  .  .  3 8 8 8 
    
    Boxes' corners:       (w,l)
        Box  1 is at 
            top left     (4,2)
            bottom right (4,2)
    
        Box  2 is at 
            top left     (5,2)
            bottom right (5,2)
    
        Box  3 is at 
            top left     (2,11)
            bottom right (2,11)
    
        Box  4 is at 
            top left     (4,6)
            bottom right (4,6)
    
        Box  5 is at 
            top left     (3,6)
            bottom right (3,6)
    
        Box  6 is at 
            top left     (4,0)
            bottom right (5,1)
    
        Box  7 is at 
            top left     (1,9)
            bottom right (2,10)
    
        Box  8 is at 
            top left     (3,9)
            bottom right (5,11)
    
        Box  9 is at 
            top left     (3,3)
            bottom right (5,5)
    
        Box 10 is at 
            top left     (0,4)
            bottom right (2,6)
    
        Roll length used: 12

    [1;34mTry max length:[0m 11
    [1;34m    At iteration:[0m 7
        lingeling found a solution in .060 ms

       | W
     L | 0 1 2  3  4  5 
    -------------------
     0 | . . .  .  .  . 
     1 | . . .  .  .  . 
     2 | . . .  .  .  . 
     3 | . . 4  .  .  . 
     4 | 7 7 3  2  .  . 
     5 | 7 7 . 10 10 10 
     6 | 6 6 1 10 10 10 
     7 | 6 6 5 10 10 10 
     8 | 9 9 9  8  8  8 
     9 | 9 9 9  8  8  8 
    10 | 9 9 9  8  8  8 
    
    Boxes' corners:       (w,l)
        Box  1 is at 
            top left     (2,6)
            bottom right (2,6)
    
        Box  2 is at 
            top left     (3,4)
            bottom right (3,4)
    
        Box  3 is at 
            top left     (2,4)
            bottom right (2,4)
    
        Box  4 is at 
            top left     (2,3)
            bottom right (2,3)
    
        Box  5 is at 
            top left     (2,7)
            bottom right (2,7)
    
        Box  6 is at 
            top left     (0,6)
            bottom right (1,7)
    
        Box  7 is at 
            top left     (0,4)
            bottom right (1,5)
    
        Box  8 is at 
            top left     (3,8)
            bottom right (5,10)
    
        Box  9 is at 
            top left     (0,8)
            bottom right (2,10)
    
        Box 10 is at 
            top left     (3,5)
            bottom right (5,7)
    
        Roll length used: 11

    [1;34mTry max length:[0m 10
    [1;34m    At iteration:[0m 8
        lingeling found a solution in .052 ms

       | W
     L | 0 1 2  3  4  5 
    -------------------
     0 | . . .  4  .  . 
     1 | . . .  .  .  . 
     2 | . . .  .  .  . 
     3 | 7 7 .  3  .  . 
     4 | 7 7 5 10 10 10 
     5 | 6 6 2 10 10 10 
     6 | 6 6 1 10 10 10 
     7 | 9 9 9  8  8  8 
     8 | 9 9 9  8  8  8 
     9 | 9 9 9  8  8  8 
    
    Boxes' corners:       (w,l)
        Box  1 is at 
            top left     (2,6)
            bottom right (2,6)
    
        Box  2 is at 
            top left     (2,5)
            bottom right (2,5)
    
        Box  3 is at 
            top left     (3,3)
            bottom right (3,3)
    
        Box  4 is at 
            top left     (3,0)
            bottom right (3,0)
    
        Box  5 is at 
            top left     (2,4)
            bottom right (2,4)
    
        Box  6 is at 
            top left     (0,5)
            bottom right (1,6)
    
        Box  7 is at 
            top left     (0,3)
            bottom right (1,4)
    
        Box  8 is at 
            top left     (3,7)
            bottom right (5,9)
    
        Box  9 is at 
            top left     (0,7)
            bottom right (2,9)
    
        Box 10 is at 
            top left     (3,4)
            bottom right (5,6)
    
        Roll length used: 10

    [1;34mTry max length:[0m 9
    [1;34m    At iteration:[0m 9
        lingeling found a solution in .046 ms

      | W
    L |  0  1  2 3 4 5 
    -------------------
    0 |  .  .  . 9 9 9 
    1 |  .  4  3 9 9 9 
    2 | 10 10 10 9 9 9 
    3 | 10 10 10 . . . 
    4 | 10 10 10 . . . 
    5 |  7  7  . . . 2 
    6 |  7  7  1 8 8 8 
    7 |  6  6  . 8 8 8 
    8 |  6  6  5 8 8 8 
    
    Boxes' corners:       (w,l)
        Box  1 is at 
            top left     (2,6)
            bottom right (2,6)
    
        Box  2 is at 
            top left     (5,5)
            bottom right (5,5)
    
        Box  3 is at 
            top left     (2,1)
            bottom right (2,1)
    
        Box  4 is at 
            top left     (1,1)
            bottom right (1,1)
    
        Box  5 is at 
            top left     (2,8)
            bottom right (2,8)
    
        Box  6 is at 
            top left     (0,7)
            bottom right (1,8)
    
        Box  7 is at 
            top left     (0,5)
            bottom right (1,6)
    
        Box  8 is at 
            top left     (3,6)
            bottom right (5,8)
    
        Box  9 is at 
            top left     (3,0)
            bottom right (5,2)
    
        Box 10 is at 
            top left     (0,2)
            bottom right (2,4)
    
        Roll length used: 9

    [1;34mTry max length:[0m 8
    [1;34m    At iteration:[0m 10
        lingeling found a solution in .041 ms

      | W
    L | 0 1 2  3  4  5 
    -------------------
    0 | . . .  2  .  . 
    1 | . 6 6 10 10 10 
    2 | . 6 6 10 10 10 
    3 | 7 7 . 10 10 10 
    4 | 7 7 4  3  5  1 
    5 | 8 8 8  9  9  9 
    6 | 8 8 8  9  9  9 
    7 | 8 8 8  9  9  9 
    
    Boxes' corners:       (w,l)
        Box  1 is at 
            top left     (5,4)
            bottom right (5,4)
    
        Box  2 is at 
            top left     (3,0)
            bottom right (3,0)
    
        Box  3 is at 
            top left     (3,4)
            bottom right (3,4)
    
        Box  4 is at 
            top left     (2,4)
            bottom right (2,4)
    
        Box  5 is at 
            top left     (4,4)
            bottom right (4,4)
    
        Box  6 is at 
            top left     (1,1)
            bottom right (2,2)
    
        Box  7 is at 
            top left     (0,3)
            bottom right (1,4)
    
        Box  8 is at 
            top left     (0,5)
            bottom right (2,7)
    
        Box  9 is at 
            top left     (3,5)
            bottom right (5,7)
    
        Box 10 is at 
            top left     (3,1)
            bottom right (5,3)
    
        Roll length used: 8

    [1;34mTry max length:[0m 7
    [1;34m    At iteration:[0m 11
        lingeling found a solution in .037 ms

      | W
    L | 0 1 2  3  4  5 
    -------------------
    0 | 7 7 . 10 10 10 
    1 | 7 7 . 10 10 10 
    2 | 6 6 4 10 10 10 
    3 | 6 6 5  3  1  2 
    4 | 9 9 9  8  8  8 
    5 | 9 9 9  8  8  8 
    6 | 9 9 9  8  8  8 
    
    Boxes' corners:       (w,l)
        Box  1 is at 
            top left     (4,3)
            bottom right (4,3)
    
        Box  2 is at 
            top left     (5,3)
            bottom right (5,3)
    
        Box  3 is at 
            top left     (3,3)
            bottom right (3,3)
    
        Box  4 is at 
            top left     (2,2)
            bottom right (2,2)
    
        Box  5 is at 
            top left     (2,3)
            bottom right (2,3)
    
        Box  6 is at 
            top left     (0,2)
            bottom right (1,3)
    
        Box  7 is at 
            top left     (0,0)
            bottom right (1,1)
    
        Box  8 is at 
            top left     (3,4)
            bottom right (5,6)
    
        Box  9 is at 
            top left     (0,4)
            bottom right (2,6)
    
        Box 10 is at 
            top left     (3,0)
            bottom right (5,2)
    
        Roll length used: 7

    [1;34mTry max length:[0m 6
    [1;34m    At iteration:[0m 12
        [3;31mlingeling determined unsatisfiability of the Boolean formula[0m
        [1;32mOptimality reached![0m
