Sun 3 Jun 20:42:20 CEST 2018
    [1;34mTry max length:[0m 999999
    [1;34m    At iteration:[0m 0
        lingeling found a solution in .032 ms

      | W
    L | 0 1 2 3 4 5 
    ----------------
    0 | . . . . . . 
    1 | . . . . . . 
    2 | . . . . . . 
    3 | . . . . . . 
    4 | . . . 1 1 1 
    5 | . . . 1 1 1 
    6 | 3 3 . 2 2 2 
    7 | . . . 2 2 2 
    
    Boxes' corners:      (w,l)
        Box 1 is at 
            top left     (3,4)
            bottom right (5,5)
    
        Box 2 is at 
            top left     (3,6)
            bottom right (5,7)
    
        Box 3 is at 
            top left     (0,6)
            bottom right (1,6)
    
        Roll length used: 8

    [1;34mTry max length:[0m 7
    [1;34m    At iteration:[0m 1
        lingeling found a solution in .020 ms

      | W
    L | 0 1 2 3 4 5 
    ----------------
    0 | . . . 2 2 2 
    1 | 3 3 . 2 2 2 
    2 | . . . . . . 
    3 | . . . . . . 
    4 | . . . . . . 
    5 | . . 1 1 1 . 
    6 | . . 1 1 1 . 
    
    Boxes' corners:      (w,l)
        Box 1 is at 
            top left     (2,5)
            bottom right (4,6)
    
        Box 2 is at 
            top left     (3,0)
            bottom right (5,1)
    
        Box 3 is at 
            top left     (0,1)
            bottom right (1,1)
    
        Roll length used: 7

    [1;34mTry max length:[0m 6
    [1;34m    At iteration:[0m 2
        lingeling found a solution in .016 ms

      | W
    L | 0 1 2 3 4 5 
    ----------------
    0 | . . . . 3 . 
    1 | . . 1 1 3 . 
    2 | . . 1 1 . . 
    3 | . . 1 1 . . 
    4 | . . . 2 2 2 
    5 | . . . 2 2 2 
    
    Boxes' corners:      (w,l)
        Box 1 is at 
            top left     (2,1)
            bottom right (3,3)
    
        Box 2 is at 
            top left     (3,4)
            bottom right (5,5)
    
        Box 3 is at 
            top left     (4,0)
            bottom right (4,1)
    
        Roll length used: 6

    [1;34mTry max length:[0m 5
    [1;34m    At iteration:[0m 3
        lingeling found a solution in .013 ms

      | W
    L | 0 1 2 3 4 5 
    ----------------
    0 | 2 2 . . 1 1 
    1 | 2 2 . . 1 1 
    2 | 2 2 . 3 1 1 
    3 | . . . 3 . . 
    4 | . . . . . . 
    
    Boxes' corners:      (w,l)
        Box 1 is at 
            top left     (4,0)
            bottom right (5,2)
    
        Box 2 is at 
            top left     (0,0)
            bottom right (1,2)
    
        Box 3 is at 
            top left     (3,2)
            bottom right (3,3)
    
        Roll length used: 4

    [1;34mTry max length:[0m 3
    [1;34m    At iteration:[0m 4
        lingeling found a solution in .008 ms

      | W
    L | 0 1 2 3 4 5 
    ----------------
    0 | 2 2 2 1 1 . 
    1 | 2 2 2 1 1 3 
    2 | . . . 1 1 3 
    
    Boxes' corners:      (w,l)
        Box 1 is at 
            top left     (3,0)
            bottom right (4,2)
    
        Box 2 is at 
            top left     (0,0)
            bottom right (2,1)
    
        Box 3 is at 
            top left     (5,1)
            bottom right (5,2)
    
        Roll length used: 3

    [1;34mTry max length:[0m 2
    [1;34m    At iteration:[0m 5
        [3;31mlingeling determined unsatisfiability of the Boolean formula[0m
        [1;32mOptimality reached![0m
