Sun 3 Jun 20:49:07 CEST 2018
    [1;34mTry max length:[0m 999999
    [1;34m    At iteration:[0m 0
        lingeling found a solution in .118 ms

       | W
     L | 0 1 2 3 4 5 6 
    ------------------
     0 | . . . . . . . 
     1 | . . . . . . . 
     2 | . . . . . . . 
     3 | . . . . . . . 
     4 | . . . . . . . 
     5 | . . . . . . . 
     6 | . . . . . . . 
     7 | . . . . . . . 
     8 | . . . . . . . 
     9 | . . . . . . . 
    10 | 5 . . . . . . 
    11 | 5 . . . 8 8 8 
    12 | 4 . 3 3 8 8 8 
    13 | 4 . 3 3 8 8 8 
    14 | 7 7 7 1 6 6 6 
    15 | 7 7 7 . 6 6 6 
    16 | 7 7 7 2 6 6 6 
    
    Boxes' corners:      (w,l)
        Box 1 is at 
            top left     (3,14)
            bottom right (3,14)
    
        Box 2 is at 
            top left     (3,16)
            bottom right (3,16)
    
        Box 3 is at 
            top left     (2,12)
            bottom right (3,13)
    
        Box 4 is at 
            top left     (0,12)
            bottom right (0,13)
    
        Box 5 is at 
            top left     (0,10)
            bottom right (0,11)
    
        Box 6 is at 
            top left     (4,14)
            bottom right (6,16)
    
        Box 7 is at 
            top left     (0,14)
            bottom right (2,16)
    
        Box 8 is at 
            top left     (4,11)
            bottom right (6,13)
    
        Roll length used: 17

    [1;34mTry max length:[0m 16
    [1;34m    At iteration:[0m 1
        lingeling found a solution in .104 ms

       | W
     L | 0 1 2 3 4 5 6 
    ------------------
     0 | . . . . . . . 
     1 | . . . . . . . 
     2 | . . . . . . . 
     3 | 8 8 8 . . . . 
     4 | 8 8 8 . . . . 
     5 | 8 8 8 . . 3 3 
     6 | . . . . . 3 3 
     7 | . . . . . . . 
     8 | . . . . 6 6 6 
     9 | . . . . 6 6 6 
    10 | . . . . 6 6 6 
    11 | . . . . . . . 
    12 | 5 . . . . . . 
    13 | 5 . . . 7 7 7 
    14 | 4 . . . 7 7 7 
    15 | 4 . 2 1 7 7 7 
    
    Boxes' corners:      (w,l)
        Box 1 is at 
            top left     (3,15)
            bottom right (3,15)
    
        Box 2 is at 
            top left     (2,15)
            bottom right (2,15)
    
        Box 3 is at 
            top left     (5,5)
            bottom right (6,6)
    
        Box 4 is at 
            top left     (0,14)
            bottom right (0,15)
    
        Box 5 is at 
            top left     (0,12)
            bottom right (0,13)
    
        Box 6 is at 
            top left     (4,8)
            bottom right (6,10)
    
        Box 7 is at 
            top left     (4,13)
            bottom right (6,15)
    
        Box 8 is at 
            top left     (0,3)
            bottom right (2,5)
    
        Roll length used: 16

    [1;34mTry max length:[0m 15
    [1;34m    At iteration:[0m 2
        lingeling found a solution in .116 ms

       | W
     L | 0 1 2 3 4 5 6 
    ------------------
     0 | . . . . . . . 
     1 | . . . . . . . 
     2 | . . 8 8 8 . . 
     3 | . . 8 8 8 . . 
     4 | . . 8 8 8 . . 
     5 | . . . . 6 6 6 
     6 | . . . . 6 6 6 
     7 | . . . . 6 6 6 
     8 | . . . . . . . 
     9 | . 7 7 7 . . . 
    10 | 5 7 7 7 . . . 
    11 | 5 7 7 7 . . . 
    12 | . . . . . . . 
    13 | 4 . . . . 3 3 
    14 | 4 . . 2 1 3 3 
    
    Boxes' corners:      (w,l)
        Box 1 is at 
            top left     (4,14)
            bottom right (4,14)
    
        Box 2 is at 
            top left     (3,14)
            bottom right (3,14)
    
        Box 3 is at 
            top left     (5,13)
            bottom right (6,14)
    
        Box 4 is at 
            top left     (0,13)
            bottom right (0,14)
    
        Box 5 is at 
            top left     (0,10)
            bottom right (0,11)
    
        Box 6 is at 
            top left     (4,5)
            bottom right (6,7)
    
        Box 7 is at 
            top left     (1,9)
            bottom right (3,11)
    
        Box 8 is at 
            top left     (2,2)
            bottom right (4,4)
    
        Roll length used: 15

    [1;34mTry max length:[0m 14
    [1;34m    At iteration:[0m 3
        lingeling found a solution in .098 ms

       | W
     L | 0 1 2 3 4 5 6 
    ------------------
     0 | . . . . . . . 
     1 | . . . . . . . 
     2 | . . . . . . . 
     3 | . . . . 6 6 6 
     4 | . . . . 6 6 6 
     5 | . . . . 6 6 6 
     6 | . . . . . . . 
     7 | . . 8 8 8 . . 
     8 | . . 8 8 8 . . 
     9 | . . 8 8 8 3 3 
    10 | 5 . . . . 3 3 
    11 | 5 7 7 7 . . . 
    12 | 4 7 7 7 . . . 
    13 | 4 7 7 7 . 2 1 
    
    Boxes' corners:      (w,l)
        Box 1 is at 
            top left     (6,13)
            bottom right (6,13)
    
        Box 2 is at 
            top left     (5,13)
            bottom right (5,13)
    
        Box 3 is at 
            top left     (5,9)
            bottom right (6,10)
    
        Box 4 is at 
            top left     (0,12)
            bottom right (0,13)
    
        Box 5 is at 
            top left     (0,10)
            bottom right (0,11)
    
        Box 6 is at 
            top left     (4,3)
            bottom right (6,5)
    
        Box 7 is at 
            top left     (1,11)
            bottom right (3,13)
    
        Box 8 is at 
            top left     (2,7)
            bottom right (4,9)
    
        Roll length used: 14

    [1;34mTry max length:[0m 13
    [1;34m    At iteration:[0m 4
        lingeling found a solution in .083 ms

       | W
     L | 0 1 2 3 4 5 6 
    ------------------
     0 | . . . . . . . 
     1 | . . . . . . . 
     2 | . . . . . . . 
     3 | . . . . . . . 
     4 | . . . . . . . 
     5 | . . . 1 . . . 
     6 | 5 . . . . . . 
     7 | 5 . . . 8 8 8 
     8 | 4 2 3 3 8 8 8 
     9 | 4 . 3 3 8 8 8 
    10 | 7 7 7 . 6 6 6 
    11 | 7 7 7 . 6 6 6 
    12 | 7 7 7 . 6 6 6 
    
    Boxes' corners:      (w,l)
        Box 1 is at 
            top left     (3,5)
            bottom right (3,5)
    
        Box 2 is at 
            top left     (1,8)
            bottom right (1,8)
    
        Box 3 is at 
            top left     (2,8)
            bottom right (3,9)
    
        Box 4 is at 
            top left     (0,8)
            bottom right (0,9)
    
        Box 5 is at 
            top left     (0,6)
            bottom right (0,7)
    
        Box 6 is at 
            top left     (4,10)
            bottom right (6,12)
    
        Box 7 is at 
            top left     (0,10)
            bottom right (2,12)
    
        Box 8 is at 
            top left     (4,7)
            bottom right (6,9)
    
        Roll length used: 13

    [1;34mTry max length:[0m 12
    [1;34m    At iteration:[0m 5
        lingeling found a solution in .075 ms

       | W
     L | 0 1 2 3 4 5 6 
    ------------------
     0 | . . . . . . . 
     1 | . . . . . . . 
     2 | . . . . . . . 
     3 | . . . . . . . 
     4 | . . . . . . . 
     5 | . . . . . . . 
     6 | . . . . 8 8 8 
     7 | . 2 3 3 8 8 8 
     8 | 5 1 3 3 8 8 8 
     9 | 5 7 7 7 6 6 6 
    10 | 4 7 7 7 6 6 6 
    11 | 4 7 7 7 6 6 6 
    
    Boxes' corners:      (w,l)
        Box 1 is at 
            top left     (1,8)
            bottom right (1,8)
    
        Box 2 is at 
            top left     (1,7)
            bottom right (1,7)
    
        Box 3 is at 
            top left     (2,7)
            bottom right (3,8)
    
        Box 4 is at 
            top left     (0,10)
            bottom right (0,11)
    
        Box 5 is at 
            top left     (0,8)
            bottom right (0,9)
    
        Box 6 is at 
            top left     (4,9)
            bottom right (6,11)
    
        Box 7 is at 
            top left     (1,9)
            bottom right (3,11)
    
        Box 8 is at 
            top left     (4,6)
            bottom right (6,8)
    
        Roll length used: 12

    [1;34mTry max length:[0m 11
    [1;34m    At iteration:[0m 6
        lingeling found a solution in .070 ms

       | W
     L | 0 1 2 3 4 5 6 
    ------------------
     0 | . . . . 2 . . 
     1 | . . . . . . . 
     2 | . . . . . . . 
     3 | . . . . . . . 
     4 | 5 . . . . . . 
     5 | 5 . . . 8 8 8 
     6 | 4 . 3 3 8 8 8 
     7 | 4 . 3 3 8 8 8 
     8 | 7 7 7 . 6 6 6 
     9 | 7 7 7 . 6 6 6 
    10 | 7 7 7 1 6 6 6 
    
    Boxes' corners:      (w,l)
        Box 1 is at 
            top left     (3,10)
            bottom right (3,10)
    
        Box 2 is at 
            top left     (4,0)
            bottom right (4,0)
    
        Box 3 is at 
            top left     (2,6)
            bottom right (3,7)
    
        Box 4 is at 
            top left     (0,6)
            bottom right (0,7)
    
        Box 5 is at 
            top left     (0,4)
            bottom right (0,5)
    
        Box 6 is at 
            top left     (4,8)
            bottom right (6,10)
    
        Box 7 is at 
            top left     (0,8)
            bottom right (2,10)
    
        Box 8 is at 
            top left     (4,5)
            bottom right (6,7)
    
        Roll length used: 11

    [1;34mTry max length:[0m 10
    [1;34m    At iteration:[0m 7
        lingeling found a solution in .064 ms

       | W
     L | 0 1 2 3 4 5 6 
    ------------------
     0 | . . . . . . . 
     1 | . 1 . . . . . 
     2 | . . . . . . 2 
     3 | 5 . . . . . . 
     4 | 5 . . . 8 8 8 
     5 | 4 . 3 3 8 8 8 
     6 | 4 . 3 3 8 8 8 
     7 | 7 7 7 . 6 6 6 
     8 | 7 7 7 . 6 6 6 
     9 | 7 7 7 . 6 6 6 
    
    Boxes' corners:      (w,l)
        Box 1 is at 
            top left     (1,1)
            bottom right (1,1)
    
        Box 2 is at 
            top left     (6,2)
            bottom right (6,2)
    
        Box 3 is at 
            top left     (2,5)
            bottom right (3,6)
    
        Box 4 is at 
            top left     (0,5)
            bottom right (0,6)
    
        Box 5 is at 
            top left     (0,3)
            bottom right (0,4)
    
        Box 6 is at 
            top left     (4,7)
            bottom right (6,9)
    
        Box 7 is at 
            top left     (0,7)
            bottom right (2,9)
    
        Box 8 is at 
            top left     (4,4)
            bottom right (6,6)
    
        Roll length used: 10

    [1;34mTry max length:[0m 9
    [1;34m    At iteration:[0m 8
        lingeling found a solution in .056 ms

      | W
    L | 0 1 2 3 4 5 6 
    ------------------
    0 | . . . . . . . 
    1 | 2 . . . . . . 
    2 | 5 . . . . . . 
    3 | 5 . . . 8 8 8 
    4 | 4 . 3 3 8 8 8 
    5 | 4 . 3 3 8 8 8 
    6 | 7 7 7 . 6 6 6 
    7 | 7 7 7 . 6 6 6 
    8 | 7 7 7 1 6 6 6 
    
    Boxes' corners:      (w,l)
        Box 1 is at 
            top left     (3,8)
            bottom right (3,8)
    
        Box 2 is at 
            top left     (0,1)
            bottom right (0,1)
    
        Box 3 is at 
            top left     (2,4)
            bottom right (3,5)
    
        Box 4 is at 
            top left     (0,4)
            bottom right (0,5)
    
        Box 5 is at 
            top left     (0,2)
            bottom right (0,3)
    
        Box 6 is at 
            top left     (4,6)
            bottom right (6,8)
    
        Box 7 is at 
            top left     (0,6)
            bottom right (2,8)
    
        Box 8 is at 
            top left     (4,3)
            bottom right (6,5)
    
        Roll length used: 9

    [1;34mTry max length:[0m 8
    [1;34m    At iteration:[0m 9
        lingeling found a solution in .050 ms

      | W
    L | 0 1 2 3 4 5 6 
    ------------------
    0 | . . . . . . 5 
    1 | . . . . . . 5 
    2 | 3 3 . 8 8 8 1 
    3 | 3 3 . 8 8 8 4 
    4 | 7 7 7 8 8 8 4 
    5 | 7 7 7 . 6 6 6 
    6 | 7 7 7 . 6 6 6 
    7 | . . . 2 6 6 6 
    
    Boxes' corners:      (w,l)
        Box 1 is at 
            top left     (6,2)
            bottom right (6,2)
    
        Box 2 is at 
            top left     (3,7)
            bottom right (3,7)
    
        Box 3 is at 
            top left     (0,2)
            bottom right (1,3)
    
        Box 4 is at 
            top left     (6,3)
            bottom right (6,4)
    
        Box 5 is at 
            top left     (6,0)
            bottom right (6,1)
    
        Box 6 is at 
            top left     (4,5)
            bottom right (6,7)
    
        Box 7 is at 
            top left     (0,4)
            bottom right (2,6)
    
        Box 8 is at 
            top left     (3,2)
            bottom right (5,4)
    
        Roll length used: 8

    [1;34mTry max length:[0m 7
    [1;34m    At iteration:[0m 10
        lingeling found a solution in .043 ms

      | W
    L | 0 1 2 3 4 5 6 
    ------------------
    0 | . 8 8 8 7 7 7 
    1 | . 8 8 8 7 7 7 
    2 | . 8 8 8 7 7 7 
    3 | 3 3 . . . 1 5 
    4 | 3 3 . 6 6 6 5 
    5 | . . . 6 6 6 4 
    6 | . . 2 6 6 6 4 
    
    Boxes' corners:      (w,l)
        Box 1 is at 
            top left     (5,3)
            bottom right (5,3)
    
        Box 2 is at 
            top left     (2,6)
            bottom right (2,6)
    
        Box 3 is at 
            top left     (0,3)
            bottom right (1,4)
    
        Box 4 is at 
            top left     (6,5)
            bottom right (6,6)
    
        Box 5 is at 
            top left     (6,3)
            bottom right (6,4)
    
        Box 6 is at 
            top left     (3,4)
            bottom right (5,6)
    
        Box 7 is at 
            top left     (4,0)
            bottom right (6,2)
    
        Box 8 is at 
            top left     (1,0)
            bottom right (3,2)
    
        Roll length used: 7

    [1;34mTry max length:[0m 6
    [1;34m    At iteration:[0m 11
        lingeling found a solution in .043 ms

      | W
    L | 0 1 2 3 4 5 6 
    ------------------
    0 | 4 . 3 3 7 7 7 
    1 | 4 5 3 3 7 7 7 
    2 | 2 5 . . 7 7 7 
    3 | 6 6 6 . 8 8 8 
    4 | 6 6 6 . 8 8 8 
    5 | 6 6 6 1 8 8 8 
    
    Boxes' corners:      (w,l)
        Box 1 is at 
            top left     (3,5)
            bottom right (3,5)
    
        Box 2 is at 
            top left     (0,2)
            bottom right (0,2)
    
        Box 3 is at 
            top left     (2,0)
            bottom right (3,1)
    
        Box 4 is at 
            top left     (0,0)
            bottom right (0,1)
    
        Box 5 is at 
            top left     (1,1)
            bottom right (1,2)
    
        Box 6 is at 
            top left     (0,3)
            bottom right (2,5)
    
        Box 7 is at 
            top left     (4,0)
            bottom right (6,2)
    
        Box 8 is at 
            top left     (4,3)
            bottom right (6,5)
    
        Roll length used: 6

    [1;34mTry max length:[0m 5
    [1;34m    At iteration:[0m 12
        [3;31mlingeling determined unsatisfiability of the Boolean formula[0m
        [1;32mOptimality reached![0m
