Sun 3 Jun 20:34:12 CEST 2018
    [1;34mTry max length:[0m 999999
    [1;34m    At iteration:[0m 0
        lingeling found a solution in .116 ms

       | W
     L |  0  1  2 3 
    ---------------
     0 |  .  .  . . 
     1 |  .  .  . . 
     2 |  .  .  . . 
     3 |  .  .  . . 
     4 |  .  .  . . 
     5 |  .  .  . . 
     6 |  .  .  . . 
     7 |  .  .  . . 
     8 |  .  .  . . 
     9 |  .  .  . . 
    10 |  .  .  . . 
    11 |  .  .  . . 
    12 | 10 10  9 9 
    13 | 10 10  9 9 
    14 |  8  8  7 7 
    15 |  8  8  7 7 
    16 | 12 12 12 . 
    17 | 12 12 12 . 
    18 | 12 12 12 5 
    19 | 12 12 12 4 
    20 | 12 12 12 3 
    21 | 11 11 11 6 
    22 | 11 11 11 2 
    23 | 11 11 11 2 
    24 | 11 11 11 1 
    25 | 11 11 11 1 
    
    Boxes' corners:       (w,l)
        Box  1 is at 
            top left     (3,24)
            bottom right (3,25)
    
        Box  2 is at 
            top left     (3,22)
            bottom right (3,23)
    
        Box  3 is at 
            top left     (3,20)
            bottom right (3,20)
    
        Box  4 is at 
            top left     (3,19)
            bottom right (3,19)
    
        Box  5 is at 
            top left     (3,18)
            bottom right (3,18)
    
        Box  6 is at 
            top left     (3,21)
            bottom right (3,21)
    
        Box  7 is at 
            top left     (2,14)
            bottom right (3,15)
    
        Box  8 is at 
            top left     (0,14)
            bottom right (1,15)
    
        Box  9 is at 
            top left     (2,12)
            bottom right (3,13)
    
        Box 10 is at 
            top left     (0,12)
            bottom right (1,13)
    
        Box 11 is at 
            top left     (0,21)
            bottom right (2,25)
    
        Box 12 is at 
            top left     (0,16)
            bottom right (2,20)
    
        Roll length used: 26

    [1;34mTry max length:[0m 25
    [1;34m    At iteration:[0m 1
        lingeling found a solution in .149 ms

       | W
     L | 0  1  2  3 
    ---------------
     0 | .  .  .  . 
     1 | .  .  .  . 
     2 | .  .  .  . 
     3 | .  .  .  . 
     4 | .  .  .  . 
     5 | .  .  .  . 
     6 | .  .  .  . 
     7 | .  .  .  . 
     8 | .  .  .  . 
     9 | . 12 12 12 
    10 | . 12 12 12 
    11 | . 12 12 12 
    12 | . 12 12 12 
    13 | . 12 12 12 
    14 | . 11 11 11 
    15 | . 11 11 11 
    16 | 2 11 11 11 
    17 | 2 11 11 11 
    18 | 1 11 11 11 
    19 | 1  .  .  . 
    20 | 7  7  6  5 
    21 | 7  7 10 10 
    22 | 4  3 10 10 
    23 | 9  9  8  8 
    24 | 9  9  8  8 
    
    Boxes' corners:       (w,l)
        Box  1 is at 
            top left     (0,18)
            bottom right (0,19)
    
        Box  2 is at 
            top left     (0,16)
            bottom right (0,17)
    
        Box  3 is at 
            top left     (1,22)
            bottom right (1,22)
    
        Box  4 is at 
            top left     (0,22)
            bottom right (0,22)
    
        Box  5 is at 
            top left     (3,20)
            bottom right (3,20)
    
        Box  6 is at 
            top left     (2,20)
            bottom right (2,20)
    
        Box  7 is at 
            top left     (0,20)
            bottom right (1,21)
    
        Box  8 is at 
            top left     (2,23)
            bottom right (3,24)
    
        Box  9 is at 
            top left     (0,23)
            bottom right (1,24)
    
        Box 10 is at 
            top left     (2,21)
            bottom right (3,22)
    
        Box 11 is at 
            top left     (1,14)
            bottom right (3,18)
    
        Box 12 is at 
            top left     (1,9)
            bottom right (3,13)
    
        Roll length used: 25

    [1;34mTry max length:[0m 24
    [1;34m    At iteration:[0m 2
        lingeling found a solution in .129 ms

       | W
     L |  0  1  2 3 
    ---------------
     0 |  .  .  . . 
     1 |  .  .  . . 
     2 |  .  .  . . 
     3 |  .  .  . . 
     4 |  .  .  . . 
     5 |  .  .  . . 
     6 |  .  .  . . 
     7 |  .  .  . . 
     8 |  .  .  . . 
     9 |  .  .  . . 
    10 | 10 10  9 9 
    11 | 10 10  9 9 
    12 |  8  8  7 7 
    13 |  8  8  7 7 
    14 | 12 12 12 . 
    15 | 12 12 12 . 
    16 | 12 12 12 5 
    17 | 12 12 12 4 
    18 | 12 12 12 3 
    19 | 11 11 11 6 
    20 | 11 11 11 2 
    21 | 11 11 11 2 
    22 | 11 11 11 1 
    23 | 11 11 11 1 
    
    Boxes' corners:       (w,l)
        Box  1 is at 
            top left     (3,22)
            bottom right (3,23)
    
        Box  2 is at 
            top left     (3,20)
            bottom right (3,21)
    
        Box  3 is at 
            top left     (3,18)
            bottom right (3,18)
    
        Box  4 is at 
            top left     (3,17)
            bottom right (3,17)
    
        Box  5 is at 
            top left     (3,16)
            bottom right (3,16)
    
        Box  6 is at 
            top left     (3,19)
            bottom right (3,19)
    
        Box  7 is at 
            top left     (2,12)
            bottom right (3,13)
    
        Box  8 is at 
            top left     (0,12)
            bottom right (1,13)
    
        Box  9 is at 
            top left     (2,10)
            bottom right (3,11)
    
        Box 10 is at 
            top left     (0,10)
            bottom right (1,11)
    
        Box 11 is at 
            top left     (0,19)
            bottom right (2,23)
    
        Box 12 is at 
            top left     (0,14)
            bottom right (2,18)
    
        Roll length used: 24

    [1;34mTry max length:[0m 23
    [1;34m    At iteration:[0m 3
        lingeling found a solution in .095 ms

       | W
     L |  0  1  2 3 
    ---------------
     0 |  .  .  . . 
     1 |  .  .  . . 
     2 |  .  .  . . 
     3 |  .  .  . . 
     4 |  .  .  . . 
     5 |  .  .  . . 
     6 |  5  .  . . 
     7 |  .  .  . . 
     8 |  .  .  . . 
     9 | 10 10  9 9 
    10 | 10 10  9 9 
    11 |  8  8  7 7 
    12 |  8  8  7 7 
    13 | 12 12 12 . 
    14 | 12 12 12 . 
    15 | 12 12 12 4 
    16 | 12 12 12 . 
    17 | 12 12 12 6 
    18 | 11 11 11 3 
    19 | 11 11 11 2 
    20 | 11 11 11 2 
    21 | 11 11 11 1 
    22 | 11 11 11 1 
    
    Boxes' corners:       (w,l)
        Box  1 is at 
            top left     (3,21)
            bottom right (3,22)
    
        Box  2 is at 
            top left     (3,19)
            bottom right (3,20)
    
        Box  3 is at 
            top left     (3,18)
            bottom right (3,18)
    
        Box  4 is at 
            top left     (3,15)
            bottom right (3,15)
    
        Box  5 is at 
            top left     (0,6)
            bottom right (0,6)
    
        Box  6 is at 
            top left     (3,17)
            bottom right (3,17)
    
        Box  7 is at 
            top left     (2,11)
            bottom right (3,12)
    
        Box  8 is at 
            top left     (0,11)
            bottom right (1,12)
    
        Box  9 is at 
            top left     (2,9)
            bottom right (3,10)
    
        Box 10 is at 
            top left     (0,9)
            bottom right (1,10)
    
        Box 11 is at 
            top left     (0,18)
            bottom right (2,22)
    
        Box 12 is at 
            top left     (0,13)
            bottom right (2,17)
    
        Roll length used: 23

    [1;34mTry max length:[0m 22
    [1;34m    At iteration:[0m 4
        lingeling found a solution in .123 ms

       | W
     L |  0  1  2 3 
    ---------------
     0 |  .  .  . . 
     1 |  .  .  5 . 
     2 |  .  .  . . 
     3 |  .  .  . . 
     4 |  .  .  . . 
     5 |  .  .  . . 
     6 |  .  3  . . 
     7 |  .  .  . . 
     8 | 10 10  9 9 
     9 | 10 10  9 9 
    10 |  8  8  7 7 
    11 |  8  8  7 7 
    12 | 12 12 12 . 
    13 | 12 12 12 . 
    14 | 12 12 12 . 
    15 | 12 12 12 . 
    16 | 12 12 12 6 
    17 | 11 11 11 4 
    18 | 11 11 11 2 
    19 | 11 11 11 2 
    20 | 11 11 11 1 
    21 | 11 11 11 1 
    
    Boxes' corners:       (w,l)
        Box  1 is at 
            top left     (3,20)
            bottom right (3,21)
    
        Box  2 is at 
            top left     (3,18)
            bottom right (3,19)
    
        Box  3 is at 
            top left     (1,6)
            bottom right (1,6)
    
        Box  4 is at 
            top left     (3,17)
            bottom right (3,17)
    
        Box  5 is at 
            top left     (2,1)
            bottom right (2,1)
    
        Box  6 is at 
            top left     (3,16)
            bottom right (3,16)
    
        Box  7 is at 
            top left     (2,10)
            bottom right (3,11)
    
        Box  8 is at 
            top left     (0,10)
            bottom right (1,11)
    
        Box  9 is at 
            top left     (2,8)
            bottom right (3,9)
    
        Box 10 is at 
            top left     (0,8)
            bottom right (1,9)
    
        Box 11 is at 
            top left     (0,17)
            bottom right (2,21)
    
        Box 12 is at 
            top left     (0,12)
            bottom right (2,16)
    
        Roll length used: 22

    [1;34mTry max length:[0m 21
    [1;34m    At iteration:[0m 5
        lingeling found a solution in .084 ms

       | W
     L |  0  1  2  3 
    ----------------
     0 |  .  .  .  . 
     1 |  .  .  .  . 
     2 |  5  .  .  . 
     3 |  .  .  .  . 
     4 |  .  .  .  . 
     5 |  .  .  .  . 
     6 |  4  .  .  . 
     7 | 10 10  9  9 
     8 | 10 10  9  9 
     9 |  8  8  7  7 
    10 |  8  8  7  7 
    11 |  . 12 12 12 
    12 |  . 12 12 12 
    13 |  . 12 12 12 
    14 |  . 12 12 12 
    15 |  6 12 12 12 
    16 | 11 11 11  3 
    17 | 11 11 11  2 
    18 | 11 11 11  2 
    19 | 11 11 11  1 
    20 | 11 11 11  1 
    
    Boxes' corners:       (w,l)
        Box  1 is at 
            top left     (3,19)
            bottom right (3,20)
    
        Box  2 is at 
            top left     (3,17)
            bottom right (3,18)
    
        Box  3 is at 
            top left     (3,16)
            bottom right (3,16)
    
        Box  4 is at 
            top left     (0,6)
            bottom right (0,6)
    
        Box  5 is at 
            top left     (0,2)
            bottom right (0,2)
    
        Box  6 is at 
            top left     (0,15)
            bottom right (0,15)
    
        Box  7 is at 
            top left     (2,9)
            bottom right (3,10)
    
        Box  8 is at 
            top left     (0,9)
            bottom right (1,10)
    
        Box  9 is at 
            top left     (2,7)
            bottom right (3,8)
    
        Box 10 is at 
            top left     (0,7)
            bottom right (1,8)
    
        Box 11 is at 
            top left     (0,16)
            bottom right (2,20)
    
        Box 12 is at 
            top left     (1,11)
            bottom right (3,15)
    
        Roll length used: 21

    [1;34mTry max length:[0m 20
    [1;34m    At iteration:[0m 6
        lingeling found a solution in .076 ms

       | W
     L |  0  1  2 3 
    ---------------
     0 |  .  .  . . 
     1 |  .  .  . . 
     2 |  .  .  . . 
     3 |  .  .  . . 
     4 |  5  .  . . 
     5 |  .  .  . 4 
     6 | 10 10  9 9 
     7 | 10 10  9 9 
     8 |  8  8  7 7 
     9 |  8  8  7 7 
    10 | 12 12 12 . 
    11 | 12 12 12 . 
    12 | 12 12 12 . 
    13 | 12 12 12 . 
    14 | 12 12 12 6 
    15 | 11 11 11 3 
    16 | 11 11 11 2 
    17 | 11 11 11 2 
    18 | 11 11 11 1 
    19 | 11 11 11 1 
    
    Boxes' corners:       (w,l)
        Box  1 is at 
            top left     (3,18)
            bottom right (3,19)
    
        Box  2 is at 
            top left     (3,16)
            bottom right (3,17)
    
        Box  3 is at 
            top left     (3,15)
            bottom right (3,15)
    
        Box  4 is at 
            top left     (3,5)
            bottom right (3,5)
    
        Box  5 is at 
            top left     (0,4)
            bottom right (0,4)
    
        Box  6 is at 
            top left     (3,14)
            bottom right (3,14)
    
        Box  7 is at 
            top left     (2,8)
            bottom right (3,9)
    
        Box  8 is at 
            top left     (0,8)
            bottom right (1,9)
    
        Box  9 is at 
            top left     (2,6)
            bottom right (3,7)
    
        Box 10 is at 
            top left     (0,6)
            bottom right (1,7)
    
        Box 11 is at 
            top left     (0,15)
            bottom right (2,19)
    
        Box 12 is at 
            top left     (0,10)
            bottom right (2,14)
    
        Roll length used: 20

    [1;34mTry max length:[0m 19
    [1;34m    At iteration:[0m 7
        lingeling found a solution in .076 ms

       | W
     L |  0  1  2 3 
    ---------------
     0 |  .  .  . . 
     1 |  4  .  . . 
     2 |  .  .  . . 
     3 |  .  .  . . 
     4 |  .  .  . . 
     5 | 11 11 11 . 
     6 | 11 11 11 . 
     7 | 11 11 11 . 
     8 | 11 11 11 5 
     9 | 11 11 11 6 
    10 | 10 10  9 9 
    11 | 10 10  9 9 
    12 |  8  8  7 7 
    13 |  8  8  7 7 
    14 | 12 12 12 3 
    15 | 12 12 12 2 
    16 | 12 12 12 2 
    17 | 12 12 12 1 
    18 | 12 12 12 1 
    
    Boxes' corners:       (w,l)
        Box  1 is at 
            top left     (3,17)
            bottom right (3,18)
    
        Box  2 is at 
            top left     (3,15)
            bottom right (3,16)
    
        Box  3 is at 
            top left     (3,14)
            bottom right (3,14)
    
        Box  4 is at 
            top left     (0,1)
            bottom right (0,1)
    
        Box  5 is at 
            top left     (3,8)
            bottom right (3,8)
    
        Box  6 is at 
            top left     (3,9)
            bottom right (3,9)
    
        Box  7 is at 
            top left     (2,12)
            bottom right (3,13)
    
        Box  8 is at 
            top left     (0,12)
            bottom right (1,13)
    
        Box  9 is at 
            top left     (2,10)
            bottom right (3,11)
    
        Box 10 is at 
            top left     (0,10)
            bottom right (1,11)
    
        Box 11 is at 
            top left     (0,5)
            bottom right (2,9)
    
        Box 12 is at 
            top left     (0,14)
            bottom right (2,18)
    
        Roll length used: 19

    [1;34mTry max length:[0m 18
    [1;34m    At iteration:[0m 8
        lingeling found a solution in .073 ms

       | W
     L |  0  1  2 3 
    ---------------
     0 |  .  .  . . 
     1 | 12 12 12 . 
     2 | 12 12 12 5 
     3 | 12 12 12 . 
     4 | 12 12 12 . 
     5 | 12 12 12 . 
     6 |  6  .  . . 
     7 |  .  .  . 4 
     8 |  .  .  . 3 
     9 | 10 10  9 9 
    10 | 10 10  9 9 
    11 |  8  8  7 7 
    12 |  8  8  7 7 
    13 | 11 11 11 . 
    14 | 11 11 11 2 
    15 | 11 11 11 2 
    16 | 11 11 11 1 
    17 | 11 11 11 1 
    
    Boxes' corners:       (w,l)
        Box  1 is at 
            top left     (3,16)
            bottom right (3,17)
    
        Box  2 is at 
            top left     (3,14)
            bottom right (3,15)
    
        Box  3 is at 
            top left     (3,8)
            bottom right (3,8)
    
        Box  4 is at 
            top left     (3,7)
            bottom right (3,7)
    
        Box  5 is at 
            top left     (3,2)
            bottom right (3,2)
    
        Box  6 is at 
            top left     (0,6)
            bottom right (0,6)
    
        Box  7 is at 
            top left     (2,11)
            bottom right (3,12)
    
        Box  8 is at 
            top left     (0,11)
            bottom right (1,12)
    
        Box  9 is at 
            top left     (2,9)
            bottom right (3,10)
    
        Box 10 is at 
            top left     (0,9)
            bottom right (1,10)
    
        Box 11 is at 
            top left     (0,13)
            bottom right (2,17)
    
        Box 12 is at 
            top left     (0,1)
            bottom right (2,5)
    
        Roll length used: 18

    [1;34mTry max length:[0m 17
    [1;34m    At iteration:[0m 9
        lingeling found a solution in .068 ms

       | W
     L |  0  1  2  3 
    ----------------
     0 |  .  .  .  . 
     1 |  .  .  3  . 
     2 |  . 12 12 12 
     3 |  6 12 12 12 
     4 |  . 12 12 12 
     5 |  . 12 12 12 
     6 |  5 12 12 12 
     7 |  .  .  .  . 
     8 | 10 10  9  9 
     9 | 10 10  9  9 
    10 |  8  8  7  7 
    11 |  8  8  7  7 
    12 | 11 11 11  4 
    13 | 11 11 11  2 
    14 | 11 11 11  2 
    15 | 11 11 11  1 
    16 | 11 11 11  1 
    
    Boxes' corners:       (w,l)
        Box  1 is at 
            top left     (3,15)
            bottom right (3,16)
    
        Box  2 is at 
            top left     (3,13)
            bottom right (3,14)
    
        Box  3 is at 
            top left     (2,1)
            bottom right (2,1)
    
        Box  4 is at 
            top left     (3,12)
            bottom right (3,12)
    
        Box  5 is at 
            top left     (0,6)
            bottom right (0,6)
    
        Box  6 is at 
            top left     (0,3)
            bottom right (0,3)
    
        Box  7 is at 
            top left     (2,10)
            bottom right (3,11)
    
        Box  8 is at 
            top left     (0,10)
            bottom right (1,11)
    
        Box  9 is at 
            top left     (2,8)
            bottom right (3,9)
    
        Box 10 is at 
            top left     (0,8)
            bottom right (1,9)
    
        Box 11 is at 
            top left     (0,12)
            bottom right (2,16)
    
        Box 12 is at 
            top left     (1,2)
            bottom right (3,6)
    
        Roll length used: 17

    [1;34mTry max length:[0m 16
    [1;34m    At iteration:[0m 10
        lingeling found a solution in .067 ms

       | W
     L |  0  1  2 3 
    ---------------
     0 |  .  .  . . 
     1 |  .  .  . 6 
     2 | 10 10  9 9 
     3 | 10 10  9 9 
     4 |  8  8  7 7 
     5 |  8  8  7 7 
     6 | 12 12 12 . 
     7 | 12 12 12 . 
     8 | 12 12 12 5 
     9 | 12 12 12 3 
    10 | 12 12 12 4 
    11 | 11 11 11 . 
    12 | 11 11 11 2 
    13 | 11 11 11 2 
    14 | 11 11 11 1 
    15 | 11 11 11 1 
    
    Boxes' corners:       (w,l)
        Box  1 is at 
            top left     (3,14)
            bottom right (3,15)
    
        Box  2 is at 
            top left     (3,12)
            bottom right (3,13)
    
        Box  3 is at 
            top left     (3,9)
            bottom right (3,9)
    
        Box  4 is at 
            top left     (3,10)
            bottom right (3,10)
    
        Box  5 is at 
            top left     (3,8)
            bottom right (3,8)
    
        Box  6 is at 
            top left     (3,1)
            bottom right (3,1)
    
        Box  7 is at 
            top left     (2,4)
            bottom right (3,5)
    
        Box  8 is at 
            top left     (0,4)
            bottom right (1,5)
    
        Box  9 is at 
            top left     (2,2)
            bottom right (3,3)
    
        Box 10 is at 
            top left     (0,2)
            bottom right (1,3)
    
        Box 11 is at 
            top left     (0,11)
            bottom right (2,15)
    
        Box 12 is at 
            top left     (0,6)
            bottom right (2,10)
    
        Roll length used: 16

    [1;34mTry max length:[0m 15
    [1;34m    At iteration:[0m 11
        lingeling found a solution in .063 ms

       | W
     L |  0  1  2  3 
    ----------------
     0 | 11 11 11  . 
     1 | 11 11 11  . 
     2 | 11 11 11  . 
     3 | 11 11 11  5 
     4 | 11 11 11  . 
     5 | 10 10  4  . 
     6 | 10 10  9  9 
     7 |  8  8  9  9 
     8 |  8  8  7  7 
     9 |  3  .  7  7 
    10 |  6 12 12 12 
    11 |  2 12 12 12 
    12 |  2 12 12 12 
    13 |  1 12 12 12 
    14 |  1 12 12 12 
    
    Boxes' corners:       (w,l)
        Box  1 is at 
            top left     (0,13)
            bottom right (0,14)
    
        Box  2 is at 
            top left     (0,11)
            bottom right (0,12)
    
        Box  3 is at 
            top left     (0,9)
            bottom right (0,9)
    
        Box  4 is at 
            top left     (2,5)
            bottom right (2,5)
    
        Box  5 is at 
            top left     (3,3)
            bottom right (3,3)
    
        Box  6 is at 
            top left     (0,10)
            bottom right (0,10)
    
        Box  7 is at 
            top left     (2,8)
            bottom right (3,9)
    
        Box  8 is at 
            top left     (0,7)
            bottom right (1,8)
    
        Box  9 is at 
            top left     (2,6)
            bottom right (3,7)
    
        Box 10 is at 
            top left     (0,5)
            bottom right (1,6)
    
        Box 11 is at 
            top left     (0,0)
            bottom right (2,4)
    
        Box 12 is at 
            top left     (1,10)
            bottom right (3,14)
    
        Roll length used: 15

    [1;34mTry max length:[0m 14
    [1;34m    At iteration:[0m 12
        lingeling found a solution in .064 ms

       | W
     L |  0  1  2  3 
    ----------------
     0 | 11 11 11  . 
     1 | 11 11 11  . 
     2 | 11 11 11  4 
     3 | 11 11 11  6 
     4 | 11 11 11  3 
     5 | 10 10  9  9 
     6 | 10 10  9  9 
     7 |  8  8  7  7 
     8 |  8  8  7  7 
     9 |  5 12 12 12 
    10 |  2 12 12 12 
    11 |  2 12 12 12 
    12 |  1 12 12 12 
    13 |  1 12 12 12 
    
    Boxes' corners:       (w,l)
        Box  1 is at 
            top left     (0,12)
            bottom right (0,13)
    
        Box  2 is at 
            top left     (0,10)
            bottom right (0,11)
    
        Box  3 is at 
            top left     (3,4)
            bottom right (3,4)
    
        Box  4 is at 
            top left     (3,2)
            bottom right (3,2)
    
        Box  5 is at 
            top left     (0,9)
            bottom right (0,9)
    
        Box  6 is at 
            top left     (3,3)
            bottom right (3,3)
    
        Box  7 is at 
            top left     (2,7)
            bottom right (3,8)
    
        Box  8 is at 
            top left     (0,7)
            bottom right (1,8)
    
        Box  9 is at 
            top left     (2,5)
            bottom right (3,6)
    
        Box 10 is at 
            top left     (0,5)
            bottom right (1,6)
    
        Box 11 is at 
            top left     (0,0)
            bottom right (2,4)
    
        Box 12 is at 
            top left     (1,9)
            bottom right (3,13)
    
        Roll length used: 14

    [1;34mTry max length:[0m 13
    [1;34m    At iteration:[0m 13
        [3;31mlingeling determined unsatisfiability of the Boolean formula[0m
        [1;32mOptimality reached![0m
