In 14.303 seconds (average)
--------------------
1)
  | W
L | 0 1 2 3 
------------
0 | 1 1 1 4 
1 | 1 1 1 4 
2 | 2 2 2 5 
3 | 2 2 2 5 
4 | 3 3 3 6 
5 | 3 3 3 7 

Boxes' corners:      (w,l)
    Box 1 is at 
        top left     (0,0)
        bottom right (2,1)

    Box 2 is at 
        top left     (0,2)
        bottom right (2,3)

    Box 3 is at 
        top left     (0,4)
        bottom right (2,5)

    Box 4 is at 
        top left     (3,0)
        bottom right (3,1)

    Box 5 is at 
        top left     (3,2)
        bottom right (3,3)

    Box 6 is at 
        top left     (3,4)
        bottom right (3,4)

    Box 7 is at 
        top left     (3,5)
        bottom right (3,5)

    Roll length used: 6
--------------------
  | W
L | 0 1 2 3 
------------
0 | 1 1 1 4 
1 | 1 1 1 4 
2 | 2 2 2 5 
3 | 2 2 2 5 
4 | 3 3 3 6 
5 | 3 3 3 7 

Boxes' corners:      (w,l)
    Box 1 is at 
        top left     (0,0)
        bottom right (2,1)

    Box 2 is at 
        top left     (0,2)
        bottom right (2,3)

    Box 3 is at 
        top left     (0,4)
        bottom right (2,5)

    Box 4 is at 
        top left     (3,0)
        bottom right (3,1)

    Box 5 is at 
        top left     (3,2)
        bottom right (3,3)

    Box 6 is at 
        top left     (3,4)
        bottom right (3,4)

    Box 7 is at 
        top left     (3,5)
        bottom right (3,5)

    Roll length used: 6
