In 0.087215 seconds (average)
--------------------
1)
   | W
 L | 0 1 2 3 4 5 6 7 8 9 10 
----------------------------
 0 | 1 1 2 2 3 3 4 4 5 5  . 
 1 | 6 6 7 7 7 . . . . .  . 
 2 | . . . . . . . . . .  . 
 3 | . . . . . . . . . .  . 
 4 | . . . . . . . . . .  . 
 5 | . . . . . . . . . .  . 
 6 | . . . . . . . . . .  . 
 7 | . . . . . . . . . .  . 
 8 | . . . . . . . . . .  . 
 9 | . . . . . . . . . .  . 
10 | . . . . . . . . . .  . 
11 | . . . . . . . . . .  . 
12 | . . . . . . . . . .  . 
13 | . . . . . . . . . .  . 
14 | . . . . . . . . . .  . 

Boxes' corners:      (w,l)
    Box 1 is at 
        top left     (0,0)
        bottom right (1,0)

    Box 2 is at 
        top left     (2,0)
        bottom right (3,0)

    Box 3 is at 
        top left     (4,0)
        bottom right (5,0)

    Box 4 is at 
        top left     (6,0)
        bottom right (7,0)

    Box 5 is at 
        top left     (8,0)
        bottom right (9,0)

    Box 6 is at 
        top left     (0,1)
        bottom right (1,1)

    Box 7 is at 
        top left     (2,1)
        bottom right (4,1)

    Roll length used: 2
--------------------
   | W
 L | 0 1 2 3 4 5 6 7 8 9 10 
----------------------------
 0 | 1 1 2 2 3 3 4 4 5 5  . 
 1 | 6 6 7 7 7 . . . . .  . 
 2 | . . . . . . . . . .  . 
 3 | . . . . . . . . . .  . 
 4 | . . . . . . . . . .  . 
 5 | . . . . . . . . . .  . 
 6 | . . . . . . . . . .  . 
 7 | . . . . . . . . . .  . 
 8 | . . . . . . . . . .  . 
 9 | . . . . . . . . . .  . 
10 | . . . . . . . . . .  . 
11 | . . . . . . . . . .  . 
12 | . . . . . . . . . .  . 
13 | . . . . . . . . . .  . 
14 | . . . . . . . . . .  . 

Boxes' corners:      (w,l)
    Box 1 is at 
        top left     (0,0)
        bottom right (1,0)

    Box 2 is at 
        top left     (2,0)
        bottom right (3,0)

    Box 3 is at 
        top left     (4,0)
        bottom right (5,0)

    Box 4 is at 
        top left     (6,0)
        bottom right (7,0)

    Box 5 is at 
        top left     (8,0)
        bottom right (9,0)

    Box 6 is at 
        top left     (0,1)
        bottom right (1,1)

    Box 7 is at 
        top left     (2,1)
        bottom right (4,1)

    Roll length used: 2
