In 0 seconds (average)
--------------------
1)
  | W
L | 0 1 2 3 4 5 6 
------------------
0 | 1 1 2 2 3 3 . 
1 | . . . . . . . 
2 | . . . . . . . 
3 | . . . . . . . 
4 | . . . . . . . 
5 | . . . . . . . 

Boxes' corners:      (w,l)
    Box 1 is at 
        top left     (0,0)
        bottom right (1,0)

    Box 2 is at 
        top left     (2,0)
        bottom right (3,0)

    Box 3 is at 
        top left     (4,0)
        bottom right (5,0)

    Roll length used: 1
--------------------
  | W
L | 0 1 2 3 4 5 6 
------------------
0 | 1 1 2 2 3 3 . 
1 | . . . . . . . 
2 | . . . . . . . 
3 | . . . . . . . 
4 | . . . . . . . 
5 | . . . . . . . 

Boxes' corners:      (w,l)
    Box 1 is at 
        top left     (0,0)
        bottom right (1,0)

    Box 2 is at 
        top left     (2,0)
        bottom right (3,0)

    Box 3 is at 
        top left     (4,0)
        bottom right (5,0)

    Roll length used: 1
