In 39.1745 seconds (average)
--------------------
1)
   | W
 L |  0 1 2 
-----------
 0 |  1 2 3 
 1 |  4 5 6 
 2 |  7 5 6 
 3 |  7 5 6 
 4 |  7 5 6 
 5 |  7 8 9 
 6 | 10 8 9 
 7 | 10 8 9 
 8 | 10 8 9 
 9 | 10 . . 
10 |  . . . 
11 |  . . . 
12 |  . . . 
13 |  . . . 
14 |  . . . 
15 |  . . . 
16 |  . . . 
17 |  . . . 
18 |  . . . 
19 |  . . . 
20 |  . . . 
21 |  . . . 
22 |  . . . 
23 |  . . . 
24 |  . . . 
25 |  . . . 
26 |  . . . 
27 |  . . . 

Boxes' corners:       (w,l)
    Box  1 is at 
        top left     (0,0)
        bottom right (0,0)

    Box  2 is at 
        top left     (1,0)
        bottom right (1,0)

    Box  3 is at 
        top left     (2,0)
        bottom right (2,0)

    Box  4 is at 
        top left     (0,1)
        bottom right (0,1)

    Box  5 is at 
        top left     (1,1)
        bottom right (1,4)

    Box  6 is at 
        top left     (2,1)
        bottom right (2,4)

    Box  7 is at 
        top left     (0,2)
        bottom right (0,5)

    Box  8 is at 
        top left     (1,5)
        bottom right (1,8)

    Box  9 is at 
        top left     (2,5)
        bottom right (2,8)

    Box 10 is at 
        top left     (0,6)
        bottom right (0,9)

    Roll length used: 10
--------------------
   | W
 L |  0 1 2 
-----------
 0 |  1 2 3 
 1 |  4 5 6 
 2 |  7 5 6 
 3 |  7 5 6 
 4 |  7 5 6 
 5 |  7 8 9 
 6 | 10 8 9 
 7 | 10 8 9 
 8 | 10 8 9 
 9 | 10 . . 
10 |  . . . 
11 |  . . . 
12 |  . . . 
13 |  . . . 
14 |  . . . 
15 |  . . . 
16 |  . . . 
17 |  . . . 
18 |  . . . 
19 |  . . . 
20 |  . . . 
21 |  . . . 
22 |  . . . 
23 |  . . . 
24 |  . . . 
25 |  . . . 
26 |  . . . 
27 |  . . . 

Boxes' corners:       (w,l)
    Box  1 is at 
        top left     (0,0)
        bottom right (0,0)

    Box  2 is at 
        top left     (1,0)
        bottom right (1,0)

    Box  3 is at 
        top left     (2,0)
        bottom right (2,0)

    Box  4 is at 
        top left     (0,1)
        bottom right (0,1)

    Box  5 is at 
        top left     (1,1)
        bottom right (1,4)

    Box  6 is at 
        top left     (2,1)
        bottom right (2,4)

    Box  7 is at 
        top left     (0,2)
        bottom right (0,5)

    Box  8 is at 
        top left     (1,5)
        bottom right (1,8)

    Box  9 is at 
        top left     (2,5)
        bottom right (2,8)

    Box 10 is at 
        top left     (0,6)
        bottom right (0,9)

    Roll length used: 10
