In 0.03531 seconds (average)
--------------------
1)
   | W
 L | 0 1 2 3 
------------
 0 | 1 1 1 1 
 1 | 1 1 1 1 
 2 | 1 1 1 1 
 3 | 1 1 1 1 
 4 | 1 1 1 1 
 5 | 2 2 2 2 
 6 | 2 2 2 2 
 7 | 2 2 2 2 
 8 | 2 2 2 2 
 9 | 2 2 2 2 
10 | 3 3 3 3 
11 | 3 3 3 3 
12 | 3 3 3 3 
13 | 3 3 3 3 
14 | 3 3 3 3 

Boxes' corners:      (w,l)
    Box 1 is at 
        top left     (0,0)
        bottom right (3,4)

    Box 2 is at 
        top left     (0,5)
        bottom right (3,9)

    Box 3 is at 
        top left     (0,10)
        bottom right (3,14)

    Roll length used: 15
--------------------
   | W
 L | 0 1 2 3 
------------
 0 | 1 1 1 1 
 1 | 1 1 1 1 
 2 | 1 1 1 1 
 3 | 1 1 1 1 
 4 | 1 1 1 1 
 5 | 2 2 2 2 
 6 | 2 2 2 2 
 7 | 2 2 2 2 
 8 | 2 2 2 2 
 9 | 2 2 2 2 
10 | 3 3 3 3 
11 | 3 3 3 3 
12 | 3 3 3 3 
13 | 3 3 3 3 
14 | 3 3 3 3 

Boxes' corners:      (w,l)
    Box 1 is at 
        top left     (0,0)
        bottom right (3,4)

    Box 2 is at 
        top left     (0,5)
        bottom right (3,9)

    Box 3 is at 
        top left     (0,10)
        bottom right (3,14)

    Roll length used: 15
