In 16.3821 seconds (average)
--------------------
1)
   | W
 L | 0 1 2 3 4 5 
----------------
 0 | 1 2 3 4 6 6 
 1 | 5 5 7 7 6 6 
 2 | 8 8 7 7 9 9 
 3 | 8 8 . . 9 9 
 4 | . . . . . . 
 5 | . . . . . . 
 6 | . . . . . . 
 7 | . . . . . . 
 8 | . . . . . . 
 9 | . . . . . . 
10 | . . . . . . 
11 | . . . . . . 
12 | . . . . . . 
13 | . . . . . . 

Boxes' corners:      (w,l)
    Box 1 is at 
        top left     (0,0)
        bottom right (0,0)

    Box 2 is at 
        top left     (1,0)
        bottom right (1,0)

    Box 3 is at 
        top left     (2,0)
        bottom right (2,0)

    Box 4 is at 
        top left     (3,0)
        bottom right (3,0)

    Box 5 is at 
        top left     (0,1)
        bottom right (1,1)

    Box 6 is at 
        top left     (4,0)
        bottom right (5,1)

    Box 7 is at 
        top left     (2,1)
        bottom right (3,2)

    Box 8 is at 
        top left     (0,2)
        bottom right (1,3)

    Box 9 is at 
        top left     (4,2)
        bottom right (5,3)

    Roll length used: 4
--------------------
   | W
 L | 0 1 2 3 4 5 
----------------
 0 | 1 2 3 4 6 6 
 1 | 5 5 7 7 6 6 
 2 | 8 8 7 7 9 9 
 3 | 8 8 . . 9 9 
 4 | . . . . . . 
 5 | . . . . . . 
 6 | . . . . . . 
 7 | . . . . . . 
 8 | . . . . . . 
 9 | . . . . . . 
10 | . . . . . . 
11 | . . . . . . 
12 | . . . . . . 
13 | . . . . . . 

Boxes' corners:      (w,l)
    Box 1 is at 
        top left     (0,0)
        bottom right (0,0)

    Box 2 is at 
        top left     (1,0)
        bottom right (1,0)

    Box 3 is at 
        top left     (2,0)
        bottom right (2,0)

    Box 4 is at 
        top left     (3,0)
        bottom right (3,0)

    Box 5 is at 
        top left     (0,1)
        bottom right (1,1)

    Box 6 is at 
        top left     (4,0)
        bottom right (5,1)

    Box 7 is at 
        top left     (2,1)
        bottom right (3,2)

    Box 8 is at 
        top left     (0,2)
        bottom right (1,3)

    Box 9 is at 
        top left     (4,2)
        bottom right (5,3)

    Roll length used: 4
