In 10.2519 seconds (average)
--------------------
1)
  | W
L | 0 1 2 3 4 5 6 7 8 9 10 
----------------------------
0 | 1 1 1 1 1 2 2 2 2 2  5 
1 | 1 1 1 1 1 2 2 2 2 2  5 
2 | 3 3 3 3 3 4 4 4 4 4  6 
3 | 3 3 3 3 3 4 4 4 4 4  . 

Boxes' corners:      (w,l)
    Box 1 is at 
        top left     (0,0)
        bottom right (4,1)

    Box 2 is at 
        top left     (5,0)
        bottom right (9,1)

    Box 3 is at 
        top left     (0,2)
        bottom right (4,3)

    Box 4 is at 
        top left     (5,2)
        bottom right (9,3)

    Box 5 is at 
        top left     (10,0)
        bottom right (10,1)

    Box 6 is at 
        top left     (10,2)
        bottom right (10,2)

    Roll length used: 4
--------------------
  | W
L | 0 1 2 3 4 5 6 7 8 9 10 
----------------------------
0 | 1 1 1 1 1 2 2 2 2 2  5 
1 | 1 1 1 1 1 2 2 2 2 2  5 
2 | 3 3 3 3 3 4 4 4 4 4  6 
3 | 3 3 3 3 3 4 4 4 4 4  . 

Boxes' corners:      (w,l)
    Box 1 is at 
        top left     (0,0)
        bottom right (4,1)

    Box 2 is at 
        top left     (5,0)
        bottom right (9,1)

    Box 3 is at 
        top left     (0,2)
        bottom right (4,3)

    Box 4 is at 
        top left     (5,2)
        bottom right (9,3)

    Box 5 is at 
        top left     (10,0)
        bottom right (10,1)

    Box 6 is at 
        top left     (10,2)
        bottom right (10,2)

    Roll length used: 4
