In 19.908 seconds (average)
--------------------
1)
   | W
 L | 0 1 2 3 4 5 6 7 
--------------------
 0 | 1 1 1 2 2 2 . . 
 1 | 1 1 1 2 2 2 . . 
 2 | 1 1 1 2 2 2 . . 
 3 | 3 3 3 4 4 4 . . 
 4 | 3 3 3 4 4 4 . . 
 5 | 3 3 3 4 4 4 . . 
 6 | 5 5 5 . . . . . 
 7 | 5 5 5 . . . . . 
 8 | 5 5 5 . . . . . 
 9 | . . . . . . . . 
10 | . . . . . . . . 
11 | . . . . . . . . 
12 | . . . . . . . . 
13 | . . . . . . . . 
14 | . . . . . . . . 

Boxes' corners:      (w,l)
    Box 1 is at 
        top left     (0,0)
        bottom right (2,2)

    Box 2 is at 
        top left     (3,0)
        bottom right (5,2)

    Box 3 is at 
        top left     (0,3)
        bottom right (2,5)

    Box 4 is at 
        top left     (3,3)
        bottom right (5,5)

    Box 5 is at 
        top left     (0,6)
        bottom right (2,8)

    Roll length used: 9
--------------------
   | W
 L | 0 1 2 3 4 5 6 7 
--------------------
 0 | 1 1 1 2 2 2 . . 
 1 | 1 1 1 2 2 2 . . 
 2 | 1 1 1 2 2 2 . . 
 3 | 3 3 3 4 4 4 . . 
 4 | 3 3 3 4 4 4 . . 
 5 | 3 3 3 4 4 4 . . 
 6 | 5 5 5 . . . . . 
 7 | 5 5 5 . . . . . 
 8 | 5 5 5 . . . . . 
 9 | . . . . . . . . 
10 | . . . . . . . . 
11 | . . . . . . . . 
12 | . . . . . . . . 
13 | . . . . . . . . 
14 | . . . . . . . . 

Boxes' corners:      (w,l)
    Box 1 is at 
        top left     (0,0)
        bottom right (2,2)

    Box 2 is at 
        top left     (3,0)
        bottom right (5,2)

    Box 3 is at 
        top left     (0,3)
        bottom right (2,5)

    Box 4 is at 
        top left     (3,3)
        bottom right (5,5)

    Box 5 is at 
        top left     (0,6)
        bottom right (2,8)

    Roll length used: 9
