In 18.6535 seconds (average)
--------------------
1)
   | W
 L | 0 1 2  3  4  5 
-------------------
 0 | 1 2 3  4  6  6 
 1 | 5 8 8  8  6  6 
 2 | . 8 8  8  7  7 
 3 | . 8 8  8  7  7 
 4 | 9 9 9 10 10 10 
 5 | 9 9 9 10 10 10 
 6 | 9 9 9 10 10 10 
 7 | . . .  .  .  . 
 8 | . . .  .  .  . 
 9 | . . .  .  .  . 
10 | . . .  .  .  . 
11 | . . .  .  .  . 
12 | . . .  .  .  . 
13 | . . .  .  .  . 
14 | . . .  .  .  . 
15 | . . .  .  .  . 
16 | . . .  .  .  . 
17 | . . .  .  .  . 

Boxes' corners:       (w,l)
    Box  1 is at 
        top left     (0,0)
        bottom right (0,0)

    Box  2 is at 
        top left     (1,0)
        bottom right (1,0)

    Box  3 is at 
        top left     (2,0)
        bottom right (2,0)

    Box  4 is at 
        top left     (3,0)
        bottom right (3,0)

    Box  5 is at 
        top left     (0,1)
        bottom right (0,1)

    Box  6 is at 
        top left     (4,0)
        bottom right (5,1)

    Box  7 is at 
        top left     (4,2)
        bottom right (5,3)

    Box  8 is at 
        top left     (1,1)
        bottom right (3,3)

    Box  9 is at 
        top left     (0,4)
        bottom right (2,6)

    Box 10 is at 
        top left     (3,4)
        bottom right (5,6)

    Roll length used: 7
--------------------
   | W
 L | 0 1 2  3  4  5 
-------------------
 0 | 1 2 3  4  6  6 
 1 | 5 8 8  8  6  6 
 2 | . 8 8  8  7  7 
 3 | . 8 8  8  7  7 
 4 | 9 9 9 10 10 10 
 5 | 9 9 9 10 10 10 
 6 | 9 9 9 10 10 10 
 7 | . . .  .  .  . 
 8 | . . .  .  .  . 
 9 | . . .  .  .  . 
10 | . . .  .  .  . 
11 | . . .  .  .  . 
12 | . . .  .  .  . 
13 | . . .  .  .  . 
14 | . . .  .  .  . 
15 | . . .  .  .  . 
16 | . . .  .  .  . 
17 | . . .  .  .  . 

Boxes' corners:       (w,l)
    Box  1 is at 
        top left     (0,0)
        bottom right (0,0)

    Box  2 is at 
        top left     (1,0)
        bottom right (1,0)

    Box  3 is at 
        top left     (2,0)
        bottom right (2,0)

    Box  4 is at 
        top left     (3,0)
        bottom right (3,0)

    Box  5 is at 
        top left     (0,1)
        bottom right (0,1)

    Box  6 is at 
        top left     (4,0)
        bottom right (5,1)

    Box  7 is at 
        top left     (4,2)
        bottom right (5,3)

    Box  8 is at 
        top left     (1,1)
        bottom right (3,3)

    Box  9 is at 
        top left     (0,4)
        bottom right (2,6)

    Box 10 is at 
        top left     (3,4)
        bottom right (5,6)

    Roll length used: 7
