In 40.9859 seconds (average)
--------------------
1)
  | W
L | 0 1 2 3 4 5 6 7 
--------------------
0 | 1 1 1 1 2 2 2 2 
1 | 1 1 1 1 2 2 2 2 
2 | 1 1 1 1 2 2 2 2 
3 | 1 1 1 1 3 3 3 3 
4 | 5 5 6 6 3 3 3 3 
5 | 7 7 8 8 3 3 3 3 
6 | 4 4 4 4 4 9 9 . 

Boxes' corners:      (w,l)
    Box 1 is at 
        top left     (0,0)
        bottom right (3,3)

    Box 2 is at 
        top left     (4,0)
        bottom right (7,2)

    Box 3 is at 
        top left     (4,3)
        bottom right (7,5)

    Box 4 is at 
        top left     (0,6)
        bottom right (4,6)

    Box 5 is at 
        top left     (0,4)
        bottom right (1,4)

    Box 6 is at 
        top left     (2,4)
        bottom right (3,4)

    Box 7 is at 
        top left     (0,5)
        bottom right (1,5)

    Box 8 is at 
        top left     (2,5)
        bottom right (3,5)

    Box 9 is at 
        top left     (5,6)
        bottom right (6,6)

    Roll length used: 7
--------------------
  | W
L | 0 1 2 3 4 5 6 7 
--------------------
0 | 1 1 1 1 2 2 2 2 
1 | 1 1 1 1 2 2 2 2 
2 | 1 1 1 1 2 2 2 2 
3 | 1 1 1 1 3 3 3 3 
4 | 5 5 6 6 3 3 3 3 
5 | 7 7 8 8 3 3 3 3 
6 | 4 4 4 4 4 9 9 . 

Boxes' corners:      (w,l)
    Box 1 is at 
        top left     (0,0)
        bottom right (3,3)

    Box 2 is at 
        top left     (4,0)
        bottom right (7,2)

    Box 3 is at 
        top left     (4,3)
        bottom right (7,5)

    Box 4 is at 
        top left     (0,6)
        bottom right (4,6)

    Box 5 is at 
        top left     (0,4)
        bottom right (1,4)

    Box 6 is at 
        top left     (2,4)
        bottom right (3,4)

    Box 7 is at 
        top left     (0,5)
        bottom right (1,5)

    Box 8 is at 
        top left     (2,5)
        bottom right (3,5)

    Box 9 is at 
        top left     (5,6)
        bottom right (6,6)

    Roll length used: 7
