In 40.7665 seconds (average)
--------------------
1)
  | W
L | 0 1 2 3 4 5 6 7  8 
-----------------------
0 | 1 1 1 1 1 1 4 4 10 
1 | 1 1 1 1 1 1 4 4 11 
2 | 2 2 2 2 2 2 5 5  . 
3 | 2 2 2 2 2 2 6 6  . 
4 | 3 3 3 3 7 7 8 8  . 
5 | 3 3 3 3 9 9 . .  . 
6 | 3 3 3 3 . . . .  . 

Boxes' corners:       (w,l)
    Box  1 is at 
        top left     (0,0)
        bottom right (5,1)

    Box  2 is at 
        top left     (0,2)
        bottom right (5,3)

    Box  3 is at 
        top left     (0,4)
        bottom right (3,6)

    Box  4 is at 
        top left     (6,0)
        bottom right (7,1)

    Box  5 is at 
        top left     (6,2)
        bottom right (7,2)

    Box  6 is at 
        top left     (6,3)
        bottom right (7,3)

    Box  7 is at 
        top left     (4,4)
        bottom right (5,4)

    Box  8 is at 
        top left     (6,4)
        bottom right (7,4)

    Box  9 is at 
        top left     (4,5)
        bottom right (5,5)

    Box 10 is at 
        top left     (8,0)
        bottom right (8,0)

    Box 11 is at 
        top left     (8,1)
        bottom right (8,1)

    Roll length used: 7
--------------------
  | W
L | 0 1 2 3 4 5 6 7  8 
-----------------------
0 | 1 1 1 1 1 1 4 4 10 
1 | 1 1 1 1 1 1 4 4 11 
2 | 2 2 2 2 2 2 5 5  . 
3 | 2 2 2 2 2 2 6 6  . 
4 | 3 3 3 3 7 7 8 8  . 
5 | 3 3 3 3 9 9 . .  . 
6 | 3 3 3 3 . . . .  . 

Boxes' corners:       (w,l)
    Box  1 is at 
        top left     (0,0)
        bottom right (5,1)

    Box  2 is at 
        top left     (0,2)
        bottom right (5,3)

    Box  3 is at 
        top left     (0,4)
        bottom right (3,6)

    Box  4 is at 
        top left     (6,0)
        bottom right (7,1)

    Box  5 is at 
        top left     (6,2)
        bottom right (7,2)

    Box  6 is at 
        top left     (6,3)
        bottom right (7,3)

    Box  7 is at 
        top left     (4,4)
        bottom right (5,4)

    Box  8 is at 
        top left     (6,4)
        bottom right (7,4)

    Box  9 is at 
        top left     (4,5)
        bottom right (5,5)

    Box 10 is at 
        top left     (8,0)
        bottom right (8,0)

    Box 11 is at 
        top left     (8,1)
        bottom right (8,1)

    Roll length used: 7
