In 0.020001 seconds (average)
--------------------
1)
  | W
L | 0 1 2 3 4 5 
----------------
0 | 1 1 . 2 2 2 
1 | 3 3 3 2 2 2 
2 | 3 3 3 . . . 
3 | . . . . . . 
4 | . . . . . . 
5 | . . . . . . 
6 | . . . . . . 
7 | . . . . . . 

Boxes' corners:      (w,l)
    Box 1 is at 
        top left     (0,0)
        bottom right (1,0)

    Box 2 is at 
        top left     (3,0)
        bottom right (5,1)

    Box 3 is at 
        top left     (0,1)
        bottom right (2,2)

    Roll length used: 3
--------------------
  | W
L | 0 1 2 3 4 5 
----------------
0 | 1 1 . 2 2 2 
1 | 3 3 3 2 2 2 
2 | 3 3 3 . . . 
3 | . . . . . . 
4 | . . . . . . 
5 | . . . . . . 
6 | . . . . . . 
7 | . . . . . . 

Boxes' corners:      (w,l)
    Box 1 is at 
        top left     (0,0)
        bottom right (1,0)

    Box 2 is at 
        top left     (3,0)
        bottom right (5,1)

    Box 3 is at 
        top left     (0,1)
        bottom right (2,2)

    Roll length used: 3
