In 44.7788 seconds (average)
--------------------
1)
   | W
 L |  0  1  2 
-------------
 0 |  1  1  . 
 1 |  2  2  . 
 2 |  3  3  . 
 3 |  4  4  . 
 4 |  4  4  . 
 5 |  5  5  . 
 6 |  5  5  . 
 7 |  6  6  6 
 8 |  6  6  6 
 9 |  6  6  6 
10 |  6  6  6 
11 |  7  7  7 
12 |  7  7  7 
13 |  7  7  7 
14 |  7  7  7 
15 |  8  8  8 
16 |  8  8  8 
17 |  8  8  8 
18 |  8  8  8 
19 |  9  9  9 
20 |  9  9  9 
21 |  9  9  9 
22 |  9  9  9 
23 | 10 10 10 
24 | 10 10 10 
25 | 10 10 10 
26 | 10 10 10 
27 | 11 11 11 
28 | 11 11 11 
29 | 11 11 11 
30 | 11 11 11 
31 |  .  .  . 
32 |  .  .  . 
33 |  .  .  . 

Boxes' corners:       (w,l)
    Box  1 is at 
        top left     (0,0)
        bottom right (1,0)

    Box  2 is at 
        top left     (0,1)
        bottom right (1,1)

    Box  3 is at 
        top left     (0,2)
        bottom right (1,2)

    Box  4 is at 
        top left     (0,3)
        bottom right (1,4)

    Box  5 is at 
        top left     (0,5)
        bottom right (1,6)

    Box  6 is at 
        top left     (0,7)
        bottom right (2,10)

    Box  7 is at 
        top left     (0,11)
        bottom right (2,14)

    Box  8 is at 
        top left     (0,15)
        bottom right (2,18)

    Box  9 is at 
        top left     (0,19)
        bottom right (2,22)

    Box 10 is at 
        top left     (0,23)
        bottom right (2,26)

    Box 11 is at 
        top left     (0,27)
        bottom right (2,30)

    Roll length used: 31
--------------------
   | W
 L |  0  1  2 
-------------
 0 |  1  1  . 
 1 |  2  2  . 
 2 |  3  3  . 
 3 |  4  4  . 
 4 |  4  4  . 
 5 |  5  5  . 
 6 |  5  5  . 
 7 |  6  6  6 
 8 |  6  6  6 
 9 |  6  6  6 
10 |  6  6  6 
11 |  7  7  7 
12 |  7  7  7 
13 |  7  7  7 
14 |  7  7  7 
15 |  8  8  8 
16 |  8  8  8 
17 |  8  8  8 
18 |  8  8  8 
19 |  9  9  9 
20 |  9  9  9 
21 |  9  9  9 
22 |  9  9  9 
23 | 10 10 10 
24 | 10 10 10 
25 | 10 10 10 
26 | 10 10 10 
27 | 11 11 11 
28 | 11 11 11 
29 | 11 11 11 
30 | 11 11 11 
31 |  .  .  . 
32 |  .  .  . 
33 |  .  .  . 

Boxes' corners:       (w,l)
    Box  1 is at 
        top left     (0,0)
        bottom right (1,0)

    Box  2 is at 
        top left     (0,1)
        bottom right (1,1)

    Box  3 is at 
        top left     (0,2)
        bottom right (1,2)

    Box  4 is at 
        top left     (0,3)
        bottom right (1,4)

    Box  5 is at 
        top left     (0,5)
        bottom right (1,6)

    Box  6 is at 
        top left     (0,7)
        bottom right (2,10)

    Box  7 is at 
        top left     (0,11)
        bottom right (2,14)

    Box  8 is at 
        top left     (0,15)
        bottom right (2,18)

    Box  9 is at 
        top left     (0,19)
        bottom right (2,22)

    Box 10 is at 
        top left     (0,23)
        bottom right (2,26)

    Box 11 is at 
        top left     (0,27)
        bottom right (2,30)

    Roll length used: 31
