In 9.84061 seconds (average)
--------------------
1)
   | W
 L | 0 1 2 3 4 
--------------
 0 | 1 5 5 6 6 
 1 | 2 5 5 6 6 
 2 | 3 7 7 8 8 
 3 | 4 7 7 8 8 
 4 | . . . . . 
 5 | . . . . . 
 6 | . . . . . 
 7 | . . . . . 
 8 | . . . . . 
 9 | . . . . . 
10 | . . . . . 
11 | . . . . . 

Boxes' corners:      (w,l)
    Box 1 is at 
        top left     (0,0)
        bottom right (0,0)

    Box 2 is at 
        top left     (0,1)
        bottom right (0,1)

    Box 3 is at 
        top left     (0,2)
        bottom right (0,2)

    Box 4 is at 
        top left     (0,3)
        bottom right (0,3)

    Box 5 is at 
        top left     (1,0)
        bottom right (2,1)

    Box 6 is at 
        top left     (3,0)
        bottom right (4,1)

    Box 7 is at 
        top left     (1,2)
        bottom right (2,3)

    Box 8 is at 
        top left     (3,2)
        bottom right (4,3)

    Roll length used: 4
--------------------
   | W
 L | 0 1 2 3 4 
--------------
 0 | 1 5 5 6 6 
 1 | 2 5 5 6 6 
 2 | 3 7 7 8 8 
 3 | 4 7 7 8 8 
 4 | . . . . . 
 5 | . . . . . 
 6 | . . . . . 
 7 | . . . . . 
 8 | . . . . . 
 9 | . . . . . 
10 | . . . . . 
11 | . . . . . 

Boxes' corners:      (w,l)
    Box 1 is at 
        top left     (0,0)
        bottom right (0,0)

    Box 2 is at 
        top left     (0,1)
        bottom right (0,1)

    Box 3 is at 
        top left     (0,2)
        bottom right (0,2)

    Box 4 is at 
        top left     (0,3)
        bottom right (0,3)

    Box 5 is at 
        top left     (1,0)
        bottom right (2,1)

    Box 6 is at 
        top left     (3,0)
        bottom right (4,1)

    Box 7 is at 
        top left     (1,2)
        bottom right (2,3)

    Box 8 is at 
        top left     (3,2)
        bottom right (4,3)

    Roll length used: 4
