In 44.8188 seconds (average)
--------------------
1)
   | W
 L | 0 1 2 
----------
 0 | 1 1 1 
 1 | 1 1 1 
 2 | 1 1 1 
 3 | 1 1 1 
 4 | 1 1 1 
 5 | 1 1 1 
 6 | 2 2 2 
 7 | 2 2 2 
 8 | 2 2 2 
 9 | 2 2 2 
10 | 2 2 2 
11 | 2 2 2 
12 | 3 3 3 
13 | 3 3 3 
14 | 3 3 3 
15 | 3 3 3 
16 | 3 3 3 
17 | 3 3 3 
18 | 4 4 4 
19 | 4 4 4 
20 | 4 4 4 
21 | 4 4 4 
22 | 4 4 4 
23 | 4 4 4 
24 | 5 5 5 
25 | 5 5 5 
26 | 5 5 5 
27 | 5 5 5 
28 | 5 5 5 
29 | 5 5 5 
30 | 6 7 7 
31 | 6 8 8 
32 | 6 9 . 
33 | 6 . . 

Boxes' corners:      (w,l)
    Box 1 is at 
        top left     (0,0)
        bottom right (2,5)

    Box 2 is at 
        top left     (0,6)
        bottom right (2,11)

    Box 3 is at 
        top left     (0,12)
        bottom right (2,17)

    Box 4 is at 
        top left     (0,18)
        bottom right (2,23)

    Box 5 is at 
        top left     (0,24)
        bottom right (2,29)

    Box 6 is at 
        top left     (0,30)
        bottom right (0,33)

    Box 7 is at 
        top left     (1,30)
        bottom right (2,30)

    Box 8 is at 
        top left     (1,31)
        bottom right (2,31)

    Box 9 is at 
        top left     (1,32)
        bottom right (1,32)

    Roll length used: 34
--------------------
   | W
 L | 0 1 2 
----------
 0 | 1 1 1 
 1 | 1 1 1 
 2 | 1 1 1 
 3 | 1 1 1 
 4 | 1 1 1 
 5 | 1 1 1 
 6 | 2 2 2 
 7 | 2 2 2 
 8 | 2 2 2 
 9 | 2 2 2 
10 | 2 2 2 
11 | 2 2 2 
12 | 3 3 3 
13 | 3 3 3 
14 | 3 3 3 
15 | 3 3 3 
16 | 3 3 3 
17 | 3 3 3 
18 | 4 4 4 
19 | 4 4 4 
20 | 4 4 4 
21 | 4 4 4 
22 | 4 4 4 
23 | 4 4 4 
24 | 5 5 5 
25 | 5 5 5 
26 | 5 5 5 
27 | 5 5 5 
28 | 5 5 5 
29 | 5 5 5 
30 | 6 7 7 
31 | 6 8 8 
32 | 6 9 . 
33 | 6 . . 

Boxes' corners:      (w,l)
    Box 1 is at 
        top left     (0,0)
        bottom right (2,5)

    Box 2 is at 
        top left     (0,6)
        bottom right (2,11)

    Box 3 is at 
        top left     (0,12)
        bottom right (2,17)

    Box 4 is at 
        top left     (0,18)
        bottom right (2,23)

    Box 5 is at 
        top left     (0,24)
        bottom right (2,29)

    Box 6 is at 
        top left     (0,30)
        bottom right (0,33)

    Box 7 is at 
        top left     (1,30)
        bottom right (2,30)

    Box 8 is at 
        top left     (1,31)
        bottom right (2,31)

    Box 9 is at 
        top left     (1,32)
        bottom right (1,32)

    Roll length used: 34
