In 44.7988 seconds (average)
--------------------
1)
   | W
 L | 0 1 2 3  4 
---------------
 0 | 1 1 1 1  7 
 1 | 1 1 1 1  8 
 2 | 1 1 1 1  9 
 3 | 1 1 1 1 10 
 4 | 2 2 2 2  . 
 5 | 2 2 2 2  . 
 6 | 3 3 3 3  . 
 7 | 3 3 3 3  . 
 8 | 4 4 4 4  . 
 9 | 4 4 4 4  . 
10 | 5 5 5 5  . 
11 | 5 5 5 5  . 
12 | 6 6 6 6  . 
13 | 6 6 6 6  . 

Boxes' corners:       (w,l)
    Box  1 is at 
        top left     (0,0)
        bottom right (3,3)

    Box  2 is at 
        top left     (0,4)
        bottom right (3,5)

    Box  3 is at 
        top left     (0,6)
        bottom right (3,7)

    Box  4 is at 
        top left     (0,8)
        bottom right (3,9)

    Box  5 is at 
        top left     (0,10)
        bottom right (3,11)

    Box  6 is at 
        top left     (0,12)
        bottom right (3,13)

    Box  7 is at 
        top left     (4,0)
        bottom right (4,0)

    Box  8 is at 
        top left     (4,1)
        bottom right (4,1)

    Box  9 is at 
        top left     (4,2)
        bottom right (4,2)

    Box 10 is at 
        top left     (4,3)
        bottom right (4,3)

    Roll length used: 14
--------------------
   | W
 L | 0 1 2 3  4 
---------------
 0 | 1 1 1 1  7 
 1 | 1 1 1 1  8 
 2 | 1 1 1 1  9 
 3 | 1 1 1 1 10 
 4 | 2 2 2 2  . 
 5 | 2 2 2 2  . 
 6 | 3 3 3 3  . 
 7 | 3 3 3 3  . 
 8 | 4 4 4 4  . 
 9 | 4 4 4 4  . 
10 | 5 5 5 5  . 
11 | 5 5 5 5  . 
12 | 6 6 6 6  . 
13 | 6 6 6 6  . 

Boxes' corners:       (w,l)
    Box  1 is at 
        top left     (0,0)
        bottom right (3,3)

    Box  2 is at 
        top left     (0,4)
        bottom right (3,5)

    Box  3 is at 
        top left     (0,6)
        bottom right (3,7)

    Box  4 is at 
        top left     (0,8)
        bottom right (3,9)

    Box  5 is at 
        top left     (0,10)
        bottom right (3,11)

    Box  6 is at 
        top left     (0,12)
        bottom right (3,13)

    Box  7 is at 
        top left     (4,0)
        bottom right (4,0)

    Box  8 is at 
        top left     (4,1)
        bottom right (4,1)

    Box  9 is at 
        top left     (4,2)
        bottom right (4,2)

    Box 10 is at 
        top left     (4,3)
        bottom right (4,3)

    Roll length used: 14
