In 44.8148 seconds (average)
--------------------
1)
   | W
 L | 0 1  2 
-----------
 0 | 1 1  1 
 1 | 1 1  1 
 2 | 1 1  1 
 3 | 2 2  2 
 4 | 2 2  2 
 5 | 2 2  2 
 6 | 3 3  9 
 7 | 3 3 10 
 8 | 4 4 11 
 9 | 4 4 12 
10 | 5 5  . 
11 | 5 5  . 
12 | 6 6  . 
13 | 6 6  . 
14 | 7 7  7 
15 | 8 8  8 
16 | . .  . 

Boxes' corners:       (w,l)
    Box  1 is at 
        top left     (0,0)
        bottom right (2,2)

    Box  2 is at 
        top left     (0,3)
        bottom right (2,5)

    Box  3 is at 
        top left     (0,6)
        bottom right (1,7)

    Box  4 is at 
        top left     (0,8)
        bottom right (1,9)

    Box  5 is at 
        top left     (0,10)
        bottom right (1,11)

    Box  6 is at 
        top left     (0,12)
        bottom right (1,13)

    Box  7 is at 
        top left     (0,14)
        bottom right (2,14)

    Box  8 is at 
        top left     (0,15)
        bottom right (2,15)

    Box  9 is at 
        top left     (2,6)
        bottom right (2,6)

    Box 10 is at 
        top left     (2,7)
        bottom right (2,7)

    Box 11 is at 
        top left     (2,8)
        bottom right (2,8)

    Box 12 is at 
        top left     (2,9)
        bottom right (2,9)

    Roll length used: 16
--------------------
   | W
 L | 0 1  2 
-----------
 0 | 1 1  1 
 1 | 1 1  1 
 2 | 1 1  1 
 3 | 2 2  2 
 4 | 2 2  2 
 5 | 2 2  2 
 6 | 3 3  9 
 7 | 3 3 10 
 8 | 4 4 11 
 9 | 4 4 12 
10 | 5 5  . 
11 | 5 5  . 
12 | 6 6  . 
13 | 6 6  . 
14 | 7 7  7 
15 | 8 8  8 
16 | . .  . 

Boxes' corners:       (w,l)
    Box  1 is at 
        top left     (0,0)
        bottom right (2,2)

    Box  2 is at 
        top left     (0,3)
        bottom right (2,5)

    Box  3 is at 
        top left     (0,6)
        bottom right (1,7)

    Box  4 is at 
        top left     (0,8)
        bottom right (1,9)

    Box  5 is at 
        top left     (0,10)
        bottom right (1,11)

    Box  6 is at 
        top left     (0,12)
        bottom right (1,13)

    Box  7 is at 
        top left     (0,14)
        bottom right (2,14)

    Box  8 is at 
        top left     (0,15)
        bottom right (2,15)

    Box  9 is at 
        top left     (2,6)
        bottom right (2,6)

    Box 10 is at 
        top left     (2,7)
        bottom right (2,7)

    Box 11 is at 
        top left     (2,8)
        bottom right (2,8)

    Box 12 is at 
        top left     (2,9)
        bottom right (2,9)

    Roll length used: 16
