ds mai 19 17:39:37 CEST 2018
Increasing area preprocessing
    W=10
    sum lengths=   11
    sum max sides= 11
    box 1: 1 1
    box 2: 1 2
    box 3: 1 2
    box 4: 2 3
    box 5: 2 3

1)
   | W
 L | 0 1 2 3 4 5 6 7 8 9 
-------------------------
 0 | 1 2 2 3 3 4 4 4 . . 
 1 | 5 5 5 . . 4 4 4 . . 
 2 | 5 5 5 . . . . . . . 
 3 | . . . . . . . . . . 
 4 | . . . . . . . . . . 
 5 | . . . . . . . . . . 
 6 | . . . . . . . . . . 
 7 | . . . . . . . . . . 
 8 | . . . . . . . . . . 
 9 | . . . . . . . . . . 
10 | . . . . . . . . . . 

Boxes' corners:      (w,l)
    Box 1 is at 
        top left     (0,0)
        bottom right (0,0)

    Box 2 is at 
        top left     (1,0)
        bottom right (2,0)

    Box 3 is at 
        top left     (3,0)
        bottom right (4,0)

    Box 4 is at 
        top left     (5,0)
        bottom right (7,1)

    Box 5 is at 
        top left     (0,1)
        bottom right (2,2)

    Roll length used: 3

2)
   | W
 L | 0 1 2 3 4 5 6 7 8 9 
-------------------------
 0 | 1 2 2 4 4 4 5 5 5 . 
 1 | 3 3 . 4 4 4 5 5 5 . 
 2 | . . . . . . . . . . 
 3 | . . . . . . . . . . 
 4 | . . . . . . . . . . 
 5 | . . . . . . . . . . 
 6 | . . . . . . . . . . 
 7 | . . . . . . . . . . 
 8 | . . . . . . . . . . 
 9 | . . . . . . . . . . 
10 | . . . . . . . . . . 

Boxes' corners:      (w,l)
    Box 1 is at 
        top left     (0,0)
        bottom right (0,0)

    Box 2 is at 
        top left     (1,0)
        bottom right (2,0)

    Box 3 is at 
        top left     (0,1)
        bottom right (1,1)

    Box 4 is at 
        top left     (3,0)
        bottom right (5,1)

    Box 5 is at 
        top left     (6,0)
        bottom right (8,1)

    Roll length used: 2

Increasing width preprocessing
    W=10
    sum lengths=   11
    sum max sides= 11
    box 1: 1 1
    box 2: 1 2
    box 3: 1 2
    box 4: 2 3
    box 5: 2 3

Decreasing area preprocessing
    W=10
    sum lengths=   11
    sum max sides= 11
    box 1: 2 3
    box 2: 2 3
    box 3: 1 2
    box 4: 1 2
    box 5: 1 1

Decreasing width preprocessing
    W=10
    sum lengths=   11
    sum max sides= 11
    box 1: 2 3
    box 2: 2 3
    box 3: 1 2
    box 4: 1 2
    box 5: 1 1

----------------------------
Random preprocessing 1)
    W=10
    sum lengths=   11
    sum max sides= 11
    box 1: 2 3
    box 2: 2 3
    box 3: 1 2
    box 4: 1 1
    box 5: 1 2

----------------------------
Random preprocessing 2)
    W=10
    sum lengths=   11
    sum max sides= 11
    box 1: 2 3
    box 2: 1 2
    box 3: 1 1
    box 4: 2 3
    box 5: 1 2

----------------------------
Random preprocessing 3)
    W=10
    sum lengths=   11
    sum max sides= 11
    box 1: 1 1
    box 2: 1 2
    box 3: 1 2
    box 4: 2 3
    box 5: 2 3

----------------------------
Random preprocessing 4)
    W=10
    sum lengths=   11
    sum max sides= 11
    box 1: 1 2
    box 2: 1 1
    box 3: 2 3
    box 4: 2 3
    box 5: 1 2

----------------------------
Random preprocessing 5)
    W=10
    sum lengths=   11
    sum max sides= 11
    box 1: 2 3
    box 2: 1 1
    box 3: 1 2
    box 4: 2 3
    box 5: 1 2

In 0.040002 seconds (average)
--------------------
1)
   | W
 L | 0 1 2 3 4 5 6 7 8 9 
-------------------------
 0 | 1 2 2 4 4 4 5 5 5 . 
 1 | 3 3 . 4 4 4 5 5 5 . 
 2 | . . . . . . . . . . 
 3 | . . . . . . . . . . 
 4 | . . . . . . . . . . 
 5 | . . . . . . . . . . 
 6 | . . . . . . . . . . 
 7 | . . . . . . . . . . 
 8 | . . . . . . . . . . 
 9 | . . . . . . . . . . 
10 | . . . . . . . . . . 

Boxes' corners:      (w,l)
    Box 1 is at 
        top left     (0,0)
        bottom right (0,0)

    Box 2 is at 
        top left     (1,0)
        bottom right (2,0)

    Box 3 is at 
        top left     (0,1)
        bottom right (1,1)

    Box 4 is at 
        top left     (3,0)
        bottom right (5,1)

    Box 5 is at 
        top left     (6,0)
        bottom right (8,1)

    Roll length used: 2
--------------------
   | W
 L | 0 1 2 3 4 5 6 7 8 9 
-------------------------
 0 | 1 2 2 4 4 4 5 5 5 . 
 1 | 3 3 . 4 4 4 5 5 5 . 
 2 | . . . . . . . . . . 
 3 | . . . . . . . . . . 
 4 | . . . . . . . . . . 
 5 | . . . . . . . . . . 
 6 | . . . . . . . . . . 
 7 | . . . . . . . . . . 
 8 | . . . . . . . . . . 
 9 | . . . . . . . . . . 
10 | . . . . . . . . . . 

Boxes' corners:      (w,l)
    Box 1 is at 
        top left     (0,0)
        bottom right (0,0)

    Box 2 is at 
        top left     (1,0)
        bottom right (2,0)

    Box 3 is at 
        top left     (0,1)
        bottom right (1,1)

    Box 4 is at 
        top left     (3,0)
        bottom right (5,1)

    Box 5 is at 
        top left     (6,0)
        bottom right (8,1)

    Roll length used: 2
