ds mai 19 17:28:05 CEST 2018
Increasing area preprocessing
    W=7
    sum lengths=   25
    sum max sides= 25
    box 1: 1 1
    box 2: 1 1
    box 3: 1 1
    box 4: 1 1
    box 5: 1 2
    box 6: 1 2
    box 7: 1 2
    box 8: 3 5
    box 9: 3 5
    box 10: 3 5

1)
   | W
 L |  0  1  2  3  4 5 6 
-----------------------
 0 |  1  2  3  4  5 5 . 
 1 |  6  6  7  7  . . . 
 2 |  8  8  8  8  8 . . 
 3 |  8  8  8  8  8 . . 
 4 |  8  8  8  8  8 . . 
 5 |  9  9  9  9  9 . . 
 6 |  9  9  9  9  9 . . 
 7 |  9  9  9  9  9 . . 
 8 | 10 10 10 10 10 . . 
 9 | 10 10 10 10 10 . . 
10 | 10 10 10 10 10 . . 
11 |  .  .  .  .  . . . 
12 |  .  .  .  .  . . . 
13 |  .  .  .  .  . . . 
14 |  .  .  .  .  . . . 
15 |  .  .  .  .  . . . 
16 |  .  .  .  .  . . . 
17 |  .  .  .  .  . . . 
18 |  .  .  .  .  . . . 
19 |  .  .  .  .  . . . 
20 |  .  .  .  .  . . . 
21 |  .  .  .  .  . . . 
22 |  .  .  .  .  . . . 
23 |  .  .  .  .  . . . 
24 |  .  .  .  .  . . . 

Boxes' corners:       (w,l)
    Box  1 is at 
        top left     (0,0)
        bottom right (0,0)

    Box  2 is at 
        top left     (1,0)
        bottom right (1,0)

    Box  3 is at 
        top left     (2,0)
        bottom right (2,0)

    Box  4 is at 
        top left     (3,0)
        bottom right (3,0)

    Box  5 is at 
        top left     (4,0)
        bottom right (5,0)

    Box  6 is at 
        top left     (0,1)
        bottom right (1,1)

    Box  7 is at 
        top left     (2,1)
        bottom right (3,1)

    Box  8 is at 
        top left     (0,2)
        bottom right (4,4)

    Box  9 is at 
        top left     (0,5)
        bottom right (4,7)

    Box 10 is at 
        top left     (0,8)
        bottom right (4,10)

    Roll length used: 11

2)
   | W
 L |  0  1  2  3  4 5 6 
-----------------------
 0 |  1  2  3  4  5 5 . 
 1 |  6  6  8  8  8 8 8 
 2 |  7  7  8  8  8 8 8 
 3 |  .  .  8  8  8 8 8 
 4 |  9  9  9  9  9 . . 
 5 |  9  9  9  9  9 . . 
 6 |  9  9  9  9  9 . . 
 7 | 10 10 10 10 10 . . 
 8 | 10 10 10 10 10 . . 
 9 | 10 10 10 10 10 . . 
10 |  .  .  .  .  . . . 
11 |  .  .  .  .  . . . 
12 |  .  .  .  .  . . . 
13 |  .  .  .  .  . . . 
14 |  .  .  .  .  . . . 
15 |  .  .  .  .  . . . 
16 |  .  .  .  .  . . . 
17 |  .  .  .  .  . . . 
18 |  .  .  .  .  . . . 
19 |  .  .  .  .  . . . 
20 |  .  .  .  .  . . . 
21 |  .  .  .  .  . . . 
22 |  .  .  .  .  . . . 
23 |  .  .  .  .  . . . 
24 |  .  .  .  .  . . . 

Boxes' corners:       (w,l)
    Box  1 is at 
        top left     (0,0)
        bottom right (0,0)

    Box  2 is at 
        top left     (1,0)
        bottom right (1,0)

    Box  3 is at 
        top left     (2,0)
        bottom right (2,0)

    Box  4 is at 
        top left     (3,0)
        bottom right (3,0)

    Box  5 is at 
        top left     (4,0)
        bottom right (5,0)

    Box  6 is at 
        top left     (0,1)
        bottom right (1,1)

    Box  7 is at 
        top left     (0,2)
        bottom right (1,2)

    Box  8 is at 
        top left     (2,1)
        bottom right (6,3)

    Box  9 is at 
        top left     (0,4)
        bottom right (4,6)

    Box 10 is at 
        top left     (0,7)
        bottom right (4,9)

    Roll length used: 10

Increasing width preprocessing
    W=7
    sum lengths=   25
    sum max sides= 25
    box 1: 1 1
    box 2: 1 1
    box 3: 1 1
    box 4: 1 1
    box 5: 1 2
    box 6: 1 2
    box 7: 1 2
    box 8: 3 5
    box 9: 3 5
    box 10: 3 5

Decreasing area preprocessing
    W=7
    sum lengths=   25
    sum max sides= 25
    box 1: 3 5
    box 2: 3 5
    box 3: 3 5
    box 4: 1 2
    box 5: 1 2
    box 6: 1 2
    box 7: 1 1
    box 8: 1 1
    box 9: 1 1
    box 10: 1 1

1)
  | W
L | 0 1 2 3 4 5  6 
-------------------
0 | 1 1 1 1 1 4  4 
1 | 1 1 1 1 1 5  5 
2 | 1 1 1 1 1 6  6 
3 | 2 2 2 2 2 7  8 
4 | 2 2 2 2 2 9 10 
5 | 2 2 2 2 2 .  . 
6 | 3 3 3 3 3 .  . 
7 | 3 3 3 3 3 .  . 
8 | 3 3 3 3 3 .  . 

Boxes' corners:       (w,l)
    Box  1 is at 
        top left     (0,0)
        bottom right (4,2)

    Box  2 is at 
        top left     (0,3)
        bottom right (4,5)

    Box  3 is at 
        top left     (0,6)
        bottom right (4,8)

    Box  4 is at 
        top left     (5,0)
        bottom right (6,0)

    Box  5 is at 
        top left     (5,1)
        bottom right (6,1)

    Box  6 is at 
        top left     (5,2)
        bottom right (6,2)

    Box  7 is at 
        top left     (5,3)
        bottom right (5,3)

    Box  8 is at 
        top left     (6,3)
        bottom right (6,3)

    Box  9 is at 
        top left     (5,4)
        bottom right (5,4)

    Box 10 is at 
        top left     (6,4)
        bottom right (6,4)

    Roll length used: 9

2)
  | W
L | 0 1 2 3 4 5  6 
-------------------
0 | 1 1 1 1 1 4  4 
1 | 1 1 1 1 1 5  5 
2 | 1 1 1 1 1 6  6 
3 | 2 2 2 3 3 3  7 
4 | 2 2 2 3 3 3  8 
5 | 2 2 2 3 3 3  9 
6 | 2 2 2 3 3 3 10 
7 | 2 2 2 3 3 3  . 
8 | . . . . . .  . 

Boxes' corners:       (w,l)
    Box  1 is at 
        top left     (0,0)
        bottom right (4,2)

    Box  2 is at 
        top left     (0,3)
        bottom right (2,7)

    Box  3 is at 
        top left     (3,3)
        bottom right (5,7)

    Box  4 is at 
        top left     (5,0)
        bottom right (6,0)

    Box  5 is at 
        top left     (5,1)
        bottom right (6,1)

    Box  6 is at 
        top left     (5,2)
        bottom right (6,2)

    Box  7 is at 
        top left     (6,3)
        bottom right (6,3)

    Box  8 is at 
        top left     (6,4)
        bottom right (6,4)

    Box  9 is at 
        top left     (6,5)
        bottom right (6,5)

    Box 10 is at 
        top left     (6,6)
        bottom right (6,6)

    Roll length used: 8

Decreasing width preprocessing
    W=7
    sum lengths=   25
    sum max sides= 25
    box 1: 3 5
    box 2: 3 5
    box 3: 3 5
    box 4: 1 2
    box 5: 1 2
    box 6: 1 2
    box 7: 1 1
    box 8: 1 1
    box 9: 1 1
    box 10: 1 1

----------------------------
Random preprocessing 1)
    W=7
    sum lengths=   25
    sum max sides= 25
    box 1: 1 2
    box 2: 1 2
    box 3: 3 5
    box 4: 1 2
    box 5: 3 5
    box 6: 1 1
    box 7: 1 1
    box 8: 1 1
    box 9: 1 1
    box 10: 3 5

----------------------------
Random preprocessing 2)
    W=7
    sum lengths=   25
    sum max sides= 25
    box 1: 1 1
    box 2: 3 5
    box 3: 1 2
    box 4: 1 1
    box 5: 1 2
    box 6: 1 1
    box 7: 1 1
    box 8: 3 5
    box 9: 3 5
    box 10: 1 2

----------------------------
Random preprocessing 3)
    W=7
    sum lengths=   25
    sum max sides= 25
    box 1: 3 5
    box 2: 1 1
    box 3: 1 2
    box 4: 1 1
    box 5: 1 1
    box 6: 3 5
    box 7: 1 1
    box 8: 1 2
    box 9: 3 5
    box 10: 1 2

----------------------------
Random preprocessing 4)
    W=7
    sum lengths=   25
    sum max sides= 25
    box 1: 1 2
    box 2: 1 2
    box 3: 1 1
    box 4: 3 5
    box 5: 1 1
    box 6: 1 1
    box 7: 1 2
    box 8: 3 5
    box 9: 3 5
    box 10: 1 1

----------------------------
Random preprocessing 5)
    W=7
    sum lengths=   25
    sum max sides= 25
    box 1: 1 1
    box 2: 1 2
    box 3: 1 1
    box 4: 1 1
    box 5: 3 5
    box 6: 3 5
    box 7: 1 2
    box 8: 1 2
    box 9: 3 5
    box 10: 1 1

In 40.2265 seconds (average)
--------------------
1)
  | W
L | 0 1 2 3 4 5  6 
-------------------
0 | 1 1 1 1 1 4  4 
1 | 1 1 1 1 1 5  5 
2 | 1 1 1 1 1 6  6 
3 | 2 2 2 3 3 3  7 
4 | 2 2 2 3 3 3  8 
5 | 2 2 2 3 3 3  9 
6 | 2 2 2 3 3 3 10 
7 | 2 2 2 3 3 3  . 
8 | . . . . . .  . 

Boxes' corners:       (w,l)
    Box  1 is at 
        top left     (0,0)
        bottom right (4,2)

    Box  2 is at 
        top left     (0,3)
        bottom right (2,7)

    Box  3 is at 
        top left     (3,3)
        bottom right (5,7)

    Box  4 is at 
        top left     (5,0)
        bottom right (6,0)

    Box  5 is at 
        top left     (5,1)
        bottom right (6,1)

    Box  6 is at 
        top left     (5,2)
        bottom right (6,2)

    Box  7 is at 
        top left     (6,3)
        bottom right (6,3)

    Box  8 is at 
        top left     (6,4)
        bottom right (6,4)

    Box  9 is at 
        top left     (6,5)
        bottom right (6,5)

    Box 10 is at 
        top left     (6,6)
        bottom right (6,6)

    Roll length used: 8
--------------------
  | W
L | 0 1 2 3 4 5  6 
-------------------
0 | 1 1 1 1 1 4  4 
1 | 1 1 1 1 1 5  5 
2 | 1 1 1 1 1 6  6 
3 | 2 2 2 3 3 3  7 
4 | 2 2 2 3 3 3  8 
5 | 2 2 2 3 3 3  9 
6 | 2 2 2 3 3 3 10 
7 | 2 2 2 3 3 3  . 
8 | . . . . . .  . 

Boxes' corners:       (w,l)
    Box  1 is at 
        top left     (0,0)
        bottom right (4,2)

    Box  2 is at 
        top left     (0,3)
        bottom right (2,7)

    Box  3 is at 
        top left     (3,3)
        bottom right (5,7)

    Box  4 is at 
        top left     (5,0)
        bottom right (6,0)

    Box  5 is at 
        top left     (5,1)
        bottom right (6,1)

    Box  6 is at 
        top left     (5,2)
        bottom right (6,2)

    Box  7 is at 
        top left     (6,3)
        bottom right (6,3)

    Box  8 is at 
        top left     (6,4)
        bottom right (6,4)

    Box  9 is at 
        top left     (6,5)
        bottom right (6,5)

    Box 10 is at 
        top left     (6,6)
        bottom right (6,6)

    Roll length used: 8
