ds mai 19 17:45:00 CEST 2018
Increasing area preprocessing
    W=11
    sum lengths=   17
    sum max sides= 17
    box 1: 1 1
    box 2: 1 1
    box 3: 1 1
    box 4: 1 1
    box 5: 1 1
    box 6: 1 1
    box 7: 1 2
    box 8: 1 2
    box 9: 1 2
    box 10: 1 2
    box 11: 3 3

1)
   | W
 L | 0 1  2  3  4  5  6 7 8 9 10 
---------------------------------
 0 | 1 2  3  4  5  6  7 7 8 8  . 
 1 | 9 9 10 10 11 11 11 . . .  . 
 2 | . .  .  . 11 11 11 . . .  . 
 3 | . .  .  . 11 11 11 . . .  . 
 4 | . .  .  .  .  .  . . . .  . 
 5 | . .  .  .  .  .  . . . .  . 
 6 | . .  .  .  .  .  . . . .  . 
 7 | . .  .  .  .  .  . . . .  . 
 8 | . .  .  .  .  .  . . . .  . 
 9 | . .  .  .  .  .  . . . .  . 
10 | . .  .  .  .  .  . . . .  . 
11 | . .  .  .  .  .  . . . .  . 
12 | . .  .  .  .  .  . . . .  . 
13 | . .  .  .  .  .  . . . .  . 
14 | . .  .  .  .  .  . . . .  . 
15 | . .  .  .  .  .  . . . .  . 
16 | . .  .  .  .  .  . . . .  . 

Boxes' corners:       (w,l)
    Box  1 is at 
        top left     (0,0)
        bottom right (0,0)

    Box  2 is at 
        top left     (1,0)
        bottom right (1,0)

    Box  3 is at 
        top left     (2,0)
        bottom right (2,0)

    Box  4 is at 
        top left     (3,0)
        bottom right (3,0)

    Box  5 is at 
        top left     (4,0)
        bottom right (4,0)

    Box  6 is at 
        top left     (5,0)
        bottom right (5,0)

    Box  7 is at 
        top left     (6,0)
        bottom right (7,0)

    Box  8 is at 
        top left     (8,0)
        bottom right (9,0)

    Box  9 is at 
        top left     (0,1)
        bottom right (1,1)

    Box 10 is at 
        top left     (2,1)
        bottom right (3,1)

    Box 11 is at 
        top left     (4,1)
        bottom right (6,3)

    Roll length used: 4

2)
   | W
 L | 0 1 2 3  4  5 6 7  8  9 10 
--------------------------------
 0 | 1 2 3 4  5  6 7 7 11 11 11 
 1 | 8 8 9 9 10 10 . . 11 11 11 
 2 | . . . .  .  . . . 11 11 11 
 3 | . . . .  .  . . .  .  .  . 
 4 | . . . .  .  . . .  .  .  . 
 5 | . . . .  .  . . .  .  .  . 
 6 | . . . .  .  . . .  .  .  . 
 7 | . . . .  .  . . .  .  .  . 
 8 | . . . .  .  . . .  .  .  . 
 9 | . . . .  .  . . .  .  .  . 
10 | . . . .  .  . . .  .  .  . 
11 | . . . .  .  . . .  .  .  . 
12 | . . . .  .  . . .  .  .  . 
13 | . . . .  .  . . .  .  .  . 
14 | . . . .  .  . . .  .  .  . 
15 | . . . .  .  . . .  .  .  . 
16 | . . . .  .  . . .  .  .  . 

Boxes' corners:       (w,l)
    Box  1 is at 
        top left     (0,0)
        bottom right (0,0)

    Box  2 is at 
        top left     (1,0)
        bottom right (1,0)

    Box  3 is at 
        top left     (2,0)
        bottom right (2,0)

    Box  4 is at 
        top left     (3,0)
        bottom right (3,0)

    Box  5 is at 
        top left     (4,0)
        bottom right (4,0)

    Box  6 is at 
        top left     (5,0)
        bottom right (5,0)

    Box  7 is at 
        top left     (6,0)
        bottom right (7,0)

    Box  8 is at 
        top left     (0,1)
        bottom right (1,1)

    Box  9 is at 
        top left     (2,1)
        bottom right (3,1)

    Box 10 is at 
        top left     (4,1)
        bottom right (5,1)

    Box 11 is at 
        top left     (8,0)
        bottom right (10,2)

    Roll length used: 3

Increasing width preprocessing
    W=11
    sum lengths=   17
    sum max sides= 17
    box 1: 1 1
    box 2: 1 1
    box 3: 1 1
    box 4: 1 1
    box 5: 1 1
    box 6: 1 1
    box 7: 1 2
    box 8: 1 2
    box 9: 1 2
    box 10: 1 2
    box 11: 3 3

Decreasing area preprocessing
    W=11
    sum lengths=   17
    sum max sides= 17
    box 1: 3 3
    box 2: 1 2
    box 3: 1 2
    box 4: 1 2
    box 5: 1 2
    box 6: 1 1
    box 7: 1 1
    box 8: 1 1
    box 9: 1 1
    box 10: 1 1
    box 11: 1 1

Decreasing width preprocessing
    W=11
    sum lengths=   17
    sum max sides= 17
    box 1: 3 3
    box 2: 1 2
    box 3: 1 2
    box 4: 1 2
    box 5: 1 2
    box 6: 1 1
    box 7: 1 1
    box 8: 1 1
    box 9: 1 1
    box 10: 1 1
    box 11: 1 1

----------------------------
Random preprocessing 1)
    W=11
    sum lengths=   17
    sum max sides= 17
    box 1: 1 2
    box 2: 1 1
    box 3: 1 1
    box 4: 1 1
    box 5: 1 1
    box 6: 1 1
    box 7: 1 2
    box 8: 1 1
    box 9: 1 2
    box 10: 3 3
    box 11: 1 2

----------------------------
Random preprocessing 2)
    W=11
    sum lengths=   17
    sum max sides= 17
    box 1: 1 2
    box 2: 1 1
    box 3: 1 2
    box 4: 1 1
    box 5: 1 2
    box 6: 1 1
    box 7: 1 1
    box 8: 1 1
    box 9: 3 3
    box 10: 1 1
    box 11: 1 2

----------------------------
Random preprocessing 3)
    W=11
    sum lengths=   17
    sum max sides= 17
    box 1: 1 1
    box 2: 1 2
    box 3: 1 1
    box 4: 1 1
    box 5: 1 2
    box 6: 1 2
    box 7: 1 1
    box 8: 1 1
    box 9: 1 2
    box 10: 3 3
    box 11: 1 1

----------------------------
Random preprocessing 4)
    W=11
    sum lengths=   17
    sum max sides= 17
    box 1: 3 3
    box 2: 1 1
    box 3: 1 1
    box 4: 1 2
    box 5: 1 1
    box 6: 1 2
    box 7: 1 1
    box 8: 1 1
    box 9: 1 1
    box 10: 1 2
    box 11: 1 2

----------------------------
Random preprocessing 5)
    W=11
    sum lengths=   17
    sum max sides= 17
    box 1: 1 2
    box 2: 1 1
    box 3: 1 1
    box 4: 1 1
    box 5: 1 1
    box 6: 1 2
    box 7: 1 1
    box 8: 1 2
    box 9: 1 1
    box 10: 3 3
    box 11: 1 2

In 0.080005 seconds (average)
--------------------
1)
   | W
 L | 0 1 2 3  4  5 6 7  8  9 10 
--------------------------------
 0 | 1 2 3 4  5  6 7 7 11 11 11 
 1 | 8 8 9 9 10 10 . . 11 11 11 
 2 | . . . .  .  . . . 11 11 11 
 3 | . . . .  .  . . .  .  .  . 
 4 | . . . .  .  . . .  .  .  . 
 5 | . . . .  .  . . .  .  .  . 
 6 | . . . .  .  . . .  .  .  . 
 7 | . . . .  .  . . .  .  .  . 
 8 | . . . .  .  . . .  .  .  . 
 9 | . . . .  .  . . .  .  .  . 
10 | . . . .  .  . . .  .  .  . 
11 | . . . .  .  . . .  .  .  . 
12 | . . . .  .  . . .  .  .  . 
13 | . . . .  .  . . .  .  .  . 
14 | . . . .  .  . . .  .  .  . 
15 | . . . .  .  . . .  .  .  . 
16 | . . . .  .  . . .  .  .  . 

Boxes' corners:       (w,l)
    Box  1 is at 
        top left     (0,0)
        bottom right (0,0)

    Box  2 is at 
        top left     (1,0)
        bottom right (1,0)

    Box  3 is at 
        top left     (2,0)
        bottom right (2,0)

    Box  4 is at 
        top left     (3,0)
        bottom right (3,0)

    Box  5 is at 
        top left     (4,0)
        bottom right (4,0)

    Box  6 is at 
        top left     (5,0)
        bottom right (5,0)

    Box  7 is at 
        top left     (6,0)
        bottom right (7,0)

    Box  8 is at 
        top left     (0,1)
        bottom right (1,1)

    Box  9 is at 
        top left     (2,1)
        bottom right (3,1)

    Box 10 is at 
        top left     (4,1)
        bottom right (5,1)

    Box 11 is at 
        top left     (8,0)
        bottom right (10,2)

    Roll length used: 3
--------------------
   | W
 L | 0 1 2 3  4  5 6 7  8  9 10 
--------------------------------
 0 | 1 2 3 4  5  6 7 7 11 11 11 
 1 | 8 8 9 9 10 10 . . 11 11 11 
 2 | . . . .  .  . . . 11 11 11 
 3 | . . . .  .  . . .  .  .  . 
 4 | . . . .  .  . . .  .  .  . 
 5 | . . . .  .  . . .  .  .  . 
 6 | . . . .  .  . . .  .  .  . 
 7 | . . . .  .  . . .  .  .  . 
 8 | . . . .  .  . . .  .  .  . 
 9 | . . . .  .  . . .  .  .  . 
10 | . . . .  .  . . .  .  .  . 
11 | . . . .  .  . . .  .  .  . 
12 | . . . .  .  . . .  .  .  . 
13 | . . . .  .  . . .  .  .  . 
14 | . . . .  .  . . .  .  .  . 
15 | . . . .  .  . . .  .  .  . 
16 | . . . .  .  . . .  .  .  . 

Boxes' corners:       (w,l)
    Box  1 is at 
        top left     (0,0)
        bottom right (0,0)

    Box  2 is at 
        top left     (1,0)
        bottom right (1,0)

    Box  3 is at 
        top left     (2,0)
        bottom right (2,0)

    Box  4 is at 
        top left     (3,0)
        bottom right (3,0)

    Box  5 is at 
        top left     (4,0)
        bottom right (4,0)

    Box  6 is at 
        top left     (5,0)
        bottom right (5,0)

    Box  7 is at 
        top left     (6,0)
        bottom right (7,0)

    Box  8 is at 
        top left     (0,1)
        bottom right (1,1)

    Box  9 is at 
        top left     (2,1)
        bottom right (3,1)

    Box 10 is at 
        top left     (4,1)
        bottom right (5,1)

    Box 11 is at 
        top left     (8,0)
        bottom right (10,2)

    Roll length used: 3
