ds mai 19 17:19:24 CEST 2018
Increasing area preprocessing
    W=5
    sum lengths=   10
    sum max sides= 10
    box 1: 1 1
    box 2: 2 3
    box 3: 2 3
    box 4: 2 3

1)
   | W
 L | 0 1 2 3 4 
--------------
 0 | 1 2 2 2 . 
 1 | . 2 2 2 . 
 2 | 3 3 3 . . 
 3 | 3 3 3 . . 
 4 | 4 4 4 . . 
 5 | 4 4 4 . . 
 6 | . . . . . 
 7 | . . . . . 
 8 | . . . . . 
 9 | . . . . . 

Boxes' corners:      (w,l)
    Box 1 is at 
        top left     (0,0)
        bottom right (0,0)

    Box 2 is at 
        top left     (1,0)
        bottom right (3,1)

    Box 3 is at 
        top left     (0,2)
        bottom right (2,3)

    Box 4 is at 
        top left     (0,4)
        bottom right (2,5)

    Roll length used: 6

2)
   | W
 L | 0 1 2 3 4 
--------------
 0 | 1 2 2 2 . 
 1 | . 2 2 2 . 
 2 | 3 3 3 4 4 
 3 | 3 3 3 4 4 
 4 | . . . 4 4 
 5 | . . . . . 
 6 | . . . . . 
 7 | . . . . . 
 8 | . . . . . 
 9 | . . . . . 

Boxes' corners:      (w,l)
    Box 1 is at 
        top left     (0,0)
        bottom right (0,0)

    Box 2 is at 
        top left     (1,0)
        bottom right (3,1)

    Box 3 is at 
        top left     (0,2)
        bottom right (2,3)

    Box 4 is at 
        top left     (3,2)
        bottom right (4,4)

    Roll length used: 5

3)
   | W
 L | 0 1 2 3 4 
--------------
 0 | 1 . 2 2 2 
 1 | 4 4 2 2 2 
 2 | 4 4 3 3 3 
 3 | 4 4 3 3 3 
 4 | . . . . . 
 5 | . . . . . 
 6 | . . . . . 
 7 | . . . . . 
 8 | . . . . . 
 9 | . . . . . 

Boxes' corners:      (w,l)
    Box 1 is at 
        top left     (0,0)
        bottom right (0,0)

    Box 2 is at 
        top left     (2,0)
        bottom right (4,1)

    Box 3 is at 
        top left     (2,2)
        bottom right (4,3)

    Box 4 is at 
        top left     (0,1)
        bottom right (1,3)

    Roll length used: 4

Increasing width preprocessing
    W=5
    sum lengths=   10
    sum max sides= 10
    box 1: 1 1
    box 2: 2 3
    box 3: 2 3
    box 4: 2 3

Decreasing area preprocessing
    W=5
    sum lengths=   10
    sum max sides= 10
    box 1: 2 3
    box 2: 2 3
    box 3: 2 3
    box 4: 1 1

Decreasing width preprocessing
    W=5
    sum lengths=   10
    sum max sides= 10
    box 1: 2 3
    box 2: 2 3
    box 3: 2 3
    box 4: 1 1

----------------------------
Random preprocessing 1)
    W=5
    sum lengths=   10
    sum max sides= 10
    box 1: 2 3
    box 2: 1 1
    box 3: 2 3
    box 4: 2 3

----------------------------
Random preprocessing 2)
    W=5
    sum lengths=   10
    sum max sides= 10
    box 1: 2 3
    box 2: 2 3
    box 3: 2 3
    box 4: 1 1

----------------------------
Random preprocessing 3)
    W=5
    sum lengths=   10
    sum max sides= 10
    box 1: 1 1
    box 2: 2 3
    box 3: 2 3
    box 4: 2 3

----------------------------
Random preprocessing 4)
    W=5
    sum lengths=   10
    sum max sides= 10
    box 1: 2 3
    box 2: 2 3
    box 3: 1 1
    box 4: 2 3

----------------------------
Random preprocessing 5)
    W=5
    sum lengths=   10
    sum max sides= 10
    box 1: 2 3
    box 2: 2 3
    box 3: 1 1
    box 4: 2 3

In 0.228014 seconds (average)
--------------------
1)
   | W
 L | 0 1 2 3 4 
--------------
 0 | 1 . 2 2 2 
 1 | 4 4 2 2 2 
 2 | 4 4 3 3 3 
 3 | 4 4 3 3 3 
 4 | . . . . . 
 5 | . . . . . 
 6 | . . . . . 
 7 | . . . . . 
 8 | . . . . . 
 9 | . . . . . 

Boxes' corners:      (w,l)
    Box 1 is at 
        top left     (0,0)
        bottom right (0,0)

    Box 2 is at 
        top left     (2,0)
        bottom right (4,1)

    Box 3 is at 
        top left     (2,2)
        bottom right (4,3)

    Box 4 is at 
        top left     (0,1)
        bottom right (1,3)

    Roll length used: 4
--------------------
   | W
 L | 0 1 2 3 4 
--------------
 0 | 1 . 2 2 2 
 1 | 4 4 2 2 2 
 2 | 4 4 3 3 3 
 3 | 4 4 3 3 3 
 4 | . . . . . 
 5 | . . . . . 
 6 | . . . . . 
 7 | . . . . . 
 8 | . . . . . 
 9 | . . . . . 

Boxes' corners:      (w,l)
    Box 1 is at 
        top left     (0,0)
        bottom right (0,0)

    Box 2 is at 
        top left     (2,0)
        bottom right (4,1)

    Box 3 is at 
        top left     (2,2)
        bottom right (4,3)

    Box 4 is at 
        top left     (0,1)
        bottom right (1,3)

    Roll length used: 4
