Sat 19 May 19:33:08 CEST 2018
CPXPARAM_TimeLimit                               45
CPXPARAM_Threads                                 1
CPXPARAM_MIP_Strategy_CallbackReducedLP          0
Tried aggregator 3 times.
MIP Presolve eliminated 802 rows and 775 columns.
MIP Presolve modified 2780 coefficients.
Aggregator did 5002 substitutions.
Reduced MIP has 8042 rows, 6060 columns, and 17706 nonzeros.
Reduced MIP has 5334 binaries, 6 generals, 0 SOSs, and 830 indicators.
Presolve time = 0.05 sec. (97.87 ticks)
Found incumbent of value 11.000000 after 0.08 sec. (121.99 ticks)
Probing time = 0.12 sec. (107.88 ticks)
Tried aggregator 3 times.
Aggregator did 3560 substitutions.
Reduced MIP has 4482 rows, 2500 columns, and 10586 nonzeros.
Reduced MIP has 1774 binaries, 726 generals, 0 SOSs, and 830 indicators.
Presolve time = 0.02 sec. (19.48 ticks)
Probing time = 0.06 sec. (57.33 ticks)
Tried aggregator 1 time.
Reduced MIP has 4482 rows, 2500 columns, and 10586 nonzeros.
Reduced MIP has 1774 binaries, 726 generals, 0 SOSs, and 830 indicators.
Presolve time = 0.01 sec. (9.13 ticks)
Probing time = 0.00 sec. (4.41 ticks)
Clique table members: 61915.
MIP emphasis: balance optimality and feasibility.
MIP search method: dynamic search.
Parallel mode: none, using 1 thread.
Root relaxation solution time = 0.02 sec. (26.68 ticks)

        Nodes                                         Cuts/
   Node  Left     Objective  IInf  Best Integer    Best Bound    ItCnt     Gap

*     0+    0                           11.0000        0.0000           100.00%
      0     0        0.0000  1074       11.0000        0.0000      414  100.00%
*     0+    0                            4.0000        0.0000           100.00%
*     0+    0                            3.0000        0.0000           100.00%

Repeating presolve.
Tried aggregator 3 times.
MIP Presolve eliminated 3752 rows and 1730 columns.
MIP Presolve modified 438 coefficients.
Aggregator did 2 substitutions.
Reduced MIP has 792 rows, 650 columns, and 1788 nonzeros.
Reduced MIP has 572 binaries, 78 generals, 0 SOSs, and 28 indicators.
Presolve time = 0.00 sec. (7.42 ticks)
Probing time = 0.02 sec. (13.38 ticks)
Cover probing fixed 3 vars, tightened 0 bounds.
Tried aggregator 3 times.
MIP Presolve eliminated 413 rows and 339 columns.
MIP Presolve modified 32 coefficients.
Aggregator did 24 substitutions.
Reduced MIP has 355 rows, 287 columns, and 964 nonzeros.
Reduced MIP has 228 binaries, 59 generals, 0 SOSs, and 28 indicators.
Presolve time = 0.00 sec. (2.02 ticks)
Probing time = 0.00 sec. (1.03 ticks)
Tried aggregator 3 times.
Aggregator did 28 substitutions.
Reduced MIP has 327 rows, 259 columns, and 908 nonzeros.
Reduced MIP has 200 binaries, 59 generals, 0 SOSs, and 28 indicators.
Presolve time = 0.00 sec. (1.16 ticks)
Probing time = 0.00 sec. (0.99 ticks)
Tried aggregator 1 time.
Reduced MIP has 327 rows, 259 columns, and 908 nonzeros.
Reduced MIP has 200 binaries, 59 generals, 0 SOSs, and 28 indicators.
Presolve time = 0.00 sec. (0.80 ticks)
Represolve time = 0.04 sec. (31.34 ticks)
Probing time = 0.00 sec. (1.01 ticks)
Clique table members: 685.
MIP emphasis: balance optimality and feasibility.
MIP search method: dynamic search.
Parallel mode: none, using 1 thread.
Root relaxation solution time = 0.00 sec. (0.51 ticks)

        Nodes                                         Cuts/
   Node  Left     Objective  IInf  Best Integer    Best Bound    ItCnt     Gap

*     0+    0                            3.0000        2.0000            33.33%
      0     0        2.0000    28        3.0000        2.0000      469   33.33%
*     0+    0                            2.0000        2.0000             0.00%
      0     0        cutoff              2.0000        2.0000      469    0.00%
Elapsed time = 1.18 sec. (1409.93 ticks, tree = 0.01 MB, solutions = 4)

Root node processing (before b&c):
  Real time             =    1.18 sec. (1410.41 ticks)
Sequential b&c:
  Real time             =    0.00 sec. (0.00 ticks)
                          ------------
Total (root+branch&cut) =    1.18 sec. (1410.41 ticks)
   | W
 L | 0 1 2 3 4 5 6 7 8 9 
-------------------------
 0 | 5 . . 3 3 3 2 2 2 4 
 1 | 5 . 1 3 3 3 2 2 2 4 
 2 | . . . . . . . . . . 
 3 | . . . . . . . . . . 
 4 | . . . . . . . . . . 
 5 | . . . . . . . . . . 
 6 | . . . . . . . . . . 
 7 | . . . . . . . . . . 
 8 | . . . . . . . . . . 
 9 | . . . . . . . . . . 
10 | . . . . . . . . . . 

Boxes' corners:      (w,l)
    Box 1 is at 
        top left     (2,1)
        bottom right (2,1)

    Box 2 is at 
        top left     (6,0)
        bottom right (8,1)

    Box 3 is at 
        top left     (3,0)
        bottom right (5,1)

    Box 4 is at 
        top left     (9,0)
        bottom right (9,1)

    Box 5 is at 
        top left     (0,0)
        bottom right (0,1)

    Roll length used: 2
In 1.23 seconds
