Sat 19 May 19:16:04 CEST 2018
CPXPARAM_TimeLimit                               45
CPXPARAM_Threads                                 1
CPXPARAM_MIP_Strategy_CallbackReducedLP          0
Tried aggregator 4 times.
MIP Presolve eliminated 3443 rows and 2681 columns.
MIP Presolve modified 1927 coefficients.
Aggregator did 3831 substitutions.
Reduced MIP has 4512 rows, 3779 columns, and 11046 nonzeros.
Reduced MIP has 3602 binaries, 7 generals, 0 SOSs, and 538 indicators.
Presolve time = 0.05 sec. (78.04 ticks)
Probing time = 0.08 sec. (67.45 ticks)
Cover probing fixed 0 vars, tightened 7 bounds.
Tried aggregator 3 times.
MIP Presolve eliminated 1290 rows and 170 columns.
MIP Presolve modified 272 coefficients.
Aggregator did 2342 substitutions.
Reduced MIP has 880 rows, 1267 columns, and 4878 nonzeros.
Reduced MIP has 1260 binaries, 7 generals, 0 SOSs, and 538 indicators.
Presolve time = 0.01 sec. (15.91 ticks)
Probing time = 0.02 sec. (14.76 ticks)
Tried aggregator 3 times.
MIP Presolve eliminated 10 rows and 0 columns.
Aggregator did 210 substitutions.
Reduced MIP has 660 rows, 1057 columns, and 4374 nonzeros.
Reduced MIP has 1050 binaries, 7 generals, 0 SOSs, and 538 indicators.
Presolve time = 0.01 sec. (8.95 ticks)
Probing time = 0.00 sec. (2.89 ticks)
Clique table members: 18750.
MIP emphasis: balance optimality and feasibility.
MIP search method: dynamic search.
Parallel mode: none, using 1 thread.
Root relaxation solution time = 0.00 sec. (1.35 ticks)

        Nodes                                         Cuts/
   Node  Left     Objective  IInf  Best Integer    Best Bound    ItCnt     Gap

      0     0        8.0000   500                      8.0000       27         
      0     0        8.0000   428                Cliques: 265      224         
      0     0        8.0000   350                Cliques: 265      384         
      0     0        8.0000   243                Cliques: 265      494         
      0     0        8.0000   163                Cliques: 265      599         
      0     0        8.0000    94                Cliques: 265      815         
      0     0        8.0000    23                Cliques: 265     1013         
      0     0        8.0000    13                   Cuts: 146     1233         
      0     0        8.0000    22                    Cuts: 18     1424         
      0     0        8.0000    17                    Cuts: 28     1476         
*     0+    0                           24.0000        8.0000            66.67%
*     0+    0                            8.0000        8.0000             0.00%
      0     0        cutoff              8.0000        8.0000     1476    0.00%
Elapsed time = 1.01 sec. (1167.07 ticks, tree = 0.01 MB, solutions = 2)

Clique cuts applied:  25
Implied bound cuts applied:  35
Zero-half cuts applied:  2

Root node processing (before b&c):
  Real time             =    1.01 sec. (1167.45 ticks)
Sequential b&c:
  Real time             =    0.00 sec. (0.00 ticks)
                          ------------
Total (root+branch&cut) =    1.01 sec. (1167.45 ticks)
   | W
 L | 0 1 2 3 4 
--------------
 0 | 6 . 5 1 1 
 1 | 6 . 5 1 1 
 2 | 6 . 5 4 4 
 3 | 6 . 5 4 4 
 4 | 6 . 5 2 2 
 5 | 6 . 5 2 2 
 6 | 6 . 5 3 3 
 7 | 6 . 5 3 3 
 8 | . . . . . 
 9 | . . . . . 
10 | . . . . . 
11 | . . . . . 
12 | . . . . . 
13 | . . . . . 
14 | . . . . . 
15 | . . . . . 
16 | . . . . . 
17 | . . . . . 
18 | . . . . . 
19 | . . . . . 
20 | . . . . . 
21 | . . . . . 
22 | . . . . . 
23 | . . . . . 

Boxes' corners:      (w,l)
    Box 1 is at 
        top left     (3,0)
        bottom right (4,1)

    Box 2 is at 
        top left     (3,4)
        bottom right (4,5)

    Box 3 is at 
        top left     (3,6)
        bottom right (4,7)

    Box 4 is at 
        top left     (3,2)
        bottom right (4,3)

    Box 5 is at 
        top left     (2,0)
        bottom right (2,7)

    Box 6 is at 
        top left     (0,0)
        bottom right (0,7)

    Roll length used: 8
In 1.05 seconds
