Sat 19 May 19:16:06 CEST 2018
CPXPARAM_TimeLimit                               45
CPXPARAM_Threads                                 1
CPXPARAM_MIP_Strategy_CallbackReducedLP          0
Tried aggregator 2 times.
MIP Presolve eliminated 3033 rows and 2376 columns.
MIP Presolve modified 426 coefficients.
Aggregator did 842 substitutions.
Reduced MIP has 1648 rows, 2087 columns, and 5258 nonzeros.
Reduced MIP has 2077 binaries, 10 generals, 0 SOSs, and 561 indicators.
Presolve time = 0.01 sec. (14.09 ticks)
Probing time = 0.04 sec. (26.35 ticks)
Cover probing fixed 0 vars, tightened 10 bounds.
Tried aggregator 3 times.
MIP Presolve modified 78 coefficients.
Aggregator did 994 substitutions.
Reduced MIP has 654 rows, 1093 columns, and 3270 nonzeros.
Reduced MIP has 1083 binaries, 10 generals, 0 SOSs, and 561 indicators.
Presolve time = 0.01 sec. (7.83 ticks)
Probing time = 0.01 sec. (10.09 ticks)
Tried aggregator 1 time.
Reduced MIP has 654 rows, 1093 columns, and 3270 nonzeros.
Reduced MIP has 1083 binaries, 10 generals, 0 SOSs, and 561 indicators.
Presolve time = 0.00 sec. (3.90 ticks)
Probing time = 0.00 sec. (2.74 ticks)
Clique table members: 14019.
MIP emphasis: balance optimality and feasibility.
MIP search method: dynamic search.
Parallel mode: none, using 1 thread.
Root relaxation solution time = 0.00 sec. (1.43 ticks)

        Nodes                                         Cuts/
   Node  Left     Objective  IInf  Best Integer    Best Bound    ItCnt     Gap

      0     0        2.0000   483                      2.0000       40         
      0     0        2.0000   377                Cliques: 263      256         
      0     0        2.0000   315                Cliques: 263      384         
      0     0        2.0000   210                Cliques: 263      605         
      0     0        2.0000   119                Cliques: 263      850         
      0     0        2.0000    30                Cliques: 263     1209         
      0     0        2.0000    14                   Cuts: 189     1474         
      0     0        2.0000    24                   Cuts: 173     1563         
      0     0        2.0000    12                   Cuts: 247     1601         
      0     0        2.0000    27                    Cuts: 36     1689         
*     0+    0                           11.0000        2.0000            81.82%
*     0+    0                           10.0000        2.0000            80.00%
*     0+    0                            8.0000        2.0000            75.00%

Repeating presolve.
Tried aggregator 1 time.
MIP Presolve eliminated 352 rows and 585 columns.
Reduced MIP has 380 rows, 508 columns, and 1602 nonzeros.
Reduced MIP has 498 binaries, 10 generals, 0 SOSs, and 171 indicators.
Presolve time = 0.00 sec. (1.19 ticks)
Probing time = 0.00 sec. (2.33 ticks)
Tried aggregator 2 times.
Aggregator did 78 substitutions.
Reduced MIP has 302 rows, 430 columns, and 1446 nonzeros.
Reduced MIP has 420 binaries, 10 generals, 0 SOSs, and 171 indicators.
Presolve time = 0.00 sec. (1.73 ticks)
Probing time = 0.00 sec. (2.02 ticks)
Tried aggregator 1 time.
Reduced MIP has 302 rows, 430 columns, and 1446 nonzeros.
Reduced MIP has 420 binaries, 10 generals, 0 SOSs, and 171 indicators.
Presolve time = 0.00 sec. (1.69 ticks)
Represolve time = 0.03 sec. (33.11 ticks)
Probing time = 0.00 sec. (2.02 ticks)
Clique table members: 1286.
MIP emphasis: balance optimality and feasibility.
MIP search method: dynamic search.
Parallel mode: none, using 1 thread.
Root relaxation solution time = 0.00 sec. (1.66 ticks)

        Nodes                                         Cuts/
   Node  Left     Objective  IInf  Best Integer    Best Bound    ItCnt     Gap

*     0+    0                            8.0000        2.0000            75.00%
      0     0        2.0000    78        8.0000        2.0000     1750   75.00%
      0     0        2.0000    67        8.0000     Cuts: 175     1934   75.00%
      0     0        2.0000    42        8.0000     Cuts: 175     2009   75.00%
      0     0        2.0000    58        8.0000     Cuts: 175     2161   75.00%
      0     0        2.0000    20        8.0000     Cuts: 175     2278   75.00%
      0     0        2.0000    40        8.0000     Cuts: 175     2434   75.00%
*     0+    0                            7.0000        2.0000            71.43%
*     0+    0                            6.0000        2.0000            66.67%
      0     0        cutoff              6.0000        2.0000     2434   66.67%
Elapsed time = 0.68 sec. (750.48 ticks, tree = 0.01 MB, solutions = 5)

Clique cuts applied:  66
Implied bound cuts applied:  97
Zero-half cuts applied:  4

Root node processing (before b&c):
  Real time             =    0.68 sec. (750.78 ticks)
Sequential b&c:
  Real time             =    0.00 sec. (0.00 ticks)
                          ------------
Total (root+branch&cut) =    0.68 sec. (750.78 ticks)
   | W
 L | 0 1 2 3 4 
--------------
 0 | 7 7 2 5 5 
 1 | 7 7 3 5 5 
 2 | . 6 6 8 8 
 3 | 1 6 6 8 8 
 4 | 9 9 4 4 . 
 5 | 9 9 4 4 . 
 6 | . . . . . 
 7 | . . . . . 
 8 | . . . . . 
 9 | . . . . . 
10 | . . . . . 
11 | . . . . . 
12 | . . . . . 
13 | . . . . . 
14 | . . . . . 

Boxes' corners:      (w,l)
    Box 1 is at 
        top left     (0,3)
        bottom right (0,3)

    Box 2 is at 
        top left     (2,0)
        bottom right (2,0)

    Box 3 is at 
        top left     (2,1)
        bottom right (2,1)

    Box 4 is at 
        top left     (2,4)
        bottom right (3,5)

    Box 5 is at 
        top left     (3,0)
        bottom right (4,1)

    Box 6 is at 
        top left     (1,2)
        bottom right (2,3)

    Box 7 is at 
        top left     (0,0)
        bottom right (1,1)

    Box 8 is at 
        top left     (3,2)
        bottom right (4,3)

    Box 9 is at 
        top left     (0,4)
        bottom right (1,5)

    Roll length used: 6
In 0.7 seconds
