Sat 19 May 19:15:47 CEST 2018
CPXPARAM_TimeLimit                               45
CPXPARAM_Threads                                 1
CPXPARAM_MIP_Strategy_CallbackReducedLP          0
Tried aggregator 3 times.
MIP Presolve eliminated 1968 rows and 2043 columns.
MIP Presolve modified 5647 coefficients.
Aggregator did 11296 substitutions.
Reduced MIP has 12586 rows, 8087 columns, and 26844 nonzeros.
Reduced MIP has 7541 binaries, 6 generals, 0 SOSs, and 540 indicators.
Presolve time = 0.13 sec. (287.76 ticks)
Found incumbent of value 21.000000 after 0.16 sec. (316.19 ticks)
Probing time = 0.12 sec. (111.26 ticks)
Tried aggregator 2 times.
Aggregator did 5932 substitutions.
Reduced MIP has 6654 rows, 2155 columns, and 14980 nonzeros.
Reduced MIP has 1609 binaries, 546 generals, 0 SOSs, and 540 indicators.
Presolve time = 0.02 sec. (21.14 ticks)
Probing time = 0.07 sec. (79.69 ticks)
Tried aggregator 1 time.
Reduced MIP has 6654 rows, 2155 columns, and 14980 nonzeros.
Reduced MIP has 1609 binaries, 546 generals, 0 SOSs, and 540 indicators.
Presolve time = 0.01 sec. (11.84 ticks)
Probing time = 0.00 sec. (4.56 ticks)
Clique table members: 22944.
MIP emphasis: balance optimality and feasibility.
MIP search method: dynamic search.
Parallel mode: none, using 1 thread.
Root relaxation solution time = 0.03 sec. (38.24 ticks)

        Nodes                                         Cuts/
   Node  Left     Objective  IInf  Best Integer    Best Bound    ItCnt     Gap

*     0+    0                           21.0000        0.0000           100.00%
      0     0        0.0000   735       21.0000        0.0000      558  100.00%
      0     0        0.0000   587       21.0000 Cliques: 1763      931  100.00%
      0     0        0.0000   463       21.0000 Cliques: 1763     1208  100.00%
      0     0        0.0000   474       21.0000      Cuts: 98     1326  100.00%
      0     0        0.0000   239       21.0000   ZeroHalf: 2     1327  100.00%
      0     0        0.0000   242       21.0000       Cuts: 8     1347  100.00%
*     0+    0                           16.0000        0.0000           100.00%
      0     2        0.0000    17       16.0000        0.0000     1347  100.00%
Elapsed time = 5.99 sec. (6713.01 ticks, tree = 0.01 MB, solutions = 2)
      3     5        0.0000   929       16.0000        0.0000     2663  100.00%
      6     8        0.0000   262       16.0000        0.0000     4031  100.00%
     45    41        0.0000   230       16.0000        0.0000     5313  100.00%
*    87    59      integral     0       15.0000        0.0000     6606  100.00%
     88    59        0.0000   481       15.0000        0.0000     6945  100.00%
*    90+   46                           12.0000        0.0000           100.00%
     98    50        8.0000   373       12.0000        0.0000     7907  100.00%
*   115    49      integral     0       11.0000        0.0000     8699  100.00%
    117    50       10.0000   117       11.0000        0.0000     9100  100.00%
    137    52    infeasible             11.0000        0.0000    10148  100.00%
*   146    48      integral     0       10.0000        0.0000    10513  100.00%
    183    61        0.0000   119       10.0000        0.0000    11093  100.00%
    223    62        cutoff             10.0000        0.0000    12848  100.00%
    324    57        9.0000   115       10.0000        0.0000    18821  100.00%
Elapsed time = 8.94 sec. (10026.14 ticks, tree = 0.34 MB, solutions = 6)
    366    55        9.0000    88       10.0000        0.0000    24357  100.00%
    420    55    infeasible             10.0000        0.0000    29535  100.00%
    478    55        0.0000   312       10.0000        0.0000    35979  100.00%
    537    56    infeasible             10.0000        0.0000    42097  100.00%
    574    56    infeasible             10.0000        0.0000    47710  100.00%
    622    46        9.0000     1       10.0000        2.0000    53237   80.00%
    704    17        9.0000   242       10.0000        9.0000    58881   10.00%
    767    16        9.0000   217       10.0000        9.0000    65051   10.00%
    827    10        9.0000   483       10.0000        9.0000    70330   10.00%
    894     9        9.0000   220       10.0000        9.0000    75229   10.00%
Elapsed time = 16.52 sec. (19689.89 ticks, tree = 0.02 MB, solutions = 6)

Clique cuts applied:  2067
Implied bound cuts applied:  41
Zero-half cuts applied:  86

Root node processing (before b&c):
  Real time             =    6.00 sec. (6714.02 ticks)
Sequential b&c:
  Real time             =   10.86 sec. (13371.66 ticks)
                          ------------
Total (root+branch&cut) =   16.86 sec. (20085.68 ticks)
   | W
 L | 0 1 2 3 4 
--------------
 0 | 4 4 4 4 4 
 1 | 4 4 4 4 4 
 2 | 1 1 1 1 1 
 3 | 1 1 1 1 1 
 4 | 3 3 3 3 3 
 5 | 3 3 3 3 3 
 6 | 2 2 2 2 2 
 7 | 2 2 2 2 2 
 8 | 5 5 5 5 5 
 9 | 5 5 5 5 5 
10 | . . . . . 
11 | . . . . . 
12 | . . . . . 
13 | . . . . . 
14 | . . . . . 
15 | . . . . . 
16 | . . . . . 
17 | . . . . . 
18 | . . . . . 
19 | . . . . . 
20 | . . . . . 
21 | . . . . . 
22 | . . . . . 
23 | . . . . . 
24 | . . . . . 

Boxes' corners:      (w,l)
    Box 1 is at 
        top left     (0,2)
        bottom right (4,3)

    Box 2 is at 
        top left     (0,6)
        bottom right (4,7)

    Box 3 is at 
        top left     (0,4)
        bottom right (4,5)

    Box 4 is at 
        top left     (0,0)
        bottom right (4,1)

    Box 5 is at 
        top left     (0,8)
        bottom right (4,9)

    Roll length used: 10
In 16.96 seconds
