Sat 19 May 19:18:25 CEST 2018
CPXPARAM_TimeLimit                               45
CPXPARAM_Threads                                 1
CPXPARAM_MIP_Strategy_CallbackReducedLP          0
Tried aggregator 2 times.
MIP Presolve eliminated 288 rows and 292 columns.
Aggregator did 192 substitutions.
Reduced MIP has 248 rows, 293 columns, and 632 nonzeros.
Reduced MIP has 288 binaries, 5 generals, 0 SOSs, and 72 indicators.
Presolve time = 0.00 sec. (1.11 ticks)
Probing time = 0.00 sec. (1.21 ticks)
Cover probing fixed 0 vars, tightened 5 bounds.
Tried aggregator 3 times.
MIP Presolve modified 48 coefficients.
Aggregator did 120 substitutions.
Reduced MIP has 152 rows, 173 columns, and 440 nonzeros.
Reduced MIP has 168 binaries, 5 generals, 0 SOSs, and 48 indicators.
Presolve time = 0.00 sec. (0.86 ticks)
Probing time = 0.00 sec. (0.52 ticks)
Tried aggregator 2 times.
Aggregator did 24 substitutions.
Reduced MIP has 128 rows, 149 columns, and 392 nonzeros.
Reduced MIP has 144 binaries, 5 generals, 0 SOSs, and 48 indicators.
Presolve time = 0.00 sec. (1.09 ticks)
Probing time = 0.00 sec. (0.44 ticks)
Clique table members: 328.
MIP emphasis: balance optimality and feasibility.
MIP search method: dynamic search.
Parallel mode: none, using 1 thread.
Root relaxation solution time = 0.00 sec. (0.17 ticks)

        Nodes                                         Cuts/
   Node  Left     Objective  IInf  Best Integer    Best Bound    ItCnt     Gap

      0     0        1.0000    48                      1.0000        6         
*     0+    0                            2.0000        1.0000            50.00%
*     0+    0                            1.0000        1.0000             0.00%
      0     0        cutoff              1.0000        1.0000        6    0.00%
Elapsed time = 0.01 sec. (8.79 ticks, tree = 0.01 MB, solutions = 2)

Root node processing (before b&c):
  Real time             =    0.01 sec. (8.82 ticks)
Sequential b&c:
  Real time             =    0.00 sec. (0.00 ticks)
                          ------------
Total (root+branch&cut) =    0.01 sec. (8.82 ticks)
  | W
L | 0 1 2 3 4 5 
----------------
0 | 4 3 . . 1 2 
1 | . . . . . . 
2 | . . . . . . 
3 | . . . . . . 

Boxes' corners:      (w,l)
    Box 1 is at 
        top left     (4,0)
        bottom right (4,0)

    Box 2 is at 
        top left     (5,0)
        bottom right (5,0)

    Box 3 is at 
        top left     (1,0)
        bottom right (1,0)

    Box 4 is at 
        top left     (0,0)
        bottom right (0,0)

    Roll length used: 1
In 0.01 seconds
