Sat 19 May 19:12:03 CEST 2018
CPXPARAM_TimeLimit                               45
CPXPARAM_Threads                                 1
CPXPARAM_MIP_Strategy_CallbackReducedLP          0
Tried aggregator 2 times.
MIP Presolve eliminated 720 rows and 635 columns.
MIP Presolve modified 130 coefficients.
Aggregator did 128 substitutions.
Reduced MIP has 342 rows, 388 columns, and 1064 nonzeros.
Reduced MIP has 382 binaries, 6 generals, 0 SOSs, and 90 indicators.
Presolve time = 0.00 sec. (2.16 ticks)
Probing time = 0.00 sec. (1.84 ticks)
Cover probing fixed 0 vars, tightened 6 bounds.
Tried aggregator 3 times.
MIP Presolve eliminated 22 rows and 0 columns.
MIP Presolve modified 20 coefficients.
Aggregator did 212 substitutions.
Reduced MIP has 118 rows, 176 columns, and 460 nonzeros.
Reduced MIP has 170 binaries, 6 generals, 0 SOSs, and 80 indicators.
Presolve time = 0.00 sec. (1.43 ticks)
Probing time = 0.00 sec. (0.62 ticks)
Tried aggregator 2 times.
Aggregator did 10 substitutions.
Reduced MIP has 110 rows, 166 columns, and 444 nonzeros.
Reduced MIP has 160 binaries, 6 generals, 0 SOSs, and 78 indicators.
Presolve time = 0.00 sec. (0.88 ticks)
Probing time = 0.00 sec. (0.60 ticks)
Clique table members: 415.
MIP emphasis: balance optimality and feasibility.
MIP search method: dynamic search.
Parallel mode: none, using 1 thread.
Root relaxation solution time = 0.00 sec. (0.25 ticks)

        Nodes                                         Cuts/
   Node  Left     Objective  IInf  Best Integer    Best Bound    ItCnt     Gap

      0     0        2.8000    94                      2.8000       31         
      0     0        3.0000    26                   Cuts: 136      152         
      0     0        3.5385    36                    Cuts: 31      203         
      0     0        3.6203    36                   Cuts: 127      238         
      0     0        3.7000    41                   Cuts: 129      282         
      0     0        3.7778    40                    Cuts: 46      302         
      0     0        3.7778    36                    Cuts: 57      335         
      0     0        3.8750    38                   Cuts: 121      371         
      0     0        3.8750    42                    Cuts: 74      409         
*     0+    0                           10.0000        3.8750            61.25%
      0     0        cutoff             10.0000        3.8750      409   61.25%
Elapsed time = 0.09 sec. (65.16 ticks, tree = 0.01 MB, solutions = 1)

Implied bound cuts applied:  14
Zero-half cuts applied:  5
Gomory fractional cuts applied:  1

Root node processing (before b&c):
  Real time             =    0.09 sec. (65.20 ticks)
Sequential b&c:
  Real time             =    0.00 sec. (0.00 ticks)
                          ------------
Total (root+branch&cut) =    0.09 sec. (65.20 ticks)
   | W
 L | 0 1 2 
----------
 0 | . 2 2 
 1 | . 2 2 
 2 | 1 1 . 
 3 | 1 1 . 
 4 | 4 4 . 
 5 | 4 4 . 
 6 | 5 5 . 
 7 | 5 5 . 
 8 | . 3 3 
 9 | . 3 3 

Boxes' corners:      (w,l)
    Box 1 is at 
        top left     (0,2)
        bottom right (1,3)

    Box 2 is at 
        top left     (1,0)
        bottom right (2,1)

    Box 3 is at 
        top left     (1,8)
        bottom right (2,9)

    Box 4 is at 
        top left     (0,4)
        bottom right (1,5)

    Box 5 is at 
        top left     (0,6)
        bottom right (1,7)

    Roll length used: 10
In 0.08 seconds
