Sat 19 May 19:34:50 CEST 2018
CPXPARAM_TimeLimit                               45
CPXPARAM_Threads                                 1
CPXPARAM_MIP_Strategy_CallbackReducedLP          0
Tried aggregator 3 times.
MIP Presolve eliminated 5917 rows and 5949 columns.
MIP Presolve modified 16901 coefficients.
Aggregator did 30842 substitutions.
Reduced MIP has 43533 rows, 30647 columns, and 94713 nonzeros.
Reduced MIP has 28241 binaries, 12 generals, 0 SOSs, and 3694 indicators.
Presolve time = 0.70 sec. (2312.63 ticks)
Probing time = 0.33 sec. (168.48 ticks)
Tried aggregator 3 times.
Aggregator did 20392 substitutions.
Reduced MIP has 23141 rows, 10255 columns, and 53929 nonzeros.
Reduced MIP has 7849 binaries, 2406 generals, 0 SOSs, and 3694 indicators.
Presolve time = 0.10 sec. (139.68 ticks)
Probing time = 0.12 sec. (123.51 ticks)
Tried aggregator 1 time.
Reduced MIP has 23141 rows, 10255 columns, and 53929 nonzeros.
Reduced MIP has 7849 binaries, 2406 generals, 0 SOSs, and 3694 indicators.
Presolve time = 0.04 sec. (47.94 ticks)
Probing time = 0.01 sec. (9.29 ticks)
Clique table members: 582689.
MIP emphasis: balance optimality and feasibility.
MIP search method: dynamic search.
Parallel mode: none, using 1 thread.
Root relaxation solution time = 0.48 sec. (509.65 ticks)

        Nodes                                         Cuts/
   Node  Left     Objective  IInf  Best Integer    Best Bound    ItCnt     Gap

      0     0        0.0000  4868                      0.0000     2723         
      0     2        0.0000  1335                      0.0000     2723         
Elapsed time = 18.54 sec. (22546.80 ticks, tree = 0.01 MB, solutions = 0)
      3     5        0.0000  1031                      0.0000     4338         
     10    12        0.0000   950                      0.0000     5049         
     21    23       23.0000   330                      0.0000     5975         
     51    53        0.0000   797                      0.0000     5975         
     70    72        0.0000   760                      0.0000     5975         
    106   108        0.0000   596                      0.0000     6251         
    133   135        0.0000   477                      0.0000     6713         
    160   162        0.0000   835                      0.0000     6986         
    188   190        0.0000  1271                      0.0000     7191         
    280   256       19.0000   440                      0.0000     9320         
Elapsed time = 21.18 sec. (26005.07 ticks, tree = 1.89 MB, solutions = 0)
*   346   307      integral     0       20.0000        0.0000     9475  100.00%
    445   404       19.0000   477       20.0000        0.0000    10687  100.00%
*   495+  236                           19.0000        0.0000           100.00%
    568   280       15.0000   136       19.0000        0.0000    12081  100.00%

Root node processing (before b&c):
  Real time             =   18.51 sec. (22521.52 ticks)
Sequential b&c:
  Real time             =   29.23 sec. (47976.84 ticks)
                          ------------
Total (root+branch&cut) =   47.74 sec. (70498.36 ticks)
   | W
 L |  0  1  2  3  4 5 6 7 8 9 
------------------------------
 0 |  .  .  3  .  9 9 . . . . 
 1 |  .  7  7  7  9 9 . 8 8 8 
 2 |  .  7  7  7  9 9 . 8 8 8 
 3 |  .  .  .  .  9 9 . . . . 
 4 |  .  .  .  .  . . . . . . 
 5 |  .  .  .  .  . . . . . . 
 6 |  .  .  .  .  . . . . . . 
 7 |  .  .  .  .  . . . . . . 
 8 |  .  .  .  .  . 6 6 6 . . 
 9 |  .  .  .  .  . 6 6 6 . . 
10 |  .  2  .  .  . . . . . . 
11 |  .  .  .  .  . . . . . . 
12 |  .  .  .  .  . . . . . . 
13 |  .  .  .  .  . . . . . . 
14 |  .  .  .  .  . . . . . . 
15 | 10 10 10 10  . 4 . 5 . . 
16 | 10 10 10 10  . . . . . 1 
17 |  . 11 11 11 11 . . . . . 
18 |  . 11 11 11 11 . . . . . 
19 |  .  .  .  .  . . . . . . 
20 |  .  .  .  .  . . . . . . 
21 |  .  .  .  .  . . . . . . 
22 |  .  .  .  .  . . . . . . 
23 |  .  .  .  .  . . . . . . 
24 |  .  .  .  .  . . . . . . 
25 |  .  .  .  .  . . . . . . 

Boxes' corners:       (w,l)
    Box  1 is at 
        top left     (9,16)
        bottom right (9,16)

    Box  2 is at 
        top left     (1,10)
        bottom right (1,10)

    Box  3 is at 
        top left     (2,0)
        bottom right (2,0)

    Box  4 is at 
        top left     (5,15)
        bottom right (5,15)

    Box  5 is at 
        top left     (7,15)
        bottom right (7,15)

    Box  6 is at 
        top left     (5,8)
        bottom right (7,9)

    Box  7 is at 
        top left     (1,1)
        bottom right (3,2)

    Box  8 is at 
        top left     (7,1)
        bottom right (9,2)

    Box  9 is at 
        top left     (4,0)
        bottom right (5,3)

    Box 10 is at 
        top left     (0,15)
        bottom right (3,16)

    Box 11 is at 
        top left     (1,17)
        bottom right (4,18)

    Roll length used: 19
In 48.48 seconds
