Sat 19 May 19:24:46 CEST 2018
CPXPARAM_TimeLimit                               45
CPXPARAM_Threads                                 1
CPXPARAM_MIP_Strategy_CallbackReducedLP          0
Tried aggregator 3 times.
MIP Presolve eliminated 96 rows and 98 columns.
Aggregator did 64 substitutions.
Reduced MIP has 100 rows, 99 columns, and 228 nonzeros.
Reduced MIP has 96 binaries, 3 generals, 0 SOSs, and 16 indicators.
Presolve time = 0.00 sec. (0.44 ticks)
Found incumbent of value 2.000000 after 0.00 sec. (0.90 ticks)
Probing time = 0.00 sec. (0.24 ticks)
Cover probing fixed 0 vars, tightened 3 bounds.
Tried aggregator 3 times.
MIP Presolve modified 32 coefficients.
Aggregator did 48 substitutions.
Reduced MIP has 68 rows, 51 columns, and 164 nonzeros.
Reduced MIP has 48 binaries, 3 generals, 0 SOSs, and 0 indicators.
Presolve time = 0.00 sec. (0.28 ticks)
Probing time = 0.00 sec. (0.09 ticks)
Tried aggregator 2 times.
Aggregator did 16 substitutions.
Reduced MIP has 52 rows, 35 columns, and 132 nonzeros.
Reduced MIP has 32 binaries, 3 generals, 0 SOSs, and 0 indicators.
Presolve time = 0.00 sec. (0.15 ticks)
Probing time = 0.00 sec. (0.05 ticks)
Tried aggregator 1 time.
Reduced MIP has 52 rows, 35 columns, and 132 nonzeros.
Reduced MIP has 32 binaries, 3 generals, 0 SOSs, and 0 indicators.
Presolve time = 0.00 sec. (0.11 ticks)
Probing time = 0.00 sec. (0.05 ticks)
Clique table members: 18.
MIP emphasis: balance optimality and feasibility.
MIP search method: dynamic search.
Parallel mode: none, using 1 thread.
Root relaxation solution time = 0.00 sec. (0.06 ticks)

        Nodes                                         Cuts/
   Node  Left     Objective  IInf  Best Integer    Best Bound    ItCnt     Gap

*     0+    0                            2.0000        1.0000            50.00%
*     0     0      integral     0        1.0000        1.0000       17    0.00%
Elapsed time = 0.01 sec. (2.17 ticks, tree = 0.00 MB, solutions = 2)

Root node processing (before b&c):
  Real time             =    0.01 sec. (2.18 ticks)
Sequential b&c:
  Real time             =    0.00 sec. (0.00 ticks)
                          ------------
Total (root+branch&cut) =    0.01 sec. (2.18 ticks)
  | W
L | 0 1 2 3 4 5 6 7 
--------------------
0 | 1 2 . . . . . . 
1 | . . . . . . . . 

Boxes' corners:      (w,l)
    Box 1 is at 
        top left     (0,0)
        bottom right (0,0)

    Box 2 is at 
        top left     (1,0)
        bottom right (1,0)

    Roll length used: 1
In 0 seconds
