Sat 19 May 19:40:40 CEST 2018
CPXPARAM_TimeLimit                               45
CPXPARAM_Threads                                 1
CPXPARAM_MIP_Strategy_CallbackReducedLP          0
Tried aggregator 3 times.
MIP Presolve eliminated 220 rows and 188 columns.
MIP Presolve modified 1268 coefficients.
Aggregator did 2348 substitutions.
Reduced MIP has 4580 rows, 3845 columns, and 10372 nonzeros.
Reduced MIP has 3212 binaries, 5 generals, 0 SOSs, and 544 indicators.
Presolve time = 0.03 sec. (35.59 ticks)
Found incumbent of value 8.000000 after 0.04 sec. (47.83 ticks)
Probing time = 0.09 sec. (79.67 ticks)
Tried aggregator 2 times.
Aggregator did 1876 substitutions.
Reduced MIP has 2704 rows, 1969 columns, and 6620 nonzeros.
Reduced MIP has 1336 binaries, 633 generals, 0 SOSs, and 544 indicators.
Presolve time = 0.01 sec. (9.52 ticks)
Probing time = 0.04 sec. (30.54 ticks)
Tried aggregator 1 time.
Reduced MIP has 2704 rows, 1969 columns, and 6620 nonzeros.
Reduced MIP has 1336 binaries, 633 generals, 0 SOSs, and 544 indicators.
Presolve time = 0.01 sec. (6.07 ticks)
Probing time = 0.01 sec. (3.93 ticks)
Clique table members: 30188.
MIP emphasis: balance optimality and feasibility.
MIP search method: dynamic search.
Parallel mode: none, using 1 thread.
Root relaxation solution time = 0.00 sec. (4.31 ticks)

        Nodes                                         Cuts/
   Node  Left     Objective  IInf  Best Integer    Best Bound    ItCnt     Gap

*     0+    0                            8.0000        0.0000           100.00%
      0     0        0.0000   575        8.0000        0.0000       42  100.00%
*     0+    0                            2.0000        0.0000           100.00%

Repeating presolve.
Tried aggregator 1 time.
MIP Presolve eliminated 2483 rows and 1756 columns.
MIP Presolve modified 520 coefficients.
Reduced MIP has 261 rows, 211 columns, and 580 nonzeros.
Reduced MIP has 171 binaries, 40 generals, 0 SOSs, and 0 indicators.
Presolve time = 0.00 sec. (3.32 ticks)
Probing fixed 5 vars, tightened 0 bounds.
Probing time = 0.00 sec. (0.72 ticks)
Tried aggregator 3 times.
MIP Presolve eliminated 200 rows and 125 columns.
MIP Presolve modified 36 coefficients.
Aggregator did 19 substitutions.
Reduced MIP has 42 rows, 67 columns, and 174 nonzeros.
Reduced MIP has 67 binaries, 0 generals, 0 SOSs, and 0 indicators.
Presolve time = 0.00 sec. (0.40 ticks)
Probing time = 0.00 sec. (0.08 ticks)
Tried aggregator 2 times.
MIP Presolve eliminated 2 rows and 8 columns.
Aggregator did 27 substitutions.
Reduced MIP has 13 rows, 32 columns, and 88 nonzeros.
Reduced MIP has 32 binaries, 0 generals, 0 SOSs, and 0 indicators.
Presolve time = 0.00 sec. (0.13 ticks)
Probing time = 0.00 sec. (0.03 ticks)
Tried aggregator 1 time.
MIP Presolve eliminated 2 rows and 8 columns.
Reduced MIP has 11 rows, 24 columns, and 56 nonzeros.
Reduced MIP has 24 binaries, 0 generals, 0 SOSs, and 0 indicators.
Presolve time = 0.00 sec. (0.04 ticks)
Probing time = 0.00 sec. (0.02 ticks)
Tried aggregator 1 time.
MIP Presolve eliminated 2 rows and 4 columns.
Reduced MIP has 9 rows, 20 columns, and 40 nonzeros.
Reduced MIP has 20 binaries, 0 generals, 0 SOSs, and 0 indicators.
Presolve time = 0.00 sec. (0.03 ticks)
Probing time = 0.00 sec. (0.01 ticks)
Tried aggregator 1 time.
Reduced MIP has 9 rows, 20 columns, and 40 nonzeros.
Reduced MIP has 20 binaries, 0 generals, 0 SOSs, and 0 indicators.
Presolve time = 0.00 sec. (0.03 ticks)
Represolve time = 0.01 sec. (6.54 ticks)
Probing time = 0.00 sec. (0.01 ticks)
Clique table members: 9.
MIP emphasis: balance optimality and feasibility.
MIP search method: dynamic search.
Parallel mode: none, using 1 thread.
Root relaxation solution time = 0.00 sec. (0.02 ticks)

        Nodes                                         Cuts/
   Node  Left     Objective  IInf  Best Integer    Best Bound    ItCnt     Gap

*     0+    0                            2.0000        1.0000            50.00%
*     0     0      integral     0        1.0000        1.0000      407    0.00%
Elapsed time = 0.68 sec. (624.19 ticks, tree = 0.00 MB, solutions = 3)

Root node processing (before b&c):
  Real time             =    0.68 sec. (624.42 ticks)
Sequential b&c:
  Real time             =    0.00 sec. (0.00 ticks)
                          ------------
Total (root+branch&cut) =    0.68 sec. (624.42 ticks)
  | W
L | 0 1 2 3 4 5 6 7 8 9 10 
----------------------------
0 | 4 4 3 3 2 2 . 1 1 .  . 
1 | . . . . . . . . . .  . 
2 | . . . . . . . . . .  . 
3 | . . . . . . . . . .  . 
4 | . . . . . . . . . .  . 
5 | . . . . . . . . . .  . 
6 | . . . . . . . . . .  . 
7 | . . . . . . . . . .  . 

Boxes' corners:      (w,l)
    Box 1 is at 
        top left     (7,0)
        bottom right (8,0)

    Box 2 is at 
        top left     (4,0)
        bottom right (5,0)

    Box 3 is at 
        top left     (2,0)
        bottom right (3,0)

    Box 4 is at 
        top left     (0,0)
        bottom right (1,0)

    Roll length used: 1
In 0.69 seconds
