Sat 19 May 19:12:40 CEST 2018
CPXPARAM_TimeLimit                               45
CPXPARAM_Threads                                 1
CPXPARAM_MIP_Strategy_CallbackReducedLP          0
Tried aggregator 12 times.
MIP Presolve eliminated 5408 rows and 5122 columns.
MIP Presolve modified 6957 coefficients.
Aggregator did 17578 substitutions.
Reduced MIP has 19124 rows, 15473 columns, and 42156 nonzeros.
Reduced MIP has 14117 binaries, 14 generals, 0 SOSs, and 2114 indicators.
Presolve time = 0.35 sec. (777.72 ticks)
Found incumbent of value 45.000000 after 0.47 sec. (919.80 ticks)
Probing fixed 20 vars, tightened 0 bounds.
Probing time = 0.79 sec. (675.05 ticks)
Tried aggregator 9 times.
MIP Presolve eliminated 5559 rows and 1800 columns.
MIP Presolve modified 1066 coefficients.
Aggregator did 8571 substitutions.
Reduced MIP has 4994 rows, 5102 columns, and 17990 nonzeros.
Reduced MIP has 4554 binaries, 548 generals, 0 SOSs, and 1618 indicators.
Presolve time = 0.10 sec. (138.03 ticks)
Probing time = 0.13 sec. (102.99 ticks)
Tried aggregator 9 times.
Aggregator did 1058 substitutions.
Reduced MIP has 3936 rows, 4044 columns, and 15874 nonzeros.
Reduced MIP has 3496 binaries, 548 generals, 0 SOSs, and 1618 indicators.
Presolve time = 0.05 sec. (55.21 ticks)
Probing time = 0.12 sec. (98.13 ticks)
Tried aggregator 1 time.
Reduced MIP has 3936 rows, 4044 columns, and 15874 nonzeros.
Reduced MIP has 3496 binaries, 548 generals, 0 SOSs, and 1618 indicators.
Presolve time = 0.01 sec. (17.01 ticks)
Probing time = 0.01 sec. (4.74 ticks)
Clique table members: 74630.
MIP emphasis: balance optimality and feasibility.
MIP search method: dynamic search.
Parallel mode: none, using 1 thread.
Root relaxation solution time = 0.03 sec. (47.76 ticks)

        Nodes                                         Cuts/
   Node  Left     Objective  IInf  Best Integer    Best Bound    ItCnt     Gap

*     0+    0                           45.0000        0.0000           100.00%
      0     0        0.0000  1607       45.0000        0.0000      602  100.00%
      0     0        0.0000  1729       45.0000 Cliques: 1084      896  100.00%
      0     0        0.0000  1555       45.0000 Cliques: 1084     1142  100.00%
      0     0        0.0000  1586       45.0000 Cliques: 1084     1304  100.00%
      0     2        0.0000  1586       45.0000        0.0000     1304  100.00%
Elapsed time = 12.19 sec. (12663.92 ticks, tree = 0.01 MB, solutions = 1)
     10    12        0.0000  1061       45.0000        0.0000     1936  100.00%
     65    67        6.0000   814       45.0000        0.0000     1971  100.00%
     91    93        0.0000   831       45.0000        0.0000     2533  100.00%
    114   116        0.0000   762       45.0000        0.0000     3466  100.00%
    124   126        0.0000   781       45.0000        0.0000     4502  100.00%
    134   136        0.0000   818       45.0000        0.0000     5605  100.00%
    151   153        0.0000   750       45.0000        0.0000     6196  100.00%
    189   191        0.0000   743       45.0000        0.0000     6994  100.00%
    220   222        0.0000   709       45.0000        0.0000     7884  100.00%
    378   378       14.0000   312       45.0000        0.0000    10375  100.00%
Elapsed time = 15.39 sec. (15974.42 ticks, tree = 23.05 MB, solutions = 1)
*   466   414      integral     0       44.0000        0.0000    11251  100.00%
*   500+  410                           43.0000        0.0000           100.00%
    530   434       37.0000   203       43.0000        0.0000    12535  100.00%
*   610+  474                           42.0000        0.0000           100.00%
*   720+  377                           40.0000        0.0000           100.00%
    720   378        0.0000   359       40.0000        0.0000    20058  100.00%
*   750+  256                           38.0000        0.0000           100.00%
    751   244        0.0000   201       38.0000        0.0000    23474  100.00%
    760   249        0.0000    77       38.0000        0.0000    26338  100.00%
*   770+  178                           37.0000        0.0000           100.00%
*   780+  135                           32.0000        0.0000           100.00%
*   800+  106                           27.0000        0.0000           100.00%
    808   104        0.0000   413       27.0000        0.0000    31545  100.00%
*   820+   77                           24.0000        0.0000           100.00%
*   820+   60                           23.0000        0.0000           100.00%
    826    62        0.0000   160       23.0000        0.0000    32710  100.00%
*   850+   41                           22.0000        0.0000           100.00%
    851    42        0.0000   307       22.0000        0.0000    41224  100.00%
    866    47        3.0000   468       22.0000        3.0000    48289   86.36%
    874    49        3.0000   479       22.0000        3.0000    55521   86.36%

Clique cuts applied:  305
Implied bound cuts applied:  26
Mixed integer rounding cuts applied:  12
Zero-half cuts applied:  5
Gomory fractional cuts applied:  1

Root node processing (before b&c):
  Real time             =   12.19 sec. (12666.91 ticks)
Sequential b&c:
  Real time             =   32.83 sec. (40401.74 ticks)
                          ------------
Total (root+branch&cut) =   45.02 sec. (53068.65 ticks)
   | W
 L |  0 1  2 
------------
 0 |  7 7 13 
 1 |  7 7 13 
 2 |  7 7 13 
 3 |  7 7 13 
 4 |  8 8 13 
 5 |  8 8  3 
 6 |  8 8  3 
 7 |  8 8  3 
 8 |  6 6  2 
 9 |  6 6  2 
10 |  6 6  2 
11 |  6 6 12 
12 |  4 4 12 
13 |  4 4 12 
14 |  4 4 12 
15 |  4 4 12 
16 |  1 1  1 
17 | 10 9 11 
18 |  5 5 11 
19 |  5 5 11 
20 |  5 5 11 
21 |  5 5 11 
22 |  . .  . 
23 |  . .  . 
24 |  . .  . 
25 |  . .  . 
26 |  . .  . 
27 |  . .  . 
28 |  . .  . 
29 |  . .  . 
30 |  . .  . 
31 |  . .  . 
32 |  . .  . 
33 |  . .  . 
34 |  . .  . 
35 |  . .  . 
36 |  . .  . 
37 |  . .  . 
38 |  . .  . 
39 |  . .  . 
40 |  . .  . 
41 |  . .  . 
42 |  . .  . 
43 |  . .  . 
44 |  . .  . 
45 |  . .  . 

Boxes' corners:       (w,l)
    Box  1 is at 
        top left     (0,16)
        bottom right (2,16)

    Box  2 is at 
        top left     (2,8)
        bottom right (2,10)

    Box  3 is at 
        top left     (2,5)
        bottom right (2,7)

    Box  4 is at 
        top left     (0,12)
        bottom right (1,15)

    Box  5 is at 
        top left     (0,18)
        bottom right (1,21)

    Box  6 is at 
        top left     (0,8)
        bottom right (1,11)

    Box  7 is at 
        top left     (0,0)
        bottom right (1,3)

    Box  8 is at 
        top left     (0,4)
        bottom right (1,7)

    Box  9 is at 
        top left     (1,17)
        bottom right (1,17)

    Box 10 is at 
        top left     (0,17)
        bottom right (0,17)

    Box 11 is at 
        top left     (2,17)
        bottom right (2,21)

    Box 12 is at 
        top left     (2,11)
        bottom right (2,15)

    Box 13 is at 
        top left     (2,0)
        bottom right (2,4)

    Roll length used: 22
In 45.31 seconds
