Sat 19 May 19:13:25 CEST 2018
CPXPARAM_TimeLimit                               45
CPXPARAM_Threads                                 1
CPXPARAM_MIP_Strategy_CallbackReducedLP          0
Tried aggregator 3 times.
MIP Presolve eliminated 48 rows and 50 columns.
Aggregator did 32 substitutions.
Reduced MIP has 52 rows, 51 columns, and 116 nonzeros.
Reduced MIP has 48 binaries, 3 generals, 0 SOSs, and 8 indicators.
Presolve time = 0.00 sec. (0.22 ticks)
Found incumbent of value 2.000000 after 0.00 sec. (0.44 ticks)
Probing time = 0.00 sec. (0.09 ticks)
Cover probing fixed 0 vars, tightened 3 bounds.
Tried aggregator 3 times.
MIP Presolve modified 16 coefficients.
Aggregator did 24 substitutions.
Reduced MIP has 36 rows, 27 columns, and 84 nonzeros.
Reduced MIP has 24 binaries, 3 generals, 0 SOSs, and 0 indicators.
Presolve time = 0.00 sec. (0.13 ticks)
Probing time = 0.00 sec. (0.03 ticks)
Tried aggregator 2 times.
Aggregator did 8 substitutions.
Reduced MIP has 28 rows, 19 columns, and 68 nonzeros.
Reduced MIP has 16 binaries, 3 generals, 0 SOSs, and 0 indicators.
Presolve time = 0.00 sec. (0.07 ticks)
Probing time = 0.00 sec. (0.02 ticks)
Tried aggregator 1 time.
Reduced MIP has 28 rows, 19 columns, and 68 nonzeros.
Reduced MIP has 16 binaries, 3 generals, 0 SOSs, and 0 indicators.
Presolve time = 0.00 sec. (0.05 ticks)
Probing time = 0.00 sec. (0.02 ticks)
Clique table members: 10.
MIP emphasis: balance optimality and feasibility.
MIP search method: dynamic search.
Parallel mode: none, using 1 thread.
Root relaxation solution time = 0.00 sec. (0.03 ticks)

        Nodes                                         Cuts/
   Node  Left     Objective  IInf  Best Integer    Best Bound    ItCnt     Gap

*     0+    0                            2.0000        1.0000            50.00%
*     0     0      integral     0        1.0000        1.0000        9    0.00%
Elapsed time = 0.00 sec. (0.98 ticks, tree = 0.00 MB, solutions = 2)

Root node processing (before b&c):
  Real time             =    0.00 sec. (0.98 ticks)
Sequential b&c:
  Real time             =    0.00 sec. (0.00 ticks)
                          ------------
Total (root+branch&cut) =    0.00 sec. (0.98 ticks)
  | W
L | 0 1 2 3 
------------
0 | 1 2 . . 
1 | . . . . 

Boxes' corners:      (w,l)
    Box 1 is at 
        top left     (0,0)
        bottom right (0,0)

    Box 2 is at 
        top left     (1,0)
        bottom right (1,0)

    Roll length used: 1
In 0 seconds
