Sat 19 May 19:13:25 CEST 2018
CPXPARAM_TimeLimit                               45
CPXPARAM_Threads                                 1
CPXPARAM_MIP_Strategy_CallbackReducedLP          0
Tried aggregator 3 times.
MIP Presolve eliminated 867 rows and 705 columns.
MIP Presolve modified 621 coefficients.
Aggregator did 1087 substitutions.
Reduced MIP has 2078 rows, 1896 columns, and 5120 nonzeros.
Reduced MIP has 1649 binaries, 7 generals, 0 SOSs, and 339 indicators.
Presolve time = 0.01 sec. (15.16 ticks)
Found incumbent of value 12.000000 after 0.03 sec. (27.12 ticks)
Probing time = 0.03 sec. (23.25 ticks)
Cover probing fixed 0 vars, tightened 4 bounds.
Tried aggregator 3 times.
MIP Presolve modified 18 coefficients.
Aggregator did 928 substitutions.
Reduced MIP has 1150 rows, 968 columns, and 3264 nonzeros.
Reduced MIP has 721 binaries, 247 generals, 0 SOSs, and 339 indicators.
Presolve time = 0.01 sec. (5.92 ticks)
Probing time = 0.01 sec. (9.26 ticks)
Tried aggregator 1 time.
Reduced MIP has 1150 rows, 968 columns, and 3264 nonzeros.
Reduced MIP has 721 binaries, 247 generals, 0 SOSs, and 339 indicators.
Presolve time = 0.00 sec. (3.03 ticks)
Probing time = 0.00 sec. (3.05 ticks)
Clique table members: 9007.
MIP emphasis: balance optimality and feasibility.
MIP search method: dynamic search.
Parallel mode: none, using 1 thread.
Root relaxation solution time = 0.00 sec. (3.47 ticks)

        Nodes                                         Cuts/
   Node  Left     Objective  IInf  Best Integer    Best Bound    ItCnt     Gap

*     0+    0                           12.0000        2.0000            83.33%
      0     0        2.0000   383       12.0000        2.0000      145   83.33%
      0     0        2.0000   323       12.0000  Cliques: 387      314   83.33%
      0     0        2.0000   345       12.0000  Cliques: 387      421   83.33%
      0     0        2.0000   268       12.0000  Cliques: 387      595   83.33%
      0     0        2.0000   262       12.0000     Cuts: 128      724   83.33%
      0     0        2.0000   147       12.0000      Cuts: 38      880   83.33%
      0     0        2.0000    91       12.0000     Cuts: 256      922   83.33%
      0     0        2.0000   176       12.0000     Cuts: 179      976   83.33%
*     0+    0                            8.0000        2.0000            75.00%
      0     2        2.0000   167        8.0000        2.0000      976   75.00%
Elapsed time = 0.43 sec. (471.98 ticks, tree = 0.01 MB, solutions = 2)
*    44    30      integral     0        7.0000        2.0000     1449   71.43%
*    70+   32                            6.0000        2.0000            66.67%
*    97    22      integral     0        5.0000        2.0000     2420   60.00%

Clique cuts applied:  31
Implied bound cuts applied:  135
Mixed integer rounding cuts applied:  1
Zero-half cuts applied:  13

Root node processing (before b&c):
  Real time             =    0.43 sec. (472.12 ticks)
Sequential b&c:
  Real time             =    0.20 sec. (238.79 ticks)
                          ------------
Total (root+branch&cut) =    0.63 sec. (710.90 ticks)
   | W
 L | 0 1 2 3 
------------
 0 | 3 3 4 4 
 1 | 3 3 6 5 
 2 | 2 2 6 5 
 3 | 2 2 1 1 
 4 | . . 1 1 
 5 | . . . . 
 6 | . . . . 
 7 | . . . . 
 8 | . . . . 
 9 | . . . . 
10 | . . . . 
11 | . . . . 

Boxes' corners:      (w,l)
    Box 1 is at 
        top left     (2,3)
        bottom right (3,4)

    Box 2 is at 
        top left     (0,2)
        bottom right (1,3)

    Box 3 is at 
        top left     (0,0)
        bottom right (1,1)

    Box 4 is at 
        top left     (2,0)
        bottom right (3,0)

    Box 5 is at 
        top left     (3,1)
        bottom right (3,2)

    Box 6 is at 
        top left     (2,1)
        bottom right (2,2)

    Roll length used: 5
In 0.63 seconds
