Sat 19 May 19:30:06 CEST 2018
CPXPARAM_TimeLimit                               45
CPXPARAM_Threads                                 1
CPXPARAM_MIP_Strategy_CallbackReducedLP          0
Tried aggregator 5 times.
MIP Presolve eliminated 2653 rows and 2540 columns.
MIP Presolve modified 7725 coefficients.
Aggregator did 14782 substitutions.
Reduced MIP has 23881 rows, 19050 columns, and 53595 nonzeros.
Reduced MIP has 16687 binaries, 11 generals, 0 SOSs, and 2919 indicators.
Presolve time = 0.27 sec. (701.64 ticks)
Probing time = 0.88 sec. (730.74 ticks)
Tried aggregator 3 times.
MIP Presolve eliminated 176 rows and 252 columns.
Aggregator did 10558 substitutions.
Reduced MIP has 13147 rows, 8240 columns, and 32127 nonzeros.
Reduced MIP has 5961 binaries, 2279 generals, 0 SOSs, and 2835 indicators.
Presolve time = 0.08 sec. (103.98 ticks)
Probing time = 0.14 sec. (110.78 ticks)
Tried aggregator 1 time.
Reduced MIP has 13147 rows, 8240 columns, and 32127 nonzeros.
Reduced MIP has 5961 binaries, 2279 generals, 0 SOSs, and 2835 indicators.
Presolve time = 0.03 sec. (29.37 ticks)
Probing time = 0.01 sec. (6.97 ticks)
Clique table members: 381520.
MIP emphasis: balance optimality and feasibility.
MIP search method: dynamic search.
Parallel mode: none, using 1 thread.
Root relaxation solution time = 0.08 sec. (107.44 ticks)

        Nodes                                         Cuts/
   Node  Left     Objective  IInf  Best Integer    Best Bound    ItCnt     Gap

      0     0        0.0000  3927                      0.0000      912         
      0     2        0.0000   406                      0.0000      912         
Elapsed time = 13.30 sec. (13982.26 ticks, tree = 0.01 MB, solutions = 0)
      2     4        0.0000  2947                      0.0000     2688         
     40    42        0.0000   338                      0.0000     2827         
     70    72        0.0000   270                      0.0000     3089         
     87    89        0.0000   215                      0.0000     3136         
    140   142        0.0000    97                      0.0000     3453         
    185   187        8.0000    74                      0.0000     3682         
    224   226       20.0000    65                      0.0000     3887         
    259   261       16.0000    64                      0.0000     4643         
*   317   299      integral     0       19.0000        0.0000     4707  100.00%
*   319   236      integral     0       17.0000        0.0000     4736  100.00%
    319   234       17.0000     0       17.0000        0.0000     4736  100.00%
*   373   275      integral     0       16.0000        0.0000     5417  100.00%
*   521+  392                           15.0000        0.0000           100.00%
*   522+  255                           12.0000        0.0000           100.00%
*   523+  246                           10.0000        0.0000           100.00%
    523   248        4.0000   774       10.0000        0.0000     7309  100.00%
Elapsed time = 15.55 sec. (17208.26 ticks, tree = 13.80 MB, solutions = 6)
*   524+  239                            9.0000        0.0000           100.00%
*   525+  235                            8.0000        0.0000           100.00%
*   618   255      integral     0        7.0000        0.0000    10079  100.00%
    648   281        6.0000    11        7.0000        0.0000    11073  100.00%
*   680   247      integral     0        6.0000        0.0000    11304  100.00%
*   726   249      integral     0        5.0000        0.0000    12923  100.00%
*   754   168      integral     0        4.0000        0.0000    14112  100.00%
    778   146        2.0000   527        4.0000        0.0000    15798  100.00%
    798   146        2.0000   505        4.0000        0.0000    21913  100.00%
    817   147        2.0000   547        4.0000        0.0000    27117  100.00%
    837   145        2.0000   281        4.0000        0.0000    32858  100.00%
    864   146        2.0000   276        4.0000        0.0000    37022  100.00%
    902   146    infeasible              4.0000        0.0000    41201  100.00%
    933   149        2.0000   575        4.0000        0.0000    45550  100.00%
    959   153        2.0000   587        4.0000        0.0000    49723  100.00%
    982   152    infeasible              4.0000        0.0000    54617  100.00%
Elapsed time = 22.48 sec. (27218.92 ticks, tree = 7.31 MB, solutions = 12)
   1011   165        1.0000   752        4.0000        0.0000    58207  100.00%
   1065   192        1.0000  1254        4.0000        0.0000    62274  100.00%
   1169   151        1.0000   867        4.0000        0.0000    66553  100.00%
   1231   191        2.0000  1194        4.0000        0.0000    69748  100.00%
   1307   237        0.0000  1179        4.0000        0.0000    72374  100.00%
   1404   277        0.1579  1581        4.0000        0.0000    75410  100.00%
   1461   296    infeasible              4.0000        0.0000    78744  100.00%
   1519   307        1.0000  1916        4.0000        1.0000    81746   75.00%
   1566   329        1.0000  1214        4.0000        1.0000    84947   75.00%
   1588   331        1.0000  1569        4.0000        1.0000    89401   75.00%
Elapsed time = 28.95 sec. (37044.09 ticks, tree = 37.12 MB, solutions = 12)
   1615   346    infeasible              4.0000        1.0000    93550   75.00%
   1641   345    infeasible              4.0000        1.0000    97533   75.00%
   1673   349    infeasible              4.0000        1.0000   101866   75.00%
   1713   347        3.0000  1449        4.0000        1.0000   106418   75.00%
   1763   365        1.0000  1539        4.0000        1.0000   110291   75.00%
   1874   416        1.0000  1484        4.0000        1.0000   114503   75.00%
   1906   429        3.0000   192        4.0000        3.0000   117659   25.00%
   1952    34        3.0000    74        4.0000        3.0000   122175   25.00%
   2024     9        3.0000   150        4.0000        3.0000   128188   25.00%
   2092     5        3.0000   138        4.0000        3.0000   135063   25.00%
Elapsed time = 43.21 sec. (59434.84 ticks, tree = 0.02 MB, solutions = 12)

GUB cover cuts applied:  13
Clique cuts applied:  143
Cover cuts applied:  3
Implied bound cuts applied:  16
Mixed integer rounding cuts applied:  1
Zero-half cuts applied:  41
Lift and project cuts applied:  2
Gomory fractional cuts applied:  3

Root node processing (before b&c):
  Real time             =   13.31 sec. (13984.14 ticks)
Sequential b&c:
  Real time             =   30.00 sec. (45592.67 ticks)
                          ------------
Total (root+branch&cut) =   43.31 sec. (59576.81 ticks)
   | W
 L | 0 1  2  3  4  5 6 7 8 
--------------------------
 0 | . .  9  9  9  9 . . . 
 1 | 3 5  9  9  9  9 1 4 8 
 2 | 3 5 10 10 10 10 1 4 2 
 3 | . 6 10 10 10 10 . 7 2 
 4 | . .  .  .  .  . . . . 
 5 | . .  .  .  .  . . . . 
 6 | . .  .  .  .  . . . . 
 7 | . .  .  .  .  . . . . 
 8 | . .  .  .  .  . . . . 
 9 | . .  .  .  .  . . . . 
10 | . .  .  .  .  . . . . 
11 | . .  .  .  .  . . . . 
12 | . .  .  .  .  . . . . 
13 | . .  .  .  .  . . . . 
14 | . .  .  .  .  . . . . 
15 | . .  .  .  .  . . . . 
16 | . .  .  .  .  . . . . 
17 | . .  .  .  .  . . . . 
18 | . .  .  .  .  . . . . 
19 | . .  .  .  .  . . . . 
20 | . .  .  .  .  . . . . 

Boxes' corners:       (w,l)
    Box  1 is at 
        top left     (6,1)
        bottom right (6,2)

    Box  2 is at 
        top left     (8,2)
        bottom right (8,3)

    Box  3 is at 
        top left     (0,1)
        bottom right (0,2)

    Box  4 is at 
        top left     (7,1)
        bottom right (7,2)

    Box  5 is at 
        top left     (1,1)
        bottom right (1,2)

    Box  6 is at 
        top left     (1,3)
        bottom right (1,3)

    Box  7 is at 
        top left     (7,3)
        bottom right (7,3)

    Box  8 is at 
        top left     (8,1)
        bottom right (8,1)

    Box  9 is at 
        top left     (2,0)
        bottom right (5,1)

    Box 10 is at 
        top left     (2,2)
        bottom right (5,3)

    Roll length used: 4
In 43.55 seconds
