Sat 19 May 19:33:07 CEST 2018
CPXPARAM_TimeLimit                               45
CPXPARAM_Threads                                 1
CPXPARAM_MIP_Strategy_CallbackReducedLP          0
Tried aggregator 3 times.
MIP Presolve eliminated 80 rows and 66 columns.
MIP Presolve modified 270 coefficients.
Aggregator did 552 substitutions.
Reduced MIP has 970 rows, 783 columns, and 2166 nonzeros.
Reduced MIP has 648 binaries, 3 generals, 0 SOSs, and 94 indicators.
Presolve time = 0.01 sec. (4.98 ticks)
Found incumbent of value 4.000000 after 0.01 sec. (7.21 ticks)
Probing time = 0.01 sec. (5.98 ticks)
Tried aggregator 2 times.
Aggregator did 396 substitutions.
Reduced MIP has 574 rows, 387 columns, and 1374 nonzeros.
Reduced MIP has 252 binaries, 135 generals, 0 SOSs, and 94 indicators.
Presolve time = 0.00 sec. (1.80 ticks)
Probing time = 0.00 sec. (2.57 ticks)
Tried aggregator 1 time.
Reduced MIP has 574 rows, 387 columns, and 1374 nonzeros.
Reduced MIP has 252 binaries, 135 generals, 0 SOSs, and 94 indicators.
Presolve time = 0.00 sec. (1.14 ticks)
Probing time = 0.00 sec. (2.55 ticks)
Clique table members: 1376.
MIP emphasis: balance optimality and feasibility.
MIP search method: dynamic search.
Parallel mode: none, using 1 thread.
Root relaxation solution time = 0.00 sec. (0.80 ticks)

        Nodes                                         Cuts/
   Node  Left     Objective  IInf  Best Integer    Best Bound    ItCnt     Gap

*     0+    0                            4.0000        0.0000           100.00%
      0     0        0.0000    94        4.0000        0.0000        9  100.00%
      0     0        0.0000    38        4.0000  Cliques: 243       99  100.00%
      0     0        0.0000   102        4.0000  Impl Bds: 41      133  100.00%
      0     0        0.0000    31        4.0000  Impl Bds: 41      138  100.00%
      0     0        0.0000    27        4.0000  Impl Bds: 41      143  100.00%
      0     0        0.0000    22        4.0000  Impl Bds: 41      149  100.00%
      0     0        0.0000    17        4.0000  Impl Bds: 41      156  100.00%
*     0+    0                            2.0000        0.0000           100.00%

Repeating presolve.
Tried aggregator 3 times.
MIP Presolve eliminated 477 rows and 234 columns.
MIP Presolve modified 22 coefficients.
Aggregator did 3 substitutions.
Reduced MIP has 112 rows, 85 columns, and 238 nonzeros.
Reduced MIP has 67 binaries, 18 generals, 0 SOSs, and 0 indicators.
Presolve time = 0.00 sec. (1.23 ticks)
Probing fixed 3 vars, tightened 0 bounds.
Probing time = 0.00 sec. (0.19 ticks)
Tried aggregator 2 times.
MIP Presolve eliminated 90 rows and 57 columns.
MIP Presolve modified 16 coefficients.
Aggregator did 2 substitutions.
Reduced MIP has 20 rows, 26 columns, and 70 nonzeros.
Reduced MIP has 26 binaries, 0 generals, 0 SOSs, and 0 indicators.
Presolve time = 0.00 sec. (0.12 ticks)
Probing time = 0.00 sec. (0.02 ticks)
Tried aggregator 2 times.
MIP Presolve eliminated 2 rows and 4 columns.
Aggregator did 8 substitutions.
Reduced MIP has 10 rows, 14 columns, and 38 nonzeros.
Reduced MIP has 14 binaries, 0 generals, 0 SOSs, and 0 indicators.
Presolve time = 0.00 sec. (0.05 ticks)
Probing time = 0.00 sec. (0.01 ticks)
Tried aggregator 1 time.
MIP Presolve eliminated 2 rows and 4 columns.
Reduced MIP has 8 rows, 10 columns, and 22 nonzeros.
Reduced MIP has 10 binaries, 0 generals, 0 SOSs, and 0 indicators.
Presolve time = 0.00 sec. (0.02 ticks)
Probing time = 0.00 sec. (0.00 ticks)
Tried aggregator 1 time.
MIP Presolve eliminated 1 rows and 0 columns.
Reduced MIP has 7 rows, 10 columns, and 20 nonzeros.
Reduced MIP has 10 binaries, 0 generals, 0 SOSs, and 0 indicators.
Presolve time = 0.00 sec. (0.02 ticks)
Represolve time = 0.00 sec. (3.00 ticks)
Probing time = 0.00 sec. (0.00 ticks)
Clique table members: 7.
MIP emphasis: balance optimality and feasibility.
MIP search method: dynamic search.
Parallel mode: none, using 1 thread.
Root relaxation solution time = 0.00 sec. (0.01 ticks)

        Nodes                                         Cuts/
   Node  Left     Objective  IInf  Best Integer    Best Bound    ItCnt     Gap

*     0+    0                            2.0000        1.0000            50.00%
*     0     0      integral     0        1.0000        1.0000      207    0.00%
Elapsed time = 0.07 sec. (61.90 ticks, tree = 0.00 MB, solutions = 3)

Root node processing (before b&c):
  Real time             =    0.07 sec. (61.95 ticks)
Sequential b&c:
  Real time             =    0.00 sec. (0.00 ticks)
                          ------------
Total (root+branch&cut) =    0.07 sec. (61.95 ticks)
  | W
L | 0 1 2 3 4 5 6 7 8 9 
-------------------------
0 | 2 2 1 1 . . . . . . 
1 | . . . . . . . . . . 
2 | . . . . . . . . . . 
3 | . . . . . . . . . . 

Boxes' corners:      (w,l)
    Box 1 is at 
        top left     (2,0)
        bottom right (3,0)

    Box 2 is at 
        top left     (0,0)
        bottom right (1,0)

    Roll length used: 1
In 0.07 seconds
