Sat 19 May 19:33:08 CEST 2018
CPXPARAM_TimeLimit                               45
CPXPARAM_Threads                                 1
CPXPARAM_MIP_Strategy_CallbackReducedLP          0
Tried aggregator 2 times.
MIP Presolve eliminated 2736 rows and 1528 columns.
MIP Presolve modified 288 coefficients.
Aggregator did 412 substitutions.
Reduced MIP has 1006 rows, 1161 columns, and 3924 nonzeros.
Reduced MIP has 1156 binaries, 5 generals, 0 SOSs, and 292 indicators.
Presolve time = 0.01 sec. (8.95 ticks)
Found incumbent of value 10.000000 after 0.02 sec. (19.17 ticks)
Probing time = 0.02 sec. (16.07 ticks)
Cover probing fixed 0 vars, tightened 5 bounds.
Tried aggregator 3 times.
MIP Presolve modified 132 coefficients.
Aggregator did 606 substitutions.
Reduced MIP has 434 rows, 555 columns, and 2936 nonzeros.
Reduced MIP has 550 binaries, 5 generals, 0 SOSs, and 258 indicators.
Presolve time = 0.00 sec. (6.32 ticks)
Probing time = 0.01 sec. (5.84 ticks)
Tried aggregator 2 times.
Aggregator did 34 substitutions.
Reduced MIP has 410 rows, 521 columns, and 2888 nonzeros.
Reduced MIP has 516 binaries, 5 generals, 0 SOSs, and 248 indicators.
Presolve time = 0.00 sec. (4.06 ticks)
Probing time = 0.00 sec. (2.65 ticks)
Clique table members: 6554.
MIP emphasis: balance optimality and feasibility.
MIP search method: dynamic search.
Parallel mode: none, using 1 thread.
Root relaxation solution time = 0.00 sec. (0.69 ticks)

        Nodes                                         Cuts/
   Node  Left     Objective  IInf  Best Integer    Best Bound    ItCnt     Gap

*     0+    0                           10.0000        3.0000            70.00%
      0     0        3.0000   224       10.0000        3.0000       12   70.00%
      0     0        3.0000   153       10.0000  Cliques: 202      125   70.00%
      0     0        3.0000    71       10.0000  Cliques: 202      262   70.00%
      0     0        3.0000    31       10.0000  Cliques: 202      333   70.00%
      0     0        3.0000    11       10.0000  Impl Bds: 41      524   70.00%
      0     0        3.0000    12       10.0000      Cuts: 52      558   70.00%
      0     0        3.0000    19       10.0000      Cuts: 74      582   70.00%
*     0+    0                            5.0000        3.0000            40.00%
*     0+    0                            3.0000        3.0000             0.00%
      0     0        cutoff              3.0000        3.0000      582    0.00%
Elapsed time = 0.15 sec. (154.74 ticks, tree = 0.01 MB, solutions = 4)

Clique cuts applied:  61
Implied bound cuts applied:  117

Root node processing (before b&c):
  Real time             =    0.15 sec. (154.91 ticks)
Sequential b&c:
  Real time             =    0.00 sec. (0.00 ticks)
                          ------------
Total (root+branch&cut) =    0.15 sec. (154.91 ticks)
   | W
 L | 0 1 2 3 4 5 6 7 8 9 
-------------------------
 0 | 4 4 4 3 3 3 1 2 2 2 
 1 | 4 4 4 3 3 3 . 2 2 2 
 2 | 4 4 4 3 3 3 . 2 2 2 
 3 | . . . . . . . . . . 
 4 | . . . . . . . . . . 
 5 | . . . . . . . . . . 
 6 | . . . . . . . . . . 
 7 | . . . . . . . . . . 
 8 | . . . . . . . . . . 
 9 | . . . . . . . . . . 

Boxes' corners:      (w,l)
    Box 1 is at 
        top left     (6,0)
        bottom right (6,0)

    Box 2 is at 
        top left     (7,0)
        bottom right (9,2)

    Box 3 is at 
        top left     (3,0)
        bottom right (5,2)

    Box 4 is at 
        top left     (0,0)
        bottom right (2,2)

    Roll length used: 3
In 0.16 seconds
