Sat 19 May 19:27:25 CEST 2018
CPXPARAM_TimeLimit                               45
CPXPARAM_Threads                                 1
CPXPARAM_MIP_Strategy_CallbackReducedLP          0
Tried aggregator 5 times.
MIP Presolve eliminated 5775 rows and 4268 columns.
MIP Presolve modified 2411 coefficients.
Aggregator did 4699 substitutions.
Reduced MIP has 8963 rows, 9027 columns, and 23507 nonzeros.
Reduced MIP has 8184 binaries, 12 generals, 0 SOSs, and 1917 indicators.
Presolve time = 0.09 sec. (158.29 ticks)
Probing time = 0.16 sec. (117.51 ticks)
Tried aggregator 3 times.
Aggregator did 4324 substitutions.
Reduced MIP has 4639 rows, 4703 columns, and 14859 nonzeros.
Reduced MIP has 3860 binaries, 843 generals, 0 SOSs, and 1917 indicators.
Presolve time = 0.03 sec. (39.47 ticks)
Probing time = 0.13 sec. (101.83 ticks)
Tried aggregator 1 time.
Reduced MIP has 4639 rows, 4703 columns, and 14859 nonzeros.
Reduced MIP has 3860 binaries, 843 generals, 0 SOSs, and 1917 indicators.
Presolve time = 0.01 sec. (14.93 ticks)
Probing time = 0.01 sec. (5.51 ticks)
Clique table members: 165657.
MIP emphasis: balance optimality and feasibility.
MIP search method: dynamic search.
Parallel mode: none, using 1 thread.
Root relaxation solution time = 0.01 sec. (17.13 ticks)

        Nodes                                         Cuts/
   Node  Left     Objective  IInf  Best Integer    Best Bound    ItCnt     Gap

      0     0        0.0000  2091                      0.0000      448         
      0     0        0.0000  1867               Cliques: 1259      728         
      0     0        0.0000  1639               Cliques: 1259     1023         
      0     0        0.0000  1393               Cliques: 1259     1374         
      0     0        0.0000  1424               Cliques: 1259     1640         
*     0+    0                           16.0000        0.0000           100.00%
      0     2        0.0000    94       16.0000        0.0000     1917  100.00%
Elapsed time = 8.36 sec. (10672.11 ticks, tree = 0.01 MB, solutions = 1)
     10    12        0.0000    71       16.0000        0.0000     2691  100.00%
     11    13        0.0000    71       16.0000        0.0000     3730  100.00%
     14    16        0.0000    71       16.0000        0.0000     4255  100.00%
     18    20        0.0000   365       16.0000        0.0000     4665  100.00%
     21    23        0.0000    79       16.0000        0.0000     5131  100.00%
     27    29        0.0000    75       16.0000        0.0000     5736  100.00%
     31    33        0.0000    77       16.0000        0.0000     7020  100.00%
     34    36        0.0000    77       16.0000        0.0000     7385  100.00%
     36    38        0.0000    74       16.0000        0.0000     8206  100.00%
     64    66        0.0000    69       16.0000        0.0000     9801  100.00%
Elapsed time = 12.45 sec. (14993.71 ticks, tree = 0.32 MB, solutions = 1)
     78    80        0.0000   100       16.0000        0.0000    12332  100.00%
*    80+   76                           15.0000        0.0000           100.00%
*    90+   85                           14.0000        0.0000           100.00%
*   100+   95                           13.0000        0.0000           100.00%
*   120+  113                           12.0000        0.0000           100.00%
*   130+  123                           11.0000        0.0000           100.00%
*   140+  133                           10.0000        0.0000           100.00%
    141   136        6.0000    41       10.0000        0.0000    15177  100.00%
*   170+  162                            9.0000        0.0000           100.00%
*   180+  152                            8.0000        0.0000           100.00%
*   200+  142                            7.0000        0.0000           100.00%
    211   130    infeasible              7.0000        0.0000    20503  100.00%
    220   127        2.0000   343        7.0000        0.0000    21868  100.00%
*   268   107      integral     0        6.0000        0.0000    23332  100.00%
    271   110        1.0000   319        6.0000        0.0000    24889  100.00%
    341   168        4.0000   327        6.0000        0.0000    28044  100.00%
*   360+  120                            5.0000        0.0000           100.00%
    362   119        2.0000   349        5.0000        0.0000    32054  100.00%
*   385    69      integral     0        4.0000        0.0000    32549  100.00%
    386    68    infeasible              4.0000        0.0000    35523  100.00%
    390    64    infeasible              4.0000        0.0000    40032  100.00%

Clique cuts applied:  4707

Root node processing (before b&c):
  Real time             =    8.35 sec. (10662.26 ticks)
Sequential b&c:
  Real time             =   14.77 sec. (16353.43 ticks)
                          ------------
Total (root+branch&cut) =   23.11 sec. (27015.69 ticks)
   | W
 L | 0  1 2 3  4 5 6 7 
----------------------
 0 | 6  6 7 8  . . 5 5 
 1 | 1  1 7 8 11 9 5 5 
 2 | 1  1 2 2  3 3 4 4 
 3 | . 10 2 2  3 3 4 4 
 4 | .  . . .  . . . . 
 5 | .  . . .  . . . . 
 6 | .  . . .  . . . . 
 7 | .  . . .  . . . . 
 8 | .  . . .  . . . . 
 9 | .  . . .  . . . . 
10 | .  . . .  . . . . 
11 | .  . . .  . . . . 
12 | .  . . .  . . . . 
13 | .  . . .  . . . . 
14 | .  . . .  . . . . 
15 | .  . . .  . . . . 
16 | .  . . .  . . . . 
17 | .  . . .  . . . . 
18 | .  . . .  . . . . 

Boxes' corners:       (w,l)
    Box  1 is at 
        top left     (0,1)
        bottom right (1,2)

    Box  2 is at 
        top left     (2,2)
        bottom right (3,3)

    Box  3 is at 
        top left     (4,2)
        bottom right (5,3)

    Box  4 is at 
        top left     (6,2)
        bottom right (7,3)

    Box  5 is at 
        top left     (6,0)
        bottom right (7,1)

    Box  6 is at 
        top left     (0,0)
        bottom right (1,0)

    Box  7 is at 
        top left     (2,0)
        bottom right (2,1)

    Box  8 is at 
        top left     (3,0)
        bottom right (3,1)

    Box  9 is at 
        top left     (5,1)
        bottom right (5,1)

    Box 10 is at 
        top left     (1,3)
        bottom right (1,3)

    Box 11 is at 
        top left     (4,1)
        bottom right (4,1)

    Roll length used: 4
In 23.2 seconds
