Sat 19 May 19:42:52 CEST 2018
CPXPARAM_TimeLimit                               45
CPXPARAM_Threads                                 1
CPXPARAM_MIP_Strategy_CallbackReducedLP          0
Tried aggregator 6 times.
MIP Presolve eliminated 6660 rows and 6616 columns.
MIP Presolve modified 22244 coefficients.
Aggregator did 40280 substitutions.
Reduced MIP has 56150 rows, 38741 columns, and 121588 nonzeros.
Reduced MIP has 35722 binaries, 11 generals, 0 SOSs, and 4328 indicators.
Presolve time = 1.16 sec. (3827.21 ticks)
Found incumbent of value 30.000000 after 1.52 sec. (4183.98 ticks)
Probing time = 0.39 sec. (182.88 ticks)
Tried aggregator 3 times.
Aggregator did 26352 substitutions.
Reduced MIP has 29798 rows, 12389 columns, and 68884 nonzeros.
Reduced MIP has 9370 binaries, 3019 generals, 0 SOSs, and 4328 indicators.
Presolve time = 0.14 sec. (180.86 ticks)
Probing time = 0.15 sec. (125.03 ticks)
Tried aggregator 1 time.
Reduced MIP has 29798 rows, 12389 columns, and 68884 nonzeros.
Reduced MIP has 9370 binaries, 3019 generals, 0 SOSs, and 4328 indicators.
Presolve time = 0.06 sec. (58.96 ticks)
Probing time = 0.01 sec. (10.17 ticks)
Clique table members: 892984.
MIP emphasis: balance optimality and feasibility.
MIP search method: dynamic search.
Parallel mode: none, using 1 thread.
Root relaxation solution time = 0.64 sec. (585.35 ticks)

        Nodes                                         Cuts/
   Node  Left     Objective  IInf  Best Integer    Best Bound    ItCnt     Gap

*     0+    0                           30.0000        0.0000           100.00%
      0     0        0.0000  6036       30.0000        0.0000     3074  100.00%
      0     0        0.0000  1192       30.0000  Impl Bds: 34     3099  100.00%
      0     0        0.0000  1113       30.0000      Cuts: 80     3143  100.00%
      0     0        0.0000  1122       30.0000      Cuts: 48     3340  100.00%
      0     0        0.0000  1046       30.0000  Impl Bds: 10     3359  100.00%
      0     0        0.0000  1042       30.0000     Cuts: 129     3398  100.00%
*     0+    0                           28.0000        0.0000           100.00%
      0     2        0.0000  1041       28.0000        0.0000     3399  100.00%
Elapsed time = 29.32 sec. (39131.98 ticks, tree = 0.01 MB, solutions = 2)
      1     3        0.0000  3424       28.0000        0.0000     8846  100.00%
      2     4        0.0000   971       28.0000        0.0000     9753  100.00%
      3     5        0.0000  3434       28.0000        0.0000    13174  100.00%
      5     7        0.0000  1104       28.0000        0.0000    14358  100.00%
      7     9        0.0000  1220       28.0000        0.0000    17572  100.00%
      9    11        0.0000  1217       28.0000        0.0000    17801  100.00%
     18    20        0.0000   831       28.0000        0.0000    17929  100.00%
     40    42        0.0000   681       28.0000        0.0000    17972  100.00%
     58    60        0.0000   566       28.0000        0.0000    18027  100.00%
    120   122        0.0000  2689       28.0000        0.0000    18467  100.00%
Elapsed time = 33.99 sec. (43999.20 ticks, tree = 1.08 MB, solutions = 2)
    173   175        0.0000  2580       28.0000        0.0000    19881  100.00%
    222   224        5.0000   530       28.0000        0.0000    20365  100.00%
    303   303        5.0000     5       28.0000        0.0000    20998  100.00%
*   320+  318                           27.0000        0.0000           100.00%
    377   377        5.0000     5       27.0000        0.0000    21316  100.00%
*   380+  376                           25.0000        0.0000           100.00%
*   400+  396                           24.0000        0.0000           100.00%
    456   454        5.0000     6       24.0000        0.0000    21618  100.00%
*   470+  466                           23.0000        0.0000           100.00%
*   540+  533                           22.0000        0.0000           100.00%
    544   539        5.0000   111       22.0000        0.0000    22829  100.00%
*   560+  553                           21.0000        0.0000           100.00%
*   590+  557                           20.0000        0.0000           100.00%
*   650+  491                           18.0000        0.0000           100.00%
    670   510       17.0000   276       18.0000        0.0000    23289  100.00%
    723   563       17.0000   949       18.0000        0.0000    24208  100.00%
*   760+  478                           17.0000        0.0000           100.00%
*   762+  461                           16.0000        0.0000           100.00%
*   764+  432                           10.0000        0.0000           100.00%
*   764+  432                            9.0000        0.0000           100.00%
    782   430        2.0000  1135        9.0000        0.0000    25501  100.00%
*   880+  473                            8.0000        0.0000           100.00%
*   890+  475                            7.0000        0.0000           100.00%
*   900+  478                            6.0000        0.0000           100.00%
    903   480        3.0000  2294        6.0000        0.0000    26732  100.00%
Elapsed time = 41.00 sec. (53699.36 ticks, tree = 5.19 MB, solutions = 17)
*   968   190      integral     0        5.0000        0.0000    29060  100.00%
    968   188        5.0000     0        5.0000        0.0000    29060  100.00%
   1006   205        4.0000   242        5.0000        0.0000    32123  100.00%
   1016   205        4.0000   341        5.0000        0.0000    36808  100.00%
   1025   206        4.0000   925        5.0000        0.0000    40854  100.00%
   1150    87    infeasible              5.0000        2.0000    43893   60.00%

Clique cuts applied:  29
Implied bound cuts applied:  150
Zero-half cuts applied:  13
Lift and project cuts applied:  3
Gomory fractional cuts applied:  2

Root node processing (before b&c):
  Real time             =   29.27 sec. (39095.65 ticks)
Sequential b&c:
  Real time             =   15.74 sec. (19976.47 ticks)
                          ------------
Total (root+branch&cut) =   45.01 sec. (59072.12 ticks)
   | W
 L |  0  1  2  3  4 5 6 7 8 9 10 
---------------------------------
 0 |  9  9  9  9  9 1 1 1 2 2  2 
 1 |  9  9  9  9  9 8 8 8 8 8  . 
 2 |  .  .  4  6  3 8 8 8 8 8  . 
 3 | 10 10 10 10 10 5 7 7 7 7  7 
 4 | 10 10 10 10 10 . 7 7 7 7  7 
 5 |  .  .  .  .  . . . . . .  . 
 6 |  .  .  .  .  . . . . . .  . 
 7 |  .  .  .  .  . . . . . .  . 
 8 |  .  .  .  .  . . . . . .  . 
 9 |  .  .  .  .  . . . . . .  . 
10 |  .  .  .  .  . . . . . .  . 
11 |  .  .  .  .  . . . . . .  . 
12 |  .  .  .  .  . . . . . .  . 
13 |  .  .  .  .  . . . . . .  . 
14 |  .  .  .  .  . . . . . .  . 
15 |  .  .  .  .  . . . . . .  . 
16 |  .  .  .  .  . . . . . .  . 
17 |  .  .  .  .  . . . . . .  . 
18 |  .  .  .  .  . . . . . .  . 
19 |  .  .  .  .  . . . . . .  . 
20 |  .  .  .  .  . . . . . .  . 
21 |  .  .  .  .  . . . . . .  . 
22 |  .  .  .  .  . . . . . .  . 
23 |  .  .  .  .  . . . . . .  . 
24 |  .  .  .  .  . . . . . .  . 
25 |  .  .  .  .  . . . . . .  . 
26 |  .  .  .  .  . . . . . .  . 
27 |  .  .  .  .  . . . . . .  . 
28 |  .  .  .  .  . . . . . .  . 
29 |  .  .  .  .  . . . . . .  . 

Boxes' corners:       (w,l)
    Box  1 is at 
        top left     (5,0)
        bottom right (7,0)

    Box  2 is at 
        top left     (8,0)
        bottom right (10,0)

    Box  3 is at 
        top left     (4,2)
        bottom right (4,2)

    Box  4 is at 
        top left     (2,2)
        bottom right (2,2)

    Box  5 is at 
        top left     (5,3)
        bottom right (5,3)

    Box  6 is at 
        top left     (3,2)
        bottom right (3,2)

    Box  7 is at 
        top left     (6,3)
        bottom right (10,4)

    Box  8 is at 
        top left     (5,1)
        bottom right (9,2)

    Box  9 is at 
        top left     (0,0)
        bottom right (4,1)

    Box 10 is at 
        top left     (0,3)
        bottom right (4,4)

    Roll length used: 5
In 45.74 seconds
