In 0.724045 seconds (average)
--------------------
1)
  | W
L | 0 1 2 3 4 5 6 
------------------
0 | 1 2 2 3 3 4 4 
1 | . 2 2 3 3 4 4 
2 | 5 5 . . . . . 
3 | 5 5 . . . . . 
4 | . . . . . . . 
5 | . . . . . . . 
6 | . . . . . . . 
7 | . . . . . . . 
8 | . . . . . . . 

Boxes' corners:      (w,l)
    Box 1 is at 
        top left     (0,0)
        bottom right (0,0)

    Box 2 is at 
        top left     (1,0)
        bottom right (2,1)

    Box 3 is at 
        top left     (3,0)
        bottom right (4,1)

    Box 4 is at 
        top left     (5,0)
        bottom right (6,1)

    Box 5 is at 
        top left     (0,2)
        bottom right (1,3)

    Roll length used: 4
--------------------
  | W
L | 0 1 2 3 4 5 6 
------------------
0 | 1 2 2 3 3 4 4 
1 | . 2 2 3 3 4 4 
2 | 5 5 . . . . . 
3 | 5 5 . . . . . 
4 | . . . . . . . 
5 | . . . . . . . 
6 | . . . . . . . 
7 | . . . . . . . 
8 | . . . . . . . 

Boxes' corners:      (w,l)
    Box 1 is at 
        top left     (0,0)
        bottom right (0,0)

    Box 2 is at 
        top left     (1,0)
        bottom right (2,1)

    Box 3 is at 
        top left     (3,0)
        bottom right (4,1)

    Box 4 is at 
        top left     (5,0)
        bottom right (6,1)

    Box 5 is at 
        top left     (0,2)
        bottom right (1,3)

    Roll length used: 4
