In 0.008 seconds (average)
--------------------
1)
  | W
L | 0 1 2 3 
------------
0 | 1 2 5 5 
1 | 3 4 5 5 
2 | . . 5 5 
3 | . . 5 5 
4 | . . 5 5 
5 | . . . . 
6 | . . . . 
7 | . . . . 
8 | . . . . 

Boxes' corners:      (w,l)
    Box 1 is at 
        top left     (0,0)
        bottom right (0,0)

    Box 2 is at 
        top left     (1,0)
        bottom right (1,0)

    Box 3 is at 
        top left     (0,1)
        bottom right (0,1)

    Box 4 is at 
        top left     (1,1)
        bottom right (1,1)

    Box 5 is at 
        top left     (2,0)
        bottom right (3,4)

    Roll length used: 5
--------------------
  | W
L | 0 1 2 3 
------------
0 | 1 2 5 5 
1 | 3 4 5 5 
2 | . . 5 5 
3 | . . 5 5 
4 | . . 5 5 
5 | . . . . 
6 | . . . . 
7 | . . . . 
8 | . . . . 

Boxes' corners:      (w,l)
    Box 1 is at 
        top left     (0,0)
        bottom right (0,0)

    Box 2 is at 
        top left     (1,0)
        bottom right (1,0)

    Box 3 is at 
        top left     (0,1)
        bottom right (0,1)

    Box 4 is at 
        top left     (1,1)
        bottom right (1,1)

    Box 5 is at 
        top left     (2,0)
        bottom right (3,4)

    Roll length used: 5
