In 6.4404 seconds (average)
--------------------
1)
   | W
 L | 0 1 2 3 4 5 6 7 
--------------------
 0 | 1 1 1 2 2 6 6 6 
 1 | 1 1 1 2 2 6 6 6 
 2 | . . . 2 2 6 6 6 
 3 | 3 3 3 3 3 3 3 . 
 4 | 4 4 4 4 4 4 4 . 
 5 | 5 5 5 5 5 5 5 . 
 6 | . . . . . . . . 
 7 | . . . . . . . . 
 8 | . . . . . . . . 
 9 | . . . . . . . . 
10 | . . . . . . . . 
11 | . . . . . . . . 
12 | . . . . . . . . 
13 | . . . . . . . . 
14 | . . . . . . . . 
15 | . . . . . . . . 
16 | . . . . . . . . 
17 | . . . . . . . . 
18 | . . . . . . . . 
19 | . . . . . . . . 
20 | . . . . . . . . 
21 | . . . . . . . . 
22 | . . . . . . . . 
23 | . . . . . . . . 
24 | . . . . . . . . 
25 | . . . . . . . . 
26 | . . . . . . . . 
27 | . . . . . . . . 
28 | . . . . . . . . 
29 | . . . . . . . . 

Boxes' corners:      (w,l)
    Box 1 is at 
        top left     (0,0)
        bottom right (2,1)

    Box 2 is at 
        top left     (3,0)
        bottom right (4,2)

    Box 3 is at 
        top left     (0,3)
        bottom right (6,3)

    Box 4 is at 
        top left     (0,4)
        bottom right (6,4)

    Box 5 is at 
        top left     (0,5)
        bottom right (6,5)

    Box 6 is at 
        top left     (5,0)
        bottom right (7,2)

    Roll length used: 6
--------------------
   | W
 L | 0 1 2 3 4 5 6 7 
--------------------
 0 | 1 1 1 2 2 6 6 6 
 1 | 1 1 1 2 2 6 6 6 
 2 | . . . 2 2 6 6 6 
 3 | 3 3 3 3 3 3 3 . 
 4 | 4 4 4 4 4 4 4 . 
 5 | 5 5 5 5 5 5 5 . 
 6 | . . . . . . . . 
 7 | . . . . . . . . 
 8 | . . . . . . . . 
 9 | . . . . . . . . 
10 | . . . . . . . . 
11 | . . . . . . . . 
12 | . . . . . . . . 
13 | . . . . . . . . 
14 | . . . . . . . . 
15 | . . . . . . . . 
16 | . . . . . . . . 
17 | . . . . . . . . 
18 | . . . . . . . . 
19 | . . . . . . . . 
20 | . . . . . . . . 
21 | . . . . . . . . 
22 | . . . . . . . . 
23 | . . . . . . . . 
24 | . . . . . . . . 
25 | . . . . . . . . 
26 | . . . . . . . . 
27 | . . . . . . . . 
28 | . . . . . . . . 
29 | . . . . . . . . 

Boxes' corners:      (w,l)
    Box 1 is at 
        top left     (0,0)
        bottom right (2,1)

    Box 2 is at 
        top left     (3,0)
        bottom right (4,2)

    Box 3 is at 
        top left     (0,3)
        bottom right (6,3)

    Box 4 is at 
        top left     (0,4)
        bottom right (6,4)

    Box 5 is at 
        top left     (0,5)
        bottom right (6,5)

    Box 6 is at 
        top left     (5,0)
        bottom right (7,2)

    Roll length used: 6
