In 0.016001 seconds (average)
--------------------
1)
   | W
 L | 0 1 2 3 4 5 6 7 8 9 
-------------------------
 0 | 1 2 3 4 5 5 6 6 7 7 
 1 | . . . . . . 6 6 7 7 
 2 | . . . . . . . . . . 
 3 | . . . . . . . . . . 
 4 | . . . . . . . . . . 
 5 | . . . . . . . . . . 
 6 | . . . . . . . . . . 
 7 | . . . . . . . . . . 
 8 | . . . . . . . . . . 
 9 | . . . . . . . . . . 

Boxes' corners:      (w,l)
    Box 1 is at 
        top left     (0,0)
        bottom right (0,0)

    Box 2 is at 
        top left     (1,0)
        bottom right (1,0)

    Box 3 is at 
        top left     (2,0)
        bottom right (2,0)

    Box 4 is at 
        top left     (3,0)
        bottom right (3,0)

    Box 5 is at 
        top left     (4,0)
        bottom right (5,0)

    Box 6 is at 
        top left     (6,0)
        bottom right (7,1)

    Box 7 is at 
        top left     (8,0)
        bottom right (9,1)

    Roll length used: 2
--------------------
   | W
 L | 0 1 2 3 4 5 6 7 8 9 
-------------------------
 0 | 1 2 3 4 5 5 6 6 7 7 
 1 | . . . . . . 6 6 7 7 
 2 | . . . . . . . . . . 
 3 | . . . . . . . . . . 
 4 | . . . . . . . . . . 
 5 | . . . . . . . . . . 
 6 | . . . . . . . . . . 
 7 | . . . . . . . . . . 
 8 | . . . . . . . . . . 
 9 | . . . . . . . . . . 

Boxes' corners:      (w,l)
    Box 1 is at 
        top left     (0,0)
        bottom right (0,0)

    Box 2 is at 
        top left     (1,0)
        bottom right (1,0)

    Box 3 is at 
        top left     (2,0)
        bottom right (2,0)

    Box 4 is at 
        top left     (3,0)
        bottom right (3,0)

    Box 5 is at 
        top left     (4,0)
        bottom right (5,0)

    Box 6 is at 
        top left     (6,0)
        bottom right (7,1)

    Box 7 is at 
        top left     (8,0)
        bottom right (9,1)

    Roll length used: 2
