In 7.9325 seconds (average)
--------------------
1)
   | W
 L | 0 1 2 3 4 
--------------
 0 | 1 2 3 5 5 
 1 | 4 6 6 5 5 
 2 | . 6 6 7 7 
 3 | . . . 7 7 
 4 | . . . . . 
 5 | . . . . . 
 6 | . . . . . 
 7 | . . . . . 
 8 | . . . . . 
 9 | . . . . . 

Boxes' corners:      (w,l)
    Box 1 is at 
        top left     (0,0)
        bottom right (0,0)

    Box 2 is at 
        top left     (1,0)
        bottom right (1,0)

    Box 3 is at 
        top left     (2,0)
        bottom right (2,0)

    Box 4 is at 
        top left     (0,1)
        bottom right (0,1)

    Box 5 is at 
        top left     (3,0)
        bottom right (4,1)

    Box 6 is at 
        top left     (1,1)
        bottom right (2,2)

    Box 7 is at 
        top left     (3,2)
        bottom right (4,3)

    Roll length used: 4
--------------------
   | W
 L | 0 1 2 3 4 
--------------
 0 | 1 2 3 5 5 
 1 | 4 6 6 5 5 
 2 | . 6 6 7 7 
 3 | . . . 7 7 
 4 | . . . . . 
 5 | . . . . . 
 6 | . . . . . 
 7 | . . . . . 
 8 | . . . . . 
 9 | . . . . . 

Boxes' corners:      (w,l)
    Box 1 is at 
        top left     (0,0)
        bottom right (0,0)

    Box 2 is at 
        top left     (1,0)
        bottom right (1,0)

    Box 3 is at 
        top left     (2,0)
        bottom right (2,0)

    Box 4 is at 
        top left     (0,1)
        bottom right (0,1)

    Box 5 is at 
        top left     (3,0)
        bottom right (4,1)

    Box 6 is at 
        top left     (1,1)
        bottom right (2,2)

    Box 7 is at 
        top left     (3,2)
        bottom right (4,3)

    Roll length used: 4
