In 0.016001 seconds (average)
--------------------
1)
   | W
 L | 0 1 2 3 4 5 6 7 8 9 
-------------------------
 0 | 1 2 2 2 3 3 3 4 4 4 
 1 | . 2 2 2 3 3 3 4 4 4 
 2 | . 2 2 2 3 3 3 4 4 4 
 3 | . . . . . . . . . . 
 4 | . . . . . . . . . . 
 5 | . . . . . . . . . . 
 6 | . . . . . . . . . . 
 7 | . . . . . . . . . . 
 8 | . . . . . . . . . . 
 9 | . . . . . . . . . . 

Boxes' corners:      (w,l)
    Box 1 is at 
        top left     (0,0)
        bottom right (0,0)

    Box 2 is at 
        top left     (1,0)
        bottom right (3,2)

    Box 3 is at 
        top left     (4,0)
        bottom right (6,2)

    Box 4 is at 
        top left     (7,0)
        bottom right (9,2)

    Roll length used: 3
--------------------
   | W
 L | 0 1 2 3 4 5 6 7 8 9 
-------------------------
 0 | 1 2 2 2 3 3 3 4 4 4 
 1 | . 2 2 2 3 3 3 4 4 4 
 2 | . 2 2 2 3 3 3 4 4 4 
 3 | . . . . . . . . . . 
 4 | . . . . . . . . . . 
 5 | . . . . . . . . . . 
 6 | . . . . . . . . . . 
 7 | . . . . . . . . . . 
 8 | . . . . . . . . . . 
 9 | . . . . . . . . . . 

Boxes' corners:      (w,l)
    Box 1 is at 
        top left     (0,0)
        bottom right (0,0)

    Box 2 is at 
        top left     (1,0)
        bottom right (3,2)

    Box 3 is at 
        top left     (4,0)
        bottom right (6,2)

    Box 4 is at 
        top left     (7,0)
        bottom right (9,2)

    Roll length used: 3
