In 12.0288 seconds (average)
--------------------
1)
   | W
 L | 0 1 2 3 4 5 6 7 8 
----------------------
 0 | 1 2 2 3 3 . 4 4 4 
 1 | 5 5 5 6 6 6 4 4 4 
 2 | 5 5 5 6 6 6 4 4 4 
 3 | 5 5 5 6 6 6 . . . 
 4 | . . . . . . . . . 
 5 | . . . . . . . . . 
 6 | . . . . . . . . . 
 7 | . . . . . . . . . 
 8 | . . . . . . . . . 
 9 | . . . . . . . . . 
10 | . . . . . . . . . 
11 | . . . . . . . . . 
12 | . . . . . . . . . 
13 | . . . . . . . . . 

Boxes' corners:      (w,l)
    Box 1 is at 
        top left     (0,0)
        bottom right (0,0)

    Box 2 is at 
        top left     (1,0)
        bottom right (2,0)

    Box 3 is at 
        top left     (3,0)
        bottom right (4,0)

    Box 4 is at 
        top left     (6,0)
        bottom right (8,2)

    Box 5 is at 
        top left     (0,1)
        bottom right (2,3)

    Box 6 is at 
        top left     (3,1)
        bottom right (5,3)

    Roll length used: 4
--------------------
   | W
 L | 0 1 2 3 4 5 6 7 8 
----------------------
 0 | 1 2 2 3 3 . 4 4 4 
 1 | 5 5 5 6 6 6 4 4 4 
 2 | 5 5 5 6 6 6 4 4 4 
 3 | 5 5 5 6 6 6 . . . 
 4 | . . . . . . . . . 
 5 | . . . . . . . . . 
 6 | . . . . . . . . . 
 7 | . . . . . . . . . 
 8 | . . . . . . . . . 
 9 | . . . . . . . . . 
10 | . . . . . . . . . 
11 | . . . . . . . . . 
12 | . . . . . . . . . 
13 | . . . . . . . . . 

Boxes' corners:      (w,l)
    Box 1 is at 
        top left     (0,0)
        bottom right (0,0)

    Box 2 is at 
        top left     (1,0)
        bottom right (2,0)

    Box 3 is at 
        top left     (3,0)
        bottom right (4,0)

    Box 4 is at 
        top left     (6,0)
        bottom right (8,2)

    Box 5 is at 
        top left     (0,1)
        bottom right (2,3)

    Box 6 is at 
        top left     (3,1)
        bottom right (5,3)

    Roll length used: 4
