In 0.008 seconds (average)
--------------------
1)
  | W
L | 0 1 2 3 4 5 6 7 8 9 
-------------------------
0 | 1 2 2 2 3 3 3 . . . 
1 | . . . . . . . . . . 
2 | . . . . . . . . . . 
3 | . . . . . . . . . . 
4 | . . . . . . . . . . 
5 | . . . . . . . . . . 
6 | . . . . . . . . . . 

Boxes' corners:      (w,l)
    Box 1 is at 
        top left     (0,0)
        bottom right (0,0)

    Box 2 is at 
        top left     (1,0)
        bottom right (3,0)

    Box 3 is at 
        top left     (4,0)
        bottom right (6,0)

    Roll length used: 1
--------------------
  | W
L | 0 1 2 3 4 5 6 7 8 9 
-------------------------
0 | 1 2 2 2 3 3 3 . . . 
1 | . . . . . . . . . . 
2 | . . . . . . . . . . 
3 | . . . . . . . . . . 
4 | . . . . . . . . . . 
5 | . . . . . . . . . . 
6 | . . . . . . . . . . 

Boxes' corners:      (w,l)
    Box 1 is at 
        top left     (0,0)
        bottom right (0,0)

    Box 2 is at 
        top left     (1,0)
        bottom right (3,0)

    Box 3 is at 
        top left     (4,0)
        bottom right (6,0)

    Roll length used: 1
