In 25.4616 seconds (average)
--------------------
1)
   | W
 L | 0 1 2 3 
------------
 0 | 1 2 3 . 
 1 | 4 4 5 5 
 2 | 6 6 7 7 
 3 | 6 6 7 7 
 4 | 8 8 9 9 
 5 | 8 8 9 9 
 6 | . . . . 
 7 | . . . . 
 8 | . . . . 
 9 | . . . . 
10 | . . . . 
11 | . . . . 
12 | . . . . 
13 | . . . . 
14 | . . . . 

Boxes' corners:      (w,l)
    Box 1 is at 
        top left     (0,0)
        bottom right (0,0)

    Box 2 is at 
        top left     (1,0)
        bottom right (1,0)

    Box 3 is at 
        top left     (2,0)
        bottom right (2,0)

    Box 4 is at 
        top left     (0,1)
        bottom right (1,1)

    Box 5 is at 
        top left     (2,1)
        bottom right (3,1)

    Box 6 is at 
        top left     (0,2)
        bottom right (1,3)

    Box 7 is at 
        top left     (2,2)
        bottom right (3,3)

    Box 8 is at 
        top left     (0,4)
        bottom right (1,5)

    Box 9 is at 
        top left     (2,4)
        bottom right (3,5)

    Roll length used: 6
--------------------
   | W
 L | 0 1 2 3 
------------
 0 | 1 2 3 . 
 1 | 4 4 5 5 
 2 | 6 6 7 7 
 3 | 6 6 7 7 
 4 | 8 8 9 9 
 5 | 8 8 9 9 
 6 | . . . . 
 7 | . . . . 
 8 | . . . . 
 9 | . . . . 
10 | . . . . 
11 | . . . . 
12 | . . . . 
13 | . . . . 
14 | . . . . 

Boxes' corners:      (w,l)
    Box 1 is at 
        top left     (0,0)
        bottom right (0,0)

    Box 2 is at 
        top left     (1,0)
        bottom right (1,0)

    Box 3 is at 
        top left     (2,0)
        bottom right (2,0)

    Box 4 is at 
        top left     (0,1)
        bottom right (1,1)

    Box 5 is at 
        top left     (2,1)
        bottom right (3,1)

    Box 6 is at 
        top left     (0,2)
        bottom right (1,3)

    Box 7 is at 
        top left     (2,2)
        bottom right (3,3)

    Box 8 is at 
        top left     (0,4)
        bottom right (1,5)

    Box 9 is at 
        top left     (2,4)
        bottom right (3,5)

    Roll length used: 6
