In 44.7948 seconds (average)
--------------------
1)
  | W
L | 0 1 2 3 4 5 6 7 8 9 
-------------------------
0 | 1 1 1 1 2 2 2 2 7 8 
1 | 1 1 1 1 2 2 2 2 9 . 
2 | 3 3 3 3 4 4 4 4 . . 
3 | 3 3 3 3 4 4 4 4 . . 
4 | 5 5 5 5 6 6 6 6 . . 
5 | 5 5 5 5 6 6 6 6 . . 
6 | . . . . . . . . . . 

Boxes' corners:      (w,l)
    Box 1 is at 
        top left     (0,0)
        bottom right (3,1)

    Box 2 is at 
        top left     (4,0)
        bottom right (7,1)

    Box 3 is at 
        top left     (0,2)
        bottom right (3,3)

    Box 4 is at 
        top left     (4,2)
        bottom right (7,3)

    Box 5 is at 
        top left     (0,4)
        bottom right (3,5)

    Box 6 is at 
        top left     (4,4)
        bottom right (7,5)

    Box 7 is at 
        top left     (8,0)
        bottom right (8,0)

    Box 8 is at 
        top left     (9,0)
        bottom right (9,0)

    Box 9 is at 
        top left     (8,1)
        bottom right (8,1)

    Roll length used: 6
--------------------
  | W
L | 0 1 2 3 4 5 6 7 8 9 
-------------------------
0 | 1 1 1 1 2 2 2 2 7 8 
1 | 1 1 1 1 2 2 2 2 9 . 
2 | 3 3 3 3 4 4 4 4 . . 
3 | 3 3 3 3 4 4 4 4 . . 
4 | 5 5 5 5 6 6 6 6 . . 
5 | 5 5 5 5 6 6 6 6 . . 
6 | . . . . . . . . . . 

Boxes' corners:      (w,l)
    Box 1 is at 
        top left     (0,0)
        bottom right (3,1)

    Box 2 is at 
        top left     (4,0)
        bottom right (7,1)

    Box 3 is at 
        top left     (0,2)
        bottom right (3,3)

    Box 4 is at 
        top left     (4,2)
        bottom right (7,3)

    Box 5 is at 
        top left     (0,4)
        bottom right (3,5)

    Box 6 is at 
        top left     (4,4)
        bottom right (7,5)

    Box 7 is at 
        top left     (8,0)
        bottom right (8,0)

    Box 8 is at 
        top left     (9,0)
        bottom right (9,0)

    Box 9 is at 
        top left     (8,1)
        bottom right (8,1)

    Roll length used: 6
