In 0.016001 seconds (average)
--------------------
1)
  | W
L | 0 1 2 3 4 5 6 7 8 
----------------------
0 | 1 2 3 3 3 3 3 . . 
1 | . . 3 3 3 3 3 . . 
2 | . . 3 3 3 3 3 . . 
3 | . . 3 3 3 3 3 . . 
4 | . . . . . . . . . 
5 | . . . . . . . . . 
6 | . . . . . . . . . 

Boxes' corners:      (w,l)
    Box 1 is at 
        top left     (0,0)
        bottom right (0,0)

    Box 2 is at 
        top left     (1,0)
        bottom right (1,0)

    Box 3 is at 
        top left     (2,0)
        bottom right (6,3)

    Roll length used: 4
--------------------
  | W
L | 0 1 2 3 4 5 6 7 8 
----------------------
0 | 1 2 3 3 3 3 3 . . 
1 | . . 3 3 3 3 3 . . 
2 | . . 3 3 3 3 3 . . 
3 | . . 3 3 3 3 3 . . 
4 | . . . . . . . . . 
5 | . . . . . . . . . 
6 | . . . . . . . . . 

Boxes' corners:      (w,l)
    Box 1 is at 
        top left     (0,0)
        bottom right (0,0)

    Box 2 is at 
        top left     (1,0)
        bottom right (1,0)

    Box 3 is at 
        top left     (2,0)
        bottom right (6,3)

    Roll length used: 4
