In 44.6948 seconds (average)
--------------------
1)
   | W
 L | 0 1  2  3  4  5 6 
----------------------
 0 | 1 2  3  3  4  4 . 
 1 | 5 5  7  7  8  8 . 
 2 | 6 6  7  7  8  8 . 
 3 | 9 9 10 10 11 11 . 
 4 | 9 9 10 10 11 11 . 
 5 | . .  .  .  .  . . 
 6 | . .  .  .  .  . . 
 7 | . .  .  .  .  . . 
 8 | . .  .  .  .  . . 
 9 | . .  .  .  .  . . 
10 | . .  .  .  .  . . 
11 | . .  .  .  .  . . 
12 | . .  .  .  .  . . 
13 | . .  .  .  .  . . 
14 | . .  .  .  .  . . 
15 | . .  .  .  .  . . 
16 | . .  .  .  .  . . 
17 | . .  .  .  .  . . 
18 | . .  .  .  .  . . 
19 | . .  .  .  .  . . 

Boxes' corners:       (w,l)
    Box  1 is at 
        top left     (0,0)
        bottom right (0,0)

    Box  2 is at 
        top left     (1,0)
        bottom right (1,0)

    Box  3 is at 
        top left     (2,0)
        bottom right (3,0)

    Box  4 is at 
        top left     (4,0)
        bottom right (5,0)

    Box  5 is at 
        top left     (0,1)
        bottom right (1,1)

    Box  6 is at 
        top left     (0,2)
        bottom right (1,2)

    Box  7 is at 
        top left     (2,1)
        bottom right (3,2)

    Box  8 is at 
        top left     (4,1)
        bottom right (5,2)

    Box  9 is at 
        top left     (0,3)
        bottom right (1,4)

    Box 10 is at 
        top left     (2,3)
        bottom right (3,4)

    Box 11 is at 
        top left     (4,3)
        bottom right (5,4)

    Roll length used: 5
--------------------
   | W
 L | 0 1  2  3  4  5 6 
----------------------
 0 | 1 2  3  3  4  4 . 
 1 | 5 5  7  7  8  8 . 
 2 | 6 6  7  7  8  8 . 
 3 | 9 9 10 10 11 11 . 
 4 | 9 9 10 10 11 11 . 
 5 | . .  .  .  .  . . 
 6 | . .  .  .  .  . . 
 7 | . .  .  .  .  . . 
 8 | . .  .  .  .  . . 
 9 | . .  .  .  .  . . 
10 | . .  .  .  .  . . 
11 | . .  .  .  .  . . 
12 | . .  .  .  .  . . 
13 | . .  .  .  .  . . 
14 | . .  .  .  .  . . 
15 | . .  .  .  .  . . 
16 | . .  .  .  .  . . 
17 | . .  .  .  .  . . 
18 | . .  .  .  .  . . 
19 | . .  .  .  .  . . 

Boxes' corners:       (w,l)
    Box  1 is at 
        top left     (0,0)
        bottom right (0,0)

    Box  2 is at 
        top left     (1,0)
        bottom right (1,0)

    Box  3 is at 
        top left     (2,0)
        bottom right (3,0)

    Box  4 is at 
        top left     (4,0)
        bottom right (5,0)

    Box  5 is at 
        top left     (0,1)
        bottom right (1,1)

    Box  6 is at 
        top left     (0,2)
        bottom right (1,2)

    Box  7 is at 
        top left     (2,1)
        bottom right (3,2)

    Box  8 is at 
        top left     (4,1)
        bottom right (5,2)

    Box  9 is at 
        top left     (0,3)
        bottom right (1,4)

    Box 10 is at 
        top left     (2,3)
        bottom right (3,4)

    Box 11 is at 
        top left     (4,3)
        bottom right (5,4)

    Roll length used: 5
