In 44.8828 seconds (average)
--------------------
1)
   | W
 L | 0 1 2 3 4 5 6 7 8 9 10 
----------------------------
 0 | 1 1 1 1 2 2 2 2 . .  . 
 1 | 1 1 1 1 2 2 2 2 . .  . 
 2 | 1 1 1 1 2 2 2 2 . .  . 
 3 | 3 3 3 3 4 4 4 4 . .  . 
 4 | 3 3 3 3 4 4 4 4 . .  . 
 5 | 3 3 3 3 4 4 4 4 . .  . 
 6 | 5 5 5 5 4 4 4 4 . .  . 
 7 | 5 5 5 5 6 6 6 6 . .  . 
 8 | 5 5 5 5 6 6 6 6 . .  . 
 9 | 5 5 5 5 6 6 6 6 . .  . 
10 | 7 7 7 7 6 6 6 6 . .  . 
11 | 7 7 7 7 8 8 8 8 . .  . 
12 | 7 7 7 7 8 8 8 8 . .  . 
13 | 7 7 7 7 8 8 8 8 . .  . 
14 | . . . . 8 8 8 8 . .  . 
15 | . . . . . . . . . .  . 
16 | . . . . . . . . . .  . 
17 | . . . . . . . . . .  . 
18 | . . . . . . . . . .  . 
19 | . . . . . . . . . .  . 
20 | . . . . . . . . . .  . 
21 | . . . . . . . . . .  . 
22 | . . . . . . . . . .  . 
23 | . . . . . . . . . .  . 
24 | . . . . . . . . . .  . 
25 | . . . . . . . . . .  . 
26 | . . . . . . . . . .  . 
27 | . . . . . . . . . .  . 
28 | . . . . . . . . . .  . 
29 | . . . . . . . . . .  . 
30 | . . . . . . . . . .  . 
31 | . . . . . . . . . .  . 

Boxes' corners:      (w,l)
    Box 1 is at 
        top left     (0,0)
        bottom right (3,2)

    Box 2 is at 
        top left     (4,0)
        bottom right (7,2)

    Box 3 is at 
        top left     (0,3)
        bottom right (3,5)

    Box 4 is at 
        top left     (4,3)
        bottom right (7,6)

    Box 5 is at 
        top left     (0,6)
        bottom right (3,9)

    Box 6 is at 
        top left     (4,7)
        bottom right (7,10)

    Box 7 is at 
        top left     (0,10)
        bottom right (3,13)

    Box 8 is at 
        top left     (4,11)
        bottom right (7,14)

    Roll length used: 15
--------------------
   | W
 L | 0 1 2 3 4 5 6 7 8 9 10 
----------------------------
 0 | 1 1 1 1 2 2 2 2 . .  . 
 1 | 1 1 1 1 2 2 2 2 . .  . 
 2 | 1 1 1 1 2 2 2 2 . .  . 
 3 | 3 3 3 3 4 4 4 4 . .  . 
 4 | 3 3 3 3 4 4 4 4 . .  . 
 5 | 3 3 3 3 4 4 4 4 . .  . 
 6 | 5 5 5 5 4 4 4 4 . .  . 
 7 | 5 5 5 5 6 6 6 6 . .  . 
 8 | 5 5 5 5 6 6 6 6 . .  . 
 9 | 5 5 5 5 6 6 6 6 . .  . 
10 | 7 7 7 7 6 6 6 6 . .  . 
11 | 7 7 7 7 8 8 8 8 . .  . 
12 | 7 7 7 7 8 8 8 8 . .  . 
13 | 7 7 7 7 8 8 8 8 . .  . 
14 | . . . . 8 8 8 8 . .  . 
15 | . . . . . . . . . .  . 
16 | . . . . . . . . . .  . 
17 | . . . . . . . . . .  . 
18 | . . . . . . . . . .  . 
19 | . . . . . . . . . .  . 
20 | . . . . . . . . . .  . 
21 | . . . . . . . . . .  . 
22 | . . . . . . . . . .  . 
23 | . . . . . . . . . .  . 
24 | . . . . . . . . . .  . 
25 | . . . . . . . . . .  . 
26 | . . . . . . . . . .  . 
27 | . . . . . . . . . .  . 
28 | . . . . . . . . . .  . 
29 | . . . . . . . . . .  . 
30 | . . . . . . . . . .  . 
31 | . . . . . . . . . .  . 

Boxes' corners:      (w,l)
    Box 1 is at 
        top left     (0,0)
        bottom right (3,2)

    Box 2 is at 
        top left     (4,0)
        bottom right (7,2)

    Box 3 is at 
        top left     (0,3)
        bottom right (3,5)

    Box 4 is at 
        top left     (4,3)
        bottom right (7,6)

    Box 5 is at 
        top left     (0,6)
        bottom right (3,9)

    Box 6 is at 
        top left     (4,7)
        bottom right (7,10)

    Box 7 is at 
        top left     (0,10)
        bottom right (3,13)

    Box 8 is at 
        top left     (4,11)
        bottom right (7,14)

    Roll length used: 15
