In 44.8388 seconds (average)
--------------------
1)
   | W
 L |  0  1  2  3  4 5 
---------------------
 0 |  1  2  2  3  3 . 
 1 |  4  4  5  5  . . 
 2 |  6  6  6  7  7 7 
 3 |  8  8  8  9  9 9 
 4 |  8  8  8  9  9 9 
 5 | 10 10 10 10 10 . 
 6 | 10 10 10 10 10 . 
 7 | 10 10 10 10 10 . 
 8 | 10 10 10 10 10 . 
 9 | 10 10 10 10 10 . 
10 | 11 11 11 11 11 . 
11 | 11 11 11 11 11 . 
12 | 11 11 11 11 11 . 
13 | 11 11 11 11 11 . 
14 | 11 11 11 11 11 . 
15 |  .  .  .  .  . . 
16 |  .  .  .  .  . . 
17 |  .  .  .  .  . . 
18 |  .  .  .  .  . . 
19 |  .  .  .  .  . . 
20 |  .  .  .  .  . . 
21 |  .  .  .  .  . . 
22 |  .  .  .  .  . . 
23 |  .  .  .  .  . . 
24 |  .  .  .  .  . . 
25 |  .  .  .  .  . . 
26 |  .  .  .  .  . . 
27 |  .  .  .  .  . . 
28 |  .  .  .  .  . . 
29 |  .  .  .  .  . . 
30 |  .  .  .  .  . . 

Boxes' corners:       (w,l)
    Box  1 is at 
        top left     (0,0)
        bottom right (0,0)

    Box  2 is at 
        top left     (1,0)
        bottom right (2,0)

    Box  3 is at 
        top left     (3,0)
        bottom right (4,0)

    Box  4 is at 
        top left     (0,1)
        bottom right (1,1)

    Box  5 is at 
        top left     (2,1)
        bottom right (3,1)

    Box  6 is at 
        top left     (0,2)
        bottom right (2,2)

    Box  7 is at 
        top left     (3,2)
        bottom right (5,2)

    Box  8 is at 
        top left     (0,3)
        bottom right (2,4)

    Box  9 is at 
        top left     (3,3)
        bottom right (5,4)

    Box 10 is at 
        top left     (0,5)
        bottom right (4,9)

    Box 11 is at 
        top left     (0,10)
        bottom right (4,14)

    Roll length used: 15
--------------------
   | W
 L |  0  1  2  3  4 5 
---------------------
 0 |  1  2  2  3  3 . 
 1 |  4  4  5  5  . . 
 2 |  6  6  6  7  7 7 
 3 |  8  8  8  9  9 9 
 4 |  8  8  8  9  9 9 
 5 | 10 10 10 10 10 . 
 6 | 10 10 10 10 10 . 
 7 | 10 10 10 10 10 . 
 8 | 10 10 10 10 10 . 
 9 | 10 10 10 10 10 . 
10 | 11 11 11 11 11 . 
11 | 11 11 11 11 11 . 
12 | 11 11 11 11 11 . 
13 | 11 11 11 11 11 . 
14 | 11 11 11 11 11 . 
15 |  .  .  .  .  . . 
16 |  .  .  .  .  . . 
17 |  .  .  .  .  . . 
18 |  .  .  .  .  . . 
19 |  .  .  .  .  . . 
20 |  .  .  .  .  . . 
21 |  .  .  .  .  . . 
22 |  .  .  .  .  . . 
23 |  .  .  .  .  . . 
24 |  .  .  .  .  . . 
25 |  .  .  .  .  . . 
26 |  .  .  .  .  . . 
27 |  .  .  .  .  . . 
28 |  .  .  .  .  . . 
29 |  .  .  .  .  . . 
30 |  .  .  .  .  . . 

Boxes' corners:       (w,l)
    Box  1 is at 
        top left     (0,0)
        bottom right (0,0)

    Box  2 is at 
        top left     (1,0)
        bottom right (2,0)

    Box  3 is at 
        top left     (3,0)
        bottom right (4,0)

    Box  4 is at 
        top left     (0,1)
        bottom right (1,1)

    Box  5 is at 
        top left     (2,1)
        bottom right (3,1)

    Box  6 is at 
        top left     (0,2)
        bottom right (2,2)

    Box  7 is at 
        top left     (3,2)
        bottom right (5,2)

    Box  8 is at 
        top left     (0,3)
        bottom right (2,4)

    Box  9 is at 
        top left     (3,3)
        bottom right (5,4)

    Box 10 is at 
        top left     (0,5)
        bottom right (4,9)

    Box 11 is at 
        top left     (0,10)
        bottom right (4,14)

    Roll length used: 15
