In 0.004 seconds (average)
--------------------
1)
  | W
L | 0 1 2 3 4 5 6 
------------------
0 | 1 3 3 3 4 4 4 
1 | 2 3 3 3 4 4 4 
2 | . 3 3 3 4 4 4 
3 | . . . . . . . 
4 | . . . . . . . 
5 | . . . . . . . 
6 | . . . . . . . 
7 | . . . . . . . 

Boxes' corners:      (w,l)
    Box 1 is at 
        top left     (0,0)
        bottom right (0,0)

    Box 2 is at 
        top left     (0,1)
        bottom right (0,1)

    Box 3 is at 
        top left     (1,0)
        bottom right (3,2)

    Box 4 is at 
        top left     (4,0)
        bottom right (6,2)

    Roll length used: 3
--------------------
  | W
L | 0 1 2 3 4 5 6 
------------------
0 | 1 3 3 3 4 4 4 
1 | 2 3 3 3 4 4 4 
2 | . 3 3 3 4 4 4 
3 | . . . . . . . 
4 | . . . . . . . 
5 | . . . . . . . 
6 | . . . . . . . 
7 | . . . . . . . 

Boxes' corners:      (w,l)
    Box 1 is at 
        top left     (0,0)
        bottom right (0,0)

    Box 2 is at 
        top left     (0,1)
        bottom right (0,1)

    Box 3 is at 
        top left     (1,0)
        bottom right (3,2)

    Box 4 is at 
        top left     (4,0)
        bottom right (6,2)

    Roll length used: 3
