In 7.60848 seconds (average)
--------------------
1)
   | W
 L | 0 1 2 3 4 5 6 7 8 
----------------------
 0 | 1 2 2 2 3 3 3 . . 
 1 | 4 4 4 5 5 5 6 6 6 
 2 | 7 7 7 . . . . . . 
 3 | . . . . . . . . . 
 4 | . . . . . . . . . 
 5 | . . . . . . . . . 
 6 | . . . . . . . . . 
 7 | . . . . . . . . . 
 8 | . . . . . . . . . 
 9 | . . . . . . . . . 
10 | . . . . . . . . . 
11 | . . . . . . . . . 
12 | . . . . . . . . . 
13 | . . . . . . . . . 
14 | . . . . . . . . . 
15 | . . . . . . . . . 
16 | . . . . . . . . . 
17 | . . . . . . . . . 
18 | . . . . . . . . . 

Boxes' corners:      (w,l)
    Box 1 is at 
        top left     (0,0)
        bottom right (0,0)

    Box 2 is at 
        top left     (1,0)
        bottom right (3,0)

    Box 3 is at 
        top left     (4,0)
        bottom right (6,0)

    Box 4 is at 
        top left     (0,1)
        bottom right (2,1)

    Box 5 is at 
        top left     (3,1)
        bottom right (5,1)

    Box 6 is at 
        top left     (6,1)
        bottom right (8,1)

    Box 7 is at 
        top left     (0,2)
        bottom right (2,2)

    Roll length used: 3
--------------------
   | W
 L | 0 1 2 3 4 5 6 7 8 
----------------------
 0 | 1 2 2 2 3 3 3 . . 
 1 | 4 4 4 5 5 5 6 6 6 
 2 | 7 7 7 . . . . . . 
 3 | . . . . . . . . . 
 4 | . . . . . . . . . 
 5 | . . . . . . . . . 
 6 | . . . . . . . . . 
 7 | . . . . . . . . . 
 8 | . . . . . . . . . 
 9 | . . . . . . . . . 
10 | . . . . . . . . . 
11 | . . . . . . . . . 
12 | . . . . . . . . . 
13 | . . . . . . . . . 
14 | . . . . . . . . . 
15 | . . . . . . . . . 
16 | . . . . . . . . . 
17 | . . . . . . . . . 
18 | . . . . . . . . . 

Boxes' corners:      (w,l)
    Box 1 is at 
        top left     (0,0)
        bottom right (0,0)

    Box 2 is at 
        top left     (1,0)
        bottom right (3,0)

    Box 3 is at 
        top left     (4,0)
        bottom right (6,0)

    Box 4 is at 
        top left     (0,1)
        bottom right (2,1)

    Box 5 is at 
        top left     (3,1)
        bottom right (5,1)

    Box 6 is at 
        top left     (6,1)
        bottom right (8,1)

    Box 7 is at 
        top left     (0,2)
        bottom right (2,2)

    Roll length used: 3
