Input data read:
    W=3
    sum lengths=   4
    sum max sides= 4
    box 1: 1 2
    box 2: 1 2

In 0.004344 seconds
--------------------
1)
  | W
L | 0 1 2 
----------
0 | 1 1 . 
1 | 2 2 . 
2 | . . . 
3 | . . . 

Boxes' corners:      (l,w)
    Box 1 is at 
        top left     (0,0)
        bottom right (0,1)

    Box 2 is at 
        top left     (1,0)
        bottom right (1,1)

    Roll length used: 2
--------------------
2)
  | W
L | 0 1 2 
----------
0 | 1 1 . 
1 | . 2 2 
2 | . . . 
3 | . . . 

Boxes' corners:      (l,w)
    Box 1 is at 
        top left     (0,0)
        bottom right (0,1)

    Box 2 is at 
        top left     (1,1)
        bottom right (1,2)

    Roll length used: 2
--------------------
3)
  | W
L | 0 1 2 
----------
0 | 1 1 . 
1 | . . . 
2 | 2 2 . 
3 | . . . 

Boxes' corners:      (l,w)
    Box 1 is at 
        top left     (0,0)
        bottom right (0,1)

    Box 2 is at 
        top left     (2,0)
        bottom right (2,1)

    Roll length used: 3
--------------------
4)
  | W
L | 0 1 2 
----------
0 | 1 1 . 
1 | . . . 
2 | . 2 2 
3 | . . . 

Boxes' corners:      (l,w)
    Box 1 is at 
        top left     (0,0)
        bottom right (0,1)

    Box 2 is at 
        top left     (2,1)
        bottom right (2,2)

    Roll length used: 3
--------------------
5)
  | W
L | 0 1 2 
----------
0 | 1 1 . 
1 | . . . 
2 | . . . 
3 | 2 2 . 

Boxes' corners:      (l,w)
    Box 1 is at 
        top left     (0,0)
        bottom right (0,1)

    Box 2 is at 
        top left     (3,0)
        bottom right (3,1)

    Roll length used: 4
--------------------
6)
  | W
L | 0 1 2 
----------
0 | 1 1 . 
1 | . . . 
2 | . . . 
3 | . 2 2 

Boxes' corners:      (l,w)
    Box 1 is at 
        top left     (0,0)
        bottom right (0,1)

    Box 2 is at 
        top left     (3,1)
        bottom right (3,2)

    Roll length used: 4
--------------------
7)
  | W
L | 0 1 2 
----------
0 | . 1 1 
1 | 2 2 . 
2 | . . . 
3 | . . . 

Boxes' corners:      (l,w)
    Box 1 is at 
        top left     (0,1)
        bottom right (0,2)

    Box 2 is at 
        top left     (1,0)
        bottom right (1,1)

    Roll length used: 2
--------------------
8)
  | W
L | 0 1 2 
----------
0 | . 1 1 
1 | . 2 2 
2 | . . . 
3 | . . . 

Boxes' corners:      (l,w)
    Box 1 is at 
        top left     (0,1)
        bottom right (0,2)

    Box 2 is at 
        top left     (1,1)
        bottom right (1,2)

    Roll length used: 2
--------------------
9)
  | W
L | 0 1 2 
----------
0 | . 1 1 
1 | . . . 
2 | 2 2 . 
3 | . . . 

Boxes' corners:      (l,w)
    Box 1 is at 
        top left     (0,1)
        bottom right (0,2)

    Box 2 is at 
        top left     (2,0)
        bottom right (2,1)

    Roll length used: 3
--------------------
10)
  | W
L | 0 1 2 
----------
0 | . 1 1 
1 | . . . 
2 | . 2 2 
3 | . . . 

Boxes' corners:      (l,w)
    Box 1 is at 
        top left     (0,1)
        bottom right (0,2)

    Box 2 is at 
        top left     (2,1)
        bottom right (2,2)

    Roll length used: 3
--------------------
11)
  | W
L | 0 1 2 
----------
0 | . 1 1 
1 | . . . 
2 | . . . 
3 | 2 2 . 

Boxes' corners:      (l,w)
    Box 1 is at 
        top left     (0,1)
        bottom right (0,2)

    Box 2 is at 
        top left     (3,0)
        bottom right (3,1)

    Roll length used: 4
--------------------
12)
  | W
L | 0 1 2 
----------
0 | . 1 1 
1 | . . . 
2 | . . . 
3 | . 2 2 

Boxes' corners:      (l,w)
    Box 1 is at 
        top left     (0,1)
        bottom right (0,2)

    Box 2 is at 
        top left     (3,1)
        bottom right (3,2)

    Roll length used: 4
--------------------
13)
  | W
L | 0 1 2 
----------
0 | 2 2 . 
1 | 1 1 . 
2 | . . . 
3 | . . . 

Boxes' corners:      (l,w)
    Box 1 is at 
        top left     (1,0)
        bottom right (1,1)

    Box 2 is at 
        top left     (0,0)
        bottom right (0,1)

    Roll length used: 2
--------------------
14)
  | W
L | 0 1 2 
----------
0 | . 2 2 
1 | 1 1 . 
2 | . . . 
3 | . . . 

Boxes' corners:      (l,w)
    Box 1 is at 
        top left     (1,0)
        bottom right (1,1)

    Box 2 is at 
        top left     (0,1)
        bottom right (0,2)

    Roll length used: 2
--------------------
15)
  | W
L | 0 1 2 
----------
0 | . . . 
1 | 1 1 . 
2 | 2 2 . 
3 | . . . 

Boxes' corners:      (l,w)
    Box 1 is at 
        top left     (1,0)
        bottom right (1,1)

    Box 2 is at 
        top left     (2,0)
        bottom right (2,1)

    Roll length used: 3
--------------------
16)
  | W
L | 0 1 2 
----------
0 | . . . 
1 | 1 1 . 
2 | . 2 2 
3 | . . . 

Boxes' corners:      (l,w)
    Box 1 is at 
        top left     (1,0)
        bottom right (1,1)

    Box 2 is at 
        top left     (2,1)
        bottom right (2,2)

    Roll length used: 3
--------------------
17)
  | W
L | 0 1 2 
----------
0 | . . . 
1 | 1 1 . 
2 | . . . 
3 | 2 2 . 

Boxes' corners:      (l,w)
    Box 1 is at 
        top left     (1,0)
        bottom right (1,1)

    Box 2 is at 
        top left     (3,0)
        bottom right (3,1)

    Roll length used: 4
--------------------
18)
  | W
L | 0 1 2 
----------
0 | . . . 
1 | 1 1 . 
2 | . . . 
3 | . 2 2 

Boxes' corners:      (l,w)
    Box 1 is at 
        top left     (1,0)
        bottom right (1,1)

    Box 2 is at 
        top left     (3,1)
        bottom right (3,2)

    Roll length used: 4
--------------------
19)
  | W
L | 0 1 2 
----------
0 | 2 2 . 
1 | . 1 1 
2 | . . . 
3 | . . . 

Boxes' corners:      (l,w)
    Box 1 is at 
        top left     (1,1)
        bottom right (1,2)

    Box 2 is at 
        top left     (0,0)
        bottom right (0,1)

    Roll length used: 2
--------------------
20)
  | W
L | 0 1 2 
----------
0 | . 2 2 
1 | . 1 1 
2 | . . . 
3 | . . . 

Boxes' corners:      (l,w)
    Box 1 is at 
        top left     (1,1)
        bottom right (1,2)

    Box 2 is at 
        top left     (0,1)
        bottom right (0,2)

    Roll length used: 2
--------------------
21)
  | W
L | 0 1 2 
----------
0 | . . . 
1 | . 1 1 
2 | 2 2 . 
3 | . . . 

Boxes' corners:      (l,w)
    Box 1 is at 
        top left     (1,1)
        bottom right (1,2)

    Box 2 is at 
        top left     (2,0)
        bottom right (2,1)

    Roll length used: 3
--------------------
22)
  | W
L | 0 1 2 
----------
0 | . . . 
1 | . 1 1 
2 | . 2 2 
3 | . . . 

Boxes' corners:      (l,w)
    Box 1 is at 
        top left     (1,1)
        bottom right (1,2)

    Box 2 is at 
        top left     (2,1)
        bottom right (2,2)

    Roll length used: 3
--------------------
23)
  | W
L | 0 1 2 
----------
0 | . . . 
1 | . 1 1 
2 | . . . 
3 | 2 2 . 

Boxes' corners:      (l,w)
    Box 1 is at 
        top left     (1,1)
        bottom right (1,2)

    Box 2 is at 
        top left     (3,0)
        bottom right (3,1)

    Roll length used: 4
--------------------
24)
  | W
L | 0 1 2 
----------
0 | . . . 
1 | . 1 1 
2 | . . . 
3 | . 2 2 

Boxes' corners:      (l,w)
    Box 1 is at 
        top left     (1,1)
        bottom right (1,2)

    Box 2 is at 
        top left     (3,1)
        bottom right (3,2)

    Roll length used: 4
--------------------
25)
  | W
L | 0 1 2 
----------
0 | 2 2 . 
1 | . . . 
2 | 1 1 . 
3 | . . . 

Boxes' corners:      (l,w)
    Box 1 is at 
        top left     (2,0)
        bottom right (2,1)

    Box 2 is at 
        top left     (0,0)
        bottom right (0,1)

    Roll length used: 3
--------------------
26)
  | W
L | 0 1 2 
----------
0 | . 2 2 
1 | . . . 
2 | 1 1 . 
3 | . . . 

Boxes' corners:      (l,w)
    Box 1 is at 
        top left     (2,0)
        bottom right (2,1)

    Box 2 is at 
        top left     (0,1)
        bottom right (0,2)

    Roll length used: 3
--------------------
27)
  | W
L | 0 1 2 
----------
0 | . . . 
1 | 2 2 . 
2 | 1 1 . 
3 | . . . 

Boxes' corners:      (l,w)
    Box 1 is at 
        top left     (2,0)
        bottom right (2,1)

    Box 2 is at 
        top left     (1,0)
        bottom right (1,1)

    Roll length used: 3
--------------------
28)
  | W
L | 0 1 2 
----------
0 | . . . 
1 | . 2 2 
2 | 1 1 . 
3 | . . . 

Boxes' corners:      (l,w)
    Box 1 is at 
        top left     (2,0)
        bottom right (2,1)

    Box 2 is at 
        top left     (1,1)
        bottom right (1,2)

    Roll length used: 3
--------------------
29)
  | W
L | 0 1 2 
----------
0 | . . . 
1 | . . . 
2 | 1 1 . 
3 | 2 2 . 

Boxes' corners:      (l,w)
    Box 1 is at 
        top left     (2,0)
        bottom right (2,1)

    Box 2 is at 
        top left     (3,0)
        bottom right (3,1)

    Roll length used: 4
--------------------
30)
  | W
L | 0 1 2 
----------
0 | . . . 
1 | . . . 
2 | 1 1 . 
3 | . 2 2 

Boxes' corners:      (l,w)
    Box 1 is at 
        top left     (2,0)
        bottom right (2,1)

    Box 2 is at 
        top left     (3,1)
        bottom right (3,2)

    Roll length used: 4
--------------------
31)
  | W
L | 0 1 2 
----------
0 | 2 2 . 
1 | . . . 
2 | . 1 1 
3 | . . . 

Boxes' corners:      (l,w)
    Box 1 is at 
        top left     (2,1)
        bottom right (2,2)

    Box 2 is at 
        top left     (0,0)
        bottom right (0,1)

    Roll length used: 3
--------------------
32)
  | W
L | 0 1 2 
----------
0 | . 2 2 
1 | . . . 
2 | . 1 1 
3 | . . . 

Boxes' corners:      (l,w)
    Box 1 is at 
        top left     (2,1)
        bottom right (2,2)

    Box 2 is at 
        top left     (0,1)
        bottom right (0,2)

    Roll length used: 3
--------------------
33)
  | W
L | 0 1 2 
----------
0 | . . . 
1 | 2 2 . 
2 | . 1 1 
3 | . . . 

Boxes' corners:      (l,w)
    Box 1 is at 
        top left     (2,1)
        bottom right (2,2)

    Box 2 is at 
        top left     (1,0)
        bottom right (1,1)

    Roll length used: 3
--------------------
34)
  | W
L | 0 1 2 
----------
0 | . . . 
1 | . 2 2 
2 | . 1 1 
3 | . . . 

Boxes' corners:      (l,w)
    Box 1 is at 
        top left     (2,1)
        bottom right (2,2)

    Box 2 is at 
        top left     (1,1)
        bottom right (1,2)

    Roll length used: 3
--------------------
35)
  | W
L | 0 1 2 
----------
0 | . . . 
1 | . . . 
2 | . 1 1 
3 | 2 2 . 

Boxes' corners:      (l,w)
    Box 1 is at 
        top left     (2,1)
        bottom right (2,2)

    Box 2 is at 
        top left     (3,0)
        bottom right (3,1)

    Roll length used: 4
--------------------
36)
  | W
L | 0 1 2 
----------
0 | . . . 
1 | . . . 
2 | . 1 1 
3 | . 2 2 

Boxes' corners:      (l,w)
    Box 1 is at 
        top left     (2,1)
        bottom right (2,2)

    Box 2 is at 
        top left     (3,1)
        bottom right (3,2)

    Roll length used: 4
--------------------
37)
  | W
L | 0 1 2 
----------
0 | 2 2 . 
1 | . . . 
2 | . . . 
3 | 1 1 . 

Boxes' corners:      (l,w)
    Box 1 is at 
        top left     (3,0)
        bottom right (3,1)

    Box 2 is at 
        top left     (0,0)
        bottom right (0,1)

    Roll length used: 4
--------------------
38)
  | W
L | 0 1 2 
----------
0 | . 2 2 
1 | . . . 
2 | . . . 
3 | 1 1 . 

Boxes' corners:      (l,w)
    Box 1 is at 
        top left     (3,0)
        bottom right (3,1)

    Box 2 is at 
        top left     (0,1)
        bottom right (0,2)

    Roll length used: 4
--------------------
39)
  | W
L | 0 1 2 
----------
0 | . . . 
1 | 2 2 . 
2 | . . . 
3 | 1 1 . 

Boxes' corners:      (l,w)
    Box 1 is at 
        top left     (3,0)
        bottom right (3,1)

    Box 2 is at 
        top left     (1,0)
        bottom right (1,1)

    Roll length used: 4
--------------------
40)
  | W
L | 0 1 2 
----------
0 | . . . 
1 | . 2 2 
2 | . . . 
3 | 1 1 . 

Boxes' corners:      (l,w)
    Box 1 is at 
        top left     (3,0)
        bottom right (3,1)

    Box 2 is at 
        top left     (1,1)
        bottom right (1,2)

    Roll length used: 4
--------------------
41)
  | W
L | 0 1 2 
----------
0 | . . . 
1 | . . . 
2 | 2 2 . 
3 | 1 1 . 

Boxes' corners:      (l,w)
    Box 1 is at 
        top left     (3,0)
        bottom right (3,1)

    Box 2 is at 
        top left     (2,0)
        bottom right (2,1)

    Roll length used: 4
--------------------
42)
  | W
L | 0 1 2 
----------
0 | . . . 
1 | . . . 
2 | . 2 2 
3 | 1 1 . 

Boxes' corners:      (l,w)
    Box 1 is at 
        top left     (3,0)
        bottom right (3,1)

    Box 2 is at 
        top left     (2,1)
        bottom right (2,2)

    Roll length used: 4
--------------------
43)
  | W
L | 0 1 2 
----------
0 | 2 2 . 
1 | . . . 
2 | . . . 
3 | . 1 1 

Boxes' corners:      (l,w)
    Box 1 is at 
        top left     (3,1)
        bottom right (3,2)

    Box 2 is at 
        top left     (0,0)
        bottom right (0,1)

    Roll length used: 4
--------------------
44)
  | W
L | 0 1 2 
----------
0 | . 2 2 
1 | . . . 
2 | . . . 
3 | . 1 1 

Boxes' corners:      (l,w)
    Box 1 is at 
        top left     (3,1)
        bottom right (3,2)

    Box 2 is at 
        top left     (0,1)
        bottom right (0,2)

    Roll length used: 4
--------------------
45)
  | W
L | 0 1 2 
----------
0 | . . . 
1 | 2 2 . 
2 | . . . 
3 | . 1 1 

Boxes' corners:      (l,w)
    Box 1 is at 
        top left     (3,1)
        bottom right (3,2)

    Box 2 is at 
        top left     (1,0)
        bottom right (1,1)

    Roll length used: 4
--------------------
46)
  | W
L | 0 1 2 
----------
0 | . . . 
1 | . 2 2 
2 | . . . 
3 | . 1 1 

Boxes' corners:      (l,w)
    Box 1 is at 
        top left     (3,1)
        bottom right (3,2)

    Box 2 is at 
        top left     (1,1)
        bottom right (1,2)

    Roll length used: 4
--------------------
47)
  | W
L | 0 1 2 
----------
0 | . . . 
1 | . . . 
2 | 2 2 . 
3 | . 1 1 

Boxes' corners:      (l,w)
    Box 1 is at 
        top left     (3,1)
        bottom right (3,2)

    Box 2 is at 
        top left     (2,0)
        bottom right (2,1)

    Roll length used: 4
--------------------
48)
  | W
L | 0 1 2 
----------
0 | . . . 
1 | . . . 
2 | . 2 2 
3 | . 1 1 

Boxes' corners:      (l,w)
    Box 1 is at 
        top left     (3,1)
        bottom right (3,2)

    Box 2 is at 
        top left     (2,1)
        bottom right (2,2)

    Roll length used: 4
--------------------
49)
  | W
L | 0 1 2 
----------
0 | 1 1 2 
1 | . . 2 
2 | . . . 
3 | . . . 

Boxes' corners:      (l,w)
    Box 1 is at 
        top left     (0,0)
        bottom right (0,1)

    Box 2 is at 
        top left     (0,2)
        bottom right (1,2)

    Roll length used: 2
--------------------
50)
  | W
L | 0 1 2 
----------
0 | 1 1 . 
1 | 2 . . 
2 | 2 . . 
3 | . . . 

Boxes' corners:      (l,w)
    Box 1 is at 
        top left     (0,0)
        bottom right (0,1)

    Box 2 is at 
        top left     (1,0)
        bottom right (2,0)

    Roll length used: 3
--------------------
51)
  | W
L | 0 1 2 
----------
0 | 1 1 . 
1 | . 2 . 
2 | . 2 . 
3 | . . . 

Boxes' corners:      (l,w)
    Box 1 is at 
        top left     (0,0)
        bottom right (0,1)

    Box 2 is at 
        top left     (1,1)
        bottom right (2,1)

    Roll length used: 3
--------------------
52)
  | W
L | 0 1 2 
----------
0 | 1 1 . 
1 | . . 2 
2 | . . 2 
3 | . . . 

Boxes' corners:      (l,w)
    Box 1 is at 
        top left     (0,0)
        bottom right (0,1)

    Box 2 is at 
        top left     (1,2)
        bottom right (2,2)

    Roll length used: 3
--------------------
53)
  | W
L | 0 1 2 
----------
0 | 1 1 . 
1 | . . . 
2 | 2 . . 
3 | 2 . . 

Boxes' corners:      (l,w)
    Box 1 is at 
        top left     (0,0)
        bottom right (0,1)

    Box 2 is at 
        top left     (2,0)
        bottom right (3,0)

    Roll length used: 4
--------------------
54)
  | W
L | 0 1 2 
----------
0 | 1 1 . 
1 | . . . 
2 | . 2 . 
3 | . 2 . 

Boxes' corners:      (l,w)
    Box 1 is at 
        top left     (0,0)
        bottom right (0,1)

    Box 2 is at 
        top left     (2,1)
        bottom right (3,1)

    Roll length used: 4
--------------------
55)
  | W
L | 0 1 2 
----------
0 | 1 1 . 
1 | . . . 
2 | . . 2 
3 | . . 2 

Boxes' corners:      (l,w)
    Box 1 is at 
        top left     (0,0)
        bottom right (0,1)

    Box 2 is at 
        top left     (2,2)
        bottom right (3,2)

    Roll length used: 4
--------------------
56)
  | W
L | 0 1 2 
----------
0 | 2 1 1 
1 | 2 . . 
2 | . . . 
3 | . . . 

Boxes' corners:      (l,w)
    Box 1 is at 
        top left     (0,1)
        bottom right (0,2)

    Box 2 is at 
        top left     (0,0)
        bottom right (1,0)

    Roll length used: 2
--------------------
57)
  | W
L | 0 1 2 
----------
0 | . 1 1 
1 | 2 . . 
2 | 2 . . 
3 | . . . 

Boxes' corners:      (l,w)
    Box 1 is at 
        top left     (0,1)
        bottom right (0,2)

    Box 2 is at 
        top left     (1,0)
        bottom right (2,0)

    Roll length used: 3
--------------------
58)
  | W
L | 0 1 2 
----------
0 | . 1 1 
1 | . 2 . 
2 | . 2 . 
3 | . . . 

Boxes' corners:      (l,w)
    Box 1 is at 
        top left     (0,1)
        bottom right (0,2)

    Box 2 is at 
        top left     (1,1)
        bottom right (2,1)

    Roll length used: 3
--------------------
59)
  | W
L | 0 1 2 
----------
0 | . 1 1 
1 | . . 2 
2 | . . 2 
3 | . . . 

Boxes' corners:      (l,w)
    Box 1 is at 
        top left     (0,1)
        bottom right (0,2)

    Box 2 is at 
        top left     (1,2)
        bottom right (2,2)

    Roll length used: 3
--------------------
60)
  | W
L | 0 1 2 
----------
0 | . 1 1 
1 | . . . 
2 | 2 . . 
3 | 2 . . 

Boxes' corners:      (l,w)
    Box 1 is at 
        top left     (0,1)
        bottom right (0,2)

    Box 2 is at 
        top left     (2,0)
        bottom right (3,0)

    Roll length used: 4
--------------------
61)
  | W
L | 0 1 2 
----------
0 | . 1 1 
1 | . . . 
2 | . 2 . 
3 | . 2 . 

Boxes' corners:      (l,w)
    Box 1 is at 
        top left     (0,1)
        bottom right (0,2)

    Box 2 is at 
        top left     (2,1)
        bottom right (3,1)

    Roll length used: 4
--------------------
62)
  | W
L | 0 1 2 
----------
0 | . 1 1 
1 | . . . 
2 | . . 2 
3 | . . 2 

Boxes' corners:      (l,w)
    Box 1 is at 
        top left     (0,1)
        bottom right (0,2)

    Box 2 is at 
        top left     (2,2)
        bottom right (3,2)

    Roll length used: 4
--------------------
63)
  | W
L | 0 1 2 
----------
0 | . . 2 
1 | 1 1 2 
2 | . . . 
3 | . . . 

Boxes' corners:      (l,w)
    Box 1 is at 
        top left     (1,0)
        bottom right (1,1)

    Box 2 is at 
        top left     (0,2)
        bottom right (1,2)

    Roll length used: 2
--------------------
64)
  | W
L | 0 1 2 
----------
0 | . . . 
1 | 1 1 2 
2 | . . 2 
3 | . . . 

Boxes' corners:      (l,w)
    Box 1 is at 
        top left     (1,0)
        bottom right (1,1)

    Box 2 is at 
        top left     (1,2)
        bottom right (2,2)

    Roll length used: 3
--------------------
65)
  | W
L | 0 1 2 
----------
0 | . . . 
1 | 1 1 . 
2 | 2 . . 
3 | 2 . . 

Boxes' corners:      (l,w)
    Box 1 is at 
        top left     (1,0)
        bottom right (1,1)

    Box 2 is at 
        top left     (2,0)
        bottom right (3,0)

    Roll length used: 4
--------------------
66)
  | W
L | 0 1 2 
----------
0 | . . . 
1 | 1 1 . 
2 | . 2 . 
3 | . 2 . 

Boxes' corners:      (l,w)
    Box 1 is at 
        top left     (1,0)
        bottom right (1,1)

    Box 2 is at 
        top left     (2,1)
        bottom right (3,1)

    Roll length used: 4
--------------------
67)
  | W
L | 0 1 2 
----------
0 | . . . 
1 | 1 1 . 
2 | . . 2 
3 | . . 2 

Boxes' corners:      (l,w)
    Box 1 is at 
        top left     (1,0)
        bottom right (1,1)

    Box 2 is at 
        top left     (2,2)
        bottom right (3,2)

    Roll length used: 4
--------------------
68)
  | W
L | 0 1 2 
----------
0 | 2 . . 
1 | 2 1 1 
2 | . . . 
3 | . . . 

Boxes' corners:      (l,w)
    Box 1 is at 
        top left     (1,1)
        bottom right (1,2)

    Box 2 is at 
        top left     (0,0)
        bottom right (1,0)

    Roll length used: 2
--------------------
69)
  | W
L | 0 1 2 
----------
0 | . . . 
1 | 2 1 1 
2 | 2 . . 
3 | . . . 

Boxes' corners:      (l,w)
    Box 1 is at 
        top left     (1,1)
        bottom right (1,2)

    Box 2 is at 
        top left     (1,0)
        bottom right (2,0)

    Roll length used: 3
--------------------
70)
  | W
L | 0 1 2 
----------
0 | . . . 
1 | . 1 1 
2 | 2 . . 
3 | 2 . . 

Boxes' corners:      (l,w)
    Box 1 is at 
        top left     (1,1)
        bottom right (1,2)

    Box 2 is at 
        top left     (2,0)
        bottom right (3,0)

    Roll length used: 4
--------------------
71)
  | W
L | 0 1 2 
----------
0 | . . . 
1 | . 1 1 
2 | . 2 . 
3 | . 2 . 

Boxes' corners:      (l,w)
    Box 1 is at 
        top left     (1,1)
        bottom right (1,2)

    Box 2 is at 
        top left     (2,1)
        bottom right (3,1)

    Roll length used: 4
--------------------
72)
  | W
L | 0 1 2 
----------
0 | . . . 
1 | . 1 1 
2 | . . 2 
3 | . . 2 

Boxes' corners:      (l,w)
    Box 1 is at 
        top left     (1,1)
        bottom right (1,2)

    Box 2 is at 
        top left     (2,2)
        bottom right (3,2)

    Roll length used: 4
--------------------
73)
  | W
L | 0 1 2 
----------
0 | 2 . . 
1 | 2 . . 
2 | 1 1 . 
3 | . . . 

Boxes' corners:      (l,w)
    Box 1 is at 
        top left     (2,0)
        bottom right (2,1)

    Box 2 is at 
        top left     (0,0)
        bottom right (1,0)

    Roll length used: 3
--------------------
74)
  | W
L | 0 1 2 
----------
0 | . 2 . 
1 | . 2 . 
2 | 1 1 . 
3 | . . . 

Boxes' corners:      (l,w)
    Box 1 is at 
        top left     (2,0)
        bottom right (2,1)

    Box 2 is at 
        top left     (0,1)
        bottom right (1,1)

    Roll length used: 3
--------------------
75)
  | W
L | 0 1 2 
----------
0 | . . 2 
1 | . . 2 
2 | 1 1 . 
3 | . . . 

Boxes' corners:      (l,w)
    Box 1 is at 
        top left     (2,0)
        bottom right (2,1)

    Box 2 is at 
        top left     (0,2)
        bottom right (1,2)

    Roll length used: 3
--------------------
76)
  | W
L | 0 1 2 
----------
0 | . . . 
1 | . . 2 
2 | 1 1 2 
3 | . . . 

Boxes' corners:      (l,w)
    Box 1 is at 
        top left     (2,0)
        bottom right (2,1)

    Box 2 is at 
        top left     (1,2)
        bottom right (2,2)

    Roll length used: 3
--------------------
77)
  | W
L | 0 1 2 
----------
0 | . . . 
1 | . . . 
2 | 1 1 2 
3 | . . 2 

Boxes' corners:      (l,w)
    Box 1 is at 
        top left     (2,0)
        bottom right (2,1)

    Box 2 is at 
        top left     (2,2)
        bottom right (3,2)

    Roll length used: 4
--------------------
78)
  | W
L | 0 1 2 
----------
0 | 2 . . 
1 | 2 . . 
2 | . 1 1 
3 | . . . 

Boxes' corners:      (l,w)
    Box 1 is at 
        top left     (2,1)
        bottom right (2,2)

    Box 2 is at 
        top left     (0,0)
        bottom right (1,0)

    Roll length used: 3
--------------------
79)
  | W
L | 0 1 2 
----------
0 | . 2 . 
1 | . 2 . 
2 | . 1 1 
3 | . . . 

Boxes' corners:      (l,w)
    Box 1 is at 
        top left     (2,1)
        bottom right (2,2)

    Box 2 is at 
        top left     (0,1)
        bottom right (1,1)

    Roll length used: 3
--------------------
80)
  | W
L | 0 1 2 
----------
0 | . . 2 
1 | . . 2 
2 | . 1 1 
3 | . . . 

Boxes' corners:      (l,w)
    Box 1 is at 
        top left     (2,1)
        bottom right (2,2)

    Box 2 is at 
        top left     (0,2)
        bottom right (1,2)

    Roll length used: 3
--------------------
81)
  | W
L | 0 1 2 
----------
0 | . . . 
1 | 2 . . 
2 | 2 1 1 
3 | . . . 

Boxes' corners:      (l,w)
    Box 1 is at 
        top left     (2,1)
        bottom right (2,2)

    Box 2 is at 
        top left     (1,0)
        bottom right (2,0)

    Roll length used: 3
--------------------
82)
  | W
L | 0 1 2 
----------
0 | . . . 
1 | . . . 
2 | 2 1 1 
3 | 2 . . 

Boxes' corners:      (l,w)
    Box 1 is at 
        top left     (2,1)
        bottom right (2,2)

    Box 2 is at 
        top left     (2,0)
        bottom right (3,0)

    Roll length used: 4
--------------------
83)
  | W
L | 0 1 2 
----------
0 | 2 . . 
1 | 2 . . 
2 | . . . 
3 | 1 1 . 

Boxes' corners:      (l,w)
    Box 1 is at 
        top left     (3,0)
        bottom right (3,1)

    Box 2 is at 
        top left     (0,0)
        bottom right (1,0)

    Roll length used: 4
--------------------
84)
  | W
L | 0 1 2 
----------
0 | . 2 . 
1 | . 2 . 
2 | . . . 
3 | 1 1 . 

Boxes' corners:      (l,w)
    Box 1 is at 
        top left     (3,0)
        bottom right (3,1)

    Box 2 is at 
        top left     (0,1)
        bottom right (1,1)

    Roll length used: 4
--------------------
85)
  | W
L | 0 1 2 
----------
0 | . . 2 
1 | . . 2 
2 | . . . 
3 | 1 1 . 

Boxes' corners:      (l,w)
    Box 1 is at 
        top left     (3,0)
        bottom right (3,1)

    Box 2 is at 
        top left     (0,2)
        bottom right (1,2)

    Roll length used: 4
--------------------
86)
  | W
L | 0 1 2 
----------
0 | . . . 
1 | 2 . . 
2 | 2 . . 
3 | 1 1 . 

Boxes' corners:      (l,w)
    Box 1 is at 
        top left     (3,0)
        bottom right (3,1)

    Box 2 is at 
        top left     (1,0)
        bottom right (2,0)

    Roll length used: 4
--------------------
87)
  | W
L | 0 1 2 
----------
0 | . . . 
1 | . 2 . 
2 | . 2 . 
3 | 1 1 . 

Boxes' corners:      (l,w)
    Box 1 is at 
        top left     (3,0)
        bottom right (3,1)

    Box 2 is at 
        top left     (1,1)
        bottom right (2,1)

    Roll length used: 4
--------------------
88)
  | W
L | 0 1 2 
----------
0 | . . . 
1 | . . 2 
2 | . . 2 
3 | 1 1 . 

Boxes' corners:      (l,w)
    Box 1 is at 
        top left     (3,0)
        bottom right (3,1)

    Box 2 is at 
        top left     (1,2)
        bottom right (2,2)

    Roll length used: 4
--------------------
89)
  | W
L | 0 1 2 
----------
0 | . . . 
1 | . . . 
2 | . . 2 
3 | 1 1 2 

Boxes' corners:      (l,w)
    Box 1 is at 
        top left     (3,0)
        bottom right (3,1)

    Box 2 is at 
        top left     (2,2)
        bottom right (3,2)

    Roll length used: 4
--------------------
90)
  | W
L | 0 1 2 
----------
0 | 2 . . 
1 | 2 . . 
2 | . . . 
3 | . 1 1 

Boxes' corners:      (l,w)
    Box 1 is at 
        top left     (3,1)
        bottom right (3,2)

    Box 2 is at 
        top left     (0,0)
        bottom right (1,0)

    Roll length used: 4
--------------------
91)
  | W
L | 0 1 2 
----------
0 | . 2 . 
1 | . 2 . 
2 | . . . 
3 | . 1 1 

Boxes' corners:      (l,w)
    Box 1 is at 
        top left     (3,1)
        bottom right (3,2)

    Box 2 is at 
        top left     (0,1)
        bottom right (1,1)

    Roll length used: 4
--------------------
92)
  | W
L | 0 1 2 
----------
0 | . . 2 
1 | . . 2 
2 | . . . 
3 | . 1 1 

Boxes' corners:      (l,w)
    Box 1 is at 
        top left     (3,1)
        bottom right (3,2)

    Box 2 is at 
        top left     (0,2)
        bottom right (1,2)

    Roll length used: 4
--------------------
93)
  | W
L | 0 1 2 
----------
0 | . . . 
1 | 2 . . 
2 | 2 . . 
3 | . 1 1 

Boxes' corners:      (l,w)
    Box 1 is at 
        top left     (3,1)
        bottom right (3,2)

    Box 2 is at 
        top left     (1,0)
        bottom right (2,0)

    Roll length used: 4
--------------------
94)
  | W
L | 0 1 2 
----------
0 | . . . 
1 | . 2 . 
2 | . 2 . 
3 | . 1 1 

Boxes' corners:      (l,w)
    Box 1 is at 
        top left     (3,1)
        bottom right (3,2)

    Box 2 is at 
        top left     (1,1)
        bottom right (2,1)

    Roll length used: 4
--------------------
95)
  | W
L | 0 1 2 
----------
0 | . . . 
1 | . . 2 
2 | . . 2 
3 | . 1 1 

Boxes' corners:      (l,w)
    Box 1 is at 
        top left     (3,1)
        bottom right (3,2)

    Box 2 is at 
        top left     (1,2)
        bottom right (2,2)

    Roll length used: 4
--------------------
96)
  | W
L | 0 1 2 
----------
0 | . . . 
1 | . . . 
2 | 2 . . 
3 | 2 1 1 

Boxes' corners:      (l,w)
    Box 1 is at 
        top left     (3,1)
        bottom right (3,2)

    Box 2 is at 
        top left     (2,0)
        bottom right (3,0)

    Roll length used: 4
--------------------
97)
  | W
L | 0 1 2 
----------
0 | 1 2 2 
1 | 1 . . 
2 | . . . 
3 | . . . 

Boxes' corners:      (l,w)
    Box 1 is at 
        top left     (0,0)
        bottom right (1,0)

    Box 2 is at 
        top left     (0,1)
        bottom right (0,2)

    Roll length used: 2
--------------------
98)
  | W
L | 0 1 2 
----------
0 | 1 . . 
1 | 1 2 2 
2 | . . . 
3 | . . . 

Boxes' corners:      (l,w)
    Box 1 is at 
        top left     (0,0)
        bottom right (1,0)

    Box 2 is at 
        top left     (1,1)
        bottom right (1,2)

    Roll length used: 2
--------------------
99)
  | W
L | 0 1 2 
----------
0 | 1 . . 
1 | 1 . . 
2 | 2 2 . 
3 | . . . 

Boxes' corners:      (l,w)
    Box 1 is at 
        top left     (0,0)
        bottom right (1,0)

    Box 2 is at 
        top left     (2,0)
        bottom right (2,1)

    Roll length used: 3
--------------------
100)
  | W
L | 0 1 2 
----------
0 | 1 . . 
1 | 1 . . 
2 | . 2 2 
3 | . . . 

Boxes' corners:      (l,w)
    Box 1 is at 
        top left     (0,0)
        bottom right (1,0)

    Box 2 is at 
        top left     (2,1)
        bottom right (2,2)

    Roll length used: 3
--------------------
101)
  | W
L | 0 1 2 
----------
0 | 1 . . 
1 | 1 . . 
2 | . . . 
3 | 2 2 . 

Boxes' corners:      (l,w)
    Box 1 is at 
        top left     (0,0)
        bottom right (1,0)

    Box 2 is at 
        top left     (3,0)
        bottom right (3,1)

    Roll length used: 4
--------------------
102)
  | W
L | 0 1 2 
----------
0 | 1 . . 
1 | 1 . . 
2 | . . . 
3 | . 2 2 

Boxes' corners:      (l,w)
    Box 1 is at 
        top left     (0,0)
        bottom right (1,0)

    Box 2 is at 
        top left     (3,1)
        bottom right (3,2)

    Roll length used: 4
--------------------
103)
  | W
L | 0 1 2 
----------
0 | . 1 . 
1 | . 1 . 
2 | 2 2 . 
3 | . . . 

Boxes' corners:      (l,w)
    Box 1 is at 
        top left     (0,1)
        bottom right (1,1)

    Box 2 is at 
        top left     (2,0)
        bottom right (2,1)

    Roll length used: 3
--------------------
104)
  | W
L | 0 1 2 
----------
0 | . 1 . 
1 | . 1 . 
2 | . 2 2 
3 | . . . 

Boxes' corners:      (l,w)
    Box 1 is at 
        top left     (0,1)
        bottom right (1,1)

    Box 2 is at 
        top left     (2,1)
        bottom right (2,2)

    Roll length used: 3
--------------------
105)
  | W
L | 0 1 2 
----------
0 | . 1 . 
1 | . 1 . 
2 | . . . 
3 | 2 2 . 

Boxes' corners:      (l,w)
    Box 1 is at 
        top left     (0,1)
        bottom right (1,1)

    Box 2 is at 
        top left     (3,0)
        bottom right (3,1)

    Roll length used: 4
--------------------
106)
  | W
L | 0 1 2 
----------
0 | . 1 . 
1 | . 1 . 
2 | . . . 
3 | . 2 2 

Boxes' corners:      (l,w)
    Box 1 is at 
        top left     (0,1)
        bottom right (1,1)

    Box 2 is at 
        top left     (3,1)
        bottom right (3,2)

    Roll length used: 4
--------------------
107)
  | W
L | 0 1 2 
----------
0 | 2 2 1 
1 | . . 1 
2 | . . . 
3 | . . . 

Boxes' corners:      (l,w)
    Box 1 is at 
        top left     (0,2)
        bottom right (1,2)

    Box 2 is at 
        top left     (0,0)
        bottom right (0,1)

    Roll length used: 2
--------------------
108)
  | W
L | 0 1 2 
----------
0 | . . 1 
1 | 2 2 1 
2 | . . . 
3 | . . . 

Boxes' corners:      (l,w)
    Box 1 is at 
        top left     (0,2)
        bottom right (1,2)

    Box 2 is at 
        top left     (1,0)
        bottom right (1,1)

    Roll length used: 2
--------------------
109)
  | W
L | 0 1 2 
----------
0 | . . 1 
1 | . . 1 
2 | 2 2 . 
3 | . . . 

Boxes' corners:      (l,w)
    Box 1 is at 
        top left     (0,2)
        bottom right (1,2)

    Box 2 is at 
        top left     (2,0)
        bottom right (2,1)

    Roll length used: 3
--------------------
110)
  | W
L | 0 1 2 
----------
0 | . . 1 
1 | . . 1 
2 | . 2 2 
3 | . . . 

Boxes' corners:      (l,w)
    Box 1 is at 
        top left     (0,2)
        bottom right (1,2)

    Box 2 is at 
        top left     (2,1)
        bottom right (2,2)

    Roll length used: 3
--------------------
111)
  | W
L | 0 1 2 
----------
0 | . . 1 
1 | . . 1 
2 | . . . 
3 | 2 2 . 

Boxes' corners:      (l,w)
    Box 1 is at 
        top left     (0,2)
        bottom right (1,2)

    Box 2 is at 
        top left     (3,0)
        bottom right (3,1)

    Roll length used: 4
--------------------
112)
  | W
L | 0 1 2 
----------
0 | . . 1 
1 | . . 1 
2 | . . . 
3 | . 2 2 

Boxes' corners:      (l,w)
    Box 1 is at 
        top left     (0,2)
        bottom right (1,2)

    Box 2 is at 
        top left     (3,1)
        bottom right (3,2)

    Roll length used: 4
--------------------
113)
  | W
L | 0 1 2 
----------
0 | 2 2 . 
1 | 1 . . 
2 | 1 . . 
3 | . . . 

Boxes' corners:      (l,w)
    Box 1 is at 
        top left     (1,0)
        bottom right (2,0)

    Box 2 is at 
        top left     (0,0)
        bottom right (0,1)

    Roll length used: 3
--------------------
114)
  | W
L | 0 1 2 
----------
0 | . 2 2 
1 | 1 . . 
2 | 1 . . 
3 | . . . 

Boxes' corners:      (l,w)
    Box 1 is at 
        top left     (1,0)
        bottom right (2,0)

    Box 2 is at 
        top left     (0,1)
        bottom right (0,2)

    Roll length used: 3
--------------------
115)
  | W
L | 0 1 2 
----------
0 | . . . 
1 | 1 2 2 
2 | 1 . . 
3 | . . . 

Boxes' corners:      (l,w)
    Box 1 is at 
        top left     (1,0)
        bottom right (2,0)

    Box 2 is at 
        top left     (1,1)
        bottom right (1,2)

    Roll length used: 3
--------------------
116)
  | W
L | 0 1 2 
----------
0 | . . . 
1 | 1 . . 
2 | 1 2 2 
3 | . . . 

Boxes' corners:      (l,w)
    Box 1 is at 
        top left     (1,0)
        bottom right (2,0)

    Box 2 is at 
        top left     (2,1)
        bottom right (2,2)

    Roll length used: 3
--------------------
117)
  | W
L | 0 1 2 
----------
0 | . . . 
1 | 1 . . 
2 | 1 . . 
3 | 2 2 . 

Boxes' corners:      (l,w)
    Box 1 is at 
        top left     (1,0)
        bottom right (2,0)

    Box 2 is at 
        top left     (3,0)
        bottom right (3,1)

    Roll length used: 4
--------------------
118)
  | W
L | 0 1 2 
----------
0 | . . . 
1 | 1 . . 
2 | 1 . . 
3 | . 2 2 

Boxes' corners:      (l,w)
    Box 1 is at 
        top left     (1,0)
        bottom right (2,0)

    Box 2 is at 
        top left     (3,1)
        bottom right (3,2)

    Roll length used: 4
--------------------
119)
  | W
L | 0 1 2 
----------
0 | 2 2 . 
1 | . 1 . 
2 | . 1 . 
3 | . . . 

Boxes' corners:      (l,w)
    Box 1 is at 
        top left     (1,1)
        bottom right (2,1)

    Box 2 is at 
        top left     (0,0)
        bottom right (0,1)

    Roll length used: 3
--------------------
120)
  | W
L | 0 1 2 
----------
0 | . 2 2 
1 | . 1 . 
2 | . 1 . 
3 | . . . 

Boxes' corners:      (l,w)
    Box 1 is at 
        top left     (1,1)
        bottom right (2,1)

    Box 2 is at 
        top left     (0,1)
        bottom right (0,2)

    Roll length used: 3
--------------------
121)
  | W
L | 0 1 2 
----------
0 | . . . 
1 | . 1 . 
2 | . 1 . 
3 | 2 2 . 

Boxes' corners:      (l,w)
    Box 1 is at 
        top left     (1,1)
        bottom right (2,1)

    Box 2 is at 
        top left     (3,0)
        bottom right (3,1)

    Roll length used: 4
--------------------
122)
  | W
L | 0 1 2 
----------
0 | . . . 
1 | . 1 . 
2 | . 1 . 
3 | . 2 2 

Boxes' corners:      (l,w)
    Box 1 is at 
        top left     (1,1)
        bottom right (2,1)

    Box 2 is at 
        top left     (3,1)
        bottom right (3,2)

    Roll length used: 4
--------------------
123)
  | W
L | 0 1 2 
----------
0 | 2 2 . 
1 | . . 1 
2 | . . 1 
3 | . . . 

Boxes' corners:      (l,w)
    Box 1 is at 
        top left     (1,2)
        bottom right (2,2)

    Box 2 is at 
        top left     (0,0)
        bottom right (0,1)

    Roll length used: 3
--------------------
124)
  | W
L | 0 1 2 
----------
0 | . 2 2 
1 | . . 1 
2 | . . 1 
3 | . . . 

Boxes' corners:      (l,w)
    Box 1 is at 
        top left     (1,2)
        bottom right (2,2)

    Box 2 is at 
        top left     (0,1)
        bottom right (0,2)

    Roll length used: 3
--------------------
125)
  | W
L | 0 1 2 
----------
0 | . . . 
1 | 2 2 1 
2 | . . 1 
3 | . . . 

Boxes' corners:      (l,w)
    Box 1 is at 
        top left     (1,2)
        bottom right (2,2)

    Box 2 is at 
        top left     (1,0)
        bottom right (1,1)

    Roll length used: 3
--------------------
126)
  | W
L | 0 1 2 
----------
0 | . . . 
1 | . . 1 
2 | 2 2 1 
3 | . . . 

Boxes' corners:      (l,w)
    Box 1 is at 
        top left     (1,2)
        bottom right (2,2)

    Box 2 is at 
        top left     (2,0)
        bottom right (2,1)

    Roll length used: 3
--------------------
127)
  | W
L | 0 1 2 
----------
0 | . . . 
1 | . . 1 
2 | . . 1 
3 | 2 2 . 

Boxes' corners:      (l,w)
    Box 1 is at 
        top left     (1,2)
        bottom right (2,2)

    Box 2 is at 
        top left     (3,0)
        bottom right (3,1)

    Roll length used: 4
--------------------
128)
  | W
L | 0 1 2 
----------
0 | . . . 
1 | . . 1 
2 | . . 1 
3 | . 2 2 

Boxes' corners:      (l,w)
    Box 1 is at 
        top left     (1,2)
        bottom right (2,2)

    Box 2 is at 
        top left     (3,1)
        bottom right (3,2)

    Roll length used: 4
--------------------
129)
  | W
L | 0 1 2 
----------
0 | 2 2 . 
1 | . . . 
2 | 1 . . 
3 | 1 . . 

Boxes' corners:      (l,w)
    Box 1 is at 
        top left     (2,0)
        bottom right (3,0)

    Box 2 is at 
        top left     (0,0)
        bottom right (0,1)

    Roll length used: 4
--------------------
130)
  | W
L | 0 1 2 
----------
0 | . 2 2 
1 | . . . 
2 | 1 . . 
3 | 1 . . 

Boxes' corners:      (l,w)
    Box 1 is at 
        top left     (2,0)
        bottom right (3,0)

    Box 2 is at 
        top left     (0,1)
        bottom right (0,2)

    Roll length used: 4
--------------------
131)
  | W
L | 0 1 2 
----------
0 | . . . 
1 | 2 2 . 
2 | 1 . . 
3 | 1 . . 

Boxes' corners:      (l,w)
    Box 1 is at 
        top left     (2,0)
        bottom right (3,0)

    Box 2 is at 
        top left     (1,0)
        bottom right (1,1)

    Roll length used: 4
--------------------
132)
  | W
L | 0 1 2 
----------
0 | . . . 
1 | . 2 2 
2 | 1 . . 
3 | 1 . . 

Boxes' corners:      (l,w)
    Box 1 is at 
        top left     (2,0)
        bottom right (3,0)

    Box 2 is at 
        top left     (1,1)
        bottom right (1,2)

    Roll length used: 4
--------------------
133)
  | W
L | 0 1 2 
----------
0 | . . . 
1 | . . . 
2 | 1 2 2 
3 | 1 . . 

Boxes' corners:      (l,w)
    Box 1 is at 
        top left     (2,0)
        bottom right (3,0)

    Box 2 is at 
        top left     (2,1)
        bottom right (2,2)

    Roll length used: 4
--------------------
134)
  | W
L | 0 1 2 
----------
0 | . . . 
1 | . . . 
2 | 1 . . 
3 | 1 2 2 

Boxes' corners:      (l,w)
    Box 1 is at 
        top left     (2,0)
        bottom right (3,0)

    Box 2 is at 
        top left     (3,1)
        bottom right (3,2)

    Roll length used: 4
--------------------
135)
  | W
L | 0 1 2 
----------
0 | 2 2 . 
1 | . . . 
2 | . 1 . 
3 | . 1 . 

Boxes' corners:      (l,w)
    Box 1 is at 
        top left     (2,1)
        bottom right (3,1)

    Box 2 is at 
        top left     (0,0)
        bottom right (0,1)

    Roll length used: 4
--------------------
136)
  | W
L | 0 1 2 
----------
0 | . 2 2 
1 | . . . 
2 | . 1 . 
3 | . 1 . 

Boxes' corners:      (l,w)
    Box 1 is at 
        top left     (2,1)
        bottom right (3,1)

    Box 2 is at 
        top left     (0,1)
        bottom right (0,2)

    Roll length used: 4
--------------------
137)
  | W
L | 0 1 2 
----------
0 | . . . 
1 | 2 2 . 
2 | . 1 . 
3 | . 1 . 

Boxes' corners:      (l,w)
    Box 1 is at 
        top left     (2,1)
        bottom right (3,1)

    Box 2 is at 
        top left     (1,0)
        bottom right (1,1)

    Roll length used: 4
--------------------
138)
  | W
L | 0 1 2 
----------
0 | . . . 
1 | . 2 2 
2 | . 1 . 
3 | . 1 . 

Boxes' corners:      (l,w)
    Box 1 is at 
        top left     (2,1)
        bottom right (3,1)

    Box 2 is at 
        top left     (1,1)
        bottom right (1,2)

    Roll length used: 4
--------------------
139)
  | W
L | 0 1 2 
----------
0 | 2 2 . 
1 | . . . 
2 | . . 1 
3 | . . 1 

Boxes' corners:      (l,w)
    Box 1 is at 
        top left     (2,2)
        bottom right (3,2)

    Box 2 is at 
        top left     (0,0)
        bottom right (0,1)

    Roll length used: 4
--------------------
140)
  | W
L | 0 1 2 
----------
0 | . 2 2 
1 | . . . 
2 | . . 1 
3 | . . 1 

Boxes' corners:      (l,w)
    Box 1 is at 
        top left     (2,2)
        bottom right (3,2)

    Box 2 is at 
        top left     (0,1)
        bottom right (0,2)

    Roll length used: 4
--------------------
141)
  | W
L | 0 1 2 
----------
0 | . . . 
1 | 2 2 . 
2 | . . 1 
3 | . . 1 

Boxes' corners:      (l,w)
    Box 1 is at 
        top left     (2,2)
        bottom right (3,2)

    Box 2 is at 
        top left     (1,0)
        bottom right (1,1)

    Roll length used: 4
--------------------
142)
  | W
L | 0 1 2 
----------
0 | . . . 
1 | . 2 2 
2 | . . 1 
3 | . . 1 

Boxes' corners:      (l,w)
    Box 1 is at 
        top left     (2,2)
        bottom right (3,2)

    Box 2 is at 
        top left     (1,1)
        bottom right (1,2)

    Roll length used: 4
--------------------
143)
  | W
L | 0 1 2 
----------
0 | . . . 
1 | . . . 
2 | 2 2 1 
3 | . . 1 

Boxes' corners:      (l,w)
    Box 1 is at 
        top left     (2,2)
        bottom right (3,2)

    Box 2 is at 
        top left     (2,0)
        bottom right (2,1)

    Roll length used: 4
--------------------
144)
  | W
L | 0 1 2 
----------
0 | . . . 
1 | . . . 
2 | . . 1 
3 | 2 2 1 

Boxes' corners:      (l,w)
    Box 1 is at 
        top left     (2,2)
        bottom right (3,2)

    Box 2 is at 
        top left     (3,0)
        bottom right (3,1)

    Roll length used: 4
--------------------
145)
  | W
L | 0 1 2 
----------
0 | 1 2 . 
1 | 1 2 . 
2 | . . . 
3 | . . . 

Boxes' corners:      (l,w)
    Box 1 is at 
        top left     (0,0)
        bottom right (1,0)

    Box 2 is at 
        top left     (0,1)
        bottom right (1,1)

    Roll length used: 2
--------------------
146)
  | W
L | 0 1 2 
----------
0 | 1 . 2 
1 | 1 . 2 
2 | . . . 
3 | . . . 

Boxes' corners:      (l,w)
    Box 1 is at 
        top left     (0,0)
        bottom right (1,0)

    Box 2 is at 
        top left     (0,2)
        bottom right (1,2)

    Roll length used: 2
--------------------
147)
  | W
L | 0 1 2 
----------
0 | 1 . . 
1 | 1 2 . 
2 | . 2 . 
3 | . . . 

Boxes' corners:      (l,w)
    Box 1 is at 
        top left     (0,0)
        bottom right (1,0)

    Box 2 is at 
        top left     (1,1)
        bottom right (2,1)

    Roll length used: 3
--------------------
148)
  | W
L | 0 1 2 
----------
0 | 1 . . 
1 | 1 . 2 
2 | . . 2 
3 | . . . 

Boxes' corners:      (l,w)
    Box 1 is at 
        top left     (0,0)
        bottom right (1,0)

    Box 2 is at 
        top left     (1,2)
        bottom right (2,2)

    Roll length used: 3
--------------------
149)
  | W
L | 0 1 2 
----------
0 | 1 . . 
1 | 1 . . 
2 | 2 . . 
3 | 2 . . 

Boxes' corners:      (l,w)
    Box 1 is at 
        top left     (0,0)
        bottom right (1,0)

    Box 2 is at 
        top left     (2,0)
        bottom right (3,0)

    Roll length used: 4
--------------------
150)
  | W
L | 0 1 2 
----------
0 | 1 . . 
1 | 1 . . 
2 | . 2 . 
3 | . 2 . 

Boxes' corners:      (l,w)
    Box 1 is at 
        top left     (0,0)
        bottom right (1,0)

    Box 2 is at 
        top left     (2,1)
        bottom right (3,1)

    Roll length used: 4
--------------------
151)
  | W
L | 0 1 2 
----------
0 | 1 . . 
1 | 1 . . 
2 | . . 2 
3 | . . 2 

Boxes' corners:      (l,w)
    Box 1 is at 
        top left     (0,0)
        bottom right (1,0)

    Box 2 is at 
        top left     (2,2)
        bottom right (3,2)

    Roll length used: 4
--------------------
152)
  | W
L | 0 1 2 
----------
0 | 2 1 . 
1 | 2 1 . 
2 | . . . 
3 | . . . 

Boxes' corners:      (l,w)
    Box 1 is at 
        top left     (0,1)
        bottom right (1,1)

    Box 2 is at 
        top left     (0,0)
        bottom right (1,0)

    Roll length used: 2
--------------------
153)
  | W
L | 0 1 2 
----------
0 | . 1 2 
1 | . 1 2 
2 | . . . 
3 | . . . 

Boxes' corners:      (l,w)
    Box 1 is at 
        top left     (0,1)
        bottom right (1,1)

    Box 2 is at 
        top left     (0,2)
        bottom right (1,2)

    Roll length used: 2
--------------------
154)
  | W
L | 0 1 2 
----------
0 | . 1 . 
1 | 2 1 . 
2 | 2 . . 
3 | . . . 

Boxes' corners:      (l,w)
    Box 1 is at 
        top left     (0,1)
        bottom right (1,1)

    Box 2 is at 
        top left     (1,0)
        bottom right (2,0)

    Roll length used: 3
--------------------
155)
  | W
L | 0 1 2 
----------
0 | . 1 . 
1 | . 1 2 
2 | . . 2 
3 | . . . 

Boxes' corners:      (l,w)
    Box 1 is at 
        top left     (0,1)
        bottom right (1,1)

    Box 2 is at 
        top left     (1,2)
        bottom right (2,2)

    Roll length used: 3
--------------------
156)
  | W
L | 0 1 2 
----------
0 | . 1 . 
1 | . 1 . 
2 | 2 . . 
3 | 2 . . 

Boxes' corners:      (l,w)
    Box 1 is at 
        top left     (0,1)
        bottom right (1,1)

    Box 2 is at 
        top left     (2,0)
        bottom right (3,0)

    Roll length used: 4
--------------------
157)
  | W
L | 0 1 2 
----------
0 | . 1 . 
1 | . 1 . 
2 | . 2 . 
3 | . 2 . 

Boxes' corners:      (l,w)
    Box 1 is at 
        top left     (0,1)
        bottom right (1,1)

    Box 2 is at 
        top left     (2,1)
        bottom right (3,1)

    Roll length used: 4
--------------------
158)
  | W
L | 0 1 2 
----------
0 | . 1 . 
1 | . 1 . 
2 | . . 2 
3 | . . 2 

Boxes' corners:      (l,w)
    Box 1 is at 
        top left     (0,1)
        bottom right (1,1)

    Box 2 is at 
        top left     (2,2)
        bottom right (3,2)

    Roll length used: 4
--------------------
159)
  | W
L | 0 1 2 
----------
0 | 2 . 1 
1 | 2 . 1 
2 | . . . 
3 | . . . 

Boxes' corners:      (l,w)
    Box 1 is at 
        top left     (0,2)
        bottom right (1,2)

    Box 2 is at 
        top left     (0,0)
        bottom right (1,0)

    Roll length used: 2
--------------------
160)
  | W
L | 0 1 2 
----------
0 | . 2 1 
1 | . 2 1 
2 | . . . 
3 | . . . 

Boxes' corners:      (l,w)
    Box 1 is at 
        top left     (0,2)
        bottom right (1,2)

    Box 2 is at 
        top left     (0,1)
        bottom right (1,1)

    Roll length used: 2
--------------------
161)
  | W
L | 0 1 2 
----------
0 | . . 1 
1 | 2 . 1 
2 | 2 . . 
3 | . . . 

Boxes' corners:      (l,w)
    Box 1 is at 
        top left     (0,2)
        bottom right (1,2)

    Box 2 is at 
        top left     (1,0)
        bottom right (2,0)

    Roll length used: 3
--------------------
162)
  | W
L | 0 1 2 
----------
0 | . . 1 
1 | . 2 1 
2 | . 2 . 
3 | . . . 

Boxes' corners:      (l,w)
    Box 1 is at 
        top left     (0,2)
        bottom right (1,2)

    Box 2 is at 
        top left     (1,1)
        bottom right (2,1)

    Roll length used: 3
--------------------
163)
  | W
L | 0 1 2 
----------
0 | . . 1 
1 | . . 1 
2 | 2 . . 
3 | 2 . . 

Boxes' corners:      (l,w)
    Box 1 is at 
        top left     (0,2)
        bottom right (1,2)

    Box 2 is at 
        top left     (2,0)
        bottom right (3,0)

    Roll length used: 4
--------------------
164)
  | W
L | 0 1 2 
----------
0 | . . 1 
1 | . . 1 
2 | . 2 . 
3 | . 2 . 

Boxes' corners:      (l,w)
    Box 1 is at 
        top left     (0,2)
        bottom right (1,2)

    Box 2 is at 
        top left     (2,1)
        bottom right (3,1)

    Roll length used: 4
--------------------
165)
  | W
L | 0 1 2 
----------
0 | . . 1 
1 | . . 1 
2 | . . 2 
3 | . . 2 

Boxes' corners:      (l,w)
    Box 1 is at 
        top left     (0,2)
        bottom right (1,2)

    Box 2 is at 
        top left     (2,2)
        bottom right (3,2)

    Roll length used: 4
--------------------
166)
  | W
L | 0 1 2 
----------
0 | . 2 . 
1 | 1 2 . 
2 | 1 . . 
3 | . . . 

Boxes' corners:      (l,w)
    Box 1 is at 
        top left     (1,0)
        bottom right (2,0)

    Box 2 is at 
        top left     (0,1)
        bottom right (1,1)

    Roll length used: 3
--------------------
167)
  | W
L | 0 1 2 
----------
0 | . . 2 
1 | 1 . 2 
2 | 1 . . 
3 | . . . 

Boxes' corners:      (l,w)
    Box 1 is at 
        top left     (1,0)
        bottom right (2,0)

    Box 2 is at 
        top left     (0,2)
        bottom right (1,2)

    Roll length used: 3
--------------------
168)
  | W
L | 0 1 2 
----------
0 | . . . 
1 | 1 2 . 
2 | 1 2 . 
3 | . . . 

Boxes' corners:      (l,w)
    Box 1 is at 
        top left     (1,0)
        bottom right (2,0)

    Box 2 is at 
        top left     (1,1)
        bottom right (2,1)

    Roll length used: 3
--------------------
169)
  | W
L | 0 1 2 
----------
0 | . . . 
1 | 1 . 2 
2 | 1 . 2 
3 | . . . 

Boxes' corners:      (l,w)
    Box 1 is at 
        top left     (1,0)
        bottom right (2,0)

    Box 2 is at 
        top left     (1,2)
        bottom right (2,2)

    Roll length used: 3
--------------------
170)
  | W
L | 0 1 2 
----------
0 | . . . 
1 | 1 . . 
2 | 1 2 . 
3 | . 2 . 

Boxes' corners:      (l,w)
    Box 1 is at 
        top left     (1,0)
        bottom right (2,0)

    Box 2 is at 
        top left     (2,1)
        bottom right (3,1)

    Roll length used: 4
--------------------
171)
  | W
L | 0 1 2 
----------
0 | . . . 
1 | 1 . . 
2 | 1 . 2 
3 | . . 2 

Boxes' corners:      (l,w)
    Box 1 is at 
        top left     (1,0)
        bottom right (2,0)

    Box 2 is at 
        top left     (2,2)
        bottom right (3,2)

    Roll length used: 4
--------------------
172)
  | W
L | 0 1 2 
----------
0 | 2 . . 
1 | 2 1 . 
2 | . 1 . 
3 | . . . 

Boxes' corners:      (l,w)
    Box 1 is at 
        top left     (1,1)
        bottom right (2,1)

    Box 2 is at 
        top left     (0,0)
        bottom right (1,0)

    Roll length used: 3
--------------------
173)
  | W
L | 0 1 2 
----------
0 | . . 2 
1 | . 1 2 
2 | . 1 . 
3 | . . . 

Boxes' corners:      (l,w)
    Box 1 is at 
        top left     (1,1)
        bottom right (2,1)

    Box 2 is at 
        top left     (0,2)
        bottom right (1,2)

    Roll length used: 3
--------------------
174)
  | W
L | 0 1 2 
----------
0 | . . . 
1 | 2 1 . 
2 | 2 1 . 
3 | . . . 

Boxes' corners:      (l,w)
    Box 1 is at 
        top left     (1,1)
        bottom right (2,1)

    Box 2 is at 
        top left     (1,0)
        bottom right (2,0)

    Roll length used: 3
--------------------
175)
  | W
L | 0 1 2 
----------
0 | . . . 
1 | . 1 2 
2 | . 1 2 
3 | . . . 

Boxes' corners:      (l,w)
    Box 1 is at 
        top left     (1,1)
        bottom right (2,1)

    Box 2 is at 
        top left     (1,2)
        bottom right (2,2)

    Roll length used: 3
--------------------
176)
  | W
L | 0 1 2 
----------
0 | . . . 
1 | . 1 . 
2 | 2 1 . 
3 | 2 . . 

Boxes' corners:      (l,w)
    Box 1 is at 
        top left     (1,1)
        bottom right (2,1)

    Box 2 is at 
        top left     (2,0)
        bottom right (3,0)

    Roll length used: 4
--------------------
177)
  | W
L | 0 1 2 
----------
0 | . . . 
1 | . 1 . 
2 | . 1 2 
3 | . . 2 

Boxes' corners:      (l,w)
    Box 1 is at 
        top left     (1,1)
        bottom right (2,1)

    Box 2 is at 
        top left     (2,2)
        bottom right (3,2)

    Roll length used: 4
--------------------
178)
  | W
L | 0 1 2 
----------
0 | 2 . . 
1 | 2 . 1 
2 | . . 1 
3 | . . . 

Boxes' corners:      (l,w)
    Box 1 is at 
        top left     (1,2)
        bottom right (2,2)

    Box 2 is at 
        top left     (0,0)
        bottom right (1,0)

    Roll length used: 3
--------------------
179)
  | W
L | 0 1 2 
----------
0 | . 2 . 
1 | . 2 1 
2 | . . 1 
3 | . . . 

Boxes' corners:      (l,w)
    Box 1 is at 
        top left     (1,2)
        bottom right (2,2)

    Box 2 is at 
        top left     (0,1)
        bottom right (1,1)

    Roll length used: 3
--------------------
180)
  | W
L | 0 1 2 
----------
0 | . . . 
1 | 2 . 1 
2 | 2 . 1 
3 | . . . 

Boxes' corners:      (l,w)
    Box 1 is at 
        top left     (1,2)
        bottom right (2,2)

    Box 2 is at 
        top left     (1,0)
        bottom right (2,0)

    Roll length used: 3
--------------------
181)
  | W
L | 0 1 2 
----------
0 | . . . 
1 | . 2 1 
2 | . 2 1 
3 | . . . 

Boxes' corners:      (l,w)
    Box 1 is at 
        top left     (1,2)
        bottom right (2,2)

    Box 2 is at 
        top left     (1,1)
        bottom right (2,1)

    Roll length used: 3
--------------------
182)
  | W
L | 0 1 2 
----------
0 | . . . 
1 | . . 1 
2 | 2 . 1 
3 | 2 . . 

Boxes' corners:      (l,w)
    Box 1 is at 
        top left     (1,2)
        bottom right (2,2)

    Box 2 is at 
        top left     (2,0)
        bottom right (3,0)

    Roll length used: 4
--------------------
183)
  | W
L | 0 1 2 
----------
0 | . . . 
1 | . . 1 
2 | . 2 1 
3 | . 2 . 

Boxes' corners:      (l,w)
    Box 1 is at 
        top left     (1,2)
        bottom right (2,2)

    Box 2 is at 
        top left     (2,1)
        bottom right (3,1)

    Roll length used: 4
--------------------
184)
  | W
L | 0 1 2 
----------
0 | 2 . . 
1 | 2 . . 
2 | 1 . . 
3 | 1 . . 

Boxes' corners:      (l,w)
    Box 1 is at 
        top left     (2,0)
        bottom right (3,0)

    Box 2 is at 
        top left     (0,0)
        bottom right (1,0)

    Roll length used: 4
--------------------
185)
  | W
L | 0 1 2 
----------
0 | . 2 . 
1 | . 2 . 
2 | 1 . . 
3 | 1 . . 

Boxes' corners:      (l,w)
    Box 1 is at 
        top left     (2,0)
        bottom right (3,0)

    Box 2 is at 
        top left     (0,1)
        bottom right (1,1)

    Roll length used: 4
--------------------
186)
  | W
L | 0 1 2 
----------
0 | . . 2 
1 | . . 2 
2 | 1 . . 
3 | 1 . . 

Boxes' corners:      (l,w)
    Box 1 is at 
        top left     (2,0)
        bottom right (3,0)

    Box 2 is at 
        top left     (0,2)
        bottom right (1,2)

    Roll length used: 4
--------------------
187)
  | W
L | 0 1 2 
----------
0 | . . . 
1 | . 2 . 
2 | 1 2 . 
3 | 1 . . 

Boxes' corners:      (l,w)
    Box 1 is at 
        top left     (2,0)
        bottom right (3,0)

    Box 2 is at 
        top left     (1,1)
        bottom right (2,1)

    Roll length used: 4
--------------------
188)
  | W
L | 0 1 2 
----------
0 | . . . 
1 | . . 2 
2 | 1 . 2 
3 | 1 . . 

Boxes' corners:      (l,w)
    Box 1 is at 
        top left     (2,0)
        bottom right (3,0)

    Box 2 is at 
        top left     (1,2)
        bottom right (2,2)

    Roll length used: 4
--------------------
189)
  | W
L | 0 1 2 
----------
0 | . . . 
1 | . . . 
2 | 1 2 . 
3 | 1 2 . 

Boxes' corners:      (l,w)
    Box 1 is at 
        top left     (2,0)
        bottom right (3,0)

    Box 2 is at 
        top left     (2,1)
        bottom right (3,1)

    Roll length used: 4
--------------------
190)
  | W
L | 0 1 2 
----------
0 | . . . 
1 | . . . 
2 | 1 . 2 
3 | 1 . 2 

Boxes' corners:      (l,w)
    Box 1 is at 
        top left     (2,0)
        bottom right (3,0)

    Box 2 is at 
        top left     (2,2)
        bottom right (3,2)

    Roll length used: 4
--------------------
191)
  | W
L | 0 1 2 
----------
0 | 2 . . 
1 | 2 . . 
2 | . 1 . 
3 | . 1 . 

Boxes' corners:      (l,w)
    Box 1 is at 
        top left     (2,1)
        bottom right (3,1)

    Box 2 is at 
        top left     (0,0)
        bottom right (1,0)

    Roll length used: 4
--------------------
192)
  | W
L | 0 1 2 
----------
0 | . 2 . 
1 | . 2 . 
2 | . 1 . 
3 | . 1 . 

Boxes' corners:      (l,w)
    Box 1 is at 
        top left     (2,1)
        bottom right (3,1)

    Box 2 is at 
        top left     (0,1)
        bottom right (1,1)

    Roll length used: 4
--------------------
193)
  | W
L | 0 1 2 
----------
0 | . . 2 
1 | . . 2 
2 | . 1 . 
3 | . 1 . 

Boxes' corners:      (l,w)
    Box 1 is at 
        top left     (2,1)
        bottom right (3,1)

    Box 2 is at 
        top left     (0,2)
        bottom right (1,2)

    Roll length used: 4
--------------------
194)
  | W
L | 0 1 2 
----------
0 | . . . 
1 | 2 . . 
2 | 2 1 . 
3 | . 1 . 

Boxes' corners:      (l,w)
    Box 1 is at 
        top left     (2,1)
        bottom right (3,1)

    Box 2 is at 
        top left     (1,0)
        bottom right (2,0)

    Roll length used: 4
--------------------
195)
  | W
L | 0 1 2 
----------
0 | . . . 
1 | . . 2 
2 | . 1 2 
3 | . 1 . 

Boxes' corners:      (l,w)
    Box 1 is at 
        top left     (2,1)
        bottom right (3,1)

    Box 2 is at 
        top left     (1,2)
        bottom right (2,2)

    Roll length used: 4
--------------------
196)
  | W
L | 0 1 2 
----------
0 | . . . 
1 | . . . 
2 | 2 1 . 
3 | 2 1 . 

Boxes' corners:      (l,w)
    Box 1 is at 
        top left     (2,1)
        bottom right (3,1)

    Box 2 is at 
        top left     (2,0)
        bottom right (3,0)

    Roll length used: 4
--------------------
197)
  | W
L | 0 1 2 
----------
0 | . . . 
1 | . . . 
2 | . 1 2 
3 | . 1 2 

Boxes' corners:      (l,w)
    Box 1 is at 
        top left     (2,1)
        bottom right (3,1)

    Box 2 is at 
        top left     (2,2)
        bottom right (3,2)

    Roll length used: 4
--------------------
198)
  | W
L | 0 1 2 
----------
0 | 2 . . 
1 | 2 . . 
2 | . . 1 
3 | . . 1 

Boxes' corners:      (l,w)
    Box 1 is at 
        top left     (2,2)
        bottom right (3,2)

    Box 2 is at 
        top left     (0,0)
        bottom right (1,0)

    Roll length used: 4
--------------------
199)
  | W
L | 0 1 2 
----------
0 | . 2 . 
1 | . 2 . 
2 | . . 1 
3 | . . 1 

Boxes' corners:      (l,w)
    Box 1 is at 
        top left     (2,2)
        bottom right (3,2)

    Box 2 is at 
        top left     (0,1)
        bottom right (1,1)

    Roll length used: 4
--------------------
200)
  | W
L | 0 1 2 
----------
0 | . . 2 
1 | . . 2 
2 | . . 1 
3 | . . 1 

Boxes' corners:      (l,w)
    Box 1 is at 
        top left     (2,2)
        bottom right (3,2)

    Box 2 is at 
        top left     (0,2)
        bottom right (1,2)

    Roll length used: 4
--------------------
201)
  | W
L | 0 1 2 
----------
0 | . . . 
1 | 2 . . 
2 | 2 . 1 
3 | . . 1 

Boxes' corners:      (l,w)
    Box 1 is at 
        top left     (2,2)
        bottom right (3,2)

    Box 2 is at 
        top left     (1,0)
        bottom right (2,0)

    Roll length used: 4
--------------------
202)
  | W
L | 0 1 2 
----------
0 | . . . 
1 | . 2 . 
2 | . 2 1 
3 | . . 1 

Boxes' corners:      (l,w)
    Box 1 is at 
        top left     (2,2)
        bottom right (3,2)

    Box 2 is at 
        top left     (1,1)
        bottom right (2,1)

    Roll length used: 4
--------------------
203)
  | W
L | 0 1 2 
----------
0 | . . . 
1 | . . . 
2 | 2 . 1 
3 | 2 . 1 

Boxes' corners:      (l,w)
    Box 1 is at 
        top left     (2,2)
        bottom right (3,2)

    Box 2 is at 
        top left     (2,0)
        bottom right (3,0)

    Roll length used: 4
--------------------
204)
  | W
L | 0 1 2 
----------
0 | . . . 
1 | . . . 
2 | . 2 1 
3 | . 2 1 

Boxes' corners:      (l,w)
    Box 1 is at 
        top left     (2,2)
        bottom right (3,2)

    Box 2 is at 
        top left     (2,1)
        bottom right (3,1)

    Roll length used: 4
--------------------
