Input data read:
    W=3
    sum lengths=   2
    sum max sides= 2
    box 1: 2 2

In 0.000223 seconds
--------------------
1)
  | W
L | 0 1 2 
----------
0 | 1 1 . 
1 | 1 1 . 

Boxes' corners:      (l,w)
    Box 1 is at 
        top left     (0,0)
        bottom right (1,1)

    Roll length used: 2
--------------------
2)
  | W
L | 0 1 2 
----------
0 | . 1 1 
1 | . 1 1 

Boxes' corners:      (l,w)
    Box 1 is at 
        top left     (0,1)
        bottom right (1,2)

    Roll length used: 2
--------------------
