Input data read:
    W=3
    sum lengths=   3
    sum max sides= 3
    box 1: 1 3

In 0.000452 seconds
--------------------
1)
  | W
L | 0 1 2 
----------
0 | 1 1 1 
1 | . . . 
2 | . . . 

Boxes' corners:      (l,w)
    Box 1 is at 
        top left     (0,0)
        bottom right (0,2)

    Roll length used: 1
--------------------
2)
  | W
L | 0 1 2 
----------
0 | . . . 
1 | 1 1 1 
2 | . . . 

Boxes' corners:      (l,w)
    Box 1 is at 
        top left     (1,0)
        bottom right (1,2)

    Roll length used: 2
--------------------
3)
  | W
L | 0 1 2 
----------
0 | . . . 
1 | . . . 
2 | 1 1 1 

Boxes' corners:      (l,w)
    Box 1 is at 
        top left     (2,0)
        bottom right (2,2)

    Roll length used: 3
--------------------
4)
  | W
L | 0 1 2 
----------
0 | 1 . . 
1 | 1 . . 
2 | 1 . . 

Boxes' corners:      (l,w)
    Box 1 is at 
        top left     (0,0)
        bottom right (2,0)

    Roll length used: 3
--------------------
5)
  | W
L | 0 1 2 
----------
0 | . 1 . 
1 | . 1 . 
2 | . 1 . 

Boxes' corners:      (l,w)
    Box 1 is at 
        top left     (0,1)
        bottom right (2,1)

    Roll length used: 3
--------------------
6)
  | W
L | 0 1 2 
----------
0 | . . 1 
1 | . . 1 
2 | . . 1 

Boxes' corners:      (l,w)
    Box 1 is at 
        top left     (0,2)
        bottom right (2,2)

    Roll length used: 3
--------------------
